AndroidPlatformFactory.RegisterBuildPlatforms: UnrealBuildTool.AndroidPlatformSDK has no valid SDK
IOSPlatformFactory.RegisterBuildPlatforms: UnrealBuildTool.IOSPlatformSDK has no valid SDK
LinuxPlatformFactory.RegisterBuildPlatforms: UnrealBuildTool.LinuxPlatformSDK has no valid SDK
WindowsPlatformFactory.RegisterBuildPlatforms: UnrealBuildTool.WindowsPlatformSDK using manually installed SDK
ProjectFileGenerator.GenerateProjectFiles: Discovering modules, targets and source code for project...
WindowsPlatform.FindVisualStudioInstallations: Found Visual Studio installation: C:\Program Files (x86)\Microsoft Visual Studio\2019\Community (Product=Microsoft.VisualStudio.Product.Community, Version=16.7.30503.244)
WindowsPlatform.FindVisualStudioToolChains: Found Visual Studio toolchain: C:\Program Files (x86)\Microsoft Visual Studio\2019\Community\VC\Tools\MSVC\14.27.29110 (Version=14.27.29111)
WindowsPlatform.UpdateCachedWindowsSdks: Found Windows 8.1 SDK at C:\Program Files (x86)\Windows Kits\8.1
UnrealBuildTool.Main: ERROR: Visual Studio 2019 requires the Universal CRT to be installed.
UnrealBuildTool.Main: BuildException: Visual Studio 2019 requires the Universal CRT to be installed.
UnrealBuildTool.Main:    위치: UnrealBuildTool.VCEnvironment.SetupEnvironment(UnrealTargetPlatform Platform) 파일 D:\Build\++UE4\Sync\Engine\Source\Programs\UnrealBuildTool\Platform\Windows\VCEnvironment.cs:줄 446
UnrealBuildTool.Main:    위치: UnrealBuildTool.VCEnvironment..ctor(UnrealTargetPlatform Platform, WindowsCompiler Compiler, DirectoryReference CompilerDir, VersionNumber CompilerVersion, WindowsArchitecture Architecture, WindowsCompiler ToolChain, DirectoryReference ToolChainDir, VersionNumber ToolChainVersion, DirectoryReference WindowsSdkDir, VersionNumber WindowsSdkVersion) 파일 D:\Build\++UE4\Sync\Engine\Source\Programs\UnrealBuildTool\Platform\Windows\VCEnvironment.cs:줄 136
UnrealBuildTool.Main:    위치: UnrealBuildTool.VCEnvironment.Create(WindowsCompiler Compiler, UnrealTargetPlatform Platform, WindowsArchitecture Architecture, String CompilerVersion, String WindowsSdkVersion, String SuppliedSdkDirectoryForVersion) 파일 D:\Build\++UE4\Sync\Engine\Source\Programs\UnrealBuildTool\Platform\Windows\VCEnvironment.cs:줄 541
UnrealBuildTool.Main:    위치: UnrealBuildTool.WindowsPlatform.CreateVCEnvironment(TargetRules Target) 파일 D:\Build\++UE4\Sync\Engine\Source\Programs\UnrealBuildTool\Platform\Windows\UEBuildWindows.cs:줄 770
UnrealBuildTool.Main:    위치: UnrealBuildTool.WindowsPlatform.ValidateTarget(TargetRules Target) 파일 D:\Build\++UE4\Sync\Engine\Source\Programs\UnrealBuildTool\Platform\Windows\UEBuildWindows.cs:줄 852
UnrealBuildTool.Main:    위치: UnrealBuildTool.RulesAssembly.CreateTargetRulesInstance(String TypeName, TargetInfo TargetInfo) 파일 D:\Build\++UE4\Sync\Engine\Source\Programs\UnrealBuildTool\System\RulesAssembly.cs:줄 599
UnrealBuildTool.Main:    위치: UnrealBuildTool.RulesAssembly.CreateTargetRules(String TargetName, UnrealTargetPlatform Platform, UnrealTargetConfiguration Configuration, String Architecture, FileReference ProjectFile, CommandLineArguments Arguments) 파일 D:\Build\++UE4\Sync\Engine\Source\Programs\UnrealBuildTool\System\RulesAssembly.cs:줄 659
UnrealBuildTool.Main:    위치: UnrealBuildTool.ProjectFileGenerator.AddProjectsForAllTargets(PlatformProjectGeneratorCollection PlatformProjectGenerators, List`1 AllGames, List`1 AllTargetFiles, String[] Arguments, ProjectFile& EngineProject, ProjectFile& EnterpriseProject, List`1& GameProjects, Dictionary`2& ProgramProjects) 파일 D:\Build\++UE4\Sync\Engine\Source\Programs\UnrealBuildTool\ProjectFiles\ProjectFileGenerator.cs:줄 2318
UnrealBuildTool.Main:    위치: UnrealBuildTool.ProjectFileGenerator.GenerateProjectFiles(PlatformProjectGeneratorCollection PlatformProjectGenerators, String[] Arguments) 파일 D:\Build\++UE4\Sync\Engine\Source\Programs\UnrealBuildTool\ProjectFiles\ProjectFileGenerator.cs:줄 753
UnrealBuildTool.Main:    위치: UnrealBuildTool.GenerateProjectFilesMode.Execute(CommandLineArguments Arguments) 파일 D:\Build\++UE4\Sync\Engine\Source\Programs\UnrealBuildTool\Modes\GenerateProjectFilesMode.cs:줄 204
UnrealBuildTool.Main:    위치: UnrealBuildTool.UnrealBuildTool.Main(String[] ArgumentsArray) 파일 D:\Build\++UE4\Sync\Engine\Source\Programs\UnrealBuildTool\UnrealBuildTool.cs:줄 550
Timeline.Print: Timeline:
Timeline.Print: 
Timeline.Print: [ 0.000]
Timeline.Print: [ 0.000](+0.041) <unknown>
Timeline.Print: [ 0.041](+0.136) XmlConfig.ReadConfigFiles()
Timeline.Print: [ 0.178](+0.000) SingleInstanceMutex.Acquire()
Timeline.Print: [ 0.178](+0.098) UEBuildPlatform.RegisterPlatforms()
Timeline.Print:   0.179          [ 0.000](+0.064) Initializing InstalledPlatformInfo
Timeline.Print:   0.244          [ 0.065](+0.000) Querying types
Timeline.Print:   0.245          [ 0.066](+0.001) MacPlatformFactory
Timeline.Print:   0.247          [ 0.068](+0.000) TVOSPlatformFactory
Timeline.Print:   0.247          [ 0.068](+0.016) AndroidPlatformFactory
Timeline.Print:   0.263          [ 0.085](+0.000) HoloLensPlatformFactory
Timeline.Print:   0.264          [ 0.085](+0.006) IOSPlatformFactory
Timeline.Print:   0.270          [ 0.091](+0.006) LinuxPlatformFactory
Timeline.Print:   0.276          [ 0.097](+0.000) LuminPlatformFactory
Timeline.Print:   0.276          [ 0.097](+0.000) WindowsPlatformFactory
Timeline.Print: [ 0.277](+0.911) <unknown>
Timeline.Print: [ 1.189](+0.003) Finding engine modules
Timeline.Print: [ 1.192](+0.005) Finding plugin modules
Timeline.Print: [ 1.197](+0.088) <unknown>
Timeline.Print: [ 1.286](+0.000) Finding program modules
Timeline.Print: [ 1.286](+0.000) Finding program targets
Timeline.Print: [ 1.286](+0.100) <unknown>
Timeline.Print: [ 1.386](+0.000) FileMetadataPrefetch.Stop()
Timeline.Print: [ 1.390]
