Log file open, 05/19/21 22:21:30
LogInit: Display: Running engine for game: WireHunter
LogPlatformFile: Not using cached read wrapper
LogTaskGraph: Started task graph with 5 named threads and 35 total threads with 3 sets of task threads.
LogStats: Stats thread started at 0.306972
LogD3D11RHI: Loaded GFSDK_Aftermath_Lib.x64.dll
LogICUInternationalization: ICU TimeZone Detection - Raw Offset: +9:00, Platform Override: ''
LogPluginManager: Mounting plugin Paper2D
LogPluginManager: Mounting plugin AISupport
LogPluginManager: Mounting plugin LightPropagationVolume
LogPluginManager: Mounting plugin CameraShakePreviewer
LogPluginManager: Mounting plugin ActorLayerUtilities
LogPluginManager: Mounting plugin AnimationSharing
LogPluginManager: Mounting plugin CLionSourceCodeAccess
LogPluginManager: Mounting plugin CodeLiteSourceCodeAccess
LogPluginManager: Mounting plugin GitSourceControl
LogPluginManager: Mounting plugin KDevelopSourceCodeAccess
LogPluginManager: Mounting plugin NullSourceCodeAccess
LogPluginManager: Mounting plugin PerforceSourceControl
LogPluginManager: Mounting plugin PlasticSourceControl
LogPluginManager: Mounting plugin RiderSourceCodeAccess
LogPluginManager: Mounting plugin SubversionSourceControl
LogPluginManager: Mounting plugin UObjectPlugin
LogPluginManager: Mounting plugin VisualStudioCodeSourceCodeAccess
LogPluginManager: Mounting plugin VisualStudioSourceCodeAccess
LogPluginManager: Mounting plugin XCodeSourceCodeAccess
LogPluginManager: Mounting plugin AssetManagerEditor
LogPluginManager: Mounting plugin BlueprintMaterialTextureNodes
LogPluginManager: Mounting plugin CryptoKeys
LogPluginManager: Mounting plugin CurveEditorTools
LogPluginManager: Mounting plugin DataValidation
LogPluginManager: Mounting plugin EditorScriptingUtilities
LogPluginManager: Mounting plugin FacialAnimation
LogPluginManager: Mounting plugin GameplayTagsEditor
LogPluginManager: Mounting plugin GeometryMode
LogPluginManager: Mounting plugin MacGraphicsSwitching
LogPluginManager: Mounting plugin MaterialAnalyzer
LogPluginManager: Mounting plugin MobileLauncherProfileWizard
LogPluginManager: Mounting plugin PluginBrowser
LogPluginManager: Mounting plugin SpeedTreeImporter
LogPluginManager: Mounting plugin DatasmithContent
LogPluginManager: Mounting plugin VariantManagerContent
LogPluginManager: Mounting plugin AlembicImporter
LogPluginManager: Mounting plugin AutomationUtils
LogPluginManager: Mounting plugin BackChannel
LogPluginManager: Mounting plugin ChaosCloth
LogPluginManager: Mounting plugin ChaosClothEditor
LogPluginManager: Mounting plugin ChaosEditor
LogPluginManager: Mounting plugin ChaosNiagara
LogPluginManager: Mounting plugin ChaosSolverPlugin
LogPluginManager: Mounting plugin CharacterAI
LogPluginManager: Mounting plugin GeometryCache
LogPluginManager: Mounting plugin GeometryCollectionPlugin
LogPluginManager: Mounting plugin GeometryProcessing
LogPluginManager: Mounting plugin PlanarCut
LogPluginManager: Mounting plugin PlatformCrypto
LogPluginManager: Mounting plugin ProxyLODPlugin
LogPluginManager: Mounting plugin SkeletalReduction
LogPluginManager: Mounting plugin Volumetrics
LogPluginManager: Mounting plugin Niagara
LogPluginManager: Mounting plugin MagicLeap
LogPluginManager: Mounting plugin MagicLeapLightEstimation
LogPluginManager: Mounting plugin MagicLeapMedia
LogPluginManager: Mounting plugin MagicLeapPassableWorld
LogPluginManager: Mounting plugin MLSDK
LogPluginManager: Mounting plugin AndroidMedia
LogPluginManager: Mounting plugin AvfMedia
LogPluginManager: Mounting plugin ImgMedia
LogPluginManager: Mounting plugin MediaCompositing
LogPluginManager: Mounting plugin MediaPlayerEditor
LogPluginManager: Mounting plugin WebMMedia
LogPluginManager: Mounting plugin WmfMedia
LogPluginManager: Mounting plugin MeshPainting
LogPluginManager: Mounting plugin TcpMessaging
LogPluginManager: Mounting plugin UdpMessaging
LogPluginManager: Mounting plugin ActorSequence
LogPluginManager: Mounting plugin LevelSequenceEditor
LogPluginManager: Mounting plugin MatineeToLevelSequence
LogPluginManager: Mounting plugin MovieRenderPipeline
LogPluginManager: Mounting plugin TemplateSequence
LogPluginManager: Mounting plugin NetcodeUnitTest
LogPluginManager: Mounting plugin NUTUnrealEngine4
LogPluginManager: Mounting plugin OnlineSubsystemGooglePlay
LogPluginManager: Mounting plugin OnlineSubsystemIOS
LogPluginManager: Mounting plugin OnlineSubsystem
LogPluginManager: Mounting plugin OnlineSubsystemNull
LogPluginManager: Mounting plugin OnlineSubsystemUtils
LogPluginManager: Mounting plugin LauncherChunkInstaller
LogPluginManager: Mounting plugin AndroidDeviceProfileSelector
LogPluginManager: Mounting plugin AndroidMoviePlayer
LogPluginManager: Mounting plugin AndroidPermission
LogPluginManager: Mounting plugin AppleImageUtils
LogPluginManager: Mounting plugin AppleMoviePlayer
LogPluginManager: Mounting plugin ArchVisCharacter
LogPluginManager: Mounting plugin AssetTags
LogPluginManager: Mounting plugin AudioCapture
LogPluginManager: Mounting plugin CableComponent
LogPluginManager: Mounting plugin CustomMeshComponent
LogPluginManager: Mounting plugin EditableMesh
LogPluginManager: Mounting plugin ExampleDeviceProfileSelector
LogPluginManager: Mounting plugin GoogleCloudMessaging
LogPluginManager: Mounting plugin GooglePAD
LogPluginManager: Mounting plugin IOSDeviceProfileSelector
LogPluginManager: Mounting plugin LinuxDeviceProfileSelector
LogPluginManager: Mounting plugin LocationServicesBPLibrary
LogPluginManager: Mounting plugin MobilePatchingUtils
LogPluginManager: Mounting plugin OculusVR
LogPluginManager: Mounting plugin PhysXVehicles
LogPluginManager: Mounting plugin PostSplashScreen
LogPluginManager: Mounting plugin ProceduralMeshComponent
LogPluginManager: Mounting plugin RuntimePhysXCooking
LogPluginManager: Mounting plugin SignificanceManager
LogPluginManager: Mounting plugin SoundFields
LogPluginManager: Mounting plugin SteamVR
LogPluginManager: Mounting plugin Synthesis
LogPluginManager: Mounting plugin WebMMoviePlayer
LogPluginManager: Mounting plugin WindowsMoviePlayer
LogPluginManager: Mounting plugin ScreenshotTools
LogInit: Using libcurl 7.55.1-DEV
LogInit:  - built for x86_64-pc-win32
LogInit:  - supports SSL with OpenSSL/1.1.1
LogInit:  - supports HTTP deflate (compression) using libz 1.2.8
LogInit:  - other features:
LogInit:      CURL_VERSION_SSL
LogInit:      CURL_VERSION_LIBZ
LogInit:      CURL_VERSION_IPV6
LogInit:      CURL_VERSION_ASYNCHDNS
LogInit:      CURL_VERSION_LARGEFILE
LogInit:      CURL_VERSION_IDN
LogInit:  CurlRequestOptions (configurable via config and command line):
LogInit:  - bVerifyPeer = true  - Libcurl will verify peer certificate
LogInit:  - bUseHttpProxy = false  - Libcurl will NOT use HTTP proxy
LogInit:  - bDontReuseConnections = false  - Libcurl will reuse connections
LogInit:  - MaxHostConnections = 16  - Libcurl will limit the number of connections to a host
LogInit:  - LocalHostAddr = Default
LogInit:  - BufferSize = 65536
LogOnline: OSS: Creating online subsystem instance for: NULL
LogInit: WinSock: version 1.1 (2.2), MaxSocks=32767, MaxUdp=65467
LogOnline: OSS: TryLoadSubsystemAndSetDefault: Loaded subsystem for module [NULL]
LogInit: Build: ++UE4+Release-4.25-CL-14469661
LogInit: Engine Version: 4.25.4-14469661+++UE4+Release-4.25
LogInit: Compatible Engine Version: 4.25.0-13144385+++UE4+Release-4.25
LogInit: Net CL: 13144385
LogInit: OS: Windows 10 (Release 2004) (), CPU: AMD Ryzen 5 2600X Six-Core Processor           , GPU: NVIDIA GeForce GTX 1060 6GB
LogInit: Compiled (64-bit): Oct 11 2020 08:10:49
LogInit: Compiled with Visual C++: 19.24.28315.00
LogInit: Build Configuration: Development
LogInit: Branch Name: ++UE4+Release-4.25
LogInit: Command Line: 
LogInit: Base Directory: C:/Program Files/Epic Games/UE_4.25/Engine/Binaries/Win64/
LogInit: Allocator: TBB
LogInit: Installed Engine Build: 1
LogDevObjectVersion: Number of dev versions registered: 26
LogDevObjectVersion:   Dev-Blueprints (B0D832E4-1F89-4F0D-ACCF-7EB736FD4AA2): 10
LogDevObjectVersion:   Dev-Build (E1C64328-A22C-4D53-A36C-8E866417BD8C): 0
LogDevObjectVersion:   Dev-Core (375EC13C-06E4-48FB-B500-84F0262A717E): 4
LogDevObjectVersion:   Dev-Editor (E4B068ED-F494-42E9-A231-DA0B2E46BB41): 38
LogDevObjectVersion:   Dev-Framework (CFFC743F-43B0-4480-9391-14DF171D2073): 37
LogDevObjectVersion:   Dev-Mobile (B02B49B5-BB20-44E9-A304-32B752E40360): 2
LogDevObjectVersion:   Dev-Networking (A4E4105C-59A1-49B5-A7C5-40C4547EDFEE): 0
LogDevObjectVersion:   Dev-Online (39C831C9-5AE6-47DC-9A44-9C173E1C8E7C): 0
LogDevObjectVersion:   Dev-Physics (78F01B33-EBEA-4F98-B9B4-84EACCB95AA2): 4
LogDevObjectVersion:   Dev-Platform (6631380F-2D4D-43E0-8009-CF276956A95A): 0
LogDevObjectVersion:   Dev-Rendering (12F88B9F-8875-4AFC-A67C-D90C383ABD29): 43
LogDevObjectVersion:   Dev-Sequencer (7B5AE74C-D270-4C10-A958-57980B212A5A): 12
LogDevObjectVersion:   Dev-VR (D7296918-1DD6-4BDD-9DE2-64A83CC13884): 3
LogDevObjectVersion:   Dev-LoadTimes (C2A15278-BFE7-4AFE-6C17-90FF531DF755): 1
LogDevObjectVersion:   Private-Geometry (6EACA3D4-40EC-4CC1-B786-8BED09428FC5): 3
LogDevObjectVersion:   Dev-AnimPhys (29E575DD-E0A3-4627-9D10-D276232CDCEA): 17
LogDevObjectVersion:   Dev-Anim (AF43A65D-7FD3-4947-9873-3E8ED9C1BB05): 7
LogDevObjectVersion:   Dev-ReflectionCapture (6B266CEC-1EC7-4B8F-A30B-E4D90942FC07): 1
LogDevObjectVersion:   Dev-Automation (0DF73D61-A23F-47EA-B727-89E90C41499A): 1
LogDevObjectVersion:   FortniteMain (601D1886-AC64-4F84-AA16-D3DE0DEAC7D6): 31
LogDevObjectVersion:   Dev-Enterprise (9DFFBCD6-494F-0158-E221-12823C92A888): 10
LogDevObjectVersion:   Dev-Niagara (F2AED0AC-9AFE-416F-8664-AA7FFA26D6FC): 1
LogDevObjectVersion:   Dev-Destruction (174F1F0B-B4C6-45A5-B13F-2EE8D0FB917D): 10
LogDevObjectVersion:   Dev-Physics-Ext (35F94A83-E258-406C-A318-09F59610247C): 37
LogDevObjectVersion:   Dev-PhysicsMaterial-Chaos (B68FC16E-8B1B-42E2-B453-215C058844FE): 1
LogDevObjectVersion:   Dev-CineCamera (B2E18506-4273-CFC2-A54E-F4BB758BBA07): 1
LogInit: Presizing for max 25165824 objects, including 0 objects not considered by GC, pre-allocating 0 bytes for permanent pool.
LogConfig: Applying CVar settings from Section [/Script/Engine.StreamingSettings] File [C:/Wire-Hunter/work/choi/WireHunter/Saved/Config/Windows/Engine.ini]
LogConfig: Setting CVar [[s.MinBulkDataSizeForAsyncLoading:131072]]
LogConfig: Setting CVar [[s.AsyncLoadingThreadEnabled:0]]
LogConfig: Setting CVar [[s.EventDrivenLoaderEnabled:1]]
LogConfig: Setting CVar [[s.WarnIfTimeLimitExceeded:0]]
LogConfig: Setting CVar [[s.TimeLimitExceededMultiplier:1.5]]
LogConfig: Setting CVar [[s.TimeLimitExceededMinTime:0.005]]
LogConfig: Setting CVar [[s.UseBackgroundLevelStreaming:1]]
LogConfig: Setting CVar [[s.PriorityAsyncLoadingExtraTime:15.0]]
LogConfig: Setting CVar [[s.LevelStreamingActorsUpdateTimeLimit:5.0]]
LogConfig: Setting CVar [[s.PriorityLevelStreamingActorsUpdateExtraTime:5.0]]
LogConfig: Setting CVar [[s.LevelStreamingComponentsRegistrationGranularity:10]]
LogConfig: Setting CVar [[s.UnregisterComponentsTimeLimit:1.0]]
LogConfig: Setting CVar [[s.LevelStreamingComponentsUnregistrationGranularity:5]]
LogConfig: Setting CVar [[s.FlushStreamingOnExit:1]]
LogInit: Object subsystem initialized
LogConfig: Setting CVar [[con.DebugEarlyDefault:1]]
LogConfig: Setting CVar [[r.setres:1280x720]]
[2021.05.19-13.21.31:103][  0]LogConfig: Setting CVar [[r.VSync:0]]
[2021.05.19-13.21.31:103][  0]LogConfig: Setting CVar [[r.RHICmdBypass:0]]
[2021.05.19-13.21.31:103][  0]LogConfig: Applying CVar settings from Section [/Script/Engine.RendererSettings] File [C:/Wire-Hunter/work/choi/WireHunter/Saved/Config/Windows/Engine.ini]
[2021.05.19-13.21.31:103][  0]LogConfig: Setting CVar [[r.GPUCrashDebugging:0]]
[2021.05.19-13.21.31:103][  0]LogConfig: Applying CVar settings from Section [/Script/Engine.RendererOverrideSettings] File [C:/Wire-Hunter/work/choi/WireHunter/Saved/Config/Windows/Engine.ini]
[2021.05.19-13.21.31:103][  0]LogConfig: Applying CVar settings from Section [/Script/Engine.StreamingSettings] File [C:/Wire-Hunter/work/choi/WireHunter/Saved/Config/Windows/Engine.ini]
[2021.05.19-13.21.31:103][  0]LogConfig: Setting CVar [[s.MinBulkDataSizeForAsyncLoading:131072]]
[2021.05.19-13.21.31:103][  0]LogConfig: Setting CVar [[s.AsyncLoadingThreadEnabled:0]]
[2021.05.19-13.21.31:103][  0]LogConfig: Setting CVar [[s.EventDrivenLoaderEnabled:1]]
[2021.05.19-13.21.31:103][  0]LogConfig: Setting CVar [[s.WarnIfTimeLimitExceeded:0]]
[2021.05.19-13.21.31:103][  0]LogConfig: Setting CVar [[s.TimeLimitExceededMultiplier:1.5]]
[2021.05.19-13.21.31:103][  0]LogConfig: Setting CVar [[s.TimeLimitExceededMinTime:0.005]]
[2021.05.19-13.21.31:103][  0]LogConfig: Setting CVar [[s.UseBackgroundLevelStreaming:1]]
[2021.05.19-13.21.31:103][  0]LogConfig: Setting CVar [[s.PriorityAsyncLoadingExtraTime:15.0]]
[2021.05.19-13.21.31:103][  0]LogConfig: Setting CVar [[s.LevelStreamingActorsUpdateTimeLimit:5.0]]
[2021.05.19-13.21.31:103][  0]LogConfig: Setting CVar [[s.PriorityLevelStreamingActorsUpdateExtraTime:5.0]]
[2021.05.19-13.21.31:103][  0]LogConfig: Setting CVar [[s.LevelStreamingComponentsRegistrationGranularity:10]]
[2021.05.19-13.21.31:103][  0]LogConfig: Setting CVar [[s.UnregisterComponentsTimeLimit:1.0]]
[2021.05.19-13.21.31:103][  0]LogConfig: Setting CVar [[s.LevelStreamingComponentsUnregistrationGranularity:5]]
[2021.05.19-13.21.31:103][  0]LogConfig: Setting CVar [[s.FlushStreamingOnExit:1]]
[2021.05.19-13.21.31:103][  0]LogConfig: Applying CVar settings from Section [/Script/Engine.GarbageCollectionSettings] File [C:/Wire-Hunter/work/choi/WireHunter/Saved/Config/Windows/Engine.ini]
[2021.05.19-13.21.31:103][  0]LogConfig: Setting CVar [[gc.MaxObjectsNotConsideredByGC:1]]
[2021.05.19-13.21.31:103][  0]LogConfig: Setting CVar [[gc.SizeOfPermanentObjectPool:0]]
[2021.05.19-13.21.31:103][  0]LogConfig: Setting CVar [[gc.FlushStreamingOnGC:0]]
[2021.05.19-13.21.31:103][  0]LogConfig: Setting CVar [[gc.NumRetriesBeforeForcingGC:10]]
[2021.05.19-13.21.31:103][  0]LogConfig: Setting CVar [[gc.AllowParallelGC:1]]
[2021.05.19-13.21.31:103][  0]LogConfig: Setting CVar [[gc.TimeBetweenPurgingPendingKillObjects:61.1]]
[2021.05.19-13.21.31:103][  0]LogConfig: Setting CVar [[gc.MaxObjectsInEditor:25165824]]
[2021.05.19-13.21.31:103][  0]LogConfig: Setting CVar [[gc.IncrementalBeginDestroyEnabled:1]]
[2021.05.19-13.21.31:103][  0]LogConfig: Setting CVar [[gc.CreateGCClusters:1]]
[2021.05.19-13.21.31:103][  0]LogConfig: Setting CVar [[gc.MinGCClusterSize:5]]
[2021.05.19-13.21.31:103][  0]LogConfig: Setting CVar [[gc.ActorClusteringEnabled:0]]
[2021.05.19-13.21.31:104][  0]LogConfig: Setting CVar [[gc.BlueprintClusteringEnabled:0]]
[2021.05.19-13.21.31:104][  0]LogConfig: Setting CVar [[gc.UseDisregardForGCOnDedicatedServers:0]]
[2021.05.19-13.21.31:104][  0]LogConfig: Applying CVar settings from Section [/Script/Engine.NetworkSettings] File [C:/Wire-Hunter/work/choi/WireHunter/Saved/Config/Windows/Engine.ini]
[2021.05.19-13.21.31:104][  0]LogConfig: Applying CVar settings from Section [/Script/UnrealEd.CookerSettings] File [C:/Wire-Hunter/work/choi/WireHunter/Saved/Config/Windows/Engine.ini]
[2021.05.19-13.21.31:109][  0]LogConfig: Applying CVar settings from Section [ViewDistanceQuality@3] File [C:/Wire-Hunter/work/choi/WireHunter/Saved/Config/Windows/Scalability.ini]
[2021.05.19-13.21.31:109][  0]LogConfig: Setting CVar [[r.SkeletalMeshLODBias:0]]
[2021.05.19-13.21.31:109][  0]LogConfig: Setting CVar [[r.ViewDistanceScale:1.0]]
[2021.05.19-13.21.31:109][  0]LogConfig: Applying CVar settings from Section [AntiAliasingQuality@3] File [C:/Wire-Hunter/work/choi/WireHunter/Saved/Config/Windows/Scalability.ini]
[2021.05.19-13.21.31:109][  0]LogConfig: Setting CVar [[r.PostProcessAAQuality:4]]
[2021.05.19-13.21.31:109][  0]LogConfig: Applying CVar settings from Section [ShadowQuality@3] File [C:/Wire-Hunter/work/choi/WireHunter/Saved/Config/Windows/Scalability.ini]
[2021.05.19-13.21.31:109][  0]LogConfig: Setting CVar [[r.LightFunctionQuality:1]]
[2021.05.19-13.21.31:109][  0]LogConfig: Setting CVar [[r.ShadowQuality:5]]
[2021.05.19-13.21.31:109][  0]LogConfig: Setting CVar [[r.Shadow.CSM.MaxCascades:10]]
[2021.05.19-13.21.31:109][  0]LogConfig: Setting CVar [[r.Shadow.MaxResolution:2048]]
[2021.05.19-13.21.31:109][  0]LogConfig: Setting CVar [[r.Shadow.MaxCSMResolution:2048]]
[2021.05.19-13.21.31:109][  0]LogConfig: Setting CVar [[r.Shadow.RadiusThreshold:0.01]]
[2021.05.19-13.21.31:109][  0]LogConfig: Setting CVar [[r.Shadow.DistanceScale:1.0]]
[2021.05.19-13.21.31:109][  0]LogConfig: Setting CVar [[r.Shadow.CSM.TransitionScale:1.0]]
[2021.05.19-13.21.31:109][  0]LogConfig: Setting CVar [[r.Shadow.PreShadowResolutionFactor:1.0]]
[2021.05.19-13.21.31:109][  0]LogConfig: Setting CVar [[r.DistanceFieldShadowing:1]]
[2021.05.19-13.21.31:109][  0]LogConfig: Setting CVar [[r.DistanceFieldAO:1]]
[2021.05.19-13.21.31:109][  0]LogConfig: Setting CVar [[r.AOQuality:2]]
[2021.05.19-13.21.31:109][  0]LogConfig: Setting CVar [[r.VolumetricFog:1]]
[2021.05.19-13.21.31:109][  0]LogConfig: Setting CVar [[r.VolumetricFog.GridPixelSize:8]]
[2021.05.19-13.21.31:109][  0]LogConfig: Setting CVar [[r.VolumetricFog.GridSizeZ:128]]
[2021.05.19-13.21.31:109][  0]LogConfig: Setting CVar [[r.VolumetricFog.HistoryMissSupersampleCount:4]]
[2021.05.19-13.21.31:109][  0]LogConfig: Setting CVar [[r.LightMaxDrawDistanceScale:1]]
[2021.05.19-13.21.31:109][  0]LogConfig: Setting CVar [[r.CapsuleShadows:1]]
[2021.05.19-13.21.31:109][  0]LogConfig: Applying CVar settings from Section [PostProcessQuality@3] File [C:/Wire-Hunter/work/choi/WireHunter/Saved/Config/Windows/Scalability.ini]
[2021.05.19-13.21.31:109][  0]LogConfig: Setting CVar [[r.MotionBlurQuality:4]]
[2021.05.19-13.21.31:109][  0]LogConfig: Setting CVar [[r.AmbientOcclusionMipLevelFactor:0.4]]
[2021.05.19-13.21.31:109][  0]LogConfig: Setting CVar [[r.AmbientOcclusionMaxQuality:100]]
[2021.05.19-13.21.31:109][  0]LogConfig: Setting CVar [[r.AmbientOcclusionLevels:-1]]
[2021.05.19-13.21.31:109][  0]LogConfig: Setting CVar [[r.AmbientOcclusionRadiusScale:1.0]]
[2021.05.19-13.21.31:109][  0]LogConfig: Setting CVar [[r.DepthOfFieldQuality:2]]
[2021.05.19-13.21.31:109][  0]LogConfig: Setting CVar [[r.RenderTargetPoolMin:400]]
[2021.05.19-13.21.31:109][  0]LogConfig: Setting CVar [[r.LensFlareQuality:2]]
[2021.05.19-13.21.31:109][  0]LogConfig: Setting CVar [[r.SceneColorFringeQuality:1]]
[2021.05.19-13.21.31:109][  0]LogConfig: Setting CVar [[r.EyeAdaptationQuality:2]]
[2021.05.19-13.21.31:109][  0]LogConfig: Setting CVar [[r.BloomQuality:5]]
[2021.05.19-13.21.31:109][  0]LogConfig: Setting CVar [[r.FastBlurThreshold:100]]
[2021.05.19-13.21.31:109][  0]LogConfig: Setting CVar [[r.Upscale.Quality:3]]
[2021.05.19-13.21.31:109][  0]LogConfig: Setting CVar [[r.Tonemapper.GrainQuantization:1]]
[2021.05.19-13.21.31:109][  0]LogConfig: Setting CVar [[r.LightShaftQuality:1]]
[2021.05.19-13.21.31:109][  0]LogConfig: Setting CVar [[r.Filter.SizeScale:1]]
[2021.05.19-13.21.31:109][  0]LogConfig: Setting CVar [[r.Tonemapper.Quality:5]]
[2021.05.19-13.21.31:109][  0]LogConfig: Setting CVar [[r.DOF.Gather.AccumulatorQuality:1        ; higher gathering accumulator quality]]
[2021.05.19-13.21.31:109][  0]LogConfig: Setting CVar [[r.DOF.Gather.PostfilterMethod:1          ; Median3x3 postfilering method]]
[2021.05.19-13.21.31:109][  0]LogConfig: Setting CVar [[r.DOF.Gather.EnableBokehSettings:0       ; no bokeh simulation when gathering]]
[2021.05.19-13.21.31:109][  0]LogConfig: Setting CVar [[r.DOF.Gather.RingCount:4                 ; medium number of samples when gathering]]
[2021.05.19-13.21.31:109][  0]LogConfig: Setting CVar [[r.DOF.Scatter.ForegroundCompositing:1    ; additive foreground scattering]]
[2021.05.19-13.21.31:109][  0]LogConfig: Setting CVar [[r.DOF.Scatter.BackgroundCompositing:2    ; additive background scattering]]
[2021.05.19-13.21.31:109][  0]LogConfig: Setting CVar [[r.DOF.Scatter.EnableBokehSettings:1      ; bokeh simulation when scattering]]
[2021.05.19-13.21.31:109][  0]LogConfig: Setting CVar [[r.DOF.Scatter.MaxSpriteRatio:0.1         ; only a maximum of 10% of scattered bokeh]]
[2021.05.19-13.21.31:109][  0]LogConfig: Setting CVar [[r.DOF.Recombine.Quality:1                ; cheap slight out of focus]]
[2021.05.19-13.21.31:109][  0]LogConfig: Setting CVar [[r.DOF.Recombine.EnableBokehSettings:0    ; no bokeh simulation on slight out of focus]]
[2021.05.19-13.21.31:109][  0]LogConfig: Setting CVar [[r.DOF.TemporalAAQuality:1                ; more stable temporal accumulation]]
[2021.05.19-13.21.31:109][  0]LogConfig: Setting CVar [[r.DOF.Kernel.MaxForegroundRadius:0.025]]
[2021.05.19-13.21.31:109][  0]LogConfig: Setting CVar [[r.DOF.Kernel.MaxBackgroundRadius:0.025]]
[2021.05.19-13.21.31:109][  0]LogConfig: Applying CVar settings from Section [TextureQuality@3] File [C:/Wire-Hunter/work/choi/WireHunter/Saved/Config/Windows/Scalability.ini]
[2021.05.19-13.21.31:109][  0]LogConfig: Setting CVar [[r.Streaming.MipBias:0]]
[2021.05.19-13.21.31:109][  0]LogConfig: Setting CVar [[r.Streaming.AmortizeCPUToGPUCopy:0]]
[2021.05.19-13.21.31:109][  0]LogConfig: Setting CVar [[r.Streaming.MaxNumTexturesToStreamPerFrame:0]]
[2021.05.19-13.21.31:109][  0]LogConfig: Setting CVar [[r.Streaming.Boost:1]]
[2021.05.19-13.21.31:109][  0]LogConfig: Setting CVar [[r.MaxAnisotropy:8]]
[2021.05.19-13.21.31:109][  0]LogConfig: Setting CVar [[r.VT.MaxAnisotropy:8]]
[2021.05.19-13.21.31:109][  0]LogConfig: Setting CVar [[r.Streaming.LimitPoolSizeToVRAM:0]]
[2021.05.19-13.21.31:109][  0]LogConfig: Setting CVar [[r.Streaming.PoolSize:1000]]
[2021.05.19-13.21.31:109][  0]LogConfig: Setting CVar [[r.Streaming.MaxEffectiveScreenSize:0]]
[2021.05.19-13.21.31:109][  0]LogConfig: Applying CVar settings from Section [EffectsQuality@3] File [C:/Wire-Hunter/work/choi/WireHunter/Saved/Config/Windows/Scalability.ini]
[2021.05.19-13.21.31:109][  0]LogConfig: Setting CVar [[r.TranslucencyLightingVolumeDim:64]]
[2021.05.19-13.21.31:109][  0]LogConfig: Setting CVar [[r.RefractionQuality:2]]
[2021.05.19-13.21.31:109][  0]LogConfig: Setting CVar [[r.SSR.Quality:3]]
[2021.05.19-13.21.31:109][  0]LogConfig: Setting CVar [[r.SSR.HalfResSceneColor:0]]
[2021.05.19-13.21.31:109][  0]LogConfig: Setting CVar [[r.SceneColorFormat:4]]
[2021.05.19-13.21.31:110][  0]LogConfig: Setting CVar [[r.DetailMode:2]]
[2021.05.19-13.21.31:110][  0]LogConfig: Setting CVar [[r.TranslucencyVolumeBlur:1]]
[2021.05.19-13.21.31:110][  0]LogConfig: Setting CVar [[r.MaterialQualityLevel:1 ; High quality]]
[2021.05.19-13.21.31:110][  0]LogConfig: Setting CVar [[r.SSS.Scale:1]]
[2021.05.19-13.21.31:110][  0]LogConfig: Setting CVar [[r.SSS.SampleSet:2]]
[2021.05.19-13.21.31:110][  0]LogConfig: Setting CVar [[r.SSS.Quality:1]]
[2021.05.19-13.21.31:110][  0]LogConfig: Setting CVar [[r.SSS.HalfRes:0]]
[2021.05.19-13.21.31:110][  0]LogConfig: Setting CVar [[r.SSGI.Quality:3]]
[2021.05.19-13.21.31:110][  0]LogConfig: Setting CVar [[r.EmitterSpawnRateScale:1.0]]
[2021.05.19-13.21.31:110][  0]LogConfig: Setting CVar [[r.ParticleLightQuality:2]]
[2021.05.19-13.21.31:110][  0]LogConfig: Setting CVar [[r.SkyAtmosphere.AerialPerspectiveLUT.FastApplyOnOpaque:1 ; Always have FastSkyLUT 1 in this case to avoid wrong sky]]
[2021.05.19-13.21.31:110][  0]LogConfig: Setting CVar [[r.SkyAtmosphere.AerialPerspectiveLUT.SampleCountPerSlice:1]]
[2021.05.19-13.21.31:110][  0]LogConfig: Setting CVar [[r.SkyAtmosphere.AerialPerspectiveLUT.DepthResolution:16.0]]
[2021.05.19-13.21.31:110][  0]LogConfig: Setting CVar [[r.SkyAtmosphere.FastSkyLUT:1]]
[2021.05.19-13.21.31:110][  0]LogConfig: Setting CVar [[r.SkyAtmosphere.FastSkyLUT.SampleCountMin:4.0]]
[2021.05.19-13.21.31:110][  0]LogConfig: Setting CVar [[r.SkyAtmosphere.FastSkyLUT.SampleCountMax:32.0]]
[2021.05.19-13.21.31:110][  0]LogConfig: Setting CVar [[r.SkyAtmosphere.SampleCountMin:4.0]]
[2021.05.19-13.21.31:110][  0]LogConfig: Setting CVar [[r.SkyAtmosphere.SampleCountMax:32.0]]
[2021.05.19-13.21.31:110][  0]LogConfig: Setting CVar [[r.SkyAtmosphere.TransmittanceLUT.UseSmallFormat:0]]
[2021.05.19-13.21.31:110][  0]LogConfig: Setting CVar [[r.SkyAtmosphere.TransmittanceLUT.SampleCount:10.0]]
[2021.05.19-13.21.31:110][  0]LogConfig: Setting CVar [[r.SkyAtmosphere.MultiScatteringLUT.SampleCount:15.0]]
[2021.05.19-13.21.31:110][  0]LogConfig: Applying CVar settings from Section [FoliageQuality@3] File [C:/Wire-Hunter/work/choi/WireHunter/Saved/Config/Windows/Scalability.ini]
[2021.05.19-13.21.31:110][  0]LogConfig: Setting CVar [[foliage.DensityScale:1.0]]
[2021.05.19-13.21.31:110][  0]LogConfig: Setting CVar [[grass.DensityScale:1.0]]
[2021.05.19-13.21.31:110][  0]LogConfig: Applying CVar settings from Section [ShadingQuality@3] File [C:/Wire-Hunter/work/choi/WireHunter/Saved/Config/Windows/Scalability.ini]
[2021.05.19-13.21.31:110][  0]LogConfig: Setting CVar [[r.HairStrands.SkyLighting.SampleCount:16]]
[2021.05.19-13.21.31:110][  0]LogConfig: Setting CVar [[r.HairStrands.SkyLighting.JitterIntegration:0]]
[2021.05.19-13.21.31:110][  0]LogConfig: Setting CVar [[r.HairStrands.SkyAO.SampleCount:16]]
[2021.05.19-13.21.31:110][  0]LogConfig: Setting CVar [[r.HairStrands.DeepShadow.SuperSampling:0]]
[2021.05.19-13.21.31:110][  0]LogConfig: Setting CVar [[r.HairStrands.VisibilityPPLL:0]]
[2021.05.19-13.21.31:110][  0]LogConfig: Setting CVar [[r.HairStrands.RasterizationScale:0.5]]
[2021.05.19-13.21.31:110][  0]LogConfig: Setting CVar [[r.HairStrands.VelocityRasterizationScale:1]]
[2021.05.19-13.21.31:110][  0]LogInit: Selected Device Profile: [Windows]
[2021.05.19-13.21.31:110][  0]LogInit: Applying CVar settings loaded from the selected device profile: [Windows]
[2021.05.19-13.21.31:110][  0]LogHAL: Display: Platform has ~ 16 GB [17102884864 / 17179869184 / 16], which maps to Larger [LargestMinGB=32, LargerMinGB=12, DefaultMinGB=8, SmallerMinGB=6, SmallestMinGB=0)
[2021.05.19-13.21.31:110][  0]LogInit: Going up to parent DeviceProfile []
[2021.05.19-13.21.31:110][  0]LogConfig: Applying CVar settings from Section [ViewDistanceQuality@3] File [C:/Wire-Hunter/work/choi/WireHunter/Saved/Config/Windows/Scalability.ini]
[2021.05.19-13.21.31:110][  0]LogConfig: Setting CVar [[r.SkeletalMeshLODBias:0]]
[2021.05.19-13.21.31:110][  0]LogConfig: Setting CVar [[r.ViewDistanceScale:1.0]]
[2021.05.19-13.21.31:110][  0]LogConfig: Applying CVar settings from Section [AntiAliasingQuality@3] File [C:/Wire-Hunter/work/choi/WireHunter/Saved/Config/Windows/Scalability.ini]
[2021.05.19-13.21.31:110][  0]LogConfig: Setting CVar [[r.PostProcessAAQuality:4]]
[2021.05.19-13.21.31:110][  0]LogConfig: Applying CVar settings from Section [ShadowQuality@3] File [C:/Wire-Hunter/work/choi/WireHunter/Saved/Config/Windows/Scalability.ini]
[2021.05.19-13.21.31:110][  0]LogConfig: Setting CVar [[r.LightFunctionQuality:1]]
[2021.05.19-13.21.31:110][  0]LogConfig: Setting CVar [[r.ShadowQuality:5]]
[2021.05.19-13.21.31:110][  0]LogConfig: Setting CVar [[r.Shadow.CSM.MaxCascades:10]]
[2021.05.19-13.21.31:110][  0]LogConfig: Setting CVar [[r.Shadow.MaxResolution:2048]]
[2021.05.19-13.21.31:110][  0]LogConfig: Setting CVar [[r.Shadow.MaxCSMResolution:2048]]
[2021.05.19-13.21.31:110][  0]LogConfig: Setting CVar [[r.Shadow.RadiusThreshold:0.01]]
[2021.05.19-13.21.31:110][  0]LogConfig: Setting CVar [[r.Shadow.DistanceScale:1.0]]
[2021.05.19-13.21.31:110][  0]LogConfig: Setting CVar [[r.Shadow.CSM.TransitionScale:1.0]]
[2021.05.19-13.21.31:110][  0]LogConfig: Setting CVar [[r.Shadow.PreShadowResolutionFactor:1.0]]
[2021.05.19-13.21.31:110][  0]LogConfig: Setting CVar [[r.DistanceFieldShadowing:1]]
[2021.05.19-13.21.31:110][  0]LogConfig: Setting CVar [[r.DistanceFieldAO:1]]
[2021.05.19-13.21.31:110][  0]LogConfig: Setting CVar [[r.AOQuality:2]]
[2021.05.19-13.21.31:110][  0]LogConfig: Setting CVar [[r.VolumetricFog:1]]
[2021.05.19-13.21.31:110][  0]LogConfig: Setting CVar [[r.VolumetricFog.GridPixelSize:8]]
[2021.05.19-13.21.31:110][  0]LogConfig: Setting CVar [[r.VolumetricFog.GridSizeZ:128]]
[2021.05.19-13.21.31:110][  0]LogConfig: Setting CVar [[r.VolumetricFog.HistoryMissSupersampleCount:4]]
[2021.05.19-13.21.31:110][  0]LogConfig: Setting CVar [[r.LightMaxDrawDistanceScale:1]]
[2021.05.19-13.21.31:110][  0]LogConfig: Setting CVar [[r.CapsuleShadows:1]]
[2021.05.19-13.21.31:110][  0]LogConfig: Applying CVar settings from Section [PostProcessQuality@3] File [C:/Wire-Hunter/work/choi/WireHunter/Saved/Config/Windows/Scalability.ini]
[2021.05.19-13.21.31:110][  0]LogConfig: Setting CVar [[r.MotionBlurQuality:4]]
[2021.05.19-13.21.31:110][  0]LogConfig: Setting CVar [[r.AmbientOcclusionMipLevelFactor:0.4]]
[2021.05.19-13.21.31:110][  0]LogConfig: Setting CVar [[r.AmbientOcclusionMaxQuality:100]]
[2021.05.19-13.21.31:110][  0]LogConfig: Setting CVar [[r.AmbientOcclusionLevels:-1]]
[2021.05.19-13.21.31:110][  0]LogConfig: Setting CVar [[r.AmbientOcclusionRadiusScale:1.0]]
[2021.05.19-13.21.31:110][  0]LogConfig: Setting CVar [[r.DepthOfFieldQuality:2]]
[2021.05.19-13.21.31:110][  0]LogConfig: Setting CVar [[r.RenderTargetPoolMin:400]]
[2021.05.19-13.21.31:110][  0]LogConfig: Setting CVar [[r.LensFlareQuality:2]]
[2021.05.19-13.21.31:110][  0]LogConfig: Setting CVar [[r.SceneColorFringeQuality:1]]
[2021.05.19-13.21.31:110][  0]LogConfig: Setting CVar [[r.EyeAdaptationQuality:2]]
[2021.05.19-13.21.31:110][  0]LogConfig: Setting CVar [[r.BloomQuality:5]]
[2021.05.19-13.21.31:110][  0]LogConfig: Setting CVar [[r.FastBlurThreshold:100]]
[2021.05.19-13.21.31:111][  0]LogConfig: Setting CVar [[r.Upscale.Quality:3]]
[2021.05.19-13.21.31:111][  0]LogConfig: Setting CVar [[r.Tonemapper.GrainQuantization:1]]
[2021.05.19-13.21.31:111][  0]LogConfig: Setting CVar [[r.LightShaftQuality:1]]
[2021.05.19-13.21.31:111][  0]LogConfig: Setting CVar [[r.Filter.SizeScale:1]]
[2021.05.19-13.21.31:111][  0]LogConfig: Setting CVar [[r.Tonemapper.Quality:5]]
[2021.05.19-13.21.31:111][  0]LogConfig: Setting CVar [[r.DOF.Gather.AccumulatorQuality:1        ; higher gathering accumulator quality]]
[2021.05.19-13.21.31:111][  0]LogConfig: Setting CVar [[r.DOF.Gather.PostfilterMethod:1          ; Median3x3 postfilering method]]
[2021.05.19-13.21.31:111][  0]LogConfig: Setting CVar [[r.DOF.Gather.EnableBokehSettings:0       ; no bokeh simulation when gathering]]
[2021.05.19-13.21.31:111][  0]LogConfig: Setting CVar [[r.DOF.Gather.RingCount:4                 ; medium number of samples when gathering]]
[2021.05.19-13.21.31:111][  0]LogConfig: Setting CVar [[r.DOF.Scatter.ForegroundCompositing:1    ; additive foreground scattering]]
[2021.05.19-13.21.31:111][  0]LogConfig: Setting CVar [[r.DOF.Scatter.BackgroundCompositing:2    ; additive background scattering]]
[2021.05.19-13.21.31:111][  0]LogConfig: Setting CVar [[r.DOF.Scatter.EnableBokehSettings:1      ; bokeh simulation when scattering]]
[2021.05.19-13.21.31:111][  0]LogConfig: Setting CVar [[r.DOF.Scatter.MaxSpriteRatio:0.1         ; only a maximum of 10% of scattered bokeh]]
[2021.05.19-13.21.31:111][  0]LogConfig: Setting CVar [[r.DOF.Recombine.Quality:1                ; cheap slight out of focus]]
[2021.05.19-13.21.31:111][  0]LogConfig: Setting CVar [[r.DOF.Recombine.EnableBokehSettings:0    ; no bokeh simulation on slight out of focus]]
[2021.05.19-13.21.31:111][  0]LogConfig: Setting CVar [[r.DOF.TemporalAAQuality:1                ; more stable temporal accumulation]]
[2021.05.19-13.21.31:111][  0]LogConfig: Setting CVar [[r.DOF.Kernel.MaxForegroundRadius:0.025]]
[2021.05.19-13.21.31:111][  0]LogConfig: Setting CVar [[r.DOF.Kernel.MaxBackgroundRadius:0.025]]
[2021.05.19-13.21.31:111][  0]LogConfig: Applying CVar settings from Section [TextureQuality@3] File [C:/Wire-Hunter/work/choi/WireHunter/Saved/Config/Windows/Scalability.ini]
[2021.05.19-13.21.31:111][  0]LogConfig: Setting CVar [[r.Streaming.MipBias:0]]
[2021.05.19-13.21.31:111][  0]LogConfig: Setting CVar [[r.Streaming.AmortizeCPUToGPUCopy:0]]
[2021.05.19-13.21.31:111][  0]LogConfig: Setting CVar [[r.Streaming.MaxNumTexturesToStreamPerFrame:0]]
[2021.05.19-13.21.31:111][  0]LogConfig: Setting CVar [[r.Streaming.Boost:1]]
[2021.05.19-13.21.31:111][  0]LogConfig: Setting CVar [[r.MaxAnisotropy:8]]
[2021.05.19-13.21.31:111][  0]LogConfig: Setting CVar [[r.VT.MaxAnisotropy:8]]
[2021.05.19-13.21.31:111][  0]LogConfig: Setting CVar [[r.Streaming.LimitPoolSizeToVRAM:0]]
[2021.05.19-13.21.31:111][  0]LogConfig: Setting CVar [[r.Streaming.PoolSize:1000]]
[2021.05.19-13.21.31:111][  0]LogConfig: Setting CVar [[r.Streaming.MaxEffectiveScreenSize:0]]
[2021.05.19-13.21.31:111][  0]LogConfig: Applying CVar settings from Section [EffectsQuality@3] File [C:/Wire-Hunter/work/choi/WireHunter/Saved/Config/Windows/Scalability.ini]
[2021.05.19-13.21.31:111][  0]LogConfig: Setting CVar [[r.TranslucencyLightingVolumeDim:64]]
[2021.05.19-13.21.31:111][  0]LogConfig: Setting CVar [[r.RefractionQuality:2]]
[2021.05.19-13.21.31:111][  0]LogConfig: Setting CVar [[r.SSR.Quality:3]]
[2021.05.19-13.21.31:111][  0]LogConfig: Setting CVar [[r.SSR.HalfResSceneColor:0]]
[2021.05.19-13.21.31:111][  0]LogConfig: Setting CVar [[r.SceneColorFormat:4]]
[2021.05.19-13.21.31:111][  0]LogConfig: Setting CVar [[r.DetailMode:2]]
[2021.05.19-13.21.31:111][  0]LogConfig: Setting CVar [[r.TranslucencyVolumeBlur:1]]
[2021.05.19-13.21.31:111][  0]LogConfig: Setting CVar [[r.MaterialQualityLevel:1 ; High quality]]
[2021.05.19-13.21.31:111][  0]LogConfig: Setting CVar [[r.SSS.Scale:1]]
[2021.05.19-13.21.31:111][  0]LogConfig: Setting CVar [[r.SSS.SampleSet:2]]
[2021.05.19-13.21.31:111][  0]LogConfig: Setting CVar [[r.SSS.Quality:1]]
[2021.05.19-13.21.31:111][  0]LogConfig: Setting CVar [[r.SSS.HalfRes:0]]
[2021.05.19-13.21.31:111][  0]LogConfig: Setting CVar [[r.SSGI.Quality:3]]
[2021.05.19-13.21.31:111][  0]LogConfig: Setting CVar [[r.EmitterSpawnRateScale:1.0]]
[2021.05.19-13.21.31:111][  0]LogConfig: Setting CVar [[r.ParticleLightQuality:2]]
[2021.05.19-13.21.31:111][  0]LogConfig: Setting CVar [[r.SkyAtmosphere.AerialPerspectiveLUT.FastApplyOnOpaque:1 ; Always have FastSkyLUT 1 in this case to avoid wrong sky]]
[2021.05.19-13.21.31:111][  0]LogConfig: Setting CVar [[r.SkyAtmosphere.AerialPerspectiveLUT.SampleCountPerSlice:1]]
[2021.05.19-13.21.31:111][  0]LogConfig: Setting CVar [[r.SkyAtmosphere.AerialPerspectiveLUT.DepthResolution:16.0]]
[2021.05.19-13.21.31:111][  0]LogConfig: Setting CVar [[r.SkyAtmosphere.FastSkyLUT:1]]
[2021.05.19-13.21.31:111][  0]LogConfig: Setting CVar [[r.SkyAtmosphere.FastSkyLUT.SampleCountMin:4.0]]
[2021.05.19-13.21.31:111][  0]LogConfig: Setting CVar [[r.SkyAtmosphere.FastSkyLUT.SampleCountMax:32.0]]
[2021.05.19-13.21.31:111][  0]LogConfig: Setting CVar [[r.SkyAtmosphere.SampleCountMin:4.0]]
[2021.05.19-13.21.31:111][  0]LogConfig: Setting CVar [[r.SkyAtmosphere.SampleCountMax:32.0]]
[2021.05.19-13.21.31:111][  0]LogConfig: Setting CVar [[r.SkyAtmosphere.TransmittanceLUT.UseSmallFormat:0]]
[2021.05.19-13.21.31:111][  0]LogConfig: Setting CVar [[r.SkyAtmosphere.TransmittanceLUT.SampleCount:10.0]]
[2021.05.19-13.21.31:111][  0]LogConfig: Setting CVar [[r.SkyAtmosphere.MultiScatteringLUT.SampleCount:15.0]]
[2021.05.19-13.21.31:111][  0]LogConfig: Applying CVar settings from Section [FoliageQuality@3] File [C:/Wire-Hunter/work/choi/WireHunter/Saved/Config/Windows/Scalability.ini]
[2021.05.19-13.21.31:111][  0]LogConfig: Setting CVar [[foliage.DensityScale:1.0]]
[2021.05.19-13.21.31:111][  0]LogConfig: Setting CVar [[grass.DensityScale:1.0]]
[2021.05.19-13.21.31:111][  0]LogConfig: Applying CVar settings from Section [ShadingQuality@3] File [C:/Wire-Hunter/work/choi/WireHunter/Saved/Config/Windows/Scalability.ini]
[2021.05.19-13.21.31:111][  0]LogConfig: Setting CVar [[r.HairStrands.SkyLighting.SampleCount:16]]
[2021.05.19-13.21.31:111][  0]LogConfig: Setting CVar [[r.HairStrands.SkyLighting.JitterIntegration:0]]
[2021.05.19-13.21.31:111][  0]LogConfig: Setting CVar [[r.HairStrands.SkyAO.SampleCount:16]]
[2021.05.19-13.21.31:111][  0]LogConfig: Setting CVar [[r.HairStrands.DeepShadow.SuperSampling:0]]
[2021.05.19-13.21.31:111][  0]LogConfig: Setting CVar [[r.HairStrands.VisibilityPPLL:0]]
[2021.05.19-13.21.31:111][  0]LogConfig: Setting CVar [[r.HairStrands.RasterizationScale:0.5]]
[2021.05.19-13.21.31:111][  0]LogConfig: Setting CVar [[r.HairStrands.VelocityRasterizationScale:1]]
[2021.05.19-13.21.31:111][  0]LogConfig: Applying CVar settings from Section [Startup] File [../../../Engine/Config/ConsoleVariables.ini]
[2021.05.19-13.21.31:112][  0]LogConfig: Setting CVar [[net.UseAdaptiveNetUpdateFrequency:0]]
[2021.05.19-13.21.31:112][  0]LogConfig: Setting CVar [[p.chaos.AllowCreatePhysxBodies:1]]
[2021.05.19-13.21.31:112][  0]LogConfig: Setting CVar [[fx.SkipVectorVMBackendOptimizations:1]]
[2021.05.19-13.21.31:112][  0]LogConfig: Applying CVar settings from Section [ConsoleVariables] File [C:/Wire-Hunter/work/choi/WireHunter/Saved/Config/Windows/Engine.ini]
[2021.05.19-13.21.31:112][  0]LogInit: Computer: DESKTOP-FHRPJDT
[2021.05.19-13.21.31:112][  0]LogInit: User: ChoiTaeho
[2021.05.19-13.21.31:112][  0]LogInit: CPU Page size=4096, Cores=6
[2021.05.19-13.21.31:112][  0]LogInit: High frequency timer resolution =10.000000 MHz
[2021.05.19-13.21.31:113][  0]LogMemory: Memory total: Physical=15.9GB (16GB approx)
[2021.05.19-13.21.31:113][  0]LogMemory: Platform Memory Stats for Windows
[2021.05.19-13.21.31:113][  0]LogMemory: Process Physical Memory: 118.55 MB used, 118.55 MB peak
[2021.05.19-13.21.31:113][  0]LogMemory: Process Virtual Memory: 107.21 MB used, 107.21 MB peak
[2021.05.19-13.21.31:113][  0]LogMemory: Physical Memory: 6318.66 MB used,  9991.92 MB free, 16310.58 MB total
[2021.05.19-13.21.31:113][  0]LogMemory: Virtual Memory: 5177.04 MB used,  134212552.00 MB free, 134217728.00 MB total
[2021.05.19-13.21.31:127][  0]LogWindows: WindowsPlatformFeatures enabled
[2021.05.19-13.21.31:304][  0]LogInit: Physics initialised using underlying interface: PhysX
[2021.05.19-13.21.31:316][  0]LogInit: Using OS detected language (ko-KR).
[2021.05.19-13.21.31:316][  0]LogInit: Using OS detected locale (ko-KR).
[2021.05.19-13.21.31:324][  0]LogTextLocalizationManager: No specific localization for 'ko-KR' exists, so the 'ko' localization will be used.
[2021.05.19-13.21.31:438][  0]LogInit: Setting process to per monitor DPI aware
[2021.05.19-13.21.31:509][  0]LogSlate: New Slate User Created.  User Index 0, Is Virtual User: 0
[2021.05.19-13.21.31:509][  0]LogSlate: Slate User Registered.  User Index 0, Is Virtual User: 0
[2021.05.19-13.21.31:810][  0]LogHMD: Failed to initialize OpenVR with code 110
[2021.05.19-13.21.31:810][  0]LogD3D11RHI: D3D11 min allowed feature level: 11_0
[2021.05.19-13.21.31:810][  0]LogD3D11RHI: D3D11 max allowed feature level: 11_0
[2021.05.19-13.21.31:810][  0]LogD3D11RHI: D3D11 adapters:
[2021.05.19-13.21.31:919][  0]LogD3D11RHI:    0. 'NVIDIA GeForce GTX 1060 6GB' (Feature Level 11_0)
[2021.05.19-13.21.31:919][  0]LogD3D11RHI:       6052/0/8155 MB DedicatedVideo/DedicatedSystem/SharedSystem, Outputs:1, VendorId:0x10de
[2021.05.19-13.21.31:925][  0]LogD3D11RHI:    1. 'Microsoft Basic Render Driver' (Feature Level 11_0)
[2021.05.19-13.21.31:925][  0]LogD3D11RHI:       0/0/8155 MB DedicatedVideo/DedicatedSystem/SharedSystem, Outputs:0, VendorId:0x1414
[2021.05.19-13.21.31:925][  0]LogD3D11RHI: Chosen D3D11 Adapter: 0
[2021.05.19-13.21.31:935][  0]LogD3D11RHI: Creating new Direct3DDevice
[2021.05.19-13.21.31:935][  0]LogD3D11RHI:     GPU DeviceId: 0x1c03 (for the marketing name, search the web for "GPU Device Id")
[2021.05.19-13.21.31:935][  0]LogWindows: EnumDisplayDevices:
[2021.05.19-13.21.31:936][  0]LogWindows:    0. 'NVIDIA GeForce GTX 1060 6GB' (P:1 D:1)
[2021.05.19-13.21.31:937][  0]LogWindows:    1. 'NVIDIA GeForce GTX 1060 6GB' (P:0 D:0)
[2021.05.19-13.21.31:938][  0]LogWindows:    2. 'NVIDIA GeForce GTX 1060 6GB' (P:0 D:0)
[2021.05.19-13.21.31:939][  0]LogWindows:    3. 'NVIDIA GeForce GTX 1060 6GB' (P:0 D:0)
[2021.05.19-13.21.31:940][  0]LogWindows: DebugString: FoundDriverCount:4 
[2021.05.19-13.21.31:940][  0]LogD3D11RHI:     Adapter Name: NVIDIA GeForce GTX 1060 6GB
[2021.05.19-13.21.31:940][  0]LogD3D11RHI:   Driver Version: 456.71 (internal:27.21.14.5671, unified:456.71)
[2021.05.19-13.21.31:940][  0]LogD3D11RHI:      Driver Date: 9-30-2020
[2021.05.19-13.21.31:940][  0]LogRHI: Texture pool is 4236 MB (70% of 6052 MB)
[2021.05.19-13.21.32:030][  0]LogD3D11RHI: RHI has support for 64 bit atomics
[2021.05.19-13.21.32:030][  0]LogD3D11RHI: Async texture creation enabled
[2021.05.19-13.21.32:030][  0]LogD3D11RHI: Array index from any shader is supported
[2021.05.19-13.21.32:222][  0]LogD3D11RHI: GPU Timing Frequency: 1000.000000 (Debug: 2 1)
[2021.05.19-13.21.32:839][  0]LogTargetPlatformManager: Display: Loaded TargetPlatform 'AllDesktop'
[2021.05.19-13.21.32:880][  0]LogTargetPlatformManager: Display: Loaded TargetPlatform 'Android'
[2021.05.19-13.21.32:880][  0]LogTargetPlatformManager: Display: Loaded TargetPlatform 'Android_ASTC'
[2021.05.19-13.21.32:880][  0]LogTargetPlatformManager: Display: Loaded TargetPlatform 'Android_DXT'
[2021.05.19-13.21.32:880][  0]LogTargetPlatformManager: Display: Loaded TargetPlatform 'Android_ETC2'
[2021.05.19-13.21.32:880][  0]LogTargetPlatformManager: Display: Loaded TargetPlatform 'AndroidClient'
[2021.05.19-13.21.32:880][  0]LogTargetPlatformManager: Display: Loaded TargetPlatform 'Android_ASTCClient'
[2021.05.19-13.21.32:880][  0]LogTargetPlatformManager: Display: Loaded TargetPlatform 'Android_DXTClient'
[2021.05.19-13.21.32:880][  0]LogTargetPlatformManager: Display: Loaded TargetPlatform 'Android_ETC2Client'
[2021.05.19-13.21.32:880][  0]LogTargetPlatformManager: Display: Loaded TargetPlatform 'Android_Multi'
[2021.05.19-13.21.32:880][  0]LogTargetPlatformManager: Display: Loaded TargetPlatform 'Android_MultiClient'
[2021.05.19-13.21.32:929][  0]LogTargetPlatformManager: Display: Loaded TargetPlatform 'IOSClient'
[2021.05.19-13.21.32:929][  0]LogTargetPlatformManager: Display: Loaded TargetPlatform 'IOS'
[2021.05.19-13.21.32:954][  0]LogTargetPlatformManager: Display: Loaded TargetPlatform 'Linux'
[2021.05.19-13.21.32:972][  0]LogTargetPlatformManager: Display: Loaded TargetPlatform 'LinuxNoEditor'
[2021.05.19-13.21.32:992][  0]LogTargetPlatformManager: Display: Loaded TargetPlatform 'LinuxClient'
[2021.05.19-13.21.33:010][  0]LogTargetPlatformManager: Display: Loaded TargetPlatform 'LinuxServer'
[2021.05.19-13.21.33:030][  0]LogTargetPlatformManager: Display: Loaded TargetPlatform 'LinuxAArch64NoEditor'
[2021.05.19-13.21.33:048][  0]LogTargetPlatformManager: Display: Loaded TargetPlatform 'LinuxAArch64Client'
[2021.05.19-13.21.33:065][  0]LogTargetPlatformManager: Display: Loaded TargetPlatform 'LinuxAArch64Server'
[2021.05.19-13.21.33:114][  0]LogTargetPlatformManager: Display: Loaded TargetPlatform 'Lumin'
[2021.05.19-13.21.33:114][  0]LogTargetPlatformManager: Display: Loaded TargetPlatform 'LuminClient'
[2021.05.19-13.21.33:146][  0]LogTargetPlatformManager: Display: Loaded TargetPlatform 'TVOSClient'
[2021.05.19-13.21.33:146][  0]LogTargetPlatformManager: Display: Loaded TargetPlatform 'TVOS'
[2021.05.19-13.21.33:167][  0]LogTargetPlatformManager: Display: Loaded TargetPlatform 'WindowsNoEditor'
[2021.05.19-13.21.33:190][  0]LogTargetPlatformManager: Display: Loaded TargetPlatform 'Windows'
[2021.05.19-13.21.33:208][  0]LogTargetPlatformManager: Display: Loaded TargetPlatform 'WindowsClient'
[2021.05.19-13.21.33:226][  0]LogTargetPlatformManager: Display: Loaded TargetPlatform 'WindowsServer'
[2021.05.19-13.21.33:226][  0]LogTargetPlatformManager: Display: Building Assets For Windows
[2021.05.19-13.21.33:243][  0]LogAudioDebug: Display: Lib vorbis DLL was dynamically loaded.
[2021.05.19-13.21.33:397][  0]LogShaderCompilers: Guid format shader working directory is -7 characters bigger than the processId version (../../../../../../Wire-Hunter/work/choi/WireHunter/Intermediate/Shaders/WorkingDirectory/28260/).
[2021.05.19-13.21.33:397][  0]LogShaderCompilers: Cleaned the shader compiler working directory 'C:/Users/최태호/AppData/Local/Temp/UnrealShaderWorkingDir/5D7A8BE84324BB30855DD08785A98EAB/'.
[2021.05.19-13.21.33:398][  0]LogXGEController: Cleaning working directory: C:/Users/최태호/AppData/Local/Temp/UnrealXGEWorkingDir/
[2021.05.19-13.21.33:398][  0]LogXGEController: Cannot use XGE Controller as Incredibuild is not installed on this machine.
[2021.05.19-13.21.33:398][  0]LogShaderCompilers: Cannot use XGE Shader Compiler as Incredibuild is not installed on this machine.
[2021.05.19-13.21.33:398][  0]LogShaderCompilers: Display: Using Local Shader Compiler.
[2021.05.19-13.21.34:262][  0]LogDerivedDataCache: Display: Max Cache Size: 512 MB
[2021.05.19-13.21.34:263][  0]LogDerivedDataCache: Loaded boot cache 0.00s 1MB C:/Users/최태호/AppData/Local/UnrealEngine/4.25/DerivedDataCache/Boot.ddc.
[2021.05.19-13.21.34:264][  0]LogDerivedDataCache: Display: Loaded Boot cache: C:/Users/최태호/AppData/Local/UnrealEngine/4.25/DerivedDataCache/Boot.ddc
[2021.05.19-13.21.34:264][  0]LogDerivedDataCache: FDerivedDataBackendGraph:  Pak pak cache file ../../../../../../Wire-Hunter/work/choi/WireHunter/DerivedDataCache/DDC.ddp not found, will not use a pak cache.
[2021.05.19-13.21.34:264][  0]LogDerivedDataCache: Unable to find inner node Pak for hierarchical cache Hierarchy.
[2021.05.19-13.21.34:264][  0]LogDerivedDataCache: FDerivedDataBackendGraph:  CompressedPak pak cache file ../../../../../../Wire-Hunter/work/choi/WireHunter/DerivedDataCache/Compressed.ddp not found, will not use a pak cache.
[2021.05.19-13.21.34:264][  0]LogDerivedDataCache: Unable to find inner node CompressedPak for hierarchical cache Hierarchy.
[2021.05.19-13.21.34:274][  0]LogDerivedDataCache: Display: Pak cache opened for reading ../../../Engine/DerivedDataCache/Compressed.ddp.
[2021.05.19-13.21.34:275][  0]LogDerivedDataCache: FDerivedDataBackendGraph:  EnterprisePak pak cache file ../../../Enterprise/DerivedDataCache/Compressed.ddp not found, will not use a pak cache.
[2021.05.19-13.21.34:275][  0]LogDerivedDataCache: Unable to find inner node EnterprisePak for hierarchical cache Hierarchy.
[2021.05.19-13.21.34:277][  0]LogDerivedDataCache: Using Local data cache path C:/Users/최태호/AppData/Local/UnrealEngine/Common/DerivedDataCache: Writable
[2021.05.19-13.21.34:277][  0]LogDerivedDataCache: Shared data cache path not found in *engine.ini, will not use an Shared cache.
[2021.05.19-13.21.34:277][  0]LogDerivedDataCache: Unable to find inner node Shared for hierarchical cache Hierarchy.
[2021.05.19-13.21.34:330][  0]LogSlate: Using FreeType 2.10.0
[2021.05.19-13.21.34:331][  0]LogSlate: SlateFontServices - WITH_FREETYPE: 1, WITH_HARFBUZZ: 1
[2021.05.19-13.21.34:362][  0]LogAssetRegistry: FAssetRegistry took 0.0037 seconds to start up
[2021.05.19-13.21.34:634][  0]LogInit: Selected Device Profile: [Windows]
[2021.05.19-13.21.34:797][  0]LogMeshReduction: Using QuadricMeshReduction for automatic static mesh reduction
[2021.05.19-13.21.34:797][  0]LogMeshReduction: Using SimplygonMeshReduction for automatic skeletal mesh reduction
[2021.05.19-13.21.34:797][  0]LogMeshReduction: Using ProxyLODMeshReduction for automatic mesh merging
[2021.05.19-13.21.34:797][  0]LogMeshReduction: No distributed automatic mesh merging module available
[2021.05.19-13.21.34:798][  0]LogMeshMerging: No distributed automatic mesh merging module available
[2021.05.19-13.21.34:826][  0]LogNetVersion: WireHunter 1.0.0, NetCL: 13144385, EngineNetVer: 14, GameNetVer: 0 (Checksum: 1660872711)
[2021.05.19-13.21.35:539][  0]LogAISub: UAISubsystem::UAISubsystem AISubsystem (000002B2864894C0), frame # 0
[2021.05.19-13.21.35:540][  0]LogAISub: UAISubsystem::UAISubsystem AIPerceptionSystem (000002B28B1E4540), frame # 0
[2021.05.19-13.21.35:541][  0]LogAISub: UAISubsystem::UAISubsystem EnvQueryManager (000002B28B1C3000), frame # 0
[2021.05.19-13.21.35:612][  0]LogPackageLocalizationCache: Processed 20 localized package path(s) for 1 prioritized culture(s) in 0.064133 seconds
[2021.05.19-13.21.35:618][  0]LogUObjectArray: 15917 objects as part of root set at end of initial load.
[2021.05.19-13.21.35:618][  0]LogUObjectAllocator: 3965568 out of 0 bytes used by permanent object pool.
[2021.05.19-13.21.35:618][  0]LogUObjectArray: CloseDisregardForGC: 0/0 objects in disregard for GC pool
[2021.05.19-13.21.36:317][  0]LogTcpMessaging: Initializing TcpMessaging bridge
[2021.05.19-13.21.36:326][  0]LogUdpMessaging: Initializing bridge on interface 0.0.0.0:0 to multicast group 230.0.0.1:6666.
[2021.05.19-13.21.36:503][  0]SourceControl: 소스 컨트롤이 꺼졌습니다.
[2021.05.19-13.21.36:503][  0]SourceControl: 소스 컨트롤이 꺼졌습니다.
[2021.05.19-13.21.36:513][  0]SourceControl: 소스 컨트롤이 꺼졌습니다.
[2021.05.19-13.21.36:520][  0]SourceControl: 소스 컨트롤이 꺼졌습니다.
[2021.05.19-13.21.36:545][  0]SourceControl: 소스 컨트롤이 꺼졌습니다.
[2021.05.19-13.21.37:105][  0]LogAndroidPermission: UAndroidPermissionCallbackProxy::GetInstance
[2021.05.19-13.21.37:149][  0]LogAudioCaptureCore: Display: No Audio Capture implementations found. Audio input will be silent.
[2021.05.19-13.21.37:149][  0]LogAudioCaptureCore: Display: No Audio Capture implementations found. Audio input will be silent.
[2021.05.19-13.21.37:243][  0]LogOcInput: OculusInput pre-init called
[2021.05.19-13.21.37:268][  0]LogWindows: Failed to load 'OVRPlugin.dll' (GetLastError=126)
[2021.05.19-13.21.37:268][  0]LogWindows: File 'OVRPlugin.dll' does not exist
[2021.05.19-13.21.37:365][  0]LogEngine: Initializing Engine...
[2021.05.19-13.21.37:366][  0]LogHMD: Failed to initialize OpenVR with code 110
[2021.05.19-13.21.37:366][  0]LogMagicLeap: Warning: VR disabled because ZI is not enabled.  To enable, in the editor, Edit -> Project Settings -> Plugins -> Magic Leap Plugin -> Enable Zero Iteration
[2021.05.19-13.21.37:367][  0]LogStats: UGameplayTagsManager::InitializeManager -  0.000 s
[2021.05.19-13.21.37:666][  0]LogLinker: Warning: '{FileName}': 파일을 찾을 수 없습니다. 로드에 실패했습니다.
[2021.05.19-13.21.37:666][  0]LogLinker: Warning: '{FileName}': 파일을 찾을 수 없습니다. 로드에 실패했습니다.
[2021.05.19-13.21.37:666][  0]LogUObjectGlobals: Warning: 'Object /Game/ThirdPersonCPP/GraphicResources/Cursor/UI_Cursor.UI_Cursor_C' 오브젝트를 찾는 데 실패했습니다.
[2021.05.19-13.21.37:666][  0]LogLoad: Warning: UUserInterfaceSettings::ForceLoadResources: Failed to load cursor resource 0.
[2021.05.19-13.21.37:666][  0]LogInit: Initializing FReadOnlyCVARCache
[2021.05.19-13.21.37:680][  0]LogAIModule: Creating AISystem for world Untitled
[2021.05.19-13.21.37:680][  0]LogAISub: UAISubsystem::UAISubsystem EnvQueryManager (000002B28E9CD800), frame # 0
[2021.05.19-13.21.37:680][  0]LogAISub: UAISubsystem::UAISubsystem AIPerceptionSystem (000002B28EA01D00), frame # 0
[2021.05.19-13.21.37:689][  0]LogAudioMixer: Display: Audio Mixer Platform Settings:
[2021.05.19-13.21.37:689][  0]LogAudioMixer: Display: 	Sample Rate:						  48000
[2021.05.19-13.21.37:689][  0]LogAudioMixer: Display: 	Callback Buffer Frame Size Requested: 1024
[2021.05.19-13.21.37:689][  0]LogAudioMixer: Display: 	Callback Buffer Frame Size To Use:	  1024
[2021.05.19-13.21.37:689][  0]LogAudioMixer: Display: 	Number of buffers to queue:			  2
[2021.05.19-13.21.37:689][  0]LogAudioMixer: Display: 	Max Channels (voices):				  32
[2021.05.19-13.21.37:689][  0]LogAudioMixer: Display: 	Number of Async Source Workers:		  0
[2021.05.19-13.21.37:689][  0]LogAudio: Display: AudioDevice MaxSources: 32
[2021.05.19-13.21.37:690][  0]LogAudio: Display: Using built-in audio occlusion.
[2021.05.19-13.21.37:690][  0]LogAudioMixer: Display: Initializing audio mixer.
[2021.05.19-13.21.37:739][  0]LogAudioMixer: Display: 0: FrontLeft
[2021.05.19-13.21.37:739][  0]LogAudioMixer: Display: 1: FrontRight
[2021.05.19-13.21.37:866][  0]LogAudioMixer: Display: Using Audio Device 헤드폰(SHOQBOX SB7200 SERIES Stereo)
[2021.05.19-13.21.37:866][  0]LogAudioMixer: Display: Initializing Sound Submixes...
[2021.05.19-13.21.37:870][  0]LogAudioMixer: Display: Creating Master Submix 'MasterSubmixDefault'
[2021.05.19-13.21.37:870][  0]LogAudioMixer: Display: Creating Master Submix 'MasterReverbSubmixDefault'
[2021.05.19-13.21.37:871][  0]LogAudioMixer: Display: Creating Master Submix 'MasterEQSubmixDefault'
[2021.05.19-13.21.37:872][  0]LogInit: FAudioDevice initialized.
[2021.05.19-13.21.37:872][  0]LogNetVersion: Set ProjectVersion to 1.0.0.0. Version Checksum will be recalculated on next use.
[2021.05.19-13.21.38:010][  0]LogDerivedDataCache: Saved boot cache 0.14s 76MB C:/Users/최태호/AppData/Local/UnrealEngine/4.25/DerivedDataCache/Boot.ddc.
[2021.05.19-13.21.38:011][  0]LogInit: Texture streaming: Enabled
[2021.05.19-13.21.38:050][  0]LogEngineSessionManager: EngineSessionManager initialized
[2021.05.19-13.21.38:050][  0]LogEngineSessionManager: EngineSessionManager sent abnormal shutdown report. Type=Crashed, SessionId={80E031DB-47E5-1206-508B-F296D7B45E6B}
[2021.05.19-13.21.38:050][  0]LogEditorSessionSummary: Verbose: Initializing EditorSessionSummaryWriter for editor session tracking
[2021.05.19-13.21.38:057][  0]LogEditorSessionSummary: EditorSessionSummaryWriter initialized
[2021.05.19-13.21.38:152][  0]LogInit: Transaction tracking system initialized
[2021.05.19-13.21.38:215][  0]BlueprintLog: New page: 에디터 로드
[2021.05.19-13.21.38:371][  0]LocalizationService: 현지화 서비스가 비활성화되었습니다.
[2021.05.19-13.21.38:659][  0]LogCook: Display: Max memory allowance for cook 16384mb min free memory 0mb
[2021.05.19-13.21.38:659][  0]LogCook: Display: Mobile HDR setting 1
[2021.05.19-13.21.38:696][  0]LogFileCache: Scanning file cache for directory 'C:/Wire-Hunter/work/choi/WireHunter/Content/' took 0.02s
[2021.05.19-13.21.38:697][  0]LogOutputDevice: Warning: 

Script Stack (0 frames):

[2021.05.19-13.21.42:475][  0]LogStats: FPlatformStackWalk::StackWalkAndDump -  3.779 s
[2021.05.19-13.21.42:475][  0]LogOutputDevice: Error: === Handled ensure: ===
[2021.05.19-13.21.42:475][  0]LogOutputDevice: Error: 
[2021.05.19-13.21.42:475][  0]LogOutputDevice: Error: Ensure condition failed: AttachmentRules.LocationRule == EAttachmentRule::KeepRelative && AttachmentRules.RotationRule == EAttachmentRule::KeepRelative && AttachmentRules.ScaleRule == EAttachmentRule::KeepRelative [File:D:/Build/++UE4/Sync/Engine/Source/Runtime/Engine/Private/Components/SceneComponent.cpp] [Line: 1812]
[2021.05.19-13.21.42:475][  0]LogOutputDevice: Error: AttachToComponent when called from a constructor is only setting up attachment and will always be treated as KeepRelative. Consider calling SetupAttachment directly instead.
[2021.05.19-13.21.42:475][  0]LogOutputDevice: Error: Stack: 
[2021.05.19-13.21.42:475][  0]LogOutputDevice: Error: [Callstack] 0x00007ffdcb34c119 UE4Editor-Engine.dll!DispatchCheckVerify<bool,<lambda_7a00921a8ebf9f041bed3055592f02a5> >() [D:\Build\++UE4\Sync\Engine\Source\Runtime\Core\Public\Misc\AssertionMacros.h:161]
[2021.05.19-13.21.42:475][  0]LogOutputDevice: Error: [Callstack] 0x00007ffdc9efd3c3 UE4Editor-Engine.dll!USceneComponent::AttachToComponent() [D:\Build\++UE4\Sync\Engine\Source\Runtime\Engine\Private\Components\SceneComponent.cpp:1812]
[2021.05.19-13.21.42:475][  0]LogOutputDevice: Error: [Callstack] 0x00007ffda9051e94 UE4Editor-WireHunter-0004.dll!AFireball::AFireball() [C:\Wire-Hunter\work\choi\WireHunter\Source\WireHunter\Fireball.cpp:23]
[2021.05.19-13.21.42:475][  0]LogOutputDevice: Error: [Callstack] 0x00007ffddbb6c273 UE4Editor-CoreUObject.dll!UClass::CreateDefaultObject() [D:\Build\++UE4\Sync\Engine\Source\Runtime\CoreUObject\Private\UObject\Class.cpp:3672]
[2021.05.19-13.21.42:475][  0]LogOutputDevice: Error: [Callstack] 0x00007ffddbe18451 UE4Editor-CoreUObject.dll!UObjectLoadAllCompiledInDefaultProperties() [D:\Build\++UE4\Sync\Engine\Source\Runtime\CoreUObject\Private\UObject\UObjectBase.cpp:861]
[2021.05.19-13.21.42:475][  0]LogOutputDevice: Error: [Callstack] 0x00007ffddbdf5bbf UE4Editor-CoreUObject.dll!ProcessNewlyLoadedUObjects() [D:\Build\++UE4\Sync\Engine\Source\Runtime\CoreUObject\Private\UObject\UObjectBase.cpp:950]
[2021.05.19-13.21.42:475][  0]LogOutputDevice: Error: [Callstack] 0x00007ffddbd14465 UE4Editor-CoreUObject.dll!TBaseStaticDelegateInstance<void __cdecl(FName,bool)>::ExecuteIfSafe() [D:\Build\++UE4\Sync\Engine\Source\Runtime\Core\Public\Delegates\DelegateInstancesImpl.h:859]
[2021.05.19-13.21.42:475][  0]LogOutputDevice: Error: [Callstack] 0x00007ffdc349986a UE4Editor-Core.dll!TBaseMulticastDelegate<void,FName,bool>::Broadcast() [D:\Build\++UE4\Sync\Engine\Source\Runtime\Core\Public\Delegates\DelegateSignatureImpl.inl:1013]
[2021.05.19-13.21.42:475][  0]LogOutputDevice: Error: [Callstack] 0x00007ffdc34b99f0 UE4Editor-Core.dll!FModuleManager::LoadModuleWithFailureReason() [D:\Build\++UE4\Sync\Engine\Source\Runtime\Core\Private\Modules\ModuleManager.cpp:500]
[2021.05.19-13.21.42:475][  0]LogOutputDevice: Error: [Callstack] 0x00007ffe09f0b433 UE4Editor-Projects.dll!FModuleDescriptor::LoadModulesForPhase() [D:\Build\++UE4\Sync\Engine\Source\Runtime\Projects\Private\ModuleDescriptor.cpp:561]
[2021.05.19-13.21.42:475][  0]LogOutputDevice: Error: [Callstack] 0x00007ffe09f0b70d UE4Editor-Projects.dll!FProjectManager::LoadModulesForProject() [D:\Build\++UE4\Sync\Engine\Source\Runtime\Projects\Private\ProjectManager.cpp:63]
[2021.05.19-13.21.42:475][  0]LogOutputDevice: Error: [Callstack] 0x00007ff758292db4 UE4Editor.exe!FEngineLoop::Init() [D:\Build\++UE4\Sync\Engine\Source\Runtime\Launch\Private\LaunchEngineLoop.cpp:4022]
[2021.05.19-13.21.42:475][  0]LogOutputDevice: Error: [Callstack] 0x00007ffdc2745cb0 UE4Editor-UnrealEd.dll!EditorInit() [D:\Build\++UE4\Sync\Engine\Source\Editor\UnrealEd\Private\UnrealEdGlobals.cpp:93]
[2021.05.19-13.21.42:475][  0]LogOutputDevice: Error: [Callstack] 0x00007ff7582ab8fb UE4Editor.exe!GuardedMain() [D:\Build\++UE4\Sync\Engine\Source\Runtime\Launch\Private\Launch.cpp:149]
[2021.05.19-13.21.42:475][  0]LogOutputDevice: Error: [Callstack] 0x00007ff7582abb5a UE4Editor.exe!GuardedMainWrapper() [D:\Build\++UE4\Sync\Engine\Source\Runtime\Launch\Private\Windows\LaunchWindows.cpp:137]
[2021.05.19-13.21.42:475][  0]LogOutputDevice: Error: [Callstack] 0x00007ff7582be31d UE4Editor.exe!WinMain() [D:\Build\++UE4\Sync\Engine\Source\Runtime\Launch\Private\Windows\LaunchWindows.cpp:268]
[2021.05.19-13.21.42:475][  0]LogOutputDevice: Error: [Callstack] 0x00007ff7582c145a UE4Editor.exe!__scrt_common_main_seh() [d:\agent\_work\5\s\src\vctools\crt\vcstartup\src\startup\exe_common.inl:288]
[2021.05.19-13.21.42:475][  0]LogOutputDevice: Error: [Callstack] 0x00007ffe267e7034 KERNEL32.DLL!UnknownFunction []
[2021.05.19-13.21.42:475][  0]LogOutputDevice: Error: [Callstack] 0x00007ffe28002651 ntdll.dll!UnknownFunction []
[2021.05.19-13.21.42:475][  0]LogOutputDevice: Error: 
[2021.05.19-13.21.42:476][  0]LogStats:                SubmitErrorReport -  0.000 s
[2021.05.19-13.21.44:930][  0]LogStats:                    SendNewReport -  2.453 s
[2021.05.19-13.21.44:930][  0]LogStats:             FDebug::EnsureFailed -  6.233 s
[2021.05.19-13.21.45:459][  0]SourceControl: 소스 컨트롤이 꺼졌습니다.
[2021.05.19-13.21.45:459][  0]LogUnrealEdMisc: Loading editor; pre map load, took 17.787
[2021.05.19-13.21.45:459][  0]Cmd: MAP LOAD FILE="../../../../../../Wire-Hunter/work/choi/WireHunter/Content/ThirdPersonCPP/Maps/GameLevel.umap" TEMPLATE=0 SHOWPROGRESS=1 FEATURELEVEL=3
[2021.05.19-13.21.45:460][  0]LightingResults: New page: 라이팅 빌드
[2021.05.19-13.21.45:461][  0]LogWorld: UWorld::CleanupWorld for Untitled, bSessionEnded=true, bCleanupResources=true
[2021.05.19-13.21.45:461][  0]LogSlate: InvalidateAllWidgets triggered.  All widgets were invalidated
[2021.05.19-13.21.45:461][  0]MapCheck: New page: 맵 체크
[2021.05.19-13.21.45:461][  0]LightingResults: New page: 라이팅 빌드
[2021.05.19-13.21.45:473][  0]LogAISub: UAISubsystem::~UAISubsystem EnvQueryManager (000002B28E9CD800), frame # 0
[2021.05.19-13.21.45:473][  0]LogAISub: UAISubsystem::~UAISubsystem AIPerceptionSystem (000002B28EA01D00), frame # 0
[2021.05.19-13.21.45:474][  0]LogUObjectHash: Compacting FUObjectHashTables data took   0.68ms
[2021.05.19-13.21.45:917][  0]LogAIModule: Creating AISystem for world GameLevel
[2021.05.19-13.21.45:917][  0]LogAISub: UAISubsystem::UAISubsystem EnvQueryManager (000002B2FEAE7E00), frame # 0
[2021.05.19-13.21.45:917][  0]LogAISub: UAISubsystem::UAISubsystem AIPerceptionSystem (000002B2FEAF3B00), frame # 0
[2021.05.19-13.21.45:923][  0]LogScript: Warning: CharacterRef 프로퍼티를 읽으려던 중 None 에 접근했습니다.
	ThirdPerson_AnimBP_C /Game/ThirdPersonCPP/Maps/GameLevel.GameLevel:PersistentLevel.BP_WHCharacter.CharacterMesh0.ThirdPerson_AnimBP_C_0
	Function /Game/ThirdPersonCPP/GraphicResources/Character/Animations/ThirdPerson_AnimBP.ThirdPerson_AnimBP_C:ExecuteUbergraph_ThirdPerson_AnimBP:0087
[2021.05.19-13.21.45:927][  0]LogEditorServer: Finished looking for orphan Actors (0.000 secs)
[2021.05.19-13.21.45:947][  0]LogUObjectHash: Compacting FUObjectHashTables data took   1.06ms
[2021.05.19-13.21.45:947][  0]Cmd: MAP CHECKDEP NOCLEARLOG
[2021.05.19-13.21.45:947][  0]MapCheck: 맵 체크 완료: 오류 0 회, 경고 0 회, 소요 시간 0.291ms.
[2021.05.19-13.21.45:947][  0]LogFileHelpers: Loading map 'GameLevel' took 0.488
[2021.05.19-13.21.45:954][  0]LogUnrealEdMisc: Total Editor Startup Time, took 18.283
[2021.05.19-13.21.46:095][  0]LogSlate: Updating window title bar state: overlay mode, drag disabled, window buttons hidden, title bar hidden
[2021.05.19-13.21.46:102][  0]LogSlate: Updating window title bar state: overlay mode, drag disabled, window buttons hidden, title bar hidden
[2021.05.19-13.21.46:109][  0]LogSlate: Updating window title bar state: overlay mode, drag disabled, window buttons hidden, title bar hidden
[2021.05.19-13.21.46:116][  0]LogSlate: Updating window title bar state: overlay mode, drag disabled, window buttons hidden, title bar hidden
[2021.05.19-13.21.46:132][  0]LogCollectionManager: Loaded 0 collections in 0.003951 seconds
[2021.05.19-13.21.46:150][  0]LogFileCache: Scanning file cache for directory 'C:/Wire-Hunter/work/choi/WireHunter/Saved/Collections/' took 0.00s
[2021.05.19-13.21.46:150][  0]LogFileCache: Scanning file cache for directory 'C:/Wire-Hunter/work/choi/WireHunter/Content/Developers/ChoiTaeho/Collections/' took 0.00s
[2021.05.19-13.21.46:150][  0]LogFileCache: Scanning file cache for directory 'C:/Wire-Hunter/work/choi/WireHunter/Content/Collections/' took 0.00s
[2021.05.19-13.21.46:150][  0]LogContentBrowser: Native class hierarchy populated in 0.0113 seconds. Added 3446 classes and 826 folders.
[2021.05.19-13.21.46:154][  0]LogContentBrowser: Native class hierarchy updated for 'WidgetCarousel' in 0.0005 seconds. Added 0 classes and 0 folders.
[2021.05.19-13.21.46:712][  0]LogContentBrowser: Native class hierarchy updated for 'AddContentDialog' in 0.0005 seconds. Added 0 classes and 0 folders.
[2021.05.19-13.21.46:716][  0]LogContentBrowser: Native class hierarchy updated for 'SceneOutliner' in 0.0008 seconds. Added 2 classes and 0 folders.
[2021.05.19-13.21.46:807][  0]LogSlate: Took 0.000351 seconds to synchronously load lazily loaded font '../../../Engine/Content/Slate/Fonts/Roboto-Regular.ttf' (155K)
[2021.05.19-13.21.46:824][  0]LogSlate: Took 0.016637 seconds to synchronously load lazily loaded font '../../../Engine/Content/Editor/Slate/Fonts/NanumGothic.ttf' (4243K)
[2021.05.19-13.21.46:843][  0]LogSlate: Took 0.016244 seconds to synchronously load lazily loaded font '../../../Engine/Content/Editor/Slate/Fonts/NanumGothicBold.ttf' (4188K)
[2021.05.19-13.21.46:843][  0]LogSlate: Took 0.000348 seconds to synchronously load lazily loaded font '../../../Engine/Content/Slate/Fonts/Roboto-Bold.ttf' (160K)
[2021.05.19-13.21.46:852][  0]LogSlate: Took 0.007861 seconds to synchronously load lazily loaded font '../../../Engine/Content/Editor/Slate/Fonts/FontAwesome.ttf' (139K)
[2021.05.19-13.21.46:907][  0]LogRenderer: Reallocating scene render targets to support 1396x328 Format 10 NumSamples 1 (Frame:1).
[2021.05.19-13.21.47:022][  0]LogContentBrowser: Native class hierarchy updated for 'HierarchicalLODOutliner' in 0.0006 seconds. Added 0 classes and 0 folders.
[2021.05.19-13.21.47:022][  0]LogLoad: (Engine Initialization) Total time: 19.35 seconds
[2021.05.19-13.21.47:022][  0]LogLoad: (Engine Initialization) Total Blueprint compile time: 0.00 seconds
[2021.05.19-13.21.47:087][  0]LogAssetRegistry: Asset discovery search completed in 12.7252 seconds
[2021.05.19-13.21.47:092][  0]LogCollectionManager: Fixed up redirectors for 0 collections in 0.000003 seconds (updated 0 objects)
[2021.05.19-13.21.47:096][  0]LogContentStreaming: Texture pool size now 1000 MB
[2021.05.19-13.21.47:147][  0]LogSlate: Took 0.007711 seconds to synchronously load lazily loaded font '../../../Engine/Content/Slate/Fonts/Roboto-Light.ttf' (167K)
[2021.05.19-13.22.28:162][546]LogSlate: Took 0.000341 seconds to synchronously load lazily loaded font '../../../Engine/Content/Slate/Fonts/Roboto-Light.ttf' (167K)
[2021.05.19-13.22.28:180][546]LogAssetEditorSubsystem: Opening Asset editor for Class /Script/WireHunter.Fireball
[2021.05.19-13.24.31:561][897]LogHotReload: New module detected: UE4Editor-WireHunter-0005.dll
[2021.05.19-13.24.32:931][902]LogHotReload: Starting Hot-Reload from IDE
[2021.05.19-13.24.33:338][902]LogClass: StructNode HotReload.
[2021.05.19-13.24.33:338][902]LogClass: StructWeight HotReload.
[2021.05.19-13.24.33:341][902]LogHotReload: Re-instancing Boss after hot-reload.
[2021.05.19-13.24.33:355][902]LogHotReload: Re-instancing Fireball after hot-reload.
[2021.05.19-13.24.33:360][902]LogHotReload: Re-instancing HealingPotion after hot-reload.
[2021.05.19-13.24.33:369][902]LogHotReload: Re-instancing SpeedPotion after hot-reload.
[2021.05.19-13.24.33:376][902]LogHotReload: Re-instancing StrengthPotion after hot-reload.
[2021.05.19-13.24.33:389][902]LogContentBrowser: Native class hierarchy updated for 'WireHunter' in 0.0007 seconds. Added 18 classes and 2 folders.
[2021.05.19-13.24.33:390][902]Display: HotReload successful (3 functions remapped  2 scriptstructs remapped)
[2021.05.19-13.24.33:438][902]LogContentBrowser: Native class hierarchy populated in 0.0117 seconds. Added 3446 classes and 826 folders.
[2021.05.19-13.24.33:447][902]Display: HotReload took  0.5s.
[2021.05.19-13.24.37:564][103]LogSlate: Window '메시지 로그' being destroyed
[2021.05.19-13.24.37:570][103]LogSlate: Window '메시지 로그' being destroyed
[2021.05.19-13.24.38:087][165]LogTemp: Repeating last play command: 선택된 뷰포트
[2021.05.19-13.24.38:107][165]LogPlayLevel: PlayLevel: No blueprints needed recompiling
[2021.05.19-13.24.38:110][165]PIE: New page: PIE 세션: GameLevel (2021. 5. 20. 오전 7:24:38)
[2021.05.19-13.24.38:114][165]LogOnline: OSS: Creating online subsystem instance for: NULL
[2021.05.19-13.24.38:116][165]LogOnline: OSS: TryLoadSubsystemAndSetDefault: Loaded subsystem for module [NULL]
[2021.05.19-13.24.38:117][165]LogPlayLevel: Creating play world package: /Game/ThirdPersonCPP/Maps/UEDPIE_0_GameLevel
[2021.05.19-13.24.38:135][165]LogPlayLevel: PIE: StaticDuplicateObject took: (0.018223s)
[2021.05.19-13.24.38:137][165]LogAIModule: Creating AISystem for world GameLevel
[2021.05.19-13.24.38:137][165]LogAISub: UAISubsystem::UAISubsystem EnvQueryManager (000002B39378A200), frame # 1165
[2021.05.19-13.24.38:137][165]LogAISub: UAISubsystem::UAISubsystem AIPerceptionSystem (000002B2FEA65A80), frame # 1165
[2021.05.19-13.24.38:137][165]LogPlayLevel: PIE: World Init took: (0.001638s)
[2021.05.19-13.24.38:137][165]LogPlayLevel: PIE: Created PIE world by copying editor world from /Game/ThirdPersonCPP/Maps/GameLevel.GameLevel to /Game/ThirdPersonCPP/Maps/UEDPIE_0_GameLevel.GameLevel (0.020514s)
[2021.05.19-13.24.38:160][165]LogUObjectHash: Compacting FUObjectHashTables data took   0.68ms
[2021.05.19-13.24.38:164][165]LogAudioMixer: Display: Audio Mixer Platform Settings:
[2021.05.19-13.24.38:164][165]LogAudioMixer: Display: 	Sample Rate:						  48000
[2021.05.19-13.24.38:164][165]LogAudioMixer: Display: 	Callback Buffer Frame Size Requested: 1024
[2021.05.19-13.24.38:164][165]LogAudioMixer: Display: 	Callback Buffer Frame Size To Use:	  1024
[2021.05.19-13.24.38:164][165]LogAudioMixer: Display: 	Number of buffers to queue:			  2
[2021.05.19-13.24.38:164][165]LogAudioMixer: Display: 	Max Channels (voices):				  32
[2021.05.19-13.24.38:164][165]LogAudioMixer: Display: 	Number of Async Source Workers:		  0
[2021.05.19-13.24.38:164][165]LogAudio: Display: AudioDevice MaxSources: 32
[2021.05.19-13.24.38:164][165]LogAudio: Display: Using built-in audio occlusion.
[2021.05.19-13.24.38:164][165]LogAudioMixer: Display: Initializing audio mixer.
[2021.05.19-13.24.38:190][165]LogAudioMixer: Display: 0: FrontLeft
[2021.05.19-13.24.38:190][165]LogAudioMixer: Display: 1: FrontRight
[2021.05.19-13.24.38:250][165]LogAudioMixer: Display: Using Audio Device 헤드폰(SHOQBOX SB7200 SERIES Stereo)
[2021.05.19-13.24.38:250][165]LogAudioMixer: Display: Initializing Sound Submixes...
[2021.05.19-13.24.38:250][165]LogAudioMixer: Display: Creating Master Submix 'MasterSubmixDefault'
[2021.05.19-13.24.38:250][165]LogAudioMixer: Display: Creating Master Submix 'MasterReverbSubmixDefault'
[2021.05.19-13.24.38:250][165]LogAudioMixer: Display: Creating Master Submix 'MasterEQSubmixDefault'
[2021.05.19-13.24.38:265][165]LogInit: FAudioDevice initialized.
[2021.05.19-13.24.38:266][165]PIE: Warning: UGameViewportClient::AddCursor: 'UI_Cursor_C' 커서 클래스를 로드할 수 없습니다.
[2021.05.19-13.24.38:275][165]LogLoad: Game class is 'WireHunterGameMode'
[2021.05.19-13.24.38:282][165]LogScript: Warning: CharacterRef 프로퍼티를 읽으려던 중 None 에 접근했습니다.
	ThirdPerson_AnimBP_C /Game/ThirdPersonCPP/Maps/UEDPIE_0_GameLevel.GameLevel:PersistentLevel.BP_WHCharacter.CharacterMesh0.ThirdPerson_AnimBP_C_0
	Function /Game/ThirdPersonCPP/GraphicResources/Character/Animations/ThirdPerson_AnimBP.ThirdPerson_AnimBP_C:ExecuteUbergraph_ThirdPerson_AnimBP:0087
[2021.05.19-13.24.38:283][165]PIE: Error: 블루프린트 런타임 오류: "CharacterRef 프로퍼티를 읽으려던 중 None 에 접근했습니다.". 블루프린트: ThirdPerson_AnimBP 함수: Execute Ubergraph Third Person Anim BP 그래프: EventGraph 노드: Climb- 설정
[2021.05.19-13.24.38:283][165]LogWorld: Bringing World /Game/ThirdPersonCPP/Maps/UEDPIE_0_GameLevel.GameLevel up for play (max tick rate 0) at 2021.05.19-22.24.38
[2021.05.19-13.24.38:288][165]LogWorld: Bringing up level for play took: 0.007741
[2021.05.19-13.24.38:289][165]LogOnline: OSS: Creating online subsystem instance for: :Context_6
[2021.05.19-13.24.38:386][165]LogContentBrowser: Native class hierarchy updated for 'MovieSceneCapture' in 0.0008 seconds. Added 20 classes and 0 folders.
[2021.05.19-13.24.38:403][165]Cmd: ShowFlag.Bones 2
[2021.05.19-13.24.38:407][165]ShowFlag.Bones = "2"
[2021.05.19-13.24.38:407][165]LogTemp: Warning: 5 0 1 2
[2021.05.19-13.24.38:407][165]LogTemp: Warning: 1 >> x: 5 / y: 0
[2021.05.19-13.24.38:407][165]LogTemp: Warning: 2 >> x: 4 / y: 1
[2021.05.19-13.24.38:407][165]LogTemp: Warning: 3 >> x: 3 / y: 2
[2021.05.19-13.24.38:407][165]LogTemp: Warning: 4 >> x: 2 / y: 1
[2021.05.19-13.24.38:407][165]LogTemp: Warning: 5 >> x: 1 / y: 2
[2021.05.19-13.24.38:407][165]PIE: 서버가 로그인했습니다.
[2021.05.19-13.24.38:409][165]PIE: 에디터에서 플레이 총 시작 시간 0.31초입니다.
[2021.05.19-13.24.44:082][841]LogTemp: Warning: X=15532.575 Y=27599.018 Z=16474.676
[2021.05.19-13.24.44:082][841]LogOutputDevice: Warning: 

Script Stack (0 frames):

[2021.05.19-13.24.44:083][841]LogWindows: Windows GetLastError: 작업을 완료했습니다. (0)
[2021.05.19-13.24.47:407][841]LogWindows: Error: === Critical error: ===
[2021.05.19-13.24.47:407][841]LogWindows: Error: 
[2021.05.19-13.24.47:407][841]LogWindows: Error: Fatal error: [File:D:/Build/++UE4/Sync/Engine/Source/Runtime/CoreUObject/Private/UObject/Obj.cpp] [Line: 108] 
[2021.05.19-13.24.47:407][841]LogWindows: Error: No object initializer found during construction.
[2021.05.19-13.24.47:407][841]LogWindows: Error: 
[2021.05.19-13.24.47:407][841]LogWindows: Error: 
[2021.05.19-13.24.47:407][841]LogWindows: Error: [Callstack] 0x00007ffe25a24b89 KERNELBASE.dll!UnknownFunction []
[2021.05.19-13.24.47:407][841]LogWindows: Error: [Callstack] 0x00007ffdc36cec66 UE4Editor-Core.dll!ReportAssert() [D:\Build\++UE4\Sync\Engine\Source\Runtime\Core\Private\Windows\WindowsPlatformCrashContext.cpp:1541]
[2021.05.19-13.24.47:407][841]LogWindows: Error: [Callstack] 0x00007ffdc36d2048 UE4Editor-Core.dll!FWindowsErrorOutputDevice::Serialize() [D:\Build\++UE4\Sync\Engine\Source\Runtime\Core\Private\Windows\WindowsErrorOutputDevice.cpp:78]
[2021.05.19-13.24.47:407][841]LogWindows: Error: [Callstack] 0x00007ffdc345e52d UE4Editor-Core.dll!FOutputDevice::LogfImpl() [D:\Build\++UE4\Sync\Engine\Source\Runtime\Core\Private\Misc\OutputDevice.cpp:61]
[2021.05.19-13.24.47:407][841]LogWindows: Error: [Callstack] 0x00007ffddbd0e2f0 UE4Editor-CoreUObject.dll!UObject::CreateDefaultSubobject() [D:\Build\++UE4\Sync\Engine\Source\Runtime\CoreUObject\Private\UObject\Obj.cpp:109]
[2021.05.19-13.24.47:407][841]LogWindows: Error: [Callstack] 0x00007ffda8212194 UE4Editor-WireHunter-0005.dll!AFireball::BeginPlay() [C:\Wire-Hunter\work\choi\WireHunter\Source\WireHunter\Fireball.cpp:30]
[2021.05.19-13.24.47:407][841]LogWindows: Error: [Callstack] 0x00007ffdc9aa097c UE4Editor-Engine.dll!AActor::DispatchBeginPlay() [D:\Build\++UE4\Sync\Engine\Source\Runtime\Engine\Private\Actor.cpp:3397]
[2021.05.19-13.24.47:408][841]LogWindows: Error: [Callstack] 0x00007ffdc9ac7112 UE4Editor-Engine.dll!AActor::PostActorConstruction() [D:\Build\++UE4\Sync\Engine\Source\Runtime\Engine\Private\Actor.cpp:3238]
[2021.05.19-13.24.47:408][841]LogWindows: Error: [Callstack] 0x00007ffdc9aad05c UE4Editor-Engine.dll!AActor::FinishSpawning() [D:\Build\++UE4\Sync\Engine\Source\Runtime\Engine\Private\Actor.cpp:3137]
[2021.05.19-13.24.47:408][841]LogWindows: Error: [Callstack] 0x00007ffdc9aca43a UE4Editor-Engine.dll!AActor::PostSpawnInitialize() [D:\Build\++UE4\Sync\Engine\Source\Runtime\Engine\Private\Actor.cpp:3080]
[2021.05.19-13.24.47:408][841]LogWindows: Error: [Callstack] 0x00007ffdca353da8 UE4Editor-Engine.dll!UWorld::SpawnActor() [D:\Build\++UE4\Sync\Engine\Source\Runtime\Engine\Private\LevelActor.cpp:511]
[2021.05.19-13.24.47:408][841]LogWindows: Error: [Callstack] 0x00007ffdca354218 UE4Editor-Engine.dll!UWorld::SpawnActor() [D:\Build\++UE4\Sync\Engine\Source\Runtime\Engine\Private\LevelActor.cpp:304]
[2021.05.19-13.24.47:408][841]LogWindows: Error: [Callstack] 0x00007ffda8208b3b UE4Editor-WireHunter-0005.dll!ABoss::Spawn() [C:\Wire-Hunter\work\choi\WireHunter\Source\WireHunter\Boss.cpp:371]
[2021.05.19-13.24.47:408][841]LogWindows: Error: [Callstack] 0x00007ffda820676d UE4Editor-WireHunter-0005.dll!ABoss::DoAStar() [C:\Wire-Hunter\work\choi\WireHunter\Source\WireHunter\Boss.cpp:293]
[2021.05.19-13.24.47:408][841]LogWindows: Error: [Callstack] 0x00007ffda8208d7c UE4Editor-WireHunter-0005.dll!ABoss::Tick() [C:\Wire-Hunter\work\choi\WireHunter\Source\WireHunter\Boss.cpp:343]
[2021.05.19-13.24.47:408][841]LogWindows: Error: [Callstack] 0x00007ffdc9ae441a UE4Editor-Engine.dll!AActor::TickActor() [D:\Build\++UE4\Sync\Engine\Source\Runtime\Engine\Private\Actor.cpp:1009]
[2021.05.19-13.24.47:408][841]LogWindows: Error: [Callstack] 0x00007ffdc9aa9f84 UE4Editor-Engine.dll!FActorTickFunction::ExecuteTick() [D:\Build\++UE4\Sync\Engine\Source\Runtime\Engine\Private\Actor.cpp:171]
[2021.05.19-13.24.47:408][841]LogWindows: Error: [Callstack] 0x00007ffdcab6936f UE4Editor-Engine.dll!FTickFunctionTask::DoTask() [D:\Build\++UE4\Sync\Engine\Source\Runtime\Engine\Private\TickTaskManager.cpp:283]
[2021.05.19-13.24.47:408][841]LogWindows: Error: [Callstack] 0x00007ffdcab6e3c7 UE4Editor-Engine.dll!TGraphTask<FTickFunctionTask>::ExecuteTask() [D:\Build\++UE4\Sync\Engine\Source\Runtime\Core\Public\Async\TaskGraphInterfaces.h:849]
[2021.05.19-13.24.47:408][841]LogWindows: Error: [Callstack] 0x00007ffdc32087d8 UE4Editor-Core.dll!FNamedTaskThread::ProcessTasksNamedThread() [D:\Build\++UE4\Sync\Engine\Source\Runtime\Core\Private\Async\TaskGraph.cpp:692]
[2021.05.19-13.24.47:408][841]LogWindows: Error: [Callstack] 0x00007ffdc3208aa3 UE4Editor-Core.dll!FNamedTaskThread::ProcessTasksUntilQuit() [D:\Build\++UE4\Sync\Engine\Source\Runtime\Core\Private\Async\TaskGraph.cpp:587]
[2021.05.19-13.24.47:408][841]LogWindows: Error: [Callstack] 0x00007ffdc321f027 UE4Editor-Core.dll!FTaskGraphImplementation::WaitUntilTasksComplete() [D:\Build\++UE4\Sync\Engine\Source\Runtime\Core\Private\Async\TaskGraph.cpp:1478]
[2021.05.19-13.24.47:408][841]LogWindows: Error: [Callstack] 0x00007ffdcab8a402 UE4Editor-Engine.dll!FTickTaskSequencer::ReleaseTickGroup() [D:\Build\++UE4\Sync\Engine\Source\Runtime\Engine\Private\TickTaskManager.cpp:558]
[2021.05.19-13.24.47:408][841]LogWindows: Error: [Callstack] 0x00007ffdcab8f6ca UE4Editor-Engine.dll!FTickTaskManager::RunTickGroup() [D:\Build\++UE4\Sync\Engine\Source\Runtime\Engine\Private\TickTaskManager.cpp:1523]
[2021.05.19-13.24.47:408][841]LogWindows: Error: [Callstack] 0x00007ffdca34d0bf UE4Editor-Engine.dll!UWorld::RunTickGroup() [D:\Build\++UE4\Sync\Engine\Source\Runtime\Engine\Private\LevelTick.cpp:783]
[2021.05.19-13.24.47:408][841]LogWindows: Error: [Callstack] 0x00007ffdca357957 UE4Editor-Engine.dll!UWorld::Tick() [D:\Build\++UE4\Sync\Engine\Source\Runtime\Engine\Private\LevelTick.cpp:1558]
[2021.05.19-13.24.47:408][841]LogWindows: Error: [Callstack] 0x00007ffdc1edaf57 UE4Editor-UnrealEd.dll!UEditorEngine::Tick() [D:\Build\++UE4\Sync\Engine\Source\Editor\UnrealEd\Private\EditorEngine.cpp:1693]
[2021.05.19-13.24.47:408][841]LogWindows: Error: [Callstack] 0x00007ffdc27b37e6 UE4Editor-UnrealEd.dll!UUnrealEdEngine::Tick() [D:\Build\++UE4\Sync\Engine\Source\Editor\UnrealEd\Private\UnrealEdEngine.cpp:414]
[2021.05.19-13.24.47:408][841]LogWindows: Error: [Callstack] 0x00007ff758297800 UE4Editor.exe!FEngineLoop::Tick() [D:\Build\++UE4\Sync\Engine\Source\Runtime\Launch\Private\LaunchEngineLoop.cpp:4850]
[2021.05.19-13.24.47:408][841]LogWindows: Error: [Callstack] 0x00007ff7582aba7c UE4Editor.exe!GuardedMain() [D:\Build\++UE4\Sync\Engine\Source\Runtime\Launch\Private\Launch.cpp:169]
[2021.05.19-13.24.47:408][841]LogWindows: Error: [Callstack] 0x00007ff7582abb5a UE4Editor.exe!GuardedMainWrapper() [D:\Build\++UE4\Sync\Engine\Source\Runtime\Launch\Private\Windows\LaunchWindows.cpp:137]
[2021.05.19-13.24.47:408][841]LogWindows: Error: [Callstack] 0x00007ff7582be31d UE4Editor.exe!WinMain() [D:\Build\++UE4\Sync\Engine\Source\Runtime\Launch\Private\Windows\LaunchWindows.cpp:268]
[2021.05.19-13.24.47:408][841]LogWindows: Error: [Callstack] 0x00007ff7582c145a UE4Editor.exe!__scrt_common_main_seh() [d:\agent\_work\5\s\src\vctools\crt\vcstartup\src\startup\exe_common.inl:288]
[2021.05.19-13.24.47:408][841]LogWindows: Error: [Callstack] 0x00007ffe267e7034 KERNEL32.DLL!UnknownFunction []
[2021.05.19-13.24.47:408][841]LogWindows: Error: [Callstack] 0x00007ffe28002651 ntdll.dll!UnknownFunction []
[2021.05.19-13.24.47:408][841]LogWindows: Error: 
[2021.05.19-13.24.47:425][841]LogExit: Executing StaticShutdownAfterError
[2021.05.19-13.24.47:433][841]LogWindows: FPlatformMisc::RequestExit(1)
[2021.05.19-13.24.47:433][841]LogCore: Engine exit requested (reason: Win RequestExit)
[2021.05.19-13.24.47:442][841]Log file closed, 05/19/21 22:24:47
