Log file open, 06/02/21 07:08:55
LogInit: Display: Running engine for game: WireHunter
LogPlatformFile: Not using cached read wrapper
LogTaskGraph: Started task graph with 5 named threads and 35 total threads with 3 sets of task threads.
LogStats: Stats thread started at 0.157089
LogD3D11RHI: Loaded GFSDK_Aftermath_Lib.x64.dll
LogICUInternationalization: ICU TimeZone Detection - Raw Offset: +9:00, Platform Override: ''
LogPluginManager: Mounting plugin Paper2D
LogPluginManager: Mounting plugin AISupport
LogPluginManager: Mounting plugin LightPropagationVolume
LogPluginManager: Mounting plugin CameraShakePreviewer
LogPluginManager: Mounting plugin ActorLayerUtilities
LogPluginManager: Mounting plugin AnimationSharing
LogPluginManager: Mounting plugin CLionSourceCodeAccess
LogPluginManager: Mounting plugin CodeLiteSourceCodeAccess
LogPluginManager: Mounting plugin GitSourceControl
LogPluginManager: Mounting plugin KDevelopSourceCodeAccess
LogPluginManager: Mounting plugin NullSourceCodeAccess
LogPluginManager: Mounting plugin PerforceSourceControl
LogPluginManager: Mounting plugin PlasticSourceControl
LogPluginManager: Mounting plugin RiderSourceCodeAccess
LogPluginManager: Mounting plugin SubversionSourceControl
LogPluginManager: Mounting plugin UObjectPlugin
LogPluginManager: Mounting plugin VisualStudioCodeSourceCodeAccess
LogPluginManager: Mounting plugin VisualStudioSourceCodeAccess
LogPluginManager: Mounting plugin XCodeSourceCodeAccess
LogPluginManager: Mounting plugin AssetManagerEditor
LogPluginManager: Mounting plugin BlueprintMaterialTextureNodes
LogPluginManager: Mounting plugin CryptoKeys
LogPluginManager: Mounting plugin CurveEditorTools
LogPluginManager: Mounting plugin DataValidation
LogPluginManager: Mounting plugin EditorScriptingUtilities
LogPluginManager: Mounting plugin FacialAnimation
LogPluginManager: Mounting plugin GameplayTagsEditor
LogPluginManager: Mounting plugin GeometryMode
LogPluginManager: Mounting plugin MacGraphicsSwitching
LogPluginManager: Mounting plugin MaterialAnalyzer
LogPluginManager: Mounting plugin MobileLauncherProfileWizard
LogPluginManager: Mounting plugin PluginBrowser
LogPluginManager: Mounting plugin SpeedTreeImporter
LogPluginManager: Mounting plugin DatasmithContent
LogPluginManager: Mounting plugin VariantManagerContent
LogPluginManager: Mounting plugin AlembicImporter
LogPluginManager: Mounting plugin AutomationUtils
LogPluginManager: Mounting plugin BackChannel
LogPluginManager: Mounting plugin ChaosCloth
LogPluginManager: Mounting plugin ChaosClothEditor
LogPluginManager: Mounting plugin ChaosEditor
LogPluginManager: Mounting plugin ChaosNiagara
LogPluginManager: Mounting plugin ChaosSolverPlugin
LogPluginManager: Mounting plugin CharacterAI
LogPluginManager: Mounting plugin GeometryCache
LogPluginManager: Mounting plugin GeometryCollectionPlugin
LogPluginManager: Mounting plugin GeometryProcessing
LogPluginManager: Mounting plugin PlanarCut
LogPluginManager: Mounting plugin PlatformCrypto
LogPluginManager: Mounting plugin ProxyLODPlugin
LogPluginManager: Mounting plugin SkeletalReduction
LogPluginManager: Mounting plugin Volumetrics
LogPluginManager: Mounting plugin Niagara
LogPluginManager: Mounting plugin MagicLeap
LogPluginManager: Mounting plugin MagicLeapLightEstimation
LogPluginManager: Mounting plugin MagicLeapMedia
LogPluginManager: Mounting plugin MagicLeapPassableWorld
LogPluginManager: Mounting plugin MLSDK
LogPluginManager: Mounting plugin AndroidMedia
LogPluginManager: Mounting plugin AvfMedia
LogPluginManager: Mounting plugin ImgMedia
LogPluginManager: Mounting plugin MediaCompositing
LogPluginManager: Mounting plugin MediaPlayerEditor
LogPluginManager: Mounting plugin WebMMedia
LogPluginManager: Mounting plugin WmfMedia
LogPluginManager: Mounting plugin MeshPainting
LogPluginManager: Mounting plugin TcpMessaging
LogPluginManager: Mounting plugin UdpMessaging
LogPluginManager: Mounting plugin ActorSequence
LogPluginManager: Mounting plugin LevelSequenceEditor
LogPluginManager: Mounting plugin MatineeToLevelSequence
LogPluginManager: Mounting plugin MovieRenderPipeline
LogPluginManager: Mounting plugin TemplateSequence
LogPluginManager: Mounting plugin NetcodeUnitTest
LogPluginManager: Mounting plugin NUTUnrealEngine4
LogPluginManager: Mounting plugin OnlineSubsystemGooglePlay
LogPluginManager: Mounting plugin OnlineSubsystemIOS
LogPluginManager: Mounting plugin OnlineSubsystem
LogPluginManager: Mounting plugin OnlineSubsystemNull
LogPluginManager: Mounting plugin OnlineSubsystemUtils
LogPluginManager: Mounting plugin LauncherChunkInstaller
LogPluginManager: Mounting plugin AndroidDeviceProfileSelector
LogPluginManager: Mounting plugin AndroidMoviePlayer
LogPluginManager: Mounting plugin AndroidPermission
LogPluginManager: Mounting plugin AppleImageUtils
LogPluginManager: Mounting plugin AppleMoviePlayer
LogPluginManager: Mounting plugin ArchVisCharacter
LogPluginManager: Mounting plugin AssetTags
LogPluginManager: Mounting plugin AudioCapture
LogPluginManager: Mounting plugin CableComponent
LogPluginManager: Mounting plugin CustomMeshComponent
LogPluginManager: Mounting plugin EditableMesh
LogPluginManager: Mounting plugin ExampleDeviceProfileSelector
LogPluginManager: Mounting plugin GoogleCloudMessaging
LogPluginManager: Mounting plugin GooglePAD
LogPluginManager: Mounting plugin IOSDeviceProfileSelector
LogPluginManager: Mounting plugin LinuxDeviceProfileSelector
LogPluginManager: Mounting plugin LocationServicesBPLibrary
LogPluginManager: Mounting plugin MobilePatchingUtils
LogPluginManager: Mounting plugin OculusVR
LogPluginManager: Mounting plugin PhysXVehicles
LogPluginManager: Mounting plugin PostSplashScreen
LogPluginManager: Mounting plugin ProceduralMeshComponent
LogPluginManager: Mounting plugin RuntimePhysXCooking
LogPluginManager: Mounting plugin SignificanceManager
LogPluginManager: Mounting plugin SoundFields
LogPluginManager: Mounting plugin SteamVR
LogPluginManager: Mounting plugin Synthesis
LogPluginManager: Mounting plugin WebMMoviePlayer
LogPluginManager: Mounting plugin WindowsMoviePlayer
LogPluginManager: Mounting plugin ScreenshotTools
LogInit: Warning: Incompatible or missing module: WireHunter
Running C:/Program Files/Epic Games/UE_4.25/Engine/Binaries/DotNET/UnrealBuildTool.exe Development Win64 -Project="C:/Wire-Hunter/work/choi/WireHunter/WireHunter.uproject" -TargetType=Editor -Progress -NoEngineChanges -NoHotReloadFromIDE
Creating makefile for WireHunterEditor (no existing makefile)
C:\Wire-Hunter\work\choi\WireHunter\Source\WireHunter\WireHunter.Build.cs: warning: Referenced directory 'C:\Wire-Hunter\work\choi\WireHunter\Source\CableComponent\Public' does not exist.
C:\Wire-Hunter\work\choi\WireHunter\Source\WireHunter\WireHunter.Build.cs: warning: Referenced directory 'C:\Wire-Hunter\work\choi\WireHunter\Source\CableComponent\Classes' does not exist.
C:\Wire-Hunter\work\choi\WireHunter\Source\WireHunter\WireHunter.Build.cs: warning: Referenced directory 'C:\Wire-Hunter\work\choi\WireHunter\Source\Paper2D\Public' does not exist.
C:\Wire-Hunter\work\choi\WireHunter\Source\WireHunter\WireHunter.Build.cs: warning: Referenced directory 'C:\Wire-Hunter\work\choi\WireHunter\Source\Paper2D\Classes' does not exist.
@progress push 5%
@progress pop
Building WireHunterEditor...
Using Visual Studio 2019 14.28.29333 toolchain (C:\Program Files (x86)\Microsoft Visual Studio\2019\Community\VC\Tools\MSVC\14.28.29333) and Windows 10.0.18362.0 SDK (C:\Program Files (x86)\Windows Kits\10).
Building 18 actions with 12 processes...
  @progress 'Compiling C++ source code...' 0%
  @progress 'Compiling C++ source code...' 6%
  [1/18] WireHunterCharacter.gen.cpp
  C:\Wire-Hunter\work\choi\WireHunter\Source\WireHunter/WireHunterCharacter.h(190): error C2059: ???? ????: '<<'
  C:\Wire-Hunter\work\choi\WireHunter\Source\WireHunter/WireHunterCharacter.h(192): error C2238: ';' ?տ? ????ġ ???? ??ū?? ?ֽ??ϴ?.
  C:\Wire-Hunter\work\choi\WireHunter\Source\WireHunter/WireHunterCharacter.h(195): error C2059: ???? ????: '>>'
  C:\Wire-Hunter\work\choi\WireHunter\Source\WireHunter/WireHunterCharacter.h(197): error C2238: ';' ?տ? ????ġ ???? ??ū?? ?ֽ??ϴ?.
  @progress 'Compiling C++ source code...' 11%
  [2/18] WireHunterGameMode.cpp
  C:\Wire-Hunter\work\choi\WireHunter\Source\WireHunter\WireHunterCharacter.h(190): error C2059: ???? ????: '<<'
  C:\Wire-Hunter\work\choi\WireHunter\Source\WireHunter\WireHunterCharacter.h(192): error C2238: ';' ?տ? ????ġ ???? ??ū?? ?ֽ??ϴ?.
  C:\Wire-Hunter\work\choi\WireHunter\Source\WireHunter\WireHunterCharacter.h(195): error C2059: ???? ????: '>>'
  C:\Wire-Hunter\work\choi\WireHunter\Source\WireHunter\WireHunterCharacter.h(197): error C2238: ';' ?տ? ????ġ ???? ??ū?? ?ֽ??ϴ?.
  @progress 'Compiling C++ source code...' 17%
  [3/18] HealingPotion.gen.cpp
  C:\Wire-Hunter\work\choi\WireHunter\Source\WireHunter\WireHunterCharacter.h(190): error C2059: ???? ????: '<<'
  C:\Wire-Hunter\work\choi\WireHunter\Source\WireHunter\WireHunterCharacter.h(192): error C2238: ';' ?տ? ????ġ ???? ??ū?? ?ֽ??ϴ?.
  C:\Wire-Hunter\work\choi\WireHunter\Source\WireHunter\WireHunterCharacter.h(195): error C2059: ???? ????: '>>'
  C:\Wire-Hunter\work\choi\WireHunter\Source\WireHunter\WireHunterCharacter.h(197): error C2238: ';' ?տ? ????ġ ???? ??ū?? ?ֽ??ϴ?.
  @progress 'Compiling C++ source code...' 22%
  [4/18] StrengthPotion.gen.cpp
  C:\Wire-Hunter\work\choi\WireHunter\Source\WireHunter\WireHunterCharacter.h(190): error C2059: ???? ????: '<<'
  C:\Wire-Hunter\work\choi\WireHunter\Source\WireHunter\WireHunterCharacter.h(192): error C2238: ';' ?տ? ????ġ ???? ??ū?? ?ֽ??ϴ?.
  C:\Wire-Hunter\work\choi\WireHunter\Source\WireHunter\WireHunterCharacter.h(195): error C2059: ???? ????: '>>'
  C:\Wire-Hunter\work\choi\WireHunter\Source\WireHunter\WireHunterCharacter.h(197): error C2238: ';' ?տ? ????ġ ???? ??ū?? ?ֽ??ϴ?.
  @progress 'Compiling C++ source code...' 28%
  [5/18] SpeedPotion.cpp
  C:\Wire-Hunter\work\choi\WireHunter\Source\WireHunter\WireHunterCharacter.h(190): error C2059: ???? ????: '<<'
  C:\Wire-Hunter\work\choi\WireHunter\Source\WireHunter\WireHunterCharacter.h(192): error C2238: ';' ?տ? ????ġ ???? ??ū?? ?ֽ??ϴ?.
  C:\Wire-Hunter\work\choi\WireHunter\Source\WireHunter\WireHunterCharacter.h(195): error C2059: ???? ????: '>>'
  C:\Wire-Hunter\work\choi\WireHunter\Source\WireHunter\WireHunterCharacter.h(197): error C2238: ';' ?տ? ????ġ ???? ??ū?? ?ֽ??ϴ?.
  @progress 'Compiling C++ source code...' 33%
  [6/18] HealingPotion.cpp
  C:\Wire-Hunter\work\choi\WireHunter\Source\WireHunter\WireHunterCharacter.h(190): error C2059: ???? ????: '<<'
  C:\Wire-Hunter\work\choi\WireHunter\Source\WireHunter\WireHunterCharacter.h(192): error C2238: ';' ?տ? ????ġ ???? ??ū?? ?ֽ??ϴ?.
  C:\Wire-Hunter\work\choi\WireHunter\Source\WireHunter\WireHunterCharacter.h(195): error C2059: ???? ????: '>>'
  C:\Wire-Hunter\work\choi\WireHunter\Source\WireHunter\WireHunterCharacter.h(197): error C2238: ';' ?տ? ????ġ ???? ??ū?? ?ֽ??ϴ?.
  @progress 'Compiling C++ source code...' 39%
  [7/18] PickUp.cpp
  C:\Wire-Hunter\work\choi\WireHunter\Source\WireHunter\WireHunterCharacter.h(190): error C2059: ???? ????: '<<'
  C:\Wire-Hunter\work\choi\WireHunter\Source\WireHunter\WireHunterCharacter.h(192): error C2238: ';' ?տ? ????ġ ???? ??ū?? ?ֽ??ϴ?.
  C:\Wire-Hunter\work\choi\WireHunter\Source\WireHunter\WireHunterCharacter.h(195): error C2059: ???? ????: '>>'
  C:\Wire-Hunter\work\choi\WireHunter\Source\WireHunter\WireHunterCharacter.h(197): error C2238: ';' ?տ? ????ġ ???? ??ū?? ?ֽ??ϴ?.
  @progress 'Compiling C++ source code...' 44%
  [8/18] StrengthPotion.cpp
  C:\Wire-Hunter\work\choi\WireHunter\Source\WireHunter\WireHunterCharacter.h(190): error C2059: ???? ????: '<<'
  C:\Wire-Hunter\work\choi\WireHunter\Source\WireHunter\WireHunterCharacter.h(192): error C2238: ';' ?տ? ????ġ ???? ??ū?? ?ֽ??ϴ?.
  C:\Wire-Hunter\work\choi\WireHunter\Source\WireHunter\WireHunterCharacter.h(195): error C2059: ???? ????: '>>'
  C:\Wire-Hunter\work\choi\WireHunter\Source\WireHunter\WireHunterCharacter.h(197): error C2238: ';' ?տ? ????ġ ???? ??ū?? ?ֽ??ϴ?.
  @progress 'Compiling C++ source code...' 50%
  [9/18] SpeedPotion.gen.cpp
  C:\Wire-Hunter\work\choi\WireHunter\Source\WireHunter\WireHunterCharacter.h(190): error C2059: ???? ????: '<<'
  C:\Wire-Hunter\work\choi\WireHunter\Source\WireHunter\WireHunterCharacter.h(192): error C2238: ';' ?տ? ????ġ ???? ??ū?? ?ֽ??ϴ?.
  C:\Wire-Hunter\work\choi\WireHunter\Source\WireHunter\WireHunterCharacter.h(195): error C2059: ???? ????: '>>'
  C:\Wire-Hunter\work\choi\WireHunter\Source\WireHunter\WireHunterCharacter.h(197): error C2238: ';' ?տ? ????ġ ???? ??ū?? ?ֽ??ϴ?.
  @progress 'Compiling C++ source code...' 56%
  [10/18] PickUp.gen.cpp
  C:\Wire-Hunter\work\choi\WireHunter\Source\WireHunter\WireHunterCharacter.h(190): error C2059: ???? ????: '<<'
  C:\Wire-Hunter\work\choi\WireHunter\Source\WireHunter\WireHunterCharacter.h(192): error C2238: ';' ?տ? ????ġ ???? ??ū?? ?ֽ??ϴ?.
  C:\Wire-Hunter\work\choi\WireHunter\Source\WireHunter\WireHunterCharacter.h(195): error C2059: ???? ????: '>>'
  C:\Wire-Hunter\work\choi\WireHunter\Source\WireHunter\WireHunterCharacter.h(197): error C2238: ';' ?տ? ????ġ ???? ??ū?? ?ֽ??ϴ?.
  @progress 'Compiling C++ source code...' 61%
  [11/18] HealthBar.cpp
  C:\Wire-Hunter\work\choi\WireHunter\Source\WireHunter\WireHunterCharacter.h(190): error C2059: ???? ????: '<<'
  C:\Wire-Hunter\work\choi\WireHunter\Source\WireHunter\WireHunterCharacter.h(192): error C2238: ';' ?տ? ????ġ ???? ??ū?? ?ֽ??ϴ?.
  C:\Wire-Hunter\work\choi\WireHunter\Source\WireHunter\WireHunterCharacter.h(195): error C2059: ???? ????: '>>'
  C:\Wire-Hunter\work\choi\WireHunter\Source\WireHunter\WireHunterCharacter.h(197): error C2238: ';' ?տ? ????ġ ???? ??ū?? ?ֽ??ϴ?.
  @progress 'Compiling C++ source code...' 67%
  [12/18] Fireball.cpp
  C:\Wire-Hunter\work\choi\WireHunter\Source\WireHunter\WireHunterCharacter.h(190): error C2059: ???? ????: '<<'
  C:\Wire-Hunter\work\choi\WireHunter\Source\WireHunter\WireHunterCharacter.h(192): error C2238: ';' ?տ? ????ġ ???? ??ū?? ?ֽ??ϴ?.
  C:\Wire-Hunter\work\choi\WireHunter\Source\WireHunter\WireHunterCharacter.h(195): error C2059: ???? ????: '>>'
  C:\Wire-Hunter\work\choi\WireHunter\Source\WireHunter\WireHunterCharacter.h(197): error C2238: ';' ?տ? ????ġ ???? ??ū?? ?ֽ??ϴ?.
  @progress 'Compiling C++ source code...' 72%
  [13/18] HealthBar.gen.cpp
  C:\Wire-Hunter\work\choi\WireHunter\Source\WireHunter\WireHunterCharacter.h(190): error C2059: ???? ????: '<<'
  C:\Wire-Hunter\work\choi\WireHunter\Source\WireHunter\WireHunterCharacter.h(192): error C2238: ';' ?տ? ????ġ ???? ??ū?? ?ֽ??ϴ?.
  C:\Wire-Hunter\work\choi\WireHunter\Source\WireHunter\WireHunterCharacter.h(195): error C2059: ???? ????: '>>'
  C:\Wire-Hunter\work\choi\WireHunter\Source\WireHunter\WireHunterCharacter.h(197): error C2238: ';' ?տ? ????ġ ???? ??ū?? ?ֽ??ϴ?.
  @progress 'Compiling C++ source code...' 78%
  [14/18] Boss.cpp
  C:\Wire-Hunter\work\choi\WireHunter\Source\WireHunter\WireHunterCharacter.h(190): error C2059: ???? ????: '<<'
  C:\Wire-Hunter\work\choi\WireHunter\Source\WireHunter\WireHunterCharacter.h(192): error C2238: ';' ?տ? ????ġ ???? ??ū?? ?ֽ??ϴ?.
  C:\Wire-Hunter\work\choi\WireHunter\Source\WireHunter\WireHunterCharacter.h(195): error C2059: ???? ????: '>>'
  C:\Wire-Hunter\work\choi\WireHunter\Source\WireHunter\WireHunterCharacter.h(197): error C2238: ';' ?տ? ????ġ ???? ??ū?? ?ֽ??ϴ?.
  @progress 'Compiling C++ source code...' 83%
  [15/18] WireHunterCharacter.cpp
  C:\Wire-Hunter\work\choi\WireHunter\Source\WireHunter\WireHunterCharacter.h(190): error C2059: ???? ????: '<<'
  C:\Wire-Hunter\work\choi\WireHunter\Source\WireHunter\WireHunterCharacter.h(192): error C2238: ';' ?տ? ????ġ ???? ??ū?? ?ֽ??ϴ?.
  C:\Wire-Hunter\work\choi\WireHunter\Source\WireHunter\WireHunterCharacter.h(195): error C2059: ???? ????: '>>'
  C:\Wire-Hunter\work\choi\WireHunter\Source\WireHunter\WireHunterCharacter.h(197): error C2238: ';' ?տ? ????ġ ???? ??ū?? ?ֽ??ϴ?.
  C:\Wire-Hunter\work\choi\WireHunter\Source\WireHunter\WireHunterCharacter.cpp(164): error C2039: 'Reload': 'AWireHunterCharacter'?? ?????? ?ƴմϴ?.
  C:\Wire-Hunter\work\choi\WireHunter\Source\WireHunter\WireHunterCharacter.h(11): note: 'AWireHunterCharacter' ?????? ?????Ͻʽÿ?.
  C:\Wire-Hunter\work\choi\WireHunter\Source\WireHunter\WireHunterCharacter.cpp(164): error C2065: 'Reload': ???????? ???? ?ĺ????Դϴ?.
  C:\Wire-Hunter\work\choi\WireHunter\Source\WireHunter\WireHunterCharacter.cpp(281): error C2065: 'TimerHandle_HandleRefire': ???????? ???? ?ĺ????Դϴ?.
  C:\Wire-Hunter\work\choi\WireHunter\Source\WireHunter\WireHunterCharacter.cpp(287): error C2065: 'TimerHandle_HandleRefire': ???????? ???? ?ĺ????Դϴ?.
  C:\Wire-Hunter\work\choi\WireHunter\Source\WireHunter\WireHunterCharacter.cpp(341): error C2039: 'Reload': 'AWireHunterCharacter'?? ?????? ?ƴմϴ?.
  C:\Wire-Hunter\work\choi\WireHunter\Source\WireHunter\WireHunterCharacter.h(11): note: 'AWireHunterCharacter' ?????? ?????Ͻʽÿ?.
  C:\Wire-Hunter\work\choi\WireHunter\Source\WireHunter\WireHunterCharacter.cpp(343): error C2065: 'ReloadAnim': ???????? ???? ?ĺ????Դϴ?.
  C:\Wire-Hunter\work\choi\WireHunter\Source\WireHunter\WireHunterCharacter.cpp(343): error C3861: 'PlayAnimMontage': ?ĺ??ڸ? ã?? ?? ?????ϴ?.
  C:\Wire-Hunter\work\choi\WireHunter\Source\WireHunter\WireHunterCharacter.cpp(589): error C2059: ???? ????: '<<'
LogInit: Warning: Still incompatible or missing module: WireHunter
LogCore: Engine exit requested (reason: EngineExit() was called)
LogExit: Preparing to exit.
LogModuleManager: Shutting down and abandoning module DesktopPlatform (46)
LogModuleManager: Shutting down and abandoning module PlatformCryptoOpenSSL (44)
LogModuleManager: Shutting down and abandoning module PlatformCryptoTypes (42)
LogModuleManager: Shutting down and abandoning module PlatformCrypto (40)
LogModuleManager: Shutting down and abandoning module AnimationModifiers (38)
LogModuleManager: Shutting down and abandoning module PropertyEditor (37)
LogModuleManager: Shutting down and abandoning module AudioEditor (34)
LogModuleManager: Shutting down and abandoning module TextureCompressor (32)
LogModuleManager: Shutting down and abandoning module RenderCore (30)
LogModuleManager: Shutting down and abandoning module Landscape (28)
LogModuleManager: Shutting down and abandoning module SlateRHIRenderer (26)
LogModuleManager: Shutting down and abandoning module OpenGLDrv (24)
LogModuleManager: Shutting down and abandoning module D3D11RHI (22)
LogModuleManager: Shutting down and abandoning module AnimGraphRuntime (20)
LogModuleManager: Shutting down and abandoning module Renderer (18)
LogModuleManager: Shutting down and abandoning module Engine (16)
LogModuleManager: Shutting down and abandoning module CoreUObject (14)
LogModuleManager: Shutting down and abandoning module NetworkFile (12)
LogModuleManager: Shutting down and abandoning module CookedIterativeFile (10)
LogModuleManager: Shutting down and abandoning module StreamingFile (8)
LogModuleManager: Shutting down and abandoning module SandboxFile (6)
LogModuleManager: Shutting down and abandoning module PakFile (4)
LogModuleManager: Shutting down and abandoning module RSA (3)
LogExit: Exiting.
Log file closed, 06/02/21 07:09:16
