Log file open, 03/17/21 02:41:40
LogInit: Display: Running engine for game: WireHunter
LogPlatformFile: Not using cached read wrapper
LogTaskGraph: Started task graph with 5 named threads and 35 total threads with 3 sets of task threads.
LogStats: Stats thread started at 0.750318
LogD3D11RHI: Loaded GFSDK_Aftermath_Lib.x64.dll
LogICUInternationalization: ICU TimeZone Detection - Raw Offset: +9:00, Platform Override: ''
LogPluginManager: Mounting plugin Paper2D
LogPluginManager: Mounting plugin AISupport
LogPluginManager: Mounting plugin LightPropagationVolume
LogPluginManager: Mounting plugin CameraShakePreviewer
LogPluginManager: Mounting plugin ActorLayerUtilities
LogPluginManager: Mounting plugin AnimationSharing
LogPluginManager: Mounting plugin CLionSourceCodeAccess
LogPluginManager: Mounting plugin CodeLiteSourceCodeAccess
LogPluginManager: Mounting plugin GitSourceControl
LogPluginManager: Mounting plugin KDevelopSourceCodeAccess
LogPluginManager: Mounting plugin NullSourceCodeAccess
LogPluginManager: Mounting plugin PerforceSourceControl
LogPluginManager: Mounting plugin PlasticSourceControl
LogPluginManager: Mounting plugin RiderSourceCodeAccess
LogPluginManager: Mounting plugin SubversionSourceControl
LogPluginManager: Mounting plugin UObjectPlugin
LogPluginManager: Mounting plugin VisualStudioCodeSourceCodeAccess
LogPluginManager: Mounting plugin VisualStudioSourceCodeAccess
LogPluginManager: Mounting plugin XCodeSourceCodeAccess
LogPluginManager: Mounting plugin AssetManagerEditor
LogPluginManager: Mounting plugin CryptoKeys
LogPluginManager: Mounting plugin CurveEditorTools
LogPluginManager: Mounting plugin DataValidation
LogPluginManager: Mounting plugin EditorScriptingUtilities
LogPluginManager: Mounting plugin FacialAnimation
LogPluginManager: Mounting plugin GameplayTagsEditor
LogPluginManager: Mounting plugin GeometryMode
LogPluginManager: Mounting plugin MacGraphicsSwitching
LogPluginManager: Mounting plugin MaterialAnalyzer
LogPluginManager: Mounting plugin MobileLauncherProfileWizard
LogPluginManager: Mounting plugin PluginBrowser
LogPluginManager: Mounting plugin SpeedTreeImporter
LogPluginManager: Mounting plugin DatasmithContent
LogPluginManager: Mounting plugin VariantManagerContent
LogPluginManager: Mounting plugin AlembicImporter
LogPluginManager: Mounting plugin AutomationUtils
LogPluginManager: Mounting plugin BackChannel
LogPluginManager: Mounting plugin ChaosCloth
LogPluginManager: Mounting plugin ChaosClothEditor
LogPluginManager: Mounting plugin ChaosEditor
LogPluginManager: Mounting plugin ChaosNiagara
LogPluginManager: Mounting plugin ChaosSolverPlugin
LogPluginManager: Mounting plugin CharacterAI
LogPluginManager: Mounting plugin GeometryCache
LogPluginManager: Mounting plugin GeometryCollectionPlugin
LogPluginManager: Mounting plugin GeometryProcessing
LogPluginManager: Mounting plugin PlanarCut
LogPluginManager: Mounting plugin PlatformCrypto
LogPluginManager: Mounting plugin ProxyLODPlugin
LogPluginManager: Mounting plugin SkeletalReduction
LogPluginManager: Mounting plugin Niagara
LogPluginManager: Mounting plugin MagicLeap
LogPluginManager: Mounting plugin MagicLeapLightEstimation
LogPluginManager: Mounting plugin MagicLeapMedia
LogPluginManager: Mounting plugin MagicLeapPassableWorld
LogPluginManager: Mounting plugin MLSDK
LogPluginManager: Mounting plugin AndroidMedia
LogPluginManager: Mounting plugin AvfMedia
LogPluginManager: Mounting plugin ImgMedia
LogPluginManager: Mounting plugin MediaCompositing
LogPluginManager: Mounting plugin MediaPlayerEditor
LogPluginManager: Mounting plugin WebMMedia
LogPluginManager: Mounting plugin WmfMedia
LogPluginManager: Mounting plugin MeshPainting
LogPluginManager: Mounting plugin TcpMessaging
LogPluginManager: Mounting plugin UdpMessaging
LogPluginManager: Mounting plugin ActorSequence
LogPluginManager: Mounting plugin LevelSequenceEditor
LogPluginManager: Mounting plugin MatineeToLevelSequence
LogPluginManager: Mounting plugin MovieRenderPipeline
LogPluginManager: Mounting plugin TemplateSequence
LogPluginManager: Mounting plugin NetcodeUnitTest
LogPluginManager: Mounting plugin NUTUnrealEngine4
LogPluginManager: Mounting plugin OnlineSubsystemGooglePlay
LogPluginManager: Mounting plugin OnlineSubsystemIOS
LogPluginManager: Mounting plugin OnlineSubsystem
LogPluginManager: Mounting plugin OnlineSubsystemNull
LogPluginManager: Mounting plugin OnlineSubsystemUtils
LogPluginManager: Mounting plugin LauncherChunkInstaller
LogPluginManager: Mounting plugin AndroidDeviceProfileSelector
LogPluginManager: Mounting plugin AndroidMoviePlayer
LogPluginManager: Mounting plugin AndroidPermission
LogPluginManager: Mounting plugin AppleImageUtils
LogPluginManager: Mounting plugin AppleMoviePlayer
LogPluginManager: Mounting plugin ArchVisCharacter
LogPluginManager: Mounting plugin AssetTags
LogPluginManager: Mounting plugin AudioCapture
LogPluginManager: Mounting plugin CableComponent
LogPluginManager: Mounting plugin CustomMeshComponent
LogPluginManager: Mounting plugin EditableMesh
LogPluginManager: Mounting plugin ExampleDeviceProfileSelector
LogPluginManager: Mounting plugin GoogleCloudMessaging
LogPluginManager: Mounting plugin GooglePAD
LogPluginManager: Mounting plugin IOSDeviceProfileSelector
LogPluginManager: Mounting plugin LinuxDeviceProfileSelector
LogPluginManager: Mounting plugin LocationServicesBPLibrary
LogPluginManager: Mounting plugin MobilePatchingUtils
LogPluginManager: Mounting plugin OculusVR
LogPluginManager: Mounting plugin PhysXVehicles
LogPluginManager: Mounting plugin PostSplashScreen
LogPluginManager: Mounting plugin ProceduralMeshComponent
LogPluginManager: Mounting plugin RuntimePhysXCooking
LogPluginManager: Mounting plugin SignificanceManager
LogPluginManager: Mounting plugin SoundFields
LogPluginManager: Mounting plugin SteamVR
LogPluginManager: Mounting plugin Synthesis
LogPluginManager: Mounting plugin WebMMoviePlayer
LogPluginManager: Mounting plugin WindowsMoviePlayer
LogPluginManager: Mounting plugin ScreenshotTools
LogInit: Warning: Incompatible or missing module: WireHunter
Running C:/Program Files/Epic Games/UE_4.25/Engine/Binaries/DotNET/UnrealBuildTool.exe Development Win64 -Project="C:/Wire-Hunter/work/choi/WireHunter/WireHunter.uproject" -TargetType=Editor -Progress -NoEngineChanges -NoHotReloadFromIDE
Creating makefile for WireHunterEditor (game project files are newer)
@progress push 5%
Parsing headers for WireHunterEditor
  Running UnrealHeaderTool "C:\Wire-Hunter\work\choi\WireHunter\WireHunter.uproject" "C:\Wire-Hunter\work\choi\WireHunter\Intermediate\Build\Win64\WireHunterEditor\Development\WireHunterEditor.uhtmanifest" -LogCmds="loginit warning, logexit warning, logdatabase error" -Unattended -WarningsAsErrors -abslog="C:\Users\????ȣ\AppData\Local\UnrealBuildTool\Log_UHT.txt" -installed
Reflection code generated for WireHunterEditor in 25.4041567 seconds
@progress pop
Building WireHunterEditor...
Using Visual Studio 2019 14.27.29111 toolchain (C:\Program Files (x86)\Microsoft Visual Studio\2019\Community\VC\Tools\MSVC\14.27.29110) and Windows 10.0.18362.0 SDK (C:\Program Files (x86)\Windows Kits\10).
Building 29 actions with 12 processes...
  @progress 'Compiling C++ source code...' 0%
  @progress 'Compiling C++ source code...' 3%
  [1/29] Default.rc2
  @progress 'Compiling C++ source code...' 7%
  [2/29] SharedPCH.Engine.ShadowErrors.cpp
  @progress 'Compiling C++ source code...' 10%
  [3/29] EditorPawn.cpp
  @progress 'Compiling C++ source code...' 14%
  [4/29] Bullet.cpp
  @progress 'Compiling C++ source code...' 17%
  [5/29] MyLevelScriptActor.cpp
  @progress 'Compiling C++ source code...' 21%
  [6/29] WireHunter.cpp
  @progress 'Compiling C++ source code...' 24%
  [7/29] MyHUD.cpp
  @progress 'Compiling C++ source code...' 28%
  [8/29] Bullet.gen.cpp
  @progress 'Compiling C++ source code...' 31%
  [9/29] PickUp.cpp
  @progress 'Compiling C++ source code...' 34%
  [10/29] EditorPawn.gen.cpp
  @progress 'Compiling C++ source code...' 38%
  [11/29] MyHUD.gen.cpp
  @progress 'Compiling C++ source code...' 41%
  [12/29] MyLevelScriptActor.gen.cpp
  @progress 'Compiling C++ source code...' 45%
  [13/29] WireHunter.init.gen.cpp
  @progress 'Compiling C++ source code...' 48%
  [14/29] PickUp.gen.cpp
  @progress 'Compiling C++ source code...' 52%
  [15/29] WireHunterGameMode.gen.cpp
  @progress 'Compiling C++ source code...' 55%
  [16/29] WireHunterCharacter.gen.cpp
  @progress 'Compiling C++ source code...' 59%
  [17/29] WireHunterGameMode.cpp
  @progress 'Compiling C++ source code...' 62%
  [18/29] EditorDoll.cpp
  @progress 'Compiling C++ source code...' 66%
  [19/29] EditorPlayerController.cpp
  @progress 'Compiling C++ source code...' 69%
  [20/29] EditorGameMode.cpp
  @progress 'Compiling C++ source code...' 72%
  [21/29] EditorGameMode.gen.cpp
  @progress 'Compiling C++ source code...' 76%
  [22/29] HealthBar.cpp
  @progress 'Compiling C++ source code...' 79%
  [23/29] EditorPlayerController.gen.cpp
  @progress 'Compiling C++ source code...' 83%
  [24/29] HealthBar.gen.cpp
  @progress 'Compiling C++ source code...' 86%
  [25/29] EditorDoll.gen.cpp
  @progress 'Compiling C++ source code...' 90%
  [26/29] WireHunterCharacter.cpp
  @progress 'Compiling C++ source code...' 93%
  [27/29] UE4Editor-WireHunter.lib
     C:\Wire-Hunter\work\choi\WireHunter\Intermediate\Build\Win64\UE4Editor\Development\WireHunter\UE4Editor-WireHunter.lib ???̺귯?? ?? C:\Wire-Hunter\work\choi\WireHunter\Intermediate\Build\Win64\UE4Editor\Development\WireHunter\UE4Editor-WireHunter.exp ??ü?? ?????ϰ? ?ֽ??ϴ?.
  @progress 'Compiling C++ source code...' 97%
  [28/29] UE4Editor-WireHunter.dll
     C:\Wire-Hunter\work\choi\WireHunter\Intermediate\Build\Win64\UE4Editor\Development\WireHunter\UE4Editor-WireHunter.suppressed.lib ???̺귯?? ?? C:\Wire-Hunter\work\choi\WireHunter\Intermediate\Build\Win64\UE4Editor\Development\WireHunter\UE4Editor-WireHunter.suppressed.exp ??ü?? ?????ϰ? ?ֽ??ϴ?.
  @progress 'Compiling C++ source code...' 100%
  [29/29] WireHunterEditor.target
Total time in Parallel executor: 33.65 seconds
Total execution time: 62.18 seconds
LogInit: Using libcurl 7.55.1-DEV
LogInit:  - built for x86_64-pc-win32
LogInit:  - supports SSL with OpenSSL/1.1.1
LogInit:  - supports HTTP deflate (compression) using libz 1.2.8
LogInit:  - other features:
LogInit:      CURL_VERSION_SSL
LogInit:      CURL_VERSION_LIBZ
LogInit:      CURL_VERSION_IPV6
LogInit:      CURL_VERSION_ASYNCHDNS
LogInit:      CURL_VERSION_LARGEFILE
LogInit:      CURL_VERSION_IDN
LogInit:  CurlRequestOptions (configurable via config and command line):
LogInit:  - bVerifyPeer = true  - Libcurl will verify peer certificate
LogInit:  - bUseHttpProxy = false  - Libcurl will NOT use HTTP proxy
LogInit:  - bDontReuseConnections = false  - Libcurl will reuse connections
LogInit:  - MaxHostConnections = 16  - Libcurl will limit the number of connections to a host
LogInit:  - LocalHostAddr = Default
LogInit:  - BufferSize = 65536
LogOnline: OSS: Creating online subsystem instance for: NULL
LogInit: WinSock: version 1.1 (2.2), MaxSocks=32767, MaxUdp=65467
LogOnline: OSS: TryLoadSubsystemAndSetDefault: Loaded subsystem for module [NULL]
LogInit: Build: ++UE4+Release-4.25-CL-14469661
LogInit: Engine Version: 4.25.4-14469661+++UE4+Release-4.25
LogInit: Compatible Engine Version: 4.25.0-13144385+++UE4+Release-4.25
LogInit: Net CL: 13144385
LogInit: OS: Windows 10 (Release 2004) (), CPU: AMD Ryzen 5 2600X Six-Core Processor           , GPU: NVIDIA GeForce GTX 1060 6GB
LogInit: Compiled (64-bit): Oct 11 2020 08:10:49
LogInit: Compiled with Visual C++: 19.24.28315.00
LogInit: Build Configuration: Development
LogInit: Branch Name: ++UE4+Release-4.25
LogInit: Command Line: 
LogInit: Base Directory: C:/Program Files/Epic Games/UE_4.25/Engine/Binaries/Win64/
LogInit: Allocator: TBB
LogInit: Installed Engine Build: 1
LogDevObjectVersion: Number of dev versions registered: 26
LogDevObjectVersion:   Dev-Blueprints (B0D832E4-1F89-4F0D-ACCF-7EB736FD4AA2): 10
LogDevObjectVersion:   Dev-Build (E1C64328-A22C-4D53-A36C-8E866417BD8C): 0
LogDevObjectVersion:   Dev-Core (375EC13C-06E4-48FB-B500-84F0262A717E): 4
LogDevObjectVersion:   Dev-Editor (E4B068ED-F494-42E9-A231-DA0B2E46BB41): 38
LogDevObjectVersion:   Dev-Framework (CFFC743F-43B0-4480-9391-14DF171D2073): 37
LogDevObjectVersion:   Dev-Mobile (B02B49B5-BB20-44E9-A304-32B752E40360): 2
LogDevObjectVersion:   Dev-Networking (A4E4105C-59A1-49B5-A7C5-40C4547EDFEE): 0
LogDevObjectVersion:   Dev-Online (39C831C9-5AE6-47DC-9A44-9C173E1C8E7C): 0
LogDevObjectVersion:   Dev-Physics (78F01B33-EBEA-4F98-B9B4-84EACCB95AA2): 4
LogDevObjectVersion:   Dev-Platform (6631380F-2D4D-43E0-8009-CF276956A95A): 0
LogDevObjectVersion:   Dev-Rendering (12F88B9F-8875-4AFC-A67C-D90C383ABD29): 43
LogDevObjectVersion:   Dev-Sequencer (7B5AE74C-D270-4C10-A958-57980B212A5A): 12
LogDevObjectVersion:   Dev-VR (D7296918-1DD6-4BDD-9DE2-64A83CC13884): 3
LogDevObjectVersion:   Dev-LoadTimes (C2A15278-BFE7-4AFE-6C17-90FF531DF755): 1
LogDevObjectVersion:   Private-Geometry (6EACA3D4-40EC-4CC1-B786-8BED09428FC5): 3
LogDevObjectVersion:   Dev-AnimPhys (29E575DD-E0A3-4627-9D10-D276232CDCEA): 17
LogDevObjectVersion:   Dev-Anim (AF43A65D-7FD3-4947-9873-3E8ED9C1BB05): 7
LogDevObjectVersion:   Dev-ReflectionCapture (6B266CEC-1EC7-4B8F-A30B-E4D90942FC07): 1
LogDevObjectVersion:   Dev-Automation (0DF73D61-A23F-47EA-B727-89E90C41499A): 1
LogDevObjectVersion:   FortniteMain (601D1886-AC64-4F84-AA16-D3DE0DEAC7D6): 31
LogDevObjectVersion:   Dev-Enterprise (9DFFBCD6-494F-0158-E221-12823C92A888): 10
LogDevObjectVersion:   Dev-Niagara (F2AED0AC-9AFE-416F-8664-AA7FFA26D6FC): 1
LogDevObjectVersion:   Dev-Destruction (174F1F0B-B4C6-45A5-B13F-2EE8D0FB917D): 10
LogDevObjectVersion:   Dev-Physics-Ext (35F94A83-E258-406C-A318-09F59610247C): 37
LogDevObjectVersion:   Dev-PhysicsMaterial-Chaos (B68FC16E-8B1B-42E2-B453-215C058844FE): 1
LogDevObjectVersion:   Dev-CineCamera (B2E18506-4273-CFC2-A54E-F4BB758BBA07): 1
LogInit: Presizing for max 25165824 objects, including 0 objects not considered by GC, pre-allocating 0 bytes for permanent pool.
LogConfig: Applying CVar settings from Section [/Script/Engine.StreamingSettings] File [C:/Wire-Hunter/work/choi/WireHunter/Saved/Config/Windows/Engine.ini]
LogConfig: Setting CVar [[s.MinBulkDataSizeForAsyncLoading:131072]]
LogConfig: Setting CVar [[s.AsyncLoadingThreadEnabled:0]]
LogConfig: Setting CVar [[s.EventDrivenLoaderEnabled:1]]
LogConfig: Setting CVar [[s.WarnIfTimeLimitExceeded:0]]
LogConfig: Setting CVar [[s.TimeLimitExceededMultiplier:1.5]]
LogConfig: Setting CVar [[s.TimeLimitExceededMinTime:0.005]]
LogConfig: Setting CVar [[s.UseBackgroundLevelStreaming:1]]
LogConfig: Setting CVar [[s.PriorityAsyncLoadingExtraTime:15.0]]
LogConfig: Setting CVar [[s.LevelStreamingActorsUpdateTimeLimit:5.0]]
LogConfig: Setting CVar [[s.PriorityLevelStreamingActorsUpdateExtraTime:5.0]]
LogConfig: Setting CVar [[s.LevelStreamingComponentsRegistrationGranularity:10]]
LogConfig: Setting CVar [[s.UnregisterComponentsTimeLimit:1.0]]
LogConfig: Setting CVar [[s.LevelStreamingComponentsUnregistrationGranularity:5]]
LogConfig: Setting CVar [[s.FlushStreamingOnExit:1]]
LogInit: Object subsystem initialized
LogConfig: Setting CVar [[con.DebugEarlyDefault:1]]
LogConfig: Setting CVar [[r.setres:1280x720]]
[2021.03.16-17.42.45:976][  0]LogConfig: Setting CVar [[r.VSync:0]]
[2021.03.16-17.42.45:976][  0]LogConfig: Setting CVar [[r.RHICmdBypass:0]]
[2021.03.16-17.42.45:977][  0]LogConfig: Applying CVar settings from Section [/Script/Engine.RendererSettings] File [C:/Wire-Hunter/work/choi/WireHunter/Saved/Config/Windows/Engine.ini]
[2021.03.16-17.42.45:977][  0]LogConfig: Setting CVar [[r.GPUCrashDebugging:0]]
[2021.03.16-17.42.45:977][  0]LogConfig: Applying CVar settings from Section [/Script/Engine.RendererOverrideSettings] File [C:/Wire-Hunter/work/choi/WireHunter/Saved/Config/Windows/Engine.ini]
[2021.03.16-17.42.45:977][  0]LogConfig: Applying CVar settings from Section [/Script/Engine.StreamingSettings] File [C:/Wire-Hunter/work/choi/WireHunter/Saved/Config/Windows/Engine.ini]
[2021.03.16-17.42.45:977][  0]LogConfig: Setting CVar [[s.MinBulkDataSizeForAsyncLoading:131072]]
[2021.03.16-17.42.45:977][  0]LogConfig: Setting CVar [[s.AsyncLoadingThreadEnabled:0]]
[2021.03.16-17.42.45:977][  0]LogConfig: Setting CVar [[s.EventDrivenLoaderEnabled:1]]
[2021.03.16-17.42.45:977][  0]LogConfig: Setting CVar [[s.WarnIfTimeLimitExceeded:0]]
[2021.03.16-17.42.45:977][  0]LogConfig: Setting CVar [[s.TimeLimitExceededMultiplier:1.5]]
[2021.03.16-17.42.45:977][  0]LogConfig: Setting CVar [[s.TimeLimitExceededMinTime:0.005]]
[2021.03.16-17.42.45:977][  0]LogConfig: Setting CVar [[s.UseBackgroundLevelStreaming:1]]
[2021.03.16-17.42.45:977][  0]LogConfig: Setting CVar [[s.PriorityAsyncLoadingExtraTime:15.0]]
[2021.03.16-17.42.45:977][  0]LogConfig: Setting CVar [[s.LevelStreamingActorsUpdateTimeLimit:5.0]]
[2021.03.16-17.42.45:977][  0]LogConfig: Setting CVar [[s.PriorityLevelStreamingActorsUpdateExtraTime:5.0]]
[2021.03.16-17.42.45:977][  0]LogConfig: Setting CVar [[s.LevelStreamingComponentsRegistrationGranularity:10]]
[2021.03.16-17.42.45:977][  0]LogConfig: Setting CVar [[s.UnregisterComponentsTimeLimit:1.0]]
[2021.03.16-17.42.45:977][  0]LogConfig: Setting CVar [[s.LevelStreamingComponentsUnregistrationGranularity:5]]
[2021.03.16-17.42.45:977][  0]LogConfig: Setting CVar [[s.FlushStreamingOnExit:1]]
[2021.03.16-17.42.45:977][  0]LogConfig: Applying CVar settings from Section [/Script/Engine.GarbageCollectionSettings] File [C:/Wire-Hunter/work/choi/WireHunter/Saved/Config/Windows/Engine.ini]
[2021.03.16-17.42.45:977][  0]LogConfig: Setting CVar [[gc.MaxObjectsNotConsideredByGC:1]]
[2021.03.16-17.42.45:977][  0]LogConfig: Setting CVar [[gc.SizeOfPermanentObjectPool:0]]
[2021.03.16-17.42.45:977][  0]LogConfig: Setting CVar [[gc.FlushStreamingOnGC:0]]
[2021.03.16-17.42.45:977][  0]LogConfig: Setting CVar [[gc.NumRetriesBeforeForcingGC:10]]
[2021.03.16-17.42.45:977][  0]LogConfig: Setting CVar [[gc.AllowParallelGC:1]]
[2021.03.16-17.42.45:977][  0]LogConfig: Setting CVar [[gc.TimeBetweenPurgingPendingKillObjects:61.1]]
[2021.03.16-17.42.45:977][  0]LogConfig: Setting CVar [[gc.MaxObjectsInEditor:25165824]]
[2021.03.16-17.42.45:977][  0]LogConfig: Setting CVar [[gc.IncrementalBeginDestroyEnabled:1]]
[2021.03.16-17.42.45:977][  0]LogConfig: Setting CVar [[gc.CreateGCClusters:1]]
[2021.03.16-17.42.45:977][  0]LogConfig: Setting CVar [[gc.MinGCClusterSize:5]]
[2021.03.16-17.42.45:977][  0]LogConfig: Setting CVar [[gc.ActorClusteringEnabled:0]]
[2021.03.16-17.42.45:977][  0]LogConfig: Setting CVar [[gc.BlueprintClusteringEnabled:0]]
[2021.03.16-17.42.45:977][  0]LogConfig: Setting CVar [[gc.UseDisregardForGCOnDedicatedServers:0]]
[2021.03.16-17.42.45:977][  0]LogConfig: Applying CVar settings from Section [/Script/Engine.NetworkSettings] File [C:/Wire-Hunter/work/choi/WireHunter/Saved/Config/Windows/Engine.ini]
[2021.03.16-17.42.45:977][  0]LogConfig: Applying CVar settings from Section [/Script/UnrealEd.CookerSettings] File [C:/Wire-Hunter/work/choi/WireHunter/Saved/Config/Windows/Engine.ini]
[2021.03.16-17.42.45:985][  0]LogConfig: Applying CVar settings from Section [ViewDistanceQuality@3] File [C:/Wire-Hunter/work/choi/WireHunter/Saved/Config/Windows/Scalability.ini]
[2021.03.16-17.42.45:985][  0]LogConfig: Setting CVar [[r.SkeletalMeshLODBias:0]]
[2021.03.16-17.42.45:985][  0]LogConfig: Setting CVar [[r.ViewDistanceScale:1.0]]
[2021.03.16-17.42.45:985][  0]LogConfig: Applying CVar settings from Section [AntiAliasingQuality@3] File [C:/Wire-Hunter/work/choi/WireHunter/Saved/Config/Windows/Scalability.ini]
[2021.03.16-17.42.45:985][  0]LogConfig: Setting CVar [[r.PostProcessAAQuality:4]]
[2021.03.16-17.42.45:985][  0]LogConfig: Applying CVar settings from Section [ShadowQuality@3] File [C:/Wire-Hunter/work/choi/WireHunter/Saved/Config/Windows/Scalability.ini]
[2021.03.16-17.42.45:985][  0]LogConfig: Setting CVar [[r.LightFunctionQuality:1]]
[2021.03.16-17.42.45:985][  0]LogConfig: Setting CVar [[r.ShadowQuality:5]]
[2021.03.16-17.42.45:985][  0]LogConfig: Setting CVar [[r.Shadow.CSM.MaxCascades:10]]
[2021.03.16-17.42.45:985][  0]LogConfig: Setting CVar [[r.Shadow.MaxResolution:2048]]
[2021.03.16-17.42.45:985][  0]LogConfig: Setting CVar [[r.Shadow.MaxCSMResolution:2048]]
[2021.03.16-17.42.45:985][  0]LogConfig: Setting CVar [[r.Shadow.RadiusThreshold:0.01]]
[2021.03.16-17.42.45:985][  0]LogConfig: Setting CVar [[r.Shadow.DistanceScale:1.0]]
[2021.03.16-17.42.45:985][  0]LogConfig: Setting CVar [[r.Shadow.CSM.TransitionScale:1.0]]
[2021.03.16-17.42.45:985][  0]LogConfig: Setting CVar [[r.Shadow.PreShadowResolutionFactor:1.0]]
[2021.03.16-17.42.45:986][  0]LogConfig: Setting CVar [[r.DistanceFieldShadowing:1]]
[2021.03.16-17.42.45:986][  0]LogConfig: Setting CVar [[r.DistanceFieldAO:1]]
[2021.03.16-17.42.45:986][  0]LogConfig: Setting CVar [[r.AOQuality:2]]
[2021.03.16-17.42.45:986][  0]LogConfig: Setting CVar [[r.VolumetricFog:1]]
[2021.03.16-17.42.45:986][  0]LogConfig: Setting CVar [[r.VolumetricFog.GridPixelSize:8]]
[2021.03.16-17.42.45:986][  0]LogConfig: Setting CVar [[r.VolumetricFog.GridSizeZ:128]]
[2021.03.16-17.42.45:986][  0]LogConfig: Setting CVar [[r.VolumetricFog.HistoryMissSupersampleCount:4]]
[2021.03.16-17.42.45:986][  0]LogConfig: Setting CVar [[r.LightMaxDrawDistanceScale:1]]
[2021.03.16-17.42.45:986][  0]LogConfig: Setting CVar [[r.CapsuleShadows:1]]
[2021.03.16-17.42.45:986][  0]LogConfig: Applying CVar settings from Section [PostProcessQuality@3] File [C:/Wire-Hunter/work/choi/WireHunter/Saved/Config/Windows/Scalability.ini]
[2021.03.16-17.42.45:986][  0]LogConfig: Setting CVar [[r.MotionBlurQuality:4]]
[2021.03.16-17.42.45:986][  0]LogConfig: Setting CVar [[r.AmbientOcclusionMipLevelFactor:0.4]]
[2021.03.16-17.42.45:986][  0]LogConfig: Setting CVar [[r.AmbientOcclusionMaxQuality:100]]
[2021.03.16-17.42.45:986][  0]LogConfig: Setting CVar [[r.AmbientOcclusionLevels:-1]]
[2021.03.16-17.42.45:986][  0]LogConfig: Setting CVar [[r.AmbientOcclusionRadiusScale:1.0]]
[2021.03.16-17.42.45:986][  0]LogConfig: Setting CVar [[r.DepthOfFieldQuality:2]]
[2021.03.16-17.42.45:986][  0]LogConfig: Setting CVar [[r.RenderTargetPoolMin:400]]
[2021.03.16-17.42.45:986][  0]LogConfig: Setting CVar [[r.LensFlareQuality:2]]
[2021.03.16-17.42.45:986][  0]LogConfig: Setting CVar [[r.SceneColorFringeQuality:1]]
[2021.03.16-17.42.45:986][  0]LogConfig: Setting CVar [[r.EyeAdaptationQuality:2]]
[2021.03.16-17.42.45:986][  0]LogConfig: Setting CVar [[r.BloomQuality:5]]
[2021.03.16-17.42.45:986][  0]LogConfig: Setting CVar [[r.FastBlurThreshold:100]]
[2021.03.16-17.42.45:986][  0]LogConfig: Setting CVar [[r.Upscale.Quality:3]]
[2021.03.16-17.42.45:986][  0]LogConfig: Setting CVar [[r.Tonemapper.GrainQuantization:1]]
[2021.03.16-17.42.45:986][  0]LogConfig: Setting CVar [[r.LightShaftQuality:1]]
[2021.03.16-17.42.45:986][  0]LogConfig: Setting CVar [[r.Filter.SizeScale:1]]
[2021.03.16-17.42.45:986][  0]LogConfig: Setting CVar [[r.Tonemapper.Quality:5]]
[2021.03.16-17.42.45:986][  0]LogConfig: Setting CVar [[r.DOF.Gather.AccumulatorQuality:1        ; higher gathering accumulator quality]]
[2021.03.16-17.42.45:986][  0]LogConfig: Setting CVar [[r.DOF.Gather.PostfilterMethod:1          ; Median3x3 postfilering method]]
[2021.03.16-17.42.45:986][  0]LogConfig: Setting CVar [[r.DOF.Gather.EnableBokehSettings:0       ; no bokeh simulation when gathering]]
[2021.03.16-17.42.45:986][  0]LogConfig: Setting CVar [[r.DOF.Gather.RingCount:4                 ; medium number of samples when gathering]]
[2021.03.16-17.42.45:986][  0]LogConfig: Setting CVar [[r.DOF.Scatter.ForegroundCompositing:1    ; additive foreground scattering]]
[2021.03.16-17.42.45:986][  0]LogConfig: Setting CVar [[r.DOF.Scatter.BackgroundCompositing:2    ; additive background scattering]]
[2021.03.16-17.42.45:986][  0]LogConfig: Setting CVar [[r.DOF.Scatter.EnableBokehSettings:1      ; bokeh simulation when scattering]]
[2021.03.16-17.42.45:986][  0]LogConfig: Setting CVar [[r.DOF.Scatter.MaxSpriteRatio:0.1         ; only a maximum of 10% of scattered bokeh]]
[2021.03.16-17.42.45:986][  0]LogConfig: Setting CVar [[r.DOF.Recombine.Quality:1                ; cheap slight out of focus]]
[2021.03.16-17.42.45:986][  0]LogConfig: Setting CVar [[r.DOF.Recombine.EnableBokehSettings:0    ; no bokeh simulation on slight out of focus]]
[2021.03.16-17.42.45:986][  0]LogConfig: Setting CVar [[r.DOF.TemporalAAQuality:1                ; more stable temporal accumulation]]
[2021.03.16-17.42.45:986][  0]LogConfig: Setting CVar [[r.DOF.Kernel.MaxForegroundRadius:0.025]]
[2021.03.16-17.42.45:986][  0]LogConfig: Setting CVar [[r.DOF.Kernel.MaxBackgroundRadius:0.025]]
[2021.03.16-17.42.45:986][  0]LogConfig: Applying CVar settings from Section [TextureQuality@3] File [C:/Wire-Hunter/work/choi/WireHunter/Saved/Config/Windows/Scalability.ini]
[2021.03.16-17.42.45:986][  0]LogConfig: Setting CVar [[r.Streaming.MipBias:0]]
[2021.03.16-17.42.45:986][  0]LogConfig: Setting CVar [[r.Streaming.AmortizeCPUToGPUCopy:0]]
[2021.03.16-17.42.45:986][  0]LogConfig: Setting CVar [[r.Streaming.MaxNumTexturesToStreamPerFrame:0]]
[2021.03.16-17.42.45:986][  0]LogConfig: Setting CVar [[r.Streaming.Boost:1]]
[2021.03.16-17.42.45:986][  0]LogConfig: Setting CVar [[r.MaxAnisotropy:8]]
[2021.03.16-17.42.45:986][  0]LogConfig: Setting CVar [[r.VT.MaxAnisotropy:8]]
[2021.03.16-17.42.45:986][  0]LogConfig: Setting CVar [[r.Streaming.LimitPoolSizeToVRAM:0]]
[2021.03.16-17.42.45:986][  0]LogConfig: Setting CVar [[r.Streaming.PoolSize:1000]]
[2021.03.16-17.42.45:986][  0]LogConfig: Setting CVar [[r.Streaming.MaxEffectiveScreenSize:0]]
[2021.03.16-17.42.45:986][  0]LogConfig: Applying CVar settings from Section [EffectsQuality@3] File [C:/Wire-Hunter/work/choi/WireHunter/Saved/Config/Windows/Scalability.ini]
[2021.03.16-17.42.45:986][  0]LogConfig: Setting CVar [[r.TranslucencyLightingVolumeDim:64]]
[2021.03.16-17.42.45:986][  0]LogConfig: Setting CVar [[r.RefractionQuality:2]]
[2021.03.16-17.42.45:986][  0]LogConfig: Setting CVar [[r.SSR.Quality:3]]
[2021.03.16-17.42.45:986][  0]LogConfig: Setting CVar [[r.SSR.HalfResSceneColor:0]]
[2021.03.16-17.42.45:986][  0]LogConfig: Setting CVar [[r.SceneColorFormat:4]]
[2021.03.16-17.42.45:986][  0]LogConfig: Setting CVar [[r.DetailMode:2]]
[2021.03.16-17.42.45:986][  0]LogConfig: Setting CVar [[r.TranslucencyVolumeBlur:1]]
[2021.03.16-17.42.45:986][  0]LogConfig: Setting CVar [[r.MaterialQualityLevel:1 ; High quality]]
[2021.03.16-17.42.45:986][  0]LogConfig: Setting CVar [[r.SSS.Scale:1]]
[2021.03.16-17.42.45:986][  0]LogConfig: Setting CVar [[r.SSS.SampleSet:2]]
[2021.03.16-17.42.45:986][  0]LogConfig: Setting CVar [[r.SSS.Quality:1]]
[2021.03.16-17.42.45:986][  0]LogConfig: Setting CVar [[r.SSS.HalfRes:0]]
[2021.03.16-17.42.45:986][  0]LogConfig: Setting CVar [[r.SSGI.Quality:3]]
[2021.03.16-17.42.45:986][  0]LogConfig: Setting CVar [[r.EmitterSpawnRateScale:1.0]]
[2021.03.16-17.42.45:986][  0]LogConfig: Setting CVar [[r.ParticleLightQuality:2]]
[2021.03.16-17.42.45:986][  0]LogConfig: Setting CVar [[r.SkyAtmosphere.AerialPerspectiveLUT.FastApplyOnOpaque:1 ; Always have FastSkyLUT 1 in this case to avoid wrong sky]]
[2021.03.16-17.42.45:986][  0]LogConfig: Setting CVar [[r.SkyAtmosphere.AerialPerspectiveLUT.SampleCountPerSlice:1]]
[2021.03.16-17.42.45:986][  0]LogConfig: Setting CVar [[r.SkyAtmosphere.AerialPerspectiveLUT.DepthResolution:16.0]]
[2021.03.16-17.42.45:986][  0]LogConfig: Setting CVar [[r.SkyAtmosphere.FastSkyLUT:1]]
[2021.03.16-17.42.45:986][  0]LogConfig: Setting CVar [[r.SkyAtmosphere.FastSkyLUT.SampleCountMin:4.0]]
[2021.03.16-17.42.45:986][  0]LogConfig: Setting CVar [[r.SkyAtmosphere.FastSkyLUT.SampleCountMax:32.0]]
[2021.03.16-17.42.45:986][  0]LogConfig: Setting CVar [[r.SkyAtmosphere.SampleCountMin:4.0]]
[2021.03.16-17.42.45:986][  0]LogConfig: Setting CVar [[r.SkyAtmosphere.SampleCountMax:32.0]]
[2021.03.16-17.42.45:986][  0]LogConfig: Setting CVar [[r.SkyAtmosphere.TransmittanceLUT.UseSmallFormat:0]]
[2021.03.16-17.42.45:986][  0]LogConfig: Setting CVar [[r.SkyAtmosphere.TransmittanceLUT.SampleCount:10.0]]
[2021.03.16-17.42.45:986][  0]LogConfig: Setting CVar [[r.SkyAtmosphere.MultiScatteringLUT.SampleCount:15.0]]
[2021.03.16-17.42.45:986][  0]LogConfig: Applying CVar settings from Section [FoliageQuality@3] File [C:/Wire-Hunter/work/choi/WireHunter/Saved/Config/Windows/Scalability.ini]
[2021.03.16-17.42.45:986][  0]LogConfig: Setting CVar [[foliage.DensityScale:1.0]]
[2021.03.16-17.42.45:986][  0]LogConfig: Setting CVar [[grass.DensityScale:1.0]]
[2021.03.16-17.42.45:986][  0]LogConfig: Applying CVar settings from Section [ShadingQuality@3] File [C:/Wire-Hunter/work/choi/WireHunter/Saved/Config/Windows/Scalability.ini]
[2021.03.16-17.42.45:987][  0]LogConfig: Setting CVar [[r.HairStrands.SkyLighting.SampleCount:16]]
[2021.03.16-17.42.45:987][  0]LogConfig: Setting CVar [[r.HairStrands.SkyLighting.JitterIntegration:0]]
[2021.03.16-17.42.45:987][  0]LogConfig: Setting CVar [[r.HairStrands.SkyAO.SampleCount:16]]
[2021.03.16-17.42.45:987][  0]LogConfig: Setting CVar [[r.HairStrands.DeepShadow.SuperSampling:0]]
[2021.03.16-17.42.45:987][  0]LogConfig: Setting CVar [[r.HairStrands.VisibilityPPLL:0]]
[2021.03.16-17.42.45:987][  0]LogConfig: Setting CVar [[r.HairStrands.RasterizationScale:0.5]]
[2021.03.16-17.42.45:987][  0]LogConfig: Setting CVar [[r.HairStrands.VelocityRasterizationScale:1]]
[2021.03.16-17.42.45:987][  0]LogInit: Selected Device Profile: [Windows]
[2021.03.16-17.42.45:987][  0]LogInit: Applying CVar settings loaded from the selected device profile: [Windows]
[2021.03.16-17.42.45:988][  0]LogHAL: Display: Platform has ~ 16 GB [17102884864 / 17179869184 / 16], which maps to Larger [LargestMinGB=32, LargerMinGB=12, DefaultMinGB=8, SmallerMinGB=6, SmallestMinGB=0)
[2021.03.16-17.42.45:988][  0]LogInit: Going up to parent DeviceProfile []
[2021.03.16-17.42.45:988][  0]LogConfig: Applying CVar settings from Section [ViewDistanceQuality@3] File [C:/Wire-Hunter/work/choi/WireHunter/Saved/Config/Windows/Scalability.ini]
[2021.03.16-17.42.45:988][  0]LogConfig: Setting CVar [[r.SkeletalMeshLODBias:0]]
[2021.03.16-17.42.45:988][  0]LogConfig: Setting CVar [[r.ViewDistanceScale:1.0]]
[2021.03.16-17.42.45:988][  0]LogConfig: Applying CVar settings from Section [AntiAliasingQuality@3] File [C:/Wire-Hunter/work/choi/WireHunter/Saved/Config/Windows/Scalability.ini]
[2021.03.16-17.42.45:988][  0]LogConfig: Setting CVar [[r.PostProcessAAQuality:4]]
[2021.03.16-17.42.45:988][  0]LogConfig: Applying CVar settings from Section [ShadowQuality@3] File [C:/Wire-Hunter/work/choi/WireHunter/Saved/Config/Windows/Scalability.ini]
[2021.03.16-17.42.45:988][  0]LogConfig: Setting CVar [[r.LightFunctionQuality:1]]
[2021.03.16-17.42.45:988][  0]LogConfig: Setting CVar [[r.ShadowQuality:5]]
[2021.03.16-17.42.45:988][  0]LogConfig: Setting CVar [[r.Shadow.CSM.MaxCascades:10]]
[2021.03.16-17.42.45:988][  0]LogConfig: Setting CVar [[r.Shadow.MaxResolution:2048]]
[2021.03.16-17.42.45:988][  0]LogConfig: Setting CVar [[r.Shadow.MaxCSMResolution:2048]]
[2021.03.16-17.42.45:988][  0]LogConfig: Setting CVar [[r.Shadow.RadiusThreshold:0.01]]
[2021.03.16-17.42.45:988][  0]LogConfig: Setting CVar [[r.Shadow.DistanceScale:1.0]]
[2021.03.16-17.42.45:988][  0]LogConfig: Setting CVar [[r.Shadow.CSM.TransitionScale:1.0]]
[2021.03.16-17.42.45:988][  0]LogConfig: Setting CVar [[r.Shadow.PreShadowResolutionFactor:1.0]]
[2021.03.16-17.42.45:988][  0]LogConfig: Setting CVar [[r.DistanceFieldShadowing:1]]
[2021.03.16-17.42.45:988][  0]LogConfig: Setting CVar [[r.DistanceFieldAO:1]]
[2021.03.16-17.42.45:988][  0]LogConfig: Setting CVar [[r.AOQuality:2]]
[2021.03.16-17.42.45:988][  0]LogConfig: Setting CVar [[r.VolumetricFog:1]]
[2021.03.16-17.42.45:988][  0]LogConfig: Setting CVar [[r.VolumetricFog.GridPixelSize:8]]
[2021.03.16-17.42.45:988][  0]LogConfig: Setting CVar [[r.VolumetricFog.GridSizeZ:128]]
[2021.03.16-17.42.45:988][  0]LogConfig: Setting CVar [[r.VolumetricFog.HistoryMissSupersampleCount:4]]
[2021.03.16-17.42.45:988][  0]LogConfig: Setting CVar [[r.LightMaxDrawDistanceScale:1]]
[2021.03.16-17.42.45:988][  0]LogConfig: Setting CVar [[r.CapsuleShadows:1]]
[2021.03.16-17.42.45:988][  0]LogConfig: Applying CVar settings from Section [PostProcessQuality@3] File [C:/Wire-Hunter/work/choi/WireHunter/Saved/Config/Windows/Scalability.ini]
[2021.03.16-17.42.45:988][  0]LogConfig: Setting CVar [[r.MotionBlurQuality:4]]
[2021.03.16-17.42.45:988][  0]LogConfig: Setting CVar [[r.AmbientOcclusionMipLevelFactor:0.4]]
[2021.03.16-17.42.45:988][  0]LogConfig: Setting CVar [[r.AmbientOcclusionMaxQuality:100]]
[2021.03.16-17.42.45:988][  0]LogConfig: Setting CVar [[r.AmbientOcclusionLevels:-1]]
[2021.03.16-17.42.45:988][  0]LogConfig: Setting CVar [[r.AmbientOcclusionRadiusScale:1.0]]
[2021.03.16-17.42.45:988][  0]LogConfig: Setting CVar [[r.DepthOfFieldQuality:2]]
[2021.03.16-17.42.45:989][  0]LogConfig: Setting CVar [[r.RenderTargetPoolMin:400]]
[2021.03.16-17.42.45:989][  0]LogConfig: Setting CVar [[r.LensFlareQuality:2]]
[2021.03.16-17.42.45:989][  0]LogConfig: Setting CVar [[r.SceneColorFringeQuality:1]]
[2021.03.16-17.42.45:989][  0]LogConfig: Setting CVar [[r.EyeAdaptationQuality:2]]
[2021.03.16-17.42.45:989][  0]LogConfig: Setting CVar [[r.BloomQuality:5]]
[2021.03.16-17.42.45:989][  0]LogConfig: Setting CVar [[r.FastBlurThreshold:100]]
[2021.03.16-17.42.45:989][  0]LogConfig: Setting CVar [[r.Upscale.Quality:3]]
[2021.03.16-17.42.45:989][  0]LogConfig: Setting CVar [[r.Tonemapper.GrainQuantization:1]]
[2021.03.16-17.42.45:989][  0]LogConfig: Setting CVar [[r.LightShaftQuality:1]]
[2021.03.16-17.42.45:989][  0]LogConfig: Setting CVar [[r.Filter.SizeScale:1]]
[2021.03.16-17.42.45:989][  0]LogConfig: Setting CVar [[r.Tonemapper.Quality:5]]
[2021.03.16-17.42.45:989][  0]LogConfig: Setting CVar [[r.DOF.Gather.AccumulatorQuality:1        ; higher gathering accumulator quality]]
[2021.03.16-17.42.45:989][  0]LogConfig: Setting CVar [[r.DOF.Gather.PostfilterMethod:1          ; Median3x3 postfilering method]]
[2021.03.16-17.42.45:989][  0]LogConfig: Setting CVar [[r.DOF.Gather.EnableBokehSettings:0       ; no bokeh simulation when gathering]]
[2021.03.16-17.42.45:989][  0]LogConfig: Setting CVar [[r.DOF.Gather.RingCount:4                 ; medium number of samples when gathering]]
[2021.03.16-17.42.45:989][  0]LogConfig: Setting CVar [[r.DOF.Scatter.ForegroundCompositing:1    ; additive foreground scattering]]
[2021.03.16-17.42.45:989][  0]LogConfig: Setting CVar [[r.DOF.Scatter.BackgroundCompositing:2    ; additive background scattering]]
[2021.03.16-17.42.45:989][  0]LogConfig: Setting CVar [[r.DOF.Scatter.EnableBokehSettings:1      ; bokeh simulation when scattering]]
[2021.03.16-17.42.45:989][  0]LogConfig: Setting CVar [[r.DOF.Scatter.MaxSpriteRatio:0.1         ; only a maximum of 10% of scattered bokeh]]
[2021.03.16-17.42.45:989][  0]LogConfig: Setting CVar [[r.DOF.Recombine.Quality:1                ; cheap slight out of focus]]
[2021.03.16-17.42.45:989][  0]LogConfig: Setting CVar [[r.DOF.Recombine.EnableBokehSettings:0    ; no bokeh simulation on slight out of focus]]
[2021.03.16-17.42.45:989][  0]LogConfig: Setting CVar [[r.DOF.TemporalAAQuality:1                ; more stable temporal accumulation]]
[2021.03.16-17.42.45:989][  0]LogConfig: Setting CVar [[r.DOF.Kernel.MaxForegroundRadius:0.025]]
[2021.03.16-17.42.45:989][  0]LogConfig: Setting CVar [[r.DOF.Kernel.MaxBackgroundRadius:0.025]]
[2021.03.16-17.42.45:989][  0]LogConfig: Applying CVar settings from Section [TextureQuality@3] File [C:/Wire-Hunter/work/choi/WireHunter/Saved/Config/Windows/Scalability.ini]
[2021.03.16-17.42.45:989][  0]LogConfig: Setting CVar [[r.Streaming.MipBias:0]]
[2021.03.16-17.42.45:989][  0]LogConfig: Setting CVar [[r.Streaming.AmortizeCPUToGPUCopy:0]]
[2021.03.16-17.42.45:989][  0]LogConfig: Setting CVar [[r.Streaming.MaxNumTexturesToStreamPerFrame:0]]
[2021.03.16-17.42.45:989][  0]LogConfig: Setting CVar [[r.Streaming.Boost:1]]
[2021.03.16-17.42.45:989][  0]LogConfig: Setting CVar [[r.MaxAnisotropy:8]]
[2021.03.16-17.42.45:989][  0]LogConfig: Setting CVar [[r.VT.MaxAnisotropy:8]]
[2021.03.16-17.42.45:989][  0]LogConfig: Setting CVar [[r.Streaming.LimitPoolSizeToVRAM:0]]
[2021.03.16-17.42.45:989][  0]LogConfig: Setting CVar [[r.Streaming.PoolSize:1000]]
[2021.03.16-17.42.45:989][  0]LogConfig: Setting CVar [[r.Streaming.MaxEffectiveScreenSize:0]]
[2021.03.16-17.42.45:989][  0]LogConfig: Applying CVar settings from Section [EffectsQuality@3] File [C:/Wire-Hunter/work/choi/WireHunter/Saved/Config/Windows/Scalability.ini]
[2021.03.16-17.42.45:989][  0]LogConfig: Setting CVar [[r.TranslucencyLightingVolumeDim:64]]
[2021.03.16-17.42.45:989][  0]LogConfig: Setting CVar [[r.RefractionQuality:2]]
[2021.03.16-17.42.45:989][  0]LogConfig: Setting CVar [[r.SSR.Quality:3]]
[2021.03.16-17.42.45:989][  0]LogConfig: Setting CVar [[r.SSR.HalfResSceneColor:0]]
[2021.03.16-17.42.45:989][  0]LogConfig: Setting CVar [[r.SceneColorFormat:4]]
[2021.03.16-17.42.45:989][  0]LogConfig: Setting CVar [[r.DetailMode:2]]
[2021.03.16-17.42.45:989][  0]LogConfig: Setting CVar [[r.TranslucencyVolumeBlur:1]]
[2021.03.16-17.42.45:989][  0]LogConfig: Setting CVar [[r.MaterialQualityLevel:1 ; High quality]]
[2021.03.16-17.42.45:989][  0]LogConfig: Setting CVar [[r.SSS.Scale:1]]
[2021.03.16-17.42.45:989][  0]LogConfig: Setting CVar [[r.SSS.SampleSet:2]]
[2021.03.16-17.42.45:989][  0]LogConfig: Setting CVar [[r.SSS.Quality:1]]
[2021.03.16-17.42.45:989][  0]LogConfig: Setting CVar [[r.SSS.HalfRes:0]]
[2021.03.16-17.42.45:989][  0]LogConfig: Setting CVar [[r.SSGI.Quality:3]]
[2021.03.16-17.42.45:989][  0]LogConfig: Setting CVar [[r.EmitterSpawnRateScale:1.0]]
[2021.03.16-17.42.45:989][  0]LogConfig: Setting CVar [[r.ParticleLightQuality:2]]
[2021.03.16-17.42.45:989][  0]LogConfig: Setting CVar [[r.SkyAtmosphere.AerialPerspectiveLUT.FastApplyOnOpaque:1 ; Always have FastSkyLUT 1 in this case to avoid wrong sky]]
[2021.03.16-17.42.45:989][  0]LogConfig: Setting CVar [[r.SkyAtmosphere.AerialPerspectiveLUT.SampleCountPerSlice:1]]
[2021.03.16-17.42.45:989][  0]LogConfig: Setting CVar [[r.SkyAtmosphere.AerialPerspectiveLUT.DepthResolution:16.0]]
[2021.03.16-17.42.45:989][  0]LogConfig: Setting CVar [[r.SkyAtmosphere.FastSkyLUT:1]]
[2021.03.16-17.42.45:989][  0]LogConfig: Setting CVar [[r.SkyAtmosphere.FastSkyLUT.SampleCountMin:4.0]]
[2021.03.16-17.42.45:989][  0]LogConfig: Setting CVar [[r.SkyAtmosphere.FastSkyLUT.SampleCountMax:32.0]]
[2021.03.16-17.42.45:989][  0]LogConfig: Setting CVar [[r.SkyAtmosphere.SampleCountMin:4.0]]
[2021.03.16-17.42.45:989][  0]LogConfig: Setting CVar [[r.SkyAtmosphere.SampleCountMax:32.0]]
[2021.03.16-17.42.45:989][  0]LogConfig: Setting CVar [[r.SkyAtmosphere.TransmittanceLUT.UseSmallFormat:0]]
[2021.03.16-17.42.45:989][  0]LogConfig: Setting CVar [[r.SkyAtmosphere.TransmittanceLUT.SampleCount:10.0]]
[2021.03.16-17.42.45:989][  0]LogConfig: Setting CVar [[r.SkyAtmosphere.MultiScatteringLUT.SampleCount:15.0]]
[2021.03.16-17.42.45:989][  0]LogConfig: Applying CVar settings from Section [FoliageQuality@3] File [C:/Wire-Hunter/work/choi/WireHunter/Saved/Config/Windows/Scalability.ini]
[2021.03.16-17.42.45:989][  0]LogConfig: Setting CVar [[foliage.DensityScale:1.0]]
[2021.03.16-17.42.45:989][  0]LogConfig: Setting CVar [[grass.DensityScale:1.0]]
[2021.03.16-17.42.45:989][  0]LogConfig: Applying CVar settings from Section [ShadingQuality@3] File [C:/Wire-Hunter/work/choi/WireHunter/Saved/Config/Windows/Scalability.ini]
[2021.03.16-17.42.45:989][  0]LogConfig: Setting CVar [[r.HairStrands.SkyLighting.SampleCount:16]]
[2021.03.16-17.42.45:989][  0]LogConfig: Setting CVar [[r.HairStrands.SkyLighting.JitterIntegration:0]]
[2021.03.16-17.42.45:989][  0]LogConfig: Setting CVar [[r.HairStrands.SkyAO.SampleCount:16]]
[2021.03.16-17.42.45:989][  0]LogConfig: Setting CVar [[r.HairStrands.DeepShadow.SuperSampling:0]]
[2021.03.16-17.42.45:989][  0]LogConfig: Setting CVar [[r.HairStrands.VisibilityPPLL:0]]
[2021.03.16-17.42.45:989][  0]LogConfig: Setting CVar [[r.HairStrands.RasterizationScale:0.5]]
[2021.03.16-17.42.45:989][  0]LogConfig: Setting CVar [[r.HairStrands.VelocityRasterizationScale:1]]
[2021.03.16-17.42.45:989][  0]LogConfig: Applying CVar settings from Section [Startup] File [../../../Engine/Config/ConsoleVariables.ini]
[2021.03.16-17.42.45:990][  0]LogConfig: Setting CVar [[net.UseAdaptiveNetUpdateFrequency:0]]
[2021.03.16-17.42.45:990][  0]LogConfig: Setting CVar [[p.chaos.AllowCreatePhysxBodies:1]]
[2021.03.16-17.42.45:990][  0]LogConfig: Setting CVar [[fx.SkipVectorVMBackendOptimizations:1]]
[2021.03.16-17.42.45:990][  0]LogConfig: Applying CVar settings from Section [ConsoleVariables] File [C:/Wire-Hunter/work/choi/WireHunter/Saved/Config/Windows/Engine.ini]
[2021.03.16-17.42.45:990][  0]LogInit: Computer: DESKTOP-FHRPJDT
[2021.03.16-17.42.45:990][  0]LogInit: User: ChoiTaeho
[2021.03.16-17.42.45:990][  0]LogInit: CPU Page size=4096, Cores=6
[2021.03.16-17.42.45:990][  0]LogInit: High frequency timer resolution =10.000000 MHz
[2021.03.16-17.42.45:990][  0]LogMemory: Memory total: Physical=15.9GB (16GB approx)
[2021.03.16-17.42.45:990][  0]LogMemory: Platform Memory Stats for Windows
[2021.03.16-17.42.45:990][  0]LogMemory: Process Physical Memory: 124.64 MB used, 124.65 MB peak
[2021.03.16-17.42.45:990][  0]LogMemory: Process Virtual Memory: 97.94 MB used, 97.94 MB peak
[2021.03.16-17.42.45:990][  0]LogMemory: Physical Memory: 4786.16 MB used,  11524.42 MB free, 16310.58 MB total
[2021.03.16-17.42.45:990][  0]LogMemory: Virtual Memory: 5229.40 MB used,  134212496.00 MB free, 134217728.00 MB total
[2021.03.16-17.42.46:003][  0]LogWindows: WindowsPlatformFeatures enabled
[2021.03.16-17.42.46:374][  0]LogInit: Physics initialised using underlying interface: PhysX
[2021.03.16-17.42.46:376][  0]LogInit: Using OS detected language (ko-KR).
[2021.03.16-17.42.46:376][  0]LogInit: Using OS detected locale (ko-KR).
[2021.03.16-17.42.46:404][  0]LogTextLocalizationManager: No specific localization for 'ko-KR' exists, so the 'ko' localization will be used.
[2021.03.16-17.42.46:686][  0]LogInit: Setting process to per monitor DPI aware
[2021.03.16-17.42.46:874][  0]LogSlate: New Slate User Created.  User Index 0, Is Virtual User: 0
[2021.03.16-17.42.46:874][  0]LogSlate: Slate User Registered.  User Index 0, Is Virtual User: 0
[2021.03.16-17.42.50:461][  0]LogHMD: Failed to initialize OpenVR with code 110
[2021.03.16-17.42.50:461][  0]LogD3D11RHI: D3D11 min allowed feature level: 11_0
[2021.03.16-17.42.50:461][  0]LogD3D11RHI: D3D11 max allowed feature level: 11_0
[2021.03.16-17.42.50:461][  0]LogD3D11RHI: D3D11 adapters:
[2021.03.16-17.42.50:621][  0]LogD3D11RHI:    0. 'NVIDIA GeForce GTX 1060 6GB' (Feature Level 11_0)
[2021.03.16-17.42.50:621][  0]LogD3D11RHI:       6052/0/8155 MB DedicatedVideo/DedicatedSystem/SharedSystem, Outputs:1, VendorId:0x10de
[2021.03.16-17.42.50:626][  0]LogD3D11RHI:    1. 'Microsoft Basic Render Driver' (Feature Level 11_0)
[2021.03.16-17.42.50:626][  0]LogD3D11RHI:       0/0/8155 MB DedicatedVideo/DedicatedSystem/SharedSystem, Outputs:0, VendorId:0x1414
[2021.03.16-17.42.50:626][  0]LogD3D11RHI: Chosen D3D11 Adapter: 0
[2021.03.16-17.42.50:634][  0]LogD3D11RHI: Creating new Direct3DDevice
[2021.03.16-17.42.50:634][  0]LogD3D11RHI:     GPU DeviceId: 0x1c03 (for the marketing name, search the web for "GPU Device Id")
[2021.03.16-17.42.50:634][  0]LogWindows: EnumDisplayDevices:
[2021.03.16-17.42.50:634][  0]LogWindows:    0. 'NVIDIA GeForce GTX 1060 6GB' (P:1 D:1)
[2021.03.16-17.42.50:635][  0]LogWindows:    1. 'NVIDIA GeForce GTX 1060 6GB' (P:0 D:0)
[2021.03.16-17.42.50:636][  0]LogWindows:    2. 'NVIDIA GeForce GTX 1060 6GB' (P:0 D:0)
[2021.03.16-17.42.50:637][  0]LogWindows:    3. 'NVIDIA GeForce GTX 1060 6GB' (P:0 D:0)
[2021.03.16-17.42.50:638][  0]LogWindows: DebugString: FoundDriverCount:4 
[2021.03.16-17.42.50:638][  0]LogD3D11RHI:     Adapter Name: NVIDIA GeForce GTX 1060 6GB
[2021.03.16-17.42.50:638][  0]LogD3D11RHI:   Driver Version: 456.71 (internal:27.21.14.5671, unified:456.71)
[2021.03.16-17.42.50:638][  0]LogD3D11RHI:      Driver Date: 9-30-2020
[2021.03.16-17.42.50:638][  0]LogRHI: Texture pool is 4236 MB (70% of 6052 MB)
[2021.03.16-17.42.50:707][  0]LogD3D11RHI: RHI has support for 64 bit atomics
[2021.03.16-17.42.50:707][  0]LogD3D11RHI: Async texture creation enabled
[2021.03.16-17.42.50:707][  0]LogD3D11RHI: Array index from any shader is supported
[2021.03.16-17.42.50:741][  0]LogD3D11RHI: GPU Timing Frequency: 1000.000000 (Debug: 2 1)
[2021.03.16-17.42.51:231][  0]LogTargetPlatformManager: Display: Loaded TargetPlatform 'AllDesktop'
[2021.03.16-17.42.51:261][  0]LogTargetPlatformManager: Display: Loaded TargetPlatform 'Android'
[2021.03.16-17.42.51:261][  0]LogTargetPlatformManager: Display: Loaded TargetPlatform 'Android_ASTC'
[2021.03.16-17.42.51:261][  0]LogTargetPlatformManager: Display: Loaded TargetPlatform 'Android_DXT'
[2021.03.16-17.42.51:261][  0]LogTargetPlatformManager: Display: Loaded TargetPlatform 'Android_ETC2'
[2021.03.16-17.42.51:261][  0]LogTargetPlatformManager: Display: Loaded TargetPlatform 'AndroidClient'
[2021.03.16-17.42.51:261][  0]LogTargetPlatformManager: Display: Loaded TargetPlatform 'Android_ASTCClient'
[2021.03.16-17.42.51:261][  0]LogTargetPlatformManager: Display: Loaded TargetPlatform 'Android_DXTClient'
[2021.03.16-17.42.51:262][  0]LogTargetPlatformManager: Display: Loaded TargetPlatform 'Android_ETC2Client'
[2021.03.16-17.42.51:262][  0]LogTargetPlatformManager: Display: Loaded TargetPlatform 'Android_Multi'
[2021.03.16-17.42.51:262][  0]LogTargetPlatformManager: Display: Loaded TargetPlatform 'Android_MultiClient'
[2021.03.16-17.42.51:314][  0]LogTargetPlatformManager: Display: Loaded TargetPlatform 'IOSClient'
[2021.03.16-17.42.51:314][  0]LogTargetPlatformManager: Display: Loaded TargetPlatform 'IOS'
[2021.03.16-17.42.51:343][  0]LogTargetPlatformManager: Display: Loaded TargetPlatform 'Linux'
[2021.03.16-17.42.51:360][  0]LogTargetPlatformManager: Display: Loaded TargetPlatform 'LinuxNoEditor'
[2021.03.16-17.42.51:377][  0]LogTargetPlatformManager: Display: Loaded TargetPlatform 'LinuxClient'
[2021.03.16-17.42.51:392][  0]LogTargetPlatformManager: Display: Loaded TargetPlatform 'LinuxServer'
[2021.03.16-17.42.51:408][  0]LogTargetPlatformManager: Display: Loaded TargetPlatform 'LinuxAArch64NoEditor'
[2021.03.16-17.42.51:426][  0]LogTargetPlatformManager: Display: Loaded TargetPlatform 'LinuxAArch64Client'
[2021.03.16-17.42.51:441][  0]LogTargetPlatformManager: Display: Loaded TargetPlatform 'LinuxAArch64Server'
[2021.03.16-17.42.51:488][  0]LogTargetPlatformManager: Display: Loaded TargetPlatform 'Lumin'
[2021.03.16-17.42.51:488][  0]LogTargetPlatformManager: Display: Loaded TargetPlatform 'LuminClient'
[2021.03.16-17.42.51:516][  0]LogTargetPlatformManager: Display: Loaded TargetPlatform 'TVOSClient'
[2021.03.16-17.42.51:516][  0]LogTargetPlatformManager: Display: Loaded TargetPlatform 'TVOS'
[2021.03.16-17.42.51:532][  0]LogTargetPlatformManager: Display: Loaded TargetPlatform 'WindowsNoEditor'
[2021.03.16-17.42.51:549][  0]LogTargetPlatformManager: Display: Loaded TargetPlatform 'Windows'
[2021.03.16-17.42.51:566][  0]LogTargetPlatformManager: Display: Loaded TargetPlatform 'WindowsClient'
[2021.03.16-17.42.51:582][  0]LogTargetPlatformManager: Display: Loaded TargetPlatform 'WindowsServer'
[2021.03.16-17.42.51:582][  0]LogTargetPlatformManager: Display: Building Assets For Windows
[2021.03.16-17.42.51:606][  0]LogAudioDebug: Display: Lib vorbis DLL was dynamically loaded.
[2021.03.16-17.42.51:795][  0]LogShaderCompilers: Guid format shader working directory is -7 characters bigger than the processId version (../../../../../../Wire-Hunter/work/choi/WireHunter/Intermediate/Shaders/WorkingDirectory/20428/).
[2021.03.16-17.42.51:796][  0]LogShaderCompilers: Cleaned the shader compiler working directory 'C:/Users/최태호/AppData/Local/Temp/UnrealShaderWorkingDir/13936D164D89C3D0B2F2019168F50C87/'.
[2021.03.16-17.42.51:798][  0]LogXGEController: Cleaning working directory: C:/Users/최태호/AppData/Local/Temp/UnrealXGEWorkingDir/
[2021.03.16-17.42.51:798][  0]LogXGEController: Cannot use XGE Controller as Incredibuild is not installed on this machine.
[2021.03.16-17.42.51:798][  0]LogShaderCompilers: Cannot use XGE Shader Compiler as Incredibuild is not installed on this machine.
[2021.03.16-17.42.51:798][  0]LogShaderCompilers: Display: Using Local Shader Compiler.
[2021.03.16-17.42.55:745][  0]LogDerivedDataCache: Display: Max Cache Size: 512 MB
[2021.03.16-17.42.55:941][  0]LogDerivedDataCache: Loaded boot cache 0.20s 75MB C:/Users/최태호/AppData/Local/UnrealEngine/4.25/DerivedDataCache/Boot.ddc.
[2021.03.16-17.42.55:941][  0]LogDerivedDataCache: Display: Loaded Boot cache: C:/Users/최태호/AppData/Local/UnrealEngine/4.25/DerivedDataCache/Boot.ddc
[2021.03.16-17.42.55:941][  0]LogDerivedDataCache: FDerivedDataBackendGraph:  Pak pak cache file ../../../../../../Wire-Hunter/work/choi/WireHunter/DerivedDataCache/DDC.ddp not found, will not use a pak cache.
[2021.03.16-17.42.55:941][  0]LogDerivedDataCache: Unable to find inner node Pak for hierarchical cache Hierarchy.
[2021.03.16-17.42.55:941][  0]LogDerivedDataCache: FDerivedDataBackendGraph:  CompressedPak pak cache file ../../../../../../Wire-Hunter/work/choi/WireHunter/DerivedDataCache/Compressed.ddp not found, will not use a pak cache.
[2021.03.16-17.42.55:941][  0]LogDerivedDataCache: Unable to find inner node CompressedPak for hierarchical cache Hierarchy.
[2021.03.16-17.42.55:962][  0]LogDerivedDataCache: Display: Pak cache opened for reading ../../../Engine/DerivedDataCache/Compressed.ddp.
[2021.03.16-17.42.55:962][  0]LogDerivedDataCache: FDerivedDataBackendGraph:  EnterprisePak pak cache file ../../../Enterprise/DerivedDataCache/Compressed.ddp not found, will not use a pak cache.
[2021.03.16-17.42.55:962][  0]LogDerivedDataCache: Unable to find inner node EnterprisePak for hierarchical cache Hierarchy.
[2021.03.16-17.42.55:964][  0]LogDerivedDataCache: Using Local data cache path C:/Users/최태호/AppData/Local/UnrealEngine/Common/DerivedDataCache: Writable
[2021.03.16-17.42.55:964][  0]LogDerivedDataCache: Shared data cache path not found in *engine.ini, will not use an Shared cache.
[2021.03.16-17.42.55:964][  0]LogDerivedDataCache: Unable to find inner node Shared for hierarchical cache Hierarchy.
[2021.03.16-17.42.56:017][  0]LogSlate: Using FreeType 2.10.0
[2021.03.16-17.42.56:030][  0]LogSlate: SlateFontServices - WITH_FREETYPE: 1, WITH_HARFBUZZ: 1
[2021.03.16-17.42.56:074][  0]LogAssetRegistry: FAssetRegistry took 0.0044 seconds to start up
[2021.03.16-17.42.56:483][  0]LogInit: Selected Device Profile: [Windows]
[2021.03.16-17.42.56:835][  0]LogMeshReduction: Using QuadricMeshReduction for automatic static mesh reduction
[2021.03.16-17.42.56:835][  0]LogMeshReduction: Using SimplygonMeshReduction for automatic skeletal mesh reduction
[2021.03.16-17.42.56:835][  0]LogMeshReduction: Using ProxyLODMeshReduction for automatic mesh merging
[2021.03.16-17.42.56:835][  0]LogMeshReduction: No distributed automatic mesh merging module available
[2021.03.16-17.42.56:835][  0]LogMeshMerging: No distributed automatic mesh merging module available
[2021.03.16-17.42.56:911][  0]LogNetVersion: WireHunter 1.0.0, NetCL: 13144385, EngineNetVer: 14, GameNetVer: 0 (Checksum: 1660872711)
[2021.03.16-17.42.58:461][  0]LogAISub: UAISubsystem::UAISubsystem AISubsystem (000001F0CCAB29C0), frame # 0
[2021.03.16-17.42.58:461][  0]LogAISub: UAISubsystem::UAISubsystem AIPerceptionSystem (000001F0CC93E840), frame # 0
[2021.03.16-17.42.58:465][  0]LogAISub: UAISubsystem::UAISubsystem EnvQueryManager (000001F0CC98DC00), frame # 0
[2021.03.16-17.42.58:591][  0]LogPackageLocalizationCache: Processed 19 localized package path(s) for 1 prioritized culture(s) in 0.090256 seconds
[2021.03.16-17.42.58:597][  0]LogUObjectArray: 15917 objects as part of root set at end of initial load.
[2021.03.16-17.42.58:597][  0]LogUObjectAllocator: 3965568 out of 0 bytes used by permanent object pool.
[2021.03.16-17.42.58:597][  0]LogUObjectArray: CloseDisregardForGC: 0/0 objects in disregard for GC pool
[2021.03.16-17.42.59:715][  0]LogTcpMessaging: Initializing TcpMessaging bridge
[2021.03.16-17.42.59:726][  0]LogUdpMessaging: Initializing bridge on interface 0.0.0.0:0 to multicast group 230.0.0.1:6666.
[2021.03.16-17.42.59:934][  0]SourceControl: 소스 컨트롤이 꺼졌습니다.
[2021.03.16-17.42.59:935][  0]SourceControl: 소스 컨트롤이 꺼졌습니다.
[2021.03.16-17.42.59:949][  0]SourceControl: 소스 컨트롤이 꺼졌습니다.
[2021.03.16-17.42.59:959][  0]SourceControl: 소스 컨트롤이 꺼졌습니다.
[2021.03.16-17.42.59:981][  0]SourceControl: 소스 컨트롤이 꺼졌습니다.
[2021.03.16-17.43.00:700][  0]LogAndroidPermission: UAndroidPermissionCallbackProxy::GetInstance
[2021.03.16-17.43.00:749][  0]LogAudioCaptureCore: Display: No Audio Capture implementations found. Audio input will be silent.
[2021.03.16-17.43.00:749][  0]LogAudioCaptureCore: Display: No Audio Capture implementations found. Audio input will be silent.
[2021.03.16-17.43.00:887][  0]LogOcInput: OculusInput pre-init called
[2021.03.16-17.43.00:916][  0]LogWindows: Failed to load 'OVRPlugin.dll' (GetLastError=126)
[2021.03.16-17.43.00:917][  0]LogWindows: File 'OVRPlugin.dll' does not exist
[2021.03.16-17.43.01:050][  0]LogEngine: Initializing Engine...
[2021.03.16-17.43.01:054][  0]LogHMD: Failed to initialize OpenVR with code 110
[2021.03.16-17.43.01:054][  0]LogMagicLeap: Warning: VR disabled because ZI is not enabled.  To enable, in the editor, Edit -> Project Settings -> Plugins -> Magic Leap Plugin -> Enable Zero Iteration
[2021.03.16-17.43.01:056][  0]LogStats: UGameplayTagsManager::InitializeManager -  0.001 s
[2021.03.16-17.43.01:185][  0]LogInit: Initializing FReadOnlyCVARCache
[2021.03.16-17.43.01:221][  0]LogAIModule: Creating AISystem for world Untitled
[2021.03.16-17.43.01:221][  0]LogAISub: UAISubsystem::UAISubsystem EnvQueryManager (000001F0D2C04600), frame # 0
[2021.03.16-17.43.01:221][  0]LogAISub: UAISubsystem::UAISubsystem AIPerceptionSystem (000001F0D2C25080), frame # 0
[2021.03.16-17.43.01:236][  0]LogAudioMixer: Display: Audio Mixer Platform Settings:
[2021.03.16-17.43.01:236][  0]LogAudioMixer: Display: 	Sample Rate:						  48000
[2021.03.16-17.43.01:236][  0]LogAudioMixer: Display: 	Callback Buffer Frame Size Requested: 1024
[2021.03.16-17.43.01:236][  0]LogAudioMixer: Display: 	Callback Buffer Frame Size To Use:	  1024
[2021.03.16-17.43.01:236][  0]LogAudioMixer: Display: 	Number of buffers to queue:			  2
[2021.03.16-17.43.01:236][  0]LogAudioMixer: Display: 	Max Channels (voices):				  32
[2021.03.16-17.43.01:236][  0]LogAudioMixer: Display: 	Number of Async Source Workers:		  0
[2021.03.16-17.43.01:236][  0]LogAudio: Display: AudioDevice MaxSources: 32
[2021.03.16-17.43.01:237][  0]LogAudio: Display: Using built-in audio occlusion.
[2021.03.16-17.43.01:237][  0]LogAudioMixer: Display: Initializing audio mixer.
[2021.03.16-17.43.01:289][  0]LogAudioMixer: Display: 0: FrontLeft
[2021.03.16-17.43.01:289][  0]LogAudioMixer: Display: 1: FrontRight
[2021.03.16-17.43.01:396][  0]LogAudioMixer: Display: Using Audio Device 헤드폰(SHOQBOX SB7200 SERIES Stereo)
[2021.03.16-17.43.01:397][  0]LogAudioMixer: Display: Initializing Sound Submixes...
[2021.03.16-17.43.01:401][  0]LogAudioMixer: Display: Creating Master Submix 'MasterSubmixDefault'
[2021.03.16-17.43.01:401][  0]LogAudioMixer: Display: Creating Master Submix 'MasterReverbSubmixDefault'
[2021.03.16-17.43.01:403][  0]LogAudioMixer: Display: Creating Master Submix 'MasterEQSubmixDefault'
[2021.03.16-17.43.01:404][  0]LogInit: FAudioDevice initialized.
[2021.03.16-17.43.01:405][  0]LogNetVersion: Set ProjectVersion to 1.0.0.0. Version Checksum will be recalculated on next use.
[2021.03.16-17.43.01:503][  0]LogDerivedDataCache: Saved boot cache 0.10s 75MB C:/Users/최태호/AppData/Local/UnrealEngine/4.25/DerivedDataCache/Boot.ddc.
[2021.03.16-17.43.01:507][  0]LogInit: Texture streaming: Enabled
[2021.03.16-17.43.01:552][  0]LogEngineSessionManager: EngineSessionManager initialized
[2021.03.16-17.43.01:552][  0]LogEditorSessionSummary: Verbose: Initializing EditorSessionSummaryWriter for editor session tracking
[2021.03.16-17.43.01:561][  0]LogEditorSessionSummary: EditorSessionSummaryWriter initialized
[2021.03.16-17.43.02:013][  0]LogInit: Transaction tracking system initialized
[2021.03.16-17.43.02:096][  0]BlueprintLog: New page: 에디터 로드
[2021.03.16-17.43.02:356][  0]LocalizationService: 현지화 서비스가 비활성화되었습니다.
[2021.03.16-17.43.02:811][  0]LogCook: Display: Max memory allowance for cook 16384mb min free memory 0mb
[2021.03.16-17.43.02:811][  0]LogCook: Display: Mobile HDR setting 1
[2021.03.16-17.43.03:079][  0]LogFileCache: Scanning file cache for directory 'C:/Wire-Hunter/work/choi/WireHunter/Content/' took 0.02s
[2021.03.16-17.43.03:079][  0]LogOutputDevice: Warning: 

Script Stack (0 frames):

[2021.03.16-17.43.15:368][  0]LogStats: FPlatformStackWalk::StackWalkAndDump - 12.289 s
[2021.03.16-17.43.15:368][  0]LogOutputDevice: Error: === Handled ensure: ===
[2021.03.16-17.43.15:368][  0]LogOutputDevice: Error: 
[2021.03.16-17.43.15:368][  0]LogOutputDevice: Error: Ensure condition failed: AttachmentRules.LocationRule == EAttachmentRule::KeepRelative && AttachmentRules.RotationRule == EAttachmentRule::KeepRelative && AttachmentRules.ScaleRule == EAttachmentRule::KeepRelative [File:D:/Build/++UE4/Sync/Engine/Source/Runtime/Engine/Private/Components/SceneComponent.cpp] [Line: 1812]
[2021.03.16-17.43.15:368][  0]LogOutputDevice: Error: AttachToComponent when called from a constructor is only setting up attachment and will always be treated as KeepRelative. Consider calling SetupAttachment directly instead.
[2021.03.16-17.43.15:368][  0]LogOutputDevice: Error: Stack: 
[2021.03.16-17.43.15:368][  0]LogOutputDevice: Error: [Callstack] 0x00007ffed3adc119 UE4Editor-Engine.dll!DispatchCheckVerify<bool,<lambda_7a00921a8ebf9f041bed3055592f02a5> >() [D:\Build\++UE4\Sync\Engine\Source\Runtime\Core\Public\Misc\AssertionMacros.h:161]
[2021.03.16-17.43.15:368][  0]LogOutputDevice: Error: [Callstack] 0x00007ffed268d3c3 UE4Editor-Engine.dll!USceneComponent::AttachToComponent() [D:\Build\++UE4\Sync\Engine\Source\Runtime\Engine\Private\Components\SceneComponent.cpp:1812]
[2021.03.16-17.43.15:368][  0]LogOutputDevice: Error: [Callstack] 0x00007ffeb6295dec UE4Editor-WireHunter.dll!APickUp::APickUp() [C:\Wire-Hunter\work\choi\WireHunter\Source\WireHunter\PickUp.cpp:19]
[2021.03.16-17.43.15:368][  0]LogOutputDevice: Error: [Callstack] 0x00007ffedfafc273 UE4Editor-CoreUObject.dll!UClass::CreateDefaultObject() [D:\Build\++UE4\Sync\Engine\Source\Runtime\CoreUObject\Private\UObject\Class.cpp:3672]
[2021.03.16-17.43.15:368][  0]LogOutputDevice: Error: [Callstack] 0x00007ffedfda8451 UE4Editor-CoreUObject.dll!UObjectLoadAllCompiledInDefaultProperties() [D:\Build\++UE4\Sync\Engine\Source\Runtime\CoreUObject\Private\UObject\UObjectBase.cpp:861]
[2021.03.16-17.43.15:368][  0]LogOutputDevice: Error: [Callstack] 0x00007ffedfd85bbf UE4Editor-CoreUObject.dll!ProcessNewlyLoadedUObjects() [D:\Build\++UE4\Sync\Engine\Source\Runtime\CoreUObject\Private\UObject\UObjectBase.cpp:950]
[2021.03.16-17.43.15:368][  0]LogOutputDevice: Error: [Callstack] 0x00007ffedfca4465 UE4Editor-CoreUObject.dll!TBaseStaticDelegateInstance<void __cdecl(FName,bool)>::ExecuteIfSafe() [D:\Build\++UE4\Sync\Engine\Source\Runtime\Core\Public\Delegates\DelegateInstancesImpl.h:859]
[2021.03.16-17.43.15:368][  0]LogOutputDevice: Error: [Callstack] 0x00007ffeddbf986a UE4Editor-Core.dll!TBaseMulticastDelegate<void,FName,bool>::Broadcast() [D:\Build\++UE4\Sync\Engine\Source\Runtime\Core\Public\Delegates\DelegateSignatureImpl.inl:1013]
[2021.03.16-17.43.15:368][  0]LogOutputDevice: Error: [Callstack] 0x00007ffeddc199f0 UE4Editor-Core.dll!FModuleManager::LoadModuleWithFailureReason() [D:\Build\++UE4\Sync\Engine\Source\Runtime\Core\Private\Modules\ModuleManager.cpp:500]
[2021.03.16-17.43.15:368][  0]LogOutputDevice: Error: [Callstack] 0x00007fff0636b433 UE4Editor-Projects.dll!FModuleDescriptor::LoadModulesForPhase() [D:\Build\++UE4\Sync\Engine\Source\Runtime\Projects\Private\ModuleDescriptor.cpp:561]
[2021.03.16-17.43.15:368][  0]LogOutputDevice: Error: [Callstack] 0x00007fff0636b70d UE4Editor-Projects.dll!FProjectManager::LoadModulesForProject() [D:\Build\++UE4\Sync\Engine\Source\Runtime\Projects\Private\ProjectManager.cpp:63]
[2021.03.16-17.43.15:368][  0]LogOutputDevice: Error: [Callstack] 0x00007ff731612db4 UE4Editor.exe!FEngineLoop::Init() [D:\Build\++UE4\Sync\Engine\Source\Runtime\Launch\Private\LaunchEngineLoop.cpp:4022]
[2021.03.16-17.43.15:368][  0]LogOutputDevice: Error: [Callstack] 0x00007ffed0ef5cb0 UE4Editor-UnrealEd.dll!EditorInit() [D:\Build\++UE4\Sync\Engine\Source\Editor\UnrealEd\Private\UnrealEdGlobals.cpp:93]
[2021.03.16-17.43.15:368][  0]LogOutputDevice: Error: [Callstack] 0x00007ff73162b8fb UE4Editor.exe!GuardedMain() [D:\Build\++UE4\Sync\Engine\Source\Runtime\Launch\Private\Launch.cpp:149]
[2021.03.16-17.43.15:368][  0]LogOutputDevice: Error: [Callstack] 0x00007ff73162bb5a UE4Editor.exe!GuardedMainWrapper() [D:\Build\++UE4\Sync\Engine\Source\Runtime\Launch\Private\Windows\LaunchWindows.cpp:137]
[2021.03.16-17.43.15:368][  0]LogOutputDevice: Error: [Callstack] 0x00007ff73163e31d UE4Editor.exe!WinMain() [D:\Build\++UE4\Sync\Engine\Source\Runtime\Launch\Private\Windows\LaunchWindows.cpp:268]
[2021.03.16-17.43.15:369][  0]LogOutputDevice: Error: [Callstack] 0x00007ff73164145a UE4Editor.exe!__scrt_common_main_seh() [d:\agent\_work\5\s\src\vctools\crt\vcstartup\src\startup\exe_common.inl:288]
[2021.03.16-17.43.15:369][  0]LogOutputDevice: Error: [Callstack] 0x00007fff2dee7034 KERNEL32.DLL!UnknownFunction []
[2021.03.16-17.43.15:369][  0]LogOutputDevice: Error: [Callstack] 0x00007fff2f282651 ntdll.dll!UnknownFunction []
[2021.03.16-17.43.15:369][  0]LogOutputDevice: Error: 
[2021.03.16-17.43.15:370][  0]LogStats:                SubmitErrorReport -  0.000 s
[2021.03.16-17.43.17:904][  0]LogStats:                    SendNewReport -  2.534 s
[2021.03.16-17.43.17:904][  0]LogStats:             FDebug::EnsureFailed - 14.824 s
[2021.03.16-17.43.19:023][  0]SourceControl: 소스 컨트롤이 꺼졌습니다.
[2021.03.16-17.43.19:023][  0]LogUnrealEdMisc: Loading editor; pre map load, took 105.177
[2021.03.16-17.43.19:024][  0]Cmd: MAP LOAD FILE="../../../../../../Wire-Hunter/work/choi/WireHunter/Content/ThirdPersonCPP/Maps/ThirdPersonExampleMap.umap" TEMPLATE=0 SHOWPROGRESS=1 FEATURELEVEL=3
[2021.03.16-17.43.19:024][  0]LogEditorServer: Warning: Can't find file '../../../../../../Wire-Hunter/work/choi/WireHunter/Content/ThirdPersonCPP/Maps/ThirdPersonExampleMap.umap'
[2021.03.16-17.43.19:024][  0]Cmd: MAP CHECKDEP NOCLEARLOG
[2021.03.16-17.43.19:025][  0]MapCheck: 맵 체크 완료: 오류 0 회, 경고 0 회, 소요 시간 0.802ms.
[2021.03.16-17.43.19:025][  0]LogFileHelpers: Loading map 'ThirdPersonExampleMap' took 0.002
[2021.03.16-17.43.19:041][  0]LogUnrealEdMisc: Total Editor Startup Time, took 105.195
[2021.03.16-17.43.19:222][  0]LogSlate: Updating window title bar state: overlay mode, drag disabled, window buttons hidden, title bar hidden
[2021.03.16-17.43.19:229][  0]LogSlate: Updating window title bar state: overlay mode, drag disabled, window buttons hidden, title bar hidden
[2021.03.16-17.43.19:237][  0]LogSlate: Updating window title bar state: overlay mode, drag disabled, window buttons hidden, title bar hidden
[2021.03.16-17.43.19:244][  0]LogSlate: Updating window title bar state: overlay mode, drag disabled, window buttons hidden, title bar hidden
[2021.03.16-17.43.19:267][  0]LogCollectionManager: Loaded 0 collections in 0.004271 seconds
[2021.03.16-17.43.19:299][  0]LogFileCache: Scanning file cache for directory 'C:/Wire-Hunter/work/choi/WireHunter/Saved/Collections/' took 0.00s
[2021.03.16-17.43.19:299][  0]LogFileCache: Scanning file cache for directory 'C:/Wire-Hunter/work/choi/WireHunter/Content/Developers/ChoiTaeho/Collections/' took 0.00s
[2021.03.16-17.43.19:299][  0]LogFileCache: Scanning file cache for directory 'C:/Wire-Hunter/work/choi/WireHunter/Content/Collections/' took 0.00s
[2021.03.16-17.43.19:299][  0]LogContentBrowser: Native class hierarchy populated in 0.0128 seconds. Added 3438 classes and 823 folders.
[2021.03.16-17.43.19:307][  0]LogContentBrowser: Native class hierarchy updated for 'WidgetCarousel' in 0.0005 seconds. Added 0 classes and 0 folders.
[2021.03.16-17.43.19:857][  0]LogContentBrowser: Native class hierarchy updated for 'AddContentDialog' in 0.0005 seconds. Added 0 classes and 0 folders.
[2021.03.16-17.43.19:865][  0]LogContentBrowser: Native class hierarchy updated for 'SceneOutliner' in 0.0006 seconds. Added 2 classes and 0 folders.
[2021.03.16-17.43.19:955][  0]LogSlate: Took 0.007623 seconds to synchronously load lazily loaded font '../../../Engine/Content/Slate/Fonts/Roboto-Regular.ttf' (155K)
[2021.03.16-17.43.19:973][  0]LogSlate: Took 0.017779 seconds to synchronously load lazily loaded font '../../../Engine/Content/Editor/Slate/Fonts/NanumGothic.ttf' (4243K)
[2021.03.16-17.43.19:996][  0]LogSlate: Took 0.019576 seconds to synchronously load lazily loaded font '../../../Engine/Content/Editor/Slate/Fonts/NanumGothicBold.ttf' (4188K)
[2021.03.16-17.43.20:004][  0]LogSlate: Took 0.007260 seconds to synchronously load lazily loaded font '../../../Engine/Content/Slate/Fonts/Roboto-Bold.ttf' (160K)
[2021.03.16-17.43.20:013][  0]LogSlate: Took 0.007234 seconds to synchronously load lazily loaded font '../../../Engine/Content/Editor/Slate/Fonts/FontAwesome.ttf' (139K)
[2021.03.16-17.43.20:089][  0]LogRenderer: Reallocating scene render targets to support 1528x632 Format 10 NumSamples 1 (Frame:1).
[2021.03.16-17.43.20:159][  0]LogSlate: Took 0.007251 seconds to synchronously load lazily loaded font '../../../Engine/Content/Slate/Fonts/Roboto-Light.ttf' (167K)
[2021.03.16-17.43.20:221][  0]LogContentBrowser: Native class hierarchy updated for 'HierarchicalLODOutliner' in 0.0006 seconds. Added 0 classes and 0 folders.
[2021.03.16-17.43.20:221][  0]LogLoad: (Engine Initialization) Total time: 106.37 seconds
[2021.03.16-17.43.20:221][  0]LogLoad: (Engine Initialization) Total Blueprint compile time: 0.00 seconds
[2021.03.16-17.43.20:274][  0]LogAssetRegistry: Asset discovery search completed in 24.2013 seconds
[2021.03.16-17.43.20:277][  0]LogCollectionManager: Fixed up redirectors for 0 collections in 0.000005 seconds (updated 0 objects)
[2021.03.16-17.43.20:280][  0]LogContentStreaming: Texture pool size now 1000 MB
[2021.03.16-17.43.20:319][  1]LogFileCache: Retrieving MD5 hashes for directory 'C:/Wire-Hunter/work/choi/WireHunter/Content/' took 0.08s
[2021.03.16-17.43.23:142][163]LogTemp: Repeating last play command: 선택된 뷰포트
[2021.03.16-17.43.23:172][163]LogPlayLevel: PlayLevel: No blueprints needed recompiling
[2021.03.16-17.43.23:174][163]PIE: New page: PIE 세션: Untitled_0 (2021. 3. 17. 오전 11:43:23)
[2021.03.16-17.43.23:175][163]LogOnline: OSS: Creating online subsystem instance for: NULL
[2021.03.16-17.43.23:176][163]LogOnline: OSS: TryLoadSubsystemAndSetDefault: Loaded subsystem for module [NULL]
[2021.03.16-17.43.23:176][163]LogPlayLevel: Creating play world package: /Temp/UEDPIE_0_Untitled_0
[2021.03.16-17.43.23:178][163]LogPlayLevel: PIE: StaticDuplicateObject took: (0.001735s)
[2021.03.16-17.43.23:180][163]LogAIModule: Creating AISystem for world Untitled
[2021.03.16-17.43.23:180][163]LogAISub: UAISubsystem::UAISubsystem EnvQueryManager (000001F15E9C6000), frame # 163
[2021.03.16-17.43.23:180][163]LogAISub: UAISubsystem::UAISubsystem AIPerceptionSystem (000001F15E9ED800), frame # 163
[2021.03.16-17.43.23:180][163]LogPlayLevel: PIE: World Init took: (0.001239s)
[2021.03.16-17.43.23:180][163]LogPlayLevel: PIE: Created PIE world by copying editor world from /Temp/Untitled_0.Untitled to /Temp/UEDPIE_0_Untitled_0.Untitled (0.003328s)
[2021.03.16-17.43.23:202][163]LogUObjectHash: Compacting FUObjectHashTables data took   0.78ms
[2021.03.16-17.43.23:207][163]LogAudioMixer: Display: Audio Mixer Platform Settings:
[2021.03.16-17.43.23:207][163]LogAudioMixer: Display: 	Sample Rate:						  48000
[2021.03.16-17.43.23:207][163]LogAudioMixer: Display: 	Callback Buffer Frame Size Requested: 1024
[2021.03.16-17.43.23:207][163]LogAudioMixer: Display: 	Callback Buffer Frame Size To Use:	  1024
[2021.03.16-17.43.23:207][163]LogAudioMixer: Display: 	Number of buffers to queue:			  2
[2021.03.16-17.43.23:207][163]LogAudioMixer: Display: 	Max Channels (voices):				  32
[2021.03.16-17.43.23:207][163]LogAudioMixer: Display: 	Number of Async Source Workers:		  0
[2021.03.16-17.43.23:207][163]LogAudio: Display: AudioDevice MaxSources: 32
[2021.03.16-17.43.23:207][163]LogAudio: Display: Using built-in audio occlusion.
[2021.03.16-17.43.23:207][163]LogAudioMixer: Display: Initializing audio mixer.
[2021.03.16-17.43.23:231][163]LogAudioMixer: Display: 0: FrontLeft
[2021.03.16-17.43.23:231][163]LogAudioMixer: Display: 1: FrontRight
[2021.03.16-17.43.23:291][163]LogAudioMixer: Display: Using Audio Device 헤드폰(SHOQBOX SB7200 SERIES Stereo)
[2021.03.16-17.43.23:291][163]LogAudioMixer: Display: Initializing Sound Submixes...
[2021.03.16-17.43.23:291][163]LogAudioMixer: Display: Creating Master Submix 'MasterSubmixDefault'
[2021.03.16-17.43.23:291][163]LogAudioMixer: Display: Creating Master Submix 'MasterReverbSubmixDefault'
[2021.03.16-17.43.23:291][163]LogAudioMixer: Display: Creating Master Submix 'MasterEQSubmixDefault'
[2021.03.16-17.43.23:303][163]LogInit: FAudioDevice initialized.
[2021.03.16-17.43.23:313][163]LogLoad: Game class is 'WireHunterGameMode'
[2021.03.16-17.43.23:316][163]LogWorld: Bringing World /Temp/UEDPIE_0_Untitled_0.Untitled up for play (max tick rate 0) at 2021.03.17-02.43.23
[2021.03.16-17.43.23:317][163]LogWorld: Bringing up level for play took: 0.000486
[2021.03.16-17.43.23:317][163]LogOnline: OSS: Creating online subsystem instance for: :Context_1
[2021.03.16-17.43.23:327][163]LogContentBrowser: Native class hierarchy updated for 'MovieSceneCapture' in 0.0005 seconds. Added 20 classes and 0 folders.
[2021.03.16-17.43.23:340][163]PIE: 서버가 로그인했습니다.
[2021.03.16-17.43.23:341][163]PIE: 에디터에서 플레이 총 시작 시간 0.172초입니다.
[2021.03.16-17.43.24:412][285]LogSlate: Updating window title bar state: overlay mode, drag disabled, window buttons hidden, title bar hidden
[2021.03.16-17.43.24:412][285]LogWorld: BeginTearingDown for /Temp/UEDPIE_0_Untitled_0
[2021.03.16-17.43.24:413][285]LogWorld: UWorld::CleanupWorld for Untitled, bSessionEnded=true, bCleanupResources=true
[2021.03.16-17.43.24:413][285]LogSlate: InvalidateAllWidgets triggered.  All widgets were invalidated
[2021.03.16-17.43.24:422][285]LogPlayLevel: Display: Shutting down PIE online subsystems
[2021.03.16-17.43.24:423][285]LogSlate: InvalidateAllWidgets triggered.  All widgets were invalidated
[2021.03.16-17.43.24:449][285]LogSlate: Updating window title bar state: overlay mode, drag disabled, window buttons hidden, title bar hidden
[2021.03.16-17.43.24:450][285]LogAISub: UAISubsystem::~UAISubsystem EnvQueryManager (000001F15E9C6000), frame # 285
[2021.03.16-17.43.24:450][285]LogAISub: UAISubsystem::~UAISubsystem AIPerceptionSystem (000001F15E9ED800), frame # 285
[2021.03.16-17.43.24:450][285]LogUObjectHash: Compacting FUObjectHashTables data took   0.61ms
[2021.03.16-17.43.24:484][286]LogPlayLevel: Display: Destroying online subsystem :Context_1
[2021.03.16-17.43.28:050][691]LogSlate: Took 0.001571 seconds to synchronously load lazily loaded font '../../../Engine/Content/Slate/Fonts/Roboto-Light.ttf' (167K)
[2021.03.16-17.43.28:317][691]LogAssetEditorSubsystem: Opening Asset editor for World /Game/ThirdPersonCPP/Maps/GameLevel.GameLevel
[2021.03.16-17.43.28:328][691]LogUObjectHash: Compacting FUObjectHashTables data took   0.79ms
[2021.03.16-17.43.28:330][691]Cmd: MAP LOAD FILE="../../../../../../Wire-Hunter/work/choi/WireHunter/Content/ThirdPersonCPP/Maps/GameLevel.umap" TEMPLATE=0 SHOWPROGRESS=1 FEATURELEVEL=3
[2021.03.16-17.43.28:330][691]LightingResults: New page: 라이팅 빌드
[2021.03.16-17.43.28:333][691]LogContentBrowser: Native class hierarchy updated for 'StatsViewer' in 0.0005 seconds. Added 6 classes and 0 folders.
[2021.03.16-17.43.28:333][691]LoadErrors: New page: 맵 로드중: GameLevel.umap
[2021.03.16-17.43.28:369][691]LogWorld: UWorld::CleanupWorld for Untitled, bSessionEnded=true, bCleanupResources=true
[2021.03.16-17.43.28:369][691]LogSlate: InvalidateAllWidgets triggered.  All widgets were invalidated
[2021.03.16-17.43.28:369][691]MapCheck: New page: 맵 체크
[2021.03.16-17.43.28:369][691]LightingResults: New page: 라이팅 빌드
[2021.03.16-17.43.28:381][691]LogAISub: UAISubsystem::~UAISubsystem EnvQueryManager (000001F0D2C04600), frame # 691
[2021.03.16-17.43.28:381][691]LogAISub: UAISubsystem::~UAISubsystem AIPerceptionSystem (000001F0D2C25080), frame # 691
[2021.03.16-17.43.28:381][691]LogUObjectHash: Compacting FUObjectHashTables data took   0.63ms
[2021.03.16-17.43.28:393][691]LogEditorServer: Finished looking for orphan Actors (0.000 secs)
[2021.03.16-17.43.28:393][691]LogAIModule: Creating AISystem for world GameLevel
[2021.03.16-17.43.28:393][691]LogAISub: UAISubsystem::UAISubsystem EnvQueryManager (000001F16E8CF000), frame # 691
[2021.03.16-17.43.28:393][691]LogAISub: UAISubsystem::UAISubsystem AIPerceptionSystem (000001F0D2BD3600), frame # 691
[2021.03.16-17.43.28:407][691]LogUObjectHash: Compacting FUObjectHashTables data took   0.63ms
[2021.03.16-17.43.28:451][691]Cmd: MAP CHECKDEP NOCLEARLOG
[2021.03.16-17.43.28:452][691]MapCheck: 맵 체크 완료: 오류 0 회, 경고 0 회, 소요 시간 0.248ms.
[2021.03.16-17.43.28:452][691]LogFileHelpers: Loading map 'GameLevel' took 0.122
[2021.03.16-17.43.28:873][728]LogTemp: Repeating last play command: 선택된 뷰포트
[2021.03.16-17.43.28:899][728]LogPlayLevel: PlayLevel: No blueprints needed recompiling
[2021.03.16-17.43.28:899][728]PIE: New page: PIE 세션: GameLevel (2021. 3. 17. 오전 11:43:28)
[2021.03.16-17.43.28:899][728]LogPlayLevel: Creating play world package: /Game/ThirdPersonCPP/Maps/UEDPIE_0_GameLevel
[2021.03.16-17.43.28:911][728]LogPlayLevel: PIE: StaticDuplicateObject took: (0.011388s)
[2021.03.16-17.43.28:912][728]LogAIModule: Creating AISystem for world GameLevel
[2021.03.16-17.43.28:912][728]LogAISub: UAISubsystem::UAISubsystem EnvQueryManager (000001F170830C00), frame # 728
[2021.03.16-17.43.28:912][728]LogAISub: UAISubsystem::UAISubsystem AIPerceptionSystem (000001F15EB54F40), frame # 728
[2021.03.16-17.43.28:913][728]LogPlayLevel: PIE: World Init took: (0.001304s)
[2021.03.16-17.43.28:913][728]LogPlayLevel: PIE: Created PIE world by copying editor world from /Game/ThirdPersonCPP/Maps/GameLevel.GameLevel to /Game/ThirdPersonCPP/Maps/UEDPIE_0_GameLevel.GameLevel (0.012817s)
[2021.03.16-17.43.28:925][728]LogUObjectHash: Compacting FUObjectHashTables data took   0.61ms
[2021.03.16-17.43.28:926][728]LogAudioMixer: Display: Audio Mixer Platform Settings:
[2021.03.16-17.43.28:926][728]LogAudioMixer: Display: 	Sample Rate:						  48000
[2021.03.16-17.43.28:926][728]LogAudioMixer: Display: 	Callback Buffer Frame Size Requested: 1024
[2021.03.16-17.43.28:926][728]LogAudioMixer: Display: 	Callback Buffer Frame Size To Use:	  1024
[2021.03.16-17.43.28:926][728]LogAudioMixer: Display: 	Number of buffers to queue:			  2
[2021.03.16-17.43.28:926][728]LogAudioMixer: Display: 	Max Channels (voices):				  32
[2021.03.16-17.43.28:926][728]LogAudioMixer: Display: 	Number of Async Source Workers:		  0
[2021.03.16-17.43.28:926][728]LogAudio: Display: AudioDevice MaxSources: 32
[2021.03.16-17.43.28:926][728]LogAudio: Display: Using built-in audio occlusion.
[2021.03.16-17.43.28:926][728]LogAudioMixer: Display: Initializing audio mixer.
[2021.03.16-17.43.28:949][728]LogAudioMixer: Display: 0: FrontLeft
[2021.03.16-17.43.28:949][728]LogAudioMixer: Display: 1: FrontRight
[2021.03.16-17.43.29:007][728]LogAudioMixer: Display: Using Audio Device 헤드폰(SHOQBOX SB7200 SERIES Stereo)
[2021.03.16-17.43.29:007][728]LogAudioMixer: Display: Initializing Sound Submixes...
[2021.03.16-17.43.29:007][728]LogAudioMixer: Display: Creating Master Submix 'MasterSubmixDefault'
[2021.03.16-17.43.29:007][728]LogAudioMixer: Display: Creating Master Submix 'MasterReverbSubmixDefault'
[2021.03.16-17.43.29:008][728]LogAudioMixer: Display: Creating Master Submix 'MasterEQSubmixDefault'
[2021.03.16-17.43.29:018][728]LogInit: FAudioDevice initialized.
[2021.03.16-17.43.29:027][728]LogLoad: Game class is 'WireHunterGameMode'
[2021.03.16-17.43.29:028][728]LogWorld: Bringing World /Game/ThirdPersonCPP/Maps/UEDPIE_0_GameLevel.GameLevel up for play (max tick rate 0) at 2021.03.17-02.43.29
[2021.03.16-17.43.29:028][728]LogWorld: Bringing up level for play took: 0.001458
[2021.03.16-17.43.29:028][728]LogOnline: OSS: Creating online subsystem instance for: :Context_3
[2021.03.16-17.43.29:033][728]Cmd: ShowFlag.Bones 2
[2021.03.16-17.43.29:034][728]ShowFlag.Bones = "2"
[2021.03.16-17.43.29:034][728]PIE: 서버가 로그인했습니다.
[2021.03.16-17.43.29:035][728]PIE: 에디터에서 플레이 총 시작 시간 0.138초입니다.
[2021.03.16-17.43.42:032][280]LogSlate: Updating window title bar state: overlay mode, drag disabled, window buttons hidden, title bar hidden
[2021.03.16-17.43.42:032][280]LogWorld: BeginTearingDown for /Game/ThirdPersonCPP/Maps/UEDPIE_0_GameLevel
[2021.03.16-17.43.42:032][280]LogWorld: UWorld::CleanupWorld for GameLevel, bSessionEnded=true, bCleanupResources=true
[2021.03.16-17.43.42:032][280]LogSlate: InvalidateAllWidgets triggered.  All widgets were invalidated
[2021.03.16-17.43.42:038][280]LogPlayLevel: Display: Shutting down PIE online subsystems
[2021.03.16-17.43.42:039][280]LogSlate: InvalidateAllWidgets triggered.  All widgets were invalidated
[2021.03.16-17.43.42:052][280]LogSlate: Updating window title bar state: overlay mode, drag disabled, window buttons hidden, title bar hidden
[2021.03.16-17.43.42:068][280]LogAISub: UAISubsystem::~UAISubsystem AIPerceptionSystem (000001F15EB54F40), frame # 2280
[2021.03.16-17.43.42:068][280]LogAISub: UAISubsystem::~UAISubsystem EnvQueryManager (000001F170830C00), frame # 2280
[2021.03.16-17.43.42:069][280]LogUObjectHash: Compacting FUObjectHashTables data took   0.65ms
[2021.03.16-17.43.42:106][281]LogPlayLevel: Display: Destroying online subsystem :Context_3
[2021.03.16-17.43.42:777][359]LogEditorViewport: Clicking on Actor (LMB): StaticMeshActor (Wall11)
[2021.03.16-17.43.43:420][424]LogTemp: Repeating last play command: 선택된 뷰포트
[2021.03.16-17.43.43:447][424]LogPlayLevel: PlayLevel: No blueprints needed recompiling
[2021.03.16-17.43.43:447][424]PIE: New page: PIE 세션: GameLevel (2021. 3. 17. 오전 11:43:43)
[2021.03.16-17.43.43:447][424]LogPlayLevel: Creating play world package: /Game/ThirdPersonCPP/Maps/UEDPIE_0_GameLevel
[2021.03.16-17.43.43:455][424]LogPlayLevel: PIE: StaticDuplicateObject took: (0.008155s)
[2021.03.16-17.43.43:456][424]LogAIModule: Creating AISystem for world GameLevel
[2021.03.16-17.43.43:456][424]LogAISub: UAISubsystem::UAISubsystem EnvQueryManager (000001F16E561800), frame # 2424
[2021.03.16-17.43.43:456][424]LogAISub: UAISubsystem::UAISubsystem AIPerceptionSystem (000001F0D3584540), frame # 2424
[2021.03.16-17.43.43:457][424]LogPlayLevel: PIE: World Init took: (0.001238s)
[2021.03.16-17.43.43:457][424]LogPlayLevel: PIE: Created PIE world by copying editor world from /Game/ThirdPersonCPP/Maps/GameLevel.GameLevel to /Game/ThirdPersonCPP/Maps/UEDPIE_0_GameLevel.GameLevel (0.009537s)
[2021.03.16-17.43.43:469][424]LogUObjectHash: Compacting FUObjectHashTables data took   0.82ms
[2021.03.16-17.43.43:471][424]LogAudioMixer: Display: Audio Mixer Platform Settings:
[2021.03.16-17.43.43:471][424]LogAudioMixer: Display: 	Sample Rate:						  48000
[2021.03.16-17.43.43:471][424]LogAudioMixer: Display: 	Callback Buffer Frame Size Requested: 1024
[2021.03.16-17.43.43:471][424]LogAudioMixer: Display: 	Callback Buffer Frame Size To Use:	  1024
[2021.03.16-17.43.43:471][424]LogAudioMixer: Display: 	Number of buffers to queue:			  2
[2021.03.16-17.43.43:471][424]LogAudioMixer: Display: 	Max Channels (voices):				  32
[2021.03.16-17.43.43:471][424]LogAudioMixer: Display: 	Number of Async Source Workers:		  0
[2021.03.16-17.43.43:471][424]LogAudio: Display: AudioDevice MaxSources: 32
[2021.03.16-17.43.43:472][424]LogAudio: Display: Using built-in audio occlusion.
[2021.03.16-17.43.43:472][424]LogAudioMixer: Display: Initializing audio mixer.
[2021.03.16-17.43.43:496][424]LogAudioMixer: Display: 0: FrontLeft
[2021.03.16-17.43.43:496][424]LogAudioMixer: Display: 1: FrontRight
[2021.03.16-17.43.43:556][424]LogAudioMixer: Display: Using Audio Device 헤드폰(SHOQBOX SB7200 SERIES Stereo)
[2021.03.16-17.43.43:556][424]LogAudioMixer: Display: Initializing Sound Submixes...
[2021.03.16-17.43.43:556][424]LogAudioMixer: Display: Creating Master Submix 'MasterSubmixDefault'
[2021.03.16-17.43.43:556][424]LogAudioMixer: Display: Creating Master Submix 'MasterReverbSubmixDefault'
[2021.03.16-17.43.43:557][424]LogAudioMixer: Display: Creating Master Submix 'MasterEQSubmixDefault'
[2021.03.16-17.43.43:568][424]LogInit: FAudioDevice initialized.
[2021.03.16-17.43.43:577][424]LogLoad: Game class is 'WireHunterGameMode'
[2021.03.16-17.43.43:578][424]LogWorld: Bringing World /Game/ThirdPersonCPP/Maps/UEDPIE_0_GameLevel.GameLevel up for play (max tick rate 0) at 2021.03.17-02.43.43
[2021.03.16-17.43.43:579][424]LogWorld: Bringing up level for play took: 0.001406
[2021.03.16-17.43.43:579][424]LogOnline: OSS: Creating online subsystem instance for: :Context_6
[2021.03.16-17.43.43:581][424]Cmd: ShowFlag.Bones 2
[2021.03.16-17.43.43:581][424]ShowFlag.Bones = "2"
[2021.03.16-17.43.43:582][424]PIE: 서버가 로그인했습니다.
[2021.03.16-17.43.43:583][424]PIE: 에디터에서 플레이 총 시작 시간 0.138초입니다.
[2021.03.16-17.43.53:763][638]LogSlate: Updating window title bar state: overlay mode, drag disabled, window buttons hidden, title bar hidden
[2021.03.16-17.43.53:763][638]LogWorld: BeginTearingDown for /Game/ThirdPersonCPP/Maps/UEDPIE_0_GameLevel
[2021.03.16-17.43.53:763][638]LogWorld: UWorld::CleanupWorld for GameLevel, bSessionEnded=true, bCleanupResources=true
[2021.03.16-17.43.53:764][638]LogSlate: InvalidateAllWidgets triggered.  All widgets were invalidated
[2021.03.16-17.43.53:772][638]LogPlayLevel: Display: Shutting down PIE online subsystems
[2021.03.16-17.43.53:774][638]LogSlate: InvalidateAllWidgets triggered.  All widgets were invalidated
[2021.03.16-17.43.53:785][638]LogSlate: Updating window title bar state: overlay mode, drag disabled, window buttons hidden, title bar hidden
[2021.03.16-17.43.53:800][638]LogAISub: UAISubsystem::~UAISubsystem AIPerceptionSystem (000001F0D3584540), frame # 3638
[2021.03.16-17.43.53:800][638]LogAISub: UAISubsystem::~UAISubsystem EnvQueryManager (000001F16E561800), frame # 3638
[2021.03.16-17.43.53:800][638]LogUObjectHash: Compacting FUObjectHashTables data took   0.62ms
[2021.03.16-17.43.53:839][639]LogPlayLevel: Display: Destroying online subsystem :Context_6
[2021.03.16-18.34.13:486][825]LogTemp: Repeating last play command: 선택된 뷰포트
[2021.03.16-18.34.13:519][825]LogPlayLevel: PlayLevel: No blueprints needed recompiling
[2021.03.16-18.34.13:519][825]PIE: New page: PIE 세션: GameLevel (2021. 3. 17. 오후 12:34:13)
[2021.03.16-18.34.13:549][825]LogPlayLevel: Creating play world package: /Game/ThirdPersonCPP/Maps/UEDPIE_0_GameLevel
[2021.03.16-18.34.13:578][825]LogPlayLevel: PIE: StaticDuplicateObject took: (0.028109s)
[2021.03.16-18.34.13:580][825]LogAIModule: Creating AISystem for world GameLevel
[2021.03.16-18.34.13:580][825]LogAISub: UAISubsystem::UAISubsystem EnvQueryManager (000001F16DA83E00), frame # 12825
[2021.03.16-18.34.13:581][825]LogAISub: UAISubsystem::UAISubsystem AIPerceptionSystem (000001F1568C9A80), frame # 12825
[2021.03.16-18.34.13:581][825]LogPlayLevel: PIE: World Init took: (0.003737s)
[2021.03.16-18.34.13:581][825]LogPlayLevel: PIE: Created PIE world by copying editor world from /Game/ThirdPersonCPP/Maps/GameLevel.GameLevel to /Game/ThirdPersonCPP/Maps/UEDPIE_0_GameLevel.GameLevel (0.032380s)
[2021.03.16-18.34.13:601][825]LogUObjectHash: Compacting FUObjectHashTables data took   2.06ms
[2021.03.16-18.34.13:609][825]LogAudioMixer: Display: Audio Mixer Platform Settings:
[2021.03.16-18.34.13:609][825]LogAudioMixer: Display: 	Sample Rate:						  48000
[2021.03.16-18.34.13:609][825]LogAudioMixer: Display: 	Callback Buffer Frame Size Requested: 1024
[2021.03.16-18.34.13:609][825]LogAudioMixer: Display: 	Callback Buffer Frame Size To Use:	  1024
[2021.03.16-18.34.13:609][825]LogAudioMixer: Display: 	Number of buffers to queue:			  2
[2021.03.16-18.34.13:609][825]LogAudioMixer: Display: 	Max Channels (voices):				  32
[2021.03.16-18.34.13:609][825]LogAudioMixer: Display: 	Number of Async Source Workers:		  0
[2021.03.16-18.34.13:609][825]LogAudio: Display: AudioDevice MaxSources: 32
[2021.03.16-18.34.13:610][825]LogAudio: Display: Using built-in audio occlusion.
[2021.03.16-18.34.13:610][825]LogAudioMixer: Display: Initializing audio mixer.
[2021.03.16-18.34.13:634][825]LogAudioMixer: Display: 0: FrontLeft
[2021.03.16-18.34.13:635][825]LogAudioMixer: Display: 1: FrontRight
[2021.03.16-18.34.13:692][825]LogAudioMixer: Display: Using Audio Device 헤드폰(SHOQBOX SB7200 SERIES Stereo)
[2021.03.16-18.34.13:694][825]LogAudioMixer: Display: Initializing Sound Submixes...
[2021.03.16-18.34.13:694][825]LogAudioMixer: Display: Creating Master Submix 'MasterSubmixDefault'
[2021.03.16-18.34.13:694][825]LogAudioMixer: Display: Creating Master Submix 'MasterReverbSubmixDefault'
[2021.03.16-18.34.13:697][825]LogAudioMixer: Display: Creating Master Submix 'MasterEQSubmixDefault'
[2021.03.16-18.34.13:705][825]LogInit: FAudioDevice initialized.
[2021.03.16-18.34.13:715][825]LogLoad: Game class is 'WireHunterGameMode'
[2021.03.16-18.34.13:718][825]LogWorld: Bringing World /Game/ThirdPersonCPP/Maps/UEDPIE_0_GameLevel.GameLevel up for play (max tick rate 0) at 2021.03.17-03.34.13
[2021.03.16-18.34.13:718][825]LogWorld: Bringing up level for play took: 0.002457
[2021.03.16-18.34.13:719][825]LogOnline: OSS: Creating online subsystem instance for: :Context_7
[2021.03.16-18.34.13:722][825]Cmd: ShowFlag.Bones 2
[2021.03.16-18.34.13:722][825]ShowFlag.Bones = "2"
[2021.03.16-18.34.13:724][825]PIE: 서버가 로그인했습니다.
[2021.03.16-18.34.13:725][825]PIE: 에디터에서 플레이 총 시작 시간 0.21초입니다.
[2021.03.16-18.34.16:312][127]LogSlate: Updating window title bar state: overlay mode, drag disabled, window buttons hidden, title bar hidden
[2021.03.16-18.34.16:312][127]LogWorld: BeginTearingDown for /Game/ThirdPersonCPP/Maps/UEDPIE_0_GameLevel
[2021.03.16-18.34.16:312][127]LogWorld: UWorld::CleanupWorld for GameLevel, bSessionEnded=true, bCleanupResources=true
[2021.03.16-18.34.16:312][127]LogSlate: InvalidateAllWidgets triggered.  All widgets were invalidated
[2021.03.16-18.34.16:321][127]LogPlayLevel: Display: Shutting down PIE online subsystems
[2021.03.16-18.34.16:322][127]LogSlate: InvalidateAllWidgets triggered.  All widgets were invalidated
[2021.03.16-18.34.16:333][127]LogSlate: Updating window title bar state: overlay mode, drag disabled, window buttons hidden, title bar hidden
[2021.03.16-18.34.16:348][127]LogAISub: UAISubsystem::~UAISubsystem AIPerceptionSystem (000001F1568C9A80), frame # 13127
[2021.03.16-18.34.16:348][127]LogAISub: UAISubsystem::~UAISubsystem EnvQueryManager (000001F16DA83E00), frame # 13127
[2021.03.16-18.34.16:349][127]LogUObjectHash: Compacting FUObjectHashTables data took   0.65ms
[2021.03.16-18.34.16:389][128]LogPlayLevel: Display: Destroying online subsystem :Context_7
[2021.03.16-18.37.29:463][269]LogAssetEditorSubsystem: Opening Asset editor for Blueprint /Game/ThirdPersonCPP/Blueprints/ThirdPersonCharacter.ThirdPersonCharacter
[2021.03.16-18.37.29:716][269]LogContentBrowser: Native class hierarchy updated for 'BlueprintGraph' in 0.0013 seconds. Added 125 classes and 0 folders.
[2021.03.16-18.37.30:893][269]LogSlate: Took 0.007600 seconds to synchronously load lazily loaded font '../../../Engine/Content/Slate/Fonts/Roboto-BoldCondensed.ttf' (158K)
[2021.03.16-18.37.31:117][270]LogSlate: Took 0.006313 seconds to synchronously load lazily loaded font '../../../Engine/Content/Slate/Fonts/Roboto-Italic.ttf' (157K)
[2021.03.16-18.38.07:948][523]LogSlate: Took 0.007567 seconds to synchronously load lazily loaded font '../../../Engine/Content/Slate/Fonts/Roboto-BoldCondensedItalic.ttf' (160K)
[2021.03.16-18.44.41:210][901]LogUObjectHash: Compacting FUObjectHashTables data took   3.36ms
[2021.03.16-18.44.41:306][901]LogSavePackage: Moving '../../../../../../Wire-Hunter/work/choi/WireHunter/Saved/GameLevel_Auto1960E8E3D4EEBED05078F6896B6D60D87.tmp' to '../../../../../../Wire-Hunter/work/choi/WireHunter/Saved/Autosaves/Game/ThirdPersonCPP/Maps/GameLevel_Auto1.umap'
[2021.03.16-18.44.41:312][901]LogFileHelpers: Editor autosave (incl. sublevels) for '/Game/ThirdPersonCPP/Maps/GameLevel' took 0.123
[2021.03.16-18.44.41:312][901]LogFileHelpers: Editor autosave (incl. sublevels) for all levels took 0.123
[2021.03.16-18.44.41:312][901]OBJ SavePackage: Generating thumbnails for [1] asset(s) in package [/Game/ThirdPersonCPP/Blueprints/ThirdPersonCharacter] ([1] browsable assets)...
[2021.03.16-18.44.41:322][901]OBJ SavePackage:     Rendered thumbnail for [Blueprint /Game/ThirdPersonCPP/Blueprints/ThirdPersonCharacter.ThirdPersonCharacter]
[2021.03.16-18.44.41:322][901]OBJ SavePackage: Finished generating thumbnails for package [/Game/ThirdPersonCPP/Blueprints/ThirdPersonCharacter]
[2021.03.16-18.44.41:468][901]LogSavePackage: Moving '../../../../../../Wire-Hunter/work/choi/WireHunter/Saved/ThirdPersonCharacter_Auto1E3E00BC64D096D8B4F7534884F1C0673.tmp' to '../../../../../../Wire-Hunter/work/choi/WireHunter/Saved/Autosaves/Game/ThirdPersonCPP/Blueprints/ThirdPersonCharacter_Auto1.uasset'
[2021.03.16-18.44.41:472][901]LogFileHelpers: Auto-saving content packages took 0.161
[2021.03.16-18.45.44:677][567]LogAssetEditorSubsystem: Opening Asset editor for Class /Script/WireHunter.WireHunterCharacter
[2021.03.16-18.47.48:450][518]LogSlate: Window '변수 삭제' being destroyed
[2021.03.16-18.49.07:604][955]LogHotReload: New module detected: UE4Editor-WireHunter-0001.dll
[2021.03.16-18.49.08:640][959]LogHotReload: Starting Hot-Reload from IDE
[2021.03.16-18.49.09:304][959]LogClass: Could not find existing class WireHunterCharacter in package /Script/WireHunter for HotReload, assuming new class
[2021.03.16-18.49.09:316][959]LogHotReload: Re-instancing PickUp after hot-reload.
[2021.03.16-18.49.09:348][959]LogHotReload: Re-instancing WireHunterCharacter after hot-reload.
[2021.03.16-18.49.09:476][959]LogContentBrowser: Native class hierarchy updated for 'WireHunter' in 0.0008 seconds. Added 11 classes and 2 folders.
[2021.03.16-18.49.09:482][959]Display: HotReload successful (1 functions remapped  0 scriptstructs remapped)
[2021.03.16-18.49.12:845][959]LogThreadingWindows: Error: Runnable thread PoolThread 36 crashed.
[2021.03.16-18.49.12:845][959]LogThreadingWindows: Error: Runnable thread PoolThread 41 crashed.
[2021.03.16-18.49.12:845][959]LogWindows: Error: HandleError re-entered.
[2021.03.16-18.49.12:845][959]LogWindows: FPlatformMisc::RequestExit(1)
[2021.03.16-18.49.12:845][959]LogCore: Engine exit requested (reason: Win RequestExit)
[2021.03.16-18.49.12:845][959]LogThreadingWindows: Error: Runnable thread PoolThread 35 crashed.
[2021.03.16-18.49.12:845][959]LogThreadingWindows: Error: Runnable thread PoolThread 40 crashed.
[2021.03.16-18.49.12:845][959]LogWindows: Error: HandleError re-entered.
[2021.03.16-18.49.12:845][959]LogWindows: FPlatformMisc::RequestExit(1)
[2021.03.16-18.49.12:845][959]LogWindows: Error: HandleError re-entered.
[2021.03.16-18.49.12:845][959]LogCore: Engine exit requested (reason: Win RequestExit; note: exit was already requested)
[2021.03.16-18.49.12:845][959]LogWindows: FPlatformMisc::RequestExit(1)
[2021.03.16-18.49.12:845][959]LogCore: Engine exit requested (reason: Win RequestExit; note: exit was already requested)
[2021.03.16-18.49.12:845][959]LogThreadingWindows: Error: Runnable thread PoolThread 32 crashed.
[2021.03.16-18.49.12:845][959]LogWindows: Error: HandleError re-entered.
[2021.03.16-18.49.12:845][959]LogWindows: FPlatformMisc::RequestExit(1)
[2021.03.16-18.49.12:845][959]LogCore: Engine exit requested (reason: Win RequestExit; note: exit was already requested)
[2021.03.16-18.49.12:845][959]LogWindows: Error: === Critical error: ===
[2021.03.16-18.49.12:845][959]LogWindows: Error: 
[2021.03.16-18.49.12:846][959]LogWindows: Error: Unhandled Exception: EXCEPTION_ACCESS_VIOLATION reading address 0x00000019
[2021.03.16-18.49.12:846][959]LogWindows: Error: 
[2021.03.16-18.49.12:846][959]LogWindows: Error: [Callstack] 0x00007ffedfaf0de8 UE4Editor-CoreUObject.dll!FPropertyProxyArchive::operator<<() [D:\Build\++UE4\Sync\Engine\Source\Runtime\CoreUObject\Public\UObject\PropertyProxyArchive.h:45]
[2021.03.16-18.49.12:846][959]LogWindows: Error: [Callstack] 0x00007ffedfbe5730 UE4Editor-CoreUObject.dll!UStruct::SerializeExpr() [D:\Build\++UE4\Sync\Engine\Source\Runtime\CoreUObject\Public\UObject\ScriptSerialization.h:182]
[2021.03.16-18.49.12:846][959]LogWindows: Error: [Callstack] 0x00007ffedfbe486a UE4Editor-CoreUObject.dll!UStruct::Serialize() [D:\Build\++UE4\Sync\Engine\Source\Runtime\CoreUObject\Private\UObject\Class.cpp:1925]
[2021.03.16-18.49.12:846][959]LogWindows: Error: [Callstack] 0x00007ffedfbe3cfe UE4Editor-CoreUObject.dll!UFunction::Serialize() [D:\Build\++UE4\Sync\Engine\Source\Runtime\CoreUObject\Private\UObject\Class.cpp:5555]
[2021.03.16-18.49.12:846][959]LogWindows: Error: [Callstack] 0x00007ffebe98c39c UE4Editor-HotReload.dll!FAsyncTask<`FHotReloadModule::ReplaceReferencesToReconstructedCDOs'::`2'::FFindRefTask>::DoWork() [D:\Build\++UE4\Sync\Engine\Source\Runtime\Core\Public\Async\AsyncWork.h:271]
[2021.03.16-18.49.12:846][959]LogWindows: Error: [Callstack] 0x00007ffebe98c13e UE4Editor-HotReload.dll!FAsyncTask<`FHotReloadModule::ReplaceReferencesToReconstructedCDOs'::`2'::FFindRefTask>::DoThreadedWork() [D:\Build\++UE4\Sync\Engine\Source\Runtime\Core\Public\Async\AsyncWork.h:296]
[2021.03.16-18.49.12:846][959]LogWindows: Error: [Callstack] 0x00007ffedda8630d UE4Editor-Core.dll!FQueuedThread::Run() [D:\Build\++UE4\Sync\Engine\Source\Runtime\Core\Private\HAL\ThreadingBase.cpp:855]
[2021.03.16-18.49.12:846][959]LogWindows: Error: [Callstack] 0x00007ffedde504db UE4Editor-Core.dll!FRunnableThreadWin::Run() [D:\Build\++UE4\Sync\Engine\Source\Runtime\Core\Private\Windows\WindowsRunnableThread.cpp:86]
[2021.03.16-18.49.12:851][959]Log file closed, 03/17/21 03:49:12
