Log file open, 06/01/21 02:15:16
LogInit: Display: Running engine for game: WireHunter
LogPlatformFile: Not using cached read wrapper
LogTaskGraph: Started task graph with 5 named threads and 35 total threads with 3 sets of task threads.
LogStats: Stats thread started at 0.290549
LogD3D11RHI: Loaded GFSDK_Aftermath_Lib.x64.dll
LogICUInternationalization: ICU TimeZone Detection - Raw Offset: +9:00, Platform Override: ''
LogPluginManager: Mounting plugin Paper2D
LogPluginManager: Mounting plugin AISupport
LogPluginManager: Mounting plugin LightPropagationVolume
LogPluginManager: Mounting plugin CameraShakePreviewer
LogPluginManager: Mounting plugin ActorLayerUtilities
LogPluginManager: Mounting plugin AnimationSharing
LogPluginManager: Mounting plugin CLionSourceCodeAccess
LogPluginManager: Mounting plugin CodeLiteSourceCodeAccess
LogPluginManager: Mounting plugin GitSourceControl
LogPluginManager: Mounting plugin KDevelopSourceCodeAccess
LogPluginManager: Mounting plugin NullSourceCodeAccess
LogPluginManager: Mounting plugin PerforceSourceControl
LogPluginManager: Mounting plugin PlasticSourceControl
LogPluginManager: Mounting plugin RiderSourceCodeAccess
LogPluginManager: Mounting plugin SubversionSourceControl
LogPluginManager: Mounting plugin UObjectPlugin
LogPluginManager: Mounting plugin VisualStudioCodeSourceCodeAccess
LogPluginManager: Mounting plugin VisualStudioSourceCodeAccess
LogPluginManager: Mounting plugin XCodeSourceCodeAccess
LogPluginManager: Mounting plugin AssetManagerEditor
LogPluginManager: Mounting plugin BlueprintMaterialTextureNodes
LogPluginManager: Mounting plugin CryptoKeys
LogPluginManager: Mounting plugin CurveEditorTools
LogPluginManager: Mounting plugin DataValidation
LogPluginManager: Mounting plugin EditorScriptingUtilities
LogPluginManager: Mounting plugin FacialAnimation
LogPluginManager: Mounting plugin GameplayTagsEditor
LogPluginManager: Mounting plugin GeometryMode
LogPluginManager: Mounting plugin MacGraphicsSwitching
LogPluginManager: Mounting plugin MaterialAnalyzer
LogPluginManager: Mounting plugin MobileLauncherProfileWizard
LogPluginManager: Mounting plugin PluginBrowser
LogPluginManager: Mounting plugin SpeedTreeImporter
LogPluginManager: Mounting plugin DatasmithContent
LogPluginManager: Mounting plugin VariantManagerContent
LogPluginManager: Mounting plugin AlembicImporter
LogPluginManager: Mounting plugin AutomationUtils
LogPluginManager: Mounting plugin BackChannel
LogPluginManager: Mounting plugin ChaosCloth
LogPluginManager: Mounting plugin ChaosClothEditor
LogPluginManager: Mounting plugin ChaosEditor
LogPluginManager: Mounting plugin ChaosNiagara
LogPluginManager: Mounting plugin ChaosSolverPlugin
LogPluginManager: Mounting plugin CharacterAI
LogPluginManager: Mounting plugin GeometryCache
LogPluginManager: Mounting plugin GeometryCollectionPlugin
LogPluginManager: Mounting plugin GeometryProcessing
LogPluginManager: Mounting plugin PlanarCut
LogPluginManager: Mounting plugin PlatformCrypto
LogPluginManager: Mounting plugin ProxyLODPlugin
LogPluginManager: Mounting plugin SkeletalReduction
LogPluginManager: Mounting plugin Volumetrics
LogPluginManager: Mounting plugin Niagara
LogPluginManager: Mounting plugin MagicLeap
LogPluginManager: Mounting plugin MagicLeapLightEstimation
LogPluginManager: Mounting plugin MagicLeapMedia
LogPluginManager: Mounting plugin MagicLeapPassableWorld
LogPluginManager: Mounting plugin MLSDK
LogPluginManager: Mounting plugin AndroidMedia
LogPluginManager: Mounting plugin AvfMedia
LogPluginManager: Mounting plugin ImgMedia
LogPluginManager: Mounting plugin MediaCompositing
LogPluginManager: Mounting plugin MediaPlayerEditor
LogPluginManager: Mounting plugin WebMMedia
LogPluginManager: Mounting plugin WmfMedia
LogPluginManager: Mounting plugin MeshPainting
LogPluginManager: Mounting plugin TcpMessaging
LogPluginManager: Mounting plugin UdpMessaging
LogPluginManager: Mounting plugin ActorSequence
LogPluginManager: Mounting plugin LevelSequenceEditor
LogPluginManager: Mounting plugin MatineeToLevelSequence
LogPluginManager: Mounting plugin MovieRenderPipeline
LogPluginManager: Mounting plugin TemplateSequence
LogPluginManager: Mounting plugin NetcodeUnitTest
LogPluginManager: Mounting plugin NUTUnrealEngine4
LogPluginManager: Mounting plugin OnlineSubsystemGooglePlay
LogPluginManager: Mounting plugin OnlineSubsystemIOS
LogPluginManager: Mounting plugin OnlineSubsystem
LogPluginManager: Mounting plugin OnlineSubsystemNull
LogPluginManager: Mounting plugin OnlineSubsystemUtils
LogPluginManager: Mounting plugin LauncherChunkInstaller
LogPluginManager: Mounting plugin AndroidDeviceProfileSelector
LogPluginManager: Mounting plugin AndroidMoviePlayer
LogPluginManager: Mounting plugin AndroidPermission
LogPluginManager: Mounting plugin AppleImageUtils
LogPluginManager: Mounting plugin AppleMoviePlayer
LogPluginManager: Mounting plugin ArchVisCharacter
LogPluginManager: Mounting plugin AssetTags
LogPluginManager: Mounting plugin AudioCapture
LogPluginManager: Mounting plugin CableComponent
LogPluginManager: Mounting plugin CustomMeshComponent
LogPluginManager: Mounting plugin EditableMesh
LogPluginManager: Mounting plugin ExampleDeviceProfileSelector
LogPluginManager: Mounting plugin GoogleCloudMessaging
LogPluginManager: Mounting plugin GooglePAD
LogPluginManager: Mounting plugin IOSDeviceProfileSelector
LogPluginManager: Mounting plugin LinuxDeviceProfileSelector
LogPluginManager: Mounting plugin LocationServicesBPLibrary
LogPluginManager: Mounting plugin MobilePatchingUtils
LogPluginManager: Mounting plugin OculusVR
LogPluginManager: Mounting plugin PhysXVehicles
LogPluginManager: Mounting plugin PostSplashScreen
LogPluginManager: Mounting plugin ProceduralMeshComponent
LogPluginManager: Mounting plugin RuntimePhysXCooking
LogPluginManager: Mounting plugin SignificanceManager
LogPluginManager: Mounting plugin SoundFields
LogPluginManager: Mounting plugin SteamVR
LogPluginManager: Mounting plugin Synthesis
LogPluginManager: Mounting plugin WebMMoviePlayer
LogPluginManager: Mounting plugin WindowsMoviePlayer
LogPluginManager: Mounting plugin ScreenshotTools
LogInit: Using libcurl 7.55.1-DEV
LogInit:  - built for x86_64-pc-win32
LogInit:  - supports SSL with OpenSSL/1.1.1
LogInit:  - supports HTTP deflate (compression) using libz 1.2.8
LogInit:  - other features:
LogInit:      CURL_VERSION_SSL
LogInit:      CURL_VERSION_LIBZ
LogInit:      CURL_VERSION_IPV6
LogInit:      CURL_VERSION_ASYNCHDNS
LogInit:      CURL_VERSION_LARGEFILE
LogInit:      CURL_VERSION_IDN
LogInit:  CurlRequestOptions (configurable via config and command line):
LogInit:  - bVerifyPeer = true  - Libcurl will verify peer certificate
LogInit:  - bUseHttpProxy = false  - Libcurl will NOT use HTTP proxy
LogInit:  - bDontReuseConnections = false  - Libcurl will reuse connections
LogInit:  - MaxHostConnections = 16  - Libcurl will limit the number of connections to a host
LogInit:  - LocalHostAddr = Default
LogInit:  - BufferSize = 65536
LogOnline: OSS: Creating online subsystem instance for: NULL
LogInit: WinSock: version 1.1 (2.2), MaxSocks=32767, MaxUdp=65467
LogOnline: OSS: TryLoadSubsystemAndSetDefault: Loaded subsystem for module [NULL]
LogInit: Build: ++UE4+Release-4.25-CL-14469661
LogInit: Engine Version: 4.25.4-14469661+++UE4+Release-4.25
LogInit: Compatible Engine Version: 4.25.0-13144385+++UE4+Release-4.25
LogInit: Net CL: 13144385
LogInit: OS: Windows 10 (Release 2004) (), CPU: Intel(R) Core(TM) i5-10400 CPU @ 2.90GHz, GPU: NVIDIA GeForce RTX 2060
LogInit: Compiled (64-bit): Oct 11 2020 08:10:49
LogInit: Compiled with Visual C++: 19.24.28315.00
LogInit: Build Configuration: Development
LogInit: Branch Name: ++UE4+Release-4.25
LogInit: Command Line: 
LogInit: Base Directory: C:/Program Files/Epic Games/UE_4.25/Engine/Binaries/Win64/
LogInit: Allocator: TBB
LogInit: Installed Engine Build: 1
LogDevObjectVersion: Number of dev versions registered: 26
LogDevObjectVersion:   Dev-Blueprints (B0D832E4-1F89-4F0D-ACCF-7EB736FD4AA2): 10
LogDevObjectVersion:   Dev-Build (E1C64328-A22C-4D53-A36C-8E866417BD8C): 0
LogDevObjectVersion:   Dev-Core (375EC13C-06E4-48FB-B500-84F0262A717E): 4
LogDevObjectVersion:   Dev-Editor (E4B068ED-F494-42E9-A231-DA0B2E46BB41): 38
LogDevObjectVersion:   Dev-Framework (CFFC743F-43B0-4480-9391-14DF171D2073): 37
LogDevObjectVersion:   Dev-Mobile (B02B49B5-BB20-44E9-A304-32B752E40360): 2
LogDevObjectVersion:   Dev-Networking (A4E4105C-59A1-49B5-A7C5-40C4547EDFEE): 0
LogDevObjectVersion:   Dev-Online (39C831C9-5AE6-47DC-9A44-9C173E1C8E7C): 0
LogDevObjectVersion:   Dev-Physics (78F01B33-EBEA-4F98-B9B4-84EACCB95AA2): 4
LogDevObjectVersion:   Dev-Platform (6631380F-2D4D-43E0-8009-CF276956A95A): 0
LogDevObjectVersion:   Dev-Rendering (12F88B9F-8875-4AFC-A67C-D90C383ABD29): 43
LogDevObjectVersion:   Dev-Sequencer (7B5AE74C-D270-4C10-A958-57980B212A5A): 12
LogDevObjectVersion:   Dev-VR (D7296918-1DD6-4BDD-9DE2-64A83CC13884): 3
LogDevObjectVersion:   Dev-LoadTimes (C2A15278-BFE7-4AFE-6C17-90FF531DF755): 1
LogDevObjectVersion:   Private-Geometry (6EACA3D4-40EC-4CC1-B786-8BED09428FC5): 3
LogDevObjectVersion:   Dev-AnimPhys (29E575DD-E0A3-4627-9D10-D276232CDCEA): 17
LogDevObjectVersion:   Dev-Anim (AF43A65D-7FD3-4947-9873-3E8ED9C1BB05): 7
LogDevObjectVersion:   Dev-ReflectionCapture (6B266CEC-1EC7-4B8F-A30B-E4D90942FC07): 1
LogDevObjectVersion:   Dev-Automation (0DF73D61-A23F-47EA-B727-89E90C41499A): 1
LogDevObjectVersion:   FortniteMain (601D1886-AC64-4F84-AA16-D3DE0DEAC7D6): 31
LogDevObjectVersion:   Dev-Enterprise (9DFFBCD6-494F-0158-E221-12823C92A888): 10
LogDevObjectVersion:   Dev-Niagara (F2AED0AC-9AFE-416F-8664-AA7FFA26D6FC): 1
LogDevObjectVersion:   Dev-Destruction (174F1F0B-B4C6-45A5-B13F-2EE8D0FB917D): 10
LogDevObjectVersion:   Dev-Physics-Ext (35F94A83-E258-406C-A318-09F59610247C): 37
LogDevObjectVersion:   Dev-PhysicsMaterial-Chaos (B68FC16E-8B1B-42E2-B453-215C058844FE): 1
LogDevObjectVersion:   Dev-CineCamera (B2E18506-4273-CFC2-A54E-F4BB758BBA07): 1
LogInit: Presizing for max 25165824 objects, including 0 objects not considered by GC, pre-allocating 0 bytes for permanent pool.
LogConfig: Applying CVar settings from Section [/Script/Engine.StreamingSettings] File [C:/Wire-Hunter/work/choi/WireHunter/Saved/Config/Windows/Engine.ini]
LogConfig: Setting CVar [[s.MinBulkDataSizeForAsyncLoading:131072]]
LogConfig: Setting CVar [[s.AsyncLoadingThreadEnabled:0]]
LogConfig: Setting CVar [[s.EventDrivenLoaderEnabled:1]]
LogConfig: Setting CVar [[s.WarnIfTimeLimitExceeded:0]]
LogConfig: Setting CVar [[s.TimeLimitExceededMultiplier:1.5]]
LogConfig: Setting CVar [[s.TimeLimitExceededMinTime:0.005]]
LogConfig: Setting CVar [[s.UseBackgroundLevelStreaming:1]]
LogConfig: Setting CVar [[s.PriorityAsyncLoadingExtraTime:15.0]]
LogConfig: Setting CVar [[s.LevelStreamingActorsUpdateTimeLimit:5.0]]
LogConfig: Setting CVar [[s.PriorityLevelStreamingActorsUpdateExtraTime:5.0]]
LogConfig: Setting CVar [[s.LevelStreamingComponentsRegistrationGranularity:10]]
LogConfig: Setting CVar [[s.UnregisterComponentsTimeLimit:1.0]]
LogConfig: Setting CVar [[s.LevelStreamingComponentsUnregistrationGranularity:5]]
LogConfig: Setting CVar [[s.FlushStreamingOnExit:1]]
LogInit: Object subsystem initialized
LogConfig: Setting CVar [[con.DebugEarlyDefault:1]]
LogConfig: Setting CVar [[r.setres:1280x720]]
[2021.05.31-17.15.16:837][  0]LogConfig: Setting CVar [[r.VSync:0]]
[2021.05.31-17.15.16:837][  0]LogConfig: Setting CVar [[r.RHICmdBypass:0]]
[2021.05.31-17.15.16:837][  0]LogConfig: Applying CVar settings from Section [/Script/Engine.RendererSettings] File [C:/Wire-Hunter/work/choi/WireHunter/Saved/Config/Windows/Engine.ini]
[2021.05.31-17.15.16:837][  0]LogConfig: Setting CVar [[r.GPUCrashDebugging:0]]
[2021.05.31-17.15.16:837][  0]LogConfig: Applying CVar settings from Section [/Script/Engine.RendererOverrideSettings] File [C:/Wire-Hunter/work/choi/WireHunter/Saved/Config/Windows/Engine.ini]
[2021.05.31-17.15.16:837][  0]LogConfig: Applying CVar settings from Section [/Script/Engine.StreamingSettings] File [C:/Wire-Hunter/work/choi/WireHunter/Saved/Config/Windows/Engine.ini]
[2021.05.31-17.15.16:837][  0]LogConfig: Setting CVar [[s.MinBulkDataSizeForAsyncLoading:131072]]
[2021.05.31-17.15.16:837][  0]LogConfig: Setting CVar [[s.AsyncLoadingThreadEnabled:0]]
[2021.05.31-17.15.16:837][  0]LogConfig: Setting CVar [[s.EventDrivenLoaderEnabled:1]]
[2021.05.31-17.15.16:837][  0]LogConfig: Setting CVar [[s.WarnIfTimeLimitExceeded:0]]
[2021.05.31-17.15.16:837][  0]LogConfig: Setting CVar [[s.TimeLimitExceededMultiplier:1.5]]
[2021.05.31-17.15.16:837][  0]LogConfig: Setting CVar [[s.TimeLimitExceededMinTime:0.005]]
[2021.05.31-17.15.16:837][  0]LogConfig: Setting CVar [[s.UseBackgroundLevelStreaming:1]]
[2021.05.31-17.15.16:837][  0]LogConfig: Setting CVar [[s.PriorityAsyncLoadingExtraTime:15.0]]
[2021.05.31-17.15.16:837][  0]LogConfig: Setting CVar [[s.LevelStreamingActorsUpdateTimeLimit:5.0]]
[2021.05.31-17.15.16:837][  0]LogConfig: Setting CVar [[s.PriorityLevelStreamingActorsUpdateExtraTime:5.0]]
[2021.05.31-17.15.16:837][  0]LogConfig: Setting CVar [[s.LevelStreamingComponentsRegistrationGranularity:10]]
[2021.05.31-17.15.16:837][  0]LogConfig: Setting CVar [[s.UnregisterComponentsTimeLimit:1.0]]
[2021.05.31-17.15.16:837][  0]LogConfig: Setting CVar [[s.LevelStreamingComponentsUnregistrationGranularity:5]]
[2021.05.31-17.15.16:837][  0]LogConfig: Setting CVar [[s.FlushStreamingOnExit:1]]
[2021.05.31-17.15.16:837][  0]LogConfig: Applying CVar settings from Section [/Script/Engine.GarbageCollectionSettings] File [C:/Wire-Hunter/work/choi/WireHunter/Saved/Config/Windows/Engine.ini]
[2021.05.31-17.15.16:837][  0]LogConfig: Setting CVar [[gc.MaxObjectsNotConsideredByGC:1]]
[2021.05.31-17.15.16:837][  0]LogConfig: Setting CVar [[gc.SizeOfPermanentObjectPool:0]]
[2021.05.31-17.15.16:837][  0]LogConfig: Setting CVar [[gc.FlushStreamingOnGC:0]]
[2021.05.31-17.15.16:837][  0]LogConfig: Setting CVar [[gc.NumRetriesBeforeForcingGC:10]]
[2021.05.31-17.15.16:837][  0]LogConfig: Setting CVar [[gc.AllowParallelGC:1]]
[2021.05.31-17.15.16:837][  0]LogConfig: Setting CVar [[gc.TimeBetweenPurgingPendingKillObjects:61.1]]
[2021.05.31-17.15.16:837][  0]LogConfig: Setting CVar [[gc.MaxObjectsInEditor:25165824]]
[2021.05.31-17.15.16:837][  0]LogConfig: Setting CVar [[gc.IncrementalBeginDestroyEnabled:1]]
[2021.05.31-17.15.16:837][  0]LogConfig: Setting CVar [[gc.CreateGCClusters:1]]
[2021.05.31-17.15.16:837][  0]LogConfig: Setting CVar [[gc.MinGCClusterSize:5]]
[2021.05.31-17.15.16:837][  0]LogConfig: Setting CVar [[gc.ActorClusteringEnabled:0]]
[2021.05.31-17.15.16:837][  0]LogConfig: Setting CVar [[gc.BlueprintClusteringEnabled:0]]
[2021.05.31-17.15.16:837][  0]LogConfig: Setting CVar [[gc.UseDisregardForGCOnDedicatedServers:0]]
[2021.05.31-17.15.16:837][  0]LogConfig: Applying CVar settings from Section [/Script/Engine.NetworkSettings] File [C:/Wire-Hunter/work/choi/WireHunter/Saved/Config/Windows/Engine.ini]
[2021.05.31-17.15.16:837][  0]LogConfig: Applying CVar settings from Section [/Script/UnrealEd.CookerSettings] File [C:/Wire-Hunter/work/choi/WireHunter/Saved/Config/Windows/Engine.ini]
[2021.05.31-17.15.16:840][  0]LogConfig: Applying CVar settings from Section [ViewDistanceQuality@3] File [C:/Wire-Hunter/work/choi/WireHunter/Saved/Config/Windows/Scalability.ini]
[2021.05.31-17.15.16:840][  0]LogConfig: Setting CVar [[r.SkeletalMeshLODBias:0]]
[2021.05.31-17.15.16:840][  0]LogConfig: Setting CVar [[r.ViewDistanceScale:1.0]]
[2021.05.31-17.15.16:840][  0]LogConfig: Applying CVar settings from Section [AntiAliasingQuality@3] File [C:/Wire-Hunter/work/choi/WireHunter/Saved/Config/Windows/Scalability.ini]
[2021.05.31-17.15.16:840][  0]LogConfig: Setting CVar [[r.PostProcessAAQuality:4]]
[2021.05.31-17.15.16:840][  0]LogConfig: Applying CVar settings from Section [ShadowQuality@3] File [C:/Wire-Hunter/work/choi/WireHunter/Saved/Config/Windows/Scalability.ini]
[2021.05.31-17.15.16:840][  0]LogConfig: Setting CVar [[r.LightFunctionQuality:1]]
[2021.05.31-17.15.16:840][  0]LogConfig: Setting CVar [[r.ShadowQuality:5]]
[2021.05.31-17.15.16:840][  0]LogConfig: Setting CVar [[r.Shadow.CSM.MaxCascades:10]]
[2021.05.31-17.15.16:840][  0]LogConfig: Setting CVar [[r.Shadow.MaxResolution:2048]]
[2021.05.31-17.15.16:840][  0]LogConfig: Setting CVar [[r.Shadow.MaxCSMResolution:2048]]
[2021.05.31-17.15.16:840][  0]LogConfig: Setting CVar [[r.Shadow.RadiusThreshold:0.01]]
[2021.05.31-17.15.16:841][  0]LogConfig: Setting CVar [[r.Shadow.DistanceScale:1.0]]
[2021.05.31-17.15.16:841][  0]LogConfig: Setting CVar [[r.Shadow.CSM.TransitionScale:1.0]]
[2021.05.31-17.15.16:841][  0]LogConfig: Setting CVar [[r.Shadow.PreShadowResolutionFactor:1.0]]
[2021.05.31-17.15.16:841][  0]LogConfig: Setting CVar [[r.DistanceFieldShadowing:1]]
[2021.05.31-17.15.16:841][  0]LogConfig: Setting CVar [[r.DistanceFieldAO:1]]
[2021.05.31-17.15.16:841][  0]LogConfig: Setting CVar [[r.AOQuality:2]]
[2021.05.31-17.15.16:841][  0]LogConfig: Setting CVar [[r.VolumetricFog:1]]
[2021.05.31-17.15.16:841][  0]LogConfig: Setting CVar [[r.VolumetricFog.GridPixelSize:8]]
[2021.05.31-17.15.16:841][  0]LogConfig: Setting CVar [[r.VolumetricFog.GridSizeZ:128]]
[2021.05.31-17.15.16:841][  0]LogConfig: Setting CVar [[r.VolumetricFog.HistoryMissSupersampleCount:4]]
[2021.05.31-17.15.16:841][  0]LogConfig: Setting CVar [[r.LightMaxDrawDistanceScale:1]]
[2021.05.31-17.15.16:841][  0]LogConfig: Setting CVar [[r.CapsuleShadows:1]]
[2021.05.31-17.15.16:841][  0]LogConfig: Applying CVar settings from Section [PostProcessQuality@3] File [C:/Wire-Hunter/work/choi/WireHunter/Saved/Config/Windows/Scalability.ini]
[2021.05.31-17.15.16:841][  0]LogConfig: Setting CVar [[r.MotionBlurQuality:4]]
[2021.05.31-17.15.16:841][  0]LogConfig: Setting CVar [[r.AmbientOcclusionMipLevelFactor:0.4]]
[2021.05.31-17.15.16:841][  0]LogConfig: Setting CVar [[r.AmbientOcclusionMaxQuality:100]]
[2021.05.31-17.15.16:841][  0]LogConfig: Setting CVar [[r.AmbientOcclusionLevels:-1]]
[2021.05.31-17.15.16:841][  0]LogConfig: Setting CVar [[r.AmbientOcclusionRadiusScale:1.0]]
[2021.05.31-17.15.16:841][  0]LogConfig: Setting CVar [[r.DepthOfFieldQuality:2]]
[2021.05.31-17.15.16:841][  0]LogConfig: Setting CVar [[r.RenderTargetPoolMin:400]]
[2021.05.31-17.15.16:841][  0]LogConfig: Setting CVar [[r.LensFlareQuality:2]]
[2021.05.31-17.15.16:841][  0]LogConfig: Setting CVar [[r.SceneColorFringeQuality:1]]
[2021.05.31-17.15.16:841][  0]LogConfig: Setting CVar [[r.EyeAdaptationQuality:2]]
[2021.05.31-17.15.16:841][  0]LogConfig: Setting CVar [[r.BloomQuality:5]]
[2021.05.31-17.15.16:841][  0]LogConfig: Setting CVar [[r.FastBlurThreshold:100]]
[2021.05.31-17.15.16:841][  0]LogConfig: Setting CVar [[r.Upscale.Quality:3]]
[2021.05.31-17.15.16:841][  0]LogConfig: Setting CVar [[r.Tonemapper.GrainQuantization:1]]
[2021.05.31-17.15.16:841][  0]LogConfig: Setting CVar [[r.LightShaftQuality:1]]
[2021.05.31-17.15.16:841][  0]LogConfig: Setting CVar [[r.Filter.SizeScale:1]]
[2021.05.31-17.15.16:841][  0]LogConfig: Setting CVar [[r.Tonemapper.Quality:5]]
[2021.05.31-17.15.16:841][  0]LogConfig: Setting CVar [[r.DOF.Gather.AccumulatorQuality:1        ; higher gathering accumulator quality]]
[2021.05.31-17.15.16:841][  0]LogConfig: Setting CVar [[r.DOF.Gather.PostfilterMethod:1          ; Median3x3 postfilering method]]
[2021.05.31-17.15.16:841][  0]LogConfig: Setting CVar [[r.DOF.Gather.EnableBokehSettings:0       ; no bokeh simulation when gathering]]
[2021.05.31-17.15.16:841][  0]LogConfig: Setting CVar [[r.DOF.Gather.RingCount:4                 ; medium number of samples when gathering]]
[2021.05.31-17.15.16:841][  0]LogConfig: Setting CVar [[r.DOF.Scatter.ForegroundCompositing:1    ; additive foreground scattering]]
[2021.05.31-17.15.16:841][  0]LogConfig: Setting CVar [[r.DOF.Scatter.BackgroundCompositing:2    ; additive background scattering]]
[2021.05.31-17.15.16:841][  0]LogConfig: Setting CVar [[r.DOF.Scatter.EnableBokehSettings:1      ; bokeh simulation when scattering]]
[2021.05.31-17.15.16:841][  0]LogConfig: Setting CVar [[r.DOF.Scatter.MaxSpriteRatio:0.1         ; only a maximum of 10% of scattered bokeh]]
[2021.05.31-17.15.16:841][  0]LogConfig: Setting CVar [[r.DOF.Recombine.Quality:1                ; cheap slight out of focus]]
[2021.05.31-17.15.16:841][  0]LogConfig: Setting CVar [[r.DOF.Recombine.EnableBokehSettings:0    ; no bokeh simulation on slight out of focus]]
[2021.05.31-17.15.16:841][  0]LogConfig: Setting CVar [[r.DOF.TemporalAAQuality:1                ; more stable temporal accumulation]]
[2021.05.31-17.15.16:841][  0]LogConfig: Setting CVar [[r.DOF.Kernel.MaxForegroundRadius:0.025]]
[2021.05.31-17.15.16:841][  0]LogConfig: Setting CVar [[r.DOF.Kernel.MaxBackgroundRadius:0.025]]
[2021.05.31-17.15.16:841][  0]LogConfig: Applying CVar settings from Section [TextureQuality@3] File [C:/Wire-Hunter/work/choi/WireHunter/Saved/Config/Windows/Scalability.ini]
[2021.05.31-17.15.16:841][  0]LogConfig: Setting CVar [[r.Streaming.MipBias:0]]
[2021.05.31-17.15.16:841][  0]LogConfig: Setting CVar [[r.Streaming.AmortizeCPUToGPUCopy:0]]
[2021.05.31-17.15.16:841][  0]LogConfig: Setting CVar [[r.Streaming.MaxNumTexturesToStreamPerFrame:0]]
[2021.05.31-17.15.16:841][  0]LogConfig: Setting CVar [[r.Streaming.Boost:1]]
[2021.05.31-17.15.16:841][  0]LogConfig: Setting CVar [[r.MaxAnisotropy:8]]
[2021.05.31-17.15.16:841][  0]LogConfig: Setting CVar [[r.VT.MaxAnisotropy:8]]
[2021.05.31-17.15.16:841][  0]LogConfig: Setting CVar [[r.Streaming.LimitPoolSizeToVRAM:0]]
[2021.05.31-17.15.16:841][  0]LogConfig: Setting CVar [[r.Streaming.PoolSize:1000]]
[2021.05.31-17.15.16:841][  0]LogConfig: Setting CVar [[r.Streaming.MaxEffectiveScreenSize:0]]
[2021.05.31-17.15.16:841][  0]LogConfig: Applying CVar settings from Section [EffectsQuality@3] File [C:/Wire-Hunter/work/choi/WireHunter/Saved/Config/Windows/Scalability.ini]
[2021.05.31-17.15.16:841][  0]LogConfig: Setting CVar [[r.TranslucencyLightingVolumeDim:64]]
[2021.05.31-17.15.16:841][  0]LogConfig: Setting CVar [[r.RefractionQuality:2]]
[2021.05.31-17.15.16:841][  0]LogConfig: Setting CVar [[r.SSR.Quality:3]]
[2021.05.31-17.15.16:841][  0]LogConfig: Setting CVar [[r.SSR.HalfResSceneColor:0]]
[2021.05.31-17.15.16:841][  0]LogConfig: Setting CVar [[r.SceneColorFormat:4]]
[2021.05.31-17.15.16:841][  0]LogConfig: Setting CVar [[r.DetailMode:2]]
[2021.05.31-17.15.16:841][  0]LogConfig: Setting CVar [[r.TranslucencyVolumeBlur:1]]
[2021.05.31-17.15.16:841][  0]LogConfig: Setting CVar [[r.MaterialQualityLevel:1 ; High quality]]
[2021.05.31-17.15.16:841][  0]LogConfig: Setting CVar [[r.SSS.Scale:1]]
[2021.05.31-17.15.16:841][  0]LogConfig: Setting CVar [[r.SSS.SampleSet:2]]
[2021.05.31-17.15.16:841][  0]LogConfig: Setting CVar [[r.SSS.Quality:1]]
[2021.05.31-17.15.16:841][  0]LogConfig: Setting CVar [[r.SSS.HalfRes:0]]
[2021.05.31-17.15.16:841][  0]LogConfig: Setting CVar [[r.SSGI.Quality:3]]
[2021.05.31-17.15.16:841][  0]LogConfig: Setting CVar [[r.EmitterSpawnRateScale:1.0]]
[2021.05.31-17.15.16:841][  0]LogConfig: Setting CVar [[r.ParticleLightQuality:2]]
[2021.05.31-17.15.16:841][  0]LogConfig: Setting CVar [[r.SkyAtmosphere.AerialPerspectiveLUT.FastApplyOnOpaque:1 ; Always have FastSkyLUT 1 in this case to avoid wrong sky]]
[2021.05.31-17.15.16:841][  0]LogConfig: Setting CVar [[r.SkyAtmosphere.AerialPerspectiveLUT.SampleCountPerSlice:1]]
[2021.05.31-17.15.16:841][  0]LogConfig: Setting CVar [[r.SkyAtmosphere.AerialPerspectiveLUT.DepthResolution:16.0]]
[2021.05.31-17.15.16:841][  0]LogConfig: Setting CVar [[r.SkyAtmosphere.FastSkyLUT:1]]
[2021.05.31-17.15.16:841][  0]LogConfig: Setting CVar [[r.SkyAtmosphere.FastSkyLUT.SampleCountMin:4.0]]
[2021.05.31-17.15.16:841][  0]LogConfig: Setting CVar [[r.SkyAtmosphere.FastSkyLUT.SampleCountMax:32.0]]
[2021.05.31-17.15.16:841][  0]LogConfig: Setting CVar [[r.SkyAtmosphere.SampleCountMin:4.0]]
[2021.05.31-17.15.16:841][  0]LogConfig: Setting CVar [[r.SkyAtmosphere.SampleCountMax:32.0]]
[2021.05.31-17.15.16:841][  0]LogConfig: Setting CVar [[r.SkyAtmosphere.TransmittanceLUT.UseSmallFormat:0]]
[2021.05.31-17.15.16:841][  0]LogConfig: Setting CVar [[r.SkyAtmosphere.TransmittanceLUT.SampleCount:10.0]]
[2021.05.31-17.15.16:841][  0]LogConfig: Setting CVar [[r.SkyAtmosphere.MultiScatteringLUT.SampleCount:15.0]]
[2021.05.31-17.15.16:841][  0]LogConfig: Applying CVar settings from Section [FoliageQuality@3] File [C:/Wire-Hunter/work/choi/WireHunter/Saved/Config/Windows/Scalability.ini]
[2021.05.31-17.15.16:841][  0]LogConfig: Setting CVar [[foliage.DensityScale:1.0]]
[2021.05.31-17.15.16:841][  0]LogConfig: Setting CVar [[grass.DensityScale:1.0]]
[2021.05.31-17.15.16:841][  0]LogConfig: Applying CVar settings from Section [ShadingQuality@3] File [C:/Wire-Hunter/work/choi/WireHunter/Saved/Config/Windows/Scalability.ini]
[2021.05.31-17.15.16:841][  0]LogConfig: Setting CVar [[r.HairStrands.SkyLighting.SampleCount:16]]
[2021.05.31-17.15.16:841][  0]LogConfig: Setting CVar [[r.HairStrands.SkyLighting.JitterIntegration:0]]
[2021.05.31-17.15.16:841][  0]LogConfig: Setting CVar [[r.HairStrands.SkyAO.SampleCount:16]]
[2021.05.31-17.15.16:841][  0]LogConfig: Setting CVar [[r.HairStrands.DeepShadow.SuperSampling:0]]
[2021.05.31-17.15.16:841][  0]LogConfig: Setting CVar [[r.HairStrands.VisibilityPPLL:0]]
[2021.05.31-17.15.16:841][  0]LogConfig: Setting CVar [[r.HairStrands.RasterizationScale:0.5]]
[2021.05.31-17.15.16:841][  0]LogConfig: Setting CVar [[r.HairStrands.VelocityRasterizationScale:1]]
[2021.05.31-17.15.16:842][  0]LogInit: Selected Device Profile: [Windows]
[2021.05.31-17.15.16:842][  0]LogInit: Applying CVar settings loaded from the selected device profile: [Windows]
[2021.05.31-17.15.16:843][  0]LogHAL: Display: Platform has ~ 16 GB [17109049344 / 17179869184 / 16], which maps to Larger [LargestMinGB=32, LargerMinGB=12, DefaultMinGB=8, SmallerMinGB=6, SmallestMinGB=0)
[2021.05.31-17.15.16:843][  0]LogInit: Going up to parent DeviceProfile []
[2021.05.31-17.15.16:843][  0]LogConfig: Applying CVar settings from Section [ViewDistanceQuality@3] File [C:/Wire-Hunter/work/choi/WireHunter/Saved/Config/Windows/Scalability.ini]
[2021.05.31-17.15.16:843][  0]LogConfig: Setting CVar [[r.SkeletalMeshLODBias:0]]
[2021.05.31-17.15.16:843][  0]LogConfig: Setting CVar [[r.ViewDistanceScale:1.0]]
[2021.05.31-17.15.16:843][  0]LogConfig: Applying CVar settings from Section [AntiAliasingQuality@3] File [C:/Wire-Hunter/work/choi/WireHunter/Saved/Config/Windows/Scalability.ini]
[2021.05.31-17.15.16:843][  0]LogConfig: Setting CVar [[r.PostProcessAAQuality:4]]
[2021.05.31-17.15.16:843][  0]LogConfig: Applying CVar settings from Section [ShadowQuality@3] File [C:/Wire-Hunter/work/choi/WireHunter/Saved/Config/Windows/Scalability.ini]
[2021.05.31-17.15.16:843][  0]LogConfig: Setting CVar [[r.LightFunctionQuality:1]]
[2021.05.31-17.15.16:843][  0]LogConfig: Setting CVar [[r.ShadowQuality:5]]
[2021.05.31-17.15.16:843][  0]LogConfig: Setting CVar [[r.Shadow.CSM.MaxCascades:10]]
[2021.05.31-17.15.16:843][  0]LogConfig: Setting CVar [[r.Shadow.MaxResolution:2048]]
[2021.05.31-17.15.16:843][  0]LogConfig: Setting CVar [[r.Shadow.MaxCSMResolution:2048]]
[2021.05.31-17.15.16:843][  0]LogConfig: Setting CVar [[r.Shadow.RadiusThreshold:0.01]]
[2021.05.31-17.15.16:843][  0]LogConfig: Setting CVar [[r.Shadow.DistanceScale:1.0]]
[2021.05.31-17.15.16:843][  0]LogConfig: Setting CVar [[r.Shadow.CSM.TransitionScale:1.0]]
[2021.05.31-17.15.16:843][  0]LogConfig: Setting CVar [[r.Shadow.PreShadowResolutionFactor:1.0]]
[2021.05.31-17.15.16:843][  0]LogConfig: Setting CVar [[r.DistanceFieldShadowing:1]]
[2021.05.31-17.15.16:843][  0]LogConfig: Setting CVar [[r.DistanceFieldAO:1]]
[2021.05.31-17.15.16:843][  0]LogConfig: Setting CVar [[r.AOQuality:2]]
[2021.05.31-17.15.16:843][  0]LogConfig: Setting CVar [[r.VolumetricFog:1]]
[2021.05.31-17.15.16:843][  0]LogConfig: Setting CVar [[r.VolumetricFog.GridPixelSize:8]]
[2021.05.31-17.15.16:843][  0]LogConfig: Setting CVar [[r.VolumetricFog.GridSizeZ:128]]
[2021.05.31-17.15.16:843][  0]LogConfig: Setting CVar [[r.VolumetricFog.HistoryMissSupersampleCount:4]]
[2021.05.31-17.15.16:843][  0]LogConfig: Setting CVar [[r.LightMaxDrawDistanceScale:1]]
[2021.05.31-17.15.16:843][  0]LogConfig: Setting CVar [[r.CapsuleShadows:1]]
[2021.05.31-17.15.16:843][  0]LogConfig: Applying CVar settings from Section [PostProcessQuality@3] File [C:/Wire-Hunter/work/choi/WireHunter/Saved/Config/Windows/Scalability.ini]
[2021.05.31-17.15.16:843][  0]LogConfig: Setting CVar [[r.MotionBlurQuality:4]]
[2021.05.31-17.15.16:843][  0]LogConfig: Setting CVar [[r.AmbientOcclusionMipLevelFactor:0.4]]
[2021.05.31-17.15.16:843][  0]LogConfig: Setting CVar [[r.AmbientOcclusionMaxQuality:100]]
[2021.05.31-17.15.16:843][  0]LogConfig: Setting CVar [[r.AmbientOcclusionLevels:-1]]
[2021.05.31-17.15.16:843][  0]LogConfig: Setting CVar [[r.AmbientOcclusionRadiusScale:1.0]]
[2021.05.31-17.15.16:843][  0]LogConfig: Setting CVar [[r.DepthOfFieldQuality:2]]
[2021.05.31-17.15.16:843][  0]LogConfig: Setting CVar [[r.RenderTargetPoolMin:400]]
[2021.05.31-17.15.16:843][  0]LogConfig: Setting CVar [[r.LensFlareQuality:2]]
[2021.05.31-17.15.16:843][  0]LogConfig: Setting CVar [[r.SceneColorFringeQuality:1]]
[2021.05.31-17.15.16:843][  0]LogConfig: Setting CVar [[r.EyeAdaptationQuality:2]]
[2021.05.31-17.15.16:843][  0]LogConfig: Setting CVar [[r.BloomQuality:5]]
[2021.05.31-17.15.16:843][  0]LogConfig: Setting CVar [[r.FastBlurThreshold:100]]
[2021.05.31-17.15.16:843][  0]LogConfig: Setting CVar [[r.Upscale.Quality:3]]
[2021.05.31-17.15.16:843][  0]LogConfig: Setting CVar [[r.Tonemapper.GrainQuantization:1]]
[2021.05.31-17.15.16:843][  0]LogConfig: Setting CVar [[r.LightShaftQuality:1]]
[2021.05.31-17.15.16:843][  0]LogConfig: Setting CVar [[r.Filter.SizeScale:1]]
[2021.05.31-17.15.16:843][  0]LogConfig: Setting CVar [[r.Tonemapper.Quality:5]]
[2021.05.31-17.15.16:843][  0]LogConfig: Setting CVar [[r.DOF.Gather.AccumulatorQuality:1        ; higher gathering accumulator quality]]
[2021.05.31-17.15.16:843][  0]LogConfig: Setting CVar [[r.DOF.Gather.PostfilterMethod:1          ; Median3x3 postfilering method]]
[2021.05.31-17.15.16:843][  0]LogConfig: Setting CVar [[r.DOF.Gather.EnableBokehSettings:0       ; no bokeh simulation when gathering]]
[2021.05.31-17.15.16:843][  0]LogConfig: Setting CVar [[r.DOF.Gather.RingCount:4                 ; medium number of samples when gathering]]
[2021.05.31-17.15.16:843][  0]LogConfig: Setting CVar [[r.DOF.Scatter.ForegroundCompositing:1    ; additive foreground scattering]]
[2021.05.31-17.15.16:843][  0]LogConfig: Setting CVar [[r.DOF.Scatter.BackgroundCompositing:2    ; additive background scattering]]
[2021.05.31-17.15.16:843][  0]LogConfig: Setting CVar [[r.DOF.Scatter.EnableBokehSettings:1      ; bokeh simulation when scattering]]
[2021.05.31-17.15.16:843][  0]LogConfig: Setting CVar [[r.DOF.Scatter.MaxSpriteRatio:0.1         ; only a maximum of 10% of scattered bokeh]]
[2021.05.31-17.15.16:843][  0]LogConfig: Setting CVar [[r.DOF.Recombine.Quality:1                ; cheap slight out of focus]]
[2021.05.31-17.15.16:843][  0]LogConfig: Setting CVar [[r.DOF.Recombine.EnableBokehSettings:0    ; no bokeh simulation on slight out of focus]]
[2021.05.31-17.15.16:843][  0]LogConfig: Setting CVar [[r.DOF.TemporalAAQuality:1                ; more stable temporal accumulation]]
[2021.05.31-17.15.16:844][  0]LogConfig: Setting CVar [[r.DOF.Kernel.MaxForegroundRadius:0.025]]
[2021.05.31-17.15.16:844][  0]LogConfig: Setting CVar [[r.DOF.Kernel.MaxBackgroundRadius:0.025]]
[2021.05.31-17.15.16:844][  0]LogConfig: Applying CVar settings from Section [TextureQuality@3] File [C:/Wire-Hunter/work/choi/WireHunter/Saved/Config/Windows/Scalability.ini]
[2021.05.31-17.15.16:844][  0]LogConfig: Setting CVar [[r.Streaming.MipBias:0]]
[2021.05.31-17.15.16:844][  0]LogConfig: Setting CVar [[r.Streaming.AmortizeCPUToGPUCopy:0]]
[2021.05.31-17.15.16:844][  0]LogConfig: Setting CVar [[r.Streaming.MaxNumTexturesToStreamPerFrame:0]]
[2021.05.31-17.15.16:844][  0]LogConfig: Setting CVar [[r.Streaming.Boost:1]]
[2021.05.31-17.15.16:844][  0]LogConfig: Setting CVar [[r.MaxAnisotropy:8]]
[2021.05.31-17.15.16:844][  0]LogConfig: Setting CVar [[r.VT.MaxAnisotropy:8]]
[2021.05.31-17.15.16:844][  0]LogConfig: Setting CVar [[r.Streaming.LimitPoolSizeToVRAM:0]]
[2021.05.31-17.15.16:844][  0]LogConfig: Setting CVar [[r.Streaming.PoolSize:1000]]
[2021.05.31-17.15.16:844][  0]LogConfig: Setting CVar [[r.Streaming.MaxEffectiveScreenSize:0]]
[2021.05.31-17.15.16:844][  0]LogConfig: Applying CVar settings from Section [EffectsQuality@3] File [C:/Wire-Hunter/work/choi/WireHunter/Saved/Config/Windows/Scalability.ini]
[2021.05.31-17.15.16:844][  0]LogConfig: Setting CVar [[r.TranslucencyLightingVolumeDim:64]]
[2021.05.31-17.15.16:844][  0]LogConfig: Setting CVar [[r.RefractionQuality:2]]
[2021.05.31-17.15.16:844][  0]LogConfig: Setting CVar [[r.SSR.Quality:3]]
[2021.05.31-17.15.16:844][  0]LogConfig: Setting CVar [[r.SSR.HalfResSceneColor:0]]
[2021.05.31-17.15.16:844][  0]LogConfig: Setting CVar [[r.SceneColorFormat:4]]
[2021.05.31-17.15.16:844][  0]LogConfig: Setting CVar [[r.DetailMode:2]]
[2021.05.31-17.15.16:844][  0]LogConfig: Setting CVar [[r.TranslucencyVolumeBlur:1]]
[2021.05.31-17.15.16:844][  0]LogConfig: Setting CVar [[r.MaterialQualityLevel:1 ; High quality]]
[2021.05.31-17.15.16:844][  0]LogConfig: Setting CVar [[r.SSS.Scale:1]]
[2021.05.31-17.15.16:844][  0]LogConfig: Setting CVar [[r.SSS.SampleSet:2]]
[2021.05.31-17.15.16:844][  0]LogConfig: Setting CVar [[r.SSS.Quality:1]]
[2021.05.31-17.15.16:844][  0]LogConfig: Setting CVar [[r.SSS.HalfRes:0]]
[2021.05.31-17.15.16:844][  0]LogConfig: Setting CVar [[r.SSGI.Quality:3]]
[2021.05.31-17.15.16:844][  0]LogConfig: Setting CVar [[r.EmitterSpawnRateScale:1.0]]
[2021.05.31-17.15.16:844][  0]LogConfig: Setting CVar [[r.ParticleLightQuality:2]]
[2021.05.31-17.15.16:844][  0]LogConfig: Setting CVar [[r.SkyAtmosphere.AerialPerspectiveLUT.FastApplyOnOpaque:1 ; Always have FastSkyLUT 1 in this case to avoid wrong sky]]
[2021.05.31-17.15.16:844][  0]LogConfig: Setting CVar [[r.SkyAtmosphere.AerialPerspectiveLUT.SampleCountPerSlice:1]]
[2021.05.31-17.15.16:844][  0]LogConfig: Setting CVar [[r.SkyAtmosphere.AerialPerspectiveLUT.DepthResolution:16.0]]
[2021.05.31-17.15.16:844][  0]LogConfig: Setting CVar [[r.SkyAtmosphere.FastSkyLUT:1]]
[2021.05.31-17.15.16:844][  0]LogConfig: Setting CVar [[r.SkyAtmosphere.FastSkyLUT.SampleCountMin:4.0]]
[2021.05.31-17.15.16:844][  0]LogConfig: Setting CVar [[r.SkyAtmosphere.FastSkyLUT.SampleCountMax:32.0]]
[2021.05.31-17.15.16:844][  0]LogConfig: Setting CVar [[r.SkyAtmosphere.SampleCountMin:4.0]]
[2021.05.31-17.15.16:844][  0]LogConfig: Setting CVar [[r.SkyAtmosphere.SampleCountMax:32.0]]
[2021.05.31-17.15.16:844][  0]LogConfig: Setting CVar [[r.SkyAtmosphere.TransmittanceLUT.UseSmallFormat:0]]
[2021.05.31-17.15.16:844][  0]LogConfig: Setting CVar [[r.SkyAtmosphere.TransmittanceLUT.SampleCount:10.0]]
[2021.05.31-17.15.16:844][  0]LogConfig: Setting CVar [[r.SkyAtmosphere.MultiScatteringLUT.SampleCount:15.0]]
[2021.05.31-17.15.16:844][  0]LogConfig: Applying CVar settings from Section [FoliageQuality@3] File [C:/Wire-Hunter/work/choi/WireHunter/Saved/Config/Windows/Scalability.ini]
[2021.05.31-17.15.16:844][  0]LogConfig: Setting CVar [[foliage.DensityScale:1.0]]
[2021.05.31-17.15.16:844][  0]LogConfig: Setting CVar [[grass.DensityScale:1.0]]
[2021.05.31-17.15.16:844][  0]LogConfig: Applying CVar settings from Section [ShadingQuality@3] File [C:/Wire-Hunter/work/choi/WireHunter/Saved/Config/Windows/Scalability.ini]
[2021.05.31-17.15.16:844][  0]LogConfig: Setting CVar [[r.HairStrands.SkyLighting.SampleCount:16]]
[2021.05.31-17.15.16:844][  0]LogConfig: Setting CVar [[r.HairStrands.SkyLighting.JitterIntegration:0]]
[2021.05.31-17.15.16:844][  0]LogConfig: Setting CVar [[r.HairStrands.SkyAO.SampleCount:16]]
[2021.05.31-17.15.16:844][  0]LogConfig: Setting CVar [[r.HairStrands.DeepShadow.SuperSampling:0]]
[2021.05.31-17.15.16:844][  0]LogConfig: Setting CVar [[r.HairStrands.VisibilityPPLL:0]]
[2021.05.31-17.15.16:844][  0]LogConfig: Setting CVar [[r.HairStrands.RasterizationScale:0.5]]
[2021.05.31-17.15.16:844][  0]LogConfig: Setting CVar [[r.HairStrands.VelocityRasterizationScale:1]]
[2021.05.31-17.15.16:844][  0]LogConfig: Applying CVar settings from Section [Startup] File [../../../Engine/Config/ConsoleVariables.ini]
[2021.05.31-17.15.16:845][  0]LogConfig: Setting CVar [[net.UseAdaptiveNetUpdateFrequency:0]]
[2021.05.31-17.15.16:845][  0]LogConfig: Setting CVar [[p.chaos.AllowCreatePhysxBodies:1]]
[2021.05.31-17.15.16:845][  0]LogConfig: Setting CVar [[fx.SkipVectorVMBackendOptimizations:1]]
[2021.05.31-17.15.16:845][  0]LogConfig: Applying CVar settings from Section [ConsoleVariables] File [C:/Wire-Hunter/work/choi/WireHunter/Saved/Config/Windows/Engine.ini]
[2021.05.31-17.15.16:846][  0]LogInit: Computer: 준현컴
[2021.05.31-17.15.16:846][  0]LogInit: User: 조준현
[2021.05.31-17.15.16:846][  0]LogInit: CPU Page size=4096, Cores=6
[2021.05.31-17.15.16:846][  0]LogInit: High frequency timer resolution =10.000000 MHz
[2021.05.31-17.15.16:846][  0]LogMemory: Memory total: Physical=15.9GB (16GB approx)
[2021.05.31-17.15.16:847][  0]LogMemory: Platform Memory Stats for Windows
[2021.05.31-17.15.16:847][  0]LogMemory: Process Physical Memory: 120.48 MB used, 120.49 MB peak
[2021.05.31-17.15.16:847][  0]LogMemory: Process Virtual Memory: 98.20 MB used, 98.20 MB peak
[2021.05.31-17.15.16:847][  0]LogMemory: Physical Memory: 9742.04 MB used,  6574.42 MB free, 16316.46 MB total
[2021.05.31-17.15.16:847][  0]LogMemory: Virtual Memory: 5168.42 MB used,  134212560.00 MB free, 134217728.00 MB total
[2021.05.31-17.15.16:853][  0]LogWindows: WindowsPlatformFeatures enabled
[2021.05.31-17.15.16:950][  0]LogInit: Physics initialised using underlying interface: PhysX
[2021.05.31-17.15.16:954][  0]LogInit: Using OS detected language (ko-KR).
[2021.05.31-17.15.16:954][  0]LogInit: Using OS detected locale (ko-KR).
[2021.05.31-17.15.16:961][  0]LogTextLocalizationManager: No specific localization for 'ko-KR' exists, so the 'ko' localization will be used.
[2021.05.31-17.15.17:141][  0]LogInit: Setting process to per monitor DPI aware
[2021.05.31-17.15.17:185][  0]LogSlate: New Slate User Created.  User Index 0, Is Virtual User: 0
[2021.05.31-17.15.17:185][  0]LogSlate: Slate User Registered.  User Index 0, Is Virtual User: 0
[2021.05.31-17.15.17:402][  0]LogHMD: Failed to initialize OpenVR with code 110
[2021.05.31-17.15.17:402][  0]LogD3D11RHI: D3D11 min allowed feature level: 11_0
[2021.05.31-17.15.17:402][  0]LogD3D11RHI: D3D11 max allowed feature level: 11_0
[2021.05.31-17.15.17:402][  0]LogD3D11RHI: D3D11 adapters:
[2021.05.31-17.15.17:489][  0]LogD3D11RHI:    0. 'NVIDIA GeForce RTX 2060' (Feature Level 11_0)
[2021.05.31-17.15.17:489][  0]LogD3D11RHI:       5968/0/8158 MB DedicatedVideo/DedicatedSystem/SharedSystem, Outputs:1, VendorId:0x10de
[2021.05.31-17.15.17:495][  0]LogD3D11RHI:    1. 'Microsoft Basic Render Driver' (Feature Level 11_0)
[2021.05.31-17.15.17:495][  0]LogD3D11RHI:       0/0/8158 MB DedicatedVideo/DedicatedSystem/SharedSystem, Outputs:0, VendorId:0x1414
[2021.05.31-17.15.17:495][  0]LogD3D11RHI: Chosen D3D11 Adapter: 0
[2021.05.31-17.15.17:503][  0]LogD3D11RHI: Creating new Direct3DDevice
[2021.05.31-17.15.17:504][  0]LogD3D11RHI:     GPU DeviceId: 0x1e89 (for the marketing name, search the web for "GPU Device Id")
[2021.05.31-17.15.17:504][  0]LogWindows: EnumDisplayDevices:
[2021.05.31-17.15.17:504][  0]LogWindows:    0. 'NVIDIA GeForce RTX 2060' (P:1 D:1)
[2021.05.31-17.15.17:504][  0]LogWindows:    1. 'NVIDIA GeForce RTX 2060' (P:0 D:0)
[2021.05.31-17.15.17:504][  0]LogWindows:    2. 'NVIDIA GeForce RTX 2060' (P:0 D:0)
[2021.05.31-17.15.17:504][  0]LogWindows:    3. 'NVIDIA GeForce RTX 2060' (P:0 D:0)
[2021.05.31-17.15.17:504][  0]LogWindows: DebugString: FoundDriverCount:4 
[2021.05.31-17.15.17:504][  0]LogD3D11RHI:     Adapter Name: NVIDIA GeForce RTX 2060
[2021.05.31-17.15.17:504][  0]LogD3D11RHI:   Driver Version: 456.71 (internal:27.21.14.5671, unified:456.71)
[2021.05.31-17.15.17:504][  0]LogD3D11RHI:      Driver Date: 9-30-2020
[2021.05.31-17.15.17:504][  0]LogRHI: Texture pool is 4177 MB (70% of 5968 MB)
[2021.05.31-17.15.17:572][  0]LogD3D11RHI: RHI has support for 64 bit atomics
[2021.05.31-17.15.17:574][  0]LogD3D11RHI: Async texture creation enabled
[2021.05.31-17.15.17:575][  0]LogD3D11RHI: Array index from any shader is supported
[2021.05.31-17.15.17:621][  0]LogD3D11RHI: GPU Timing Frequency: 1000.000000 (Debug: 2 1)
[2021.05.31-17.15.17:942][  0]LogTargetPlatformManager: Display: Loaded TargetPlatform 'AllDesktop'
[2021.05.31-17.15.17:965][  0]LogTargetPlatformManager: Display: Loaded TargetPlatform 'Android'
[2021.05.31-17.15.17:965][  0]LogTargetPlatformManager: Display: Loaded TargetPlatform 'Android_ASTC'
[2021.05.31-17.15.17:965][  0]LogTargetPlatformManager: Display: Loaded TargetPlatform 'Android_DXT'
[2021.05.31-17.15.17:965][  0]LogTargetPlatformManager: Display: Loaded TargetPlatform 'Android_ETC2'
[2021.05.31-17.15.17:965][  0]LogTargetPlatformManager: Display: Loaded TargetPlatform 'AndroidClient'
[2021.05.31-17.15.17:965][  0]LogTargetPlatformManager: Display: Loaded TargetPlatform 'Android_ASTCClient'
[2021.05.31-17.15.17:965][  0]LogTargetPlatformManager: Display: Loaded TargetPlatform 'Android_DXTClient'
[2021.05.31-17.15.17:965][  0]LogTargetPlatformManager: Display: Loaded TargetPlatform 'Android_ETC2Client'
[2021.05.31-17.15.17:965][  0]LogTargetPlatformManager: Display: Loaded TargetPlatform 'Android_Multi'
[2021.05.31-17.15.17:965][  0]LogTargetPlatformManager: Display: Loaded TargetPlatform 'Android_MultiClient'
[2021.05.31-17.15.17:996][  0]LogTargetPlatformManager: Display: Loaded TargetPlatform 'IOSClient'
[2021.05.31-17.15.17:996][  0]LogTargetPlatformManager: Display: Loaded TargetPlatform 'IOS'
[2021.05.31-17.15.18:009][  0]LogTargetPlatformManager: Display: Loaded TargetPlatform 'Linux'
[2021.05.31-17.15.18:021][  0]LogTargetPlatformManager: Display: Loaded TargetPlatform 'LinuxNoEditor'
[2021.05.31-17.15.18:032][  0]LogTargetPlatformManager: Display: Loaded TargetPlatform 'LinuxClient'
[2021.05.31-17.15.18:042][  0]LogTargetPlatformManager: Display: Loaded TargetPlatform 'LinuxServer'
[2021.05.31-17.15.18:053][  0]LogTargetPlatformManager: Display: Loaded TargetPlatform 'LinuxAArch64NoEditor'
[2021.05.31-17.15.18:064][  0]LogTargetPlatformManager: Display: Loaded TargetPlatform 'LinuxAArch64Client'
[2021.05.31-17.15.18:075][  0]LogTargetPlatformManager: Display: Loaded TargetPlatform 'LinuxAArch64Server'
[2021.05.31-17.15.18:107][  0]LogTargetPlatformManager: Display: Loaded TargetPlatform 'Lumin'
[2021.05.31-17.15.18:107][  0]LogTargetPlatformManager: Display: Loaded TargetPlatform 'LuminClient'
[2021.05.31-17.15.18:126][  0]LogTargetPlatformManager: Display: Loaded TargetPlatform 'TVOSClient'
[2021.05.31-17.15.18:126][  0]LogTargetPlatformManager: Display: Loaded TargetPlatform 'TVOS'
[2021.05.31-17.15.18:137][  0]LogTargetPlatformManager: Display: Loaded TargetPlatform 'WindowsNoEditor'
[2021.05.31-17.15.18:148][  0]LogTargetPlatformManager: Display: Loaded TargetPlatform 'Windows'
[2021.05.31-17.15.18:158][  0]LogTargetPlatformManager: Display: Loaded TargetPlatform 'WindowsClient'
[2021.05.31-17.15.18:168][  0]LogTargetPlatformManager: Display: Loaded TargetPlatform 'WindowsServer'
[2021.05.31-17.15.18:168][  0]LogTargetPlatformManager: Display: Building Assets For Windows
[2021.05.31-17.15.18:181][  0]LogAudioDebug: Display: Lib vorbis DLL was dynamically loaded.
[2021.05.31-17.15.18:297][  0]LogShaderCompilers: Guid format shader working directory is -7 characters bigger than the processId version (../../../../../../Wire-Hunter/work/choi/WireHunter/Intermediate/Shaders/WorkingDirectory/17496/).
[2021.05.31-17.15.18:297][  0]LogShaderCompilers: Cleaned the shader compiler working directory 'C:/Users/조준현/AppData/Local/Temp/UnrealShaderWorkingDir/FDE8849544B1519900F3E5A3287167ED/'.
[2021.05.31-17.15.18:300][  0]LogXGEController: Cleaning working directory: C:/Users/조준현/AppData/Local/Temp/UnrealXGEWorkingDir/
[2021.05.31-17.15.18:300][  0]LogXGEController: Cannot use XGE Controller as Incredibuild is not installed on this machine.
[2021.05.31-17.15.18:300][  0]LogShaderCompilers: Cannot use XGE Shader Compiler as Incredibuild is not installed on this machine.
[2021.05.31-17.15.18:300][  0]LogShaderCompilers: Display: Using Local Shader Compiler.
[2021.05.31-17.15.19:154][  0]LogDerivedDataCache: Display: Max Cache Size: 512 MB
[2021.05.31-17.15.19:333][  0]LogDerivedDataCache: Loaded boot cache 0.18s 75MB C:/Users/조준현/AppData/Local/UnrealEngine/4.25/DerivedDataCache/Boot.ddc.
[2021.05.31-17.15.19:333][  0]LogDerivedDataCache: Display: Loaded Boot cache: C:/Users/조준현/AppData/Local/UnrealEngine/4.25/DerivedDataCache/Boot.ddc
[2021.05.31-17.15.19:333][  0]LogDerivedDataCache: FDerivedDataBackendGraph:  Pak pak cache file ../../../../../../Wire-Hunter/work/choi/WireHunter/DerivedDataCache/DDC.ddp not found, will not use a pak cache.
[2021.05.31-17.15.19:333][  0]LogDerivedDataCache: Unable to find inner node Pak for hierarchical cache Hierarchy.
[2021.05.31-17.15.19:333][  0]LogDerivedDataCache: FDerivedDataBackendGraph:  CompressedPak pak cache file ../../../../../../Wire-Hunter/work/choi/WireHunter/DerivedDataCache/Compressed.ddp not found, will not use a pak cache.
[2021.05.31-17.15.19:333][  0]LogDerivedDataCache: Unable to find inner node CompressedPak for hierarchical cache Hierarchy.
[2021.05.31-17.15.19:342][  0]LogDerivedDataCache: Display: Pak cache opened for reading ../../../Engine/DerivedDataCache/Compressed.ddp.
[2021.05.31-17.15.19:342][  0]LogDerivedDataCache: FDerivedDataBackendGraph:  EnterprisePak pak cache file ../../../Enterprise/DerivedDataCache/Compressed.ddp not found, will not use a pak cache.
[2021.05.31-17.15.19:342][  0]LogDerivedDataCache: Unable to find inner node EnterprisePak for hierarchical cache Hierarchy.
[2021.05.31-17.15.19:343][  0]LogDerivedDataCache: Using Local data cache path C:/Users/조준현/AppData/Local/UnrealEngine/Common/DerivedDataCache: Writable
[2021.05.31-17.15.19:343][  0]LogDerivedDataCache: Shared data cache path not found in *engine.ini, will not use an Shared cache.
[2021.05.31-17.15.19:343][  0]LogDerivedDataCache: Unable to find inner node Shared for hierarchical cache Hierarchy.
[2021.05.31-17.15.19:392][  0]LogSlate: Using FreeType 2.10.0
[2021.05.31-17.15.19:393][  0]LogSlate: SlateFontServices - WITH_FREETYPE: 1, WITH_HARFBUZZ: 1
[2021.05.31-17.15.19:421][  0]LogAssetRegistry: FAssetRegistry took 0.0028 seconds to start up
[2021.05.31-17.15.19:806][  0]LogInit: Selected Device Profile: [Windows]
[2021.05.31-17.15.20:017][  0]LogMeshReduction: Using QuadricMeshReduction for automatic static mesh reduction
[2021.05.31-17.15.20:017][  0]LogMeshReduction: Using SimplygonMeshReduction for automatic skeletal mesh reduction
[2021.05.31-17.15.20:017][  0]LogMeshReduction: Using ProxyLODMeshReduction for automatic mesh merging
[2021.05.31-17.15.20:017][  0]LogMeshReduction: No distributed automatic mesh merging module available
[2021.05.31-17.15.20:017][  0]LogMeshMerging: No distributed automatic mesh merging module available
[2021.05.31-17.15.20:050][  0]LogNetVersion: WireHunter 1.0.0, NetCL: 13144385, EngineNetVer: 14, GameNetVer: 0 (Checksum: 1660872711)
[2021.05.31-17.15.20:738][  0]LogAISub: UAISubsystem::UAISubsystem AISubsystem (0000023F52B71C40), frame # 0
[2021.05.31-17.15.20:738][  0]LogAISub: UAISubsystem::UAISubsystem AIPerceptionSystem (0000023F52B087C0), frame # 0
[2021.05.31-17.15.20:740][  0]LogAISub: UAISubsystem::UAISubsystem EnvQueryManager (0000023F52B34A00), frame # 0
[2021.05.31-17.15.20:815][  0]LogPackageLocalizationCache: Processed 20 localized package path(s) for 1 prioritized culture(s) in 0.050093 seconds
[2021.05.31-17.15.20:821][  0]LogUObjectArray: 15917 objects as part of root set at end of initial load.
[2021.05.31-17.15.20:821][  0]LogUObjectAllocator: 3965568 out of 0 bytes used by permanent object pool.
[2021.05.31-17.15.20:821][  0]LogUObjectArray: CloseDisregardForGC: 0/0 objects in disregard for GC pool
[2021.05.31-17.15.21:599][  0]LogTcpMessaging: Initializing TcpMessaging bridge
[2021.05.31-17.15.21:606][  0]LogUdpMessaging: Initializing bridge on interface 0.0.0.0:0 to multicast group 230.0.0.1:6666.
[2021.05.31-17.15.21:747][  0]SourceControl: 소스 컨트롤이 꺼졌습니다.
[2021.05.31-17.15.21:747][  0]SourceControl: 소스 컨트롤이 꺼졌습니다.
[2021.05.31-17.15.21:763][  0]SourceControl: 소스 컨트롤이 꺼졌습니다.
[2021.05.31-17.15.21:771][  0]SourceControl: 소스 컨트롤이 꺼졌습니다.
[2021.05.31-17.15.21:784][  0]SourceControl: 소스 컨트롤이 꺼졌습니다.
[2021.05.31-17.15.22:217][  0]LogAndroidPermission: UAndroidPermissionCallbackProxy::GetInstance
[2021.05.31-17.15.22:244][  0]LogAudioCaptureCore: Display: No Audio Capture implementations found. Audio input will be silent.
[2021.05.31-17.15.22:244][  0]LogAudioCaptureCore: Display: No Audio Capture implementations found. Audio input will be silent.
[2021.05.31-17.15.22:317][  0]LogOcInput: OculusInput pre-init called
[2021.05.31-17.15.22:333][  0]LogWindows: Failed to load 'OVRPlugin.dll' (GetLastError=126)
[2021.05.31-17.15.22:333][  0]LogWindows: File 'OVRPlugin.dll' does not exist
[2021.05.31-17.15.22:481][  0]LogEngine: Initializing Engine...
[2021.05.31-17.15.22:483][  0]LogHMD: Failed to initialize OpenVR with code 110
[2021.05.31-17.15.22:483][  0]LogMagicLeap: Warning: VR disabled because ZI is not enabled.  To enable, in the editor, Edit -> Project Settings -> Plugins -> Magic Leap Plugin -> Enable Zero Iteration
[2021.05.31-17.15.22:486][  0]LogStats: UGameplayTagsManager::InitializeManager -  0.001 s
[2021.05.31-17.15.22:628][  0]LogLinker: Warning: '{FileName}': 파일을 찾을 수 없습니다. 로드에 실패했습니다.
[2021.05.31-17.15.22:628][  0]LogLinker: Warning: '{FileName}': 파일을 찾을 수 없습니다. 로드에 실패했습니다.
[2021.05.31-17.15.22:628][  0]LogUObjectGlobals: Warning: 'Object /Game/ThirdPersonCPP/GraphicResources/Cursor/UI_Cursor.UI_Cursor_C' 오브젝트를 찾는 데 실패했습니다.
[2021.05.31-17.15.22:628][  0]LogLoad: Warning: UUserInterfaceSettings::ForceLoadResources: Failed to load cursor resource 0.
[2021.05.31-17.15.22:628][  0]LogInit: Initializing FReadOnlyCVARCache
[2021.05.31-17.15.22:646][  0]LogAIModule: Creating AISystem for world Untitled
[2021.05.31-17.15.22:646][  0]LogAISub: UAISubsystem::UAISubsystem EnvQueryManager (0000023F59BFDC00), frame # 0
[2021.05.31-17.15.22:646][  0]LogAISub: UAISubsystem::UAISubsystem AIPerceptionSystem (0000023F59C45580), frame # 0
[2021.05.31-17.15.22:654][  0]LogAudioMixer: Display: Audio Mixer Platform Settings:
[2021.05.31-17.15.22:654][  0]LogAudioMixer: Display: 	Sample Rate:						  48000
[2021.05.31-17.15.22:654][  0]LogAudioMixer: Display: 	Callback Buffer Frame Size Requested: 1024
[2021.05.31-17.15.22:654][  0]LogAudioMixer: Display: 	Callback Buffer Frame Size To Use:	  1024
[2021.05.31-17.15.22:654][  0]LogAudioMixer: Display: 	Number of buffers to queue:			  2
[2021.05.31-17.15.22:654][  0]LogAudioMixer: Display: 	Max Channels (voices):				  32
[2021.05.31-17.15.22:654][  0]LogAudioMixer: Display: 	Number of Async Source Workers:		  0
[2021.05.31-17.15.22:654][  0]LogAudio: Display: AudioDevice MaxSources: 32
[2021.05.31-17.15.22:654][  0]LogAudio: Display: Using built-in audio occlusion.
[2021.05.31-17.15.22:654][  0]LogAudioMixer: Display: Initializing audio mixer.
[2021.05.31-17.15.22:669][  0]LogAudioMixer: Display: 0: FrontLeft
[2021.05.31-17.15.22:669][  0]LogAudioMixer: Display: 1: FrontRight
[2021.05.31-17.15.22:696][  0]LogAudioMixer: Display: Using Audio Device Realtek HD Audio 2nd output(Realtek(R) Audio)
[2021.05.31-17.15.22:699][  0]LogAudioMixer: Display: Initializing Sound Submixes...
[2021.05.31-17.15.22:702][  0]LogAudioMixer: Display: Creating Master Submix 'MasterSubmixDefault'
[2021.05.31-17.15.22:702][  0]LogAudioMixer: Display: Creating Master Submix 'MasterReverbSubmixDefault'
[2021.05.31-17.15.22:703][  0]LogAudioMixer: Display: Creating Master Submix 'MasterEQSubmixDefault'
[2021.05.31-17.15.22:704][  0]LogInit: FAudioDevice initialized.
[2021.05.31-17.15.22:705][  0]LogNetVersion: Set ProjectVersion to 1.0.0.0. Version Checksum will be recalculated on next use.
[2021.05.31-17.15.22:781][  0]LogDerivedDataCache: Saved boot cache 0.08s 75MB C:/Users/조준현/AppData/Local/UnrealEngine/4.25/DerivedDataCache/Boot.ddc.
[2021.05.31-17.15.22:781][  0]LogInit: Texture streaming: Enabled
[2021.05.31-17.15.22:807][  0]LogEngineSessionManager: EngineSessionManager initialized
[2021.05.31-17.15.22:807][  0]LogEditorSessionSummary: Verbose: Initializing EditorSessionSummaryWriter for editor session tracking
[2021.05.31-17.15.22:811][  0]LogEditorSessionSummary: EditorSessionSummaryWriter initialized
[2021.05.31-17.15.22:862][  0]LogInit: Transaction tracking system initialized
[2021.05.31-17.15.22:910][  0]BlueprintLog: New page: 에디터 로드
[2021.05.31-17.15.23:085][  0]LocalizationService: 현지화 서비스가 비활성화되었습니다.
[2021.05.31-17.15.23:352][  0]LogCook: Display: Max memory allowance for cook 16384mb min free memory 0mb
[2021.05.31-17.15.23:353][  0]LogCook: Display: Mobile HDR setting 1
[2021.05.31-17.15.23:945][  0]LogFileCache: Scanning file cache for directory 'C:/Wire-Hunter/work/choi/WireHunter/Content/' took 0.01s
[2021.05.31-17.15.24:207][  0]SourceControl: 소스 컨트롤이 꺼졌습니다.
[2021.05.31-17.15.24:207][  0]LogUnrealEdMisc: Loading editor; pre map load, took 9.559
[2021.05.31-17.15.24:208][  0]Cmd: MAP LOAD FILE="../../../../../../Wire-Hunter/work/choi/WireHunter/Content/ThirdPersonCPP/Maps/GameLevel.umap" TEMPLATE=0 SHOWPROGRESS=1 FEATURELEVEL=3
[2021.05.31-17.15.24:209][  0]LightingResults: New page: 라이팅 빌드
[2021.05.31-17.15.24:216][  0]LogWorld: UWorld::CleanupWorld for Untitled, bSessionEnded=true, bCleanupResources=true
[2021.05.31-17.15.24:216][  0]LogSlate: InvalidateAllWidgets triggered.  All widgets were invalidated
[2021.05.31-17.15.24:216][  0]MapCheck: New page: 맵 체크
[2021.05.31-17.15.24:216][  0]LightingResults: New page: 라이팅 빌드
[2021.05.31-17.15.24:226][  0]LogAISub: UAISubsystem::~UAISubsystem EnvQueryManager (0000023F59BFDC00), frame # 0
[2021.05.31-17.15.24:226][  0]LogAISub: UAISubsystem::~UAISubsystem AIPerceptionSystem (0000023F59C45580), frame # 0
[2021.05.31-17.15.24:227][  0]LogUObjectHash: Compacting FUObjectHashTables data took   0.80ms
[2021.05.31-17.15.25:461][  0]LogAIModule: Creating AISystem for world GameLevel
[2021.05.31-17.15.25:461][  0]LogAISub: UAISubsystem::UAISubsystem EnvQueryManager (0000023F6146E400), frame # 0
[2021.05.31-17.15.25:462][  0]LogAISub: UAISubsystem::UAISubsystem AIPerceptionSystem (0000023F4647E200), frame # 0
[2021.05.31-17.15.25:478][  0]LogScript: Warning: CharacterRef 프로퍼티를 읽으려던 중 None 에 접근했습니다.
	ThirdPerson_AnimBP_C /Game/ThirdPersonCPP/Maps/GameLevel.GameLevel:PersistentLevel.BP_WHCharacter.CharacterMesh0.ThirdPerson_AnimBP_C_0
	Function /Game/ThirdPersonCPP/GraphicResources/Character/Animations/ThirdPerson_AnimBP.ThirdPerson_AnimBP_C:ExecuteUbergraph_ThirdPerson_AnimBP:0087
[2021.05.31-17.15.25:502][  0]LogEditorServer: Finished looking for orphan Actors (0.000 secs)
[2021.05.31-17.15.25:519][  0]LogUObjectHash: Compacting FUObjectHashTables data took   1.36ms
[2021.05.31-17.15.25:521][  0]Cmd: MAP CHECKDEP NOCLEARLOG
[2021.05.31-17.15.25:521][  0]MapCheck: 맵 체크 완료: 오류 0 회, 경고 0 회, 소요 시간 0.197ms.
[2021.05.31-17.15.25:521][  0]LogFileHelpers: Loading map 'GameLevel' took 1.313
[2021.05.31-17.15.25:527][  0]LogUnrealEdMisc: Total Editor Startup Time, took 10.879
[2021.05.31-17.15.25:666][  0]LogSlate: Updating window title bar state: overlay mode, drag disabled, window buttons hidden, title bar hidden
[2021.05.31-17.15.25:672][  0]LogSlate: Updating window title bar state: overlay mode, drag disabled, window buttons hidden, title bar hidden
[2021.05.31-17.15.25:679][  0]LogSlate: Updating window title bar state: overlay mode, drag disabled, window buttons hidden, title bar hidden
[2021.05.31-17.15.25:686][  0]LogSlate: Updating window title bar state: overlay mode, drag disabled, window buttons hidden, title bar hidden
[2021.05.31-17.15.25:700][  0]LogCollectionManager: Loaded 0 collections in 0.002183 seconds
[2021.05.31-17.15.25:722][  0]LogFileCache: Scanning file cache for directory 'C:/Wire-Hunter/work/choi/WireHunter/Saved/Collections/' took 0.00s
[2021.05.31-17.15.25:723][  0]LogFileCache: Scanning file cache for directory 'C:/Wire-Hunter/work/choi/WireHunter/Content/Developers/조준현/Collections/' took 0.00s
[2021.05.31-17.15.25:723][  0]LogFileCache: Scanning file cache for directory 'C:/Wire-Hunter/work/choi/WireHunter/Content/Collections/' took 0.00s
[2021.05.31-17.15.25:723][  0]LogContentBrowser: Native class hierarchy populated in 0.0094 seconds. Added 3446 classes and 826 folders.
[2021.05.31-17.15.25:734][  0]LogContentBrowser: Native class hierarchy updated for 'WidgetCarousel' in 0.0003 seconds. Added 0 classes and 0 folders.
[2021.05.31-17.15.25:975][  0]LogContentBrowser: Native class hierarchy updated for 'AddContentDialog' in 0.0004 seconds. Added 0 classes and 0 folders.
[2021.05.31-17.15.25:982][  0]LogContentBrowser: Native class hierarchy updated for 'SceneOutliner' in 0.0003 seconds. Added 2 classes and 0 folders.
[2021.05.31-17.15.26:147][  0]LogSlate: Took 0.000235 seconds to synchronously load lazily loaded font '../../../Engine/Content/Slate/Fonts/Roboto-Regular.ttf' (155K)
[2021.05.31-17.15.26:165][  0]LogSlate: Took 0.017285 seconds to synchronously load lazily loaded font '../../../Engine/Content/Editor/Slate/Fonts/NanumGothic.ttf' (4243K)
[2021.05.31-17.15.26:185][  0]LogSlate: Took 0.017816 seconds to synchronously load lazily loaded font '../../../Engine/Content/Editor/Slate/Fonts/NanumGothicBold.ttf' (4188K)
[2021.05.31-17.15.26:186][  0]LogSlate: Took 0.000104 seconds to synchronously load lazily loaded font '../../../Engine/Content/Slate/Fonts/Roboto-Bold.ttf' (160K)
[2021.05.31-17.15.26:188][  0]LogSlate: Took 0.001302 seconds to synchronously load lazily loaded font '../../../Engine/Content/Editor/Slate/Fonts/FontAwesome.ttf' (139K)
[2021.05.31-17.15.26:249][  0]LogRenderer: Reallocating scene render targets to support 256x256 Format 10 NumSamples 1 (Frame:1).
[2021.05.31-17.15.26:268][  0]LogRenderer: Reallocating scene render targets to support 1376x616 Format 10 NumSamples 1 (Frame:1).
[2021.05.31-17.15.26:386][  0]LogContentBrowser: Native class hierarchy updated for 'HierarchicalLODOutliner' in 0.0003 seconds. Added 0 classes and 0 folders.
[2021.05.31-17.15.26:386][  0]LogLoad: (Engine Initialization) Total time: 11.74 seconds
[2021.05.31-17.15.26:386][  0]LogLoad: (Engine Initialization) Total Blueprint compile time: 0.00 seconds
[2021.05.31-17.15.26:439][  0]LogAssetRegistry: Asset discovery search completed in 7.0194 seconds
[2021.05.31-17.15.26:442][  0]LogCollectionManager: Fixed up redirectors for 0 collections in 0.000002 seconds (updated 0 objects)
[2021.05.31-17.15.26:447][  0]LogContentStreaming: Texture pool size now 1000 MB
[2021.05.31-17.15.26:475][  0]LogSlate: Took 0.001403 seconds to synchronously load lazily loaded font '../../../Engine/Content/Slate/Fonts/Roboto-Light.ttf' (167K)
[2021.05.31-17.15.27:741][  4]LogSlate: Took 0.000127 seconds to synchronously load lazily loaded font '../../../Engine/Content/Slate/Fonts/Roboto-Light.ttf' (167K)
[2021.05.31-17.15.29:421][ 38]LogRendererCore: Warning: Query 'Unaccounted' not ready.
[2021.05.31-17.15.46:305][193]LogAssetEditorSubsystem: Opening Asset editor for BehaviorTree /Game/ThirdPersonCPP/AI/BT_Boss.BT_Boss
[2021.05.31-17.15.46:441][193]LogSlate: Took 0.007892 seconds to synchronously load lazily loaded font '../../../Engine/Content/Slate/Fonts/Roboto-BoldCondensed.ttf' (158K)
[2021.05.31-17.18.12:674][431]LogAssetEditorSubsystem: Opening Asset editor for Blueprint /Game/ThirdPersonCPP/AI/BTT_SetBool.BTT_SetBool
[2021.05.31-17.18.13:254][431]LogContentBrowser: Native class hierarchy updated for 'BlueprintGraph' in 0.0007 seconds. Added 125 classes and 0 folders.
[2021.05.31-17.18.14:019][432]LogSlate: Took 0.000166 seconds to synchronously load lazily loaded font '../../../Engine/Content/Slate/Fonts/Roboto-Italic.ttf' (157K)
[2021.05.31-17.18.16:789][754]LogWorld: UWorld::CleanupWorld for World_5, bSessionEnded=true, bCleanupResources=true
[2021.05.31-17.18.16:789][754]LogSlate: InvalidateAllWidgets triggered.  All widgets were invalidated
[2021.05.31-17.18.18:159][903]Cmd: OBJ SAVEPACKAGE PACKAGE="/Game/ThirdPersonCPP/AI/BT_Boss" FILE="../../../../../../Wire-Hunter/work/choi/WireHunter/Content/ThirdPersonCPP/AI/BT_Boss.uasset" SILENT=true
[2021.05.31-17.18.18:167][903]LogSavePackage: Moving '../../../../../../Wire-Hunter/work/choi/WireHunter/Saved/BT_Boss596CC35D4872F7867D90F9B17BDE537B.tmp' to '../../../../../../Wire-Hunter/work/choi/WireHunter/Content/ThirdPersonCPP/AI/BT_Boss.uasset'
[2021.05.31-17.18.18:181][903]AssetCheck: New page: 애셋 저장: BT_Boss
[2021.05.31-17.18.18:181][903]LogContentValidation: Display: BehaviorTree /Game/ThirdPersonCPP/AI/BT_Boss.BT_Boss 유효성 검사
[2021.05.31-17.18.37:075][155]LogAssetEditorSubsystem: Opening Asset editor for Blueprint /Game/ThirdPersonCPP/AI/BTT_Move.BTT_Move
[2021.05.31-17.18.54:776][188]LogAssetEditorSubsystem: Opening Asset editor for Blueprint /Game/ThirdPersonCPP/AI/BTT_FindNodePath.BTT_FindNodePath
[2021.05.31-17.19.01:642][917]LogWorld: UWorld::CleanupWorld for World_6, bSessionEnded=true, bCleanupResources=true
[2021.05.31-17.19.01:642][917]LogSlate: InvalidateAllWidgets triggered.  All widgets were invalidated
[2021.05.31-17.19.05:059][290]LogAssetEditorSubsystem: Opening Asset editor for Blueprint /Game/ThirdPersonCPP/AI/BTT_SetPath.BTT_SetPath
[2021.05.31-17.19.14:341][337]LogAssetEditorSubsystem: Opening Asset editor for Blueprint /Game/ThirdPersonCPP/AI/BTT_SetBool.BTT_SetBool
[2021.05.31-17.19.20:008][967]LogAssetEditorSubsystem: Opening Asset editor for Blueprint /Game/ThirdPersonCPP/AI/BTT_Fireball.BTT_Fireball
[2021.05.31-17.19.25:492][575]LogAssetEditorSubsystem: Opening Asset editor for Blueprint /Game/ThirdPersonCPP/AI/BTT_Move.BTT_Move
[2021.05.31-17.20.46:148][257]Cmd: OBJ SAVEPACKAGE PACKAGE="/Game/ThirdPersonCPP/AI/BT_Boss" FILE="../../../../../../Wire-Hunter/work/choi/WireHunter/Content/ThirdPersonCPP/AI/BT_Boss.uasset" SILENT=true
[2021.05.31-17.20.46:154][257]LogSavePackage: Moving '../../../../../../Wire-Hunter/work/choi/WireHunter/Saved/BT_Boss040916184F8646CA6A23F1893B63C78D.tmp' to '../../../../../../Wire-Hunter/work/choi/WireHunter/Content/ThirdPersonCPP/AI/BT_Boss.uasset'
[2021.05.31-17.20.46:168][257]AssetCheck: New page: 애셋 저장: BT_Boss
[2021.05.31-17.20.46:168][257]LogContentValidation: Display: BehaviorTree /Game/ThirdPersonCPP/AI/BT_Boss.BT_Boss 유효성 검사
[2021.05.31-17.20.48:086][473]LogTemp: Repeating last play command: 선택된 뷰포트
[2021.05.31-17.20.48:094][473]LogPlayLevel: PlayLevel: No blueprints needed recompiling
[2021.05.31-17.20.48:097][473]PIE: New page: PIE 세션: GameLevel (2021. 6. 1. 오전 11:20:48)
[2021.05.31-17.20.48:098][473]LogOnline: OSS: Creating online subsystem instance for: NULL
[2021.05.31-17.20.48:099][473]LogOnline: OSS: TryLoadSubsystemAndSetDefault: Loaded subsystem for module [NULL]
[2021.05.31-17.20.48:099][473]LogPlayLevel: Creating play world package: /Game/ThirdPersonCPP/Maps/UEDPIE_0_GameLevel
[2021.05.31-17.20.48:107][473]LogPlayLevel: PIE: StaticDuplicateObject took: (0.008015s)
[2021.05.31-17.20.48:108][473]LogAIModule: Creating AISystem for world GameLevel
[2021.05.31-17.20.48:108][473]LogAISub: UAISubsystem::UAISubsystem EnvQueryManager (0000023FBAA70600), frame # 33473
[2021.05.31-17.20.48:108][473]LogAISub: UAISubsystem::UAISubsystem AIPerceptionSystem (0000023FBAA5D6C0), frame # 33473
[2021.05.31-17.20.48:108][473]LogPlayLevel: PIE: World Init took: (0.001153s)
[2021.05.31-17.20.48:108][473]LogPlayLevel: PIE: Created PIE world by copying editor world from /Game/ThirdPersonCPP/Maps/GameLevel.GameLevel to /Game/ThirdPersonCPP/Maps/UEDPIE_0_GameLevel.GameLevel (0.009297s)
[2021.05.31-17.20.48:140][473]LogUObjectHash: Compacting FUObjectHashTables data took   1.97ms
[2021.05.31-17.20.48:143][473]LogAudioMixer: Display: Audio Mixer Platform Settings:
[2021.05.31-17.20.48:143][473]LogAudioMixer: Display: 	Sample Rate:						  48000
[2021.05.31-17.20.48:143][473]LogAudioMixer: Display: 	Callback Buffer Frame Size Requested: 1024
[2021.05.31-17.20.48:143][473]LogAudioMixer: Display: 	Callback Buffer Frame Size To Use:	  1024
[2021.05.31-17.20.48:143][473]LogAudioMixer: Display: 	Number of buffers to queue:			  2
[2021.05.31-17.20.48:143][473]LogAudioMixer: Display: 	Max Channels (voices):				  32
[2021.05.31-17.20.48:143][473]LogAudioMixer: Display: 	Number of Async Source Workers:		  0
[2021.05.31-17.20.48:143][473]LogAudio: Display: AudioDevice MaxSources: 32
[2021.05.31-17.20.48:144][473]LogAudio: Display: Using built-in audio occlusion.
[2021.05.31-17.20.48:144][473]LogAudioMixer: Display: Initializing audio mixer.
[2021.05.31-17.20.48:146][473]LogAudioMixer: Display: 0: FrontLeft
[2021.05.31-17.20.48:146][473]LogAudioMixer: Display: 1: FrontRight
[2021.05.31-17.20.48:160][473]LogAudioMixer: Display: Using Audio Device Realtek HD Audio 2nd output(Realtek(R) Audio)
[2021.05.31-17.20.48:160][473]LogAudioMixer: Display: Initializing Sound Submixes...
[2021.05.31-17.20.48:160][473]LogAudioMixer: Display: Creating Master Submix 'MasterSubmixDefault'
[2021.05.31-17.20.48:160][473]LogAudioMixer: Display: Creating Master Submix 'MasterReverbSubmixDefault'
[2021.05.31-17.20.48:161][473]LogAudioMixer: Display: Creating Master Submix 'MasterEQSubmixDefault'
[2021.05.31-17.20.48:172][473]LogInit: FAudioDevice initialized.
[2021.05.31-17.20.48:172][473]PIE: Warning: UGameViewportClient::AddCursor: 'UI_Cursor_C' 커서 클래스를 로드할 수 없습니다.
[2021.05.31-17.20.48:180][473]LogLoad: Game class is 'WireHunterGameMode'
[2021.05.31-17.20.48:183][473]LogScript: Warning: CharacterRef 프로퍼티를 읽으려던 중 None 에 접근했습니다.
	ThirdPerson_AnimBP_C /Game/ThirdPersonCPP/Maps/UEDPIE_0_GameLevel.GameLevel:PersistentLevel.BP_WHCharacter.CharacterMesh0.ThirdPerson_AnimBP_C_0
	Function /Game/ThirdPersonCPP/GraphicResources/Character/Animations/ThirdPerson_AnimBP.ThirdPerson_AnimBP_C:ExecuteUbergraph_ThirdPerson_AnimBP:0087
[2021.05.31-17.20.48:183][473]PIE: Error: 블루프린트 런타임 오류: "CharacterRef 프로퍼티를 읽으려던 중 None 에 접근했습니다.". 블루프린트: ThirdPerson_AnimBP 함수: Execute Ubergraph Third Person Anim BP 그래프: EventGraph 노드: Climb- 설정
[2021.05.31-17.20.48:184][473]LogWorld: Bringing World /Game/ThirdPersonCPP/Maps/UEDPIE_0_GameLevel.GameLevel up for play (max tick rate 0) at 2021.06.01-02.20.48
[2021.05.31-17.20.48:186][473]LogWorld: Bringing up level for play took: 0.004320
[2021.05.31-17.20.48:186][473]LogOnline: OSS: Creating online subsystem instance for: :Context_13
[2021.05.31-17.20.48:197][473]LogContentBrowser: Native class hierarchy updated for 'MovieSceneCapture' in 0.0004 seconds. Added 20 classes and 0 folders.
[2021.05.31-17.20.48:199][473]Cmd: ShowFlag.Bones 2
[2021.05.31-17.20.48:200][473]ShowFlag.Bones = "2"
[2021.05.31-17.20.48:200][473]PIE: 서버가 로그인했습니다.
[2021.05.31-17.20.48:201][473]PIE: 에디터에서 플레이 총 시작 시간 0.109초입니다.
[2021.05.31-17.20.55:660][326]LogOutputDevice: Warning: 

Script Stack (2 frames):
BTT_SetPath_C.ExecuteUbergraph_BTT_SetPath
BTT_SetPath_C.ReceiveExecuteAI

[2021.05.31-17.20.55:660][326]LogWindows: Windows GetLastError: 작업을 완료했습니다. (0)
[2021.05.31-17.20.59:439][326]LogWindows: Error: === Critical error: ===
[2021.05.31-17.20.59:439][326]LogWindows: Error: 
[2021.05.31-17.20.59:439][326]LogWindows: Error: Assertion failed: (Index >= 0) & (Index < ArrayNum) [File:C:\Program Files\Epic Games\UE_4.25\Engine\Source\Runtime\Core\Public\Containers/Array.h] [Line: 674] 
[2021.05.31-17.20.59:439][326]LogWindows: Error: Array index out of bounds: 0 from an array of size 0
[2021.05.31-17.20.59:439][326]LogWindows: Error: 
[2021.05.31-17.20.59:439][326]LogWindows: Error: 
[2021.05.31-17.20.59:439][326]LogWindows: Error: [Callstack] 0x00007ffa8de74b89 KERNELBASE.dll!UnknownFunction []
[2021.05.31-17.20.59:439][326]LogWindows: Error: [Callstack] 0x00007ffa2afdec66 UE4Editor-Core.dll!ReportAssert() [D:\Build\++UE4\Sync\Engine\Source\Runtime\Core\Private\Windows\WindowsPlatformCrashContext.cpp:1541]
[2021.05.31-17.20.59:439][326]LogWindows: Error: [Callstack] 0x00007ffa2afe2048 UE4Editor-Core.dll!FWindowsErrorOutputDevice::Serialize() [D:\Build\++UE4\Sync\Engine\Source\Runtime\Core\Private\Windows\WindowsErrorOutputDevice.cpp:78]
[2021.05.31-17.20.59:439][326]LogWindows: Error: [Callstack] 0x00007ffa2ad6e52d UE4Editor-Core.dll!FOutputDevice::LogfImpl() [D:\Build\++UE4\Sync\Engine\Source\Runtime\Core\Private\Misc\OutputDevice.cpp:61]
[2021.05.31-17.20.59:439][326]LogWindows: Error: [Callstack] 0x00007ffa2acf97c5 UE4Editor-Core.dll!AssertFailedImplV() [D:\Build\++UE4\Sync\Engine\Source\Runtime\Core\Private\Misc\AssertionMacros.cpp:100]
[2021.05.31-17.20.59:439][326]LogWindows: Error: [Callstack] 0x00007ffa2acfbb00 UE4Editor-Core.dll!FDebug::CheckVerifyFailedImpl() [D:\Build\++UE4\Sync\Engine\Source\Runtime\Core\Private\Misc\AssertionMacros.cpp:450]
[2021.05.31-17.20.59:439][326]LogWindows: Error: [Callstack] 0x00007ffa019aa5d8 UE4Editor-WireHunter-0014.dll!DispatchCheckVerify<void,<lambda_c8204a07aac5c31bd8e47d76e633ea52> >() [C:\Program Files\Epic Games\UE_4.25\Engine\Source\Runtime\Core\Public\Misc\AssertionMacros.h:162]
[2021.05.31-17.20.59:439][326]LogWindows: Error: [Callstack] 0x00007ffa01987931 UE4Editor-WireHunter-0014.dll!UnknownFunction [C:\Wire-Hunter\work\choi\WireHunter\Source\WireHunter\Boss.cpp:333]
[2021.05.31-17.20.59:439][326]LogWindows: Error: [Callstack] 0x00007ffa0199dd98 UE4Editor-WireHunter-0014.dll!UnknownFunction [C:\Wire-Hunter\work\choi\WireHunter\Intermediate\Build\Win64\UE4Editor\Inc\WireHunter\Boss.gen.cpp:31]
[2021.05.31-17.20.59:439][326]LogWindows: Error: [Callstack] 0x00007ffa512a0b34 UE4Editor-CoreUObject.dll!UFunction::Invoke() [D:\Build\++UE4\Sync\Engine\Source\Runtime\CoreUObject\Private\UObject\Class.cpp:5542]
[2021.05.31-17.20.59:439][326]LogWindows: Error: [Callstack] 0x00007ffa514f00ad UE4Editor-CoreUObject.dll!UObject::CallFunction() [D:\Build\++UE4\Sync\Engine\Source\Runtime\CoreUObject\Private\UObject\ScriptCore.cpp:927]
[2021.05.31-17.20.59:439][326]LogWindows: Error: [Callstack] 0x00007ffa515130e3 UE4Editor-CoreUObject.dll!UObject::ProcessContextOpcode() [D:\Build\++UE4\Sync\Engine\Source\Runtime\CoreUObject\Private\UObject\ScriptCore.cpp:2796]
[2021.05.31-17.20.59:439][326]LogWindows: Error: [Callstack] 0x00007ffa5153c9c1 UE4Editor-CoreUObject.dll!UObject::execLet() [D:\Build\++UE4\Sync\Engine\Source\Runtime\CoreUObject\Private\UObject\ScriptCore.cpp:2581]
[2021.05.31-17.20.59:439][326]LogWindows: Error: [Callstack] 0x00007ffa5151571d UE4Editor-CoreUObject.dll!ProcessLocalScriptFunction() [D:\Build\++UE4\Sync\Engine\Source\Runtime\CoreUObject\Private\UObject\ScriptCore.cpp:997]
[2021.05.31-17.20.59:439][326]LogWindows: Error: [Callstack] 0x00007ffa514e3bba UE4Editor-CoreUObject.dll!ProcessScriptFunction<void (__cdecl*)(UObject *,FFrame &,void *)>() [D:\Build\++UE4\Sync\Engine\Source\Runtime\CoreUObject\Private\UObject\ScriptCore.cpp:828]
[2021.05.31-17.20.59:439][326]LogWindows: Error: [Callstack] 0x00007ffa51515362 UE4Editor-CoreUObject.dll!ProcessLocalFunction() [D:\Build\++UE4\Sync\Engine\Source\Runtime\CoreUObject\Private\UObject\ScriptCore.cpp:1058]
[2021.05.31-17.20.59:439][326]LogWindows: Error: [Callstack] 0x00007ffa5151571d UE4Editor-CoreUObject.dll!ProcessLocalScriptFunction() [D:\Build\++UE4\Sync\Engine\Source\Runtime\CoreUObject\Private\UObject\ScriptCore.cpp:997]
[2021.05.31-17.20.59:439][326]LogWindows: Error: [Callstack] 0x00007ffa51514c24 UE4Editor-CoreUObject.dll!UObject::ProcessInternal() [D:\Build\++UE4\Sync\Engine\Source\Runtime\CoreUObject\Private\UObject\ScriptCore.cpp:1085]
[2021.05.31-17.20.59:439][326]LogWindows: Error: [Callstack] 0x00007ffa512a0b34 UE4Editor-CoreUObject.dll!UFunction::Invoke() [D:\Build\++UE4\Sync\Engine\Source\Runtime\CoreUObject\Private\UObject\Class.cpp:5542]
[2021.05.31-17.20.59:439][326]LogWindows: Error: [Callstack] 0x00007ffa51514753 UE4Editor-CoreUObject.dll!UObject::ProcessEvent() [D:\Build\++UE4\Sync\Engine\Source\Runtime\CoreUObject\Private\UObject\ScriptCore.cpp:1916]
[2021.05.31-17.20.59:439][326]LogWindows: Error: [Callstack] 0x00007ffa1aafe5de UE4Editor-AIModule.dll!UBTTask_BlueprintBase::ReceiveExecuteAI() [D:\Build\++UE4\Sync\Engine\Intermediate\Build\Win64\UE4Editor\Inc\AIModule\BTTask_BlueprintBase.gen.cpp:100]
[2021.05.31-17.20.59:439][326]LogWindows: Error: [Callstack] 0x00007ffa1aa2b08e UE4Editor-AIModule.dll!UBTTask_BlueprintBase::ExecuteTask() [D:\Build\++UE4\Sync\Engine\Source\Runtime\AIModule\Private\BehaviorTree\Tasks\BTTask_BlueprintBase.cpp:58]
[2021.05.31-17.20.59:439][326]LogWindows: Error: [Callstack] 0x00007ffa1a9bf92e UE4Editor-AIModule.dll!UBehaviorTreeComponent::ExecuteTask() [D:\Build\++UE4\Sync\Engine\Source\Runtime\AIModule\Private\BehaviorTree\BehaviorTreeComponent.cpp:1818]
[2021.05.31-17.20.59:439][326]LogWindows: Error: [Callstack] 0x00007ffa1a9d8954 UE4Editor-AIModule.dll!UBehaviorTreeComponent::ProcessExecutionRequest() [D:\Build\++UE4\Sync\Engine\Source\Runtime\AIModule\Private\BehaviorTree\BehaviorTreeComponent.cpp:1575]
[2021.05.31-17.20.59:439][326]LogWindows: Error: [Callstack] 0x00007ffa1a9ee222 UE4Editor-AIModule.dll!UBehaviorTreeComponent::TickComponent() [D:\Build\++UE4\Sync\Engine\Source\Runtime\AIModule\Private\BehaviorTree\BehaviorTreeComponent.cpp:1269]
[2021.05.31-17.20.59:439][326]LogWindows: Error: [Callstack] 0x00007ffa22f79346 UE4Editor-Engine.dll!FActorComponentTickFunction::ExecuteTickHelper<<lambda_a11669b3e3f4a9399f884e36456a23d1> >() [D:\Build\++UE4\Sync\Engine\Source\Runtime\Engine\Classes\GameFramework\Actor.h:3471]
[2021.05.31-17.20.59:439][326]LogWindows: Error: [Callstack] 0x00007ffa22fa01c4 UE4Editor-Engine.dll!FActorComponentTickFunction::ExecuteTick() [D:\Build\++UE4\Sync\Engine\Source\Runtime\Engine\Private\Components\ActorComponent.cpp:976]
[2021.05.31-17.20.59:439][326]LogWindows: Error: [Callstack] 0x00007ffa23cb936f UE4Editor-Engine.dll!FTickFunctionTask::DoTask() [D:\Build\++UE4\Sync\Engine\Source\Runtime\Engine\Private\TickTaskManager.cpp:283]
[2021.05.31-17.20.59:439][326]LogWindows: Error: [Callstack] 0x00007ffa23cbe3c7 UE4Editor-Engine.dll!TGraphTask<FTickFunctionTask>::ExecuteTask() [D:\Build\++UE4\Sync\Engine\Source\Runtime\Core\Public\Async\TaskGraphInterfaces.h:849]
[2021.05.31-17.20.59:439][326]LogWindows: Error: [Callstack] 0x00007ffa2ab187d8 UE4Editor-Core.dll!FNamedTaskThread::ProcessTasksNamedThread() [D:\Build\++UE4\Sync\Engine\Source\Runtime\Core\Private\Async\TaskGraph.cpp:692]
[2021.05.31-17.20.59:439][326]LogWindows: Error: [Callstack] 0x00007ffa2ab189aa UE4Editor-Core.dll!FNamedTaskThread::ProcessTasksUntilIdle() [D:\Build\++UE4\Sync\Engine\Source\Runtime\Core\Private\Async\TaskGraph.cpp:598]
[2021.05.31-17.20.59:439][326]LogWindows: Error: [Callstack] 0x00007ffa2ab18bb0 UE4Editor-Core.dll!FTaskGraphImplementation::ProcessThreadUntilIdle() [D:\Build\++UE4\Sync\Engine\Source\Runtime\Core\Private\Async\TaskGraph.cpp:1418]
[2021.05.31-17.20.59:439][326]LogWindows: Error: [Callstack] 0x00007ffa23cda217 UE4Editor-Engine.dll!FTickTaskSequencer::ReleaseTickGroup() [D:\Build\++UE4\Sync\Engine\Source\Runtime\Engine\Private\TickTaskManager.cpp:575]
[2021.05.31-17.20.59:439][326]LogWindows: Error: [Callstack] 0x00007ffa23cdf6ca UE4Editor-Engine.dll!FTickTaskManager::RunTickGroup() [D:\Build\++UE4\Sync\Engine\Source\Runtime\Engine\Private\TickTaskManager.cpp:1523]
[2021.05.31-17.20.59:439][326]LogWindows: Error: [Callstack] 0x00007ffa2349d0bf UE4Editor-Engine.dll!UWorld::RunTickGroup() [D:\Build\++UE4\Sync\Engine\Source\Runtime\Engine\Private\LevelTick.cpp:783]
[2021.05.31-17.20.59:439][326]LogWindows: Error: [Callstack] 0x00007ffa234a809a UE4Editor-Engine.dll!UWorld::Tick() [D:\Build\++UE4\Sync\Engine\Source\Runtime\Engine\Private\LevelTick.cpp:1575]
[2021.05.31-17.20.59:439][326]LogWindows: Error: [Callstack] 0x00007ffa2155af57 UE4Editor-UnrealEd.dll!UEditorEngine::Tick() [D:\Build\++UE4\Sync\Engine\Source\Editor\UnrealEd\Private\EditorEngine.cpp:1693]
[2021.05.31-17.20.59:439][326]LogWindows: Error: [Callstack] 0x00007ffa21e337e6 UE4Editor-UnrealEd.dll!UUnrealEdEngine::Tick() [D:\Build\++UE4\Sync\Engine\Source\Editor\UnrealEd\Private\UnrealEdEngine.cpp:414]
[2021.05.31-17.20.59:439][326]LogWindows: Error: [Callstack] 0x00007ff734027800 UE4Editor.exe!FEngineLoop::Tick() [D:\Build\++UE4\Sync\Engine\Source\Runtime\Launch\Private\LaunchEngineLoop.cpp:4850]
[2021.05.31-17.20.59:439][326]LogWindows: Error: [Callstack] 0x00007ff73403ba7c UE4Editor.exe!GuardedMain() [D:\Build\++UE4\Sync\Engine\Source\Runtime\Launch\Private\Launch.cpp:169]
[2021.05.31-17.20.59:439][326]LogWindows: Error: [Callstack] 0x00007ff73403bb5a UE4Editor.exe!GuardedMainWrapper() [D:\Build\++UE4\Sync\Engine\Source\Runtime\Launch\Private\Windows\LaunchWindows.cpp:137]
[2021.05.31-17.20.59:439][326]LogWindows: Error: [Callstack] 0x00007ff73404e31d UE4Editor.exe!WinMain() [D:\Build\++UE4\Sync\Engine\Source\Runtime\Launch\Private\Windows\LaunchWindows.cpp:268]
[2021.05.31-17.20.59:439][326]LogWindows: Error: [Callstack] 0x00007ff73405145a UE4Editor.exe!__scrt_common_main_seh() [d:\agent\_work\5\s\src\vctools\crt\vcstartup\src\startup\exe_common.inl:288]
[2021.05.31-17.20.59:439][326]LogWindows: Error: [Callstack] 0x00007ffa8f047034 KERNEL32.DLL!UnknownFunction []
[2021.05.31-17.20.59:439][326]LogWindows: Error: [Callstack] 0x00007ffa903e2651 ntdll.dll!UnknownFunction []
[2021.05.31-17.20.59:439][326]LogWindows: Error: 
[2021.05.31-17.20.59:453][326]LogExit: Executing StaticShutdownAfterError
[2021.05.31-17.20.59:457][326]LogWindows: FPlatformMisc::RequestExit(1)
[2021.05.31-17.20.59:457][326]LogCore: Engine exit requested (reason: Win RequestExit)
[2021.05.31-17.20.59:459][326]Log file closed, 06/01/21 02:20:59
