Log file open, 03/23/21 10:12:48
LogInit: Display: Running engine for game: WireHunter
LogPlatformFile: Not using cached read wrapper
LogTaskGraph: Started task graph with 5 named threads and 35 total threads with 3 sets of task threads.
LogStats: Stats thread started at 0.175054
LogD3D11RHI: Loaded GFSDK_Aftermath_Lib.x64.dll
LogICUInternationalization: ICU TimeZone Detection - Raw Offset: +9:00, Platform Override: ''
LogPluginManager: Mounting plugin Paper2D
LogPluginManager: Mounting plugin AISupport
LogPluginManager: Mounting plugin LightPropagationVolume
LogPluginManager: Mounting plugin CameraShakePreviewer
LogPluginManager: Mounting plugin ActorLayerUtilities
LogPluginManager: Mounting plugin AnimationSharing
LogPluginManager: Mounting plugin CLionSourceCodeAccess
LogPluginManager: Mounting plugin CodeLiteSourceCodeAccess
LogPluginManager: Mounting plugin GitSourceControl
LogPluginManager: Mounting plugin KDevelopSourceCodeAccess
LogPluginManager: Mounting plugin NullSourceCodeAccess
LogPluginManager: Mounting plugin PerforceSourceControl
LogPluginManager: Mounting plugin PlasticSourceControl
LogPluginManager: Mounting plugin RiderSourceCodeAccess
LogPluginManager: Mounting plugin SubversionSourceControl
LogPluginManager: Mounting plugin UObjectPlugin
LogPluginManager: Mounting plugin VisualStudioCodeSourceCodeAccess
LogPluginManager: Mounting plugin VisualStudioSourceCodeAccess
LogPluginManager: Mounting plugin XCodeSourceCodeAccess
LogPluginManager: Mounting plugin AssetManagerEditor
LogPluginManager: Mounting plugin CryptoKeys
LogPluginManager: Mounting plugin CurveEditorTools
LogPluginManager: Mounting plugin DataValidation
LogPluginManager: Mounting plugin EditorScriptingUtilities
LogPluginManager: Mounting plugin FacialAnimation
LogPluginManager: Mounting plugin GameplayTagsEditor
LogPluginManager: Mounting plugin GeometryMode
LogPluginManager: Mounting plugin MacGraphicsSwitching
LogPluginManager: Mounting plugin MaterialAnalyzer
LogPluginManager: Mounting plugin MobileLauncherProfileWizard
LogPluginManager: Mounting plugin PluginBrowser
LogPluginManager: Mounting plugin SpeedTreeImporter
LogPluginManager: Mounting plugin DatasmithContent
LogPluginManager: Mounting plugin VariantManagerContent
LogPluginManager: Mounting plugin AlembicImporter
LogPluginManager: Mounting plugin AutomationUtils
LogPluginManager: Mounting plugin BackChannel
LogPluginManager: Mounting plugin ChaosCloth
LogPluginManager: Mounting plugin ChaosClothEditor
LogPluginManager: Mounting plugin ChaosEditor
LogPluginManager: Mounting plugin ChaosNiagara
LogPluginManager: Mounting plugin ChaosSolverPlugin
LogPluginManager: Mounting plugin CharacterAI
LogPluginManager: Mounting plugin GeometryCache
LogPluginManager: Mounting plugin GeometryCollectionPlugin
LogPluginManager: Mounting plugin GeometryProcessing
LogPluginManager: Mounting plugin PlanarCut
LogPluginManager: Mounting plugin PlatformCrypto
LogPluginManager: Mounting plugin ProxyLODPlugin
LogPluginManager: Mounting plugin SkeletalReduction
LogPluginManager: Mounting plugin Niagara
LogPluginManager: Mounting plugin MagicLeap
LogPluginManager: Mounting plugin MagicLeapLightEstimation
LogPluginManager: Mounting plugin MagicLeapMedia
LogPluginManager: Mounting plugin MagicLeapPassableWorld
LogPluginManager: Mounting plugin MLSDK
LogPluginManager: Mounting plugin AndroidMedia
LogPluginManager: Mounting plugin AvfMedia
LogPluginManager: Mounting plugin ImgMedia
LogPluginManager: Mounting plugin MediaCompositing
LogPluginManager: Mounting plugin MediaPlayerEditor
LogPluginManager: Mounting plugin WebMMedia
LogPluginManager: Mounting plugin WmfMedia
LogPluginManager: Mounting plugin MeshPainting
LogPluginManager: Mounting plugin TcpMessaging
LogPluginManager: Mounting plugin UdpMessaging
LogPluginManager: Mounting plugin ActorSequence
LogPluginManager: Mounting plugin LevelSequenceEditor
LogPluginManager: Mounting plugin MatineeToLevelSequence
LogPluginManager: Mounting plugin MovieRenderPipeline
LogPluginManager: Mounting plugin TemplateSequence
LogPluginManager: Mounting plugin NetcodeUnitTest
LogPluginManager: Mounting plugin NUTUnrealEngine4
LogPluginManager: Mounting plugin OnlineSubsystemGooglePlay
LogPluginManager: Mounting plugin OnlineSubsystemIOS
LogPluginManager: Mounting plugin OnlineSubsystem
LogPluginManager: Mounting plugin OnlineSubsystemNull
LogPluginManager: Mounting plugin OnlineSubsystemUtils
LogPluginManager: Mounting plugin LauncherChunkInstaller
LogPluginManager: Mounting plugin AndroidDeviceProfileSelector
LogPluginManager: Mounting plugin AndroidMoviePlayer
LogPluginManager: Mounting plugin AndroidPermission
LogPluginManager: Mounting plugin AppleImageUtils
LogPluginManager: Mounting plugin AppleMoviePlayer
LogPluginManager: Mounting plugin ArchVisCharacter
LogPluginManager: Mounting plugin AssetTags
LogPluginManager: Mounting plugin AudioCapture
LogPluginManager: Mounting plugin CableComponent
LogPluginManager: Mounting plugin CustomMeshComponent
LogPluginManager: Mounting plugin EditableMesh
LogPluginManager: Mounting plugin ExampleDeviceProfileSelector
LogPluginManager: Mounting plugin GoogleCloudMessaging
LogPluginManager: Mounting plugin GooglePAD
LogPluginManager: Mounting plugin IOSDeviceProfileSelector
LogPluginManager: Mounting plugin LinuxDeviceProfileSelector
LogPluginManager: Mounting plugin LocationServicesBPLibrary
LogPluginManager: Mounting plugin MobilePatchingUtils
LogPluginManager: Mounting plugin OculusVR
LogPluginManager: Mounting plugin PhysXVehicles
LogPluginManager: Mounting plugin PostSplashScreen
LogPluginManager: Mounting plugin ProceduralMeshComponent
LogPluginManager: Mounting plugin RuntimePhysXCooking
LogPluginManager: Mounting plugin SignificanceManager
LogPluginManager: Mounting plugin SoundFields
LogPluginManager: Mounting plugin SteamVR
LogPluginManager: Mounting plugin Synthesis
LogPluginManager: Mounting plugin WebMMoviePlayer
LogPluginManager: Mounting plugin WindowsMoviePlayer
LogPluginManager: Mounting plugin ScreenshotTools
LogInit: Using libcurl 7.55.1-DEV
LogInit:  - built for x86_64-pc-win32
LogInit:  - supports SSL with OpenSSL/1.1.1
LogInit:  - supports HTTP deflate (compression) using libz 1.2.8
LogInit:  - other features:
LogInit:      CURL_VERSION_SSL
LogInit:      CURL_VERSION_LIBZ
LogInit:      CURL_VERSION_IPV6
LogInit:      CURL_VERSION_ASYNCHDNS
LogInit:      CURL_VERSION_LARGEFILE
LogInit:      CURL_VERSION_IDN
LogInit:  CurlRequestOptions (configurable via config and command line):
LogInit:  - bVerifyPeer = true  - Libcurl will verify peer certificate
LogInit:  - bUseHttpProxy = false  - Libcurl will NOT use HTTP proxy
LogInit:  - bDontReuseConnections = false  - Libcurl will reuse connections
LogInit:  - MaxHostConnections = 16  - Libcurl will limit the number of connections to a host
LogInit:  - LocalHostAddr = Default
LogInit:  - BufferSize = 65536
LogOnline: OSS: Creating online subsystem instance for: NULL
LogInit: WinSock: version 1.1 (2.2), MaxSocks=32767, MaxUdp=65467
LogOnline: OSS: TryLoadSubsystemAndSetDefault: Loaded subsystem for module [NULL]
LogInit: Build: ++UE4+Release-4.25-CL-14469661
LogInit: Engine Version: 4.25.4-14469661+++UE4+Release-4.25
LogInit: Compatible Engine Version: 4.25.0-13144385+++UE4+Release-4.25
LogInit: Net CL: 13144385
LogInit: OS: Windows 10 (Release 2004) (), CPU: Intel(R) Core(TM) i5-10400 CPU @ 2.90GHz, GPU: NVIDIA GeForce RTX 2060
LogInit: Compiled (64-bit): Oct 11 2020 08:10:49
LogInit: Compiled with Visual C++: 19.24.28315.00
LogInit: Build Configuration: Development
LogInit: Branch Name: ++UE4+Release-4.25
LogInit: Command Line: 
LogInit: Base Directory: C:/Program Files/Epic Games/UE_4.25/Engine/Binaries/Win64/
LogInit: Allocator: TBB
LogInit: Installed Engine Build: 1
LogDevObjectVersion: Number of dev versions registered: 26
LogDevObjectVersion:   Dev-Blueprints (B0D832E4-1F89-4F0D-ACCF-7EB736FD4AA2): 10
LogDevObjectVersion:   Dev-Build (E1C64328-A22C-4D53-A36C-8E866417BD8C): 0
LogDevObjectVersion:   Dev-Core (375EC13C-06E4-48FB-B500-84F0262A717E): 4
LogDevObjectVersion:   Dev-Editor (E4B068ED-F494-42E9-A231-DA0B2E46BB41): 38
LogDevObjectVersion:   Dev-Framework (CFFC743F-43B0-4480-9391-14DF171D2073): 37
LogDevObjectVersion:   Dev-Mobile (B02B49B5-BB20-44E9-A304-32B752E40360): 2
LogDevObjectVersion:   Dev-Networking (A4E4105C-59A1-49B5-A7C5-40C4547EDFEE): 0
LogDevObjectVersion:   Dev-Online (39C831C9-5AE6-47DC-9A44-9C173E1C8E7C): 0
LogDevObjectVersion:   Dev-Physics (78F01B33-EBEA-4F98-B9B4-84EACCB95AA2): 4
LogDevObjectVersion:   Dev-Platform (6631380F-2D4D-43E0-8009-CF276956A95A): 0
LogDevObjectVersion:   Dev-Rendering (12F88B9F-8875-4AFC-A67C-D90C383ABD29): 43
LogDevObjectVersion:   Dev-Sequencer (7B5AE74C-D270-4C10-A958-57980B212A5A): 12
LogDevObjectVersion:   Dev-VR (D7296918-1DD6-4BDD-9DE2-64A83CC13884): 3
LogDevObjectVersion:   Dev-LoadTimes (C2A15278-BFE7-4AFE-6C17-90FF531DF755): 1
LogDevObjectVersion:   Private-Geometry (6EACA3D4-40EC-4CC1-B786-8BED09428FC5): 3
LogDevObjectVersion:   Dev-AnimPhys (29E575DD-E0A3-4627-9D10-D276232CDCEA): 17
LogDevObjectVersion:   Dev-Anim (AF43A65D-7FD3-4947-9873-3E8ED9C1BB05): 7
LogDevObjectVersion:   Dev-ReflectionCapture (6B266CEC-1EC7-4B8F-A30B-E4D90942FC07): 1
LogDevObjectVersion:   Dev-Automation (0DF73D61-A23F-47EA-B727-89E90C41499A): 1
LogDevObjectVersion:   FortniteMain (601D1886-AC64-4F84-AA16-D3DE0DEAC7D6): 31
LogDevObjectVersion:   Dev-Enterprise (9DFFBCD6-494F-0158-E221-12823C92A888): 10
LogDevObjectVersion:   Dev-Niagara (F2AED0AC-9AFE-416F-8664-AA7FFA26D6FC): 1
LogDevObjectVersion:   Dev-Destruction (174F1F0B-B4C6-45A5-B13F-2EE8D0FB917D): 10
LogDevObjectVersion:   Dev-Physics-Ext (35F94A83-E258-406C-A318-09F59610247C): 37
LogDevObjectVersion:   Dev-PhysicsMaterial-Chaos (B68FC16E-8B1B-42E2-B453-215C058844FE): 1
LogDevObjectVersion:   Dev-CineCamera (B2E18506-4273-CFC2-A54E-F4BB758BBA07): 1
LogInit: Presizing for max 25165824 objects, including 0 objects not considered by GC, pre-allocating 0 bytes for permanent pool.
LogConfig: Applying CVar settings from Section [/Script/Engine.StreamingSettings] File [C:/Wire-Hunter/work/choi/WireHunter/Saved/Config/Windows/Engine.ini]
LogConfig: Setting CVar [[s.MinBulkDataSizeForAsyncLoading:131072]]
LogConfig: Setting CVar [[s.AsyncLoadingThreadEnabled:0]]
LogConfig: Setting CVar [[s.EventDrivenLoaderEnabled:1]]
LogConfig: Setting CVar [[s.WarnIfTimeLimitExceeded:0]]
LogConfig: Setting CVar [[s.TimeLimitExceededMultiplier:1.5]]
LogConfig: Setting CVar [[s.TimeLimitExceededMinTime:0.005]]
LogConfig: Setting CVar [[s.UseBackgroundLevelStreaming:1]]
LogConfig: Setting CVar [[s.PriorityAsyncLoadingExtraTime:15.0]]
LogConfig: Setting CVar [[s.LevelStreamingActorsUpdateTimeLimit:5.0]]
LogConfig: Setting CVar [[s.PriorityLevelStreamingActorsUpdateExtraTime:5.0]]
LogConfig: Setting CVar [[s.LevelStreamingComponentsRegistrationGranularity:10]]
LogConfig: Setting CVar [[s.UnregisterComponentsTimeLimit:1.0]]
LogConfig: Setting CVar [[s.LevelStreamingComponentsUnregistrationGranularity:5]]
LogConfig: Setting CVar [[s.FlushStreamingOnExit:1]]
LogInit: Object subsystem initialized
LogConfig: Setting CVar [[con.DebugEarlyDefault:1]]
LogConfig: Setting CVar [[r.setres:1280x720]]
[2021.03.23-01.12.48:520][  0]LogConfig: Setting CVar [[r.VSync:0]]
[2021.03.23-01.12.48:520][  0]LogConfig: Setting CVar [[r.RHICmdBypass:0]]
[2021.03.23-01.12.48:520][  0]LogConfig: Applying CVar settings from Section [/Script/Engine.RendererSettings] File [C:/Wire-Hunter/work/choi/WireHunter/Saved/Config/Windows/Engine.ini]
[2021.03.23-01.12.48:520][  0]LogConfig: Setting CVar [[r.GPUCrashDebugging:0]]
[2021.03.23-01.12.48:520][  0]LogConfig: Applying CVar settings from Section [/Script/Engine.RendererOverrideSettings] File [C:/Wire-Hunter/work/choi/WireHunter/Saved/Config/Windows/Engine.ini]
[2021.03.23-01.12.48:520][  0]LogConfig: Applying CVar settings from Section [/Script/Engine.StreamingSettings] File [C:/Wire-Hunter/work/choi/WireHunter/Saved/Config/Windows/Engine.ini]
[2021.03.23-01.12.48:520][  0]LogConfig: Setting CVar [[s.MinBulkDataSizeForAsyncLoading:131072]]
[2021.03.23-01.12.48:520][  0]LogConfig: Setting CVar [[s.AsyncLoadingThreadEnabled:0]]
[2021.03.23-01.12.48:520][  0]LogConfig: Setting CVar [[s.EventDrivenLoaderEnabled:1]]
[2021.03.23-01.12.48:520][  0]LogConfig: Setting CVar [[s.WarnIfTimeLimitExceeded:0]]
[2021.03.23-01.12.48:520][  0]LogConfig: Setting CVar [[s.TimeLimitExceededMultiplier:1.5]]
[2021.03.23-01.12.48:520][  0]LogConfig: Setting CVar [[s.TimeLimitExceededMinTime:0.005]]
[2021.03.23-01.12.48:521][  0]LogConfig: Setting CVar [[s.UseBackgroundLevelStreaming:1]]
[2021.03.23-01.12.48:521][  0]LogConfig: Setting CVar [[s.PriorityAsyncLoadingExtraTime:15.0]]
[2021.03.23-01.12.48:521][  0]LogConfig: Setting CVar [[s.LevelStreamingActorsUpdateTimeLimit:5.0]]
[2021.03.23-01.12.48:521][  0]LogConfig: Setting CVar [[s.PriorityLevelStreamingActorsUpdateExtraTime:5.0]]
[2021.03.23-01.12.48:521][  0]LogConfig: Setting CVar [[s.LevelStreamingComponentsRegistrationGranularity:10]]
[2021.03.23-01.12.48:521][  0]LogConfig: Setting CVar [[s.UnregisterComponentsTimeLimit:1.0]]
[2021.03.23-01.12.48:521][  0]LogConfig: Setting CVar [[s.LevelStreamingComponentsUnregistrationGranularity:5]]
[2021.03.23-01.12.48:521][  0]LogConfig: Setting CVar [[s.FlushStreamingOnExit:1]]
[2021.03.23-01.12.48:521][  0]LogConfig: Applying CVar settings from Section [/Script/Engine.GarbageCollectionSettings] File [C:/Wire-Hunter/work/choi/WireHunter/Saved/Config/Windows/Engine.ini]
[2021.03.23-01.12.48:521][  0]LogConfig: Setting CVar [[gc.MaxObjectsNotConsideredByGC:1]]
[2021.03.23-01.12.48:521][  0]LogConfig: Setting CVar [[gc.SizeOfPermanentObjectPool:0]]
[2021.03.23-01.12.48:521][  0]LogConfig: Setting CVar [[gc.FlushStreamingOnGC:0]]
[2021.03.23-01.12.48:521][  0]LogConfig: Setting CVar [[gc.NumRetriesBeforeForcingGC:10]]
[2021.03.23-01.12.48:521][  0]LogConfig: Setting CVar [[gc.AllowParallelGC:1]]
[2021.03.23-01.12.48:521][  0]LogConfig: Setting CVar [[gc.TimeBetweenPurgingPendingKillObjects:61.1]]
[2021.03.23-01.12.48:521][  0]LogConfig: Setting CVar [[gc.MaxObjectsInEditor:25165824]]
[2021.03.23-01.12.48:521][  0]LogConfig: Setting CVar [[gc.IncrementalBeginDestroyEnabled:1]]
[2021.03.23-01.12.48:521][  0]LogConfig: Setting CVar [[gc.CreateGCClusters:1]]
[2021.03.23-01.12.48:521][  0]LogConfig: Setting CVar [[gc.MinGCClusterSize:5]]
[2021.03.23-01.12.48:521][  0]LogConfig: Setting CVar [[gc.ActorClusteringEnabled:0]]
[2021.03.23-01.12.48:521][  0]LogConfig: Setting CVar [[gc.BlueprintClusteringEnabled:0]]
[2021.03.23-01.12.48:521][  0]LogConfig: Setting CVar [[gc.UseDisregardForGCOnDedicatedServers:0]]
[2021.03.23-01.12.48:521][  0]LogConfig: Applying CVar settings from Section [/Script/Engine.NetworkSettings] File [C:/Wire-Hunter/work/choi/WireHunter/Saved/Config/Windows/Engine.ini]
[2021.03.23-01.12.48:521][  0]LogConfig: Applying CVar settings from Section [/Script/UnrealEd.CookerSettings] File [C:/Wire-Hunter/work/choi/WireHunter/Saved/Config/Windows/Engine.ini]
[2021.03.23-01.12.48:523][  0]LogConfig: Applying CVar settings from Section [ViewDistanceQuality@3] File [C:/Wire-Hunter/work/choi/WireHunter/Saved/Config/Windows/Scalability.ini]
[2021.03.23-01.12.48:523][  0]LogConfig: Setting CVar [[r.SkeletalMeshLODBias:0]]
[2021.03.23-01.12.48:523][  0]LogConfig: Setting CVar [[r.ViewDistanceScale:1.0]]
[2021.03.23-01.12.48:523][  0]LogConfig: Applying CVar settings from Section [AntiAliasingQuality@3] File [C:/Wire-Hunter/work/choi/WireHunter/Saved/Config/Windows/Scalability.ini]
[2021.03.23-01.12.48:523][  0]LogConfig: Setting CVar [[r.PostProcessAAQuality:4]]
[2021.03.23-01.12.48:523][  0]LogConfig: Applying CVar settings from Section [ShadowQuality@3] File [C:/Wire-Hunter/work/choi/WireHunter/Saved/Config/Windows/Scalability.ini]
[2021.03.23-01.12.48:523][  0]LogConfig: Setting CVar [[r.LightFunctionQuality:1]]
[2021.03.23-01.12.48:523][  0]LogConfig: Setting CVar [[r.ShadowQuality:5]]
[2021.03.23-01.12.48:523][  0]LogConfig: Setting CVar [[r.Shadow.CSM.MaxCascades:10]]
[2021.03.23-01.12.48:523][  0]LogConfig: Setting CVar [[r.Shadow.MaxResolution:2048]]
[2021.03.23-01.12.48:523][  0]LogConfig: Setting CVar [[r.Shadow.MaxCSMResolution:2048]]
[2021.03.23-01.12.48:523][  0]LogConfig: Setting CVar [[r.Shadow.RadiusThreshold:0.01]]
[2021.03.23-01.12.48:523][  0]LogConfig: Setting CVar [[r.Shadow.DistanceScale:1.0]]
[2021.03.23-01.12.48:523][  0]LogConfig: Setting CVar [[r.Shadow.CSM.TransitionScale:1.0]]
[2021.03.23-01.12.48:523][  0]LogConfig: Setting CVar [[r.Shadow.PreShadowResolutionFactor:1.0]]
[2021.03.23-01.12.48:523][  0]LogConfig: Setting CVar [[r.DistanceFieldShadowing:1]]
[2021.03.23-01.12.48:523][  0]LogConfig: Setting CVar [[r.DistanceFieldAO:1]]
[2021.03.23-01.12.48:523][  0]LogConfig: Setting CVar [[r.AOQuality:2]]
[2021.03.23-01.12.48:523][  0]LogConfig: Setting CVar [[r.VolumetricFog:1]]
[2021.03.23-01.12.48:523][  0]LogConfig: Setting CVar [[r.VolumetricFog.GridPixelSize:8]]
[2021.03.23-01.12.48:523][  0]LogConfig: Setting CVar [[r.VolumetricFog.GridSizeZ:128]]
[2021.03.23-01.12.48:523][  0]LogConfig: Setting CVar [[r.VolumetricFog.HistoryMissSupersampleCount:4]]
[2021.03.23-01.12.48:523][  0]LogConfig: Setting CVar [[r.LightMaxDrawDistanceScale:1]]
[2021.03.23-01.12.48:523][  0]LogConfig: Setting CVar [[r.CapsuleShadows:1]]
[2021.03.23-01.12.48:523][  0]LogConfig: Applying CVar settings from Section [PostProcessQuality@3] File [C:/Wire-Hunter/work/choi/WireHunter/Saved/Config/Windows/Scalability.ini]
[2021.03.23-01.12.48:523][  0]LogConfig: Setting CVar [[r.MotionBlurQuality:4]]
[2021.03.23-01.12.48:523][  0]LogConfig: Setting CVar [[r.AmbientOcclusionMipLevelFactor:0.4]]
[2021.03.23-01.12.48:523][  0]LogConfig: Setting CVar [[r.AmbientOcclusionMaxQuality:100]]
[2021.03.23-01.12.48:523][  0]LogConfig: Setting CVar [[r.AmbientOcclusionLevels:-1]]
[2021.03.23-01.12.48:523][  0]LogConfig: Setting CVar [[r.AmbientOcclusionRadiusScale:1.0]]
[2021.03.23-01.12.48:523][  0]LogConfig: Setting CVar [[r.DepthOfFieldQuality:2]]
[2021.03.23-01.12.48:523][  0]LogConfig: Setting CVar [[r.RenderTargetPoolMin:400]]
[2021.03.23-01.12.48:523][  0]LogConfig: Setting CVar [[r.LensFlareQuality:2]]
[2021.03.23-01.12.48:523][  0]LogConfig: Setting CVar [[r.SceneColorFringeQuality:1]]
[2021.03.23-01.12.48:523][  0]LogConfig: Setting CVar [[r.EyeAdaptationQuality:2]]
[2021.03.23-01.12.48:523][  0]LogConfig: Setting CVar [[r.BloomQuality:5]]
[2021.03.23-01.12.48:523][  0]LogConfig: Setting CVar [[r.FastBlurThreshold:100]]
[2021.03.23-01.12.48:523][  0]LogConfig: Setting CVar [[r.Upscale.Quality:3]]
[2021.03.23-01.12.48:523][  0]LogConfig: Setting CVar [[r.Tonemapper.GrainQuantization:1]]
[2021.03.23-01.12.48:523][  0]LogConfig: Setting CVar [[r.LightShaftQuality:1]]
[2021.03.23-01.12.48:523][  0]LogConfig: Setting CVar [[r.Filter.SizeScale:1]]
[2021.03.23-01.12.48:523][  0]LogConfig: Setting CVar [[r.Tonemapper.Quality:5]]
[2021.03.23-01.12.48:523][  0]LogConfig: Setting CVar [[r.DOF.Gather.AccumulatorQuality:1        ; higher gathering accumulator quality]]
[2021.03.23-01.12.48:523][  0]LogConfig: Setting CVar [[r.DOF.Gather.PostfilterMethod:1          ; Median3x3 postfilering method]]
[2021.03.23-01.12.48:523][  0]LogConfig: Setting CVar [[r.DOF.Gather.EnableBokehSettings:0       ; no bokeh simulation when gathering]]
[2021.03.23-01.12.48:523][  0]LogConfig: Setting CVar [[r.DOF.Gather.RingCount:4                 ; medium number of samples when gathering]]
[2021.03.23-01.12.48:523][  0]LogConfig: Setting CVar [[r.DOF.Scatter.ForegroundCompositing:1    ; additive foreground scattering]]
[2021.03.23-01.12.48:523][  0]LogConfig: Setting CVar [[r.DOF.Scatter.BackgroundCompositing:2    ; additive background scattering]]
[2021.03.23-01.12.48:523][  0]LogConfig: Setting CVar [[r.DOF.Scatter.EnableBokehSettings:1      ; bokeh simulation when scattering]]
[2021.03.23-01.12.48:523][  0]LogConfig: Setting CVar [[r.DOF.Scatter.MaxSpriteRatio:0.1         ; only a maximum of 10% of scattered bokeh]]
[2021.03.23-01.12.48:523][  0]LogConfig: Setting CVar [[r.DOF.Recombine.Quality:1                ; cheap slight out of focus]]
[2021.03.23-01.12.48:523][  0]LogConfig: Setting CVar [[r.DOF.Recombine.EnableBokehSettings:0    ; no bokeh simulation on slight out of focus]]
[2021.03.23-01.12.48:523][  0]LogConfig: Setting CVar [[r.DOF.TemporalAAQuality:1                ; more stable temporal accumulation]]
[2021.03.23-01.12.48:523][  0]LogConfig: Setting CVar [[r.DOF.Kernel.MaxForegroundRadius:0.025]]
[2021.03.23-01.12.48:523][  0]LogConfig: Setting CVar [[r.DOF.Kernel.MaxBackgroundRadius:0.025]]
[2021.03.23-01.12.48:523][  0]LogConfig: Applying CVar settings from Section [TextureQuality@3] File [C:/Wire-Hunter/work/choi/WireHunter/Saved/Config/Windows/Scalability.ini]
[2021.03.23-01.12.48:523][  0]LogConfig: Setting CVar [[r.Streaming.MipBias:0]]
[2021.03.23-01.12.48:523][  0]LogConfig: Setting CVar [[r.Streaming.AmortizeCPUToGPUCopy:0]]
[2021.03.23-01.12.48:523][  0]LogConfig: Setting CVar [[r.Streaming.MaxNumTexturesToStreamPerFrame:0]]
[2021.03.23-01.12.48:523][  0]LogConfig: Setting CVar [[r.Streaming.Boost:1]]
[2021.03.23-01.12.48:523][  0]LogConfig: Setting CVar [[r.MaxAnisotropy:8]]
[2021.03.23-01.12.48:523][  0]LogConfig: Setting CVar [[r.VT.MaxAnisotropy:8]]
[2021.03.23-01.12.48:523][  0]LogConfig: Setting CVar [[r.Streaming.LimitPoolSizeToVRAM:0]]
[2021.03.23-01.12.48:524][  0]LogConfig: Setting CVar [[r.Streaming.PoolSize:1000]]
[2021.03.23-01.12.48:524][  0]LogConfig: Setting CVar [[r.Streaming.MaxEffectiveScreenSize:0]]
[2021.03.23-01.12.48:524][  0]LogConfig: Applying CVar settings from Section [EffectsQuality@3] File [C:/Wire-Hunter/work/choi/WireHunter/Saved/Config/Windows/Scalability.ini]
[2021.03.23-01.12.48:524][  0]LogConfig: Setting CVar [[r.TranslucencyLightingVolumeDim:64]]
[2021.03.23-01.12.48:524][  0]LogConfig: Setting CVar [[r.RefractionQuality:2]]
[2021.03.23-01.12.48:524][  0]LogConfig: Setting CVar [[r.SSR.Quality:3]]
[2021.03.23-01.12.48:524][  0]LogConfig: Setting CVar [[r.SSR.HalfResSceneColor:0]]
[2021.03.23-01.12.48:524][  0]LogConfig: Setting CVar [[r.SceneColorFormat:4]]
[2021.03.23-01.12.48:524][  0]LogConfig: Setting CVar [[r.DetailMode:2]]
[2021.03.23-01.12.48:524][  0]LogConfig: Setting CVar [[r.TranslucencyVolumeBlur:1]]
[2021.03.23-01.12.48:524][  0]LogConfig: Setting CVar [[r.MaterialQualityLevel:1 ; High quality]]
[2021.03.23-01.12.48:524][  0]LogConfig: Setting CVar [[r.SSS.Scale:1]]
[2021.03.23-01.12.48:524][  0]LogConfig: Setting CVar [[r.SSS.SampleSet:2]]
[2021.03.23-01.12.48:524][  0]LogConfig: Setting CVar [[r.SSS.Quality:1]]
[2021.03.23-01.12.48:524][  0]LogConfig: Setting CVar [[r.SSS.HalfRes:0]]
[2021.03.23-01.12.48:524][  0]LogConfig: Setting CVar [[r.SSGI.Quality:3]]
[2021.03.23-01.12.48:524][  0]LogConfig: Setting CVar [[r.EmitterSpawnRateScale:1.0]]
[2021.03.23-01.12.48:524][  0]LogConfig: Setting CVar [[r.ParticleLightQuality:2]]
[2021.03.23-01.12.48:524][  0]LogConfig: Setting CVar [[r.SkyAtmosphere.AerialPerspectiveLUT.FastApplyOnOpaque:1 ; Always have FastSkyLUT 1 in this case to avoid wrong sky]]
[2021.03.23-01.12.48:524][  0]LogConfig: Setting CVar [[r.SkyAtmosphere.AerialPerspectiveLUT.SampleCountPerSlice:1]]
[2021.03.23-01.12.48:524][  0]LogConfig: Setting CVar [[r.SkyAtmosphere.AerialPerspectiveLUT.DepthResolution:16.0]]
[2021.03.23-01.12.48:524][  0]LogConfig: Setting CVar [[r.SkyAtmosphere.FastSkyLUT:1]]
[2021.03.23-01.12.48:524][  0]LogConfig: Setting CVar [[r.SkyAtmosphere.FastSkyLUT.SampleCountMin:4.0]]
[2021.03.23-01.12.48:524][  0]LogConfig: Setting CVar [[r.SkyAtmosphere.FastSkyLUT.SampleCountMax:32.0]]
[2021.03.23-01.12.48:524][  0]LogConfig: Setting CVar [[r.SkyAtmosphere.SampleCountMin:4.0]]
[2021.03.23-01.12.48:524][  0]LogConfig: Setting CVar [[r.SkyAtmosphere.SampleCountMax:32.0]]
[2021.03.23-01.12.48:524][  0]LogConfig: Setting CVar [[r.SkyAtmosphere.TransmittanceLUT.UseSmallFormat:0]]
[2021.03.23-01.12.48:524][  0]LogConfig: Setting CVar [[r.SkyAtmosphere.TransmittanceLUT.SampleCount:10.0]]
[2021.03.23-01.12.48:524][  0]LogConfig: Setting CVar [[r.SkyAtmosphere.MultiScatteringLUT.SampleCount:15.0]]
[2021.03.23-01.12.48:524][  0]LogConfig: Applying CVar settings from Section [FoliageQuality@3] File [C:/Wire-Hunter/work/choi/WireHunter/Saved/Config/Windows/Scalability.ini]
[2021.03.23-01.12.48:524][  0]LogConfig: Setting CVar [[foliage.DensityScale:1.0]]
[2021.03.23-01.12.48:524][  0]LogConfig: Setting CVar [[grass.DensityScale:1.0]]
[2021.03.23-01.12.48:524][  0]LogConfig: Applying CVar settings from Section [ShadingQuality@3] File [C:/Wire-Hunter/work/choi/WireHunter/Saved/Config/Windows/Scalability.ini]
[2021.03.23-01.12.48:524][  0]LogConfig: Setting CVar [[r.HairStrands.SkyLighting.SampleCount:16]]
[2021.03.23-01.12.48:524][  0]LogConfig: Setting CVar [[r.HairStrands.SkyLighting.JitterIntegration:0]]
[2021.03.23-01.12.48:524][  0]LogConfig: Setting CVar [[r.HairStrands.SkyAO.SampleCount:16]]
[2021.03.23-01.12.48:524][  0]LogConfig: Setting CVar [[r.HairStrands.DeepShadow.SuperSampling:0]]
[2021.03.23-01.12.48:524][  0]LogConfig: Setting CVar [[r.HairStrands.VisibilityPPLL:0]]
[2021.03.23-01.12.48:524][  0]LogConfig: Setting CVar [[r.HairStrands.RasterizationScale:0.5]]
[2021.03.23-01.12.48:524][  0]LogConfig: Setting CVar [[r.HairStrands.VelocityRasterizationScale:1]]
[2021.03.23-01.12.48:524][  0]LogInit: Selected Device Profile: [Windows]
[2021.03.23-01.12.48:524][  0]LogInit: Applying CVar settings loaded from the selected device profile: [Windows]
[2021.03.23-01.12.48:524][  0]LogHAL: Display: Platform has ~ 16 GB [17109049344 / 17179869184 / 16], which maps to Larger [LargestMinGB=32, LargerMinGB=12, DefaultMinGB=8, SmallerMinGB=6, SmallestMinGB=0)
[2021.03.23-01.12.48:524][  0]LogInit: Going up to parent DeviceProfile []
[2021.03.23-01.12.48:524][  0]LogConfig: Applying CVar settings from Section [ViewDistanceQuality@3] File [C:/Wire-Hunter/work/choi/WireHunter/Saved/Config/Windows/Scalability.ini]
[2021.03.23-01.12.48:524][  0]LogConfig: Setting CVar [[r.SkeletalMeshLODBias:0]]
[2021.03.23-01.12.48:524][  0]LogConfig: Setting CVar [[r.ViewDistanceScale:1.0]]
[2021.03.23-01.12.48:524][  0]LogConfig: Applying CVar settings from Section [AntiAliasingQuality@3] File [C:/Wire-Hunter/work/choi/WireHunter/Saved/Config/Windows/Scalability.ini]
[2021.03.23-01.12.48:524][  0]LogConfig: Setting CVar [[r.PostProcessAAQuality:4]]
[2021.03.23-01.12.48:524][  0]LogConfig: Applying CVar settings from Section [ShadowQuality@3] File [C:/Wire-Hunter/work/choi/WireHunter/Saved/Config/Windows/Scalability.ini]
[2021.03.23-01.12.48:524][  0]LogConfig: Setting CVar [[r.LightFunctionQuality:1]]
[2021.03.23-01.12.48:524][  0]LogConfig: Setting CVar [[r.ShadowQuality:5]]
[2021.03.23-01.12.48:524][  0]LogConfig: Setting CVar [[r.Shadow.CSM.MaxCascades:10]]
[2021.03.23-01.12.48:524][  0]LogConfig: Setting CVar [[r.Shadow.MaxResolution:2048]]
[2021.03.23-01.12.48:524][  0]LogConfig: Setting CVar [[r.Shadow.MaxCSMResolution:2048]]
[2021.03.23-01.12.48:524][  0]LogConfig: Setting CVar [[r.Shadow.RadiusThreshold:0.01]]
[2021.03.23-01.12.48:524][  0]LogConfig: Setting CVar [[r.Shadow.DistanceScale:1.0]]
[2021.03.23-01.12.48:524][  0]LogConfig: Setting CVar [[r.Shadow.CSM.TransitionScale:1.0]]
[2021.03.23-01.12.48:524][  0]LogConfig: Setting CVar [[r.Shadow.PreShadowResolutionFactor:1.0]]
[2021.03.23-01.12.48:524][  0]LogConfig: Setting CVar [[r.DistanceFieldShadowing:1]]
[2021.03.23-01.12.48:524][  0]LogConfig: Setting CVar [[r.DistanceFieldAO:1]]
[2021.03.23-01.12.48:524][  0]LogConfig: Setting CVar [[r.AOQuality:2]]
[2021.03.23-01.12.48:524][  0]LogConfig: Setting CVar [[r.VolumetricFog:1]]
[2021.03.23-01.12.48:524][  0]LogConfig: Setting CVar [[r.VolumetricFog.GridPixelSize:8]]
[2021.03.23-01.12.48:524][  0]LogConfig: Setting CVar [[r.VolumetricFog.GridSizeZ:128]]
[2021.03.23-01.12.48:524][  0]LogConfig: Setting CVar [[r.VolumetricFog.HistoryMissSupersampleCount:4]]
[2021.03.23-01.12.48:524][  0]LogConfig: Setting CVar [[r.LightMaxDrawDistanceScale:1]]
[2021.03.23-01.12.48:524][  0]LogConfig: Setting CVar [[r.CapsuleShadows:1]]
[2021.03.23-01.12.48:524][  0]LogConfig: Applying CVar settings from Section [PostProcessQuality@3] File [C:/Wire-Hunter/work/choi/WireHunter/Saved/Config/Windows/Scalability.ini]
[2021.03.23-01.12.48:524][  0]LogConfig: Setting CVar [[r.MotionBlurQuality:4]]
[2021.03.23-01.12.48:524][  0]LogConfig: Setting CVar [[r.AmbientOcclusionMipLevelFactor:0.4]]
[2021.03.23-01.12.48:524][  0]LogConfig: Setting CVar [[r.AmbientOcclusionMaxQuality:100]]
[2021.03.23-01.12.48:524][  0]LogConfig: Setting CVar [[r.AmbientOcclusionLevels:-1]]
[2021.03.23-01.12.48:524][  0]LogConfig: Setting CVar [[r.AmbientOcclusionRadiusScale:1.0]]
[2021.03.23-01.12.48:524][  0]LogConfig: Setting CVar [[r.DepthOfFieldQuality:2]]
[2021.03.23-01.12.48:524][  0]LogConfig: Setting CVar [[r.RenderTargetPoolMin:400]]
[2021.03.23-01.12.48:524][  0]LogConfig: Setting CVar [[r.LensFlareQuality:2]]
[2021.03.23-01.12.48:524][  0]LogConfig: Setting CVar [[r.SceneColorFringeQuality:1]]
[2021.03.23-01.12.48:524][  0]LogConfig: Setting CVar [[r.EyeAdaptationQuality:2]]
[2021.03.23-01.12.48:524][  0]LogConfig: Setting CVar [[r.BloomQuality:5]]
[2021.03.23-01.12.48:524][  0]LogConfig: Setting CVar [[r.FastBlurThreshold:100]]
[2021.03.23-01.12.48:524][  0]LogConfig: Setting CVar [[r.Upscale.Quality:3]]
[2021.03.23-01.12.48:524][  0]LogConfig: Setting CVar [[r.Tonemapper.GrainQuantization:1]]
[2021.03.23-01.12.48:524][  0]LogConfig: Setting CVar [[r.LightShaftQuality:1]]
[2021.03.23-01.12.48:524][  0]LogConfig: Setting CVar [[r.Filter.SizeScale:1]]
[2021.03.23-01.12.48:524][  0]LogConfig: Setting CVar [[r.Tonemapper.Quality:5]]
[2021.03.23-01.12.48:524][  0]LogConfig: Setting CVar [[r.DOF.Gather.AccumulatorQuality:1        ; higher gathering accumulator quality]]
[2021.03.23-01.12.48:524][  0]LogConfig: Setting CVar [[r.DOF.Gather.PostfilterMethod:1          ; Median3x3 postfilering method]]
[2021.03.23-01.12.48:524][  0]LogConfig: Setting CVar [[r.DOF.Gather.EnableBokehSettings:0       ; no bokeh simulation when gathering]]
[2021.03.23-01.12.48:524][  0]LogConfig: Setting CVar [[r.DOF.Gather.RingCount:4                 ; medium number of samples when gathering]]
[2021.03.23-01.12.48:524][  0]LogConfig: Setting CVar [[r.DOF.Scatter.ForegroundCompositing:1    ; additive foreground scattering]]
[2021.03.23-01.12.48:524][  0]LogConfig: Setting CVar [[r.DOF.Scatter.BackgroundCompositing:2    ; additive background scattering]]
[2021.03.23-01.12.48:524][  0]LogConfig: Setting CVar [[r.DOF.Scatter.EnableBokehSettings:1      ; bokeh simulation when scattering]]
[2021.03.23-01.12.48:525][  0]LogConfig: Setting CVar [[r.DOF.Scatter.MaxSpriteRatio:0.1         ; only a maximum of 10% of scattered bokeh]]
[2021.03.23-01.12.48:525][  0]LogConfig: Setting CVar [[r.DOF.Recombine.Quality:1                ; cheap slight out of focus]]
[2021.03.23-01.12.48:525][  0]LogConfig: Setting CVar [[r.DOF.Recombine.EnableBokehSettings:0    ; no bokeh simulation on slight out of focus]]
[2021.03.23-01.12.48:525][  0]LogConfig: Setting CVar [[r.DOF.TemporalAAQuality:1                ; more stable temporal accumulation]]
[2021.03.23-01.12.48:525][  0]LogConfig: Setting CVar [[r.DOF.Kernel.MaxForegroundRadius:0.025]]
[2021.03.23-01.12.48:525][  0]LogConfig: Setting CVar [[r.DOF.Kernel.MaxBackgroundRadius:0.025]]
[2021.03.23-01.12.48:525][  0]LogConfig: Applying CVar settings from Section [TextureQuality@3] File [C:/Wire-Hunter/work/choi/WireHunter/Saved/Config/Windows/Scalability.ini]
[2021.03.23-01.12.48:525][  0]LogConfig: Setting CVar [[r.Streaming.MipBias:0]]
[2021.03.23-01.12.48:525][  0]LogConfig: Setting CVar [[r.Streaming.AmortizeCPUToGPUCopy:0]]
[2021.03.23-01.12.48:525][  0]LogConfig: Setting CVar [[r.Streaming.MaxNumTexturesToStreamPerFrame:0]]
[2021.03.23-01.12.48:525][  0]LogConfig: Setting CVar [[r.Streaming.Boost:1]]
[2021.03.23-01.12.48:525][  0]LogConfig: Setting CVar [[r.MaxAnisotropy:8]]
[2021.03.23-01.12.48:525][  0]LogConfig: Setting CVar [[r.VT.MaxAnisotropy:8]]
[2021.03.23-01.12.48:525][  0]LogConfig: Setting CVar [[r.Streaming.LimitPoolSizeToVRAM:0]]
[2021.03.23-01.12.48:525][  0]LogConfig: Setting CVar [[r.Streaming.PoolSize:1000]]
[2021.03.23-01.12.48:525][  0]LogConfig: Setting CVar [[r.Streaming.MaxEffectiveScreenSize:0]]
[2021.03.23-01.12.48:525][  0]LogConfig: Applying CVar settings from Section [EffectsQuality@3] File [C:/Wire-Hunter/work/choi/WireHunter/Saved/Config/Windows/Scalability.ini]
[2021.03.23-01.12.48:525][  0]LogConfig: Setting CVar [[r.TranslucencyLightingVolumeDim:64]]
[2021.03.23-01.12.48:525][  0]LogConfig: Setting CVar [[r.RefractionQuality:2]]
[2021.03.23-01.12.48:525][  0]LogConfig: Setting CVar [[r.SSR.Quality:3]]
[2021.03.23-01.12.48:525][  0]LogConfig: Setting CVar [[r.SSR.HalfResSceneColor:0]]
[2021.03.23-01.12.48:525][  0]LogConfig: Setting CVar [[r.SceneColorFormat:4]]
[2021.03.23-01.12.48:525][  0]LogConfig: Setting CVar [[r.DetailMode:2]]
[2021.03.23-01.12.48:525][  0]LogConfig: Setting CVar [[r.TranslucencyVolumeBlur:1]]
[2021.03.23-01.12.48:525][  0]LogConfig: Setting CVar [[r.MaterialQualityLevel:1 ; High quality]]
[2021.03.23-01.12.48:525][  0]LogConfig: Setting CVar [[r.SSS.Scale:1]]
[2021.03.23-01.12.48:525][  0]LogConfig: Setting CVar [[r.SSS.SampleSet:2]]
[2021.03.23-01.12.48:525][  0]LogConfig: Setting CVar [[r.SSS.Quality:1]]
[2021.03.23-01.12.48:525][  0]LogConfig: Setting CVar [[r.SSS.HalfRes:0]]
[2021.03.23-01.12.48:525][  0]LogConfig: Setting CVar [[r.SSGI.Quality:3]]
[2021.03.23-01.12.48:525][  0]LogConfig: Setting CVar [[r.EmitterSpawnRateScale:1.0]]
[2021.03.23-01.12.48:525][  0]LogConfig: Setting CVar [[r.ParticleLightQuality:2]]
[2021.03.23-01.12.48:525][  0]LogConfig: Setting CVar [[r.SkyAtmosphere.AerialPerspectiveLUT.FastApplyOnOpaque:1 ; Always have FastSkyLUT 1 in this case to avoid wrong sky]]
[2021.03.23-01.12.48:525][  0]LogConfig: Setting CVar [[r.SkyAtmosphere.AerialPerspectiveLUT.SampleCountPerSlice:1]]
[2021.03.23-01.12.48:525][  0]LogConfig: Setting CVar [[r.SkyAtmosphere.AerialPerspectiveLUT.DepthResolution:16.0]]
[2021.03.23-01.12.48:525][  0]LogConfig: Setting CVar [[r.SkyAtmosphere.FastSkyLUT:1]]
[2021.03.23-01.12.48:525][  0]LogConfig: Setting CVar [[r.SkyAtmosphere.FastSkyLUT.SampleCountMin:4.0]]
[2021.03.23-01.12.48:525][  0]LogConfig: Setting CVar [[r.SkyAtmosphere.FastSkyLUT.SampleCountMax:32.0]]
[2021.03.23-01.12.48:525][  0]LogConfig: Setting CVar [[r.SkyAtmosphere.SampleCountMin:4.0]]
[2021.03.23-01.12.48:525][  0]LogConfig: Setting CVar [[r.SkyAtmosphere.SampleCountMax:32.0]]
[2021.03.23-01.12.48:525][  0]LogConfig: Setting CVar [[r.SkyAtmosphere.TransmittanceLUT.UseSmallFormat:0]]
[2021.03.23-01.12.48:525][  0]LogConfig: Setting CVar [[r.SkyAtmosphere.TransmittanceLUT.SampleCount:10.0]]
[2021.03.23-01.12.48:525][  0]LogConfig: Setting CVar [[r.SkyAtmosphere.MultiScatteringLUT.SampleCount:15.0]]
[2021.03.23-01.12.48:525][  0]LogConfig: Applying CVar settings from Section [FoliageQuality@3] File [C:/Wire-Hunter/work/choi/WireHunter/Saved/Config/Windows/Scalability.ini]
[2021.03.23-01.12.48:525][  0]LogConfig: Setting CVar [[foliage.DensityScale:1.0]]
[2021.03.23-01.12.48:525][  0]LogConfig: Setting CVar [[grass.DensityScale:1.0]]
[2021.03.23-01.12.48:525][  0]LogConfig: Applying CVar settings from Section [ShadingQuality@3] File [C:/Wire-Hunter/work/choi/WireHunter/Saved/Config/Windows/Scalability.ini]
[2021.03.23-01.12.48:525][  0]LogConfig: Setting CVar [[r.HairStrands.SkyLighting.SampleCount:16]]
[2021.03.23-01.12.48:525][  0]LogConfig: Setting CVar [[r.HairStrands.SkyLighting.JitterIntegration:0]]
[2021.03.23-01.12.48:525][  0]LogConfig: Setting CVar [[r.HairStrands.SkyAO.SampleCount:16]]
[2021.03.23-01.12.48:525][  0]LogConfig: Setting CVar [[r.HairStrands.DeepShadow.SuperSampling:0]]
[2021.03.23-01.12.48:525][  0]LogConfig: Setting CVar [[r.HairStrands.VisibilityPPLL:0]]
[2021.03.23-01.12.48:525][  0]LogConfig: Setting CVar [[r.HairStrands.RasterizationScale:0.5]]
[2021.03.23-01.12.48:525][  0]LogConfig: Setting CVar [[r.HairStrands.VelocityRasterizationScale:1]]
[2021.03.23-01.12.48:525][  0]LogConfig: Applying CVar settings from Section [Startup] File [../../../Engine/Config/ConsoleVariables.ini]
[2021.03.23-01.12.48:525][  0]LogConfig: Setting CVar [[net.UseAdaptiveNetUpdateFrequency:0]]
[2021.03.23-01.12.48:525][  0]LogConfig: Setting CVar [[p.chaos.AllowCreatePhysxBodies:1]]
[2021.03.23-01.12.48:525][  0]LogConfig: Setting CVar [[fx.SkipVectorVMBackendOptimizations:1]]
[2021.03.23-01.12.48:525][  0]LogConfig: Applying CVar settings from Section [ConsoleVariables] File [C:/Wire-Hunter/work/choi/WireHunter/Saved/Config/Windows/Engine.ini]
[2021.03.23-01.12.48:525][  0]LogInit: Computer: 준현컴
[2021.03.23-01.12.48:525][  0]LogInit: User: 조준현
[2021.03.23-01.12.48:525][  0]LogInit: CPU Page size=4096, Cores=6
[2021.03.23-01.12.48:525][  0]LogInit: High frequency timer resolution =10.000000 MHz
[2021.03.23-01.12.48:525][  0]LogMemory: Memory total: Physical=15.9GB (16GB approx)
[2021.03.23-01.12.48:525][  0]LogMemory: Platform Memory Stats for Windows
[2021.03.23-01.12.48:525][  0]LogMemory: Process Physical Memory: 120.14 MB used, 120.15 MB peak
[2021.03.23-01.12.48:525][  0]LogMemory: Process Virtual Memory: 98.24 MB used, 98.24 MB peak
[2021.03.23-01.12.48:525][  0]LogMemory: Physical Memory: 6956.28 MB used,  9360.18 MB free, 16316.46 MB total
[2021.03.23-01.12.48:525][  0]LogMemory: Virtual Memory: 5168.37 MB used,  134212560.00 MB free, 134217728.00 MB total
[2021.03.23-01.12.48:530][  0]LogWindows: WindowsPlatformFeatures enabled
[2021.03.23-01.12.48:552][  0]LogInit: Physics initialised using underlying interface: PhysX
[2021.03.23-01.12.48:553][  0]LogInit: Using OS detected language (ko-KR).
[2021.03.23-01.12.48:553][  0]LogInit: Using OS detected locale (ko-KR).
[2021.03.23-01.12.48:555][  0]LogTextLocalizationManager: No specific localization for 'ko-KR' exists, so the 'ko' localization will be used.
[2021.03.23-01.12.48:626][  0]LogInit: Setting process to per monitor DPI aware
[2021.03.23-01.12.48:655][  0]LogSlate: New Slate User Created.  User Index 0, Is Virtual User: 0
[2021.03.23-01.12.48:655][  0]LogSlate: Slate User Registered.  User Index 0, Is Virtual User: 0
[2021.03.23-01.12.48:751][  0]LogHMD: Failed to initialize OpenVR with code 110
[2021.03.23-01.12.48:751][  0]LogD3D11RHI: D3D11 min allowed feature level: 11_0
[2021.03.23-01.12.48:751][  0]LogD3D11RHI: D3D11 max allowed feature level: 11_0
[2021.03.23-01.12.48:751][  0]LogD3D11RHI: D3D11 adapters:
[2021.03.23-01.12.48:819][  0]LogD3D11RHI:    0. 'NVIDIA GeForce RTX 2060' (Feature Level 11_0)
[2021.03.23-01.12.48:819][  0]LogD3D11RHI:       5968/0/8158 MB DedicatedVideo/DedicatedSystem/SharedSystem, Outputs:1, VendorId:0x10de
[2021.03.23-01.12.48:821][  0]LogD3D11RHI:    1. 'Microsoft Basic Render Driver' (Feature Level 11_0)
[2021.03.23-01.12.48:821][  0]LogD3D11RHI:       0/0/8158 MB DedicatedVideo/DedicatedSystem/SharedSystem, Outputs:0, VendorId:0x1414
[2021.03.23-01.12.48:821][  0]LogD3D11RHI: Chosen D3D11 Adapter: 0
[2021.03.23-01.12.48:827][  0]LogD3D11RHI: Creating new Direct3DDevice
[2021.03.23-01.12.48:827][  0]LogD3D11RHI:     GPU DeviceId: 0x1e89 (for the marketing name, search the web for "GPU Device Id")
[2021.03.23-01.12.48:827][  0]LogWindows: EnumDisplayDevices:
[2021.03.23-01.12.48:827][  0]LogWindows:    0. 'NVIDIA GeForce RTX 2060' (P:1 D:1)
[2021.03.23-01.12.48:827][  0]LogWindows:    1. 'NVIDIA GeForce RTX 2060' (P:0 D:0)
[2021.03.23-01.12.48:827][  0]LogWindows:    2. 'NVIDIA GeForce RTX 2060' (P:0 D:0)
[2021.03.23-01.12.48:828][  0]LogWindows:    3. 'NVIDIA GeForce RTX 2060' (P:0 D:0)
[2021.03.23-01.12.48:828][  0]LogWindows: DebugString: FoundDriverCount:4 
[2021.03.23-01.12.48:828][  0]LogD3D11RHI:     Adapter Name: NVIDIA GeForce RTX 2060
[2021.03.23-01.12.48:828][  0]LogD3D11RHI:   Driver Version: 456.71 (internal:27.21.14.5671, unified:456.71)
[2021.03.23-01.12.48:828][  0]LogD3D11RHI:      Driver Date: 9-30-2020
[2021.03.23-01.12.48:828][  0]LogRHI: Texture pool is 4177 MB (70% of 5968 MB)
[2021.03.23-01.12.48:877][  0]LogD3D11RHI: RHI has support for 64 bit atomics
[2021.03.23-01.12.48:877][  0]LogD3D11RHI: Async texture creation enabled
[2021.03.23-01.12.48:877][  0]LogD3D11RHI: Array index from any shader is supported
[2021.03.23-01.12.48:889][  0]LogD3D11RHI: GPU Timing Frequency: 1000.000000 (Debug: 2 1)
[2021.03.23-01.12.49:109][  0]LogTargetPlatformManager: Display: Loaded TargetPlatform 'AllDesktop'
[2021.03.23-01.12.49:127][  0]LogTargetPlatformManager: Display: Loaded TargetPlatform 'Android'
[2021.03.23-01.12.49:127][  0]LogTargetPlatformManager: Display: Loaded TargetPlatform 'Android_ASTC'
[2021.03.23-01.12.49:127][  0]LogTargetPlatformManager: Display: Loaded TargetPlatform 'Android_DXT'
[2021.03.23-01.12.49:127][  0]LogTargetPlatformManager: Display: Loaded TargetPlatform 'Android_ETC2'
[2021.03.23-01.12.49:127][  0]LogTargetPlatformManager: Display: Loaded TargetPlatform 'AndroidClient'
[2021.03.23-01.12.49:127][  0]LogTargetPlatformManager: Display: Loaded TargetPlatform 'Android_ASTCClient'
[2021.03.23-01.12.49:127][  0]LogTargetPlatformManager: Display: Loaded TargetPlatform 'Android_DXTClient'
[2021.03.23-01.12.49:127][  0]LogTargetPlatformManager: Display: Loaded TargetPlatform 'Android_ETC2Client'
[2021.03.23-01.12.49:127][  0]LogTargetPlatformManager: Display: Loaded TargetPlatform 'Android_Multi'
[2021.03.23-01.12.49:127][  0]LogTargetPlatformManager: Display: Loaded TargetPlatform 'Android_MultiClient'
[2021.03.23-01.12.49:146][  0]LogTargetPlatformManager: Display: Loaded TargetPlatform 'IOSClient'
[2021.03.23-01.12.49:146][  0]LogTargetPlatformManager: Display: Loaded TargetPlatform 'IOS'
[2021.03.23-01.12.49:155][  0]LogTargetPlatformManager: Display: Loaded TargetPlatform 'Linux'
[2021.03.23-01.12.49:162][  0]LogTargetPlatformManager: Display: Loaded TargetPlatform 'LinuxNoEditor'
[2021.03.23-01.12.49:169][  0]LogTargetPlatformManager: Display: Loaded TargetPlatform 'LinuxClient'
[2021.03.23-01.12.49:177][  0]LogTargetPlatformManager: Display: Loaded TargetPlatform 'LinuxServer'
[2021.03.23-01.12.49:185][  0]LogTargetPlatformManager: Display: Loaded TargetPlatform 'LinuxAArch64NoEditor'
[2021.03.23-01.12.49:193][  0]LogTargetPlatformManager: Display: Loaded TargetPlatform 'LinuxAArch64Client'
[2021.03.23-01.12.49:200][  0]LogTargetPlatformManager: Display: Loaded TargetPlatform 'LinuxAArch64Server'
[2021.03.23-01.12.49:222][  0]LogTargetPlatformManager: Display: Loaded TargetPlatform 'Lumin'
[2021.03.23-01.12.49:222][  0]LogTargetPlatformManager: Display: Loaded TargetPlatform 'LuminClient'
[2021.03.23-01.12.49:236][  0]LogTargetPlatformManager: Display: Loaded TargetPlatform 'TVOSClient'
[2021.03.23-01.12.49:236][  0]LogTargetPlatformManager: Display: Loaded TargetPlatform 'TVOS'
[2021.03.23-01.12.49:244][  0]LogTargetPlatformManager: Display: Loaded TargetPlatform 'WindowsNoEditor'
[2021.03.23-01.12.49:251][  0]LogTargetPlatformManager: Display: Loaded TargetPlatform 'Windows'
[2021.03.23-01.12.49:259][  0]LogTargetPlatformManager: Display: Loaded TargetPlatform 'WindowsClient'
[2021.03.23-01.12.49:267][  0]LogTargetPlatformManager: Display: Loaded TargetPlatform 'WindowsServer'
[2021.03.23-01.12.49:267][  0]LogTargetPlatformManager: Display: Building Assets For Windows
[2021.03.23-01.12.49:272][  0]LogAudioDebug: Display: Lib vorbis DLL was dynamically loaded.
[2021.03.23-01.12.49:318][  0]LogShaderCompilers: Guid format shader working directory is -6 characters bigger than the processId version (../../../../../../Wire-Hunter/work/choi/WireHunter/Intermediate/Shaders/WorkingDirectory/1648/).
[2021.03.23-01.12.49:318][  0]LogShaderCompilers: Cleaned the shader compiler working directory 'C:/Users/조준현/AppData/Local/Temp/UnrealShaderWorkingDir/5DA7A7024CC42B959C2D178A00A8773E/'.
[2021.03.23-01.12.49:318][  0]LogXGEController: Cleaning working directory: C:/Users/조준현/AppData/Local/Temp/UnrealXGEWorkingDir/
[2021.03.23-01.12.49:318][  0]LogXGEController: Cannot use XGE Controller as Incredibuild is not installed on this machine.
[2021.03.23-01.12.49:318][  0]LogShaderCompilers: Cannot use XGE Shader Compiler as Incredibuild is not installed on this machine.
[2021.03.23-01.12.49:318][  0]LogShaderCompilers: Display: Using Local Shader Compiler.
[2021.03.23-01.12.49:968][  0]LogDerivedDataCache: Display: Max Cache Size: 512 MB
[2021.03.23-01.12.50:014][  0]LogDerivedDataCache: Loaded boot cache 0.05s 75MB C:/Users/조준현/AppData/Local/UnrealEngine/4.25/DerivedDataCache/Boot.ddc.
[2021.03.23-01.12.50:014][  0]LogDerivedDataCache: Display: Loaded Boot cache: C:/Users/조준현/AppData/Local/UnrealEngine/4.25/DerivedDataCache/Boot.ddc
[2021.03.23-01.12.50:014][  0]LogDerivedDataCache: FDerivedDataBackendGraph:  Pak pak cache file ../../../../../../Wire-Hunter/work/choi/WireHunter/DerivedDataCache/DDC.ddp not found, will not use a pak cache.
[2021.03.23-01.12.50:014][  0]LogDerivedDataCache: Unable to find inner node Pak for hierarchical cache Hierarchy.
[2021.03.23-01.12.50:014][  0]LogDerivedDataCache: FDerivedDataBackendGraph:  CompressedPak pak cache file ../../../../../../Wire-Hunter/work/choi/WireHunter/DerivedDataCache/Compressed.ddp not found, will not use a pak cache.
[2021.03.23-01.12.50:014][  0]LogDerivedDataCache: Unable to find inner node CompressedPak for hierarchical cache Hierarchy.
[2021.03.23-01.12.50:023][  0]LogDerivedDataCache: Display: Pak cache opened for reading ../../../Engine/DerivedDataCache/Compressed.ddp.
[2021.03.23-01.12.50:023][  0]LogDerivedDataCache: FDerivedDataBackendGraph:  EnterprisePak pak cache file ../../../Enterprise/DerivedDataCache/Compressed.ddp not found, will not use a pak cache.
[2021.03.23-01.12.50:023][  0]LogDerivedDataCache: Unable to find inner node EnterprisePak for hierarchical cache Hierarchy.
[2021.03.23-01.12.50:024][  0]LogDerivedDataCache: Using Local data cache path C:/Users/조준현/AppData/Local/UnrealEngine/Common/DerivedDataCache: Writable
[2021.03.23-01.12.50:024][  0]LogDerivedDataCache: Shared data cache path not found in *engine.ini, will not use an Shared cache.
[2021.03.23-01.12.50:024][  0]LogDerivedDataCache: Unable to find inner node Shared for hierarchical cache Hierarchy.
[2021.03.23-01.12.50:072][  0]LogSlate: Using FreeType 2.10.0
[2021.03.23-01.12.50:072][  0]LogSlate: SlateFontServices - WITH_FREETYPE: 1, WITH_HARFBUZZ: 1
[2021.03.23-01.12.50:093][  0]LogAssetRegistry: FAssetRegistry took 0.0022 seconds to start up
[2021.03.23-01.12.50:281][  0]LogInit: Selected Device Profile: [Windows]
[2021.03.23-01.12.50:375][  0]LogMeshReduction: Using QuadricMeshReduction for automatic static mesh reduction
[2021.03.23-01.12.50:375][  0]LogMeshReduction: Using SimplygonMeshReduction for automatic skeletal mesh reduction
[2021.03.23-01.12.50:375][  0]LogMeshReduction: Using ProxyLODMeshReduction for automatic mesh merging
[2021.03.23-01.12.50:375][  0]LogMeshReduction: No distributed automatic mesh merging module available
[2021.03.23-01.12.50:375][  0]LogMeshMerging: No distributed automatic mesh merging module available
[2021.03.23-01.12.50:386][  0]LogNetVersion: WireHunter 1.0.0, NetCL: 13144385, EngineNetVer: 14, GameNetVer: 0 (Checksum: 1660872711)
[2021.03.23-01.12.50:725][  0]LogAISub: UAISubsystem::UAISubsystem AISubsystem (000001E48E3F5C00), frame # 0
[2021.03.23-01.12.50:725][  0]LogAISub: UAISubsystem::UAISubsystem AIPerceptionSystem (000001E48E35AAC0), frame # 0
[2021.03.23-01.12.50:726][  0]LogAISub: UAISubsystem::UAISubsystem EnvQueryManager (000001E48E39DE00), frame # 0
[2021.03.23-01.12.50:766][  0]LogPackageLocalizationCache: Processed 19 localized package path(s) for 1 prioritized culture(s) in 0.035215 seconds
[2021.03.23-01.12.50:770][  0]LogUObjectArray: 15917 objects as part of root set at end of initial load.
[2021.03.23-01.12.50:770][  0]LogUObjectAllocator: 3965568 out of 0 bytes used by permanent object pool.
[2021.03.23-01.12.50:770][  0]LogUObjectArray: CloseDisregardForGC: 0/0 objects in disregard for GC pool
[2021.03.23-01.12.51:029][  0]LogTcpMessaging: Initializing TcpMessaging bridge
[2021.03.23-01.12.51:032][  0]LogUdpMessaging: Initializing bridge on interface 0.0.0.0:0 to multicast group 230.0.0.1:6666.
[2021.03.23-01.12.51:092][  0]SourceControl: 소스 컨트롤이 꺼졌습니다.
[2021.03.23-01.12.51:093][  0]SourceControl: 소스 컨트롤이 꺼졌습니다.
[2021.03.23-01.12.51:095][  0]SourceControl: 소스 컨트롤이 꺼졌습니다.
[2021.03.23-01.12.51:097][  0]SourceControl: 소스 컨트롤이 꺼졌습니다.
[2021.03.23-01.12.51:101][  0]SourceControl: 소스 컨트롤이 꺼졌습니다.
[2021.03.23-01.12.51:287][  0]LogAndroidPermission: UAndroidPermissionCallbackProxy::GetInstance
[2021.03.23-01.12.51:301][  0]LogAudioCaptureCore: Display: No Audio Capture implementations found. Audio input will be silent.
[2021.03.23-01.12.51:301][  0]LogAudioCaptureCore: Display: No Audio Capture implementations found. Audio input will be silent.
[2021.03.23-01.12.51:338][  0]LogOcInput: OculusInput pre-init called
[2021.03.23-01.12.51:347][  0]LogWindows: Failed to load 'OVRPlugin.dll' (GetLastError=126)
[2021.03.23-01.12.51:347][  0]LogWindows: File 'OVRPlugin.dll' does not exist
[2021.03.23-01.12.51:394][  0]LogEngine: Initializing Engine...
[2021.03.23-01.12.51:395][  0]LogHMD: Failed to initialize OpenVR with code 110
[2021.03.23-01.12.51:395][  0]LogMagicLeap: Warning: VR disabled because ZI is not enabled.  To enable, in the editor, Edit -> Project Settings -> Plugins -> Magic Leap Plugin -> Enable Zero Iteration
[2021.03.23-01.12.51:396][  0]LogStats: UGameplayTagsManager::InitializeManager -  0.000 s
[2021.03.23-01.12.51:496][  0]LogInit: Initializing FReadOnlyCVARCache
[2021.03.23-01.12.51:502][  0]LogAIModule: Creating AISystem for world Untitled
[2021.03.23-01.12.51:502][  0]LogAISub: UAISubsystem::UAISubsystem EnvQueryManager (000001E49603FC00), frame # 0
[2021.03.23-01.12.51:502][  0]LogAISub: UAISubsystem::UAISubsystem AIPerceptionSystem (000001E49604BB00), frame # 0
[2021.03.23-01.12.51:518][  0]LogAudioMixer: Display: Audio Mixer Platform Settings:
[2021.03.23-01.12.51:518][  0]LogAudioMixer: Display: 	Sample Rate:						  48000
[2021.03.23-01.12.51:518][  0]LogAudioMixer: Display: 	Callback Buffer Frame Size Requested: 1024
[2021.03.23-01.12.51:518][  0]LogAudioMixer: Display: 	Callback Buffer Frame Size To Use:	  1024
[2021.03.23-01.12.51:518][  0]LogAudioMixer: Display: 	Number of buffers to queue:			  2
[2021.03.23-01.12.51:518][  0]LogAudioMixer: Display: 	Max Channels (voices):				  32
[2021.03.23-01.12.51:518][  0]LogAudioMixer: Display: 	Number of Async Source Workers:		  0
[2021.03.23-01.12.51:518][  0]LogAudio: Display: AudioDevice MaxSources: 32
[2021.03.23-01.12.51:518][  0]LogAudio: Display: Using built-in audio occlusion.
[2021.03.23-01.12.51:518][  0]LogAudioMixer: Display: Initializing audio mixer.
[2021.03.23-01.12.51:526][  0]LogAudioMixer: Display: 0: FrontLeft
[2021.03.23-01.12.51:526][  0]LogAudioMixer: Display: 1: FrontRight
[2021.03.23-01.12.51:555][  0]LogAudioMixer: Display: Using Audio Device Realtek HD Audio 2nd output(Realtek(R) Audio)
[2021.03.23-01.12.51:558][  0]LogAudioMixer: Display: Initializing Sound Submixes...
[2021.03.23-01.12.51:559][  0]LogAudioMixer: Display: Creating Master Submix 'MasterSubmixDefault'
[2021.03.23-01.12.51:559][  0]LogAudioMixer: Display: Creating Master Submix 'MasterReverbSubmixDefault'
[2021.03.23-01.12.51:560][  0]LogAudioMixer: Display: Creating Master Submix 'MasterEQSubmixDefault'
[2021.03.23-01.12.51:561][  0]LogInit: FAudioDevice initialized.
[2021.03.23-01.12.51:561][  0]LogNetVersion: Set ProjectVersion to 1.0.0.0. Version Checksum will be recalculated on next use.
[2021.03.23-01.12.51:628][  0]LogDerivedDataCache: Saved boot cache 0.07s 75MB C:/Users/조준현/AppData/Local/UnrealEngine/4.25/DerivedDataCache/Boot.ddc.
[2021.03.23-01.12.51:631][  0]LogInit: Texture streaming: Enabled
[2021.03.23-01.12.51:644][  0]LogEngineSessionManager: EngineSessionManager initialized
[2021.03.23-01.12.51:644][  0]LogEngineSessionManager: EngineSessionManager sent abnormal shutdown report. Type=Crashed, SessionId={25E8425F-4D17-9E68-5D14-D396298EB93B}
[2021.03.23-01.12.51:644][  0]LogEditorSessionSummary: Verbose: Initializing EditorSessionSummaryWriter for editor session tracking
[2021.03.23-01.12.51:645][  0]LogEditorSessionSummary: EditorSessionSummaryWriter initialized
[2021.03.23-01.12.51:705][  0]LogInit: Transaction tracking system initialized
[2021.03.23-01.12.51:721][  0]BlueprintLog: New page: 에디터 로드
[2021.03.23-01.12.51:774][  0]LocalizationService: 현지화 서비스가 비활성화되었습니다.
[2021.03.23-01.12.51:894][  0]LogCook: Display: Max memory allowance for cook 16384mb min free memory 0mb
[2021.03.23-01.12.51:894][  0]LogCook: Display: Mobile HDR setting 1
[2021.03.23-01.12.51:909][  0]LogFileCache: Scanning file cache for directory 'C:/Wire-Hunter/work/choi/WireHunter/Content/' took 0.00s
[2021.03.23-01.12.51:909][  0]LogOutputDevice: Warning: 

Script Stack (0 frames):

[2021.03.23-01.12.54:259][  0]LogStats: FPlatformStackWalk::StackWalkAndDump -  2.350 s
[2021.03.23-01.12.54:259][  0]LogOutputDevice: Error: === Handled ensure: ===
[2021.03.23-01.12.54:259][  0]LogOutputDevice: Error: 
[2021.03.23-01.12.54:259][  0]LogOutputDevice: Error: Ensure condition failed: AttachmentRules.LocationRule == EAttachmentRule::KeepRelative && AttachmentRules.RotationRule == EAttachmentRule::KeepRelative && AttachmentRules.ScaleRule == EAttachmentRule::KeepRelative [File:D:/Build/++UE4/Sync/Engine/Source/Runtime/Engine/Private/Components/SceneComponent.cpp] [Line: 1812]
[2021.03.23-01.12.54:259][  0]LogOutputDevice: Error: AttachToComponent when called from a constructor is only setting up attachment and will always be treated as KeepRelative. Consider calling SetupAttachment directly instead.
[2021.03.23-01.12.54:259][  0]LogOutputDevice: Error: Stack: 
[2021.03.23-01.12.54:259][  0]LogOutputDevice: Error: [Callstack] 0x00007fff017bc119 UE4Editor-Engine.dll!DispatchCheckVerify<bool,<lambda_7a00921a8ebf9f041bed3055592f02a5> >() [D:\Build\++UE4\Sync\Engine\Source\Runtime\Core\Public\Misc\AssertionMacros.h:161]
[2021.03.23-01.12.54:259][  0]LogOutputDevice: Error: [Callstack] 0x00007fff0036d3c3 UE4Editor-Engine.dll!USceneComponent::AttachToComponent() [D:\Build\++UE4\Sync\Engine\Source\Runtime\Engine\Private\Components\SceneComponent.cpp:1812]
[2021.03.23-01.12.54:259][  0]LogOutputDevice: Error: [Callstack] 0x00007ffebd455ff5 UE4Editor-WireHunter-0005.dll!UnknownFunction [C:\Wire-Hunter\work\choi\WireHunter\Source\WireHunter\PickUp.cpp:19]
[2021.03.23-01.12.54:259][  0]LogOutputDevice: Error: [Callstack] 0x00007fff02c8c273 UE4Editor-CoreUObject.dll!UClass::CreateDefaultObject() [D:\Build\++UE4\Sync\Engine\Source\Runtime\CoreUObject\Private\UObject\Class.cpp:3672]
[2021.03.23-01.12.54:259][  0]LogOutputDevice: Error: [Callstack] 0x00007fff02f38451 UE4Editor-CoreUObject.dll!UObjectLoadAllCompiledInDefaultProperties() [D:\Build\++UE4\Sync\Engine\Source\Runtime\CoreUObject\Private\UObject\UObjectBase.cpp:861]
[2021.03.23-01.12.54:259][  0]LogOutputDevice: Error: [Callstack] 0x00007fff02f15bbf UE4Editor-CoreUObject.dll!ProcessNewlyLoadedUObjects() [D:\Build\++UE4\Sync\Engine\Source\Runtime\CoreUObject\Private\UObject\UObjectBase.cpp:950]
[2021.03.23-01.12.54:259][  0]LogOutputDevice: Error: [Callstack] 0x00007fff02e34465 UE4Editor-CoreUObject.dll!TBaseStaticDelegateInstance<void __cdecl(FName,bool)>::ExecuteIfSafe() [D:\Build\++UE4\Sync\Engine\Source\Runtime\Core\Public\Delegates\DelegateInstancesImpl.h:859]
[2021.03.23-01.12.54:259][  0]LogOutputDevice: Error: [Callstack] 0x00007fff0354986a UE4Editor-Core.dll!TBaseMulticastDelegate<void,FName,bool>::Broadcast() [D:\Build\++UE4\Sync\Engine\Source\Runtime\Core\Public\Delegates\DelegateSignatureImpl.inl:1013]
[2021.03.23-01.12.54:259][  0]LogOutputDevice: Error: [Callstack] 0x00007fff035699f0 UE4Editor-Core.dll!FModuleManager::LoadModuleWithFailureReason() [D:\Build\++UE4\Sync\Engine\Source\Runtime\Core\Private\Modules\ModuleManager.cpp:500]
[2021.03.23-01.12.54:259][  0]LogOutputDevice: Error: [Callstack] 0x00007fff408db433 UE4Editor-Projects.dll!FModuleDescriptor::LoadModulesForPhase() [D:\Build\++UE4\Sync\Engine\Source\Runtime\Projects\Private\ModuleDescriptor.cpp:561]
[2021.03.23-01.12.54:259][  0]LogOutputDevice: Error: [Callstack] 0x00007fff408db70d UE4Editor-Projects.dll!FProjectManager::LoadModulesForProject() [D:\Build\++UE4\Sync\Engine\Source\Runtime\Projects\Private\ProjectManager.cpp:63]
[2021.03.23-01.12.54:259][  0]LogOutputDevice: Error: [Callstack] 0x00007ff7d76d2db4 UE4Editor.exe!FEngineLoop::Init() [D:\Build\++UE4\Sync\Engine\Source\Runtime\Launch\Private\LaunchEngineLoop.cpp:4022]
[2021.03.23-01.12.54:259][  0]LogOutputDevice: Error: [Callstack] 0x00007ffefe765cb0 UE4Editor-UnrealEd.dll!EditorInit() [D:\Build\++UE4\Sync\Engine\Source\Editor\UnrealEd\Private\UnrealEdGlobals.cpp:93]
[2021.03.23-01.12.54:259][  0]LogOutputDevice: Error: [Callstack] 0x00007ff7d76eb8fb UE4Editor.exe!GuardedMain() [D:\Build\++UE4\Sync\Engine\Source\Runtime\Launch\Private\Launch.cpp:149]
[2021.03.23-01.12.54:259][  0]LogOutputDevice: Error: [Callstack] 0x00007ff7d76ebb5a UE4Editor.exe!GuardedMainWrapper() [D:\Build\++UE4\Sync\Engine\Source\Runtime\Launch\Private\Windows\LaunchWindows.cpp:137]
[2021.03.23-01.12.54:259][  0]LogOutputDevice: Error: [Callstack] 0x00007ff7d76fe31d UE4Editor.exe!WinMain() [D:\Build\++UE4\Sync\Engine\Source\Runtime\Launch\Private\Windows\LaunchWindows.cpp:268]
[2021.03.23-01.12.54:259][  0]LogOutputDevice: Error: [Callstack] 0x00007ff7d770145a UE4Editor.exe!__scrt_common_main_seh() [d:\agent\_work\5\s\src\vctools\crt\vcstartup\src\startup\exe_common.inl:288]
[2021.03.23-01.12.54:259][  0]LogOutputDevice: Error: [Callstack] 0x00007fff53de7034 KERNEL32.DLL!UnknownFunction []
[2021.03.23-01.12.54:259][  0]LogOutputDevice: Error: [Callstack] 0x00007fff54302651 ntdll.dll!UnknownFunction []
[2021.03.23-01.12.54:259][  0]LogOutputDevice: Error: 
[2021.03.23-01.12.54:270][  0]LogStats:                SubmitErrorReport -  0.000 s
[2021.03.23-01.12.55:173][  0]LogStats:                    SendNewReport -  0.904 s
[2021.03.23-01.12.55:173][  0]LogStats:             FDebug::EnsureFailed -  3.264 s
[2021.03.23-01.12.55:696][  0]SourceControl: 소스 컨트롤이 꺼졌습니다.
[2021.03.23-01.12.55:696][  0]LogUnrealEdMisc: Loading editor; pre map load, took 8.162
[2021.03.23-01.12.55:696][  0]Cmd: MAP LOAD FILE="../../../../../../Wire-Hunter/work/choi/WireHunter/Content/ThirdPersonCPP/Maps/ThirdPersonExampleMap.umap" TEMPLATE=0 SHOWPROGRESS=1 FEATURELEVEL=3
[2021.03.23-01.12.55:696][  0]LogEditorServer: Warning: Can't find file '../../../../../../Wire-Hunter/work/choi/WireHunter/Content/ThirdPersonCPP/Maps/ThirdPersonExampleMap.umap'
[2021.03.23-01.12.55:696][  0]Cmd: MAP CHECKDEP NOCLEARLOG
[2021.03.23-01.12.55:697][  0]MapCheck: 맵 체크 완료: 오류 0 회, 경고 0 회, 소요 시간 0.123ms.
[2021.03.23-01.12.55:697][  0]LogFileHelpers: Loading map 'ThirdPersonExampleMap' took 0.000
[2021.03.23-01.12.55:699][  0]LogUnrealEdMisc: Total Editor Startup Time, took 8.164
[2021.03.23-01.12.55:811][  0]LogSlate: Updating window title bar state: overlay mode, drag disabled, window buttons hidden, title bar hidden
[2021.03.23-01.12.55:817][  0]LogSlate: Updating window title bar state: overlay mode, drag disabled, window buttons hidden, title bar hidden
[2021.03.23-01.12.55:822][  0]LogSlate: Updating window title bar state: overlay mode, drag disabled, window buttons hidden, title bar hidden
[2021.03.23-01.12.55:828][  0]LogSlate: Updating window title bar state: overlay mode, drag disabled, window buttons hidden, title bar hidden
[2021.03.23-01.12.55:834][  0]LogCollectionManager: Loaded 0 collections in 0.001844 seconds
[2021.03.23-01.12.55:847][  0]LogFileCache: Scanning file cache for directory 'C:/Wire-Hunter/work/choi/WireHunter/Saved/Collections/' took 0.00s
[2021.03.23-01.12.55:847][  0]LogFileCache: Scanning file cache for directory 'C:/Wire-Hunter/work/choi/WireHunter/Content/Developers/조준현/Collections/' took 0.00s
[2021.03.23-01.12.55:847][  0]LogFileCache: Scanning file cache for directory 'C:/Wire-Hunter/work/choi/WireHunter/Content/Collections/' took 0.00s
[2021.03.23-01.12.55:847][  0]LogContentBrowser: Native class hierarchy populated in 0.0085 seconds. Added 3438 classes and 823 folders.
[2021.03.23-01.12.55:849][  0]LogContentBrowser: Native class hierarchy updated for 'WidgetCarousel' in 0.0004 seconds. Added 0 classes and 0 folders.
[2021.03.23-01.12.55:886][  0]LogContentBrowser: Native class hierarchy updated for 'AddContentDialog' in 0.0004 seconds. Added 0 classes and 0 folders.
[2021.03.23-01.12.55:889][  0]LogContentBrowser: Native class hierarchy updated for 'SceneOutliner' in 0.0003 seconds. Added 2 classes and 0 folders.
[2021.03.23-01.12.55:960][  0]LogSlate: Took 0.000275 seconds to synchronously load lazily loaded font '../../../Engine/Content/Slate/Fonts/Roboto-Regular.ttf' (155K)
[2021.03.23-01.12.55:964][  0]LogSlate: Took 0.002585 seconds to synchronously load lazily loaded font '../../../Engine/Content/Editor/Slate/Fonts/NanumGothic.ttf' (4243K)
[2021.03.23-01.12.55:968][  0]LogSlate: Took 0.002494 seconds to synchronously load lazily loaded font '../../../Engine/Content/Editor/Slate/Fonts/NanumGothicBold.ttf' (4188K)
[2021.03.23-01.12.55:968][  0]LogSlate: Took 0.000142 seconds to synchronously load lazily loaded font '../../../Engine/Content/Slate/Fonts/Roboto-Bold.ttf' (160K)
[2021.03.23-01.12.55:970][  0]LogSlate: Took 0.000167 seconds to synchronously load lazily loaded font '../../../Engine/Content/Editor/Slate/Fonts/FontAwesome.ttf' (139K)
[2021.03.23-01.12.55:970][  0]LogSlate: Took 0.000094 seconds to synchronously load lazily loaded font '../../../Engine/Content/Slate/Fonts/DroidSansMono.ttf' (77K)
[2021.03.23-01.12.55:998][  0]LogSlate: Took 0.001759 seconds to synchronously load lazily loaded font '../../../Engine/Content/Editor/Slate/Fonts/NanumGothicExtraBold.ttf' (4074K)
[2021.03.23-01.12.56:059][  0]LogRenderer: Reallocating scene render targets to support 1376x616 Format 10 NumSamples 1 (Frame:1).
[2021.03.23-01.12.56:132][  0]LogContentBrowser: Native class hierarchy updated for 'HierarchicalLODOutliner' in 0.0003 seconds. Added 0 classes and 0 folders.
[2021.03.23-01.12.56:132][  0]LogLoad: (Engine Initialization) Total time: 8.60 seconds
[2021.03.23-01.12.56:132][  0]LogLoad: (Engine Initialization) Total Blueprint compile time: 0.00 seconds
[2021.03.23-01.12.56:175][  0]LogAssetRegistry: Asset discovery search completed in 6.0833 seconds
[2021.03.23-01.12.56:179][  0]LogCollectionManager: Fixed up redirectors for 0 collections in 0.000002 seconds (updated 0 objects)
[2021.03.23-01.12.56:180][  0]LogContentStreaming: Texture pool size now 1000 MB
[2021.03.23-01.12.56:193][  1]LogFileCache: Retrieving MD5 hashes for directory 'C:/Wire-Hunter/work/choi/WireHunter/Content/' took 0.05s
[2021.03.23-01.13.11:078][641]LogSlate: Took 0.000109 seconds to synchronously load lazily loaded font '../../../Engine/Content/Slate/Fonts/Roboto-Light.ttf' (167K)
[2021.03.23-01.13.13:232][888]LogSlate: Took 0.000114 seconds to synchronously load lazily loaded font '../../../Engine/Content/Slate/Fonts/Roboto-Light.ttf' (167K)
[2021.03.23-01.13.13:296][888]LogAssetEditorSubsystem: Opening Asset editor for World /Game/ThirdPersonCPP/Maps/EditorLevel.EditorLevel
[2021.03.23-01.13.13:308][888]LogUObjectHash: Compacting FUObjectHashTables data took   0.76ms
[2021.03.23-01.13.13:309][888]Cmd: MAP LOAD FILE="../../../../../../Wire-Hunter/work/choi/WireHunter/Content/ThirdPersonCPP/Maps/EditorLevel.umap" TEMPLATE=0 SHOWPROGRESS=1 FEATURELEVEL=3
[2021.03.23-01.13.13:309][888]LightingResults: New page: 라이팅 빌드
[2021.03.23-01.13.13:310][888]LogContentBrowser: Native class hierarchy updated for 'StatsViewer' in 0.0003 seconds. Added 6 classes and 0 folders.
[2021.03.23-01.13.13:310][888]LoadErrors: New page: 맵 로드중: EditorLevel.umap
[2021.03.23-01.13.13:310][888]LogWorld: UWorld::CleanupWorld for Untitled, bSessionEnded=true, bCleanupResources=true
[2021.03.23-01.13.13:310][888]LogSlate: InvalidateAllWidgets triggered.  All widgets were invalidated
[2021.03.23-01.13.13:310][888]MapCheck: New page: 맵 체크
[2021.03.23-01.13.13:311][888]LightingResults: New page: 라이팅 빌드
[2021.03.23-01.13.13:319][888]LogAISub: UAISubsystem::~UAISubsystem EnvQueryManager (000001E49603FC00), frame # 1888
[2021.03.23-01.13.13:319][888]LogAISub: UAISubsystem::~UAISubsystem AIPerceptionSystem (000001E49604BB00), frame # 1888
[2021.03.23-01.13.13:320][888]LogUObjectHash: Compacting FUObjectHashTables data took   0.59ms
[2021.03.23-01.13.13:399][888]LogEditorServer: Finished looking for orphan Actors (0.000 secs)
[2021.03.23-01.13.13:399][888]LogAIModule: Creating AISystem for world EditorLevel
[2021.03.23-01.13.13:399][888]LogAISub: UAISubsystem::UAISubsystem EnvQueryManager (000001E56B346A00), frame # 1888
[2021.03.23-01.13.13:399][888]LogAISub: UAISubsystem::UAISubsystem AIPerceptionSystem (000001E57188E480), frame # 1888
[2021.03.23-01.13.13:410][888]LogUObjectHash: Compacting FUObjectHashTables data took   0.64ms
[2021.03.23-01.13.13:448][888]Cmd: MAP CHECKDEP NOCLEARLOG
[2021.03.23-01.13.13:448][888]MapCheck: 맵 체크 완료: 오류 0 회, 경고 0 회, 소요 시간 0.107ms.
[2021.03.23-01.13.13:448][888]LogFileHelpers: Loading map 'EditorLevel' took 0.139
[2021.03.23-01.13.14:416][994]LogTemp: Repeating last play command: 선택된 뷰포트
[2021.03.23-01.13.14:435][994]LogPlayLevel: PlayLevel: No blueprints needed recompiling
[2021.03.23-01.13.14:435][994]PIE: New page: PIE 세션: EditorLevel (2021. 3. 23. 오후 7:13:14)
[2021.03.23-01.13.14:436][994]LogOnline: OSS: Creating online subsystem instance for: NULL
[2021.03.23-01.13.14:437][994]LogOnline: OSS: TryLoadSubsystemAndSetDefault: Loaded subsystem for module [NULL]
[2021.03.23-01.13.14:437][994]LogPlayLevel: Creating play world package: /Game/ThirdPersonCPP/Maps/UEDPIE_0_EditorLevel
[2021.03.23-01.13.14:440][994]LogPlayLevel: PIE: StaticDuplicateObject took: (0.002494s)
[2021.03.23-01.13.14:440][994]LogAIModule: Creating AISystem for world EditorLevel
[2021.03.23-01.13.14:440][994]LogAISub: UAISubsystem::UAISubsystem EnvQueryManager (000001E57FC65800), frame # 1994
[2021.03.23-01.13.14:440][994]LogAISub: UAISubsystem::UAISubsystem AIPerceptionSystem (000001E495A0E5C0), frame # 1994
[2021.03.23-01.13.14:441][994]LogPlayLevel: PIE: World Init took: (0.000981s)
[2021.03.23-01.13.14:441][994]LogPlayLevel: PIE: Created PIE world by copying editor world from /Game/ThirdPersonCPP/Maps/EditorLevel.EditorLevel to /Game/ThirdPersonCPP/Maps/UEDPIE_0_EditorLevel.EditorLevel (0.003581s)
[2021.03.23-01.13.14:451][994]LogUObjectHash: Compacting FUObjectHashTables data took   0.60ms
[2021.03.23-01.13.14:452][994]LogAudioMixer: Display: Audio Mixer Platform Settings:
[2021.03.23-01.13.14:452][994]LogAudioMixer: Display: 	Sample Rate:						  48000
[2021.03.23-01.13.14:452][994]LogAudioMixer: Display: 	Callback Buffer Frame Size Requested: 1024
[2021.03.23-01.13.14:452][994]LogAudioMixer: Display: 	Callback Buffer Frame Size To Use:	  1024
[2021.03.23-01.13.14:452][994]LogAudioMixer: Display: 	Number of buffers to queue:			  2
[2021.03.23-01.13.14:452][994]LogAudioMixer: Display: 	Max Channels (voices):				  32
[2021.03.23-01.13.14:452][994]LogAudioMixer: Display: 	Number of Async Source Workers:		  0
[2021.03.23-01.13.14:452][994]LogAudio: Display: AudioDevice MaxSources: 32
[2021.03.23-01.13.14:452][994]LogAudio: Display: Using built-in audio occlusion.
[2021.03.23-01.13.14:452][994]LogAudioMixer: Display: Initializing audio mixer.
[2021.03.23-01.13.14:454][994]LogAudioMixer: Display: 0: FrontLeft
[2021.03.23-01.13.14:454][994]LogAudioMixer: Display: 1: FrontRight
[2021.03.23-01.13.14:467][994]LogAudioMixer: Display: Using Audio Device Realtek HD Audio 2nd output(Realtek(R) Audio)
[2021.03.23-01.13.14:467][994]LogAudioMixer: Display: Initializing Sound Submixes...
[2021.03.23-01.13.14:467][994]LogAudioMixer: Display: Creating Master Submix 'MasterSubmixDefault'
[2021.03.23-01.13.14:467][994]LogAudioMixer: Display: Creating Master Submix 'MasterReverbSubmixDefault'
[2021.03.23-01.13.14:467][994]LogAudioMixer: Display: Creating Master Submix 'MasterEQSubmixDefault'
[2021.03.23-01.13.14:479][994]LogInit: FAudioDevice initialized.
[2021.03.23-01.13.14:483][994]LogLoad: Game class is 'EditorGameMode'
[2021.03.23-01.13.14:486][994]LogWorld: Bringing World /Game/ThirdPersonCPP/Maps/UEDPIE_0_EditorLevel.EditorLevel up for play (max tick rate 0) at 2021.03.23-10.13.14
[2021.03.23-01.13.14:486][994]LogWorld: Bringing up level for play took: 0.001546
[2021.03.23-01.13.14:486][994]LogOnline: OSS: Creating online subsystem instance for: :Context_2
[2021.03.23-01.13.14:489][994]LogContentBrowser: Native class hierarchy updated for 'MovieSceneCapture' in 0.0004 seconds. Added 20 classes and 0 folders.
[2021.03.23-01.13.14:489][994]Cmd: ShowFlag.Bones 1
[2021.03.23-01.13.14:489][994]ShowFlag.Bones = "1"
[2021.03.23-01.13.14:489][994]PIE: 서버가 로그인했습니다.
[2021.03.23-01.13.14:491][994]PIE: 에디터에서 플레이 총 시작 시간 0.057초입니다.
[2021.03.23-01.13.20:422][702]LogTemp: Warning: Bone: spine_03
[2021.03.23-01.13.23:405][ 60]LogTemp: Warning: X=-32.877 Y=-267.218 Z=211.105 

[2021.03.23-01.13.25:780][345]LogTemp: Warning: Bone: neck_01
[2021.03.23-01.13.26:639][448]LogTemp: Warning: X=-37.240 Y=-266.511 Z=214.623 

[2021.03.23-01.13.28:589][682]LogTemp: Warning: Bone: neck_01
[2021.03.23-01.13.29:538][796]LogTemp: Warning: X=5.974 Y=-316.554 Z=121.154 

[2021.03.23-01.13.33:891][317]LogTemp: Warning: Bone: upperarm_r
[2021.03.23-01.13.34:991][449]LogTemp: Warning: X=0.000 Y=-330.000 Z=140.000 

[2021.03.23-01.13.42:484][348]LogTemp: Warning: Bone: neck_01
[2021.03.23-01.13.44:091][541]LogTemp: Warning: X=24.840 Y=-210.069 Z=203.869 

[2021.03.23-01.13.45:033][654]LogTemp: Warning: Bone: neck_01
[2021.03.23-01.13.45:974][767]LogTemp: Warning: X=29.104 Y=-254.414 Z=227.703 

[2021.03.23-01.13.49:192][153]LogTemp: Warning: Bone: neck_01
[2021.03.23-01.13.50:633][326]LogTemp: Warning: X=1.123 Y=-195.918 Z=192.550 

[2021.03.23-01.13.51:633][446]LogTemp: Warning: Bone: neck_01
[2021.03.23-01.13.54:333][770]LogTemp: Warning: X=21.946 Y=-240.383 Z=270.276 

[2021.03.23-01.13.57:892][197]LogTemp: Warning: Bone: upperarm_r
[2021.03.23-01.13.59:025][333]LogTemp: Warning: X=23.085 Y=-277.076 Z=291.506 

[2021.03.23-01.14.05:793][145]LogTemp: Warning: Bone: spine_02
[2021.03.23-01.14.07:566][358]LogTemp: Warning: X=28.992 Y=-256.266 Z=280.329 

[2021.03.23-01.14.27:487][741]LogSlate: Updating window title bar state: overlay mode, drag disabled, window buttons hidden, title bar hidden
[2021.03.23-01.14.27:487][741]LogWorld: BeginTearingDown for /Game/ThirdPersonCPP/Maps/UEDPIE_0_EditorLevel
[2021.03.23-01.14.27:487][741]LogWorld: UWorld::CleanupWorld for EditorLevel, bSessionEnded=true, bCleanupResources=true
[2021.03.23-01.14.27:487][741]LogSlate: InvalidateAllWidgets triggered.  All widgets were invalidated
[2021.03.23-01.14.27:494][741]LogPlayLevel: Display: Shutting down PIE online subsystems
[2021.03.23-01.14.27:495][741]LogSlate: InvalidateAllWidgets triggered.  All widgets were invalidated
[2021.03.23-01.14.27:518][741]LogSlate: Updating window title bar state: overlay mode, drag disabled, window buttons hidden, title bar hidden
[2021.03.23-01.14.27:519][741]LogAISub: UAISubsystem::~UAISubsystem AIPerceptionSystem (000001E495A0E5C0), frame # 10741
[2021.03.23-01.14.27:519][741]LogAISub: UAISubsystem::~UAISubsystem EnvQueryManager (000001E57FC65800), frame # 10741
[2021.03.23-01.14.27:520][741]LogUObjectHash: Compacting FUObjectHashTables data took   0.64ms
[2021.03.23-01.14.27:550][742]LogPlayLevel: Display: Destroying online subsystem :Context_2
[2021.03.23-01.14.32:066][277]LogTemp: Repeating last play command: 선택된 뷰포트
[2021.03.23-01.14.32:086][277]LogPlayLevel: PlayLevel: No blueprints needed recompiling
[2021.03.23-01.14.32:086][277]PIE: New page: PIE 세션: EditorLevel (2021. 3. 23. 오후 7:14:32)
[2021.03.23-01.14.32:086][277]LogPlayLevel: Creating play world package: /Game/ThirdPersonCPP/Maps/UEDPIE_0_EditorLevel
[2021.03.23-01.14.32:089][277]LogPlayLevel: PIE: StaticDuplicateObject took: (0.002191s)
[2021.03.23-01.14.32:089][277]LogAIModule: Creating AISystem for world EditorLevel
[2021.03.23-01.14.32:089][277]LogAISub: UAISubsystem::UAISubsystem EnvQueryManager (000001E571E12000), frame # 11277
[2021.03.23-01.14.32:089][277]LogAISub: UAISubsystem::UAISubsystem AIPerceptionSystem (000001E495A0E340), frame # 11277
[2021.03.23-01.14.32:090][277]LogPlayLevel: PIE: World Init took: (0.000946s)
[2021.03.23-01.14.32:090][277]LogPlayLevel: PIE: Created PIE world by copying editor world from /Game/ThirdPersonCPP/Maps/EditorLevel.EditorLevel to /Game/ThirdPersonCPP/Maps/UEDPIE_0_EditorLevel.EditorLevel (0.003232s)
[2021.03.23-01.14.32:099][277]LogUObjectHash: Compacting FUObjectHashTables data took   0.61ms
[2021.03.23-01.14.32:100][277]LogAudioMixer: Display: Audio Mixer Platform Settings:
[2021.03.23-01.14.32:100][277]LogAudioMixer: Display: 	Sample Rate:						  48000
[2021.03.23-01.14.32:100][277]LogAudioMixer: Display: 	Callback Buffer Frame Size Requested: 1024
[2021.03.23-01.14.32:100][277]LogAudioMixer: Display: 	Callback Buffer Frame Size To Use:	  1024
[2021.03.23-01.14.32:100][277]LogAudioMixer: Display: 	Number of buffers to queue:			  2
[2021.03.23-01.14.32:100][277]LogAudioMixer: Display: 	Max Channels (voices):				  32
[2021.03.23-01.14.32:100][277]LogAudioMixer: Display: 	Number of Async Source Workers:		  0
[2021.03.23-01.14.32:100][277]LogAudio: Display: AudioDevice MaxSources: 32
[2021.03.23-01.14.32:101][277]LogAudio: Display: Using built-in audio occlusion.
[2021.03.23-01.14.32:101][277]LogAudioMixer: Display: Initializing audio mixer.
[2021.03.23-01.14.32:103][277]LogAudioMixer: Display: 0: FrontLeft
[2021.03.23-01.14.32:103][277]LogAudioMixer: Display: 1: FrontRight
[2021.03.23-01.14.32:116][277]LogAudioMixer: Display: Using Audio Device Realtek HD Audio 2nd output(Realtek(R) Audio)
[2021.03.23-01.14.32:116][277]LogAudioMixer: Display: Initializing Sound Submixes...
[2021.03.23-01.14.32:116][277]LogAudioMixer: Display: Creating Master Submix 'MasterSubmixDefault'
[2021.03.23-01.14.32:116][277]LogAudioMixer: Display: Creating Master Submix 'MasterReverbSubmixDefault'
[2021.03.23-01.14.32:117][277]LogAudioMixer: Display: Creating Master Submix 'MasterEQSubmixDefault'
[2021.03.23-01.14.32:117][277]LogInit: FAudioDevice initialized.
[2021.03.23-01.14.32:131][277]LogLoad: Game class is 'EditorGameMode'
[2021.03.23-01.14.32:133][277]LogWorld: Bringing World /Game/ThirdPersonCPP/Maps/UEDPIE_0_EditorLevel.EditorLevel up for play (max tick rate 0) at 2021.03.23-10.14.32
[2021.03.23-01.14.32:133][277]LogWorld: Bringing up level for play took: 0.001388
[2021.03.23-01.14.32:133][277]LogOnline: OSS: Creating online subsystem instance for: :Context_3
[2021.03.23-01.14.32:135][277]Cmd: ShowFlag.Bones 1
[2021.03.23-01.14.32:135][277]ShowFlag.Bones = "1"
[2021.03.23-01.14.32:135][277]PIE: 서버가 로그인했습니다.
[2021.03.23-01.14.32:136][277]PIE: 에디터에서 플레이 총 시작 시간 0.05초입니다.
[2021.03.23-01.14.37:625][934]LogTemp: Warning: Bone: foot_r
[2021.03.23-01.14.39:933][211]LogTemp: Warning: X=-2.548 Y=-323.707 Z=110.635 

[2021.03.23-01.14.41:258][362]LogSlate: Updating window title bar state: overlay mode, drag disabled, window buttons hidden, title bar hidden
[2021.03.23-01.14.41:258][362]LogWorld: BeginTearingDown for /Game/ThirdPersonCPP/Maps/UEDPIE_0_EditorLevel
[2021.03.23-01.14.41:258][362]LogWorld: UWorld::CleanupWorld for EditorLevel, bSessionEnded=true, bCleanupResources=true
[2021.03.23-01.14.41:260][362]LogSlate: InvalidateAllWidgets triggered.  All widgets were invalidated
[2021.03.23-01.14.41:279][362]LogPlayLevel: Display: Shutting down PIE online subsystems
[2021.03.23-01.14.41:283][362]LogSlate: InvalidateAllWidgets triggered.  All widgets were invalidated
[2021.03.23-01.14.41:297][362]LogSlate: Updating window title bar state: overlay mode, drag disabled, window buttons hidden, title bar hidden
[2021.03.23-01.14.41:312][362]LogAISub: UAISubsystem::~UAISubsystem AIPerceptionSystem (000001E495A0E340), frame # 12362
[2021.03.23-01.14.41:312][362]LogAISub: UAISubsystem::~UAISubsystem EnvQueryManager (000001E571E12000), frame # 12362
[2021.03.23-01.14.41:312][362]LogUObjectHash: Compacting FUObjectHashTables data took   0.59ms
[2021.03.23-01.14.41:349][363]LogPlayLevel: Display: Destroying online subsystem :Context_3
[2021.03.23-01.14.47:476][ 62]LogSlate: Took 0.000173 seconds to synchronously load lazily loaded font '../../../Engine/Content/Slate/Fonts/Roboto-Italic.ttf' (157K)
[2021.03.23-01.14.50:355][382]LogAssetEditorSubsystem: Opening Asset editor for PhysicsAsset /Game/ThirdPersonCPP/Maps/Mormote.Mormote
[2021.03.23-01.14.50:384][382]LogContentBrowser: Native class hierarchy updated for 'PhysicsAssetEditor' in 0.0004 seconds. Added 8 classes and 3 folders.
[2021.03.23-01.14.50:395][382]LogContentBrowser: Native class hierarchy updated for 'SkeletonEditor' in 0.0003 seconds. Added 1 classes and 2 folders.
[2021.03.23-01.14.50:630][382]LogActorComponent: RegisterComponentWithWorld: (/Engine/Transient.World_3:PersistentLevel.AnimationEditorPreviewActor_0.PhysicsAssetEditorSkeletalMeshComponent_0) Already registered. Aborting.
[2021.03.23-01.14.50:645][382]LogContentBrowser: Native class hierarchy updated for 'PinnedCommandList' in 0.0003 seconds. Added 1 classes and 0 folders.
[2021.03.23-01.14.51:121][382]LogSlate: Took 0.006657 seconds to synchronously load lazily loaded font '../../../Engine/Content/Slate/Fonts/Roboto-BoldCondensed.ttf' (158K)
[2021.03.23-01.14.51:166][382]LogRenderer: Reallocating scene render targets to support 1376x884 Format 10 NumSamples 1 (Frame:1).
[2021.03.23-01.14.58:296][845]LogSlate: Window 'Mormote' being destroyed
[2021.03.23-01.14.58:307][845]LogSlate: Window 'Mormote' being destroyed
[2021.03.23-01.14.58:308][845]LogWorld: UWorld::CleanupWorld for World_3, bSessionEnded=true, bCleanupResources=true
[2021.03.23-01.14.58:308][845]LogSlate: InvalidateAllWidgets triggered.  All widgets were invalidated
[2021.03.23-01.14.59:475][968]LogTemp: Repeating last play command: 선택된 뷰포트
[2021.03.23-01.14.59:494][968]LogPlayLevel: PlayLevel: No blueprints needed recompiling
[2021.03.23-01.14.59:494][968]PIE: New page: PIE 세션: EditorLevel (2021. 3. 23. 오후 7:14:59)
[2021.03.23-01.14.59:494][968]LogPlayLevel: Creating play world package: /Game/ThirdPersonCPP/Maps/UEDPIE_0_EditorLevel
[2021.03.23-01.14.59:497][968]LogPlayLevel: PIE: StaticDuplicateObject took: (0.002224s)
[2021.03.23-01.14.59:497][968]LogAIModule: Creating AISystem for world EditorLevel
[2021.03.23-01.14.59:498][968]LogAISub: UAISubsystem::UAISubsystem EnvQueryManager (000001E59BD17800), frame # 13968
[2021.03.23-01.14.59:498][968]LogAISub: UAISubsystem::UAISubsystem AIPerceptionSystem (000001E4D2AA7880), frame # 13968
[2021.03.23-01.14.59:498][968]LogPlayLevel: PIE: World Init took: (0.001027s)
[2021.03.23-01.14.59:498][968]LogPlayLevel: PIE: Created PIE world by copying editor world from /Game/ThirdPersonCPP/Maps/EditorLevel.EditorLevel to /Game/ThirdPersonCPP/Maps/UEDPIE_0_EditorLevel.EditorLevel (0.003343s)
[2021.03.23-01.14.59:509][968]LogUObjectHash: Compacting FUObjectHashTables data took   0.66ms
[2021.03.23-01.14.59:511][968]LogAudioMixer: Display: Audio Mixer Platform Settings:
[2021.03.23-01.14.59:511][968]LogAudioMixer: Display: 	Sample Rate:						  48000
[2021.03.23-01.14.59:511][968]LogAudioMixer: Display: 	Callback Buffer Frame Size Requested: 1024
[2021.03.23-01.14.59:511][968]LogAudioMixer: Display: 	Callback Buffer Frame Size To Use:	  1024
[2021.03.23-01.14.59:511][968]LogAudioMixer: Display: 	Number of buffers to queue:			  2
[2021.03.23-01.14.59:511][968]LogAudioMixer: Display: 	Max Channels (voices):				  32
[2021.03.23-01.14.59:511][968]LogAudioMixer: Display: 	Number of Async Source Workers:		  0
[2021.03.23-01.14.59:511][968]LogAudio: Display: AudioDevice MaxSources: 32
[2021.03.23-01.14.59:511][968]LogAudio: Display: Using built-in audio occlusion.
[2021.03.23-01.14.59:511][968]LogAudioMixer: Display: Initializing audio mixer.
[2021.03.23-01.14.59:513][968]LogAudioMixer: Display: 0: FrontLeft
[2021.03.23-01.14.59:513][968]LogAudioMixer: Display: 1: FrontRight
[2021.03.23-01.14.59:526][968]LogAudioMixer: Display: Using Audio Device Realtek HD Audio 2nd output(Realtek(R) Audio)
[2021.03.23-01.14.59:526][968]LogAudioMixer: Display: Initializing Sound Submixes...
[2021.03.23-01.14.59:526][968]LogAudioMixer: Display: Creating Master Submix 'MasterSubmixDefault'
[2021.03.23-01.14.59:526][968]LogAudioMixer: Display: Creating Master Submix 'MasterReverbSubmixDefault'
[2021.03.23-01.14.59:526][968]LogAudioMixer: Display: Creating Master Submix 'MasterEQSubmixDefault'
[2021.03.23-01.14.59:538][968]LogInit: FAudioDevice initialized.
[2021.03.23-01.14.59:543][968]LogLoad: Game class is 'EditorGameMode'
[2021.03.23-01.14.59:545][968]LogWorld: Bringing World /Game/ThirdPersonCPP/Maps/UEDPIE_0_EditorLevel.EditorLevel up for play (max tick rate 0) at 2021.03.23-10.14.59
[2021.03.23-01.14.59:545][968]LogWorld: Bringing up level for play took: 0.001329
[2021.03.23-01.14.59:545][968]LogOnline: OSS: Creating online subsystem instance for: :Context_9
[2021.03.23-01.14.59:547][968]Cmd: ShowFlag.Bones 1
[2021.03.23-01.14.59:547][968]ShowFlag.Bones = "1"
[2021.03.23-01.14.59:547][968]PIE: 서버가 로그인했습니다.
[2021.03.23-01.14.59:548][968]PIE: 에디터에서 플레이 총 시작 시간 0.054초입니다.
[2021.03.23-01.15.03:235][409]LogTemp: Warning: Bone: foot_r
[2021.03.23-01.15.09:651][179]LogTemp: Warning: X=-11.096 Y=-294.627 Z=151.053 

[2021.03.23-01.15.19:653][378]LogTemp: Warning: Bone: calf_r
[2021.03.23-01.15.21:094][551]LogTemp: Warning: X=-31.158 Y=-307.332 Z=182.424 

[2021.03.23-01.15.27:761][351]LogTemp: Warning: Bone: foot_l
[2021.03.23-01.15.33:203][  4]LogTemp: Warning: X=-1.215 Y=-322.840 Z=153.464 

[2021.03.23-01.15.44:603][349]LogTemp: Warning: Bone: foot_l
[2021.03.23-01.15.45:086][407]LogTemp: Warning: X=0.000 Y=-330.000 Z=140.000 

[2021.03.23-01.16.20:604][669]LogTemp: Warning: Bone: spine_01
