Log file open, 01/31/21 21:23:46
LogInit: Display: Running engine for game: WireHunter
LogPlatformFile: Not using cached read wrapper
LogTaskGraph: Started task graph with 5 named threads and 35 total threads with 3 sets of task threads.
LogStats: Stats thread started at 0.236273
LogD3D11RHI: Loaded GFSDK_Aftermath_Lib.x64.dll
LogICUInternationalization: ICU TimeZone Detection - Raw Offset: +9:00, Platform Override: ''
LogPluginManager: Mounting plugin Paper2D
LogPluginManager: Mounting plugin AISupport
LogPluginManager: Mounting plugin LightPropagationVolume
LogPluginManager: Mounting plugin CameraShakePreviewer
LogPluginManager: Mounting plugin ActorLayerUtilities
LogPluginManager: Mounting plugin AnimationSharing
LogPluginManager: Mounting plugin CLionSourceCodeAccess
LogPluginManager: Mounting plugin CodeLiteSourceCodeAccess
LogPluginManager: Mounting plugin GitSourceControl
LogPluginManager: Mounting plugin KDevelopSourceCodeAccess
LogPluginManager: Mounting plugin NullSourceCodeAccess
LogPluginManager: Mounting plugin PerforceSourceControl
LogPluginManager: Mounting plugin PlasticSourceControl
LogPluginManager: Mounting plugin RiderSourceCodeAccess
LogPluginManager: Mounting plugin SubversionSourceControl
LogPluginManager: Mounting plugin UObjectPlugin
LogPluginManager: Mounting plugin VisualStudioCodeSourceCodeAccess
LogPluginManager: Mounting plugin VisualStudioSourceCodeAccess
LogPluginManager: Mounting plugin XCodeSourceCodeAccess
LogPluginManager: Mounting plugin AssetManagerEditor
LogPluginManager: Mounting plugin CryptoKeys
LogPluginManager: Mounting plugin CurveEditorTools
LogPluginManager: Mounting plugin DataValidation
LogPluginManager: Mounting plugin EditorScriptingUtilities
LogPluginManager: Mounting plugin FacialAnimation
LogPluginManager: Mounting plugin GameplayTagsEditor
LogPluginManager: Mounting plugin GeometryMode
LogPluginManager: Mounting plugin MacGraphicsSwitching
LogPluginManager: Mounting plugin MaterialAnalyzer
LogPluginManager: Mounting plugin MobileLauncherProfileWizard
LogPluginManager: Mounting plugin PluginBrowser
LogPluginManager: Mounting plugin SpeedTreeImporter
LogPluginManager: Mounting plugin DatasmithContent
LogPluginManager: Mounting plugin VariantManagerContent
LogPluginManager: Mounting plugin AlembicImporter
LogPluginManager: Mounting plugin AutomationUtils
LogPluginManager: Mounting plugin BackChannel
LogPluginManager: Mounting plugin ChaosCloth
LogPluginManager: Mounting plugin ChaosClothEditor
LogPluginManager: Mounting plugin ChaosEditor
LogPluginManager: Mounting plugin ChaosNiagara
LogPluginManager: Mounting plugin ChaosSolverPlugin
LogPluginManager: Mounting plugin CharacterAI
LogPluginManager: Mounting plugin GeometryCache
LogPluginManager: Mounting plugin GeometryCollectionPlugin
LogPluginManager: Mounting plugin GeometryProcessing
LogPluginManager: Mounting plugin PlanarCut
LogPluginManager: Mounting plugin PlatformCrypto
LogPluginManager: Mounting plugin ProxyLODPlugin
LogPluginManager: Mounting plugin SkeletalReduction
LogPluginManager: Mounting plugin Niagara
LogPluginManager: Mounting plugin MagicLeap
LogPluginManager: Mounting plugin MagicLeapLightEstimation
LogPluginManager: Mounting plugin MagicLeapMedia
LogPluginManager: Mounting plugin MagicLeapPassableWorld
LogPluginManager: Mounting plugin MLSDK
LogPluginManager: Mounting plugin AndroidMedia
LogPluginManager: Mounting plugin AvfMedia
LogPluginManager: Mounting plugin ImgMedia
LogPluginManager: Mounting plugin MediaCompositing
LogPluginManager: Mounting plugin MediaPlayerEditor
LogPluginManager: Mounting plugin WebMMedia
LogPluginManager: Mounting plugin WmfMedia
LogPluginManager: Mounting plugin MeshPainting
LogPluginManager: Mounting plugin TcpMessaging
LogPluginManager: Mounting plugin UdpMessaging
LogPluginManager: Mounting plugin ActorSequence
LogPluginManager: Mounting plugin LevelSequenceEditor
LogPluginManager: Mounting plugin MatineeToLevelSequence
LogPluginManager: Mounting plugin MovieRenderPipeline
LogPluginManager: Mounting plugin TemplateSequence
LogPluginManager: Mounting plugin NetcodeUnitTest
LogPluginManager: Mounting plugin NUTUnrealEngine4
LogPluginManager: Mounting plugin OnlineSubsystemGooglePlay
LogPluginManager: Mounting plugin OnlineSubsystemIOS
LogPluginManager: Mounting plugin OnlineSubsystem
LogPluginManager: Mounting plugin OnlineSubsystemNull
LogPluginManager: Mounting plugin OnlineSubsystemUtils
LogPluginManager: Mounting plugin LauncherChunkInstaller
LogPluginManager: Mounting plugin AndroidDeviceProfileSelector
LogPluginManager: Mounting plugin AndroidMoviePlayer
LogPluginManager: Mounting plugin AndroidPermission
LogPluginManager: Mounting plugin AppleImageUtils
LogPluginManager: Mounting plugin AppleMoviePlayer
LogPluginManager: Mounting plugin ArchVisCharacter
LogPluginManager: Mounting plugin AssetTags
LogPluginManager: Mounting plugin AudioCapture
LogPluginManager: Mounting plugin CableComponent
LogPluginManager: Mounting plugin CustomMeshComponent
LogPluginManager: Mounting plugin EditableMesh
LogPluginManager: Mounting plugin ExampleDeviceProfileSelector
LogPluginManager: Mounting plugin GoogleCloudMessaging
LogPluginManager: Mounting plugin GooglePAD
LogPluginManager: Mounting plugin IOSDeviceProfileSelector
LogPluginManager: Mounting plugin LinuxDeviceProfileSelector
LogPluginManager: Mounting plugin LocationServicesBPLibrary
LogPluginManager: Mounting plugin MobilePatchingUtils
LogPluginManager: Mounting plugin OculusVR
LogPluginManager: Mounting plugin PhysXVehicles
LogPluginManager: Mounting plugin PostSplashScreen
LogPluginManager: Mounting plugin ProceduralMeshComponent
LogPluginManager: Mounting plugin RuntimePhysXCooking
LogPluginManager: Mounting plugin SignificanceManager
LogPluginManager: Mounting plugin SoundFields
LogPluginManager: Mounting plugin SteamVR
LogPluginManager: Mounting plugin Synthesis
LogPluginManager: Mounting plugin WebMMoviePlayer
LogPluginManager: Mounting plugin WindowsMoviePlayer
LogPluginManager: Mounting plugin ScreenshotTools
LogInit: Using libcurl 7.55.1-DEV
LogInit:  - built for x86_64-pc-win32
LogInit:  - supports SSL with OpenSSL/1.1.1
LogInit:  - supports HTTP deflate (compression) using libz 1.2.8
LogInit:  - other features:
LogInit:      CURL_VERSION_SSL
LogInit:      CURL_VERSION_LIBZ
LogInit:      CURL_VERSION_IPV6
LogInit:      CURL_VERSION_ASYNCHDNS
LogInit:      CURL_VERSION_LARGEFILE
LogInit:      CURL_VERSION_IDN
LogInit:  CurlRequestOptions (configurable via config and command line):
LogInit:  - bVerifyPeer = true  - Libcurl will verify peer certificate
LogInit:  - bUseHttpProxy = false  - Libcurl will NOT use HTTP proxy
LogInit:  - bDontReuseConnections = false  - Libcurl will reuse connections
LogInit:  - MaxHostConnections = 16  - Libcurl will limit the number of connections to a host
LogInit:  - LocalHostAddr = Default
LogInit:  - BufferSize = 65536
LogOnline: OSS: Creating online subsystem instance for: NULL
LogInit: WinSock: version 1.1 (2.2), MaxSocks=32767, MaxUdp=65467
LogOnline: OSS: TryLoadSubsystemAndSetDefault: Loaded subsystem for module [NULL]
LogInit: Build: ++UE4+Release-4.25-CL-13942748
LogInit: Engine Version: 4.25.3-13942748+++UE4+Release-4.25
LogInit: Compatible Engine Version: 4.25.0-13144385+++UE4+Release-4.25
LogInit: Net CL: 13144385
LogInit: OS: Windows 10 (Release 2004) (), CPU: AMD Ryzen 5 2600X Six-Core Processor           , GPU: NVIDIA GeForce GTX 1060 6GB
LogInit: Compiled (64-bit): Jul 25 2020 02:07:48
LogInit: Compiled with Visual C++: 19.24.28315.00
LogInit: Build Configuration: Development
LogInit: Branch Name: ++UE4+Release-4.25
LogInit: Command Line:  /Game/ThirdPersonCPP/Maps/ThirdPersonExampleMap -game -PIEVIACONSOLE -Multiprocess GameUserSettingsINI=D:/UE4CPP/WireHunter/Saved/Config/Windows/PIEGameUserSettings0.ini -MultiprocessSaveConfig -MultiprocessOSS -messaging -SessionName="Play in Standalone Game" -windowed -ResX=1280 -ResY=720
LogInit: Base Directory: C:/Program Files/Epic Games/UE_4.25/Engine/Binaries/Win64/
LogInit: Allocator: TBB
LogInit: Installed Engine Build: 1
LogDevObjectVersion: Number of dev versions registered: 26
LogDevObjectVersion:   Dev-Blueprints (B0D832E4-1F89-4F0D-ACCF-7EB736FD4AA2): 10
LogDevObjectVersion:   Dev-Build (E1C64328-A22C-4D53-A36C-8E866417BD8C): 0
LogDevObjectVersion:   Dev-Core (375EC13C-06E4-48FB-B500-84F0262A717E): 4
LogDevObjectVersion:   Dev-Editor (E4B068ED-F494-42E9-A231-DA0B2E46BB41): 38
LogDevObjectVersion:   Dev-Framework (CFFC743F-43B0-4480-9391-14DF171D2073): 37
LogDevObjectVersion:   Dev-Mobile (B02B49B5-BB20-44E9-A304-32B752E40360): 2
LogDevObjectVersion:   Dev-Networking (A4E4105C-59A1-49B5-A7C5-40C4547EDFEE): 0
LogDevObjectVersion:   Dev-Online (39C831C9-5AE6-47DC-9A44-9C173E1C8E7C): 0
LogDevObjectVersion:   Dev-Physics (78F01B33-EBEA-4F98-B9B4-84EACCB95AA2): 4
LogDevObjectVersion:   Dev-Platform (6631380F-2D4D-43E0-8009-CF276956A95A): 0
LogDevObjectVersion:   Dev-Rendering (12F88B9F-8875-4AFC-A67C-D90C383ABD29): 43
LogDevObjectVersion:   Dev-Sequencer (7B5AE74C-D270-4C10-A958-57980B212A5A): 12
LogDevObjectVersion:   Dev-VR (D7296918-1DD6-4BDD-9DE2-64A83CC13884): 3
LogDevObjectVersion:   Dev-LoadTimes (C2A15278-BFE7-4AFE-6C17-90FF531DF755): 1
LogDevObjectVersion:   Private-Geometry (6EACA3D4-40EC-4CC1-B786-8BED09428FC5): 3
LogDevObjectVersion:   Dev-AnimPhys (29E575DD-E0A3-4627-9D10-D276232CDCEA): 17
LogDevObjectVersion:   Dev-Anim (AF43A65D-7FD3-4947-9873-3E8ED9C1BB05): 7
LogDevObjectVersion:   Dev-ReflectionCapture (6B266CEC-1EC7-4B8F-A30B-E4D90942FC07): 1
LogDevObjectVersion:   Dev-Automation (0DF73D61-A23F-47EA-B727-89E90C41499A): 1
LogDevObjectVersion:   FortniteMain (601D1886-AC64-4F84-AA16-D3DE0DEAC7D6): 31
LogDevObjectVersion:   Dev-Enterprise (9DFFBCD6-494F-0158-E221-12823C92A888): 10
LogDevObjectVersion:   Dev-Niagara (F2AED0AC-9AFE-416F-8664-AA7FFA26D6FC): 1
LogDevObjectVersion:   Dev-Destruction (174F1F0B-B4C6-45A5-B13F-2EE8D0FB917D): 10
LogDevObjectVersion:   Dev-Physics-Ext (35F94A83-E258-406C-A318-09F59610247C): 37
LogDevObjectVersion:   Dev-PhysicsMaterial-Chaos (B68FC16E-8B1B-42E2-B453-215C058844FE): 1
LogDevObjectVersion:   Dev-CineCamera (B2E18506-4273-CFC2-A54E-F4BB758BBA07): 1
LogInit: Presizing for max 25165824 objects, including 0 objects not considered by GC, pre-allocating 0 bytes for permanent pool.
LogConfig: Applying CVar settings from Section [/Script/Engine.StreamingSettings] File [D:/UE4CPP/WireHunter/Saved/Config/Windows/Engine.ini]
LogConfig: Setting CVar [[s.MinBulkDataSizeForAsyncLoading:131072]]
LogConfig: Setting CVar [[s.AsyncLoadingThreadEnabled:0]]
LogConfig: Setting CVar [[s.EventDrivenLoaderEnabled:1]]
LogConfig: Setting CVar [[s.WarnIfTimeLimitExceeded:0]]
LogConfig: Setting CVar [[s.TimeLimitExceededMultiplier:1.5]]
LogConfig: Setting CVar [[s.TimeLimitExceededMinTime:0.005]]
LogConfig: Setting CVar [[s.UseBackgroundLevelStreaming:1]]
LogConfig: Setting CVar [[s.PriorityAsyncLoadingExtraTime:15.0]]
LogConfig: Setting CVar [[s.LevelStreamingActorsUpdateTimeLimit:5.0]]
LogConfig: Setting CVar [[s.PriorityLevelStreamingActorsUpdateExtraTime:5.0]]
LogConfig: Setting CVar [[s.LevelStreamingComponentsRegistrationGranularity:10]]
LogConfig: Setting CVar [[s.UnregisterComponentsTimeLimit:1.0]]
LogConfig: Setting CVar [[s.LevelStreamingComponentsUnregistrationGranularity:5]]
LogConfig: Setting CVar [[s.FlushStreamingOnExit:1]]
LogInit: Object subsystem initialized
LogConfig: Setting CVar [[con.DebugEarlyDefault:1]]
LogConfig: Setting CVar [[r.setres:1280x720]]
[2021.01.31-12.23.46:890][  0]LogConfig: Setting CVar [[con.DebugEarlyDefault:1]]
[2021.01.31-12.23.46:890][  0]LogConfig: Setting CVar [[r.setres:1280x720]]
[2021.01.31-12.23.46:890][  0]LogConfig: Applying CVar settings from Section [/Script/Engine.RendererSettings] File [D:/UE4CPP/WireHunter/Saved/Config/Windows/Engine.ini]
[2021.01.31-12.23.46:890][  0]LogConfig: Setting CVar [[r.GPUCrashDebugging:0]]
[2021.01.31-12.23.46:890][  0]LogConfig: Applying CVar settings from Section [/Script/Engine.RendererOverrideSettings] File [D:/UE4CPP/WireHunter/Saved/Config/Windows/Engine.ini]
[2021.01.31-12.23.46:890][  0]LogConfig: Applying CVar settings from Section [/Script/Engine.StreamingSettings] File [D:/UE4CPP/WireHunter/Saved/Config/Windows/Engine.ini]
[2021.01.31-12.23.46:890][  0]LogConfig: Setting CVar [[s.MinBulkDataSizeForAsyncLoading:131072]]
[2021.01.31-12.23.46:890][  0]LogConfig: Setting CVar [[s.AsyncLoadingThreadEnabled:0]]
[2021.01.31-12.23.46:890][  0]LogConfig: Setting CVar [[s.EventDrivenLoaderEnabled:1]]
[2021.01.31-12.23.46:890][  0]LogConfig: Setting CVar [[s.WarnIfTimeLimitExceeded:0]]
[2021.01.31-12.23.46:890][  0]LogConfig: Setting CVar [[s.TimeLimitExceededMultiplier:1.5]]
[2021.01.31-12.23.46:890][  0]LogConfig: Setting CVar [[s.TimeLimitExceededMinTime:0.005]]
[2021.01.31-12.23.46:890][  0]LogConfig: Setting CVar [[s.UseBackgroundLevelStreaming:1]]
[2021.01.31-12.23.46:890][  0]LogConfig: Setting CVar [[s.PriorityAsyncLoadingExtraTime:15.0]]
[2021.01.31-12.23.46:890][  0]LogConfig: Setting CVar [[s.LevelStreamingActorsUpdateTimeLimit:5.0]]
[2021.01.31-12.23.46:890][  0]LogConfig: Setting CVar [[s.PriorityLevelStreamingActorsUpdateExtraTime:5.0]]
[2021.01.31-12.23.46:890][  0]LogConfig: Setting CVar [[s.LevelStreamingComponentsRegistrationGranularity:10]]
[2021.01.31-12.23.46:890][  0]LogConfig: Setting CVar [[s.UnregisterComponentsTimeLimit:1.0]]
[2021.01.31-12.23.46:890][  0]LogConfig: Setting CVar [[s.LevelStreamingComponentsUnregistrationGranularity:5]]
[2021.01.31-12.23.46:890][  0]LogConfig: Setting CVar [[s.FlushStreamingOnExit:1]]
[2021.01.31-12.23.46:890][  0]LogConfig: Applying CVar settings from Section [/Script/Engine.GarbageCollectionSettings] File [D:/UE4CPP/WireHunter/Saved/Config/Windows/Engine.ini]
[2021.01.31-12.23.46:890][  0]LogConfig: Setting CVar [[gc.MaxObjectsNotConsideredByGC:1]]
[2021.01.31-12.23.46:890][  0]LogConfig: Setting CVar [[gc.SizeOfPermanentObjectPool:0]]
[2021.01.31-12.23.46:890][  0]LogConfig: Setting CVar [[gc.FlushStreamingOnGC:0]]
[2021.01.31-12.23.46:890][  0]LogConfig: Setting CVar [[gc.NumRetriesBeforeForcingGC:10]]
[2021.01.31-12.23.46:890][  0]LogConfig: Setting CVar [[gc.AllowParallelGC:1]]
[2021.01.31-12.23.46:890][  0]LogConfig: Setting CVar [[gc.TimeBetweenPurgingPendingKillObjects:61.1]]
[2021.01.31-12.23.46:890][  0]LogConfig: Setting CVar [[gc.MaxObjectsInEditor:25165824]]
[2021.01.31-12.23.46:890][  0]LogConfig: Setting CVar [[gc.IncrementalBeginDestroyEnabled:1]]
[2021.01.31-12.23.46:890][  0]LogConfig: Setting CVar [[gc.CreateGCClusters:1]]
[2021.01.31-12.23.46:890][  0]LogConfig: Setting CVar [[gc.MinGCClusterSize:5]]
[2021.01.31-12.23.46:890][  0]LogConfig: Setting CVar [[gc.ActorClusteringEnabled:0]]
[2021.01.31-12.23.46:890][  0]LogConfig: Setting CVar [[gc.BlueprintClusteringEnabled:0]]
[2021.01.31-12.23.46:890][  0]LogConfig: Setting CVar [[gc.UseDisregardForGCOnDedicatedServers:0]]
[2021.01.31-12.23.46:890][  0]LogConfig: Applying CVar settings from Section [/Script/Engine.NetworkSettings] File [D:/UE4CPP/WireHunter/Saved/Config/Windows/Engine.ini]
[2021.01.31-12.23.46:890][  0]LogConfig: Applying CVar settings from Section [/Script/UnrealEd.CookerSettings] File [D:/UE4CPP/WireHunter/Saved/Config/Windows/Engine.ini]
[2021.01.31-12.23.46:895][  0]LogConfig: Applying CVar settings from Section [ViewDistanceQuality@3] File [D:/UE4CPP/WireHunter/Saved/Config/Windows/Scalability.ini]
[2021.01.31-12.23.46:895][  0]LogConfig: Setting CVar [[r.SkeletalMeshLODBias:0]]
[2021.01.31-12.23.46:895][  0]LogConfig: Setting CVar [[r.ViewDistanceScale:1.0]]
[2021.01.31-12.23.46:895][  0]LogConfig: Applying CVar settings from Section [AntiAliasingQuality@3] File [D:/UE4CPP/WireHunter/Saved/Config/Windows/Scalability.ini]
[2021.01.31-12.23.46:895][  0]LogConfig: Setting CVar [[r.PostProcessAAQuality:4]]
[2021.01.31-12.23.46:895][  0]LogConfig: Applying CVar settings from Section [ShadowQuality@3] File [D:/UE4CPP/WireHunter/Saved/Config/Windows/Scalability.ini]
[2021.01.31-12.23.46:895][  0]LogConfig: Setting CVar [[r.LightFunctionQuality:1]]
[2021.01.31-12.23.46:895][  0]LogConfig: Setting CVar [[r.ShadowQuality:5]]
[2021.01.31-12.23.46:895][  0]LogConfig: Setting CVar [[r.Shadow.CSM.MaxCascades:10]]
[2021.01.31-12.23.46:895][  0]LogConfig: Setting CVar [[r.Shadow.MaxResolution:2048]]
[2021.01.31-12.23.46:895][  0]LogConfig: Setting CVar [[r.Shadow.MaxCSMResolution:2048]]
[2021.01.31-12.23.46:895][  0]LogConfig: Setting CVar [[r.Shadow.RadiusThreshold:0.01]]
[2021.01.31-12.23.46:895][  0]LogConfig: Setting CVar [[r.Shadow.DistanceScale:1.0]]
[2021.01.31-12.23.46:895][  0]LogConfig: Setting CVar [[r.Shadow.CSM.TransitionScale:1.0]]
[2021.01.31-12.23.46:895][  0]LogConfig: Setting CVar [[r.Shadow.PreShadowResolutionFactor:1.0]]
[2021.01.31-12.23.46:895][  0]LogConfig: Setting CVar [[r.DistanceFieldShadowing:1]]
[2021.01.31-12.23.46:895][  0]LogConfig: Setting CVar [[r.DistanceFieldAO:1]]
[2021.01.31-12.23.46:895][  0]LogConfig: Setting CVar [[r.AOQuality:2]]
[2021.01.31-12.23.46:896][  0]LogConfig: Setting CVar [[r.VolumetricFog:1]]
[2021.01.31-12.23.46:896][  0]LogConfig: Setting CVar [[r.VolumetricFog.GridPixelSize:8]]
[2021.01.31-12.23.46:896][  0]LogConfig: Setting CVar [[r.VolumetricFog.GridSizeZ:128]]
[2021.01.31-12.23.46:896][  0]LogConfig: Setting CVar [[r.VolumetricFog.HistoryMissSupersampleCount:4]]
[2021.01.31-12.23.46:896][  0]LogConfig: Setting CVar [[r.LightMaxDrawDistanceScale:1]]
[2021.01.31-12.23.46:896][  0]LogConfig: Setting CVar [[r.CapsuleShadows:1]]
[2021.01.31-12.23.46:896][  0]LogConfig: Applying CVar settings from Section [PostProcessQuality@3] File [D:/UE4CPP/WireHunter/Saved/Config/Windows/Scalability.ini]
[2021.01.31-12.23.46:896][  0]LogConfig: Setting CVar [[r.MotionBlurQuality:4]]
[2021.01.31-12.23.46:896][  0]LogConfig: Setting CVar [[r.AmbientOcclusionMipLevelFactor:0.4]]
[2021.01.31-12.23.46:896][  0]LogConfig: Setting CVar [[r.AmbientOcclusionMaxQuality:100]]
[2021.01.31-12.23.46:896][  0]LogConfig: Setting CVar [[r.AmbientOcclusionLevels:-1]]
[2021.01.31-12.23.46:896][  0]LogConfig: Setting CVar [[r.AmbientOcclusionRadiusScale:1.0]]
[2021.01.31-12.23.46:896][  0]LogConfig: Setting CVar [[r.DepthOfFieldQuality:2]]
[2021.01.31-12.23.46:896][  0]LogConfig: Setting CVar [[r.RenderTargetPoolMin:400]]
[2021.01.31-12.23.46:896][  0]LogConfig: Setting CVar [[r.LensFlareQuality:2]]
[2021.01.31-12.23.46:896][  0]LogConfig: Setting CVar [[r.SceneColorFringeQuality:1]]
[2021.01.31-12.23.46:896][  0]LogConfig: Setting CVar [[r.EyeAdaptationQuality:2]]
[2021.01.31-12.23.46:896][  0]LogConfig: Setting CVar [[r.BloomQuality:5]]
[2021.01.31-12.23.46:896][  0]LogConfig: Setting CVar [[r.FastBlurThreshold:100]]
[2021.01.31-12.23.46:896][  0]LogConfig: Setting CVar [[r.Upscale.Quality:3]]
[2021.01.31-12.23.46:896][  0]LogConfig: Setting CVar [[r.Tonemapper.GrainQuantization:1]]
[2021.01.31-12.23.46:896][  0]LogConfig: Setting CVar [[r.LightShaftQuality:1]]
[2021.01.31-12.23.46:896][  0]LogConfig: Setting CVar [[r.Filter.SizeScale:1]]
[2021.01.31-12.23.46:896][  0]LogConfig: Setting CVar [[r.Tonemapper.Quality:5]]
[2021.01.31-12.23.46:896][  0]LogConfig: Setting CVar [[r.DOF.Gather.AccumulatorQuality:1        ; higher gathering accumulator quality]]
[2021.01.31-12.23.46:896][  0]LogConfig: Setting CVar [[r.DOF.Gather.PostfilterMethod:1          ; Median3x3 postfilering method]]
[2021.01.31-12.23.46:896][  0]LogConfig: Setting CVar [[r.DOF.Gather.EnableBokehSettings:0       ; no bokeh simulation when gathering]]
[2021.01.31-12.23.46:896][  0]LogConfig: Setting CVar [[r.DOF.Gather.RingCount:4                 ; medium number of samples when gathering]]
[2021.01.31-12.23.46:896][  0]LogConfig: Setting CVar [[r.DOF.Scatter.ForegroundCompositing:1    ; additive foreground scattering]]
[2021.01.31-12.23.46:896][  0]LogConfig: Setting CVar [[r.DOF.Scatter.BackgroundCompositing:2    ; additive background scattering]]
[2021.01.31-12.23.46:896][  0]LogConfig: Setting CVar [[r.DOF.Scatter.EnableBokehSettings:1      ; bokeh simulation when scattering]]
[2021.01.31-12.23.46:896][  0]LogConfig: Setting CVar [[r.DOF.Scatter.MaxSpriteRatio:0.1         ; only a maximum of 10% of scattered bokeh]]
[2021.01.31-12.23.46:896][  0]LogConfig: Setting CVar [[r.DOF.Recombine.Quality:1                ; cheap slight out of focus]]
[2021.01.31-12.23.46:896][  0]LogConfig: Setting CVar [[r.DOF.Recombine.EnableBokehSettings:0    ; no bokeh simulation on slight out of focus]]
[2021.01.31-12.23.46:896][  0]LogConfig: Setting CVar [[r.DOF.TemporalAAQuality:1                ; more stable temporal accumulation]]
[2021.01.31-12.23.46:896][  0]LogConfig: Setting CVar [[r.DOF.Kernel.MaxForegroundRadius:0.025]]
[2021.01.31-12.23.46:896][  0]LogConfig: Setting CVar [[r.DOF.Kernel.MaxBackgroundRadius:0.025]]
[2021.01.31-12.23.46:896][  0]LogConfig: Applying CVar settings from Section [TextureQuality@3] File [D:/UE4CPP/WireHunter/Saved/Config/Windows/Scalability.ini]
[2021.01.31-12.23.46:896][  0]LogConfig: Setting CVar [[r.Streaming.MipBias:0]]
[2021.01.31-12.23.46:896][  0]LogConfig: Setting CVar [[r.Streaming.AmortizeCPUToGPUCopy:0]]
[2021.01.31-12.23.46:896][  0]LogConfig: Setting CVar [[r.Streaming.MaxNumTexturesToStreamPerFrame:0]]
[2021.01.31-12.23.46:896][  0]LogConfig: Setting CVar [[r.Streaming.Boost:1]]
[2021.01.31-12.23.46:896][  0]LogConfig: Setting CVar [[r.MaxAnisotropy:8]]
[2021.01.31-12.23.46:896][  0]LogConfig: Setting CVar [[r.VT.MaxAnisotropy:8]]
[2021.01.31-12.23.46:896][  0]LogConfig: Setting CVar [[r.Streaming.LimitPoolSizeToVRAM:0]]
[2021.01.31-12.23.46:896][  0]LogConfig: Setting CVar [[r.Streaming.PoolSize:1000]]
[2021.01.31-12.23.46:896][  0]LogConfig: Setting CVar [[r.Streaming.MaxEffectiveScreenSize:0]]
[2021.01.31-12.23.46:896][  0]LogConfig: Applying CVar settings from Section [EffectsQuality@3] File [D:/UE4CPP/WireHunter/Saved/Config/Windows/Scalability.ini]
[2021.01.31-12.23.46:896][  0]LogConfig: Setting CVar [[r.TranslucencyLightingVolumeDim:64]]
[2021.01.31-12.23.46:896][  0]LogConfig: Setting CVar [[r.RefractionQuality:2]]
[2021.01.31-12.23.46:896][  0]LogConfig: Setting CVar [[r.SSR.Quality:3]]
[2021.01.31-12.23.46:896][  0]LogConfig: Setting CVar [[r.SSR.HalfResSceneColor:0]]
[2021.01.31-12.23.46:896][  0]LogConfig: Setting CVar [[r.SceneColorFormat:4]]
[2021.01.31-12.23.46:896][  0]LogConfig: Setting CVar [[r.DetailMode:2]]
[2021.01.31-12.23.46:896][  0]LogConfig: Setting CVar [[r.TranslucencyVolumeBlur:1]]
[2021.01.31-12.23.46:896][  0]LogConfig: Setting CVar [[r.MaterialQualityLevel:1 ; High quality]]
[2021.01.31-12.23.46:896][  0]LogConfig: Setting CVar [[r.SSS.Scale:1]]
[2021.01.31-12.23.46:896][  0]LogConfig: Setting CVar [[r.SSS.SampleSet:2]]
[2021.01.31-12.23.46:896][  0]LogConfig: Setting CVar [[r.SSS.Quality:1]]
[2021.01.31-12.23.46:896][  0]LogConfig: Setting CVar [[r.SSS.HalfRes:0]]
[2021.01.31-12.23.46:896][  0]LogConfig: Setting CVar [[r.SSGI.Quality:3]]
[2021.01.31-12.23.46:896][  0]LogConfig: Setting CVar [[r.EmitterSpawnRateScale:1.0]]
[2021.01.31-12.23.46:896][  0]LogConfig: Setting CVar [[r.ParticleLightQuality:2]]
[2021.01.31-12.23.46:896][  0]LogConfig: Setting CVar [[r.SkyAtmosphere.AerialPerspectiveLUT.FastApplyOnOpaque:1 ; Always have FastSkyLUT 1 in this case to avoid wrong sky]]
[2021.01.31-12.23.46:896][  0]LogConfig: Setting CVar [[r.SkyAtmosphere.AerialPerspectiveLUT.SampleCountPerSlice:1]]
[2021.01.31-12.23.46:896][  0]LogConfig: Setting CVar [[r.SkyAtmosphere.AerialPerspectiveLUT.DepthResolution:16.0]]
[2021.01.31-12.23.46:896][  0]LogConfig: Setting CVar [[r.SkyAtmosphere.FastSkyLUT:1]]
[2021.01.31-12.23.46:896][  0]LogConfig: Setting CVar [[r.SkyAtmosphere.FastSkyLUT.SampleCountMin:4.0]]
[2021.01.31-12.23.46:896][  0]LogConfig: Setting CVar [[r.SkyAtmosphere.FastSkyLUT.SampleCountMax:32.0]]
[2021.01.31-12.23.46:896][  0]LogConfig: Setting CVar [[r.SkyAtmosphere.SampleCountMin:4.0]]
[2021.01.31-12.23.46:896][  0]LogConfig: Setting CVar [[r.SkyAtmosphere.SampleCountMax:32.0]]
[2021.01.31-12.23.46:896][  0]LogConfig: Setting CVar [[r.SkyAtmosphere.TransmittanceLUT.UseSmallFormat:0]]
[2021.01.31-12.23.46:896][  0]LogConfig: Setting CVar [[r.SkyAtmosphere.TransmittanceLUT.SampleCount:10.0]]
[2021.01.31-12.23.46:896][  0]LogConfig: Setting CVar [[r.SkyAtmosphere.MultiScatteringLUT.SampleCount:15.0]]
[2021.01.31-12.23.46:896][  0]LogConfig: Applying CVar settings from Section [FoliageQuality@3] File [D:/UE4CPP/WireHunter/Saved/Config/Windows/Scalability.ini]
[2021.01.31-12.23.46:896][  0]LogConfig: Setting CVar [[foliage.DensityScale:1.0]]
[2021.01.31-12.23.46:896][  0]LogConfig: Setting CVar [[grass.DensityScale:1.0]]
[2021.01.31-12.23.46:897][  0]LogConfig: Applying CVar settings from Section [ShadingQuality@3] File [D:/UE4CPP/WireHunter/Saved/Config/Windows/Scalability.ini]
[2021.01.31-12.23.46:897][  0]LogConfig: Setting CVar [[r.HairStrands.SkyLighting.SampleCount:16]]
[2021.01.31-12.23.46:897][  0]LogConfig: Setting CVar [[r.HairStrands.SkyLighting.JitterIntegration:0]]
[2021.01.31-12.23.46:897][  0]LogConfig: Setting CVar [[r.HairStrands.SkyAO.SampleCount:16]]
[2021.01.31-12.23.46:897][  0]LogConfig: Setting CVar [[r.HairStrands.DeepShadow.SuperSampling:0]]
[2021.01.31-12.23.46:897][  0]LogConfig: Setting CVar [[r.HairStrands.VisibilityPPLL:0]]
[2021.01.31-12.23.46:897][  0]LogConfig: Setting CVar [[r.HairStrands.RasterizationScale:0.5]]
[2021.01.31-12.23.46:897][  0]LogConfig: Setting CVar [[r.HairStrands.VelocityRasterizationScale:1]]
[2021.01.31-12.23.46:897][  0]LogInit: Selected Device Profile: [Windows]
[2021.01.31-12.23.46:897][  0]LogInit: Applying CVar settings loaded from the selected device profile: [Windows]
[2021.01.31-12.23.46:897][  0]LogHAL: Display: Platform has ~ 16 GB [17102884864 / 17179869184 / 16], which maps to Larger [LargestMinGB=32, LargerMinGB=12, DefaultMinGB=8, SmallerMinGB=6, SmallestMinGB=0)
[2021.01.31-12.23.46:897][  0]LogInit: Going up to parent DeviceProfile []
[2021.01.31-12.23.46:897][  0]LogConfig: Applying CVar settings from Section [ViewDistanceQuality@3] File [D:/UE4CPP/WireHunter/Saved/Config/Windows/Scalability.ini]
[2021.01.31-12.23.46:897][  0]LogConfig: Setting CVar [[r.SkeletalMeshLODBias:0]]
[2021.01.31-12.23.46:897][  0]LogConfig: Setting CVar [[r.ViewDistanceScale:1.0]]
[2021.01.31-12.23.46:897][  0]LogConfig: Applying CVar settings from Section [AntiAliasingQuality@3] File [D:/UE4CPP/WireHunter/Saved/Config/Windows/Scalability.ini]
[2021.01.31-12.23.46:897][  0]LogConfig: Setting CVar [[r.PostProcessAAQuality:4]]
[2021.01.31-12.23.46:897][  0]LogConfig: Applying CVar settings from Section [ShadowQuality@3] File [D:/UE4CPP/WireHunter/Saved/Config/Windows/Scalability.ini]
[2021.01.31-12.23.46:897][  0]LogConfig: Setting CVar [[r.LightFunctionQuality:1]]
[2021.01.31-12.23.46:897][  0]LogConfig: Setting CVar [[r.ShadowQuality:5]]
[2021.01.31-12.23.46:897][  0]LogConfig: Setting CVar [[r.Shadow.CSM.MaxCascades:10]]
[2021.01.31-12.23.46:897][  0]LogConfig: Setting CVar [[r.Shadow.MaxResolution:2048]]
[2021.01.31-12.23.46:897][  0]LogConfig: Setting CVar [[r.Shadow.MaxCSMResolution:2048]]
[2021.01.31-12.23.46:897][  0]LogConfig: Setting CVar [[r.Shadow.RadiusThreshold:0.01]]
[2021.01.31-12.23.46:897][  0]LogConfig: Setting CVar [[r.Shadow.DistanceScale:1.0]]
[2021.01.31-12.23.46:897][  0]LogConfig: Setting CVar [[r.Shadow.CSM.TransitionScale:1.0]]
[2021.01.31-12.23.46:897][  0]LogConfig: Setting CVar [[r.Shadow.PreShadowResolutionFactor:1.0]]
[2021.01.31-12.23.46:897][  0]LogConfig: Setting CVar [[r.DistanceFieldShadowing:1]]
[2021.01.31-12.23.46:897][  0]LogConfig: Setting CVar [[r.DistanceFieldAO:1]]
[2021.01.31-12.23.46:897][  0]LogConfig: Setting CVar [[r.AOQuality:2]]
[2021.01.31-12.23.46:897][  0]LogConfig: Setting CVar [[r.VolumetricFog:1]]
[2021.01.31-12.23.46:897][  0]LogConfig: Setting CVar [[r.VolumetricFog.GridPixelSize:8]]
[2021.01.31-12.23.46:897][  0]LogConfig: Setting CVar [[r.VolumetricFog.GridSizeZ:128]]
[2021.01.31-12.23.46:897][  0]LogConfig: Setting CVar [[r.VolumetricFog.HistoryMissSupersampleCount:4]]
[2021.01.31-12.23.46:897][  0]LogConfig: Setting CVar [[r.LightMaxDrawDistanceScale:1]]
[2021.01.31-12.23.46:897][  0]LogConfig: Setting CVar [[r.CapsuleShadows:1]]
[2021.01.31-12.23.46:897][  0]LogConfig: Applying CVar settings from Section [PostProcessQuality@3] File [D:/UE4CPP/WireHunter/Saved/Config/Windows/Scalability.ini]
[2021.01.31-12.23.46:897][  0]LogConfig: Setting CVar [[r.MotionBlurQuality:4]]
[2021.01.31-12.23.46:897][  0]LogConfig: Setting CVar [[r.AmbientOcclusionMipLevelFactor:0.4]]
[2021.01.31-12.23.46:897][  0]LogConfig: Setting CVar [[r.AmbientOcclusionMaxQuality:100]]
[2021.01.31-12.23.46:897][  0]LogConfig: Setting CVar [[r.AmbientOcclusionLevels:-1]]
[2021.01.31-12.23.46:897][  0]LogConfig: Setting CVar [[r.AmbientOcclusionRadiusScale:1.0]]
[2021.01.31-12.23.46:897][  0]LogConfig: Setting CVar [[r.DepthOfFieldQuality:2]]
[2021.01.31-12.23.46:897][  0]LogConfig: Setting CVar [[r.RenderTargetPoolMin:400]]
[2021.01.31-12.23.46:897][  0]LogConfig: Setting CVar [[r.LensFlareQuality:2]]
[2021.01.31-12.23.46:897][  0]LogConfig: Setting CVar [[r.SceneColorFringeQuality:1]]
[2021.01.31-12.23.46:897][  0]LogConfig: Setting CVar [[r.EyeAdaptationQuality:2]]
[2021.01.31-12.23.46:897][  0]LogConfig: Setting CVar [[r.BloomQuality:5]]
[2021.01.31-12.23.46:897][  0]LogConfig: Setting CVar [[r.FastBlurThreshold:100]]
[2021.01.31-12.23.46:897][  0]LogConfig: Setting CVar [[r.Upscale.Quality:3]]
[2021.01.31-12.23.46:897][  0]LogConfig: Setting CVar [[r.Tonemapper.GrainQuantization:1]]
[2021.01.31-12.23.46:897][  0]LogConfig: Setting CVar [[r.LightShaftQuality:1]]
[2021.01.31-12.23.46:897][  0]LogConfig: Setting CVar [[r.Filter.SizeScale:1]]
[2021.01.31-12.23.46:897][  0]LogConfig: Setting CVar [[r.Tonemapper.Quality:5]]
[2021.01.31-12.23.46:897][  0]LogConfig: Setting CVar [[r.DOF.Gather.AccumulatorQuality:1        ; higher gathering accumulator quality]]
[2021.01.31-12.23.46:897][  0]LogConfig: Setting CVar [[r.DOF.Gather.PostfilterMethod:1          ; Median3x3 postfilering method]]
[2021.01.31-12.23.46:897][  0]LogConfig: Setting CVar [[r.DOF.Gather.EnableBokehSettings:0       ; no bokeh simulation when gathering]]
[2021.01.31-12.23.46:897][  0]LogConfig: Setting CVar [[r.DOF.Gather.RingCount:4                 ; medium number of samples when gathering]]
[2021.01.31-12.23.46:897][  0]LogConfig: Setting CVar [[r.DOF.Scatter.ForegroundCompositing:1    ; additive foreground scattering]]
[2021.01.31-12.23.46:897][  0]LogConfig: Setting CVar [[r.DOF.Scatter.BackgroundCompositing:2    ; additive background scattering]]
[2021.01.31-12.23.46:897][  0]LogConfig: Setting CVar [[r.DOF.Scatter.EnableBokehSettings:1      ; bokeh simulation when scattering]]
[2021.01.31-12.23.46:897][  0]LogConfig: Setting CVar [[r.DOF.Scatter.MaxSpriteRatio:0.1         ; only a maximum of 10% of scattered bokeh]]
[2021.01.31-12.23.46:897][  0]LogConfig: Setting CVar [[r.DOF.Recombine.Quality:1                ; cheap slight out of focus]]
[2021.01.31-12.23.46:897][  0]LogConfig: Setting CVar [[r.DOF.Recombine.EnableBokehSettings:0    ; no bokeh simulation on slight out of focus]]
[2021.01.31-12.23.46:897][  0]LogConfig: Setting CVar [[r.DOF.TemporalAAQuality:1                ; more stable temporal accumulation]]
[2021.01.31-12.23.46:897][  0]LogConfig: Setting CVar [[r.DOF.Kernel.MaxForegroundRadius:0.025]]
[2021.01.31-12.23.46:897][  0]LogConfig: Setting CVar [[r.DOF.Kernel.MaxBackgroundRadius:0.025]]
[2021.01.31-12.23.46:897][  0]LogConfig: Applying CVar settings from Section [TextureQuality@3] File [D:/UE4CPP/WireHunter/Saved/Config/Windows/Scalability.ini]
[2021.01.31-12.23.46:898][  0]LogConfig: Setting CVar [[r.Streaming.MipBias:0]]
[2021.01.31-12.23.46:898][  0]LogConfig: Setting CVar [[r.Streaming.AmortizeCPUToGPUCopy:0]]
[2021.01.31-12.23.46:898][  0]LogConfig: Setting CVar [[r.Streaming.MaxNumTexturesToStreamPerFrame:0]]
[2021.01.31-12.23.46:898][  0]LogConfig: Setting CVar [[r.Streaming.Boost:1]]
[2021.01.31-12.23.46:898][  0]LogConfig: Setting CVar [[r.MaxAnisotropy:8]]
[2021.01.31-12.23.46:898][  0]LogConfig: Setting CVar [[r.VT.MaxAnisotropy:8]]
[2021.01.31-12.23.46:898][  0]LogConfig: Setting CVar [[r.Streaming.LimitPoolSizeToVRAM:0]]
[2021.01.31-12.23.46:898][  0]LogConfig: Setting CVar [[r.Streaming.PoolSize:1000]]
[2021.01.31-12.23.46:898][  0]LogConfig: Setting CVar [[r.Streaming.MaxEffectiveScreenSize:0]]
[2021.01.31-12.23.46:898][  0]LogConfig: Applying CVar settings from Section [EffectsQuality@3] File [D:/UE4CPP/WireHunter/Saved/Config/Windows/Scalability.ini]
[2021.01.31-12.23.46:898][  0]LogConfig: Setting CVar [[r.TranslucencyLightingVolumeDim:64]]
[2021.01.31-12.23.46:898][  0]LogConfig: Setting CVar [[r.RefractionQuality:2]]
[2021.01.31-12.23.46:898][  0]LogConfig: Setting CVar [[r.SSR.Quality:3]]
[2021.01.31-12.23.46:898][  0]LogConfig: Setting CVar [[r.SSR.HalfResSceneColor:0]]
[2021.01.31-12.23.46:898][  0]LogConfig: Setting CVar [[r.SceneColorFormat:4]]
[2021.01.31-12.23.46:898][  0]LogConfig: Setting CVar [[r.DetailMode:2]]
[2021.01.31-12.23.46:898][  0]LogConfig: Setting CVar [[r.TranslucencyVolumeBlur:1]]
[2021.01.31-12.23.46:898][  0]LogConfig: Setting CVar [[r.MaterialQualityLevel:1 ; High quality]]
[2021.01.31-12.23.46:898][  0]LogConfig: Setting CVar [[r.SSS.Scale:1]]
[2021.01.31-12.23.46:898][  0]LogConfig: Setting CVar [[r.SSS.SampleSet:2]]
[2021.01.31-12.23.46:898][  0]LogConfig: Setting CVar [[r.SSS.Quality:1]]
[2021.01.31-12.23.46:898][  0]LogConfig: Setting CVar [[r.SSS.HalfRes:0]]
[2021.01.31-12.23.46:898][  0]LogConfig: Setting CVar [[r.SSGI.Quality:3]]
[2021.01.31-12.23.46:898][  0]LogConfig: Setting CVar [[r.EmitterSpawnRateScale:1.0]]
[2021.01.31-12.23.46:898][  0]LogConfig: Setting CVar [[r.ParticleLightQuality:2]]
[2021.01.31-12.23.46:898][  0]LogConfig: Setting CVar [[r.SkyAtmosphere.AerialPerspectiveLUT.FastApplyOnOpaque:1 ; Always have FastSkyLUT 1 in this case to avoid wrong sky]]
[2021.01.31-12.23.46:898][  0]LogConfig: Setting CVar [[r.SkyAtmosphere.AerialPerspectiveLUT.SampleCountPerSlice:1]]
[2021.01.31-12.23.46:898][  0]LogConfig: Setting CVar [[r.SkyAtmosphere.AerialPerspectiveLUT.DepthResolution:16.0]]
[2021.01.31-12.23.46:898][  0]LogConfig: Setting CVar [[r.SkyAtmosphere.FastSkyLUT:1]]
[2021.01.31-12.23.46:898][  0]LogConfig: Setting CVar [[r.SkyAtmosphere.FastSkyLUT.SampleCountMin:4.0]]
[2021.01.31-12.23.46:898][  0]LogConfig: Setting CVar [[r.SkyAtmosphere.FastSkyLUT.SampleCountMax:32.0]]
[2021.01.31-12.23.46:898][  0]LogConfig: Setting CVar [[r.SkyAtmosphere.SampleCountMin:4.0]]
[2021.01.31-12.23.46:898][  0]LogConfig: Setting CVar [[r.SkyAtmosphere.SampleCountMax:32.0]]
[2021.01.31-12.23.46:898][  0]LogConfig: Setting CVar [[r.SkyAtmosphere.TransmittanceLUT.UseSmallFormat:0]]
[2021.01.31-12.23.46:898][  0]LogConfig: Setting CVar [[r.SkyAtmosphere.TransmittanceLUT.SampleCount:10.0]]
[2021.01.31-12.23.46:898][  0]LogConfig: Setting CVar [[r.SkyAtmosphere.MultiScatteringLUT.SampleCount:15.0]]
[2021.01.31-12.23.46:898][  0]LogConfig: Applying CVar settings from Section [FoliageQuality@3] File [D:/UE4CPP/WireHunter/Saved/Config/Windows/Scalability.ini]
[2021.01.31-12.23.46:898][  0]LogConfig: Setting CVar [[foliage.DensityScale:1.0]]
[2021.01.31-12.23.46:898][  0]LogConfig: Setting CVar [[grass.DensityScale:1.0]]
[2021.01.31-12.23.46:898][  0]LogConfig: Applying CVar settings from Section [ShadingQuality@3] File [D:/UE4CPP/WireHunter/Saved/Config/Windows/Scalability.ini]
[2021.01.31-12.23.46:898][  0]LogConfig: Setting CVar [[r.HairStrands.SkyLighting.SampleCount:16]]
[2021.01.31-12.23.46:898][  0]LogConfig: Setting CVar [[r.HairStrands.SkyLighting.JitterIntegration:0]]
[2021.01.31-12.23.46:898][  0]LogConfig: Setting CVar [[r.HairStrands.SkyAO.SampleCount:16]]
[2021.01.31-12.23.46:898][  0]LogConfig: Setting CVar [[r.HairStrands.DeepShadow.SuperSampling:0]]
[2021.01.31-12.23.46:898][  0]LogConfig: Setting CVar [[r.HairStrands.VisibilityPPLL:0]]
[2021.01.31-12.23.46:898][  0]LogConfig: Setting CVar [[r.HairStrands.RasterizationScale:0.5]]
[2021.01.31-12.23.46:898][  0]LogConfig: Setting CVar [[r.HairStrands.VelocityRasterizationScale:1]]
[2021.01.31-12.23.46:898][  0]LogConfig: Applying CVar settings from Section [Startup] File [../../../Engine/Config/ConsoleVariables.ini]
[2021.01.31-12.23.46:899][  0]LogConfig: Setting CVar [[net.UseAdaptiveNetUpdateFrequency:0]]
[2021.01.31-12.23.46:899][  0]LogConfig: Setting CVar [[p.chaos.AllowCreatePhysxBodies:1]]
[2021.01.31-12.23.46:899][  0]LogConfig: Setting CVar [[fx.SkipVectorVMBackendOptimizations:1]]
[2021.01.31-12.23.46:899][  0]LogConfig: Applying CVar settings from Section [ConsoleVariables] File [D:/UE4CPP/WireHunter/Saved/Config/Windows/Engine.ini]
[2021.01.31-12.23.46:899][  0]LogInit: Computer: DESKTOP-FHRPJDT
[2021.01.31-12.23.46:899][  0]LogInit: User: ChoiTaeho
[2021.01.31-12.23.46:899][  0]LogInit: CPU Page size=4096, Cores=6
[2021.01.31-12.23.46:899][  0]LogInit: High frequency timer resolution =10.000000 MHz
[2021.01.31-12.23.46:899][  0]LogMemory: Memory total: Physical=15.9GB (16GB approx)
[2021.01.31-12.23.46:899][  0]LogMemory: Platform Memory Stats for Windows
[2021.01.31-12.23.46:899][  0]LogMemory: Process Physical Memory: 117.40 MB used, 117.40 MB peak
[2021.01.31-12.23.46:899][  0]LogMemory: Process Virtual Memory: 97.18 MB used, 97.18 MB peak
[2021.01.31-12.23.46:899][  0]LogMemory: Physical Memory: 8003.41 MB used,  8307.17 MB free, 16310.58 MB total
[2021.01.31-12.23.46:899][  0]LogMemory: Virtual Memory: 5166.77 MB used,  134212560.00 MB free, 134217728.00 MB total
[2021.01.31-12.23.46:915][  0]LogWindows: WindowsPlatformFeatures enabled
[2021.01.31-12.23.47:109][  0]LogInit: Physics initialised using underlying interface: PhysX
[2021.01.31-12.23.47:109][  0]LogInit: Using OS detected language (ko-KR).
[2021.01.31-12.23.47:109][  0]LogInit: Using OS detected locale (ko-KR).
[2021.01.31-12.23.47:119][  0]LogTextLocalizationManager: No specific localization for 'ko-KR' exists, so the 'ko' localization will be used.
[2021.01.31-12.23.47:363][  0]LogSlate: New Slate User Created.  User Index 0, Is Virtual User: 0
[2021.01.31-12.23.47:364][  0]LogSlate: Slate User Registered.  User Index 0, Is Virtual User: 0
[2021.01.31-12.23.47:379][  0]LogHMD: Failed to initialize OpenVR with code 110
[2021.01.31-12.23.47:379][  0]LogD3D11RHI: D3D11 min allowed feature level: 11_0
[2021.01.31-12.23.47:379][  0]LogD3D11RHI: D3D11 max allowed feature level: 11_0
[2021.01.31-12.23.47:379][  0]LogD3D11RHI: D3D11 adapters:
[2021.01.31-12.23.47:505][  0]LogD3D11RHI:    0. 'NVIDIA GeForce GTX 1060 6GB' (Feature Level 11_0)
[2021.01.31-12.23.47:505][  0]LogD3D11RHI:       6052/0/8155 MB DedicatedVideo/DedicatedSystem/SharedSystem, Outputs:1, VendorId:0x10de
[2021.01.31-12.23.47:510][  0]LogD3D11RHI:    1. 'Microsoft Basic Render Driver' (Feature Level 11_0)
[2021.01.31-12.23.47:510][  0]LogD3D11RHI:       0/0/8155 MB DedicatedVideo/DedicatedSystem/SharedSystem, Outputs:0, VendorId:0x1414
[2021.01.31-12.23.47:510][  0]LogD3D11RHI: Chosen D3D11 Adapter: 0
[2021.01.31-12.23.47:519][  0]LogD3D11RHI: Creating new Direct3DDevice
[2021.01.31-12.23.47:519][  0]LogD3D11RHI:     GPU DeviceId: 0x1c03 (for the marketing name, search the web for "GPU Device Id")
[2021.01.31-12.23.47:519][  0]LogWindows: EnumDisplayDevices:
[2021.01.31-12.23.47:520][  0]LogWindows:    0. 'NVIDIA GeForce GTX 1060 6GB' (P:1 D:1)
[2021.01.31-12.23.47:521][  0]LogWindows:    1. 'NVIDIA GeForce GTX 1060 6GB' (P:0 D:0)
[2021.01.31-12.23.47:522][  0]LogWindows:    2. 'NVIDIA GeForce GTX 1060 6GB' (P:0 D:0)
[2021.01.31-12.23.47:523][  0]LogWindows:    3. 'NVIDIA GeForce GTX 1060 6GB' (P:0 D:0)
[2021.01.31-12.23.47:524][  0]LogWindows: DebugString: FoundDriverCount:4 
[2021.01.31-12.23.47:524][  0]LogD3D11RHI:     Adapter Name: NVIDIA GeForce GTX 1060 6GB
[2021.01.31-12.23.47:524][  0]LogD3D11RHI:   Driver Version: 456.71 (internal:27.21.14.5671, unified:456.71)
[2021.01.31-12.23.47:524][  0]LogD3D11RHI:      Driver Date: 9-30-2020
[2021.01.31-12.23.47:524][  0]LogRHI: Texture pool is 4236 MB (70% of 6052 MB)
[2021.01.31-12.23.47:601][  0]LogD3D11RHI: RHI has support for 64 bit atomics
[2021.01.31-12.23.47:601][  0]LogD3D11RHI: Async texture creation enabled
[2021.01.31-12.23.47:601][  0]LogD3D11RHI: Array index from any shader is supported
[2021.01.31-12.23.47:628][  0]LogD3D11RHI: GPU Timing Frequency: 1000.000000 (Debug: 2 2)
[2021.01.31-12.23.48:191][  0]LogTargetPlatformManager: Display: Loaded TargetPlatform 'WindowsNoEditor'
[2021.01.31-12.23.48:201][  0]LogTargetPlatformManager: Display: Loaded TargetPlatform 'Windows'
[2021.01.31-12.23.48:217][  0]LogTargetPlatformManager: Display: Loaded TargetPlatform 'WindowsClient'
[2021.01.31-12.23.48:233][  0]LogTargetPlatformManager: Display: Loaded TargetPlatform 'WindowsServer'
[2021.01.31-12.23.48:233][  0]LogTargetPlatformManager: Display: Building Assets For Windows
[2021.01.31-12.23.48:262][  0]LogAudioDebug: Display: Lib vorbis DLL was dynamically loaded.
[2021.01.31-12.23.48:457][  0]LogShaderCompilers: Guid format shader working directory is 23 characters bigger than the processId version (D:/UE4CPP/WireHunter/Intermediate/Shaders/WorkingDirectory/13784/).
[2021.01.31-12.23.48:457][  0]LogShaderCompilers: Cleaned the shader compiler working directory 'C:/Users/최태호/AppData/Local/Temp/UnrealShaderWorkingDir/3B33E6D342D0098A9B09C1A5C58F7EC7/'.
[2021.01.31-12.23.48:458][  0]LogXGEController: Cannot use XGE Controller as Incredibuild is not installed on this machine.
[2021.01.31-12.23.48:458][  0]LogShaderCompilers: Cannot use XGE Shader Compiler as Incredibuild is not installed on this machine.
[2021.01.31-12.23.48:458][  0]LogShaderCompilers: Display: Using Local Shader Compiler.
