Log file open, 06/06/21 03:25:52
LogInit: Display: Running engine for game: WireHunter
LogPlatformFile: Not using cached read wrapper
LogTaskGraph: Started task graph with 5 named threads and 35 total threads with 3 sets of task threads.
LogStats: Stats thread started at 0.321287
LogD3D11RHI: Loaded GFSDK_Aftermath_Lib.x64.dll
LogICUInternationalization: ICU TimeZone Detection - Raw Offset: +9:00, Platform Override: ''
LogPluginManager: Mounting plugin Paper2D
LogPluginManager: Mounting plugin AISupport
LogPluginManager: Mounting plugin LightPropagationVolume
LogPluginManager: Mounting plugin CameraShakePreviewer
LogPluginManager: Mounting plugin ActorLayerUtilities
LogPluginManager: Mounting plugin AnimationSharing
LogPluginManager: Mounting plugin CLionSourceCodeAccess
LogPluginManager: Mounting plugin CodeLiteSourceCodeAccess
LogPluginManager: Mounting plugin GitSourceControl
LogPluginManager: Mounting plugin KDevelopSourceCodeAccess
LogPluginManager: Mounting plugin NullSourceCodeAccess
LogPluginManager: Mounting plugin PerforceSourceControl
LogPluginManager: Mounting plugin PlasticSourceControl
LogPluginManager: Mounting plugin RiderSourceCodeAccess
LogPluginManager: Mounting plugin SubversionSourceControl
LogPluginManager: Mounting plugin UObjectPlugin
LogPluginManager: Mounting plugin VisualStudioCodeSourceCodeAccess
LogPluginManager: Mounting plugin VisualStudioSourceCodeAccess
LogPluginManager: Mounting plugin XCodeSourceCodeAccess
LogPluginManager: Mounting plugin AssetManagerEditor
LogPluginManager: Mounting plugin BlueprintMaterialTextureNodes
LogPluginManager: Mounting plugin CryptoKeys
LogPluginManager: Mounting plugin CurveEditorTools
LogPluginManager: Mounting plugin DataValidation
LogPluginManager: Mounting plugin EditorScriptingUtilities
LogPluginManager: Mounting plugin FacialAnimation
LogPluginManager: Mounting plugin GameplayTagsEditor
LogPluginManager: Mounting plugin GeometryMode
LogPluginManager: Mounting plugin MacGraphicsSwitching
LogPluginManager: Mounting plugin MaterialAnalyzer
LogPluginManager: Mounting plugin MobileLauncherProfileWizard
LogPluginManager: Mounting plugin PluginBrowser
LogPluginManager: Mounting plugin SpeedTreeImporter
LogPluginManager: Mounting plugin DatasmithContent
LogPluginManager: Mounting plugin VariantManagerContent
LogPluginManager: Mounting plugin AlembicImporter
LogPluginManager: Mounting plugin AutomationUtils
LogPluginManager: Mounting plugin BackChannel
LogPluginManager: Mounting plugin ChaosCloth
LogPluginManager: Mounting plugin ChaosClothEditor
LogPluginManager: Mounting plugin ChaosEditor
LogPluginManager: Mounting plugin ChaosNiagara
LogPluginManager: Mounting plugin ChaosSolverPlugin
LogPluginManager: Mounting plugin CharacterAI
LogPluginManager: Mounting plugin GeometryCache
LogPluginManager: Mounting plugin GeometryCollectionPlugin
LogPluginManager: Mounting plugin GeometryProcessing
LogPluginManager: Mounting plugin PlanarCut
LogPluginManager: Mounting plugin PlatformCrypto
LogPluginManager: Mounting plugin ProxyLODPlugin
LogPluginManager: Mounting plugin SkeletalReduction
LogPluginManager: Mounting plugin Volumetrics
LogPluginManager: Mounting plugin Niagara
LogPluginManager: Mounting plugin MagicLeap
LogPluginManager: Mounting plugin MagicLeapLightEstimation
LogPluginManager: Mounting plugin MagicLeapMedia
LogPluginManager: Mounting plugin MagicLeapPassableWorld
LogPluginManager: Mounting plugin MLSDK
LogPluginManager: Mounting plugin AndroidMedia
LogPluginManager: Mounting plugin AvfMedia
LogPluginManager: Mounting plugin ImgMedia
LogPluginManager: Mounting plugin MediaCompositing
LogPluginManager: Mounting plugin MediaPlayerEditor
LogPluginManager: Mounting plugin WebMMedia
LogPluginManager: Mounting plugin WmfMedia
LogPluginManager: Mounting plugin MeshPainting
LogPluginManager: Mounting plugin TcpMessaging
LogPluginManager: Mounting plugin UdpMessaging
LogPluginManager: Mounting plugin ActorSequence
LogPluginManager: Mounting plugin LevelSequenceEditor
LogPluginManager: Mounting plugin MatineeToLevelSequence
LogPluginManager: Mounting plugin MovieRenderPipeline
LogPluginManager: Mounting plugin TemplateSequence
LogPluginManager: Mounting plugin NetcodeUnitTest
LogPluginManager: Mounting plugin NUTUnrealEngine4
LogPluginManager: Mounting plugin OnlineSubsystemGooglePlay
LogPluginManager: Mounting plugin OnlineSubsystemIOS
LogPluginManager: Mounting plugin OnlineSubsystem
LogPluginManager: Mounting plugin OnlineSubsystemNull
LogPluginManager: Mounting plugin OnlineSubsystemUtils
LogPluginManager: Mounting plugin LauncherChunkInstaller
LogPluginManager: Mounting plugin AndroidDeviceProfileSelector
LogPluginManager: Mounting plugin AndroidMoviePlayer
LogPluginManager: Mounting plugin AndroidPermission
LogPluginManager: Mounting plugin AppleImageUtils
LogPluginManager: Mounting plugin AppleMoviePlayer
LogPluginManager: Mounting plugin ArchVisCharacter
LogPluginManager: Mounting plugin AssetTags
LogPluginManager: Mounting plugin AudioCapture
LogPluginManager: Mounting plugin CableComponent
LogPluginManager: Mounting plugin CustomMeshComponent
LogPluginManager: Mounting plugin EditableMesh
LogPluginManager: Mounting plugin ExampleDeviceProfileSelector
LogPluginManager: Mounting plugin GoogleCloudMessaging
LogPluginManager: Mounting plugin GooglePAD
LogPluginManager: Mounting plugin IOSDeviceProfileSelector
LogPluginManager: Mounting plugin LinuxDeviceProfileSelector
LogPluginManager: Mounting plugin LocationServicesBPLibrary
LogPluginManager: Mounting plugin MobilePatchingUtils
LogPluginManager: Mounting plugin OculusVR
LogPluginManager: Mounting plugin PhysXVehicles
LogPluginManager: Mounting plugin PostSplashScreen
LogPluginManager: Mounting plugin ProceduralMeshComponent
LogPluginManager: Mounting plugin RuntimePhysXCooking
LogPluginManager: Mounting plugin SignificanceManager
LogPluginManager: Mounting plugin SoundFields
LogPluginManager: Mounting plugin SteamVR
LogPluginManager: Mounting plugin Synthesis
LogPluginManager: Mounting plugin WebMMoviePlayer
LogPluginManager: Mounting plugin WindowsMoviePlayer
LogPluginManager: Mounting plugin ScreenshotTools
LogInit: Using libcurl 7.55.1-DEV
LogInit:  - built for x86_64-pc-win32
LogInit:  - supports SSL with OpenSSL/1.1.1
LogInit:  - supports HTTP deflate (compression) using libz 1.2.8
LogInit:  - other features:
LogInit:      CURL_VERSION_SSL
LogInit:      CURL_VERSION_LIBZ
LogInit:      CURL_VERSION_IPV6
LogInit:      CURL_VERSION_ASYNCHDNS
LogInit:      CURL_VERSION_LARGEFILE
LogInit:      CURL_VERSION_IDN
LogInit:  CurlRequestOptions (configurable via config and command line):
LogInit:  - bVerifyPeer = true  - Libcurl will verify peer certificate
LogInit:  - bUseHttpProxy = false  - Libcurl will NOT use HTTP proxy
LogInit:  - bDontReuseConnections = false  - Libcurl will reuse connections
LogInit:  - MaxHostConnections = 16  - Libcurl will limit the number of connections to a host
LogInit:  - LocalHostAddr = Default
LogInit:  - BufferSize = 65536
LogOnline: OSS: Creating online subsystem instance for: NULL
LogInit: WinSock: version 1.1 (2.2), MaxSocks=32767, MaxUdp=65467
LogOnline: OSS: TryLoadSubsystemAndSetDefault: Loaded subsystem for module [NULL]
LogInit: Build: ++UE4+Release-4.25-CL-14469661
LogInit: Engine Version: 4.25.4-14469661+++UE4+Release-4.25
LogInit: Compatible Engine Version: 4.25.0-13144385+++UE4+Release-4.25
LogInit: Net CL: 13144385
LogInit: OS: Windows 10 (Release 2004) (), CPU: AMD Ryzen 5 2600X Six-Core Processor           , GPU: NVIDIA GeForce GTX 1060 6GB
LogInit: Compiled (64-bit): Oct 11 2020 08:10:49
LogInit: Compiled with Visual C++: 19.24.28315.00
LogInit: Build Configuration: Development
LogInit: Branch Name: ++UE4+Release-4.25
LogInit: Command Line: 
LogInit: Base Directory: C:/Program Files/Epic Games/UE_4.25/Engine/Binaries/Win64/
LogInit: Allocator: TBB
LogInit: Installed Engine Build: 1
LogDevObjectVersion: Number of dev versions registered: 26
LogDevObjectVersion:   Dev-Blueprints (B0D832E4-1F89-4F0D-ACCF-7EB736FD4AA2): 10
LogDevObjectVersion:   Dev-Build (E1C64328-A22C-4D53-A36C-8E866417BD8C): 0
LogDevObjectVersion:   Dev-Core (375EC13C-06E4-48FB-B500-84F0262A717E): 4
LogDevObjectVersion:   Dev-Editor (E4B068ED-F494-42E9-A231-DA0B2E46BB41): 38
LogDevObjectVersion:   Dev-Framework (CFFC743F-43B0-4480-9391-14DF171D2073): 37
LogDevObjectVersion:   Dev-Mobile (B02B49B5-BB20-44E9-A304-32B752E40360): 2
LogDevObjectVersion:   Dev-Networking (A4E4105C-59A1-49B5-A7C5-40C4547EDFEE): 0
LogDevObjectVersion:   Dev-Online (39C831C9-5AE6-47DC-9A44-9C173E1C8E7C): 0
LogDevObjectVersion:   Dev-Physics (78F01B33-EBEA-4F98-B9B4-84EACCB95AA2): 4
LogDevObjectVersion:   Dev-Platform (6631380F-2D4D-43E0-8009-CF276956A95A): 0
LogDevObjectVersion:   Dev-Rendering (12F88B9F-8875-4AFC-A67C-D90C383ABD29): 43
LogDevObjectVersion:   Dev-Sequencer (7B5AE74C-D270-4C10-A958-57980B212A5A): 12
LogDevObjectVersion:   Dev-VR (D7296918-1DD6-4BDD-9DE2-64A83CC13884): 3
LogDevObjectVersion:   Dev-LoadTimes (C2A15278-BFE7-4AFE-6C17-90FF531DF755): 1
LogDevObjectVersion:   Private-Geometry (6EACA3D4-40EC-4CC1-B786-8BED09428FC5): 3
LogDevObjectVersion:   Dev-AnimPhys (29E575DD-E0A3-4627-9D10-D276232CDCEA): 17
LogDevObjectVersion:   Dev-Anim (AF43A65D-7FD3-4947-9873-3E8ED9C1BB05): 7
LogDevObjectVersion:   Dev-ReflectionCapture (6B266CEC-1EC7-4B8F-A30B-E4D90942FC07): 1
LogDevObjectVersion:   Dev-Automation (0DF73D61-A23F-47EA-B727-89E90C41499A): 1
LogDevObjectVersion:   FortniteMain (601D1886-AC64-4F84-AA16-D3DE0DEAC7D6): 31
LogDevObjectVersion:   Dev-Enterprise (9DFFBCD6-494F-0158-E221-12823C92A888): 10
LogDevObjectVersion:   Dev-Niagara (F2AED0AC-9AFE-416F-8664-AA7FFA26D6FC): 1
LogDevObjectVersion:   Dev-Destruction (174F1F0B-B4C6-45A5-B13F-2EE8D0FB917D): 10
LogDevObjectVersion:   Dev-Physics-Ext (35F94A83-E258-406C-A318-09F59610247C): 37
LogDevObjectVersion:   Dev-PhysicsMaterial-Chaos (B68FC16E-8B1B-42E2-B453-215C058844FE): 1
LogDevObjectVersion:   Dev-CineCamera (B2E18506-4273-CFC2-A54E-F4BB758BBA07): 1
LogInit: Presizing for max 25165824 objects, including 0 objects not considered by GC, pre-allocating 0 bytes for permanent pool.
LogConfig: Applying CVar settings from Section [/Script/Engine.StreamingSettings] File [C:/Wire-Hunter/work/choi/WireHunter/Saved/Config/Windows/Engine.ini]
LogConfig: Setting CVar [[s.MinBulkDataSizeForAsyncLoading:131072]]
LogConfig: Setting CVar [[s.AsyncLoadingThreadEnabled:0]]
LogConfig: Setting CVar [[s.EventDrivenLoaderEnabled:1]]
LogConfig: Setting CVar [[s.WarnIfTimeLimitExceeded:0]]
LogConfig: Setting CVar [[s.TimeLimitExceededMultiplier:1.5]]
LogConfig: Setting CVar [[s.TimeLimitExceededMinTime:0.005]]
LogConfig: Setting CVar [[s.UseBackgroundLevelStreaming:1]]
LogConfig: Setting CVar [[s.PriorityAsyncLoadingExtraTime:15.0]]
LogConfig: Setting CVar [[s.LevelStreamingActorsUpdateTimeLimit:5.0]]
LogConfig: Setting CVar [[s.PriorityLevelStreamingActorsUpdateExtraTime:5.0]]
LogConfig: Setting CVar [[s.LevelStreamingComponentsRegistrationGranularity:10]]
LogConfig: Setting CVar [[s.UnregisterComponentsTimeLimit:1.0]]
LogConfig: Setting CVar [[s.LevelStreamingComponentsUnregistrationGranularity:5]]
LogConfig: Setting CVar [[s.FlushStreamingOnExit:1]]
LogInit: Object subsystem initialized
LogConfig: Setting CVar [[con.DebugEarlyDefault:1]]
LogConfig: Setting CVar [[r.setres:1280x720]]
[2021.06.05-18.25.53:499][  0]LogConfig: Setting CVar [[r.VSync:0]]
[2021.06.05-18.25.53:499][  0]LogConfig: Setting CVar [[r.RHICmdBypass:0]]
[2021.06.05-18.25.53:499][  0]LogConfig: Applying CVar settings from Section [/Script/Engine.RendererSettings] File [C:/Wire-Hunter/work/choi/WireHunter/Saved/Config/Windows/Engine.ini]
[2021.06.05-18.25.53:499][  0]LogConfig: Setting CVar [[r.GPUCrashDebugging:0]]
[2021.06.05-18.25.53:499][  0]LogConfig: Applying CVar settings from Section [/Script/Engine.RendererOverrideSettings] File [C:/Wire-Hunter/work/choi/WireHunter/Saved/Config/Windows/Engine.ini]
[2021.06.05-18.25.53:499][  0]LogConfig: Applying CVar settings from Section [/Script/Engine.StreamingSettings] File [C:/Wire-Hunter/work/choi/WireHunter/Saved/Config/Windows/Engine.ini]
[2021.06.05-18.25.53:499][  0]LogConfig: Setting CVar [[s.MinBulkDataSizeForAsyncLoading:131072]]
[2021.06.05-18.25.53:499][  0]LogConfig: Setting CVar [[s.AsyncLoadingThreadEnabled:0]]
[2021.06.05-18.25.53:499][  0]LogConfig: Setting CVar [[s.EventDrivenLoaderEnabled:1]]
[2021.06.05-18.25.53:499][  0]LogConfig: Setting CVar [[s.WarnIfTimeLimitExceeded:0]]
[2021.06.05-18.25.53:499][  0]LogConfig: Setting CVar [[s.TimeLimitExceededMultiplier:1.5]]
[2021.06.05-18.25.53:499][  0]LogConfig: Setting CVar [[s.TimeLimitExceededMinTime:0.005]]
[2021.06.05-18.25.53:499][  0]LogConfig: Setting CVar [[s.UseBackgroundLevelStreaming:1]]
[2021.06.05-18.25.53:499][  0]LogConfig: Setting CVar [[s.PriorityAsyncLoadingExtraTime:15.0]]
[2021.06.05-18.25.53:499][  0]LogConfig: Setting CVar [[s.LevelStreamingActorsUpdateTimeLimit:5.0]]
[2021.06.05-18.25.53:499][  0]LogConfig: Setting CVar [[s.PriorityLevelStreamingActorsUpdateExtraTime:5.0]]
[2021.06.05-18.25.53:499][  0]LogConfig: Setting CVar [[s.LevelStreamingComponentsRegistrationGranularity:10]]
[2021.06.05-18.25.53:499][  0]LogConfig: Setting CVar [[s.UnregisterComponentsTimeLimit:1.0]]
[2021.06.05-18.25.53:499][  0]LogConfig: Setting CVar [[s.LevelStreamingComponentsUnregistrationGranularity:5]]
[2021.06.05-18.25.53:499][  0]LogConfig: Setting CVar [[s.FlushStreamingOnExit:1]]
[2021.06.05-18.25.53:499][  0]LogConfig: Applying CVar settings from Section [/Script/Engine.GarbageCollectionSettings] File [C:/Wire-Hunter/work/choi/WireHunter/Saved/Config/Windows/Engine.ini]
[2021.06.05-18.25.53:499][  0]LogConfig: Setting CVar [[gc.MaxObjectsNotConsideredByGC:1]]
[2021.06.05-18.25.53:499][  0]LogConfig: Setting CVar [[gc.SizeOfPermanentObjectPool:0]]
[2021.06.05-18.25.53:499][  0]LogConfig: Setting CVar [[gc.FlushStreamingOnGC:0]]
[2021.06.05-18.25.53:499][  0]LogConfig: Setting CVar [[gc.NumRetriesBeforeForcingGC:10]]
[2021.06.05-18.25.53:499][  0]LogConfig: Setting CVar [[gc.AllowParallelGC:1]]
[2021.06.05-18.25.53:499][  0]LogConfig: Setting CVar [[gc.TimeBetweenPurgingPendingKillObjects:61.1]]
[2021.06.05-18.25.53:499][  0]LogConfig: Setting CVar [[gc.MaxObjectsInEditor:25165824]]
[2021.06.05-18.25.53:499][  0]LogConfig: Setting CVar [[gc.IncrementalBeginDestroyEnabled:1]]
[2021.06.05-18.25.53:499][  0]LogConfig: Setting CVar [[gc.CreateGCClusters:1]]
[2021.06.05-18.25.53:499][  0]LogConfig: Setting CVar [[gc.MinGCClusterSize:5]]
[2021.06.05-18.25.53:499][  0]LogConfig: Setting CVar [[gc.ActorClusteringEnabled:0]]
[2021.06.05-18.25.53:499][  0]LogConfig: Setting CVar [[gc.BlueprintClusteringEnabled:0]]
[2021.06.05-18.25.53:499][  0]LogConfig: Setting CVar [[gc.UseDisregardForGCOnDedicatedServers:0]]
[2021.06.05-18.25.53:499][  0]LogConfig: Applying CVar settings from Section [/Script/Engine.NetworkSettings] File [C:/Wire-Hunter/work/choi/WireHunter/Saved/Config/Windows/Engine.ini]
[2021.06.05-18.25.53:499][  0]LogConfig: Applying CVar settings from Section [/Script/UnrealEd.CookerSettings] File [C:/Wire-Hunter/work/choi/WireHunter/Saved/Config/Windows/Engine.ini]
[2021.06.05-18.25.53:504][  0]LogConfig: Applying CVar settings from Section [ViewDistanceQuality@3] File [C:/Wire-Hunter/work/choi/WireHunter/Saved/Config/Windows/Scalability.ini]
[2021.06.05-18.25.53:504][  0]LogConfig: Setting CVar [[r.SkeletalMeshLODBias:0]]
[2021.06.05-18.25.53:504][  0]LogConfig: Setting CVar [[r.ViewDistanceScale:1.0]]
[2021.06.05-18.25.53:504][  0]LogConfig: Applying CVar settings from Section [AntiAliasingQuality@3] File [C:/Wire-Hunter/work/choi/WireHunter/Saved/Config/Windows/Scalability.ini]
[2021.06.05-18.25.53:504][  0]LogConfig: Setting CVar [[r.PostProcessAAQuality:4]]
[2021.06.05-18.25.53:504][  0]LogConfig: Applying CVar settings from Section [ShadowQuality@3] File [C:/Wire-Hunter/work/choi/WireHunter/Saved/Config/Windows/Scalability.ini]
[2021.06.05-18.25.53:504][  0]LogConfig: Setting CVar [[r.LightFunctionQuality:1]]
[2021.06.05-18.25.53:504][  0]LogConfig: Setting CVar [[r.ShadowQuality:5]]
[2021.06.05-18.25.53:504][  0]LogConfig: Setting CVar [[r.Shadow.CSM.MaxCascades:10]]
[2021.06.05-18.25.53:504][  0]LogConfig: Setting CVar [[r.Shadow.MaxResolution:2048]]
[2021.06.05-18.25.53:504][  0]LogConfig: Setting CVar [[r.Shadow.MaxCSMResolution:2048]]
[2021.06.05-18.25.53:504][  0]LogConfig: Setting CVar [[r.Shadow.RadiusThreshold:0.01]]
[2021.06.05-18.25.53:504][  0]LogConfig: Setting CVar [[r.Shadow.DistanceScale:1.0]]
[2021.06.05-18.25.53:504][  0]LogConfig: Setting CVar [[r.Shadow.CSM.TransitionScale:1.0]]
[2021.06.05-18.25.53:504][  0]LogConfig: Setting CVar [[r.Shadow.PreShadowResolutionFactor:1.0]]
[2021.06.05-18.25.53:504][  0]LogConfig: Setting CVar [[r.DistanceFieldShadowing:1]]
[2021.06.05-18.25.53:504][  0]LogConfig: Setting CVar [[r.DistanceFieldAO:1]]
[2021.06.05-18.25.53:504][  0]LogConfig: Setting CVar [[r.AOQuality:2]]
[2021.06.05-18.25.53:504][  0]LogConfig: Setting CVar [[r.VolumetricFog:1]]
[2021.06.05-18.25.53:504][  0]LogConfig: Setting CVar [[r.VolumetricFog.GridPixelSize:8]]
[2021.06.05-18.25.53:504][  0]LogConfig: Setting CVar [[r.VolumetricFog.GridSizeZ:128]]
[2021.06.05-18.25.53:504][  0]LogConfig: Setting CVar [[r.VolumetricFog.HistoryMissSupersampleCount:4]]
[2021.06.05-18.25.53:504][  0]LogConfig: Setting CVar [[r.LightMaxDrawDistanceScale:1]]
[2021.06.05-18.25.53:504][  0]LogConfig: Setting CVar [[r.CapsuleShadows:1]]
[2021.06.05-18.25.53:504][  0]LogConfig: Applying CVar settings from Section [PostProcessQuality@3] File [C:/Wire-Hunter/work/choi/WireHunter/Saved/Config/Windows/Scalability.ini]
[2021.06.05-18.25.53:504][  0]LogConfig: Setting CVar [[r.MotionBlurQuality:4]]
[2021.06.05-18.25.53:504][  0]LogConfig: Setting CVar [[r.AmbientOcclusionMipLevelFactor:0.4]]
[2021.06.05-18.25.53:504][  0]LogConfig: Setting CVar [[r.AmbientOcclusionMaxQuality:100]]
[2021.06.05-18.25.53:504][  0]LogConfig: Setting CVar [[r.AmbientOcclusionLevels:-1]]
[2021.06.05-18.25.53:504][  0]LogConfig: Setting CVar [[r.AmbientOcclusionRadiusScale:1.0]]
[2021.06.05-18.25.53:504][  0]LogConfig: Setting CVar [[r.DepthOfFieldQuality:2]]
[2021.06.05-18.25.53:504][  0]LogConfig: Setting CVar [[r.RenderTargetPoolMin:400]]
[2021.06.05-18.25.53:504][  0]LogConfig: Setting CVar [[r.LensFlareQuality:2]]
[2021.06.05-18.25.53:504][  0]LogConfig: Setting CVar [[r.SceneColorFringeQuality:1]]
[2021.06.05-18.25.53:504][  0]LogConfig: Setting CVar [[r.EyeAdaptationQuality:2]]
[2021.06.05-18.25.53:504][  0]LogConfig: Setting CVar [[r.BloomQuality:5]]
[2021.06.05-18.25.53:504][  0]LogConfig: Setting CVar [[r.FastBlurThreshold:100]]
[2021.06.05-18.25.53:504][  0]LogConfig: Setting CVar [[r.Upscale.Quality:3]]
[2021.06.05-18.25.53:505][  0]LogConfig: Setting CVar [[r.Tonemapper.GrainQuantization:1]]
[2021.06.05-18.25.53:505][  0]LogConfig: Setting CVar [[r.LightShaftQuality:1]]
[2021.06.05-18.25.53:505][  0]LogConfig: Setting CVar [[r.Filter.SizeScale:1]]
[2021.06.05-18.25.53:505][  0]LogConfig: Setting CVar [[r.Tonemapper.Quality:5]]
[2021.06.05-18.25.53:505][  0]LogConfig: Setting CVar [[r.DOF.Gather.AccumulatorQuality:1        ; higher gathering accumulator quality]]
[2021.06.05-18.25.53:505][  0]LogConfig: Setting CVar [[r.DOF.Gather.PostfilterMethod:1          ; Median3x3 postfilering method]]
[2021.06.05-18.25.53:505][  0]LogConfig: Setting CVar [[r.DOF.Gather.EnableBokehSettings:0       ; no bokeh simulation when gathering]]
[2021.06.05-18.25.53:505][  0]LogConfig: Setting CVar [[r.DOF.Gather.RingCount:4                 ; medium number of samples when gathering]]
[2021.06.05-18.25.53:505][  0]LogConfig: Setting CVar [[r.DOF.Scatter.ForegroundCompositing:1    ; additive foreground scattering]]
[2021.06.05-18.25.53:505][  0]LogConfig: Setting CVar [[r.DOF.Scatter.BackgroundCompositing:2    ; additive background scattering]]
[2021.06.05-18.25.53:505][  0]LogConfig: Setting CVar [[r.DOF.Scatter.EnableBokehSettings:1      ; bokeh simulation when scattering]]
[2021.06.05-18.25.53:505][  0]LogConfig: Setting CVar [[r.DOF.Scatter.MaxSpriteRatio:0.1         ; only a maximum of 10% of scattered bokeh]]
[2021.06.05-18.25.53:505][  0]LogConfig: Setting CVar [[r.DOF.Recombine.Quality:1                ; cheap slight out of focus]]
[2021.06.05-18.25.53:505][  0]LogConfig: Setting CVar [[r.DOF.Recombine.EnableBokehSettings:0    ; no bokeh simulation on slight out of focus]]
[2021.06.05-18.25.53:505][  0]LogConfig: Setting CVar [[r.DOF.TemporalAAQuality:1                ; more stable temporal accumulation]]
[2021.06.05-18.25.53:505][  0]LogConfig: Setting CVar [[r.DOF.Kernel.MaxForegroundRadius:0.025]]
[2021.06.05-18.25.53:505][  0]LogConfig: Setting CVar [[r.DOF.Kernel.MaxBackgroundRadius:0.025]]
[2021.06.05-18.25.53:505][  0]LogConfig: Applying CVar settings from Section [TextureQuality@3] File [C:/Wire-Hunter/work/choi/WireHunter/Saved/Config/Windows/Scalability.ini]
[2021.06.05-18.25.53:505][  0]LogConfig: Setting CVar [[r.Streaming.MipBias:0]]
[2021.06.05-18.25.53:505][  0]LogConfig: Setting CVar [[r.Streaming.AmortizeCPUToGPUCopy:0]]
[2021.06.05-18.25.53:505][  0]LogConfig: Setting CVar [[r.Streaming.MaxNumTexturesToStreamPerFrame:0]]
[2021.06.05-18.25.53:505][  0]LogConfig: Setting CVar [[r.Streaming.Boost:1]]
[2021.06.05-18.25.53:505][  0]LogConfig: Setting CVar [[r.MaxAnisotropy:8]]
[2021.06.05-18.25.53:505][  0]LogConfig: Setting CVar [[r.VT.MaxAnisotropy:8]]
[2021.06.05-18.25.53:505][  0]LogConfig: Setting CVar [[r.Streaming.LimitPoolSizeToVRAM:0]]
[2021.06.05-18.25.53:505][  0]LogConfig: Setting CVar [[r.Streaming.PoolSize:1000]]
[2021.06.05-18.25.53:505][  0]LogConfig: Setting CVar [[r.Streaming.MaxEffectiveScreenSize:0]]
[2021.06.05-18.25.53:505][  0]LogConfig: Applying CVar settings from Section [EffectsQuality@3] File [C:/Wire-Hunter/work/choi/WireHunter/Saved/Config/Windows/Scalability.ini]
[2021.06.05-18.25.53:505][  0]LogConfig: Setting CVar [[r.TranslucencyLightingVolumeDim:64]]
[2021.06.05-18.25.53:505][  0]LogConfig: Setting CVar [[r.RefractionQuality:2]]
[2021.06.05-18.25.53:505][  0]LogConfig: Setting CVar [[r.SSR.Quality:3]]
[2021.06.05-18.25.53:505][  0]LogConfig: Setting CVar [[r.SSR.HalfResSceneColor:0]]
[2021.06.05-18.25.53:505][  0]LogConfig: Setting CVar [[r.SceneColorFormat:4]]
[2021.06.05-18.25.53:505][  0]LogConfig: Setting CVar [[r.DetailMode:2]]
[2021.06.05-18.25.53:505][  0]LogConfig: Setting CVar [[r.TranslucencyVolumeBlur:1]]
[2021.06.05-18.25.53:505][  0]LogConfig: Setting CVar [[r.MaterialQualityLevel:1 ; High quality]]
[2021.06.05-18.25.53:505][  0]LogConfig: Setting CVar [[r.SSS.Scale:1]]
[2021.06.05-18.25.53:505][  0]LogConfig: Setting CVar [[r.SSS.SampleSet:2]]
[2021.06.05-18.25.53:505][  0]LogConfig: Setting CVar [[r.SSS.Quality:1]]
[2021.06.05-18.25.53:505][  0]LogConfig: Setting CVar [[r.SSS.HalfRes:0]]
[2021.06.05-18.25.53:505][  0]LogConfig: Setting CVar [[r.SSGI.Quality:3]]
[2021.06.05-18.25.53:505][  0]LogConfig: Setting CVar [[r.EmitterSpawnRateScale:1.0]]
[2021.06.05-18.25.53:505][  0]LogConfig: Setting CVar [[r.ParticleLightQuality:2]]
[2021.06.05-18.25.53:505][  0]LogConfig: Setting CVar [[r.SkyAtmosphere.AerialPerspectiveLUT.FastApplyOnOpaque:1 ; Always have FastSkyLUT 1 in this case to avoid wrong sky]]
[2021.06.05-18.25.53:505][  0]LogConfig: Setting CVar [[r.SkyAtmosphere.AerialPerspectiveLUT.SampleCountPerSlice:1]]
[2021.06.05-18.25.53:505][  0]LogConfig: Setting CVar [[r.SkyAtmosphere.AerialPerspectiveLUT.DepthResolution:16.0]]
[2021.06.05-18.25.53:505][  0]LogConfig: Setting CVar [[r.SkyAtmosphere.FastSkyLUT:1]]
[2021.06.05-18.25.53:505][  0]LogConfig: Setting CVar [[r.SkyAtmosphere.FastSkyLUT.SampleCountMin:4.0]]
[2021.06.05-18.25.53:505][  0]LogConfig: Setting CVar [[r.SkyAtmosphere.FastSkyLUT.SampleCountMax:32.0]]
[2021.06.05-18.25.53:505][  0]LogConfig: Setting CVar [[r.SkyAtmosphere.SampleCountMin:4.0]]
[2021.06.05-18.25.53:505][  0]LogConfig: Setting CVar [[r.SkyAtmosphere.SampleCountMax:32.0]]
[2021.06.05-18.25.53:505][  0]LogConfig: Setting CVar [[r.SkyAtmosphere.TransmittanceLUT.UseSmallFormat:0]]
[2021.06.05-18.25.53:505][  0]LogConfig: Setting CVar [[r.SkyAtmosphere.TransmittanceLUT.SampleCount:10.0]]
[2021.06.05-18.25.53:505][  0]LogConfig: Setting CVar [[r.SkyAtmosphere.MultiScatteringLUT.SampleCount:15.0]]
[2021.06.05-18.25.53:505][  0]LogConfig: Applying CVar settings from Section [FoliageQuality@3] File [C:/Wire-Hunter/work/choi/WireHunter/Saved/Config/Windows/Scalability.ini]
[2021.06.05-18.25.53:505][  0]LogConfig: Setting CVar [[foliage.DensityScale:1.0]]
[2021.06.05-18.25.53:505][  0]LogConfig: Setting CVar [[grass.DensityScale:1.0]]
[2021.06.05-18.25.53:505][  0]LogConfig: Applying CVar settings from Section [ShadingQuality@3] File [C:/Wire-Hunter/work/choi/WireHunter/Saved/Config/Windows/Scalability.ini]
[2021.06.05-18.25.53:505][  0]LogConfig: Setting CVar [[r.HairStrands.SkyLighting.SampleCount:16]]
[2021.06.05-18.25.53:505][  0]LogConfig: Setting CVar [[r.HairStrands.SkyLighting.JitterIntegration:0]]
[2021.06.05-18.25.53:505][  0]LogConfig: Setting CVar [[r.HairStrands.SkyAO.SampleCount:16]]
[2021.06.05-18.25.53:505][  0]LogConfig: Setting CVar [[r.HairStrands.DeepShadow.SuperSampling:0]]
[2021.06.05-18.25.53:505][  0]LogConfig: Setting CVar [[r.HairStrands.VisibilityPPLL:0]]
[2021.06.05-18.25.53:505][  0]LogConfig: Setting CVar [[r.HairStrands.RasterizationScale:0.5]]
[2021.06.05-18.25.53:505][  0]LogConfig: Setting CVar [[r.HairStrands.VelocityRasterizationScale:1]]
[2021.06.05-18.25.53:506][  0]LogInit: Selected Device Profile: [Windows]
[2021.06.05-18.25.53:506][  0]LogInit: Applying CVar settings loaded from the selected device profile: [Windows]
[2021.06.05-18.25.53:506][  0]LogHAL: Display: Platform has ~ 16 GB [17102884864 / 17179869184 / 16], which maps to Larger [LargestMinGB=32, LargerMinGB=12, DefaultMinGB=8, SmallerMinGB=6, SmallestMinGB=0)
[2021.06.05-18.25.53:506][  0]LogInit: Going up to parent DeviceProfile []
[2021.06.05-18.25.53:506][  0]LogConfig: Applying CVar settings from Section [ViewDistanceQuality@3] File [C:/Wire-Hunter/work/choi/WireHunter/Saved/Config/Windows/Scalability.ini]
[2021.06.05-18.25.53:506][  0]LogConfig: Setting CVar [[r.SkeletalMeshLODBias:0]]
[2021.06.05-18.25.53:506][  0]LogConfig: Setting CVar [[r.ViewDistanceScale:1.0]]
[2021.06.05-18.25.53:506][  0]LogConfig: Applying CVar settings from Section [AntiAliasingQuality@3] File [C:/Wire-Hunter/work/choi/WireHunter/Saved/Config/Windows/Scalability.ini]
[2021.06.05-18.25.53:506][  0]LogConfig: Setting CVar [[r.PostProcessAAQuality:4]]
[2021.06.05-18.25.53:506][  0]LogConfig: Applying CVar settings from Section [ShadowQuality@3] File [C:/Wire-Hunter/work/choi/WireHunter/Saved/Config/Windows/Scalability.ini]
[2021.06.05-18.25.53:506][  0]LogConfig: Setting CVar [[r.LightFunctionQuality:1]]
[2021.06.05-18.25.53:506][  0]LogConfig: Setting CVar [[r.ShadowQuality:5]]
[2021.06.05-18.25.53:506][  0]LogConfig: Setting CVar [[r.Shadow.CSM.MaxCascades:10]]
[2021.06.05-18.25.53:506][  0]LogConfig: Setting CVar [[r.Shadow.MaxResolution:2048]]
[2021.06.05-18.25.53:506][  0]LogConfig: Setting CVar [[r.Shadow.MaxCSMResolution:2048]]
[2021.06.05-18.25.53:506][  0]LogConfig: Setting CVar [[r.Shadow.RadiusThreshold:0.01]]
[2021.06.05-18.25.53:506][  0]LogConfig: Setting CVar [[r.Shadow.DistanceScale:1.0]]
[2021.06.05-18.25.53:506][  0]LogConfig: Setting CVar [[r.Shadow.CSM.TransitionScale:1.0]]
[2021.06.05-18.25.53:506][  0]LogConfig: Setting CVar [[r.Shadow.PreShadowResolutionFactor:1.0]]
[2021.06.05-18.25.53:506][  0]LogConfig: Setting CVar [[r.DistanceFieldShadowing:1]]
[2021.06.05-18.25.53:506][  0]LogConfig: Setting CVar [[r.DistanceFieldAO:1]]
[2021.06.05-18.25.53:506][  0]LogConfig: Setting CVar [[r.AOQuality:2]]
[2021.06.05-18.25.53:506][  0]LogConfig: Setting CVar [[r.VolumetricFog:1]]
[2021.06.05-18.25.53:506][  0]LogConfig: Setting CVar [[r.VolumetricFog.GridPixelSize:8]]
[2021.06.05-18.25.53:506][  0]LogConfig: Setting CVar [[r.VolumetricFog.GridSizeZ:128]]
[2021.06.05-18.25.53:506][  0]LogConfig: Setting CVar [[r.VolumetricFog.HistoryMissSupersampleCount:4]]
[2021.06.05-18.25.53:506][  0]LogConfig: Setting CVar [[r.LightMaxDrawDistanceScale:1]]
[2021.06.05-18.25.53:506][  0]LogConfig: Setting CVar [[r.CapsuleShadows:1]]
[2021.06.05-18.25.53:506][  0]LogConfig: Applying CVar settings from Section [PostProcessQuality@3] File [C:/Wire-Hunter/work/choi/WireHunter/Saved/Config/Windows/Scalability.ini]
[2021.06.05-18.25.53:506][  0]LogConfig: Setting CVar [[r.MotionBlurQuality:4]]
[2021.06.05-18.25.53:506][  0]LogConfig: Setting CVar [[r.AmbientOcclusionMipLevelFactor:0.4]]
[2021.06.05-18.25.53:506][  0]LogConfig: Setting CVar [[r.AmbientOcclusionMaxQuality:100]]
[2021.06.05-18.25.53:506][  0]LogConfig: Setting CVar [[r.AmbientOcclusionLevels:-1]]
[2021.06.05-18.25.53:506][  0]LogConfig: Setting CVar [[r.AmbientOcclusionRadiusScale:1.0]]
[2021.06.05-18.25.53:506][  0]LogConfig: Setting CVar [[r.DepthOfFieldQuality:2]]
[2021.06.05-18.25.53:506][  0]LogConfig: Setting CVar [[r.RenderTargetPoolMin:400]]
[2021.06.05-18.25.53:506][  0]LogConfig: Setting CVar [[r.LensFlareQuality:2]]
[2021.06.05-18.25.53:506][  0]LogConfig: Setting CVar [[r.SceneColorFringeQuality:1]]
[2021.06.05-18.25.53:506][  0]LogConfig: Setting CVar [[r.EyeAdaptationQuality:2]]
[2021.06.05-18.25.53:506][  0]LogConfig: Setting CVar [[r.BloomQuality:5]]
[2021.06.05-18.25.53:506][  0]LogConfig: Setting CVar [[r.FastBlurThreshold:100]]
[2021.06.05-18.25.53:506][  0]LogConfig: Setting CVar [[r.Upscale.Quality:3]]
[2021.06.05-18.25.53:506][  0]LogConfig: Setting CVar [[r.Tonemapper.GrainQuantization:1]]
[2021.06.05-18.25.53:506][  0]LogConfig: Setting CVar [[r.LightShaftQuality:1]]
[2021.06.05-18.25.53:506][  0]LogConfig: Setting CVar [[r.Filter.SizeScale:1]]
[2021.06.05-18.25.53:506][  0]LogConfig: Setting CVar [[r.Tonemapper.Quality:5]]
[2021.06.05-18.25.53:506][  0]LogConfig: Setting CVar [[r.DOF.Gather.AccumulatorQuality:1        ; higher gathering accumulator quality]]
[2021.06.05-18.25.53:506][  0]LogConfig: Setting CVar [[r.DOF.Gather.PostfilterMethod:1          ; Median3x3 postfilering method]]
[2021.06.05-18.25.53:506][  0]LogConfig: Setting CVar [[r.DOF.Gather.EnableBokehSettings:0       ; no bokeh simulation when gathering]]
[2021.06.05-18.25.53:506][  0]LogConfig: Setting CVar [[r.DOF.Gather.RingCount:4                 ; medium number of samples when gathering]]
[2021.06.05-18.25.53:506][  0]LogConfig: Setting CVar [[r.DOF.Scatter.ForegroundCompositing:1    ; additive foreground scattering]]
[2021.06.05-18.25.53:506][  0]LogConfig: Setting CVar [[r.DOF.Scatter.BackgroundCompositing:2    ; additive background scattering]]
[2021.06.05-18.25.53:506][  0]LogConfig: Setting CVar [[r.DOF.Scatter.EnableBokehSettings:1      ; bokeh simulation when scattering]]
[2021.06.05-18.25.53:506][  0]LogConfig: Setting CVar [[r.DOF.Scatter.MaxSpriteRatio:0.1         ; only a maximum of 10% of scattered bokeh]]
[2021.06.05-18.25.53:506][  0]LogConfig: Setting CVar [[r.DOF.Recombine.Quality:1                ; cheap slight out of focus]]
[2021.06.05-18.25.53:506][  0]LogConfig: Setting CVar [[r.DOF.Recombine.EnableBokehSettings:0    ; no bokeh simulation on slight out of focus]]
[2021.06.05-18.25.53:506][  0]LogConfig: Setting CVar [[r.DOF.TemporalAAQuality:1                ; more stable temporal accumulation]]
[2021.06.05-18.25.53:506][  0]LogConfig: Setting CVar [[r.DOF.Kernel.MaxForegroundRadius:0.025]]
[2021.06.05-18.25.53:506][  0]LogConfig: Setting CVar [[r.DOF.Kernel.MaxBackgroundRadius:0.025]]
[2021.06.05-18.25.53:506][  0]LogConfig: Applying CVar settings from Section [TextureQuality@3] File [C:/Wire-Hunter/work/choi/WireHunter/Saved/Config/Windows/Scalability.ini]
[2021.06.05-18.25.53:506][  0]LogConfig: Setting CVar [[r.Streaming.MipBias:0]]
[2021.06.05-18.25.53:506][  0]LogConfig: Setting CVar [[r.Streaming.AmortizeCPUToGPUCopy:0]]
[2021.06.05-18.25.53:506][  0]LogConfig: Setting CVar [[r.Streaming.MaxNumTexturesToStreamPerFrame:0]]
[2021.06.05-18.25.53:506][  0]LogConfig: Setting CVar [[r.Streaming.Boost:1]]
[2021.06.05-18.25.53:506][  0]LogConfig: Setting CVar [[r.MaxAnisotropy:8]]
[2021.06.05-18.25.53:506][  0]LogConfig: Setting CVar [[r.VT.MaxAnisotropy:8]]
[2021.06.05-18.25.53:506][  0]LogConfig: Setting CVar [[r.Streaming.LimitPoolSizeToVRAM:0]]
[2021.06.05-18.25.53:506][  0]LogConfig: Setting CVar [[r.Streaming.PoolSize:1000]]
[2021.06.05-18.25.53:506][  0]LogConfig: Setting CVar [[r.Streaming.MaxEffectiveScreenSize:0]]
[2021.06.05-18.25.53:506][  0]LogConfig: Applying CVar settings from Section [EffectsQuality@3] File [C:/Wire-Hunter/work/choi/WireHunter/Saved/Config/Windows/Scalability.ini]
[2021.06.05-18.25.53:506][  0]LogConfig: Setting CVar [[r.TranslucencyLightingVolumeDim:64]]
[2021.06.05-18.25.53:506][  0]LogConfig: Setting CVar [[r.RefractionQuality:2]]
[2021.06.05-18.25.53:506][  0]LogConfig: Setting CVar [[r.SSR.Quality:3]]
[2021.06.05-18.25.53:506][  0]LogConfig: Setting CVar [[r.SSR.HalfResSceneColor:0]]
[2021.06.05-18.25.53:507][  0]LogConfig: Setting CVar [[r.SceneColorFormat:4]]
[2021.06.05-18.25.53:507][  0]LogConfig: Setting CVar [[r.DetailMode:2]]
[2021.06.05-18.25.53:507][  0]LogConfig: Setting CVar [[r.TranslucencyVolumeBlur:1]]
[2021.06.05-18.25.53:507][  0]LogConfig: Setting CVar [[r.MaterialQualityLevel:1 ; High quality]]
[2021.06.05-18.25.53:507][  0]LogConfig: Setting CVar [[r.SSS.Scale:1]]
[2021.06.05-18.25.53:507][  0]LogConfig: Setting CVar [[r.SSS.SampleSet:2]]
[2021.06.05-18.25.53:507][  0]LogConfig: Setting CVar [[r.SSS.Quality:1]]
[2021.06.05-18.25.53:507][  0]LogConfig: Setting CVar [[r.SSS.HalfRes:0]]
[2021.06.05-18.25.53:507][  0]LogConfig: Setting CVar [[r.SSGI.Quality:3]]
[2021.06.05-18.25.53:507][  0]LogConfig: Setting CVar [[r.EmitterSpawnRateScale:1.0]]
[2021.06.05-18.25.53:507][  0]LogConfig: Setting CVar [[r.ParticleLightQuality:2]]
[2021.06.05-18.25.53:507][  0]LogConfig: Setting CVar [[r.SkyAtmosphere.AerialPerspectiveLUT.FastApplyOnOpaque:1 ; Always have FastSkyLUT 1 in this case to avoid wrong sky]]
[2021.06.05-18.25.53:507][  0]LogConfig: Setting CVar [[r.SkyAtmosphere.AerialPerspectiveLUT.SampleCountPerSlice:1]]
[2021.06.05-18.25.53:507][  0]LogConfig: Setting CVar [[r.SkyAtmosphere.AerialPerspectiveLUT.DepthResolution:16.0]]
[2021.06.05-18.25.53:507][  0]LogConfig: Setting CVar [[r.SkyAtmosphere.FastSkyLUT:1]]
[2021.06.05-18.25.53:507][  0]LogConfig: Setting CVar [[r.SkyAtmosphere.FastSkyLUT.SampleCountMin:4.0]]
[2021.06.05-18.25.53:507][  0]LogConfig: Setting CVar [[r.SkyAtmosphere.FastSkyLUT.SampleCountMax:32.0]]
[2021.06.05-18.25.53:507][  0]LogConfig: Setting CVar [[r.SkyAtmosphere.SampleCountMin:4.0]]
[2021.06.05-18.25.53:507][  0]LogConfig: Setting CVar [[r.SkyAtmosphere.SampleCountMax:32.0]]
[2021.06.05-18.25.53:507][  0]LogConfig: Setting CVar [[r.SkyAtmosphere.TransmittanceLUT.UseSmallFormat:0]]
[2021.06.05-18.25.53:507][  0]LogConfig: Setting CVar [[r.SkyAtmosphere.TransmittanceLUT.SampleCount:10.0]]
[2021.06.05-18.25.53:507][  0]LogConfig: Setting CVar [[r.SkyAtmosphere.MultiScatteringLUT.SampleCount:15.0]]
[2021.06.05-18.25.53:507][  0]LogConfig: Applying CVar settings from Section [FoliageQuality@3] File [C:/Wire-Hunter/work/choi/WireHunter/Saved/Config/Windows/Scalability.ini]
[2021.06.05-18.25.53:507][  0]LogConfig: Setting CVar [[foliage.DensityScale:1.0]]
[2021.06.05-18.25.53:507][  0]LogConfig: Setting CVar [[grass.DensityScale:1.0]]
[2021.06.05-18.25.53:507][  0]LogConfig: Applying CVar settings from Section [ShadingQuality@3] File [C:/Wire-Hunter/work/choi/WireHunter/Saved/Config/Windows/Scalability.ini]
[2021.06.05-18.25.53:507][  0]LogConfig: Setting CVar [[r.HairStrands.SkyLighting.SampleCount:16]]
[2021.06.05-18.25.53:507][  0]LogConfig: Setting CVar [[r.HairStrands.SkyLighting.JitterIntegration:0]]
[2021.06.05-18.25.53:507][  0]LogConfig: Setting CVar [[r.HairStrands.SkyAO.SampleCount:16]]
[2021.06.05-18.25.53:507][  0]LogConfig: Setting CVar [[r.HairStrands.DeepShadow.SuperSampling:0]]
[2021.06.05-18.25.53:507][  0]LogConfig: Setting CVar [[r.HairStrands.VisibilityPPLL:0]]
[2021.06.05-18.25.53:507][  0]LogConfig: Setting CVar [[r.HairStrands.RasterizationScale:0.5]]
[2021.06.05-18.25.53:507][  0]LogConfig: Setting CVar [[r.HairStrands.VelocityRasterizationScale:1]]
[2021.06.05-18.25.53:507][  0]LogConfig: Applying CVar settings from Section [Startup] File [../../../Engine/Config/ConsoleVariables.ini]
[2021.06.05-18.25.53:508][  0]LogConfig: Setting CVar [[net.UseAdaptiveNetUpdateFrequency:0]]
[2021.06.05-18.25.53:508][  0]LogConfig: Setting CVar [[p.chaos.AllowCreatePhysxBodies:1]]
[2021.06.05-18.25.53:508][  0]LogConfig: Setting CVar [[fx.SkipVectorVMBackendOptimizations:1]]
[2021.06.05-18.25.53:508][  0]LogConfig: Applying CVar settings from Section [ConsoleVariables] File [C:/Wire-Hunter/work/choi/WireHunter/Saved/Config/Windows/Engine.ini]
[2021.06.05-18.25.53:508][  0]LogInit: Computer: DESKTOP-FHRPJDT
[2021.06.05-18.25.53:508][  0]LogInit: User: ChoiTaeho
[2021.06.05-18.25.53:508][  0]LogInit: CPU Page size=4096, Cores=6
[2021.06.05-18.25.53:508][  0]LogInit: High frequency timer resolution =10.000000 MHz
[2021.06.05-18.25.53:508][  0]LogMemory: Memory total: Physical=15.9GB (16GB approx)
[2021.06.05-18.25.53:508][  0]LogMemory: Platform Memory Stats for Windows
[2021.06.05-18.25.53:508][  0]LogMemory: Process Physical Memory: 119.71 MB used, 119.72 MB peak
[2021.06.05-18.25.53:508][  0]LogMemory: Process Virtual Memory: 100.16 MB used, 100.16 MB peak
[2021.06.05-18.25.53:508][  0]LogMemory: Physical Memory: 8189.79 MB used,  8120.79 MB free, 16310.58 MB total
[2021.06.05-18.25.53:508][  0]LogMemory: Virtual Memory: 5169.92 MB used,  134212560.00 MB free, 134217728.00 MB total
[2021.06.05-18.25.53:522][  0]LogWindows: WindowsPlatformFeatures enabled
[2021.06.05-18.25.53:691][  0]LogInit: Physics initialised using underlying interface: PhysX
[2021.06.05-18.25.53:696][  0]LogInit: Using OS detected language (ko-KR).
[2021.06.05-18.25.53:696][  0]LogInit: Using OS detected locale (ko-KR).
[2021.06.05-18.25.53:718][  0]LogTextLocalizationManager: No specific localization for 'ko-KR' exists, so the 'ko' localization will be used.
[2021.06.05-18.25.53:982][  0]LogInit: Setting process to per monitor DPI aware
[2021.06.05-18.25.54:061][  0]LogSlate: New Slate User Created.  User Index 0, Is Virtual User: 0
[2021.06.05-18.25.54:061][  0]LogSlate: Slate User Registered.  User Index 0, Is Virtual User: 0
[2021.06.05-18.25.54:579][  0]LogHMD: Failed to initialize OpenVR with code 110
[2021.06.05-18.25.54:579][  0]LogD3D11RHI: D3D11 min allowed feature level: 11_0
[2021.06.05-18.25.54:579][  0]LogD3D11RHI: D3D11 max allowed feature level: 11_0
[2021.06.05-18.25.54:579][  0]LogD3D11RHI: D3D11 adapters:
[2021.06.05-18.25.54:685][  0]LogD3D11RHI:    0. 'NVIDIA GeForce GTX 1060 6GB' (Feature Level 11_0)
[2021.06.05-18.25.54:685][  0]LogD3D11RHI:       6052/0/8155 MB DedicatedVideo/DedicatedSystem/SharedSystem, Outputs:1, VendorId:0x10de
[2021.06.05-18.25.54:691][  0]LogD3D11RHI:    1. 'Microsoft Basic Render Driver' (Feature Level 11_0)
[2021.06.05-18.25.54:691][  0]LogD3D11RHI:       0/0/8155 MB DedicatedVideo/DedicatedSystem/SharedSystem, Outputs:0, VendorId:0x1414
[2021.06.05-18.25.54:691][  0]LogD3D11RHI: Chosen D3D11 Adapter: 0
[2021.06.05-18.25.54:699][  0]LogD3D11RHI: Creating new Direct3DDevice
[2021.06.05-18.25.54:699][  0]LogD3D11RHI:     GPU DeviceId: 0x1c03 (for the marketing name, search the web for "GPU Device Id")
[2021.06.05-18.25.54:699][  0]LogWindows: EnumDisplayDevices:
[2021.06.05-18.25.54:701][  0]LogWindows:    0. 'NVIDIA GeForce GTX 1060 6GB' (P:1 D:1)
[2021.06.05-18.25.54:702][  0]LogWindows:    1. 'NVIDIA GeForce GTX 1060 6GB' (P:0 D:0)
[2021.06.05-18.25.54:703][  0]LogWindows:    2. 'NVIDIA GeForce GTX 1060 6GB' (P:0 D:0)
[2021.06.05-18.25.54:704][  0]LogWindows:    3. 'NVIDIA GeForce GTX 1060 6GB' (P:0 D:0)
[2021.06.05-18.25.54:705][  0]LogWindows: DebugString: FoundDriverCount:4 
[2021.06.05-18.25.54:705][  0]LogD3D11RHI:     Adapter Name: NVIDIA GeForce GTX 1060 6GB
[2021.06.05-18.25.54:705][  0]LogD3D11RHI:   Driver Version: 456.71 (internal:27.21.14.5671, unified:456.71)
[2021.06.05-18.25.54:705][  0]LogD3D11RHI:      Driver Date: 9-30-2020
[2021.06.05-18.25.54:705][  0]LogRHI: Texture pool is 4236 MB (70% of 6052 MB)
[2021.06.05-18.25.54:773][  0]LogD3D11RHI: RHI has support for 64 bit atomics
[2021.06.05-18.25.54:773][  0]LogD3D11RHI: Async texture creation enabled
[2021.06.05-18.25.54:773][  0]LogD3D11RHI: Array index from any shader is supported
[2021.06.05-18.25.54:794][  0]LogD3D11RHI: GPU Timing Frequency: 1000.000000 (Debug: 2 1)
[2021.06.05-18.25.55:337][  0]LogTargetPlatformManager: Display: Loaded TargetPlatform 'AllDesktop'
[2021.06.05-18.25.55:367][  0]LogTargetPlatformManager: Display: Loaded TargetPlatform 'Android'
[2021.06.05-18.25.55:367][  0]LogTargetPlatformManager: Display: Loaded TargetPlatform 'Android_ASTC'
[2021.06.05-18.25.55:367][  0]LogTargetPlatformManager: Display: Loaded TargetPlatform 'Android_DXT'
[2021.06.05-18.25.55:367][  0]LogTargetPlatformManager: Display: Loaded TargetPlatform 'Android_ETC2'
[2021.06.05-18.25.55:367][  0]LogTargetPlatformManager: Display: Loaded TargetPlatform 'AndroidClient'
[2021.06.05-18.25.55:367][  0]LogTargetPlatformManager: Display: Loaded TargetPlatform 'Android_ASTCClient'
[2021.06.05-18.25.55:367][  0]LogTargetPlatformManager: Display: Loaded TargetPlatform 'Android_DXTClient'
[2021.06.05-18.25.55:367][  0]LogTargetPlatformManager: Display: Loaded TargetPlatform 'Android_ETC2Client'
[2021.06.05-18.25.55:367][  0]LogTargetPlatformManager: Display: Loaded TargetPlatform 'Android_Multi'
[2021.06.05-18.25.55:367][  0]LogTargetPlatformManager: Display: Loaded TargetPlatform 'Android_MultiClient'
[2021.06.05-18.25.55:411][  0]LogTargetPlatformManager: Display: Loaded TargetPlatform 'IOSClient'
[2021.06.05-18.25.55:411][  0]LogTargetPlatformManager: Display: Loaded TargetPlatform 'IOS'
[2021.06.05-18.25.55:431][  0]LogTargetPlatformManager: Display: Loaded TargetPlatform 'Linux'
[2021.06.05-18.25.55:447][  0]LogTargetPlatformManager: Display: Loaded TargetPlatform 'LinuxNoEditor'
[2021.06.05-18.25.55:464][  0]LogTargetPlatformManager: Display: Loaded TargetPlatform 'LinuxClient'
[2021.06.05-18.25.55:479][  0]LogTargetPlatformManager: Display: Loaded TargetPlatform 'LinuxServer'
[2021.06.05-18.25.55:496][  0]LogTargetPlatformManager: Display: Loaded TargetPlatform 'LinuxAArch64NoEditor'
[2021.06.05-18.25.55:513][  0]LogTargetPlatformManager: Display: Loaded TargetPlatform 'LinuxAArch64Client'
[2021.06.05-18.25.55:529][  0]LogTargetPlatformManager: Display: Loaded TargetPlatform 'LinuxAArch64Server'
[2021.06.05-18.25.55:576][  0]LogTargetPlatformManager: Display: Loaded TargetPlatform 'Lumin'
[2021.06.05-18.25.55:576][  0]LogTargetPlatformManager: Display: Loaded TargetPlatform 'LuminClient'
[2021.06.05-18.25.55:604][  0]LogTargetPlatformManager: Display: Loaded TargetPlatform 'TVOSClient'
[2021.06.05-18.25.55:604][  0]LogTargetPlatformManager: Display: Loaded TargetPlatform 'TVOS'
[2021.06.05-18.25.55:621][  0]LogTargetPlatformManager: Display: Loaded TargetPlatform 'WindowsNoEditor'
[2021.06.05-18.25.55:639][  0]LogTargetPlatformManager: Display: Loaded TargetPlatform 'Windows'
[2021.06.05-18.25.55:656][  0]LogTargetPlatformManager: Display: Loaded TargetPlatform 'WindowsClient'
[2021.06.05-18.25.55:673][  0]LogTargetPlatformManager: Display: Loaded TargetPlatform 'WindowsServer'
[2021.06.05-18.25.55:673][  0]LogTargetPlatformManager: Display: Building Assets For Windows
[2021.06.05-18.25.55:691][  0]LogAudioDebug: Display: Lib vorbis DLL was dynamically loaded.
[2021.06.05-18.25.55:834][  0]LogShaderCompilers: Guid format shader working directory is -6 characters bigger than the processId version (../../../../../../Wire-Hunter/work/choi/WireHunter/Intermediate/Shaders/WorkingDirectory/2692/).
[2021.06.05-18.25.55:834][  0]LogShaderCompilers: Cleaned the shader compiler working directory 'C:/Users/최태호/AppData/Local/Temp/UnrealShaderWorkingDir/FDAD33E24168923C96628397A2D9E31E/'.
[2021.06.05-18.25.55:835][  0]LogXGEController: Cleaning working directory: C:/Users/최태호/AppData/Local/Temp/UnrealXGEWorkingDir/
[2021.06.05-18.25.55:836][  0]LogXGEController: Cannot use XGE Controller as Incredibuild is not installed on this machine.
[2021.06.05-18.25.55:836][  0]LogShaderCompilers: Cannot use XGE Shader Compiler as Incredibuild is not installed on this machine.
[2021.06.05-18.25.55:836][  0]LogShaderCompilers: Display: Using Local Shader Compiler.
[2021.06.05-18.25.56:876][  0]LogDerivedDataCache: Display: Max Cache Size: 512 MB
[2021.06.05-18.25.57:066][  0]LogDerivedDataCache: Loaded boot cache 0.19s 75MB C:/Users/최태호/AppData/Local/UnrealEngine/4.25/DerivedDataCache/Boot.ddc.
[2021.06.05-18.25.57:066][  0]LogDerivedDataCache: Display: Loaded Boot cache: C:/Users/최태호/AppData/Local/UnrealEngine/4.25/DerivedDataCache/Boot.ddc
[2021.06.05-18.25.57:066][  0]LogDerivedDataCache: FDerivedDataBackendGraph:  Pak pak cache file ../../../../../../Wire-Hunter/work/choi/WireHunter/DerivedDataCache/DDC.ddp not found, will not use a pak cache.
[2021.06.05-18.25.57:066][  0]LogDerivedDataCache: Unable to find inner node Pak for hierarchical cache Hierarchy.
[2021.06.05-18.25.57:066][  0]LogDerivedDataCache: FDerivedDataBackendGraph:  CompressedPak pak cache file ../../../../../../Wire-Hunter/work/choi/WireHunter/DerivedDataCache/Compressed.ddp not found, will not use a pak cache.
[2021.06.05-18.25.57:066][  0]LogDerivedDataCache: Unable to find inner node CompressedPak for hierarchical cache Hierarchy.
[2021.06.05-18.25.57:079][  0]LogDerivedDataCache: Display: Pak cache opened for reading ../../../Engine/DerivedDataCache/Compressed.ddp.
[2021.06.05-18.25.57:079][  0]LogDerivedDataCache: FDerivedDataBackendGraph:  EnterprisePak pak cache file ../../../Enterprise/DerivedDataCache/Compressed.ddp not found, will not use a pak cache.
[2021.06.05-18.25.57:079][  0]LogDerivedDataCache: Unable to find inner node EnterprisePak for hierarchical cache Hierarchy.
[2021.06.05-18.25.57:081][  0]LogDerivedDataCache: Using Local data cache path C:/Users/최태호/AppData/Local/UnrealEngine/Common/DerivedDataCache: Writable
[2021.06.05-18.25.57:081][  0]LogDerivedDataCache: Shared data cache path not found in *engine.ini, will not use an Shared cache.
[2021.06.05-18.25.57:081][  0]LogDerivedDataCache: Unable to find inner node Shared for hierarchical cache Hierarchy.
[2021.06.05-18.25.57:134][  0]LogSlate: Using FreeType 2.10.0
[2021.06.05-18.25.57:134][  0]LogSlate: SlateFontServices - WITH_FREETYPE: 1, WITH_HARFBUZZ: 1
[2021.06.05-18.25.57:166][  0]LogAssetRegistry: FAssetRegistry took 0.0032 seconds to start up
[2021.06.05-18.25.57:442][  0]LogInit: Selected Device Profile: [Windows]
[2021.06.05-18.25.57:607][  0]LogMeshReduction: Using QuadricMeshReduction for automatic static mesh reduction
[2021.06.05-18.25.57:607][  0]LogMeshReduction: Using SimplygonMeshReduction for automatic skeletal mesh reduction
[2021.06.05-18.25.57:607][  0]LogMeshReduction: Using ProxyLODMeshReduction for automatic mesh merging
[2021.06.05-18.25.57:607][  0]LogMeshReduction: No distributed automatic mesh merging module available
[2021.06.05-18.25.57:607][  0]LogMeshMerging: No distributed automatic mesh merging module available
[2021.06.05-18.25.57:630][  0]LogNetVersion: WireHunter 1.0.0, NetCL: 13144385, EngineNetVer: 14, GameNetVer: 0 (Checksum: 1660872711)
[2021.06.05-18.25.58:308][  0]LogAISub: UAISubsystem::UAISubsystem AISubsystem (000001B73F5F5540), frame # 0
[2021.06.05-18.25.58:308][  0]LogAISub: UAISubsystem::UAISubsystem AIPerceptionSystem (000001B73F588540), frame # 0
[2021.06.05-18.25.58:310][  0]LogAISub: UAISubsystem::UAISubsystem EnvQueryManager (000001B73F5C0A00), frame # 0
[2021.06.05-18.25.58:419][  0]LogPackageLocalizationCache: Processed 20 localized package path(s) for 1 prioritized culture(s) in 0.100499 seconds
[2021.06.05-18.25.58:425][  0]LogUObjectArray: 15917 objects as part of root set at end of initial load.
[2021.06.05-18.25.58:425][  0]LogUObjectAllocator: 3965568 out of 0 bytes used by permanent object pool.
[2021.06.05-18.25.58:425][  0]LogUObjectArray: CloseDisregardForGC: 0/0 objects in disregard for GC pool
[2021.06.05-18.25.59:211][  0]LogTcpMessaging: Initializing TcpMessaging bridge
[2021.06.05-18.25.59:219][  0]LogUdpMessaging: Initializing bridge on interface 0.0.0.0:0 to multicast group 230.0.0.1:6666.
[2021.06.05-18.25.59:405][  0]SourceControl: 소스 컨트롤이 꺼졌습니다.
[2021.06.05-18.25.59:405][  0]SourceControl: 소스 컨트롤이 꺼졌습니다.
[2021.06.05-18.25.59:415][  0]SourceControl: 소스 컨트롤이 꺼졌습니다.
[2021.06.05-18.25.59:423][  0]SourceControl: 소스 컨트롤이 꺼졌습니다.
[2021.06.05-18.25.59:447][  0]SourceControl: 소스 컨트롤이 꺼졌습니다.
[2021.06.05-18.26.00:012][  0]LogAndroidPermission: UAndroidPermissionCallbackProxy::GetInstance
[2021.06.05-18.26.00:055][  0]LogAudioCaptureCore: Display: No Audio Capture implementations found. Audio input will be silent.
[2021.06.05-18.26.00:055][  0]LogAudioCaptureCore: Display: No Audio Capture implementations found. Audio input will be silent.
[2021.06.05-18.26.00:148][  0]LogOcInput: OculusInput pre-init called
[2021.06.05-18.26.00:172][  0]LogWindows: Failed to load 'OVRPlugin.dll' (GetLastError=126)
[2021.06.05-18.26.00:172][  0]LogWindows: File 'OVRPlugin.dll' does not exist
[2021.06.05-18.26.00:269][  0]LogEngine: Initializing Engine...
[2021.06.05-18.26.00:271][  0]LogHMD: Failed to initialize OpenVR with code 110
[2021.06.05-18.26.00:271][  0]LogMagicLeap: Warning: VR disabled because ZI is not enabled.  To enable, in the editor, Edit -> Project Settings -> Plugins -> Magic Leap Plugin -> Enable Zero Iteration
[2021.06.05-18.26.00:272][  0]LogStats: UGameplayTagsManager::InitializeManager -  0.000 s
[2021.06.05-18.26.00:413][  0]LogLinker: Warning: '{FileName}': 파일을 찾을 수 없습니다. 로드에 실패했습니다.
[2021.06.05-18.26.00:413][  0]LogLinker: Warning: '{FileName}': 파일을 찾을 수 없습니다. 로드에 실패했습니다.
[2021.06.05-18.26.00:413][  0]LogUObjectGlobals: Warning: 'Object /Game/ThirdPersonCPP/GraphicResources/Cursor/UI_Cursor.UI_Cursor_C' 오브젝트를 찾는 데 실패했습니다.
[2021.06.05-18.26.00:413][  0]LogLoad: Warning: UUserInterfaceSettings::ForceLoadResources: Failed to load cursor resource 0.
[2021.06.05-18.26.00:414][  0]LogInit: Initializing FReadOnlyCVARCache
[2021.06.05-18.26.00:430][  0]LogAIModule: Creating AISystem for world Untitled
[2021.06.05-18.26.00:430][  0]LogAISub: UAISubsystem::UAISubsystem EnvQueryManager (000001B74692FC00), frame # 0
[2021.06.05-18.26.00:430][  0]LogAISub: UAISubsystem::UAISubsystem AIPerceptionSystem (000001B746975D00), frame # 0
[2021.06.05-18.26.00:438][  0]LogAudioMixer: Display: Audio Mixer Platform Settings:
[2021.06.05-18.26.00:438][  0]LogAudioMixer: Display: 	Sample Rate:						  48000
[2021.06.05-18.26.00:438][  0]LogAudioMixer: Display: 	Callback Buffer Frame Size Requested: 1024
[2021.06.05-18.26.00:438][  0]LogAudioMixer: Display: 	Callback Buffer Frame Size To Use:	  1024
[2021.06.05-18.26.00:438][  0]LogAudioMixer: Display: 	Number of buffers to queue:			  2
[2021.06.05-18.26.00:438][  0]LogAudioMixer: Display: 	Max Channels (voices):				  32
[2021.06.05-18.26.00:438][  0]LogAudioMixer: Display: 	Number of Async Source Workers:		  0
[2021.06.05-18.26.00:438][  0]LogAudio: Display: AudioDevice MaxSources: 32
[2021.06.05-18.26.00:438][  0]LogAudio: Display: Using built-in audio occlusion.
[2021.06.05-18.26.00:438][  0]LogAudioMixer: Display: Initializing audio mixer.
[2021.06.05-18.26.00:484][  0]LogAudioMixer: Display: 0: FrontLeft
[2021.06.05-18.26.00:484][  0]LogAudioMixer: Display: 1: FrontRight
[2021.06.05-18.26.00:577][  0]LogAudioMixer: Display: Using Audio Device 헤드폰(SHOQBOX SB7200 SERIES Stereo)
[2021.06.05-18.26.00:580][  0]LogAudioMixer: Display: Initializing Sound Submixes...
[2021.06.05-18.26.00:585][  0]LogAudioMixer: Display: Creating Master Submix 'MasterSubmixDefault'
[2021.06.05-18.26.00:585][  0]LogAudioMixer: Display: Creating Master Submix 'MasterReverbSubmixDefault'
[2021.06.05-18.26.00:586][  0]LogAudioMixer: Display: Creating Master Submix 'MasterEQSubmixDefault'
[2021.06.05-18.26.00:588][  0]LogInit: FAudioDevice initialized.
[2021.06.05-18.26.00:588][  0]LogNetVersion: Set ProjectVersion to 1.0.0.0. Version Checksum will be recalculated on next use.
[2021.06.05-18.26.00:680][  0]LogDerivedDataCache: Saved boot cache 0.09s 75MB C:/Users/최태호/AppData/Local/UnrealEngine/4.25/DerivedDataCache/Boot.ddc.
[2021.06.05-18.26.00:681][  0]LogInit: Texture streaming: Enabled
[2021.06.05-18.26.00:720][  0]LogEngineSessionManager: EngineSessionManager initialized
[2021.06.05-18.26.00:720][  0]LogEngineSessionManager: EngineSessionManager sent abnormal shutdown report. Type=Crashed, SessionId={6BB5E3DD-49E4-BE40-10FA-BC8E9CC8D117}
[2021.06.05-18.26.00:720][  0]LogEditorSessionSummary: Verbose: Initializing EditorSessionSummaryWriter for editor session tracking
[2021.06.05-18.26.00:728][  0]LogEditorSessionSummary: EditorSessionSummaryWriter initialized
[2021.06.05-18.26.00:798][  0]LogInit: Transaction tracking system initialized
[2021.06.05-18.26.00:854][  0]BlueprintLog: New page: 에디터 로드
[2021.06.05-18.26.01:006][  0]LocalizationService: 현지화 서비스가 비활성화되었습니다.
[2021.06.05-18.26.01:302][  0]LogCook: Display: Max memory allowance for cook 16384mb min free memory 0mb
[2021.06.05-18.26.01:302][  0]LogCook: Display: Mobile HDR setting 1
[2021.06.05-18.26.01:422][  0]LogFileCache: Scanning file cache for directory 'C:/Wire-Hunter/work/choi/WireHunter/Content/' took 0.02s
[2021.06.05-18.26.01:422][  0]LogOutputDevice: Warning: 

Script Stack (0 frames):

[2021.06.05-18.26.07:340][  0]LogStats: FPlatformStackWalk::StackWalkAndDump -  5.918 s
[2021.06.05-18.26.07:340][  0]LogOutputDevice: Error: === Handled ensure: ===
[2021.06.05-18.26.07:340][  0]LogOutputDevice: Error: 
[2021.06.05-18.26.07:340][  0]LogOutputDevice: Error: Ensure condition failed: this->IsBound() [File:C:\Program Files\Epic Games\UE_4.25\Engine\Source\Runtime\Core\Public\Delegates/DelegateSignatureImpl.inl] [Line: 1132]
[2021.06.05-18.26.07:340][  0]LogOutputDevice: Error: Unable to bind delegate to 'OnHit' (function might not be marked as a UFUNCTION or object may be pending kill)
[2021.06.05-18.26.07:340][  0]LogOutputDevice: Error: Stack: 
[2021.06.05-18.26.07:341][  0]LogOutputDevice: Error: [Callstack] 0x00007ff9a31ed828 UE4Editor-WireHunter-0032.dll!DispatchCheckVerify<bool,<lambda_d1acd25b4c0462b0407b0194b56ca6c9> >() [C:\Program Files\Epic Games\UE_4.25\Engine\Source\Runtime\Core\Public\Misc\AssertionMacros.h:161]
[2021.06.05-18.26.07:341][  0]LogOutputDevice: Error: [Callstack] 0x00007ff9a31c5fab UE4Editor-WireHunter-0032.dll!ABoss::ABoss() [C:\Wire-Hunter\work\choi\WireHunter\Source\WireHunter\Boss.cpp:37]
[2021.06.05-18.26.07:341][  0]LogOutputDevice: Error: [Callstack] 0x00007ff9caaec273 UE4Editor-CoreUObject.dll!UClass::CreateDefaultObject() [D:\Build\++UE4\Sync\Engine\Source\Runtime\CoreUObject\Private\UObject\Class.cpp:3672]
[2021.06.05-18.26.07:341][  0]LogOutputDevice: Error: [Callstack] 0x00007ff9cad98451 UE4Editor-CoreUObject.dll!UObjectLoadAllCompiledInDefaultProperties() [D:\Build\++UE4\Sync\Engine\Source\Runtime\CoreUObject\Private\UObject\UObjectBase.cpp:861]
[2021.06.05-18.26.07:341][  0]LogOutputDevice: Error: [Callstack] 0x00007ff9cad75bbf UE4Editor-CoreUObject.dll!ProcessNewlyLoadedUObjects() [D:\Build\++UE4\Sync\Engine\Source\Runtime\CoreUObject\Private\UObject\UObjectBase.cpp:950]
[2021.06.05-18.26.07:341][  0]LogOutputDevice: Error: [Callstack] 0x00007ff9cac94465 UE4Editor-CoreUObject.dll!TBaseStaticDelegateInstance<void __cdecl(FName,bool)>::ExecuteIfSafe() [D:\Build\++UE4\Sync\Engine\Source\Runtime\Core\Public\Delegates\DelegateInstancesImpl.h:859]
[2021.06.05-18.26.07:341][  0]LogOutputDevice: Error: [Callstack] 0x00007ff9cb3a986a UE4Editor-Core.dll!TBaseMulticastDelegate<void,FName,bool>::Broadcast() [D:\Build\++UE4\Sync\Engine\Source\Runtime\Core\Public\Delegates\DelegateSignatureImpl.inl:1013]
[2021.06.05-18.26.07:341][  0]LogOutputDevice: Error: [Callstack] 0x00007ff9cb3c99f0 UE4Editor-Core.dll!FModuleManager::LoadModuleWithFailureReason() [D:\Build\++UE4\Sync\Engine\Source\Runtime\Core\Private\Modules\ModuleManager.cpp:500]
[2021.06.05-18.26.07:341][  0]LogOutputDevice: Error: [Callstack] 0x00007ffa0bd4b433 UE4Editor-Projects.dll!FModuleDescriptor::LoadModulesForPhase() [D:\Build\++UE4\Sync\Engine\Source\Runtime\Projects\Private\ModuleDescriptor.cpp:561]
[2021.06.05-18.26.07:341][  0]LogOutputDevice: Error: [Callstack] 0x00007ffa0bd4b70d UE4Editor-Projects.dll!FProjectManager::LoadModulesForProject() [D:\Build\++UE4\Sync\Engine\Source\Runtime\Projects\Private\ProjectManager.cpp:63]
[2021.06.05-18.26.07:341][  0]LogOutputDevice: Error: [Callstack] 0x00007ff7addd2db4 UE4Editor.exe!FEngineLoop::Init() [D:\Build\++UE4\Sync\Engine\Source\Runtime\Launch\Private\LaunchEngineLoop.cpp:4022]
[2021.06.05-18.26.07:341][  0]LogOutputDevice: Error: [Callstack] 0x00007ff9c5835cb0 UE4Editor-UnrealEd.dll!EditorInit() [D:\Build\++UE4\Sync\Engine\Source\Editor\UnrealEd\Private\UnrealEdGlobals.cpp:93]
[2021.06.05-18.26.07:341][  0]LogOutputDevice: Error: [Callstack] 0x00007ff7addeb8fb UE4Editor.exe!GuardedMain() [D:\Build\++UE4\Sync\Engine\Source\Runtime\Launch\Private\Launch.cpp:149]
[2021.06.05-18.26.07:341][  0]LogOutputDevice: Error: [Callstack] 0x00007ff7addebb5a UE4Editor.exe!GuardedMainWrapper() [D:\Build\++UE4\Sync\Engine\Source\Runtime\Launch\Private\Windows\LaunchWindows.cpp:137]
[2021.06.05-18.26.07:341][  0]LogOutputDevice: Error: [Callstack] 0x00007ff7addfe31d UE4Editor.exe!WinMain() [D:\Build\++UE4\Sync\Engine\Source\Runtime\Launch\Private\Windows\LaunchWindows.cpp:268]
[2021.06.05-18.26.07:341][  0]LogOutputDevice: Error: [Callstack] 0x00007ff7ade0145a UE4Editor.exe!__scrt_common_main_seh() [d:\agent\_work\5\s\src\vctools\crt\vcstartup\src\startup\exe_common.inl:288]
[2021.06.05-18.26.07:341][  0]LogOutputDevice: Error: [Callstack] 0x00007ffa23817034 KERNEL32.DLL!UnknownFunction []
[2021.06.05-18.26.07:341][  0]LogOutputDevice: Error: [Callstack] 0x00007ffa254c2651 ntdll.dll!UnknownFunction []
[2021.06.05-18.26.07:341][  0]LogOutputDevice: Error: 
[2021.06.05-18.26.07:342][  0]LogStats:                SubmitErrorReport -  0.000 s
[2021.06.05-18.26.09:770][  0]LogStats:                    SendNewReport -  2.429 s
[2021.06.05-18.26.09:770][  0]LogStats:             FDebug::EnsureFailed -  8.348 s
[2021.06.05-18.26.10:499][  0]SourceControl: 소스 컨트롤이 꺼졌습니다.
[2021.06.05-18.26.10:632][  0]LogSlate: Took 0.010413 seconds to synchronously load lazily loaded font '../../../Engine/Content/Editor/Slate/Fonts/NanumGothic.ttf' (4243K)
[2021.06.05-18.26.10:633][  0]LogSlate: Took 0.000307 seconds to synchronously load lazily loaded font '../../../Engine/Content/Slate/Fonts/Roboto-Regular.ttf' (155K)
[2021.06.05-18.26.25:280][  0]LogSlate: Window '패키지 복원' being destroyed
[2021.06.05-18.26.25:283][  0]LogWindowsTextInputMethodSystem: Display: IME system now activated using TSF (Microsoft 입력기).
[2021.06.05-18.26.25:320][  0]LogWindowsTextInputMethodSystem: Display: IME system now activated using TSF (Microsoft 입력기).
[2021.06.05-18.26.26:433][  0]LogSlate: Window '소스 컨트롤에서 체크아웃할 수 없습니다!' being destroyed
[2021.06.05-18.26.26:435][  0]LogWindowsTextInputMethodSystem: Display: IME system now activated using TSF (Microsoft 입력기).
[2021.06.05-18.26.26:441][  0]Message dialog closed, result: Ok, title: 소스 컨트롤에서 체크아웃할 수 없습니다!, text: 다음 애셋을 소스 컨트롤에서 체크아웃 시키지 못했습니다:
/Game/ThirdPersonCPP/GraphicResources/Character/Animations/Char_Climbing_Down_Anim
/Game/ThirdPersonCPP/GraphicResources/Character/char_all_low_mod_Skeleton
[2021.06.05-18.26.26:458][  0]LogWindowsTextInputMethodSystem: Display: IME system now activated using TSF (Microsoft 입력기).
[2021.06.05-18.26.26:458][  0]LogUnrealEdMisc: Loading editor; pre map load, took 36.248
[2021.06.05-18.26.26:459][  0]Cmd: MAP LOAD FILE="../../../../../../Wire-Hunter/work/choi/WireHunter/Content/ThirdPersonCPP/Maps/GameLevel.umap" TEMPLATE=0 SHOWPROGRESS=1 FEATURELEVEL=3
[2021.06.05-18.26.26:460][  0]LightingResults: New page: 라이팅 빌드
[2021.06.05-18.26.26:462][  0]LogWorld: UWorld::CleanupWorld for Untitled, bSessionEnded=true, bCleanupResources=true
[2021.06.05-18.26.26:462][  0]LogSlate: InvalidateAllWidgets triggered.  All widgets were invalidated
[2021.06.05-18.26.26:462][  0]MapCheck: New page: 맵 체크
[2021.06.05-18.26.26:462][  0]LightingResults: New page: 라이팅 빌드
[2021.06.05-18.26.26:476][  0]LogAISub: UAISubsystem::~UAISubsystem EnvQueryManager (000001B74692FC00), frame # 0
[2021.06.05-18.26.26:476][  0]LogAISub: UAISubsystem::~UAISubsystem AIPerceptionSystem (000001B746975D00), frame # 0
[2021.06.05-18.26.26:477][  0]LogUObjectHash: Compacting FUObjectHashTables data took   0.86ms
[2021.06.05-18.26.26:667][  0]LogBlueprint: Warning: [Compiler ThirdPerson_AnimBP] Climb -> LedgeClimb  will never be taken, please connect something to  Can Enter Transition
[2021.06.05-18.26.26:667][  0]LogBlueprint: Warning: [Compiler ThirdPerson_AnimBP] LedgeClimb -> Idle/Run  will never be taken, please connect something to  Can Enter Transition
[2021.06.05-18.26.27:034][  0]LogAIModule: Creating AISystem for world GameLevel
[2021.06.05-18.26.27:034][  0]LogAISub: UAISubsystem::UAISubsystem EnvQueryManager (000001B73A853E00), frame # 0
[2021.06.05-18.26.27:034][  0]LogAISub: UAISubsystem::UAISubsystem AIPerceptionSystem (000001B73A8CA0C0), frame # 0
[2021.06.05-18.26.27:047][  0]LogEditorServer: Finished looking for orphan Actors (0.000 secs)
[2021.06.05-18.26.27:062][  0]LogUObjectHash: Compacting FUObjectHashTables data took   0.86ms
[2021.06.05-18.26.27:063][  0]Cmd: MAP CHECKDEP NOCLEARLOG
[2021.06.05-18.26.27:063][  0]MapCheck: 맵 체크 완료: 오류 0 회, 경고 0 회, 소요 시간 0.335ms.
[2021.06.05-18.26.27:063][  0]LogFileHelpers: Loading map 'GameLevel' took 0.604
[2021.06.05-18.26.27:070][  0]LogUnrealEdMisc: Total Editor Startup Time, took 36.859
[2021.06.05-18.26.27:162][  0]LogSlate: Updating window title bar state: overlay mode, drag disabled, window buttons hidden, title bar hidden
[2021.06.05-18.26.27:169][  0]LogSlate: Updating window title bar state: overlay mode, drag disabled, window buttons hidden, title bar hidden
[2021.06.05-18.26.27:175][  0]LogSlate: Updating window title bar state: overlay mode, drag disabled, window buttons hidden, title bar hidden
[2021.06.05-18.26.27:182][  0]LogSlate: Updating window title bar state: overlay mode, drag disabled, window buttons hidden, title bar hidden
[2021.06.05-18.26.27:199][  0]LogCollectionManager: Loaded 0 collections in 0.003383 seconds
[2021.06.05-18.26.27:219][  0]LogFileCache: Scanning file cache for directory 'C:/Wire-Hunter/work/choi/WireHunter/Saved/Collections/' took 0.00s
[2021.06.05-18.26.27:219][  0]LogFileCache: Scanning file cache for directory 'C:/Wire-Hunter/work/choi/WireHunter/Content/Developers/ChoiTaeho/Collections/' took 0.00s
[2021.06.05-18.26.27:219][  0]LogFileCache: Scanning file cache for directory 'C:/Wire-Hunter/work/choi/WireHunter/Content/Collections/' took 0.00s
[2021.06.05-18.26.27:219][  0]LogContentBrowser: Native class hierarchy populated in 0.0137 seconds. Added 3447 classes and 826 folders.
[2021.06.05-18.26.27:224][  0]LogContentBrowser: Native class hierarchy updated for 'WidgetCarousel' in 0.0006 seconds. Added 0 classes and 0 folders.
[2021.06.05-18.26.27:417][  0]LogContentBrowser: Native class hierarchy updated for 'AddContentDialog' in 0.0006 seconds. Added 0 classes and 0 folders.
[2021.06.05-18.26.27:418][  0]LogContentBrowser: Native class hierarchy updated for 'SceneOutliner' in 0.0004 seconds. Added 2 classes and 0 folders.
[2021.06.05-18.26.27:484][  0]LogSlate: Took 0.010595 seconds to synchronously load lazily loaded font '../../../Engine/Content/Editor/Slate/Fonts/NanumGothicBold.ttf' (4188K)
[2021.06.05-18.26.27:485][  0]LogSlate: Took 0.000401 seconds to synchronously load lazily loaded font '../../../Engine/Content/Slate/Fonts/Roboto-Bold.ttf' (160K)
[2021.06.05-18.26.27:487][  0]LogSlate: Took 0.000995 seconds to synchronously load lazily loaded font '../../../Engine/Content/Editor/Slate/Fonts/FontAwesome.ttf' (139K)
[2021.06.05-18.26.27:519][  0]LogRenderer: Reallocating scene render targets to support 256x256 Format 10 NumSamples 1 (Frame:1).
[2021.06.05-18.26.27:542][  0]LogRenderer: Reallocating scene render targets to support 1396x456 Format 10 NumSamples 1 (Frame:1).
[2021.06.05-18.26.27:625][  0]LogContentBrowser: Native class hierarchy updated for 'HierarchicalLODOutliner' in 0.0006 seconds. Added 0 classes and 0 folders.
[2021.06.05-18.26.27:625][  0]LogLoad: (Engine Initialization) Total time: 37.41 seconds
[2021.06.05-18.26.27:625][  0]LogLoad: (Engine Initialization) Total Blueprint compile time: 0.00 seconds
[2021.06.05-18.26.27:678][  0]LogAssetRegistry: Asset discovery search completed in 30.5132 seconds
[2021.06.05-18.26.27:683][  0]LogCollectionManager: Fixed up redirectors for 0 collections in 0.000003 seconds (updated 0 objects)
[2021.06.05-18.26.27:698][  0]LogContentStreaming: Texture pool size now 1000 MB
[2021.06.05-18.26.27:740][  0]LogSlate: Took 0.001163 seconds to synchronously load lazily loaded font '../../../Engine/Content/Slate/Fonts/Roboto-Light.ttf' (167K)
[2021.06.05-18.26.28:652][ 75]LogSlate: Took 0.000388 seconds to synchronously load lazily loaded font '../../../Engine/Content/Slate/Fonts/Roboto-Light.ttf' (167K)
[2021.06.05-18.26.32:680][364]LogAssetEditorSubsystem: Opening Asset editor for BlendSpace /Game/ThirdPersonCPP/GraphicResources/Character/Animations/Climb8D.Climb8D
[2021.06.05-18.26.32:699][364]LogContentBrowser: Native class hierarchy updated for 'SkeletonEditor' in 0.0006 seconds. Added 1 classes and 2 folders.
[2021.06.05-18.26.32:880][364]LogActorComponent: RegisterComponentWithWorld: (/Engine/Transient.World_6:PersistentLevel.AnimationEditorPreviewActor_0.DebugSkelMeshComponent_0) Already registered. Aborting.
[2021.06.05-18.26.32:882][364]LogContentBrowser: Native class hierarchy updated for 'PinnedCommandList' in 0.0005 seconds. Added 1 classes and 0 folders.
[2021.06.05-18.26.32:924][364]LogSkeletalMesh: USkeletalMeshComponent::InitArticulated : Bodies already created (/Engine/Transient.World_6:PersistentLevel.AnimationEditorPreviewActor_0.DebugSkelMeshComponent_0) - call TermArticulated first.
[2021.06.05-18.26.33:278][364]LogRenderer: Reallocating scene render targets to support 1396x548 Format 10 NumSamples 1 (Frame:1).
[2021.06.05-18.26.33:278][364]LogContentBrowser: Verbose: The majority of assets in the view are of type: AnimSequence
[2021.06.05-18.26.35:206][583]LogWorld: UWorld::CleanupWorld for World_6, bSessionEnded=true, bCleanupResources=true
[2021.06.05-18.26.35:206][583]LogSlate: InvalidateAllWidgets triggered.  All widgets were invalidated
[2021.06.05-18.26.35:300][583]LogWorld: UWorld::CleanupWorld for World_7, bSessionEnded=true, bCleanupResources=true
[2021.06.05-18.26.35:300][583]LogSlate: InvalidateAllWidgets triggered.  All widgets were invalidated
[2021.06.05-18.26.37:127][731]LogTemp: Repeating last play command: 선택된 뷰포트
[2021.06.05-18.26.37:144][731]LogPlayLevel: PlayLevel: No blueprints needed recompiling
[2021.06.05-18.26.37:144][731]PIE: New page: PIE 세션: GameLevel (2021. 6. 6. 오후 12:26:37)
[2021.06.05-18.26.37:145][731]LogOnline: OSS: Creating online subsystem instance for: NULL
[2021.06.05-18.26.37:147][731]LogOnline: OSS: TryLoadSubsystemAndSetDefault: Loaded subsystem for module [NULL]
[2021.06.05-18.26.37:147][731]LogPlayLevel: Creating play world package: /Game/ThirdPersonCPP/Maps/UEDPIE_0_GameLevel
[2021.06.05-18.26.37:157][731]LogPlayLevel: PIE: StaticDuplicateObject took: (0.009983s)
[2021.06.05-18.26.37:157][731]LogAIModule: Creating AISystem for world GameLevel
[2021.06.05-18.26.37:157][731]LogAISub: UAISubsystem::UAISubsystem EnvQueryManager (000001B81F49BE00), frame # 731
[2021.06.05-18.26.37:157][731]LogAISub: UAISubsystem::UAISubsystem AIPerceptionSystem (000001B820E42840), frame # 731
[2021.06.05-18.26.37:158][731]LogPlayLevel: PIE: World Init took: (0.001002s)
[2021.06.05-18.26.37:158][731]LogPlayLevel: PIE: Created PIE world by copying editor world from /Game/ThirdPersonCPP/Maps/GameLevel.GameLevel to /Game/ThirdPersonCPP/Maps/UEDPIE_0_GameLevel.GameLevel (0.011125s)
[2021.06.05-18.26.37:171][731]LogUObjectHash: Compacting FUObjectHashTables data took   0.72ms
[2021.06.05-18.26.37:173][731]LogAudioMixer: Display: Audio Mixer Platform Settings:
[2021.06.05-18.26.37:173][731]LogAudioMixer: Display: 	Sample Rate:						  48000
[2021.06.05-18.26.37:173][731]LogAudioMixer: Display: 	Callback Buffer Frame Size Requested: 1024
[2021.06.05-18.26.37:173][731]LogAudioMixer: Display: 	Callback Buffer Frame Size To Use:	  1024
[2021.06.05-18.26.37:173][731]LogAudioMixer: Display: 	Number of buffers to queue:			  2
[2021.06.05-18.26.37:173][731]LogAudioMixer: Display: 	Max Channels (voices):				  32
[2021.06.05-18.26.37:173][731]LogAudioMixer: Display: 	Number of Async Source Workers:		  0
[2021.06.05-18.26.37:173][731]LogAudio: Display: AudioDevice MaxSources: 32
[2021.06.05-18.26.37:173][731]LogAudio: Display: Using built-in audio occlusion.
[2021.06.05-18.26.37:174][731]LogAudioMixer: Display: Initializing audio mixer.
[2021.06.05-18.26.37:198][731]LogAudioMixer: Display: 0: FrontLeft
[2021.06.05-18.26.37:198][731]LogAudioMixer: Display: 1: FrontRight
[2021.06.05-18.26.37:256][731]LogAudioMixer: Display: Using Audio Device 헤드폰(SHOQBOX SB7200 SERIES Stereo)
[2021.06.05-18.26.37:256][731]LogAudioMixer: Display: Initializing Sound Submixes...
[2021.06.05-18.26.37:256][731]LogAudioMixer: Display: Creating Master Submix 'MasterSubmixDefault'
[2021.06.05-18.26.37:256][731]LogAudioMixer: Display: Creating Master Submix 'MasterReverbSubmixDefault'
[2021.06.05-18.26.37:258][731]LogAudioMixer: Display: Creating Master Submix 'MasterEQSubmixDefault'
[2021.06.05-18.26.37:268][731]LogInit: FAudioDevice initialized.
[2021.06.05-18.26.37:269][731]PIE: Warning: UGameViewportClient::AddCursor: 'UI_Cursor_C' 커서 클래스를 로드할 수 없습니다.
[2021.06.05-18.26.37:277][731]LogLoad: Game class is 'WireHunterGameMode'
[2021.06.05-18.26.37:280][731]LogWorld: Bringing World /Game/ThirdPersonCPP/Maps/UEDPIE_0_GameLevel.GameLevel up for play (max tick rate 0) at 2021.06.06-03.26.37
[2021.06.05-18.26.37:283][731]LogWorld: Bringing up level for play took: 0.005827
[2021.06.05-18.26.37:283][731]LogOnline: OSS: Creating online subsystem instance for: :Context_9
[2021.06.05-18.26.37:289][731]LogContentBrowser: Native class hierarchy updated for 'MovieSceneCapture' in 0.0007 seconds. Added 20 classes and 0 folders.
[2021.06.05-18.26.37:291][731]Cmd: ShowFlag.Bones 2
[2021.06.05-18.26.37:292][731]ShowFlag.Bones = "2"
[2021.06.05-18.26.37:293][731]PIE: 서버가 로그인했습니다.
[2021.06.05-18.26.37:294][731]PIE: 에디터에서 플레이 총 시작 시간 0.153초입니다.
[2021.06.05-18.26.43:389][456]LogTemp: Warning: X=-4000.000 Y=8000.000 Z=15470.720
[2021.06.05-18.26.43:720][489]LogSlate: Updating window title bar state: overlay mode, drag disabled, window buttons hidden, title bar hidden
[2021.06.05-18.26.43:720][489]LogWorld: BeginTearingDown for /Game/ThirdPersonCPP/Maps/UEDPIE_0_GameLevel
[2021.06.05-18.26.43:721][489]LogWorld: UWorld::CleanupWorld for GameLevel, bSessionEnded=true, bCleanupResources=true
[2021.06.05-18.26.43:722][489]LogSlate: InvalidateAllWidgets triggered.  All widgets were invalidated
[2021.06.05-18.26.43:728][489]LogPlayLevel: Display: Shutting down PIE online subsystems
[2021.06.05-18.26.43:730][489]LogSlate: InvalidateAllWidgets triggered.  All widgets were invalidated
[2021.06.05-18.26.43:757][489]LogSlate: Updating window title bar state: overlay mode, drag disabled, window buttons hidden, title bar hidden
[2021.06.05-18.26.43:758][489]LogAISub: UAISubsystem::~UAISubsystem AIPerceptionSystem (000001B820E42840), frame # 1489
[2021.06.05-18.26.43:758][489]LogAISub: UAISubsystem::~UAISubsystem EnvQueryManager (000001B81F49BE00), frame # 1489
[2021.06.05-18.26.43:760][489]LogUObjectHash: Compacting FUObjectHashTables data took   0.70ms
[2021.06.05-18.26.43:879][489]LogSlate: Took 0.000939 seconds to synchronously load lazily loaded font '../../../Engine/Content/Slate/Fonts/DroidSansMono.ttf' (77K)
[2021.06.05-18.26.43:889][489]LogSlate: Took 0.010196 seconds to synchronously load lazily loaded font '../../../Engine/Content/Editor/Slate/Fonts/NanumGothicExtraBold.ttf' (4074K)
[2021.06.05-18.26.43:897][490]LogPlayLevel: Display: Destroying online subsystem :Context_9
[2021.06.05-18.26.44:355][518]LogSlate: Window '메시지 로그' being destroyed
[2021.06.05-18.26.44:361][518]LogSlate: Window '메시지 로그' being destroyed
[2021.06.05-18.26.46:631][683]LogAssetEditorSubsystem: Opening Asset editor for AnimBlueprint /Game/ThirdPersonCPP/GraphicResources/Character/Animations/ThirdPerson_AnimBP.ThirdPerson_AnimBP
[2021.06.05-18.26.46:640][683]LogActorComponent: RegisterComponentWithWorld: (/Engine/Transient.World_9:PersistentLevel.AnimationEditorPreviewActor_0.DebugSkelMeshComponent_0) Already registered. Aborting.
[2021.06.05-18.26.46:949][683]LogContentBrowser: Native class hierarchy updated for 'BlueprintGraph' in 0.0008 seconds. Added 125 classes and 0 folders.
[2021.06.05-18.26.47:800][683]LogSkeletalMesh: USkeletalMeshComponent::InitArticulated : Bodies already created (/Engine/Transient.World_9:PersistentLevel.AnimationEditorPreviewActor_0.DebugSkelMeshComponent_0) - call TermArticulated first.
[2021.06.05-18.26.48:110][683]LogSlate: Took 0.001029 seconds to synchronously load lazily loaded font '../../../Engine/Content/Slate/Fonts/Roboto-BoldCondensed.ttf' (158K)
[2021.06.05-18.26.48:218][683]LogContentBrowser: Verbose: The majority of assets in the view are of type: AnimSequence
[2021.06.05-18.26.48:244][684]LogSlate: Took 0.000362 seconds to synchronously load lazily loaded font '../../../Engine/Content/Slate/Fonts/Roboto-Italic.ttf' (157K)
[2021.06.05-18.27.13:723][441]BlueprintLog: New page: ThirdPerson_AnimBP 컴파일
[2021.06.05-18.27.13:734][441]LogBlueprint: Warning: [Compiler ThirdPerson_AnimBP] LedgeClimb -> Idle/Run  will never be taken, please connect something to  Can Enter Transition
[2021.06.05-18.27.13:780][441]LogUObjectHash: Compacting FUObjectHashTables data took   2.12ms
[2021.06.05-18.27.35:527][883]BlueprintLog: New page: ThirdPerson_AnimBP 컴파일
[2021.06.05-18.27.35:581][883]LogUObjectHash: Compacting FUObjectHashTables data took   2.40ms
[2021.06.05-18.27.36:128][919]LogSavePackage: Moving '../../../../../../Wire-Hunter/work/choi/WireHunter/Saved/ThirdPerson_AnimBP1D750E36424040120278BFB2852541F2.tmp' to '../../../../../../Wire-Hunter/work/choi/WireHunter/Content/ThirdPersonCPP/GraphicResources/Character/Animations/ThirdPerson_AnimBP.uasset'
[2021.06.05-18.27.36:153][919]AssetCheck: New page: 애셋 저장: ThirdPerson_AnimBP
[2021.06.05-18.27.36:153][919]LogContentValidation: Display: AnimBlueprint /Game/ThirdPersonCPP/GraphicResources/Character/Animations/ThirdPerson_AnimBP.ThirdPerson_AnimBP 유효성 검사
[2021.06.05-18.27.36:413][930]LogSavePackage: Moving '../../../../../../Wire-Hunter/work/choi/WireHunter/Saved/ThirdPerson_AnimBP929EBCDA49A6AEAE81165EB110EB8256.tmp' to '../../../../../../Wire-Hunter/work/choi/WireHunter/Content/ThirdPersonCPP/GraphicResources/Character/Animations/ThirdPerson_AnimBP.uasset'
[2021.06.05-18.27.36:430][930]AssetCheck: New page: 애셋 저장: ThirdPerson_AnimBP
[2021.06.05-18.27.36:430][930]LogContentValidation: Display: AnimBlueprint /Game/ThirdPersonCPP/GraphicResources/Character/Animations/ThirdPerson_AnimBP.ThirdPerson_AnimBP 유효성 검사
[2021.06.05-18.27.37:102][994]LogWorld: UWorld::CleanupWorld for World_9, bSessionEnded=true, bCleanupResources=true
[2021.06.05-18.27.37:102][994]LogSlate: InvalidateAllWidgets triggered.  All widgets were invalidated
[2021.06.05-18.27.37:105][994]LogWorld: UWorld::CleanupWorld for World_8, bSessionEnded=true, bCleanupResources=true
[2021.06.05-18.27.37:105][994]LogSlate: InvalidateAllWidgets triggered.  All widgets were invalidated
[2021.06.05-18.27.37:210][994]LogWorld: UWorld::CleanupWorld for World_10, bSessionEnded=true, bCleanupResources=true
[2021.06.05-18.27.37:210][994]LogSlate: InvalidateAllWidgets triggered.  All widgets were invalidated
[2021.06.05-18.29.09:016][516]LogAssetEditorSubsystem: Opening Asset editor for AnimBlueprint /Game/ThirdPersonCPP/GraphicResources/Character/Animations/ThirdPerson_AnimBP.ThirdPerson_AnimBP
[2021.06.05-18.29.09:024][516]LogActorComponent: RegisterComponentWithWorld: (/Engine/Transient.World_12:PersistentLevel.AnimationEditorPreviewActor_0.DebugSkelMeshComponent_0) Already registered. Aborting.
[2021.06.05-18.29.09:339][516]LogSkeletalMesh: USkeletalMeshComponent::InitArticulated : Bodies already created (/Engine/Transient.World_12:PersistentLevel.AnimationEditorPreviewActor_0.DebugSkelMeshComponent_0) - call TermArticulated first.
[2021.06.05-18.29.09:682][516]LogContentBrowser: Verbose: The majority of assets in the view are of type: AnimSequence
[2021.06.05-18.31.50:035][957]LogHotReload: New module detected: UE4Editor-WireHunter-0033.dll
[2021.06.05-18.31.51:403][962]LogHotReload: Starting Hot-Reload from IDE
[2021.06.05-18.31.51:841][962]LogClass: Could not find existing class WireHunterCharacter in package /Script/WireHunter for HotReload, assuming new class
[2021.06.05-18.31.51:841][962]LogClass: Function AnimNotify_LedgeClimbEnd is new.
[2021.06.05-18.31.51:843][962]LogClass: StructNode HotReload.
[2021.06.05-18.31.51:843][962]LogClass: StructWeight HotReload.
[2021.06.05-18.31.51:845][962]LogOutputDevice: Warning: 

Script Stack (0 frames):

[2021.06.05-18.31.52:349][962]LogStats: FPlatformStackWalk::StackWalkAndDump -  0.504 s
[2021.06.05-18.31.52:349][962]LogOutputDevice: Error: === Handled ensure: ===
[2021.06.05-18.31.52:349][962]LogOutputDevice: Error: 
[2021.06.05-18.31.52:349][962]LogOutputDevice: Error: Ensure condition failed: this->IsBound() [File:C:\Program Files\Epic Games\UE_4.25\Engine\Source\Runtime\Core\Public\Delegates/DelegateSignatureImpl.inl] [Line: 1132]
[2021.06.05-18.31.52:349][962]LogOutputDevice: Error: Unable to bind delegate to 'OnHit' (function might not be marked as a UFUNCTION or object may be pending kill)
[2021.06.05-18.31.52:349][962]LogOutputDevice: Error: Stack: 
[2021.06.05-18.31.52:349][962]LogOutputDevice: Error: [Callstack] 0x00007ff9a139d828 UE4Editor-WireHunter-0033.dll!DispatchCheckVerify<bool,<lambda_d1acd25b4c0462b0407b0194b56ca6c9> >() [C:\Program Files\Epic Games\UE_4.25\Engine\Source\Runtime\Core\Public\Misc\AssertionMacros.h:161]
[2021.06.05-18.31.52:349][962]LogOutputDevice: Error: [Callstack] 0x00007ff9a1375fab UE4Editor-WireHunter-0033.dll!ABoss::ABoss() [C:\Wire-Hunter\work\choi\WireHunter\Source\WireHunter\Boss.cpp:37]
[2021.06.05-18.31.52:349][962]LogOutputDevice: Error: [Callstack] 0x00007ff9abab44be UE4Editor-HotReload.dll!FHotReloadClassReinstancer::RecreateCDOAndSetupOldClassReinstancing() [D:\Build\++UE4\Sync\Engine\Source\Developer\HotReload\Private\HotReloadClassReinstancer.cpp:247]
[2021.06.05-18.31.52:349][962]LogOutputDevice: Error: [Callstack] 0x00007ff9abaa3d4e UE4Editor-HotReload.dll!FHotReloadClassReinstancer::FHotReloadClassReinstancer() [D:\Build\++UE4\Sync\Engine\Source\Developer\HotReload\Private\HotReloadClassReinstancer.cpp:322]
[2021.06.05-18.31.52:349][962]LogOutputDevice: Error: [Callstack] 0x00007ff9abaaa995 UE4Editor-HotReload.dll!FHotReloadClassReinstancer::Create() [D:\Build\++UE4\Sync\Engine\Source\Developer\HotReload\Private\HotReloadClassReinstancer.h:120]
[2021.06.05-18.31.52:350][962]LogOutputDevice: Error: [Callstack] 0x00007ff9abab6b33 UE4Editor-HotReload.dll!FHotReloadModule::ReinstanceClass() [D:\Build\++UE4\Sync\Engine\Source\Developer\HotReload\Private\HotReload.cpp:1266]
[2021.06.05-18.31.52:350][962]LogOutputDevice: Error: [Callstack] 0x00007ff9abab6e01 UE4Editor-HotReload.dll!FHotReloadModule::ReinstanceClasses() [D:\Build\++UE4\Sync\Engine\Source\Developer\HotReload\Private\HotReload.cpp:1256]
[2021.06.05-18.31.52:350][962]LogOutputDevice: Error: [Callstack] 0x00007ff9abaaf836 UE4Editor-HotReload.dll!TBaseRawMethodDelegateInstance<0,FHotReloadModule,void __cdecl(void)>::ExecuteIfSafe() [D:\Build\++UE4\Sync\Engine\Source\Runtime\Core\Public\Delegates\DelegateInstancesImpl.h:546]
[2021.06.05-18.31.52:350][962]LogOutputDevice: Error: [Callstack] 0x00007ff9caa0ed1d UE4Editor-CoreUObject.dll!TBaseMulticastDelegate<void>::Broadcast() [D:\Build\++UE4\Sync\Engine\Source\Runtime\Core\Public\Delegates\DelegateSignatureImpl.inl:1013]
[2021.06.05-18.31.52:350][962]LogOutputDevice: Error: [Callstack] 0x00007ff9cad96839 UE4Editor-CoreUObject.dll!UClassReplaceHotReloadClasses() [D:\Build\++UE4\Sync\Engine\Source\Runtime\CoreUObject\Private\UObject\UObjectBase.cpp:796]
[2021.06.05-18.31.52:350][962]LogOutputDevice: Error: [Callstack] 0x00007ff9cad75bc6 UE4Editor-CoreUObject.dll!ProcessNewlyLoadedUObjects() [D:\Build\++UE4\Sync\Engine\Source\Runtime\CoreUObject\Private\UObject\UObjectBase.cpp:955]
[2021.06.05-18.31.52:350][962]LogOutputDevice: Error: [Callstack] 0x00007ff9cac94465 UE4Editor-CoreUObject.dll!TBaseStaticDelegateInstance<void __cdecl(FName,bool)>::ExecuteIfSafe() [D:\Build\++UE4\Sync\Engine\Source\Runtime\Core\Public\Delegates\DelegateInstancesImpl.h:859]
[2021.06.05-18.31.52:350][962]LogOutputDevice: Error: [Callstack] 0x00007ff9cb3a986a UE4Editor-Core.dll!TBaseMulticastDelegate<void,FName,bool>::Broadcast() [D:\Build\++UE4\Sync\Engine\Source\Runtime\Core\Public\Delegates\DelegateSignatureImpl.inl:1013]
[2021.06.05-18.31.52:350][962]LogOutputDevice: Error: [Callstack] 0x00007ff9cb3c99f0 UE4Editor-Core.dll!FModuleManager::LoadModuleWithFailureReason() [D:\Build\++UE4\Sync\Engine\Source\Runtime\Core\Private\Modules\ModuleManager.cpp:500]
[2021.06.05-18.31.52:350][962]LogOutputDevice: Error: [Callstack] 0x00007ff9cb3c8b08 UE4Editor-Core.dll!FModuleManager::LoadModule() [D:\Build\++UE4\Sync\Engine\Source\Runtime\Core\Private\Modules\ModuleManager.cpp:334]
[2021.06.05-18.31.52:350][962]LogOutputDevice: Error: [Callstack] 0x00007ff9abaab9b2 UE4Editor-HotReload.dll!FHotReloadModule::DoHotReloadInternal() [D:\Build\++UE4\Sync\Engine\Source\Developer\HotReload\Private\HotReload.cpp:799]
[2021.06.05-18.31.52:350][962]LogOutputDevice: Error: [Callstack] 0x00007ff9abaab708 UE4Editor-HotReload.dll!FHotReloadModule::DoHotReloadFromIDE() [D:\Build\++UE4\Sync\Engine\Source\Developer\HotReload\Private\HotReload.cpp:1535]
[2021.06.05-18.31.52:350][962]LogOutputDevice: Error: [Callstack] 0x00007ff9ababc3e1 UE4Editor-HotReload.dll!FHotReloadModule::Tick() [D:\Build\++UE4\Sync\Engine\Source\Developer\HotReload\Private\HotReload.cpp:1479]
[2021.06.05-18.31.52:350][962]LogOutputDevice: Error: [Callstack] 0x00007ff9cb12d0a9 UE4Editor-Core.dll!FTicker::Tick() [D:\Build\++UE4\Sync\Engine\Source\Runtime\Core\Private\Containers\Ticker.cpp:95]
[2021.06.05-18.31.52:350][962]LogOutputDevice: Error: [Callstack] 0x00007ff7addda213 UE4Editor.exe!FEngineLoop::Tick() [D:\Build\++UE4\Sync\Engine\Source\Runtime\Launch\Private\LaunchEngineLoop.cpp:5051]
[2021.06.05-18.31.52:350][962]LogOutputDevice: Error: [Callstack] 0x00007ff7addeba7c UE4Editor.exe!GuardedMain() [D:\Build\++UE4\Sync\Engine\Source\Runtime\Launch\Private\Launch.cpp:169]
[2021.06.05-18.31.52:350][962]LogOutputDevice: Error: [Callstack] 0x00007ff7addebb5a UE4Editor.exe!GuardedMainWrapper() [D:\Build\++UE4\Sync\Engine\Source\Runtime\Launch\Private\Windows\LaunchWindows.cpp:137]
[2021.06.05-18.31.52:350][962]LogOutputDevice: Error: [Callstack] 0x00007ff7addfe31d UE4Editor.exe!WinMain() [D:\Build\++UE4\Sync\Engine\Source\Runtime\Launch\Private\Windows\LaunchWindows.cpp:268]
[2021.06.05-18.31.52:350][962]LogOutputDevice: Error: [Callstack] 0x00007ff7ade0145a UE4Editor.exe!__scrt_common_main_seh() [d:\agent\_work\5\s\src\vctools\crt\vcstartup\src\startup\exe_common.inl:288]
[2021.06.05-18.31.52:350][962]LogOutputDevice: Error: [Callstack] 0x00007ffa23817034 KERNEL32.DLL!UnknownFunction []
[2021.06.05-18.31.52:350][962]LogOutputDevice: Error: [Callstack] 0x00007ffa254c2651 ntdll.dll!UnknownFunction []
[2021.06.05-18.31.52:350][962]LogOutputDevice: Error: 
[2021.06.05-18.31.52:358][962]LogStats:                SubmitErrorReport -  0.000 s
[2021.06.05-18.31.52:808][962]LogStats:                    SendNewReport -  0.450 s
[2021.06.05-18.31.52:808][962]LogStats:             FDebug::EnsureFailed -  0.962 s
[2021.06.05-18.31.52:809][962]LogHotReload: Re-instancing Boss after hot-reload.
[2021.06.05-18.31.52:830][962]LogHotReload: Re-instancing HealingPotion after hot-reload.
[2021.06.05-18.31.52:863][962]LogHotReload: Re-instancing Lightning after hot-reload.
[2021.06.05-18.31.52:883][962]LogHotReload: Re-instancing SpeedPotion after hot-reload.
[2021.06.05-18.31.52:912][962]LogHotReload: Re-instancing StrengthPotion after hot-reload.
[2021.06.05-18.31.52:951][962]LogHotReload: Re-instancing WireHunterCharacter after hot-reload.
[2021.06.05-18.31.53:032][962]LogContentBrowser: Native class hierarchy updated for 'WireHunter' in 0.0006 seconds. Added 19 classes and 2 folders.
[2021.06.05-18.31.53:036][962]Display: HotReload successful (11 functions remapped  2 scriptstructs remapped)
[2021.06.05-18.31.59:152][962]LogThreadingWindows: Error: Runnable thread PoolThread 32 crashed.
[2021.06.05-18.31.59:152][962]LogThreadingWindows: Error: Runnable thread PoolThread 33 crashed.
[2021.06.05-18.31.59:152][962]LogWindows: Error: HandleError re-entered.
[2021.06.05-18.31.59:152][962]LogWindows: FPlatformMisc::RequestExit(1)
[2021.06.05-18.31.59:152][962]LogCore: Engine exit requested (reason: Win RequestExit)
[2021.06.05-18.31.59:157][962]Log file closed, 06/06/21 03:31:59
