Log file open, 05/16/21 13:54:27
LogInit: Display: Running engine for game: WireHunter
LogPlatformFile: Not using cached read wrapper
LogTaskGraph: Started task graph with 5 named threads and 35 total threads with 3 sets of task threads.
LogStats: Stats thread started at 0.167057
LogD3D11RHI: Loaded GFSDK_Aftermath_Lib.x64.dll
LogICUInternationalization: ICU TimeZone Detection - Raw Offset: +9:00, Platform Override: ''
LogPluginManager: Mounting plugin Paper2D
LogPluginManager: Mounting plugin AISupport
LogPluginManager: Mounting plugin LightPropagationVolume
LogPluginManager: Mounting plugin CameraShakePreviewer
LogPluginManager: Mounting plugin ActorLayerUtilities
LogPluginManager: Mounting plugin AnimationSharing
LogPluginManager: Mounting plugin CLionSourceCodeAccess
LogPluginManager: Mounting plugin CodeLiteSourceCodeAccess
LogPluginManager: Mounting plugin GitSourceControl
LogPluginManager: Mounting plugin KDevelopSourceCodeAccess
LogPluginManager: Mounting plugin NullSourceCodeAccess
LogPluginManager: Mounting plugin PerforceSourceControl
LogPluginManager: Mounting plugin PlasticSourceControl
LogPluginManager: Mounting plugin RiderSourceCodeAccess
LogPluginManager: Mounting plugin SubversionSourceControl
LogPluginManager: Mounting plugin UObjectPlugin
LogPluginManager: Mounting plugin VisualStudioCodeSourceCodeAccess
LogPluginManager: Mounting plugin VisualStudioSourceCodeAccess
LogPluginManager: Mounting plugin XCodeSourceCodeAccess
LogPluginManager: Mounting plugin AssetManagerEditor
LogPluginManager: Mounting plugin BlueprintMaterialTextureNodes
LogPluginManager: Mounting plugin CryptoKeys
LogPluginManager: Mounting plugin CurveEditorTools
LogPluginManager: Mounting plugin DataValidation
LogPluginManager: Mounting plugin EditorScriptingUtilities
LogPluginManager: Mounting plugin FacialAnimation
LogPluginManager: Mounting plugin GameplayTagsEditor
LogPluginManager: Mounting plugin GeometryMode
LogPluginManager: Mounting plugin MacGraphicsSwitching
LogPluginManager: Mounting plugin MaterialAnalyzer
LogPluginManager: Mounting plugin MobileLauncherProfileWizard
LogPluginManager: Mounting plugin PluginBrowser
LogPluginManager: Mounting plugin SpeedTreeImporter
LogPluginManager: Mounting plugin DatasmithContent
LogPluginManager: Mounting plugin VariantManagerContent
LogPluginManager: Mounting plugin AlembicImporter
LogPluginManager: Mounting plugin AutomationUtils
LogPluginManager: Mounting plugin BackChannel
LogPluginManager: Mounting plugin ChaosCloth
LogPluginManager: Mounting plugin ChaosClothEditor
LogPluginManager: Mounting plugin ChaosEditor
LogPluginManager: Mounting plugin ChaosNiagara
LogPluginManager: Mounting plugin ChaosSolverPlugin
LogPluginManager: Mounting plugin CharacterAI
LogPluginManager: Mounting plugin GeometryCache
LogPluginManager: Mounting plugin GeometryCollectionPlugin
LogPluginManager: Mounting plugin GeometryProcessing
LogPluginManager: Mounting plugin PlanarCut
LogPluginManager: Mounting plugin PlatformCrypto
LogPluginManager: Mounting plugin ProxyLODPlugin
LogPluginManager: Mounting plugin SkeletalReduction
LogPluginManager: Mounting plugin Volumetrics
LogPluginManager: Mounting plugin Niagara
LogPluginManager: Mounting plugin MagicLeap
LogPluginManager: Mounting plugin MagicLeapLightEstimation
LogPluginManager: Mounting plugin MagicLeapMedia
LogPluginManager: Mounting plugin MagicLeapPassableWorld
LogPluginManager: Mounting plugin MLSDK
LogPluginManager: Mounting plugin AndroidMedia
LogPluginManager: Mounting plugin AvfMedia
LogPluginManager: Mounting plugin ImgMedia
LogPluginManager: Mounting plugin MediaCompositing
LogPluginManager: Mounting plugin MediaPlayerEditor
LogPluginManager: Mounting plugin WebMMedia
LogPluginManager: Mounting plugin WmfMedia
LogPluginManager: Mounting plugin MeshPainting
LogPluginManager: Mounting plugin TcpMessaging
LogPluginManager: Mounting plugin UdpMessaging
LogPluginManager: Mounting plugin ActorSequence
LogPluginManager: Mounting plugin LevelSequenceEditor
LogPluginManager: Mounting plugin MatineeToLevelSequence
LogPluginManager: Mounting plugin MovieRenderPipeline
LogPluginManager: Mounting plugin TemplateSequence
LogPluginManager: Mounting plugin NetcodeUnitTest
LogPluginManager: Mounting plugin NUTUnrealEngine4
LogPluginManager: Mounting plugin OnlineSubsystemGooglePlay
LogPluginManager: Mounting plugin OnlineSubsystemIOS
LogPluginManager: Mounting plugin OnlineSubsystem
LogPluginManager: Mounting plugin OnlineSubsystemNull
LogPluginManager: Mounting plugin OnlineSubsystemUtils
LogPluginManager: Mounting plugin LauncherChunkInstaller
LogPluginManager: Mounting plugin AndroidDeviceProfileSelector
LogPluginManager: Mounting plugin AndroidMoviePlayer
LogPluginManager: Mounting plugin AndroidPermission
LogPluginManager: Mounting plugin AppleImageUtils
LogPluginManager: Mounting plugin AppleMoviePlayer
LogPluginManager: Mounting plugin ArchVisCharacter
LogPluginManager: Mounting plugin AssetTags
LogPluginManager: Mounting plugin AudioCapture
LogPluginManager: Mounting plugin CableComponent
LogPluginManager: Mounting plugin CustomMeshComponent
LogPluginManager: Mounting plugin EditableMesh
LogPluginManager: Mounting plugin ExampleDeviceProfileSelector
LogPluginManager: Mounting plugin GoogleCloudMessaging
LogPluginManager: Mounting plugin GooglePAD
LogPluginManager: Mounting plugin IOSDeviceProfileSelector
LogPluginManager: Mounting plugin LinuxDeviceProfileSelector
LogPluginManager: Mounting plugin LocationServicesBPLibrary
LogPluginManager: Mounting plugin MobilePatchingUtils
LogPluginManager: Mounting plugin OculusVR
LogPluginManager: Mounting plugin PhysXVehicles
LogPluginManager: Mounting plugin PostSplashScreen
LogPluginManager: Mounting plugin ProceduralMeshComponent
LogPluginManager: Mounting plugin RuntimePhysXCooking
LogPluginManager: Mounting plugin SignificanceManager
LogPluginManager: Mounting plugin SoundFields
LogPluginManager: Mounting plugin SteamVR
LogPluginManager: Mounting plugin Synthesis
LogPluginManager: Mounting plugin WebMMoviePlayer
LogPluginManager: Mounting plugin WindowsMoviePlayer
LogPluginManager: Mounting plugin ScreenshotTools
LogInit: Using libcurl 7.55.1-DEV
LogInit:  - built for x86_64-pc-win32
LogInit:  - supports SSL with OpenSSL/1.1.1
LogInit:  - supports HTTP deflate (compression) using libz 1.2.8
LogInit:  - other features:
LogInit:      CURL_VERSION_SSL
LogInit:      CURL_VERSION_LIBZ
LogInit:      CURL_VERSION_IPV6
LogInit:      CURL_VERSION_ASYNCHDNS
LogInit:      CURL_VERSION_LARGEFILE
LogInit:      CURL_VERSION_IDN
LogInit:  CurlRequestOptions (configurable via config and command line):
LogInit:  - bVerifyPeer = true  - Libcurl will verify peer certificate
LogInit:  - bUseHttpProxy = false  - Libcurl will NOT use HTTP proxy
LogInit:  - bDontReuseConnections = false  - Libcurl will reuse connections
LogInit:  - MaxHostConnections = 16  - Libcurl will limit the number of connections to a host
LogInit:  - LocalHostAddr = Default
LogInit:  - BufferSize = 65536
LogOnline: OSS: Creating online subsystem instance for: NULL
LogInit: WinSock: version 1.1 (2.2), MaxSocks=32767, MaxUdp=65467
LogOnline: OSS: TryLoadSubsystemAndSetDefault: Loaded subsystem for module [NULL]
LogInit: Build: ++UE4+Release-4.25-CL-14469661
LogInit: Engine Version: 4.25.4-14469661+++UE4+Release-4.25
LogInit: Compatible Engine Version: 4.25.0-13144385+++UE4+Release-4.25
LogInit: Net CL: 13144385
LogInit: OS: Windows 10 (Release 2004) (), CPU: Intel(R) Core(TM) i5-10400 CPU @ 2.90GHz, GPU: NVIDIA GeForce RTX 2060
LogInit: Compiled (64-bit): Oct 11 2020 08:10:49
LogInit: Compiled with Visual C++: 19.24.28315.00
LogInit: Build Configuration: Development
LogInit: Branch Name: ++UE4+Release-4.25
LogInit: Command Line: 
LogInit: Base Directory: C:/Program Files/Epic Games/UE_4.25/Engine/Binaries/Win64/
LogInit: Allocator: TBB
LogInit: Installed Engine Build: 1
LogDevObjectVersion: Number of dev versions registered: 26
LogDevObjectVersion:   Dev-Blueprints (B0D832E4-1F89-4F0D-ACCF-7EB736FD4AA2): 10
LogDevObjectVersion:   Dev-Build (E1C64328-A22C-4D53-A36C-8E866417BD8C): 0
LogDevObjectVersion:   Dev-Core (375EC13C-06E4-48FB-B500-84F0262A717E): 4
LogDevObjectVersion:   Dev-Editor (E4B068ED-F494-42E9-A231-DA0B2E46BB41): 38
LogDevObjectVersion:   Dev-Framework (CFFC743F-43B0-4480-9391-14DF171D2073): 37
LogDevObjectVersion:   Dev-Mobile (B02B49B5-BB20-44E9-A304-32B752E40360): 2
LogDevObjectVersion:   Dev-Networking (A4E4105C-59A1-49B5-A7C5-40C4547EDFEE): 0
LogDevObjectVersion:   Dev-Online (39C831C9-5AE6-47DC-9A44-9C173E1C8E7C): 0
LogDevObjectVersion:   Dev-Physics (78F01B33-EBEA-4F98-B9B4-84EACCB95AA2): 4
LogDevObjectVersion:   Dev-Platform (6631380F-2D4D-43E0-8009-CF276956A95A): 0
LogDevObjectVersion:   Dev-Rendering (12F88B9F-8875-4AFC-A67C-D90C383ABD29): 43
LogDevObjectVersion:   Dev-Sequencer (7B5AE74C-D270-4C10-A958-57980B212A5A): 12
LogDevObjectVersion:   Dev-VR (D7296918-1DD6-4BDD-9DE2-64A83CC13884): 3
LogDevObjectVersion:   Dev-LoadTimes (C2A15278-BFE7-4AFE-6C17-90FF531DF755): 1
LogDevObjectVersion:   Private-Geometry (6EACA3D4-40EC-4CC1-B786-8BED09428FC5): 3
LogDevObjectVersion:   Dev-AnimPhys (29E575DD-E0A3-4627-9D10-D276232CDCEA): 17
LogDevObjectVersion:   Dev-Anim (AF43A65D-7FD3-4947-9873-3E8ED9C1BB05): 7
LogDevObjectVersion:   Dev-ReflectionCapture (6B266CEC-1EC7-4B8F-A30B-E4D90942FC07): 1
LogDevObjectVersion:   Dev-Automation (0DF73D61-A23F-47EA-B727-89E90C41499A): 1
LogDevObjectVersion:   FortniteMain (601D1886-AC64-4F84-AA16-D3DE0DEAC7D6): 31
LogDevObjectVersion:   Dev-Enterprise (9DFFBCD6-494F-0158-E221-12823C92A888): 10
LogDevObjectVersion:   Dev-Niagara (F2AED0AC-9AFE-416F-8664-AA7FFA26D6FC): 1
LogDevObjectVersion:   Dev-Destruction (174F1F0B-B4C6-45A5-B13F-2EE8D0FB917D): 10
LogDevObjectVersion:   Dev-Physics-Ext (35F94A83-E258-406C-A318-09F59610247C): 37
LogDevObjectVersion:   Dev-PhysicsMaterial-Chaos (B68FC16E-8B1B-42E2-B453-215C058844FE): 1
LogDevObjectVersion:   Dev-CineCamera (B2E18506-4273-CFC2-A54E-F4BB758BBA07): 1
LogInit: Presizing for max 25165824 objects, including 0 objects not considered by GC, pre-allocating 0 bytes for permanent pool.
LogConfig: Applying CVar settings from Section [/Script/Engine.StreamingSettings] File [C:/Wire-Hunter/work/choi/WireHunter/Saved/Config/Windows/Engine.ini]
LogConfig: Setting CVar [[s.MinBulkDataSizeForAsyncLoading:131072]]
LogConfig: Setting CVar [[s.AsyncLoadingThreadEnabled:0]]
LogConfig: Setting CVar [[s.EventDrivenLoaderEnabled:1]]
LogConfig: Setting CVar [[s.WarnIfTimeLimitExceeded:0]]
LogConfig: Setting CVar [[s.TimeLimitExceededMultiplier:1.5]]
LogConfig: Setting CVar [[s.TimeLimitExceededMinTime:0.005]]
LogConfig: Setting CVar [[s.UseBackgroundLevelStreaming:1]]
LogConfig: Setting CVar [[s.PriorityAsyncLoadingExtraTime:15.0]]
LogConfig: Setting CVar [[s.LevelStreamingActorsUpdateTimeLimit:5.0]]
LogConfig: Setting CVar [[s.PriorityLevelStreamingActorsUpdateExtraTime:5.0]]
LogConfig: Setting CVar [[s.LevelStreamingComponentsRegistrationGranularity:10]]
LogConfig: Setting CVar [[s.UnregisterComponentsTimeLimit:1.0]]
LogConfig: Setting CVar [[s.LevelStreamingComponentsUnregistrationGranularity:5]]
LogConfig: Setting CVar [[s.FlushStreamingOnExit:1]]
LogInit: Object subsystem initialized
LogConfig: Setting CVar [[con.DebugEarlyDefault:1]]
LogConfig: Setting CVar [[r.setres:1280x720]]
[2021.05.16-04.54.27:968][  0]LogConfig: Setting CVar [[r.VSync:0]]
[2021.05.16-04.54.27:968][  0]LogConfig: Setting CVar [[r.RHICmdBypass:0]]
[2021.05.16-04.54.27:968][  0]LogConfig: Applying CVar settings from Section [/Script/Engine.RendererSettings] File [C:/Wire-Hunter/work/choi/WireHunter/Saved/Config/Windows/Engine.ini]
[2021.05.16-04.54.27:968][  0]LogConfig: Setting CVar [[r.GPUCrashDebugging:0]]
[2021.05.16-04.54.27:968][  0]LogConfig: Applying CVar settings from Section [/Script/Engine.RendererOverrideSettings] File [C:/Wire-Hunter/work/choi/WireHunter/Saved/Config/Windows/Engine.ini]
[2021.05.16-04.54.27:968][  0]LogConfig: Applying CVar settings from Section [/Script/Engine.StreamingSettings] File [C:/Wire-Hunter/work/choi/WireHunter/Saved/Config/Windows/Engine.ini]
[2021.05.16-04.54.27:969][  0]LogConfig: Setting CVar [[s.MinBulkDataSizeForAsyncLoading:131072]]
[2021.05.16-04.54.27:969][  0]LogConfig: Setting CVar [[s.AsyncLoadingThreadEnabled:0]]
[2021.05.16-04.54.27:969][  0]LogConfig: Setting CVar [[s.EventDrivenLoaderEnabled:1]]
[2021.05.16-04.54.27:969][  0]LogConfig: Setting CVar [[s.WarnIfTimeLimitExceeded:0]]
[2021.05.16-04.54.27:969][  0]LogConfig: Setting CVar [[s.TimeLimitExceededMultiplier:1.5]]
[2021.05.16-04.54.27:969][  0]LogConfig: Setting CVar [[s.TimeLimitExceededMinTime:0.005]]
[2021.05.16-04.54.27:969][  0]LogConfig: Setting CVar [[s.UseBackgroundLevelStreaming:1]]
[2021.05.16-04.54.27:969][  0]LogConfig: Setting CVar [[s.PriorityAsyncLoadingExtraTime:15.0]]
[2021.05.16-04.54.27:969][  0]LogConfig: Setting CVar [[s.LevelStreamingActorsUpdateTimeLimit:5.0]]
[2021.05.16-04.54.27:969][  0]LogConfig: Setting CVar [[s.PriorityLevelStreamingActorsUpdateExtraTime:5.0]]
[2021.05.16-04.54.27:969][  0]LogConfig: Setting CVar [[s.LevelStreamingComponentsRegistrationGranularity:10]]
[2021.05.16-04.54.27:969][  0]LogConfig: Setting CVar [[s.UnregisterComponentsTimeLimit:1.0]]
[2021.05.16-04.54.27:969][  0]LogConfig: Setting CVar [[s.LevelStreamingComponentsUnregistrationGranularity:5]]
[2021.05.16-04.54.27:969][  0]LogConfig: Setting CVar [[s.FlushStreamingOnExit:1]]
[2021.05.16-04.54.27:969][  0]LogConfig: Applying CVar settings from Section [/Script/Engine.GarbageCollectionSettings] File [C:/Wire-Hunter/work/choi/WireHunter/Saved/Config/Windows/Engine.ini]
[2021.05.16-04.54.27:969][  0]LogConfig: Setting CVar [[gc.MaxObjectsNotConsideredByGC:1]]
[2021.05.16-04.54.27:969][  0]LogConfig: Setting CVar [[gc.SizeOfPermanentObjectPool:0]]
[2021.05.16-04.54.27:969][  0]LogConfig: Setting CVar [[gc.FlushStreamingOnGC:0]]
[2021.05.16-04.54.27:969][  0]LogConfig: Setting CVar [[gc.NumRetriesBeforeForcingGC:10]]
[2021.05.16-04.54.27:969][  0]LogConfig: Setting CVar [[gc.AllowParallelGC:1]]
[2021.05.16-04.54.27:969][  0]LogConfig: Setting CVar [[gc.TimeBetweenPurgingPendingKillObjects:61.1]]
[2021.05.16-04.54.27:969][  0]LogConfig: Setting CVar [[gc.MaxObjectsInEditor:25165824]]
[2021.05.16-04.54.27:969][  0]LogConfig: Setting CVar [[gc.IncrementalBeginDestroyEnabled:1]]
[2021.05.16-04.54.27:969][  0]LogConfig: Setting CVar [[gc.CreateGCClusters:1]]
[2021.05.16-04.54.27:969][  0]LogConfig: Setting CVar [[gc.MinGCClusterSize:5]]
[2021.05.16-04.54.27:969][  0]LogConfig: Setting CVar [[gc.ActorClusteringEnabled:0]]
[2021.05.16-04.54.27:969][  0]LogConfig: Setting CVar [[gc.BlueprintClusteringEnabled:0]]
[2021.05.16-04.54.27:969][  0]LogConfig: Setting CVar [[gc.UseDisregardForGCOnDedicatedServers:0]]
[2021.05.16-04.54.27:969][  0]LogConfig: Applying CVar settings from Section [/Script/Engine.NetworkSettings] File [C:/Wire-Hunter/work/choi/WireHunter/Saved/Config/Windows/Engine.ini]
[2021.05.16-04.54.27:969][  0]LogConfig: Applying CVar settings from Section [/Script/UnrealEd.CookerSettings] File [C:/Wire-Hunter/work/choi/WireHunter/Saved/Config/Windows/Engine.ini]
[2021.05.16-04.54.27:971][  0]LogConfig: Applying CVar settings from Section [ViewDistanceQuality@3] File [C:/Wire-Hunter/work/choi/WireHunter/Saved/Config/Windows/Scalability.ini]
[2021.05.16-04.54.27:971][  0]LogConfig: Setting CVar [[r.SkeletalMeshLODBias:0]]
[2021.05.16-04.54.27:971][  0]LogConfig: Setting CVar [[r.ViewDistanceScale:1.0]]
[2021.05.16-04.54.27:971][  0]LogConfig: Applying CVar settings from Section [AntiAliasingQuality@3] File [C:/Wire-Hunter/work/choi/WireHunter/Saved/Config/Windows/Scalability.ini]
[2021.05.16-04.54.27:971][  0]LogConfig: Setting CVar [[r.PostProcessAAQuality:4]]
[2021.05.16-04.54.27:971][  0]LogConfig: Applying CVar settings from Section [ShadowQuality@3] File [C:/Wire-Hunter/work/choi/WireHunter/Saved/Config/Windows/Scalability.ini]
[2021.05.16-04.54.27:971][  0]LogConfig: Setting CVar [[r.LightFunctionQuality:1]]
[2021.05.16-04.54.27:971][  0]LogConfig: Setting CVar [[r.ShadowQuality:5]]
[2021.05.16-04.54.27:971][  0]LogConfig: Setting CVar [[r.Shadow.CSM.MaxCascades:10]]
[2021.05.16-04.54.27:971][  0]LogConfig: Setting CVar [[r.Shadow.MaxResolution:2048]]
[2021.05.16-04.54.27:971][  0]LogConfig: Setting CVar [[r.Shadow.MaxCSMResolution:2048]]
[2021.05.16-04.54.27:971][  0]LogConfig: Setting CVar [[r.Shadow.RadiusThreshold:0.01]]
[2021.05.16-04.54.27:971][  0]LogConfig: Setting CVar [[r.Shadow.DistanceScale:1.0]]
[2021.05.16-04.54.27:971][  0]LogConfig: Setting CVar [[r.Shadow.CSM.TransitionScale:1.0]]
[2021.05.16-04.54.27:971][  0]LogConfig: Setting CVar [[r.Shadow.PreShadowResolutionFactor:1.0]]
[2021.05.16-04.54.27:971][  0]LogConfig: Setting CVar [[r.DistanceFieldShadowing:1]]
[2021.05.16-04.54.27:971][  0]LogConfig: Setting CVar [[r.DistanceFieldAO:1]]
[2021.05.16-04.54.27:971][  0]LogConfig: Setting CVar [[r.AOQuality:2]]
[2021.05.16-04.54.27:971][  0]LogConfig: Setting CVar [[r.VolumetricFog:1]]
[2021.05.16-04.54.27:971][  0]LogConfig: Setting CVar [[r.VolumetricFog.GridPixelSize:8]]
[2021.05.16-04.54.27:971][  0]LogConfig: Setting CVar [[r.VolumetricFog.GridSizeZ:128]]
[2021.05.16-04.54.27:971][  0]LogConfig: Setting CVar [[r.VolumetricFog.HistoryMissSupersampleCount:4]]
[2021.05.16-04.54.27:971][  0]LogConfig: Setting CVar [[r.LightMaxDrawDistanceScale:1]]
[2021.05.16-04.54.27:971][  0]LogConfig: Setting CVar [[r.CapsuleShadows:1]]
[2021.05.16-04.54.27:971][  0]LogConfig: Applying CVar settings from Section [PostProcessQuality@3] File [C:/Wire-Hunter/work/choi/WireHunter/Saved/Config/Windows/Scalability.ini]
[2021.05.16-04.54.27:972][  0]LogConfig: Setting CVar [[r.MotionBlurQuality:4]]
[2021.05.16-04.54.27:972][  0]LogConfig: Setting CVar [[r.AmbientOcclusionMipLevelFactor:0.4]]
[2021.05.16-04.54.27:972][  0]LogConfig: Setting CVar [[r.AmbientOcclusionMaxQuality:100]]
[2021.05.16-04.54.27:972][  0]LogConfig: Setting CVar [[r.AmbientOcclusionLevels:-1]]
[2021.05.16-04.54.27:972][  0]LogConfig: Setting CVar [[r.AmbientOcclusionRadiusScale:1.0]]
[2021.05.16-04.54.27:972][  0]LogConfig: Setting CVar [[r.DepthOfFieldQuality:2]]
[2021.05.16-04.54.27:972][  0]LogConfig: Setting CVar [[r.RenderTargetPoolMin:400]]
[2021.05.16-04.54.27:972][  0]LogConfig: Setting CVar [[r.LensFlareQuality:2]]
[2021.05.16-04.54.27:972][  0]LogConfig: Setting CVar [[r.SceneColorFringeQuality:1]]
[2021.05.16-04.54.27:972][  0]LogConfig: Setting CVar [[r.EyeAdaptationQuality:2]]
[2021.05.16-04.54.27:972][  0]LogConfig: Setting CVar [[r.BloomQuality:5]]
[2021.05.16-04.54.27:972][  0]LogConfig: Setting CVar [[r.FastBlurThreshold:100]]
[2021.05.16-04.54.27:972][  0]LogConfig: Setting CVar [[r.Upscale.Quality:3]]
[2021.05.16-04.54.27:972][  0]LogConfig: Setting CVar [[r.Tonemapper.GrainQuantization:1]]
[2021.05.16-04.54.27:972][  0]LogConfig: Setting CVar [[r.LightShaftQuality:1]]
[2021.05.16-04.54.27:972][  0]LogConfig: Setting CVar [[r.Filter.SizeScale:1]]
[2021.05.16-04.54.27:972][  0]LogConfig: Setting CVar [[r.Tonemapper.Quality:5]]
[2021.05.16-04.54.27:972][  0]LogConfig: Setting CVar [[r.DOF.Gather.AccumulatorQuality:1        ; higher gathering accumulator quality]]
[2021.05.16-04.54.27:972][  0]LogConfig: Setting CVar [[r.DOF.Gather.PostfilterMethod:1          ; Median3x3 postfilering method]]
[2021.05.16-04.54.27:972][  0]LogConfig: Setting CVar [[r.DOF.Gather.EnableBokehSettings:0       ; no bokeh simulation when gathering]]
[2021.05.16-04.54.27:972][  0]LogConfig: Setting CVar [[r.DOF.Gather.RingCount:4                 ; medium number of samples when gathering]]
[2021.05.16-04.54.27:972][  0]LogConfig: Setting CVar [[r.DOF.Scatter.ForegroundCompositing:1    ; additive foreground scattering]]
[2021.05.16-04.54.27:972][  0]LogConfig: Setting CVar [[r.DOF.Scatter.BackgroundCompositing:2    ; additive background scattering]]
[2021.05.16-04.54.27:972][  0]LogConfig: Setting CVar [[r.DOF.Scatter.EnableBokehSettings:1      ; bokeh simulation when scattering]]
[2021.05.16-04.54.27:972][  0]LogConfig: Setting CVar [[r.DOF.Scatter.MaxSpriteRatio:0.1         ; only a maximum of 10% of scattered bokeh]]
[2021.05.16-04.54.27:972][  0]LogConfig: Setting CVar [[r.DOF.Recombine.Quality:1                ; cheap slight out of focus]]
[2021.05.16-04.54.27:972][  0]LogConfig: Setting CVar [[r.DOF.Recombine.EnableBokehSettings:0    ; no bokeh simulation on slight out of focus]]
[2021.05.16-04.54.27:972][  0]LogConfig: Setting CVar [[r.DOF.TemporalAAQuality:1                ; more stable temporal accumulation]]
[2021.05.16-04.54.27:972][  0]LogConfig: Setting CVar [[r.DOF.Kernel.MaxForegroundRadius:0.025]]
[2021.05.16-04.54.27:972][  0]LogConfig: Setting CVar [[r.DOF.Kernel.MaxBackgroundRadius:0.025]]
[2021.05.16-04.54.27:972][  0]LogConfig: Applying CVar settings from Section [TextureQuality@3] File [C:/Wire-Hunter/work/choi/WireHunter/Saved/Config/Windows/Scalability.ini]
[2021.05.16-04.54.27:972][  0]LogConfig: Setting CVar [[r.Streaming.MipBias:0]]
[2021.05.16-04.54.27:972][  0]LogConfig: Setting CVar [[r.Streaming.AmortizeCPUToGPUCopy:0]]
[2021.05.16-04.54.27:972][  0]LogConfig: Setting CVar [[r.Streaming.MaxNumTexturesToStreamPerFrame:0]]
[2021.05.16-04.54.27:972][  0]LogConfig: Setting CVar [[r.Streaming.Boost:1]]
[2021.05.16-04.54.27:972][  0]LogConfig: Setting CVar [[r.MaxAnisotropy:8]]
[2021.05.16-04.54.27:972][  0]LogConfig: Setting CVar [[r.VT.MaxAnisotropy:8]]
[2021.05.16-04.54.27:972][  0]LogConfig: Setting CVar [[r.Streaming.LimitPoolSizeToVRAM:0]]
[2021.05.16-04.54.27:972][  0]LogConfig: Setting CVar [[r.Streaming.PoolSize:1000]]
[2021.05.16-04.54.27:972][  0]LogConfig: Setting CVar [[r.Streaming.MaxEffectiveScreenSize:0]]
[2021.05.16-04.54.27:972][  0]LogConfig: Applying CVar settings from Section [EffectsQuality@3] File [C:/Wire-Hunter/work/choi/WireHunter/Saved/Config/Windows/Scalability.ini]
[2021.05.16-04.54.27:972][  0]LogConfig: Setting CVar [[r.TranslucencyLightingVolumeDim:64]]
[2021.05.16-04.54.27:972][  0]LogConfig: Setting CVar [[r.RefractionQuality:2]]
[2021.05.16-04.54.27:972][  0]LogConfig: Setting CVar [[r.SSR.Quality:3]]
[2021.05.16-04.54.27:972][  0]LogConfig: Setting CVar [[r.SSR.HalfResSceneColor:0]]
[2021.05.16-04.54.27:972][  0]LogConfig: Setting CVar [[r.SceneColorFormat:4]]
[2021.05.16-04.54.27:972][  0]LogConfig: Setting CVar [[r.DetailMode:2]]
[2021.05.16-04.54.27:972][  0]LogConfig: Setting CVar [[r.TranslucencyVolumeBlur:1]]
[2021.05.16-04.54.27:972][  0]LogConfig: Setting CVar [[r.MaterialQualityLevel:1 ; High quality]]
[2021.05.16-04.54.27:972][  0]LogConfig: Setting CVar [[r.SSS.Scale:1]]
[2021.05.16-04.54.27:972][  0]LogConfig: Setting CVar [[r.SSS.SampleSet:2]]
[2021.05.16-04.54.27:972][  0]LogConfig: Setting CVar [[r.SSS.Quality:1]]
[2021.05.16-04.54.27:972][  0]LogConfig: Setting CVar [[r.SSS.HalfRes:0]]
[2021.05.16-04.54.27:972][  0]LogConfig: Setting CVar [[r.SSGI.Quality:3]]
[2021.05.16-04.54.27:972][  0]LogConfig: Setting CVar [[r.EmitterSpawnRateScale:1.0]]
[2021.05.16-04.54.27:972][  0]LogConfig: Setting CVar [[r.ParticleLightQuality:2]]
[2021.05.16-04.54.27:972][  0]LogConfig: Setting CVar [[r.SkyAtmosphere.AerialPerspectiveLUT.FastApplyOnOpaque:1 ; Always have FastSkyLUT 1 in this case to avoid wrong sky]]
[2021.05.16-04.54.27:972][  0]LogConfig: Setting CVar [[r.SkyAtmosphere.AerialPerspectiveLUT.SampleCountPerSlice:1]]
[2021.05.16-04.54.27:972][  0]LogConfig: Setting CVar [[r.SkyAtmosphere.AerialPerspectiveLUT.DepthResolution:16.0]]
[2021.05.16-04.54.27:972][  0]LogConfig: Setting CVar [[r.SkyAtmosphere.FastSkyLUT:1]]
[2021.05.16-04.54.27:972][  0]LogConfig: Setting CVar [[r.SkyAtmosphere.FastSkyLUT.SampleCountMin:4.0]]
[2021.05.16-04.54.27:972][  0]LogConfig: Setting CVar [[r.SkyAtmosphere.FastSkyLUT.SampleCountMax:32.0]]
[2021.05.16-04.54.27:972][  0]LogConfig: Setting CVar [[r.SkyAtmosphere.SampleCountMin:4.0]]
[2021.05.16-04.54.27:972][  0]LogConfig: Setting CVar [[r.SkyAtmosphere.SampleCountMax:32.0]]
[2021.05.16-04.54.27:972][  0]LogConfig: Setting CVar [[r.SkyAtmosphere.TransmittanceLUT.UseSmallFormat:0]]
[2021.05.16-04.54.27:972][  0]LogConfig: Setting CVar [[r.SkyAtmosphere.TransmittanceLUT.SampleCount:10.0]]
[2021.05.16-04.54.27:972][  0]LogConfig: Setting CVar [[r.SkyAtmosphere.MultiScatteringLUT.SampleCount:15.0]]
[2021.05.16-04.54.27:972][  0]LogConfig: Applying CVar settings from Section [FoliageQuality@3] File [C:/Wire-Hunter/work/choi/WireHunter/Saved/Config/Windows/Scalability.ini]
[2021.05.16-04.54.27:972][  0]LogConfig: Setting CVar [[foliage.DensityScale:1.0]]
[2021.05.16-04.54.27:972][  0]LogConfig: Setting CVar [[grass.DensityScale:1.0]]
[2021.05.16-04.54.27:972][  0]LogConfig: Applying CVar settings from Section [ShadingQuality@3] File [C:/Wire-Hunter/work/choi/WireHunter/Saved/Config/Windows/Scalability.ini]
[2021.05.16-04.54.27:972][  0]LogConfig: Setting CVar [[r.HairStrands.SkyLighting.SampleCount:16]]
[2021.05.16-04.54.27:972][  0]LogConfig: Setting CVar [[r.HairStrands.SkyLighting.JitterIntegration:0]]
[2021.05.16-04.54.27:972][  0]LogConfig: Setting CVar [[r.HairStrands.SkyAO.SampleCount:16]]
[2021.05.16-04.54.27:972][  0]LogConfig: Setting CVar [[r.HairStrands.DeepShadow.SuperSampling:0]]
[2021.05.16-04.54.27:972][  0]LogConfig: Setting CVar [[r.HairStrands.VisibilityPPLL:0]]
[2021.05.16-04.54.27:972][  0]LogConfig: Setting CVar [[r.HairStrands.RasterizationScale:0.5]]
[2021.05.16-04.54.27:972][  0]LogConfig: Setting CVar [[r.HairStrands.VelocityRasterizationScale:1]]
[2021.05.16-04.54.27:972][  0]LogInit: Selected Device Profile: [Windows]
[2021.05.16-04.54.27:972][  0]LogInit: Applying CVar settings loaded from the selected device profile: [Windows]
[2021.05.16-04.54.27:972][  0]LogHAL: Display: Platform has ~ 16 GB [17109049344 / 17179869184 / 16], which maps to Larger [LargestMinGB=32, LargerMinGB=12, DefaultMinGB=8, SmallerMinGB=6, SmallestMinGB=0)
[2021.05.16-04.54.27:972][  0]LogInit: Going up to parent DeviceProfile []
[2021.05.16-04.54.27:972][  0]LogConfig: Applying CVar settings from Section [ViewDistanceQuality@3] File [C:/Wire-Hunter/work/choi/WireHunter/Saved/Config/Windows/Scalability.ini]
[2021.05.16-04.54.27:972][  0]LogConfig: Setting CVar [[r.SkeletalMeshLODBias:0]]
[2021.05.16-04.54.27:972][  0]LogConfig: Setting CVar [[r.ViewDistanceScale:1.0]]
[2021.05.16-04.54.27:973][  0]LogConfig: Applying CVar settings from Section [AntiAliasingQuality@3] File [C:/Wire-Hunter/work/choi/WireHunter/Saved/Config/Windows/Scalability.ini]
[2021.05.16-04.54.27:973][  0]LogConfig: Setting CVar [[r.PostProcessAAQuality:4]]
[2021.05.16-04.54.27:973][  0]LogConfig: Applying CVar settings from Section [ShadowQuality@3] File [C:/Wire-Hunter/work/choi/WireHunter/Saved/Config/Windows/Scalability.ini]
[2021.05.16-04.54.27:973][  0]LogConfig: Setting CVar [[r.LightFunctionQuality:1]]
[2021.05.16-04.54.27:973][  0]LogConfig: Setting CVar [[r.ShadowQuality:5]]
[2021.05.16-04.54.27:973][  0]LogConfig: Setting CVar [[r.Shadow.CSM.MaxCascades:10]]
[2021.05.16-04.54.27:973][  0]LogConfig: Setting CVar [[r.Shadow.MaxResolution:2048]]
[2021.05.16-04.54.27:973][  0]LogConfig: Setting CVar [[r.Shadow.MaxCSMResolution:2048]]
[2021.05.16-04.54.27:973][  0]LogConfig: Setting CVar [[r.Shadow.RadiusThreshold:0.01]]
[2021.05.16-04.54.27:973][  0]LogConfig: Setting CVar [[r.Shadow.DistanceScale:1.0]]
[2021.05.16-04.54.27:973][  0]LogConfig: Setting CVar [[r.Shadow.CSM.TransitionScale:1.0]]
[2021.05.16-04.54.27:973][  0]LogConfig: Setting CVar [[r.Shadow.PreShadowResolutionFactor:1.0]]
[2021.05.16-04.54.27:973][  0]LogConfig: Setting CVar [[r.DistanceFieldShadowing:1]]
[2021.05.16-04.54.27:973][  0]LogConfig: Setting CVar [[r.DistanceFieldAO:1]]
[2021.05.16-04.54.27:973][  0]LogConfig: Setting CVar [[r.AOQuality:2]]
[2021.05.16-04.54.27:973][  0]LogConfig: Setting CVar [[r.VolumetricFog:1]]
[2021.05.16-04.54.27:973][  0]LogConfig: Setting CVar [[r.VolumetricFog.GridPixelSize:8]]
[2021.05.16-04.54.27:973][  0]LogConfig: Setting CVar [[r.VolumetricFog.GridSizeZ:128]]
[2021.05.16-04.54.27:973][  0]LogConfig: Setting CVar [[r.VolumetricFog.HistoryMissSupersampleCount:4]]
[2021.05.16-04.54.27:973][  0]LogConfig: Setting CVar [[r.LightMaxDrawDistanceScale:1]]
[2021.05.16-04.54.27:973][  0]LogConfig: Setting CVar [[r.CapsuleShadows:1]]
[2021.05.16-04.54.27:973][  0]LogConfig: Applying CVar settings from Section [PostProcessQuality@3] File [C:/Wire-Hunter/work/choi/WireHunter/Saved/Config/Windows/Scalability.ini]
[2021.05.16-04.54.27:973][  0]LogConfig: Setting CVar [[r.MotionBlurQuality:4]]
[2021.05.16-04.54.27:973][  0]LogConfig: Setting CVar [[r.AmbientOcclusionMipLevelFactor:0.4]]
[2021.05.16-04.54.27:973][  0]LogConfig: Setting CVar [[r.AmbientOcclusionMaxQuality:100]]
[2021.05.16-04.54.27:973][  0]LogConfig: Setting CVar [[r.AmbientOcclusionLevels:-1]]
[2021.05.16-04.54.27:973][  0]LogConfig: Setting CVar [[r.AmbientOcclusionRadiusScale:1.0]]
[2021.05.16-04.54.27:973][  0]LogConfig: Setting CVar [[r.DepthOfFieldQuality:2]]
[2021.05.16-04.54.27:973][  0]LogConfig: Setting CVar [[r.RenderTargetPoolMin:400]]
[2021.05.16-04.54.27:973][  0]LogConfig: Setting CVar [[r.LensFlareQuality:2]]
[2021.05.16-04.54.27:973][  0]LogConfig: Setting CVar [[r.SceneColorFringeQuality:1]]
[2021.05.16-04.54.27:973][  0]LogConfig: Setting CVar [[r.EyeAdaptationQuality:2]]
[2021.05.16-04.54.27:973][  0]LogConfig: Setting CVar [[r.BloomQuality:5]]
[2021.05.16-04.54.27:973][  0]LogConfig: Setting CVar [[r.FastBlurThreshold:100]]
[2021.05.16-04.54.27:973][  0]LogConfig: Setting CVar [[r.Upscale.Quality:3]]
[2021.05.16-04.54.27:973][  0]LogConfig: Setting CVar [[r.Tonemapper.GrainQuantization:1]]
[2021.05.16-04.54.27:973][  0]LogConfig: Setting CVar [[r.LightShaftQuality:1]]
[2021.05.16-04.54.27:973][  0]LogConfig: Setting CVar [[r.Filter.SizeScale:1]]
[2021.05.16-04.54.27:973][  0]LogConfig: Setting CVar [[r.Tonemapper.Quality:5]]
[2021.05.16-04.54.27:973][  0]LogConfig: Setting CVar [[r.DOF.Gather.AccumulatorQuality:1        ; higher gathering accumulator quality]]
[2021.05.16-04.54.27:973][  0]LogConfig: Setting CVar [[r.DOF.Gather.PostfilterMethod:1          ; Median3x3 postfilering method]]
[2021.05.16-04.54.27:973][  0]LogConfig: Setting CVar [[r.DOF.Gather.EnableBokehSettings:0       ; no bokeh simulation when gathering]]
[2021.05.16-04.54.27:973][  0]LogConfig: Setting CVar [[r.DOF.Gather.RingCount:4                 ; medium number of samples when gathering]]
[2021.05.16-04.54.27:973][  0]LogConfig: Setting CVar [[r.DOF.Scatter.ForegroundCompositing:1    ; additive foreground scattering]]
[2021.05.16-04.54.27:973][  0]LogConfig: Setting CVar [[r.DOF.Scatter.BackgroundCompositing:2    ; additive background scattering]]
[2021.05.16-04.54.27:973][  0]LogConfig: Setting CVar [[r.DOF.Scatter.EnableBokehSettings:1      ; bokeh simulation when scattering]]
[2021.05.16-04.54.27:973][  0]LogConfig: Setting CVar [[r.DOF.Scatter.MaxSpriteRatio:0.1         ; only a maximum of 10% of scattered bokeh]]
[2021.05.16-04.54.27:973][  0]LogConfig: Setting CVar [[r.DOF.Recombine.Quality:1                ; cheap slight out of focus]]
[2021.05.16-04.54.27:973][  0]LogConfig: Setting CVar [[r.DOF.Recombine.EnableBokehSettings:0    ; no bokeh simulation on slight out of focus]]
[2021.05.16-04.54.27:973][  0]LogConfig: Setting CVar [[r.DOF.TemporalAAQuality:1                ; more stable temporal accumulation]]
[2021.05.16-04.54.27:973][  0]LogConfig: Setting CVar [[r.DOF.Kernel.MaxForegroundRadius:0.025]]
[2021.05.16-04.54.27:973][  0]LogConfig: Setting CVar [[r.DOF.Kernel.MaxBackgroundRadius:0.025]]
[2021.05.16-04.54.27:973][  0]LogConfig: Applying CVar settings from Section [TextureQuality@3] File [C:/Wire-Hunter/work/choi/WireHunter/Saved/Config/Windows/Scalability.ini]
[2021.05.16-04.54.27:973][  0]LogConfig: Setting CVar [[r.Streaming.MipBias:0]]
[2021.05.16-04.54.27:973][  0]LogConfig: Setting CVar [[r.Streaming.AmortizeCPUToGPUCopy:0]]
[2021.05.16-04.54.27:973][  0]LogConfig: Setting CVar [[r.Streaming.MaxNumTexturesToStreamPerFrame:0]]
[2021.05.16-04.54.27:973][  0]LogConfig: Setting CVar [[r.Streaming.Boost:1]]
[2021.05.16-04.54.27:973][  0]LogConfig: Setting CVar [[r.MaxAnisotropy:8]]
[2021.05.16-04.54.27:973][  0]LogConfig: Setting CVar [[r.VT.MaxAnisotropy:8]]
[2021.05.16-04.54.27:973][  0]LogConfig: Setting CVar [[r.Streaming.LimitPoolSizeToVRAM:0]]
[2021.05.16-04.54.27:973][  0]LogConfig: Setting CVar [[r.Streaming.PoolSize:1000]]
[2021.05.16-04.54.27:973][  0]LogConfig: Setting CVar [[r.Streaming.MaxEffectiveScreenSize:0]]
[2021.05.16-04.54.27:973][  0]LogConfig: Applying CVar settings from Section [EffectsQuality@3] File [C:/Wire-Hunter/work/choi/WireHunter/Saved/Config/Windows/Scalability.ini]
[2021.05.16-04.54.27:973][  0]LogConfig: Setting CVar [[r.TranslucencyLightingVolumeDim:64]]
[2021.05.16-04.54.27:973][  0]LogConfig: Setting CVar [[r.RefractionQuality:2]]
[2021.05.16-04.54.27:973][  0]LogConfig: Setting CVar [[r.SSR.Quality:3]]
[2021.05.16-04.54.27:973][  0]LogConfig: Setting CVar [[r.SSR.HalfResSceneColor:0]]
[2021.05.16-04.54.27:973][  0]LogConfig: Setting CVar [[r.SceneColorFormat:4]]
[2021.05.16-04.54.27:973][  0]LogConfig: Setting CVar [[r.DetailMode:2]]
[2021.05.16-04.54.27:973][  0]LogConfig: Setting CVar [[r.TranslucencyVolumeBlur:1]]
[2021.05.16-04.54.27:973][  0]LogConfig: Setting CVar [[r.MaterialQualityLevel:1 ; High quality]]
[2021.05.16-04.54.27:973][  0]LogConfig: Setting CVar [[r.SSS.Scale:1]]
[2021.05.16-04.54.27:973][  0]LogConfig: Setting CVar [[r.SSS.SampleSet:2]]
[2021.05.16-04.54.27:973][  0]LogConfig: Setting CVar [[r.SSS.Quality:1]]
[2021.05.16-04.54.27:973][  0]LogConfig: Setting CVar [[r.SSS.HalfRes:0]]
[2021.05.16-04.54.27:973][  0]LogConfig: Setting CVar [[r.SSGI.Quality:3]]
[2021.05.16-04.54.27:973][  0]LogConfig: Setting CVar [[r.EmitterSpawnRateScale:1.0]]
[2021.05.16-04.54.27:973][  0]LogConfig: Setting CVar [[r.ParticleLightQuality:2]]
[2021.05.16-04.54.27:973][  0]LogConfig: Setting CVar [[r.SkyAtmosphere.AerialPerspectiveLUT.FastApplyOnOpaque:1 ; Always have FastSkyLUT 1 in this case to avoid wrong sky]]
[2021.05.16-04.54.27:973][  0]LogConfig: Setting CVar [[r.SkyAtmosphere.AerialPerspectiveLUT.SampleCountPerSlice:1]]
[2021.05.16-04.54.27:973][  0]LogConfig: Setting CVar [[r.SkyAtmosphere.AerialPerspectiveLUT.DepthResolution:16.0]]
[2021.05.16-04.54.27:973][  0]LogConfig: Setting CVar [[r.SkyAtmosphere.FastSkyLUT:1]]
[2021.05.16-04.54.27:973][  0]LogConfig: Setting CVar [[r.SkyAtmosphere.FastSkyLUT.SampleCountMin:4.0]]
[2021.05.16-04.54.27:973][  0]LogConfig: Setting CVar [[r.SkyAtmosphere.FastSkyLUT.SampleCountMax:32.0]]
[2021.05.16-04.54.27:973][  0]LogConfig: Setting CVar [[r.SkyAtmosphere.SampleCountMin:4.0]]
[2021.05.16-04.54.27:973][  0]LogConfig: Setting CVar [[r.SkyAtmosphere.SampleCountMax:32.0]]
[2021.05.16-04.54.27:973][  0]LogConfig: Setting CVar [[r.SkyAtmosphere.TransmittanceLUT.UseSmallFormat:0]]
[2021.05.16-04.54.27:973][  0]LogConfig: Setting CVar [[r.SkyAtmosphere.TransmittanceLUT.SampleCount:10.0]]
[2021.05.16-04.54.27:973][  0]LogConfig: Setting CVar [[r.SkyAtmosphere.MultiScatteringLUT.SampleCount:15.0]]
[2021.05.16-04.54.27:973][  0]LogConfig: Applying CVar settings from Section [FoliageQuality@3] File [C:/Wire-Hunter/work/choi/WireHunter/Saved/Config/Windows/Scalability.ini]
[2021.05.16-04.54.27:973][  0]LogConfig: Setting CVar [[foliage.DensityScale:1.0]]
[2021.05.16-04.54.27:973][  0]LogConfig: Setting CVar [[grass.DensityScale:1.0]]
[2021.05.16-04.54.27:973][  0]LogConfig: Applying CVar settings from Section [ShadingQuality@3] File [C:/Wire-Hunter/work/choi/WireHunter/Saved/Config/Windows/Scalability.ini]
[2021.05.16-04.54.27:973][  0]LogConfig: Setting CVar [[r.HairStrands.SkyLighting.SampleCount:16]]
[2021.05.16-04.54.27:973][  0]LogConfig: Setting CVar [[r.HairStrands.SkyLighting.JitterIntegration:0]]
[2021.05.16-04.54.27:973][  0]LogConfig: Setting CVar [[r.HairStrands.SkyAO.SampleCount:16]]
[2021.05.16-04.54.27:973][  0]LogConfig: Setting CVar [[r.HairStrands.DeepShadow.SuperSampling:0]]
[2021.05.16-04.54.27:974][  0]LogConfig: Setting CVar [[r.HairStrands.VisibilityPPLL:0]]
[2021.05.16-04.54.27:974][  0]LogConfig: Setting CVar [[r.HairStrands.RasterizationScale:0.5]]
[2021.05.16-04.54.27:974][  0]LogConfig: Setting CVar [[r.HairStrands.VelocityRasterizationScale:1]]
[2021.05.16-04.54.27:974][  0]LogConfig: Applying CVar settings from Section [Startup] File [../../../Engine/Config/ConsoleVariables.ini]
[2021.05.16-04.54.27:974][  0]LogConfig: Setting CVar [[net.UseAdaptiveNetUpdateFrequency:0]]
[2021.05.16-04.54.27:974][  0]LogConfig: Setting CVar [[p.chaos.AllowCreatePhysxBodies:1]]
[2021.05.16-04.54.27:974][  0]LogConfig: Setting CVar [[fx.SkipVectorVMBackendOptimizations:1]]
[2021.05.16-04.54.27:974][  0]LogConfig: Applying CVar settings from Section [ConsoleVariables] File [C:/Wire-Hunter/work/choi/WireHunter/Saved/Config/Windows/Engine.ini]
[2021.05.16-04.54.27:974][  0]LogInit: Computer: 준현컴
[2021.05.16-04.54.27:974][  0]LogInit: User: 조준현
[2021.05.16-04.54.27:974][  0]LogInit: CPU Page size=4096, Cores=6
[2021.05.16-04.54.27:974][  0]LogInit: High frequency timer resolution =10.000000 MHz
[2021.05.16-04.54.27:974][  0]LogMemory: Memory total: Physical=15.9GB (16GB approx)
[2021.05.16-04.54.27:974][  0]LogMemory: Platform Memory Stats for Windows
[2021.05.16-04.54.27:974][  0]LogMemory: Process Physical Memory: 116.37 MB used, 116.38 MB peak
[2021.05.16-04.54.27:974][  0]LogMemory: Process Virtual Memory: 100.46 MB used, 100.46 MB peak
[2021.05.16-04.54.27:974][  0]LogMemory: Physical Memory: 9792.23 MB used,  6524.23 MB free, 16316.46 MB total
[2021.05.16-04.54.27:974][  0]LogMemory: Virtual Memory: 5169.93 MB used,  134212560.00 MB free, 134217728.00 MB total
[2021.05.16-04.54.27:978][  0]LogWindows: WindowsPlatformFeatures enabled
[2021.05.16-04.54.27:999][  0]LogInit: Physics initialised using underlying interface: PhysX
[2021.05.16-04.54.27:999][  0]LogInit: Using OS detected language (ko-KR).
[2021.05.16-04.54.27:999][  0]LogInit: Using OS detected locale (ko-KR).
[2021.05.16-04.54.28:002][  0]LogTextLocalizationManager: No specific localization for 'ko-KR' exists, so the 'ko' localization will be used.
[2021.05.16-04.54.28:081][  0]LogInit: Setting process to per monitor DPI aware
[2021.05.16-04.54.28:105][  0]LogSlate: New Slate User Created.  User Index 0, Is Virtual User: 0
[2021.05.16-04.54.28:105][  0]LogSlate: Slate User Registered.  User Index 0, Is Virtual User: 0
[2021.05.16-04.54.28:204][  0]LogHMD: Failed to initialize OpenVR with code 110
[2021.05.16-04.54.28:204][  0]LogD3D11RHI: D3D11 min allowed feature level: 11_0
[2021.05.16-04.54.28:204][  0]LogD3D11RHI: D3D11 max allowed feature level: 11_0
[2021.05.16-04.54.28:204][  0]LogD3D11RHI: D3D11 adapters:
[2021.05.16-04.54.28:282][  0]LogD3D11RHI:    0. 'NVIDIA GeForce RTX 2060' (Feature Level 11_0)
[2021.05.16-04.54.28:282][  0]LogD3D11RHI:       5968/0/8158 MB DedicatedVideo/DedicatedSystem/SharedSystem, Outputs:1, VendorId:0x10de
[2021.05.16-04.54.28:283][  0]LogD3D11RHI:    1. 'Microsoft Basic Render Driver' (Feature Level 11_0)
[2021.05.16-04.54.28:283][  0]LogD3D11RHI:       0/0/8158 MB DedicatedVideo/DedicatedSystem/SharedSystem, Outputs:0, VendorId:0x1414
[2021.05.16-04.54.28:283][  0]LogD3D11RHI: Chosen D3D11 Adapter: 0
[2021.05.16-04.54.28:290][  0]LogD3D11RHI: Creating new Direct3DDevice
[2021.05.16-04.54.28:291][  0]LogD3D11RHI:     GPU DeviceId: 0x1e89 (for the marketing name, search the web for "GPU Device Id")
[2021.05.16-04.54.28:291][  0]LogWindows: EnumDisplayDevices:
[2021.05.16-04.54.28:291][  0]LogWindows:    0. 'NVIDIA GeForce RTX 2060' (P:1 D:1)
[2021.05.16-04.54.28:291][  0]LogWindows:    1. 'NVIDIA GeForce RTX 2060' (P:0 D:0)
[2021.05.16-04.54.28:291][  0]LogWindows:    2. 'NVIDIA GeForce RTX 2060' (P:0 D:0)
[2021.05.16-04.54.28:291][  0]LogWindows:    3. 'NVIDIA GeForce RTX 2060' (P:0 D:0)
[2021.05.16-04.54.28:291][  0]LogWindows: DebugString: FoundDriverCount:4 
[2021.05.16-04.54.28:291][  0]LogD3D11RHI:     Adapter Name: NVIDIA GeForce RTX 2060
[2021.05.16-04.54.28:291][  0]LogD3D11RHI:   Driver Version: 456.71 (internal:27.21.14.5671, unified:456.71)
[2021.05.16-04.54.28:291][  0]LogD3D11RHI:      Driver Date: 9-30-2020
[2021.05.16-04.54.28:291][  0]LogRHI: Texture pool is 4177 MB (70% of 5968 MB)
[2021.05.16-04.54.28:342][  0]LogD3D11RHI: RHI has support for 64 bit atomics
[2021.05.16-04.54.28:342][  0]LogD3D11RHI: Async texture creation enabled
[2021.05.16-04.54.28:342][  0]LogD3D11RHI: Array index from any shader is supported
[2021.05.16-04.54.28:355][  0]LogD3D11RHI: GPU Timing Frequency: 1000.000000 (Debug: 2 1)
[2021.05.16-04.54.28:574][  0]LogTargetPlatformManager: Display: Loaded TargetPlatform 'AllDesktop'
[2021.05.16-04.54.28:593][  0]LogTargetPlatformManager: Display: Loaded TargetPlatform 'Android'
[2021.05.16-04.54.28:593][  0]LogTargetPlatformManager: Display: Loaded TargetPlatform 'Android_ASTC'
[2021.05.16-04.54.28:593][  0]LogTargetPlatformManager: Display: Loaded TargetPlatform 'Android_DXT'
[2021.05.16-04.54.28:593][  0]LogTargetPlatformManager: Display: Loaded TargetPlatform 'Android_ETC2'
[2021.05.16-04.54.28:593][  0]LogTargetPlatformManager: Display: Loaded TargetPlatform 'AndroidClient'
[2021.05.16-04.54.28:593][  0]LogTargetPlatformManager: Display: Loaded TargetPlatform 'Android_ASTCClient'
[2021.05.16-04.54.28:593][  0]LogTargetPlatformManager: Display: Loaded TargetPlatform 'Android_DXTClient'
[2021.05.16-04.54.28:593][  0]LogTargetPlatformManager: Display: Loaded TargetPlatform 'Android_ETC2Client'
[2021.05.16-04.54.28:593][  0]LogTargetPlatformManager: Display: Loaded TargetPlatform 'Android_Multi'
[2021.05.16-04.54.28:593][  0]LogTargetPlatformManager: Display: Loaded TargetPlatform 'Android_MultiClient'
[2021.05.16-04.54.28:614][  0]LogTargetPlatformManager: Display: Loaded TargetPlatform 'IOSClient'
[2021.05.16-04.54.28:614][  0]LogTargetPlatformManager: Display: Loaded TargetPlatform 'IOS'
[2021.05.16-04.54.28:624][  0]LogTargetPlatformManager: Display: Loaded TargetPlatform 'Linux'
[2021.05.16-04.54.28:633][  0]LogTargetPlatformManager: Display: Loaded TargetPlatform 'LinuxNoEditor'
[2021.05.16-04.54.28:641][  0]LogTargetPlatformManager: Display: Loaded TargetPlatform 'LinuxClient'
[2021.05.16-04.54.28:649][  0]LogTargetPlatformManager: Display: Loaded TargetPlatform 'LinuxServer'
[2021.05.16-04.54.28:658][  0]LogTargetPlatformManager: Display: Loaded TargetPlatform 'LinuxAArch64NoEditor'
[2021.05.16-04.54.28:666][  0]LogTargetPlatformManager: Display: Loaded TargetPlatform 'LinuxAArch64Client'
[2021.05.16-04.54.28:675][  0]LogTargetPlatformManager: Display: Loaded TargetPlatform 'LinuxAArch64Server'
[2021.05.16-04.54.28:701][  0]LogTargetPlatformManager: Display: Loaded TargetPlatform 'Lumin'
[2021.05.16-04.54.28:701][  0]LogTargetPlatformManager: Display: Loaded TargetPlatform 'LuminClient'
[2021.05.16-04.54.28:716][  0]LogTargetPlatformManager: Display: Loaded TargetPlatform 'TVOSClient'
[2021.05.16-04.54.28:716][  0]LogTargetPlatformManager: Display: Loaded TargetPlatform 'TVOS'
[2021.05.16-04.54.28:725][  0]LogTargetPlatformManager: Display: Loaded TargetPlatform 'WindowsNoEditor'
[2021.05.16-04.54.28:735][  0]LogTargetPlatformManager: Display: Loaded TargetPlatform 'Windows'
[2021.05.16-04.54.28:743][  0]LogTargetPlatformManager: Display: Loaded TargetPlatform 'WindowsClient'
[2021.05.16-04.54.28:752][  0]LogTargetPlatformManager: Display: Loaded TargetPlatform 'WindowsServer'
[2021.05.16-04.54.28:752][  0]LogTargetPlatformManager: Display: Building Assets For Windows
[2021.05.16-04.54.28:757][  0]LogAudioDebug: Display: Lib vorbis DLL was dynamically loaded.
[2021.05.16-04.54.28:800][  0]LogShaderCompilers: Guid format shader working directory is -7 characters bigger than the processId version (../../../../../../Wire-Hunter/work/choi/WireHunter/Intermediate/Shaders/WorkingDirectory/19564/).
[2021.05.16-04.54.28:800][  0]LogShaderCompilers: Cleaned the shader compiler working directory 'C:/Users/조준현/AppData/Local/Temp/UnrealShaderWorkingDir/1C2E1518475A7AB3652CEA88F81C8F9F/'.
[2021.05.16-04.54.28:800][  0]LogXGEController: Cleaning working directory: C:/Users/조준현/AppData/Local/Temp/UnrealXGEWorkingDir/
[2021.05.16-04.54.28:800][  0]LogXGEController: Cannot use XGE Controller as Incredibuild is not installed on this machine.
[2021.05.16-04.54.28:800][  0]LogShaderCompilers: Cannot use XGE Shader Compiler as Incredibuild is not installed on this machine.
[2021.05.16-04.54.28:800][  0]LogShaderCompilers: Display: Using Local Shader Compiler.
[2021.05.16-04.54.29:467][  0]LogDerivedDataCache: Display: Max Cache Size: 512 MB
[2021.05.16-04.54.29:514][  0]LogDerivedDataCache: Loaded boot cache 0.05s 75MB C:/Users/조준현/AppData/Local/UnrealEngine/4.25/DerivedDataCache/Boot.ddc.
[2021.05.16-04.54.29:514][  0]LogDerivedDataCache: Display: Loaded Boot cache: C:/Users/조준현/AppData/Local/UnrealEngine/4.25/DerivedDataCache/Boot.ddc
[2021.05.16-04.54.29:514][  0]LogDerivedDataCache: FDerivedDataBackendGraph:  Pak pak cache file ../../../../../../Wire-Hunter/work/choi/WireHunter/DerivedDataCache/DDC.ddp not found, will not use a pak cache.
[2021.05.16-04.54.29:514][  0]LogDerivedDataCache: Unable to find inner node Pak for hierarchical cache Hierarchy.
[2021.05.16-04.54.29:514][  0]LogDerivedDataCache: FDerivedDataBackendGraph:  CompressedPak pak cache file ../../../../../../Wire-Hunter/work/choi/WireHunter/DerivedDataCache/Compressed.ddp not found, will not use a pak cache.
[2021.05.16-04.54.29:514][  0]LogDerivedDataCache: Unable to find inner node CompressedPak for hierarchical cache Hierarchy.
[2021.05.16-04.54.29:524][  0]LogDerivedDataCache: Display: Pak cache opened for reading ../../../Engine/DerivedDataCache/Compressed.ddp.
[2021.05.16-04.54.29:524][  0]LogDerivedDataCache: FDerivedDataBackendGraph:  EnterprisePak pak cache file ../../../Enterprise/DerivedDataCache/Compressed.ddp not found, will not use a pak cache.
[2021.05.16-04.54.29:524][  0]LogDerivedDataCache: Unable to find inner node EnterprisePak for hierarchical cache Hierarchy.
[2021.05.16-04.54.29:525][  0]LogDerivedDataCache: Using Local data cache path C:/Users/조준현/AppData/Local/UnrealEngine/Common/DerivedDataCache: Writable
[2021.05.16-04.54.29:525][  0]LogDerivedDataCache: Shared data cache path not found in *engine.ini, will not use an Shared cache.
[2021.05.16-04.54.29:525][  0]LogDerivedDataCache: Unable to find inner node Shared for hierarchical cache Hierarchy.
[2021.05.16-04.54.29:569][  0]LogSlate: Using FreeType 2.10.0
[2021.05.16-04.54.29:569][  0]LogSlate: SlateFontServices - WITH_FREETYPE: 1, WITH_HARFBUZZ: 1
[2021.05.16-04.54.29:591][  0]LogAssetRegistry: FAssetRegistry took 0.0025 seconds to start up
[2021.05.16-04.54.29:783][  0]LogInit: Selected Device Profile: [Windows]
[2021.05.16-04.54.29:876][  0]LogMeshReduction: Using QuadricMeshReduction for automatic static mesh reduction
[2021.05.16-04.54.29:876][  0]LogMeshReduction: Using SimplygonMeshReduction for automatic skeletal mesh reduction
[2021.05.16-04.54.29:876][  0]LogMeshReduction: Using ProxyLODMeshReduction for automatic mesh merging
[2021.05.16-04.54.29:876][  0]LogMeshReduction: No distributed automatic mesh merging module available
[2021.05.16-04.54.29:876][  0]LogMeshMerging: No distributed automatic mesh merging module available
[2021.05.16-04.54.29:886][  0]LogNetVersion: WireHunter 1.0.0, NetCL: 13144385, EngineNetVer: 14, GameNetVer: 0 (Checksum: 1660872711)
[2021.05.16-04.54.30:228][  0]LogAISub: UAISubsystem::UAISubsystem AISubsystem (000001659E031C40), frame # 0
[2021.05.16-04.54.30:228][  0]LogAISub: UAISubsystem::UAISubsystem AIPerceptionSystem (000001659DF86AC0), frame # 0
[2021.05.16-04.54.30:229][  0]LogAISub: UAISubsystem::UAISubsystem EnvQueryManager (000001659DFDA000), frame # 0
[2021.05.16-04.54.30:263][  0]LogPackageLocalizationCache: Processed 20 localized package path(s) for 1 prioritized culture(s) in 0.028929 seconds
[2021.05.16-04.54.30:267][  0]LogUObjectArray: 15917 objects as part of root set at end of initial load.
[2021.05.16-04.54.30:267][  0]LogUObjectAllocator: 3965568 out of 0 bytes used by permanent object pool.
[2021.05.16-04.54.30:267][  0]LogUObjectArray: CloseDisregardForGC: 0/0 objects in disregard for GC pool
[2021.05.16-04.54.30:527][  0]LogTcpMessaging: Initializing TcpMessaging bridge
[2021.05.16-04.54.30:530][  0]LogUdpMessaging: Initializing bridge on interface 0.0.0.0:0 to multicast group 230.0.0.1:6666.
[2021.05.16-04.54.30:590][  0]SourceControl: 소스 컨트롤이 꺼졌습니다.
[2021.05.16-04.54.30:590][  0]SourceControl: 소스 컨트롤이 꺼졌습니다.
[2021.05.16-04.54.30:592][  0]SourceControl: 소스 컨트롤이 꺼졌습니다.
[2021.05.16-04.54.30:594][  0]SourceControl: 소스 컨트롤이 꺼졌습니다.
[2021.05.16-04.54.30:599][  0]SourceControl: 소스 컨트롤이 꺼졌습니다.
[2021.05.16-04.54.30:784][  0]LogAndroidPermission: UAndroidPermissionCallbackProxy::GetInstance
[2021.05.16-04.54.30:798][  0]LogAudioCaptureCore: Display: No Audio Capture implementations found. Audio input will be silent.
[2021.05.16-04.54.30:798][  0]LogAudioCaptureCore: Display: No Audio Capture implementations found. Audio input will be silent.
[2021.05.16-04.54.30:837][  0]LogOcInput: OculusInput pre-init called
[2021.05.16-04.54.30:846][  0]LogWindows: Failed to load 'OVRPlugin.dll' (GetLastError=126)
[2021.05.16-04.54.30:846][  0]LogWindows: File 'OVRPlugin.dll' does not exist
[2021.05.16-04.54.30:894][  0]LogEngine: Initializing Engine...
[2021.05.16-04.54.30:895][  0]LogHMD: Failed to initialize OpenVR with code 110
[2021.05.16-04.54.30:895][  0]LogMagicLeap: Warning: VR disabled because ZI is not enabled.  To enable, in the editor, Edit -> Project Settings -> Plugins -> Magic Leap Plugin -> Enable Zero Iteration
[2021.05.16-04.54.30:896][  0]LogStats: UGameplayTagsManager::InitializeManager -  0.000 s
[2021.05.16-04.54.31:001][  0]LogInit: Initializing FReadOnlyCVARCache
[2021.05.16-04.54.31:007][  0]LogAIModule: Creating AISystem for world Untitled
[2021.05.16-04.54.31:007][  0]LogAISub: UAISubsystem::UAISubsystem EnvQueryManager (00000165A5507C00), frame # 0
[2021.05.16-04.54.31:008][  0]LogAISub: UAISubsystem::UAISubsystem AIPerceptionSystem (00000165A5563B00), frame # 0
[2021.05.16-04.54.31:024][  0]LogAudioMixer: Display: Audio Mixer Platform Settings:
[2021.05.16-04.54.31:024][  0]LogAudioMixer: Display: 	Sample Rate:						  48000
[2021.05.16-04.54.31:024][  0]LogAudioMixer: Display: 	Callback Buffer Frame Size Requested: 1024
[2021.05.16-04.54.31:024][  0]LogAudioMixer: Display: 	Callback Buffer Frame Size To Use:	  1024
[2021.05.16-04.54.31:024][  0]LogAudioMixer: Display: 	Number of buffers to queue:			  2
[2021.05.16-04.54.31:024][  0]LogAudioMixer: Display: 	Max Channels (voices):				  32
[2021.05.16-04.54.31:024][  0]LogAudioMixer: Display: 	Number of Async Source Workers:		  0
[2021.05.16-04.54.31:024][  0]LogAudio: Display: AudioDevice MaxSources: 32
[2021.05.16-04.54.31:024][  0]LogAudio: Display: Using built-in audio occlusion.
[2021.05.16-04.54.31:024][  0]LogAudioMixer: Display: Initializing audio mixer.
[2021.05.16-04.54.31:032][  0]LogAudioMixer: Display: 0: FrontLeft
[2021.05.16-04.54.31:032][  0]LogAudioMixer: Display: 1: FrontRight
[2021.05.16-04.54.31:057][  0]LogAudioMixer: Display: Using Audio Device Realtek HD Audio 2nd output(Realtek(R) Audio)
[2021.05.16-04.54.31:060][  0]LogAudioMixer: Display: Initializing Sound Submixes...
[2021.05.16-04.54.31:062][  0]LogAudioMixer: Display: Creating Master Submix 'MasterSubmixDefault'
[2021.05.16-04.54.31:062][  0]LogAudioMixer: Display: Creating Master Submix 'MasterReverbSubmixDefault'
[2021.05.16-04.54.31:062][  0]LogAudioMixer: Display: Creating Master Submix 'MasterEQSubmixDefault'
[2021.05.16-04.54.31:063][  0]LogInit: FAudioDevice initialized.
[2021.05.16-04.54.31:063][  0]LogNetVersion: Set ProjectVersion to 1.0.0.0. Version Checksum will be recalculated on next use.
[2021.05.16-04.54.31:128][  0]LogDerivedDataCache: Saved boot cache 0.06s 75MB C:/Users/조준현/AppData/Local/UnrealEngine/4.25/DerivedDataCache/Boot.ddc.
[2021.05.16-04.54.31:128][  0]LogInit: Texture streaming: Enabled
[2021.05.16-04.54.31:141][  0]LogEngineSessionManager: EngineSessionManager initialized
[2021.05.16-04.54.31:141][  0]LogEngineSessionManager: EngineSessionManager sent abnormal shutdown report. Type=Crashed, SessionId={D4A9AB79-4507-D66C-1407-05B363045035}
[2021.05.16-04.54.31:141][  0]LogEditorSessionSummary: Verbose: Initializing EditorSessionSummaryWriter for editor session tracking
[2021.05.16-04.54.31:142][  0]LogEditorSessionSummary: EditorSessionSummaryWriter initialized
[2021.05.16-04.54.31:171][  0]LogInit: Transaction tracking system initialized
[2021.05.16-04.54.31:186][  0]BlueprintLog: New page: 에디터 로드
[2021.05.16-04.54.31:240][  0]LocalizationService: 현지화 서비스가 비활성화되었습니다.
[2021.05.16-04.54.31:358][  0]LogCook: Display: Max memory allowance for cook 16384mb min free memory 0mb
[2021.05.16-04.54.31:358][  0]LogCook: Display: Mobile HDR setting 1
[2021.05.16-04.54.31:374][  0]LogFileCache: Scanning file cache for directory 'C:/Wire-Hunter/work/choi/WireHunter/Content/' took 0.00s
[2021.05.16-04.54.31:374][  0]LogOutputDevice: Warning: 

Script Stack (0 frames):

[2021.05.16-04.54.33:722][  0]LogStats: FPlatformStackWalk::StackWalkAndDump -  2.349 s
[2021.05.16-04.54.33:722][  0]LogOutputDevice: Error: === Handled ensure: ===
[2021.05.16-04.54.33:722][  0]LogOutputDevice: Error: 
[2021.05.16-04.54.33:722][  0]LogOutputDevice: Error: Ensure condition failed: AttachmentRules.LocationRule == EAttachmentRule::KeepRelative && AttachmentRules.RotationRule == EAttachmentRule::KeepRelative && AttachmentRules.ScaleRule == EAttachmentRule::KeepRelative [File:D:/Build/++UE4/Sync/Engine/Source/Runtime/Engine/Private/Components/SceneComponent.cpp] [Line: 1812]
[2021.05.16-04.54.33:722][  0]LogOutputDevice: Error: AttachToComponent when called from a constructor is only setting up attachment and will always be treated as KeepRelative. Consider calling SetupAttachment directly instead.
[2021.05.16-04.54.33:722][  0]LogOutputDevice: Error: Stack: 
[2021.05.16-04.54.33:722][  0]LogOutputDevice: Error: [Callstack] 0x00007fffa001c119 UE4Editor-Engine.dll!DispatchCheckVerify<bool,<lambda_7a00921a8ebf9f041bed3055592f02a5> >() [D:\Build\++UE4\Sync\Engine\Source\Runtime\Core\Public\Misc\AssertionMacros.h:161]
[2021.05.16-04.54.33:722][  0]LogOutputDevice: Error: [Callstack] 0x00007fff9ebcd3c3 UE4Editor-Engine.dll!USceneComponent::AttachToComponent() [D:\Build\++UE4\Sync\Engine\Source\Runtime\Engine\Private\Components\SceneComponent.cpp:1812]
[2021.05.16-04.54.33:722][  0]LogOutputDevice: Error: [Callstack] 0x00007fff83167b97 UE4Editor-WireHunter-5619.dll!UnknownFunction [C:\Wire-Hunter\work\choi\WireHunter\Source\WireHunter\Dragon.cpp:18]
[2021.05.16-04.54.33:722][  0]LogOutputDevice: Error: [Callstack] 0x00007fffb25dc273 UE4Editor-CoreUObject.dll!UClass::CreateDefaultObject() [D:\Build\++UE4\Sync\Engine\Source\Runtime\CoreUObject\Private\UObject\Class.cpp:3672]
[2021.05.16-04.54.33:722][  0]LogOutputDevice: Error: [Callstack] 0x00007fffb2888451 UE4Editor-CoreUObject.dll!UObjectLoadAllCompiledInDefaultProperties() [D:\Build\++UE4\Sync\Engine\Source\Runtime\CoreUObject\Private\UObject\UObjectBase.cpp:861]
[2021.05.16-04.54.33:722][  0]LogOutputDevice: Error: [Callstack] 0x00007fffb2865bbf UE4Editor-CoreUObject.dll!ProcessNewlyLoadedUObjects() [D:\Build\++UE4\Sync\Engine\Source\Runtime\CoreUObject\Private\UObject\UObjectBase.cpp:950]
[2021.05.16-04.54.33:722][  0]LogOutputDevice: Error: [Callstack] 0x00007fffb2784465 UE4Editor-CoreUObject.dll!TBaseStaticDelegateInstance<void __cdecl(FName,bool)>::ExecuteIfSafe() [D:\Build\++UE4\Sync\Engine\Source\Runtime\Core\Public\Delegates\DelegateInstancesImpl.h:859]
[2021.05.16-04.54.33:722][  0]LogOutputDevice: Error: [Callstack] 0x00007fffa16c986a UE4Editor-Core.dll!TBaseMulticastDelegate<void,FName,bool>::Broadcast() [D:\Build\++UE4\Sync\Engine\Source\Runtime\Core\Public\Delegates\DelegateSignatureImpl.inl:1013]
[2021.05.16-04.54.33:722][  0]LogOutputDevice: Error: [Callstack] 0x00007fffa16e99f0 UE4Editor-Core.dll!FModuleManager::LoadModuleWithFailureReason() [D:\Build\++UE4\Sync\Engine\Source\Runtime\Core\Private\Modules\ModuleManager.cpp:500]
[2021.05.16-04.54.33:722][  0]LogOutputDevice: Error: [Callstack] 0x00007ffff369b433 UE4Editor-Projects.dll!FModuleDescriptor::LoadModulesForPhase() [D:\Build\++UE4\Sync\Engine\Source\Runtime\Projects\Private\ModuleDescriptor.cpp:561]
[2021.05.16-04.54.33:722][  0]LogOutputDevice: Error: [Callstack] 0x00007ffff369b70d UE4Editor-Projects.dll!FProjectManager::LoadModulesForProject() [D:\Build\++UE4\Sync\Engine\Source\Runtime\Projects\Private\ProjectManager.cpp:63]
[2021.05.16-04.54.33:722][  0]LogOutputDevice: Error: [Callstack] 0x00007ff71b442db4 UE4Editor.exe!FEngineLoop::Init() [D:\Build\++UE4\Sync\Engine\Source\Runtime\Launch\Private\LaunchEngineLoop.cpp:4022]
[2021.05.16-04.54.33:722][  0]LogOutputDevice: Error: [Callstack] 0x00007fff9d945cb0 UE4Editor-UnrealEd.dll!EditorInit() [D:\Build\++UE4\Sync\Engine\Source\Editor\UnrealEd\Private\UnrealEdGlobals.cpp:93]
[2021.05.16-04.54.33:722][  0]LogOutputDevice: Error: [Callstack] 0x00007ff71b45b8fb UE4Editor.exe!GuardedMain() [D:\Build\++UE4\Sync\Engine\Source\Runtime\Launch\Private\Launch.cpp:149]
[2021.05.16-04.54.33:722][  0]LogOutputDevice: Error: [Callstack] 0x00007ff71b45bb5a UE4Editor.exe!GuardedMainWrapper() [D:\Build\++UE4\Sync\Engine\Source\Runtime\Launch\Private\Windows\LaunchWindows.cpp:137]
[2021.05.16-04.54.33:722][  0]LogOutputDevice: Error: [Callstack] 0x00007ff71b46e31d UE4Editor.exe!WinMain() [D:\Build\++UE4\Sync\Engine\Source\Runtime\Launch\Private\Windows\LaunchWindows.cpp:268]
[2021.05.16-04.54.33:722][  0]LogOutputDevice: Error: [Callstack] 0x00007ff71b47145a UE4Editor.exe!__scrt_common_main_seh() [d:\agent\_work\5\s\src\vctools\crt\vcstartup\src\startup\exe_common.inl:288]
[2021.05.16-04.54.33:722][  0]LogOutputDevice: Error: [Callstack] 0x00007ff8139f7034 KERNEL32.DLL!UnknownFunction []
[2021.05.16-04.54.33:722][  0]LogOutputDevice: Error: [Callstack] 0x00007ff8159a2651 ntdll.dll!UnknownFunction []
[2021.05.16-04.54.33:722][  0]LogOutputDevice: Error: 
[2021.05.16-04.54.33:729][  0]LogStats:                SubmitErrorReport -  0.000 s
[2021.05.16-04.54.34:647][  0]LogStats:                    SendNewReport -  0.918 s
[2021.05.16-04.54.34:647][  0]LogStats:             FDebug::EnsureFailed -  3.273 s
[2021.05.16-04.54.34:918][  0]SourceControl: 소스 컨트롤이 꺼졌습니다.
[2021.05.16-04.54.34:918][  0]LogUnrealEdMisc: Loading editor; pre map load, took 7.922
[2021.05.16-04.54.34:918][  0]Cmd: MAP LOAD FILE="../../../../../../Wire-Hunter/work/choi/WireHunter/Content/ThirdPersonCPP/Maps/GameLevel.umap" TEMPLATE=0 SHOWPROGRESS=1 FEATURELEVEL=3
[2021.05.16-04.54.34:919][  0]LightingResults: New page: 라이팅 빌드
[2021.05.16-04.54.34:919][  0]LogWorld: UWorld::CleanupWorld for Untitled, bSessionEnded=true, bCleanupResources=true
[2021.05.16-04.54.34:919][  0]LogSlate: InvalidateAllWidgets triggered.  All widgets were invalidated
[2021.05.16-04.54.34:919][  0]MapCheck: New page: 맵 체크
[2021.05.16-04.54.34:919][  0]LightingResults: New page: 라이팅 빌드
[2021.05.16-04.54.34:930][  0]LogAISub: UAISubsystem::~UAISubsystem EnvQueryManager (00000165A5507C00), frame # 0
[2021.05.16-04.54.34:930][  0]LogAISub: UAISubsystem::~UAISubsystem AIPerceptionSystem (00000165A5563B00), frame # 0
[2021.05.16-04.54.34:931][  0]LogUObjectHash: Compacting FUObjectHashTables data took   0.62ms
[2021.05.16-04.54.35:265][  0]LogAIModule: Creating AISystem for world GameLevel
[2021.05.16-04.54.35:265][  0]LogAISub: UAISubsystem::UAISubsystem EnvQueryManager (000001665B3A5200), frame # 0
[2021.05.16-04.54.35:265][  0]LogAISub: UAISubsystem::UAISubsystem AIPerceptionSystem (000001665B29FB00), frame # 0
[2021.05.16-04.54.35:270][  0]LogScript: Warning: CharacterRef 프로퍼티를 읽으려던 중 None 에 접근했습니다.
	ThirdPerson_AnimBP_C /Game/ThirdPersonCPP/Maps/GameLevel.GameLevel:PersistentLevel.BP_WHCharacter.CharacterMesh0.ThirdPerson_AnimBP_C_0
	Function /Game/ThirdPersonCPP/GraphicResources/Character/Animations/ThirdPerson_AnimBP.ThirdPerson_AnimBP_C:ExecuteUbergraph_ThirdPerson_AnimBP:0087
[2021.05.16-04.54.35:273][  0]LogEditorServer: Finished looking for orphan Actors (0.000 secs)
[2021.05.16-04.54.35:288][  0]LogUObjectHash: Compacting FUObjectHashTables data took   1.01ms
[2021.05.16-04.54.35:290][  0]Cmd: MAP CHECKDEP NOCLEARLOG
[2021.05.16-04.54.35:291][  0]MapCheck: 맵 체크 완료: 오류 0 회, 경고 0 회, 소요 시간 0.155ms.
[2021.05.16-04.54.35:291][  0]LogFileHelpers: Loading map 'GameLevel' took 0.372
[2021.05.16-04.54.35:293][  0]LogUnrealEdMisc: Total Editor Startup Time, took 8.297
[2021.05.16-04.54.35:402][  0]LogSlate: Updating window title bar state: overlay mode, drag disabled, window buttons hidden, title bar hidden
[2021.05.16-04.54.35:408][  0]LogSlate: Updating window title bar state: overlay mode, drag disabled, window buttons hidden, title bar hidden
[2021.05.16-04.54.35:414][  0]LogSlate: Updating window title bar state: overlay mode, drag disabled, window buttons hidden, title bar hidden
[2021.05.16-04.54.35:420][  0]LogSlate: Updating window title bar state: overlay mode, drag disabled, window buttons hidden, title bar hidden
[2021.05.16-04.54.35:426][  0]LogCollectionManager: Loaded 0 collections in 0.001959 seconds
[2021.05.16-04.54.35:440][  0]LogFileCache: Scanning file cache for directory 'C:/Wire-Hunter/work/choi/WireHunter/Saved/Collections/' took 0.00s
[2021.05.16-04.54.35:440][  0]LogFileCache: Scanning file cache for directory 'C:/Wire-Hunter/work/choi/WireHunter/Content/Developers/조준현/Collections/' took 0.00s
[2021.05.16-04.54.35:440][  0]LogFileCache: Scanning file cache for directory 'C:/Wire-Hunter/work/choi/WireHunter/Content/Collections/' took 0.00s
[2021.05.16-04.54.35:440][  0]LogContentBrowser: Native class hierarchy populated in 0.0095 seconds. Added 3446 classes and 826 folders.
[2021.05.16-04.54.35:442][  0]LogContentBrowser: Native class hierarchy updated for 'WidgetCarousel' in 0.0004 seconds. Added 0 classes and 0 folders.
[2021.05.16-04.54.35:480][  0]LogContentBrowser: Native class hierarchy updated for 'AddContentDialog' in 0.0007 seconds. Added 0 classes and 0 folders.
[2021.05.16-04.54.35:484][  0]LogContentBrowser: Native class hierarchy updated for 'SceneOutliner' in 0.0004 seconds. Added 2 classes and 0 folders.
[2021.05.16-04.54.35:599][  0]LogSlate: Took 0.000119 seconds to synchronously load lazily loaded font '../../../Engine/Content/Slate/Fonts/Roboto-Regular.ttf' (155K)
[2021.05.16-04.54.35:601][  0]LogSlate: Took 0.001540 seconds to synchronously load lazily loaded font '../../../Engine/Content/Editor/Slate/Fonts/NanumGothic.ttf' (4243K)
[2021.05.16-04.54.35:605][  0]LogSlate: Took 0.001441 seconds to synchronously load lazily loaded font '../../../Engine/Content/Editor/Slate/Fonts/NanumGothicBold.ttf' (4188K)
[2021.05.16-04.54.35:605][  0]LogSlate: Took 0.000117 seconds to synchronously load lazily loaded font '../../../Engine/Content/Slate/Fonts/Roboto-Bold.ttf' (160K)
[2021.05.16-04.54.35:606][  0]LogSlate: Took 0.000121 seconds to synchronously load lazily loaded font '../../../Engine/Content/Editor/Slate/Fonts/FontAwesome.ttf' (139K)
[2021.05.16-04.54.35:651][  0]LogRenderer: Reallocating scene render targets to support 1376x616 Format 10 NumSamples 1 (Frame:1).
[2021.05.16-04.54.35:717][  0]LogContentBrowser: Native class hierarchy updated for 'HierarchicalLODOutliner' in 0.0004 seconds. Added 0 classes and 0 folders.
[2021.05.16-04.54.35:717][  0]LogLoad: (Engine Initialization) Total time: 8.72 seconds
[2021.05.16-04.54.35:717][  0]LogLoad: (Engine Initialization) Total Blueprint compile time: 0.00 seconds
[2021.05.16-04.54.35:764][  0]LogAssetRegistry: Asset discovery search completed in 6.1730 seconds
[2021.05.16-04.54.35:767][  0]LogCollectionManager: Fixed up redirectors for 0 collections in 0.000002 seconds (updated 0 objects)
[2021.05.16-04.54.35:770][  0]LogContentStreaming: Texture pool size now 1000 MB
[2021.05.16-04.54.35:785][  0]LogSlate: Took 0.000148 seconds to synchronously load lazily loaded font '../../../Engine/Content/Slate/Fonts/Roboto-Light.ttf' (167K)
[2021.05.16-04.54.38:319][104]Candidate modules for hot reload:
[2021.05.16-04.54.38:319][104]  WireHunter
[2021.05.16-04.54.38:319][104]Launching UnrealBuildTool... [C:/Program Files/Epic Games/UE_4.25/Engine/Binaries/DotNET/UnrealBuildTool.exe  -ModuleWithSuffix=WireHunter,3284 WireHunterEditor Win64 Development -Project="C:/Wire-Hunter/work/choi/WireHunter/WireHunter.uproject" "C:/Wire-Hunter/work/choi/WireHunter/WireHunter.uproject"  -IgnoreJunk]
[2021.05.16-04.54.38:321][104]Warning: Starting HotReload took  0.0s.
[2021.05.16-04.54.39:849][242]CompilerResultsLog: New page: 컴파일 - 2021. 5. 16. 오후 10:54:39
[2021.05.16-04.54.39:849][242]CompilerResultsLog: Building WireHunterEditor...
[2021.05.16-04.54.39:849][242]CompilerResultsLog: Using Visual Studio 2019 14.28.29333 toolchain (C:\Program Files (x86)\Microsoft Visual Studio\2019\Community\VC\Tools\MSVC\14.28.29333) and Windows 10.0.18362.0 SDK (C:\Program Files (x86)\Windows Kits\10).
[2021.05.16-04.54.39:850][242]CompilerResultsLog: Building 3 actions with 12 processes...
[2021.05.16-04.54.39:850][242]CompilerResultsLog:   [1/3] UE4Editor-WireHunter-3284.lib
[2021.05.16-04.54.39:850][242]CompilerResultsLog:      C:\Wire-Hunter\work\choi\WireHunter\Intermediate\Build\Win64\UE4Editor\Development\WireHunter\UE4Editor-WireHunter-3284.lib ???̺귯?? ?? C:\Wire-Hunter\work\choi\WireHunter\Intermediate\Build\Win64\UE4Editor\Development\WireHunter\UE4Editor-WireHunter-3284.exp ??ü?? ?????ϰ? ?ֽ??ϴ?.
[2021.05.16-04.54.39:850][242]CompilerResultsLog:   [2/3] UE4Editor-WireHunter-3284.dll
[2021.05.16-04.54.39:850][242]CompilerResultsLog:      C:\Wire-Hunter\work\choi\WireHunter\Intermediate\Build\Win64\UE4Editor\Development\WireHunter\UE4Editor-WireHunter-3284.suppressed.lib ???̺귯?? ?? C:\Wire-Hunter\work\choi\WireHunter\Intermediate\Build\Win64\UE4Editor\Development\WireHunter\UE4Editor-WireHunter-3284.suppressed.exp ??ü?? ?????ϰ? ?ֽ??ϴ?.
[2021.05.16-04.54.39:850][242]CompilerResultsLog:   [3/3] WireHunterEditor.target
[2021.05.16-04.54.39:850][242]CompilerResultsLog: Total time in Parallel executor: 0.92 seconds
[2021.05.16-04.54.39:850][242]CompilerResultsLog: Total execution time: 1.46 seconds
[2021.05.16-04.54.39:850][242]LogMainFrame: MainFrame: Module compiling took 1.533 seconds
[2021.05.16-04.54.39:874][242]LogClass: StructNode HotReload.
[2021.05.16-04.54.39:874][242]LogClass: StructWeight HotReload.
[2021.05.16-04.54.39:876][242]LogHotReload: Re-instancing Boss after hot-reload.
[2021.05.16-04.54.39:883][242]LogHotReload: Re-instancing HealingPotion after hot-reload.
[2021.05.16-04.54.39:890][242]LogHotReload: Re-instancing SpeedPotion after hot-reload.
[2021.05.16-04.54.39:895][242]LogHotReload: Re-instancing StrengthPotion after hot-reload.
[2021.05.16-04.54.39:902][242]LogContentBrowser: Native class hierarchy updated for 'WireHunter' in 0.0004 seconds. Added 18 classes and 2 folders.
[2021.05.16-04.54.39:903][242]Display: HotReload successful (1 functions remapped  2 scriptstructs remapped)
[2021.05.16-04.54.39:941][242]LogContentBrowser: Native class hierarchy populated in 0.0080 seconds. Added 3446 classes and 826 folders.
[2021.05.16-04.54.39:941][242]Display: HotReload took  1.6s.
[2021.05.16-04.54.40:651][325]LogTemp: Repeating last play command: 선택된 뷰포트
[2021.05.16-04.54.40:658][325]LogPlayLevel: PlayLevel: No blueprints needed recompiling
[2021.05.16-04.54.40:658][325]PIE: New page: PIE 세션: GameLevel (2021. 5. 16. 오후 10:54:40)
[2021.05.16-04.54.40:659][325]LogOnline: OSS: Creating online subsystem instance for: NULL
[2021.05.16-04.54.40:660][325]LogOnline: OSS: TryLoadSubsystemAndSetDefault: Loaded subsystem for module [NULL]
[2021.05.16-04.54.40:660][325]LogPlayLevel: Creating play world package: /Game/ThirdPersonCPP/Maps/UEDPIE_0_GameLevel
[2021.05.16-04.54.40:675][325]LogPlayLevel: PIE: StaticDuplicateObject took: (0.015348s)
[2021.05.16-04.54.40:677][325]LogAIModule: Creating AISystem for world GameLevel
[2021.05.16-04.54.40:677][325]LogAISub: UAISubsystem::UAISubsystem EnvQueryManager (0000016668AB0400), frame # 325
[2021.05.16-04.54.40:677][325]LogAISub: UAISubsystem::UAISubsystem AIPerceptionSystem (000001665B226200), frame # 325
[2021.05.16-04.54.40:677][325]LogPlayLevel: PIE: World Init took: (0.001311s)
[2021.05.16-04.54.40:677][325]LogPlayLevel: PIE: Created PIE world by copying editor world from /Game/ThirdPersonCPP/Maps/GameLevel.GameLevel to /Game/ThirdPersonCPP/Maps/UEDPIE_0_GameLevel.GameLevel (0.016810s)
[2021.05.16-04.54.40:688][325]LogUObjectHash: Compacting FUObjectHashTables data took   0.67ms
[2021.05.16-04.54.40:690][325]LogAudioMixer: Display: Audio Mixer Platform Settings:
[2021.05.16-04.54.40:690][325]LogAudioMixer: Display: 	Sample Rate:						  48000
[2021.05.16-04.54.40:690][325]LogAudioMixer: Display: 	Callback Buffer Frame Size Requested: 1024
[2021.05.16-04.54.40:690][325]LogAudioMixer: Display: 	Callback Buffer Frame Size To Use:	  1024
[2021.05.16-04.54.40:690][325]LogAudioMixer: Display: 	Number of buffers to queue:			  2
[2021.05.16-04.54.40:690][325]LogAudioMixer: Display: 	Max Channels (voices):				  32
[2021.05.16-04.54.40:690][325]LogAudioMixer: Display: 	Number of Async Source Workers:		  0
[2021.05.16-04.54.40:690][325]LogAudio: Display: AudioDevice MaxSources: 32
[2021.05.16-04.54.40:690][325]LogAudio: Display: Using built-in audio occlusion.
[2021.05.16-04.54.40:690][325]LogAudioMixer: Display: Initializing audio mixer.
[2021.05.16-04.54.40:692][325]LogAudioMixer: Display: 0: FrontLeft
[2021.05.16-04.54.40:692][325]LogAudioMixer: Display: 1: FrontRight
[2021.05.16-04.54.40:705][325]LogAudioMixer: Display: Using Audio Device Realtek HD Audio 2nd output(Realtek(R) Audio)
[2021.05.16-04.54.40:705][325]LogAudioMixer: Display: Initializing Sound Submixes...
[2021.05.16-04.54.40:705][325]LogAudioMixer: Display: Creating Master Submix 'MasterSubmixDefault'
[2021.05.16-04.54.40:705][325]LogAudioMixer: Display: Creating Master Submix 'MasterReverbSubmixDefault'
[2021.05.16-04.54.40:705][325]LogAudioMixer: Display: Creating Master Submix 'MasterEQSubmixDefault'
[2021.05.16-04.54.40:717][325]LogInit: FAudioDevice initialized.
[2021.05.16-04.54.40:725][325]LogLoad: Game class is 'WireHunterGameMode'
[2021.05.16-04.54.40:727][325]LogScript: Warning: CharacterRef 프로퍼티를 읽으려던 중 None 에 접근했습니다.
	ThirdPerson_AnimBP_C /Game/ThirdPersonCPP/Maps/UEDPIE_0_GameLevel.GameLevel:PersistentLevel.BP_WHCharacter.CharacterMesh0.ThirdPerson_AnimBP_C_0
	Function /Game/ThirdPersonCPP/GraphicResources/Character/Animations/ThirdPerson_AnimBP.ThirdPerson_AnimBP_C:ExecuteUbergraph_ThirdPerson_AnimBP:0087
[2021.05.16-04.54.40:727][325]PIE: Error: 블루프린트 런타임 오류: "CharacterRef 프로퍼티를 읽으려던 중 None 에 접근했습니다.". 블루프린트: ThirdPerson_AnimBP 함수: Execute Ubergraph Third Person Anim BP 그래프: EventGraph 노드: Climb- 설정
[2021.05.16-04.54.40:728][325]LogWorld: Bringing World /Game/ThirdPersonCPP/Maps/UEDPIE_0_GameLevel.GameLevel up for play (max tick rate 0) at 2021.05.16-13.54.40
[2021.05.16-04.54.40:728][325]LogWorld: Bringing up level for play took: 0.002392
[2021.05.16-04.54.40:728][325]LogOnline: OSS: Creating online subsystem instance for: :Context_1
[2021.05.16-04.54.40:749][325]LogContentBrowser: Native class hierarchy updated for 'MovieSceneCapture' in 0.0004 seconds. Added 20 classes and 0 folders.
[2021.05.16-04.54.40:751][325]Cmd: ShowFlag.Bones 2
[2021.05.16-04.54.40:752][325]ShowFlag.Bones = "2"
[2021.05.16-04.54.40:752][325]LogOutputDevice: Warning: 

Script Stack (0 frames):

[2021.05.16-04.54.40:752][325]LogWindows: Windows GetLastError: 작업을 완료했습니다. (0)
[2021.05.16-04.54.41:828][325]LogWindows: Error: === Critical error: ===
[2021.05.16-04.54.41:828][325]LogWindows: Error: 
[2021.05.16-04.54.41:828][325]LogWindows: Error: Assertion failed: (Index >= 0) & (Index < ArrayNum) [File:C:\Program Files\Epic Games\UE_4.25\Engine\Source\Runtime\Core\Public\Containers/Array.h] [Line: 674] 
[2021.05.16-04.54.41:828][325]LogWindows: Error: Array index out of bounds: 0 from an array of size 0
[2021.05.16-04.54.41:828][325]LogWindows: Error: 
[2021.05.16-04.54.41:828][325]LogWindows: Error: 
[2021.05.16-04.54.41:828][325]LogWindows: Error: [Callstack] 0x00007ff8133d4b89 KERNELBASE.dll!UnknownFunction []
[2021.05.16-04.54.41:828][325]LogWindows: Error: [Callstack] 0x00007fffa18fec66 UE4Editor-Core.dll!ReportAssert() [D:\Build\++UE4\Sync\Engine\Source\Runtime\Core\Private\Windows\WindowsPlatformCrashContext.cpp:1541]
[2021.05.16-04.54.41:828][325]LogWindows: Error: [Callstack] 0x00007fffa1902048 UE4Editor-Core.dll!FWindowsErrorOutputDevice::Serialize() [D:\Build\++UE4\Sync\Engine\Source\Runtime\Core\Private\Windows\WindowsErrorOutputDevice.cpp:78]
[2021.05.16-04.54.41:828][325]LogWindows: Error: [Callstack] 0x00007fffa168e52d UE4Editor-Core.dll!FOutputDevice::LogfImpl() [D:\Build\++UE4\Sync\Engine\Source\Runtime\Core\Private\Misc\OutputDevice.cpp:61]
[2021.05.16-04.54.41:828][325]LogWindows: Error: [Callstack] 0x00007fffa16197c5 UE4Editor-Core.dll!AssertFailedImplV() [D:\Build\++UE4\Sync\Engine\Source\Runtime\Core\Private\Misc\AssertionMacros.cpp:100]
[2021.05.16-04.54.41:828][325]LogWindows: Error: [Callstack] 0x00007fffa161bb00 UE4Editor-Core.dll!FDebug::CheckVerifyFailedImpl() [D:\Build\++UE4\Sync\Engine\Source\Runtime\Core\Private\Misc\AssertionMacros.cpp:450]
[2021.05.16-04.54.41:828][325]LogWindows: Error: [Callstack] 0x00007fff7e504398 UE4Editor-WireHunter-3284.dll!DispatchCheckVerify<void,<lambda_86aebc8b2a1977ee4a8bfe13ad38b049> >() [C:\Program Files\Epic Games\UE_4.25\Engine\Source\Runtime\Core\Public\Misc\AssertionMacros.h:162]
[2021.05.16-04.54.41:828][325]LogWindows: Error: [Callstack] 0x00007fff7e4e5ff5 UE4Editor-WireHunter-3284.dll!UnknownFunction [C:\Wire-Hunter\work\choi\WireHunter\Source\WireHunter\Boss.cpp:35]
[2021.05.16-04.54.41:828][325]LogWindows: Error: [Callstack] 0x00007fff9e77097c UE4Editor-Engine.dll!AActor::DispatchBeginPlay() [D:\Build\++UE4\Sync\Engine\Source\Runtime\Engine\Private\Actor.cpp:3397]
[2021.05.16-04.54.41:829][325]LogWindows: Error: [Callstack] 0x00007fff9fa1958d UE4Editor-Engine.dll!AWorldSettings::NotifyBeginPlay() [D:\Build\++UE4\Sync\Engine\Source\Runtime\Engine\Private\WorldSettings.cpp:246]
[2021.05.16-04.54.41:829][325]LogWindows: Error: [Callstack] 0x00007fff9ee53151 UE4Editor-Engine.dll!AGameStateBase::HandleBeginPlay() [D:\Build\++UE4\Sync\Engine\Source\Runtime\Engine\Private\GameStateBase.cpp:205]
[2021.05.16-04.54.41:829][325]LogWindows: Error: [Callstack] 0x00007fff9f9c3a2e UE4Editor-Engine.dll!UWorld::BeginPlay() [D:\Build\++UE4\Sync\Engine\Source\Runtime\Engine\Private\World.cpp:4184]
[2021.05.16-04.54.41:829][325]LogWindows: Error: [Callstack] 0x00007fff9ee744e9 UE4Editor-Engine.dll!UGameInstance::StartPlayInEditorGameInstance() [D:\Build\++UE4\Sync\Engine\Source\Runtime\Engine\Private\GameInstance.cpp:478]
[2021.05.16-04.54.41:829][325]LogWindows: Error: [Callstack] 0x00007fff9d61595c UE4Editor-UnrealEd.dll!UEditorEngine::CreateInnerProcessPIEGameInstance() [D:\Build\++UE4\Sync\Engine\Source\Editor\UnrealEd\Private\PlayLevel.cpp:2792]
[2021.05.16-04.54.41:829][325]LogWindows: Error: [Callstack] 0x00007fff9d63682c UE4Editor-UnrealEd.dll!UEditorEngine::OnLoginPIEComplete_Deferred() [D:\Build\++UE4\Sync\Engine\Source\Editor\UnrealEd\Private\PlayLevel.cpp:1474]
[2021.05.16-04.54.41:829][325]LogWindows: Error: [Callstack] 0x00007fff9d616899 UE4Editor-UnrealEd.dll!UEditorEngine::CreateNewPlayInEditorInstance() [D:\Build\++UE4\Sync\Engine\Source\Editor\UnrealEd\Private\PlayLevel.cpp:1708]
[2021.05.16-04.54.41:829][325]LogWindows: Error: [Callstack] 0x00007fff9d6523da UE4Editor-UnrealEd.dll!UEditorEngine::StartPlayInEditorSession() [D:\Build\++UE4\Sync\Engine\Source\Editor\UnrealEd\Private\PlayLevel.cpp:2580]
[2021.05.16-04.54.41:829][325]LogWindows: Error: [Callstack] 0x00007fff9d65569d UE4Editor-UnrealEd.dll!UEditorEngine::StartQueuedPlaySessionRequestImpl() [D:\Build\++UE4\Sync\Engine\Source\Editor\UnrealEd\Private\PlayLevel.cpp:1089]
[2021.05.16-04.54.41:829][325]LogWindows: Error: [Callstack] 0x00007fff9d655078 UE4Editor-UnrealEd.dll!UEditorEngine::StartQueuedPlaySessionRequest() [D:\Build\++UE4\Sync\Engine\Source\Editor\UnrealEd\Private\PlayLevel.cpp:1016]
[2021.05.16-04.54.41:829][325]LogWindows: Error: [Callstack] 0x00007fff9d0da854 UE4Editor-UnrealEd.dll!UEditorEngine::Tick() [D:\Build\++UE4\Sync\Engine\Source\Editor\UnrealEd\Private\EditorEngine.cpp:1611]
[2021.05.16-04.54.41:829][325]LogWindows: Error: [Callstack] 0x00007fff9d9b37e6 UE4Editor-UnrealEd.dll!UUnrealEdEngine::Tick() [D:\Build\++UE4\Sync\Engine\Source\Editor\UnrealEd\Private\UnrealEdEngine.cpp:414]
[2021.05.16-04.54.41:829][325]LogWindows: Error: [Callstack] 0x00007ff71b447800 UE4Editor.exe!FEngineLoop::Tick() [D:\Build\++UE4\Sync\Engine\Source\Runtime\Launch\Private\LaunchEngineLoop.cpp:4850]
[2021.05.16-04.54.41:829][325]LogWindows: Error: [Callstack] 0x00007ff71b45ba7c UE4Editor.exe!GuardedMain() [D:\Build\++UE4\Sync\Engine\Source\Runtime\Launch\Private\Launch.cpp:169]
[2021.05.16-04.54.41:829][325]LogWindows: Error: [Callstack] 0x00007ff71b45bb5a UE4Editor.exe!GuardedMainWrapper() [D:\Build\++UE4\Sync\Engine\Source\Runtime\Launch\Private\Windows\LaunchWindows.cpp:137]
[2021.05.16-04.54.41:829][325]LogWindows: Error: [Callstack] 0x00007ff71b46e31d UE4Editor.exe!WinMain() [D:\Build\++UE4\Sync\Engine\Source\Runtime\Launch\Private\Windows\LaunchWindows.cpp:268]
[2021.05.16-04.54.41:829][325]LogWindows: Error: [Callstack] 0x00007ff71b47145a UE4Editor.exe!__scrt_common_main_seh() [d:\agent\_work\5\s\src\vctools\crt\vcstartup\src\startup\exe_common.inl:288]
[2021.05.16-04.54.41:829][325]LogWindows: Error: [Callstack] 0x00007ff8139f7034 KERNEL32.DLL!UnknownFunction []
[2021.05.16-04.54.41:829][325]LogWindows: Error: [Callstack] 0x00007ff8159a2651 ntdll.dll!UnknownFunction []
[2021.05.16-04.54.41:829][325]LogWindows: Error: 
[2021.05.16-04.54.41:837][325]LogExit: Executing StaticShutdownAfterError
[2021.05.16-04.54.41:839][325]LogWindows: FPlatformMisc::RequestExit(1)
[2021.05.16-04.54.41:839][325]LogCore: Engine exit requested (reason: Win RequestExit)
[2021.05.16-04.54.41:843][325]Log file closed, 05/16/21 13:54:41
