Log file open, 05/19/21 13:11:31
LogInit: Display: Running engine for game: WireHunter
LogPlatformFile: Not using cached read wrapper
LogTaskGraph: Started task graph with 5 named threads and 35 total threads with 3 sets of task threads.
LogStats: Stats thread started at 0.252967
LogD3D11RHI: Loaded GFSDK_Aftermath_Lib.x64.dll
LogICUInternationalization: ICU TimeZone Detection - Raw Offset: +9:00, Platform Override: ''
LogPluginManager: Mounting plugin Paper2D
LogPluginManager: Mounting plugin AISupport
LogPluginManager: Mounting plugin LightPropagationVolume
LogPluginManager: Mounting plugin CameraShakePreviewer
LogPluginManager: Mounting plugin ActorLayerUtilities
LogPluginManager: Mounting plugin AnimationSharing
LogPluginManager: Mounting plugin CLionSourceCodeAccess
LogPluginManager: Mounting plugin CodeLiteSourceCodeAccess
LogPluginManager: Mounting plugin GitSourceControl
LogPluginManager: Mounting plugin KDevelopSourceCodeAccess
LogPluginManager: Mounting plugin NullSourceCodeAccess
LogPluginManager: Mounting plugin PerforceSourceControl
LogPluginManager: Mounting plugin PlasticSourceControl
LogPluginManager: Mounting plugin RiderSourceCodeAccess
LogPluginManager: Mounting plugin SubversionSourceControl
LogPluginManager: Mounting plugin UObjectPlugin
LogPluginManager: Mounting plugin VisualStudioCodeSourceCodeAccess
LogPluginManager: Mounting plugin VisualStudioSourceCodeAccess
LogPluginManager: Mounting plugin XCodeSourceCodeAccess
LogPluginManager: Mounting plugin AssetManagerEditor
LogPluginManager: Mounting plugin BlueprintMaterialTextureNodes
LogPluginManager: Mounting plugin CryptoKeys
LogPluginManager: Mounting plugin CurveEditorTools
LogPluginManager: Mounting plugin DataValidation
LogPluginManager: Mounting plugin EditorScriptingUtilities
LogPluginManager: Mounting plugin FacialAnimation
LogPluginManager: Mounting plugin GameplayTagsEditor
LogPluginManager: Mounting plugin GeometryMode
LogPluginManager: Mounting plugin MacGraphicsSwitching
LogPluginManager: Mounting plugin MaterialAnalyzer
LogPluginManager: Mounting plugin MobileLauncherProfileWizard
LogPluginManager: Mounting plugin PluginBrowser
LogPluginManager: Mounting plugin SpeedTreeImporter
LogPluginManager: Mounting plugin DatasmithContent
LogPluginManager: Mounting plugin VariantManagerContent
LogPluginManager: Mounting plugin AlembicImporter
LogPluginManager: Mounting plugin AutomationUtils
LogPluginManager: Mounting plugin BackChannel
LogPluginManager: Mounting plugin ChaosCloth
LogPluginManager: Mounting plugin ChaosClothEditor
LogPluginManager: Mounting plugin ChaosEditor
LogPluginManager: Mounting plugin ChaosNiagara
LogPluginManager: Mounting plugin ChaosSolverPlugin
LogPluginManager: Mounting plugin CharacterAI
LogPluginManager: Mounting plugin GeometryCache
LogPluginManager: Mounting plugin GeometryCollectionPlugin
LogPluginManager: Mounting plugin GeometryProcessing
LogPluginManager: Mounting plugin PlanarCut
LogPluginManager: Mounting plugin PlatformCrypto
LogPluginManager: Mounting plugin ProxyLODPlugin
LogPluginManager: Mounting plugin SkeletalReduction
LogPluginManager: Mounting plugin Volumetrics
LogPluginManager: Mounting plugin Niagara
LogPluginManager: Mounting plugin MagicLeap
LogPluginManager: Mounting plugin MagicLeapLightEstimation
LogPluginManager: Mounting plugin MagicLeapMedia
LogPluginManager: Mounting plugin MagicLeapPassableWorld
LogPluginManager: Mounting plugin MLSDK
LogPluginManager: Mounting plugin AndroidMedia
LogPluginManager: Mounting plugin AvfMedia
LogPluginManager: Mounting plugin ImgMedia
LogPluginManager: Mounting plugin MediaCompositing
LogPluginManager: Mounting plugin MediaPlayerEditor
LogPluginManager: Mounting plugin WebMMedia
LogPluginManager: Mounting plugin WmfMedia
LogPluginManager: Mounting plugin MeshPainting
LogPluginManager: Mounting plugin TcpMessaging
LogPluginManager: Mounting plugin UdpMessaging
LogPluginManager: Mounting plugin ActorSequence
LogPluginManager: Mounting plugin LevelSequenceEditor
LogPluginManager: Mounting plugin MatineeToLevelSequence
LogPluginManager: Mounting plugin MovieRenderPipeline
LogPluginManager: Mounting plugin TemplateSequence
LogPluginManager: Mounting plugin NetcodeUnitTest
LogPluginManager: Mounting plugin NUTUnrealEngine4
LogPluginManager: Mounting plugin OnlineSubsystemGooglePlay
LogPluginManager: Mounting plugin OnlineSubsystemIOS
LogPluginManager: Mounting plugin OnlineSubsystem
LogPluginManager: Mounting plugin OnlineSubsystemNull
LogPluginManager: Mounting plugin OnlineSubsystemUtils
LogPluginManager: Mounting plugin LauncherChunkInstaller
LogPluginManager: Mounting plugin AndroidDeviceProfileSelector
LogPluginManager: Mounting plugin AndroidMoviePlayer
LogPluginManager: Mounting plugin AndroidPermission
LogPluginManager: Mounting plugin AppleImageUtils
LogPluginManager: Mounting plugin AppleMoviePlayer
LogPluginManager: Mounting plugin ArchVisCharacter
LogPluginManager: Mounting plugin AssetTags
LogPluginManager: Mounting plugin AudioCapture
LogPluginManager: Mounting plugin CableComponent
LogPluginManager: Mounting plugin CustomMeshComponent
LogPluginManager: Mounting plugin EditableMesh
LogPluginManager: Mounting plugin ExampleDeviceProfileSelector
LogPluginManager: Mounting plugin GoogleCloudMessaging
LogPluginManager: Mounting plugin GooglePAD
LogPluginManager: Mounting plugin IOSDeviceProfileSelector
LogPluginManager: Mounting plugin LinuxDeviceProfileSelector
LogPluginManager: Mounting plugin LocationServicesBPLibrary
LogPluginManager: Mounting plugin MobilePatchingUtils
LogPluginManager: Mounting plugin OculusVR
LogPluginManager: Mounting plugin PhysXVehicles
LogPluginManager: Mounting plugin PostSplashScreen
LogPluginManager: Mounting plugin ProceduralMeshComponent
LogPluginManager: Mounting plugin RuntimePhysXCooking
LogPluginManager: Mounting plugin SignificanceManager
LogPluginManager: Mounting plugin SoundFields
LogPluginManager: Mounting plugin SteamVR
LogPluginManager: Mounting plugin Synthesis
LogPluginManager: Mounting plugin WebMMoviePlayer
LogPluginManager: Mounting plugin WindowsMoviePlayer
LogPluginManager: Mounting plugin ScreenshotTools
LogInit: Using libcurl 7.55.1-DEV
LogInit:  - built for x86_64-pc-win32
LogInit:  - supports SSL with OpenSSL/1.1.1
LogInit:  - supports HTTP deflate (compression) using libz 1.2.8
LogInit:  - other features:
LogInit:      CURL_VERSION_SSL
LogInit:      CURL_VERSION_LIBZ
LogInit:      CURL_VERSION_IPV6
LogInit:      CURL_VERSION_ASYNCHDNS
LogInit:      CURL_VERSION_LARGEFILE
LogInit:      CURL_VERSION_IDN
LogInit:  CurlRequestOptions (configurable via config and command line):
LogInit:  - bVerifyPeer = true  - Libcurl will verify peer certificate
LogInit:  - bUseHttpProxy = false  - Libcurl will NOT use HTTP proxy
LogInit:  - bDontReuseConnections = false  - Libcurl will reuse connections
LogInit:  - MaxHostConnections = 16  - Libcurl will limit the number of connections to a host
LogInit:  - LocalHostAddr = Default
LogInit:  - BufferSize = 65536
LogOnline: OSS: Creating online subsystem instance for: NULL
LogInit: WinSock: version 1.1 (2.2), MaxSocks=32767, MaxUdp=65467
LogOnline: OSS: TryLoadSubsystemAndSetDefault: Loaded subsystem for module [NULL]
LogInit: Build: ++UE4+Release-4.25-CL-14469661
LogInit: Engine Version: 4.25.4-14469661+++UE4+Release-4.25
LogInit: Compatible Engine Version: 4.25.0-13144385+++UE4+Release-4.25
LogInit: Net CL: 13144385
LogInit: OS: Windows 10 (Release 2004) (), CPU: AMD Ryzen 5 2600X Six-Core Processor           , GPU: NVIDIA GeForce GTX 1060 6GB
LogInit: Compiled (64-bit): Oct 11 2020 08:10:49
LogInit: Compiled with Visual C++: 19.24.28315.00
LogInit: Build Configuration: Development
LogInit: Branch Name: ++UE4+Release-4.25
LogInit: Command Line: 
LogInit: Base Directory: C:/Program Files/Epic Games/UE_4.25/Engine/Binaries/Win64/
LogInit: Allocator: TBB
LogInit: Installed Engine Build: 1
LogDevObjectVersion: Number of dev versions registered: 26
LogDevObjectVersion:   Dev-Blueprints (B0D832E4-1F89-4F0D-ACCF-7EB736FD4AA2): 10
LogDevObjectVersion:   Dev-Build (E1C64328-A22C-4D53-A36C-8E866417BD8C): 0
LogDevObjectVersion:   Dev-Core (375EC13C-06E4-48FB-B500-84F0262A717E): 4
LogDevObjectVersion:   Dev-Editor (E4B068ED-F494-42E9-A231-DA0B2E46BB41): 38
LogDevObjectVersion:   Dev-Framework (CFFC743F-43B0-4480-9391-14DF171D2073): 37
LogDevObjectVersion:   Dev-Mobile (B02B49B5-BB20-44E9-A304-32B752E40360): 2
LogDevObjectVersion:   Dev-Networking (A4E4105C-59A1-49B5-A7C5-40C4547EDFEE): 0
LogDevObjectVersion:   Dev-Online (39C831C9-5AE6-47DC-9A44-9C173E1C8E7C): 0
LogDevObjectVersion:   Dev-Physics (78F01B33-EBEA-4F98-B9B4-84EACCB95AA2): 4
LogDevObjectVersion:   Dev-Platform (6631380F-2D4D-43E0-8009-CF276956A95A): 0
LogDevObjectVersion:   Dev-Rendering (12F88B9F-8875-4AFC-A67C-D90C383ABD29): 43
LogDevObjectVersion:   Dev-Sequencer (7B5AE74C-D270-4C10-A958-57980B212A5A): 12
LogDevObjectVersion:   Dev-VR (D7296918-1DD6-4BDD-9DE2-64A83CC13884): 3
LogDevObjectVersion:   Dev-LoadTimes (C2A15278-BFE7-4AFE-6C17-90FF531DF755): 1
LogDevObjectVersion:   Private-Geometry (6EACA3D4-40EC-4CC1-B786-8BED09428FC5): 3
LogDevObjectVersion:   Dev-AnimPhys (29E575DD-E0A3-4627-9D10-D276232CDCEA): 17
LogDevObjectVersion:   Dev-Anim (AF43A65D-7FD3-4947-9873-3E8ED9C1BB05): 7
LogDevObjectVersion:   Dev-ReflectionCapture (6B266CEC-1EC7-4B8F-A30B-E4D90942FC07): 1
LogDevObjectVersion:   Dev-Automation (0DF73D61-A23F-47EA-B727-89E90C41499A): 1
LogDevObjectVersion:   FortniteMain (601D1886-AC64-4F84-AA16-D3DE0DEAC7D6): 31
LogDevObjectVersion:   Dev-Enterprise (9DFFBCD6-494F-0158-E221-12823C92A888): 10
LogDevObjectVersion:   Dev-Niagara (F2AED0AC-9AFE-416F-8664-AA7FFA26D6FC): 1
LogDevObjectVersion:   Dev-Destruction (174F1F0B-B4C6-45A5-B13F-2EE8D0FB917D): 10
LogDevObjectVersion:   Dev-Physics-Ext (35F94A83-E258-406C-A318-09F59610247C): 37
LogDevObjectVersion:   Dev-PhysicsMaterial-Chaos (B68FC16E-8B1B-42E2-B453-215C058844FE): 1
LogDevObjectVersion:   Dev-CineCamera (B2E18506-4273-CFC2-A54E-F4BB758BBA07): 1
LogInit: Presizing for max 25165824 objects, including 0 objects not considered by GC, pre-allocating 0 bytes for permanent pool.
LogConfig: Applying CVar settings from Section [/Script/Engine.StreamingSettings] File [C:/Wire-Hunter/work/choi/WireHunter/Saved/Config/Windows/Engine.ini]
LogConfig: Setting CVar [[s.MinBulkDataSizeForAsyncLoading:131072]]
LogConfig: Setting CVar [[s.AsyncLoadingThreadEnabled:0]]
LogConfig: Setting CVar [[s.EventDrivenLoaderEnabled:1]]
LogConfig: Setting CVar [[s.WarnIfTimeLimitExceeded:0]]
LogConfig: Setting CVar [[s.TimeLimitExceededMultiplier:1.5]]
LogConfig: Setting CVar [[s.TimeLimitExceededMinTime:0.005]]
LogConfig: Setting CVar [[s.UseBackgroundLevelStreaming:1]]
LogConfig: Setting CVar [[s.PriorityAsyncLoadingExtraTime:15.0]]
LogConfig: Setting CVar [[s.LevelStreamingActorsUpdateTimeLimit:5.0]]
LogConfig: Setting CVar [[s.PriorityLevelStreamingActorsUpdateExtraTime:5.0]]
LogConfig: Setting CVar [[s.LevelStreamingComponentsRegistrationGranularity:10]]
LogConfig: Setting CVar [[s.UnregisterComponentsTimeLimit:1.0]]
LogConfig: Setting CVar [[s.LevelStreamingComponentsUnregistrationGranularity:5]]
LogConfig: Setting CVar [[s.FlushStreamingOnExit:1]]
LogInit: Object subsystem initialized
LogConfig: Setting CVar [[con.DebugEarlyDefault:1]]
LogConfig: Setting CVar [[r.setres:1280x720]]
[2021.05.19-04.11.32:607][  0]LogConfig: Setting CVar [[r.VSync:0]]
[2021.05.19-04.11.32:607][  0]LogConfig: Setting CVar [[r.RHICmdBypass:0]]
[2021.05.19-04.11.32:607][  0]LogConfig: Applying CVar settings from Section [/Script/Engine.RendererSettings] File [C:/Wire-Hunter/work/choi/WireHunter/Saved/Config/Windows/Engine.ini]
[2021.05.19-04.11.32:607][  0]LogConfig: Setting CVar [[r.GPUCrashDebugging:0]]
[2021.05.19-04.11.32:607][  0]LogConfig: Applying CVar settings from Section [/Script/Engine.RendererOverrideSettings] File [C:/Wire-Hunter/work/choi/WireHunter/Saved/Config/Windows/Engine.ini]
[2021.05.19-04.11.32:607][  0]LogConfig: Applying CVar settings from Section [/Script/Engine.StreamingSettings] File [C:/Wire-Hunter/work/choi/WireHunter/Saved/Config/Windows/Engine.ini]
[2021.05.19-04.11.32:607][  0]LogConfig: Setting CVar [[s.MinBulkDataSizeForAsyncLoading:131072]]
[2021.05.19-04.11.32:607][  0]LogConfig: Setting CVar [[s.AsyncLoadingThreadEnabled:0]]
[2021.05.19-04.11.32:607][  0]LogConfig: Setting CVar [[s.EventDrivenLoaderEnabled:1]]
[2021.05.19-04.11.32:607][  0]LogConfig: Setting CVar [[s.WarnIfTimeLimitExceeded:0]]
[2021.05.19-04.11.32:607][  0]LogConfig: Setting CVar [[s.TimeLimitExceededMultiplier:1.5]]
[2021.05.19-04.11.32:607][  0]LogConfig: Setting CVar [[s.TimeLimitExceededMinTime:0.005]]
[2021.05.19-04.11.32:607][  0]LogConfig: Setting CVar [[s.UseBackgroundLevelStreaming:1]]
[2021.05.19-04.11.32:607][  0]LogConfig: Setting CVar [[s.PriorityAsyncLoadingExtraTime:15.0]]
[2021.05.19-04.11.32:608][  0]LogConfig: Setting CVar [[s.LevelStreamingActorsUpdateTimeLimit:5.0]]
[2021.05.19-04.11.32:608][  0]LogConfig: Setting CVar [[s.PriorityLevelStreamingActorsUpdateExtraTime:5.0]]
[2021.05.19-04.11.32:608][  0]LogConfig: Setting CVar [[s.LevelStreamingComponentsRegistrationGranularity:10]]
[2021.05.19-04.11.32:608][  0]LogConfig: Setting CVar [[s.UnregisterComponentsTimeLimit:1.0]]
[2021.05.19-04.11.32:608][  0]LogConfig: Setting CVar [[s.LevelStreamingComponentsUnregistrationGranularity:5]]
[2021.05.19-04.11.32:608][  0]LogConfig: Setting CVar [[s.FlushStreamingOnExit:1]]
[2021.05.19-04.11.32:608][  0]LogConfig: Applying CVar settings from Section [/Script/Engine.GarbageCollectionSettings] File [C:/Wire-Hunter/work/choi/WireHunter/Saved/Config/Windows/Engine.ini]
[2021.05.19-04.11.32:608][  0]LogConfig: Setting CVar [[gc.MaxObjectsNotConsideredByGC:1]]
[2021.05.19-04.11.32:608][  0]LogConfig: Setting CVar [[gc.SizeOfPermanentObjectPool:0]]
[2021.05.19-04.11.32:608][  0]LogConfig: Setting CVar [[gc.FlushStreamingOnGC:0]]
[2021.05.19-04.11.32:608][  0]LogConfig: Setting CVar [[gc.NumRetriesBeforeForcingGC:10]]
[2021.05.19-04.11.32:608][  0]LogConfig: Setting CVar [[gc.AllowParallelGC:1]]
[2021.05.19-04.11.32:608][  0]LogConfig: Setting CVar [[gc.TimeBetweenPurgingPendingKillObjects:61.1]]
[2021.05.19-04.11.32:608][  0]LogConfig: Setting CVar [[gc.MaxObjectsInEditor:25165824]]
[2021.05.19-04.11.32:608][  0]LogConfig: Setting CVar [[gc.IncrementalBeginDestroyEnabled:1]]
[2021.05.19-04.11.32:608][  0]LogConfig: Setting CVar [[gc.CreateGCClusters:1]]
[2021.05.19-04.11.32:608][  0]LogConfig: Setting CVar [[gc.MinGCClusterSize:5]]
[2021.05.19-04.11.32:608][  0]LogConfig: Setting CVar [[gc.ActorClusteringEnabled:0]]
[2021.05.19-04.11.32:608][  0]LogConfig: Setting CVar [[gc.BlueprintClusteringEnabled:0]]
[2021.05.19-04.11.32:608][  0]LogConfig: Setting CVar [[gc.UseDisregardForGCOnDedicatedServers:0]]
[2021.05.19-04.11.32:608][  0]LogConfig: Applying CVar settings from Section [/Script/Engine.NetworkSettings] File [C:/Wire-Hunter/work/choi/WireHunter/Saved/Config/Windows/Engine.ini]
[2021.05.19-04.11.32:608][  0]LogConfig: Applying CVar settings from Section [/Script/UnrealEd.CookerSettings] File [C:/Wire-Hunter/work/choi/WireHunter/Saved/Config/Windows/Engine.ini]
[2021.05.19-04.11.32:612][  0]LogConfig: Applying CVar settings from Section [ViewDistanceQuality@3] File [C:/Wire-Hunter/work/choi/WireHunter/Saved/Config/Windows/Scalability.ini]
[2021.05.19-04.11.32:612][  0]LogConfig: Setting CVar [[r.SkeletalMeshLODBias:0]]
[2021.05.19-04.11.32:612][  0]LogConfig: Setting CVar [[r.ViewDistanceScale:1.0]]
[2021.05.19-04.11.32:612][  0]LogConfig: Applying CVar settings from Section [AntiAliasingQuality@3] File [C:/Wire-Hunter/work/choi/WireHunter/Saved/Config/Windows/Scalability.ini]
[2021.05.19-04.11.32:612][  0]LogConfig: Setting CVar [[r.PostProcessAAQuality:4]]
[2021.05.19-04.11.32:612][  0]LogConfig: Applying CVar settings from Section [ShadowQuality@3] File [C:/Wire-Hunter/work/choi/WireHunter/Saved/Config/Windows/Scalability.ini]
[2021.05.19-04.11.32:612][  0]LogConfig: Setting CVar [[r.LightFunctionQuality:1]]
[2021.05.19-04.11.32:612][  0]LogConfig: Setting CVar [[r.ShadowQuality:5]]
[2021.05.19-04.11.32:612][  0]LogConfig: Setting CVar [[r.Shadow.CSM.MaxCascades:10]]
[2021.05.19-04.11.32:612][  0]LogConfig: Setting CVar [[r.Shadow.MaxResolution:2048]]
[2021.05.19-04.11.32:612][  0]LogConfig: Setting CVar [[r.Shadow.MaxCSMResolution:2048]]
[2021.05.19-04.11.32:612][  0]LogConfig: Setting CVar [[r.Shadow.RadiusThreshold:0.01]]
[2021.05.19-04.11.32:612][  0]LogConfig: Setting CVar [[r.Shadow.DistanceScale:1.0]]
[2021.05.19-04.11.32:612][  0]LogConfig: Setting CVar [[r.Shadow.CSM.TransitionScale:1.0]]
[2021.05.19-04.11.32:612][  0]LogConfig: Setting CVar [[r.Shadow.PreShadowResolutionFactor:1.0]]
[2021.05.19-04.11.32:612][  0]LogConfig: Setting CVar [[r.DistanceFieldShadowing:1]]
[2021.05.19-04.11.32:612][  0]LogConfig: Setting CVar [[r.DistanceFieldAO:1]]
[2021.05.19-04.11.32:612][  0]LogConfig: Setting CVar [[r.AOQuality:2]]
[2021.05.19-04.11.32:612][  0]LogConfig: Setting CVar [[r.VolumetricFog:1]]
[2021.05.19-04.11.32:612][  0]LogConfig: Setting CVar [[r.VolumetricFog.GridPixelSize:8]]
[2021.05.19-04.11.32:612][  0]LogConfig: Setting CVar [[r.VolumetricFog.GridSizeZ:128]]
[2021.05.19-04.11.32:612][  0]LogConfig: Setting CVar [[r.VolumetricFog.HistoryMissSupersampleCount:4]]
[2021.05.19-04.11.32:612][  0]LogConfig: Setting CVar [[r.LightMaxDrawDistanceScale:1]]
[2021.05.19-04.11.32:612][  0]LogConfig: Setting CVar [[r.CapsuleShadows:1]]
[2021.05.19-04.11.32:612][  0]LogConfig: Applying CVar settings from Section [PostProcessQuality@3] File [C:/Wire-Hunter/work/choi/WireHunter/Saved/Config/Windows/Scalability.ini]
[2021.05.19-04.11.32:612][  0]LogConfig: Setting CVar [[r.MotionBlurQuality:4]]
[2021.05.19-04.11.32:613][  0]LogConfig: Setting CVar [[r.AmbientOcclusionMipLevelFactor:0.4]]
[2021.05.19-04.11.32:613][  0]LogConfig: Setting CVar [[r.AmbientOcclusionMaxQuality:100]]
[2021.05.19-04.11.32:613][  0]LogConfig: Setting CVar [[r.AmbientOcclusionLevels:-1]]
[2021.05.19-04.11.32:613][  0]LogConfig: Setting CVar [[r.AmbientOcclusionRadiusScale:1.0]]
[2021.05.19-04.11.32:613][  0]LogConfig: Setting CVar [[r.DepthOfFieldQuality:2]]
[2021.05.19-04.11.32:613][  0]LogConfig: Setting CVar [[r.RenderTargetPoolMin:400]]
[2021.05.19-04.11.32:613][  0]LogConfig: Setting CVar [[r.LensFlareQuality:2]]
[2021.05.19-04.11.32:613][  0]LogConfig: Setting CVar [[r.SceneColorFringeQuality:1]]
[2021.05.19-04.11.32:613][  0]LogConfig: Setting CVar [[r.EyeAdaptationQuality:2]]
[2021.05.19-04.11.32:613][  0]LogConfig: Setting CVar [[r.BloomQuality:5]]
[2021.05.19-04.11.32:613][  0]LogConfig: Setting CVar [[r.FastBlurThreshold:100]]
[2021.05.19-04.11.32:613][  0]LogConfig: Setting CVar [[r.Upscale.Quality:3]]
[2021.05.19-04.11.32:613][  0]LogConfig: Setting CVar [[r.Tonemapper.GrainQuantization:1]]
[2021.05.19-04.11.32:613][  0]LogConfig: Setting CVar [[r.LightShaftQuality:1]]
[2021.05.19-04.11.32:613][  0]LogConfig: Setting CVar [[r.Filter.SizeScale:1]]
[2021.05.19-04.11.32:613][  0]LogConfig: Setting CVar [[r.Tonemapper.Quality:5]]
[2021.05.19-04.11.32:613][  0]LogConfig: Setting CVar [[r.DOF.Gather.AccumulatorQuality:1        ; higher gathering accumulator quality]]
[2021.05.19-04.11.32:613][  0]LogConfig: Setting CVar [[r.DOF.Gather.PostfilterMethod:1          ; Median3x3 postfilering method]]
[2021.05.19-04.11.32:613][  0]LogConfig: Setting CVar [[r.DOF.Gather.EnableBokehSettings:0       ; no bokeh simulation when gathering]]
[2021.05.19-04.11.32:613][  0]LogConfig: Setting CVar [[r.DOF.Gather.RingCount:4                 ; medium number of samples when gathering]]
[2021.05.19-04.11.32:613][  0]LogConfig: Setting CVar [[r.DOF.Scatter.ForegroundCompositing:1    ; additive foreground scattering]]
[2021.05.19-04.11.32:613][  0]LogConfig: Setting CVar [[r.DOF.Scatter.BackgroundCompositing:2    ; additive background scattering]]
[2021.05.19-04.11.32:613][  0]LogConfig: Setting CVar [[r.DOF.Scatter.EnableBokehSettings:1      ; bokeh simulation when scattering]]
[2021.05.19-04.11.32:613][  0]LogConfig: Setting CVar [[r.DOF.Scatter.MaxSpriteRatio:0.1         ; only a maximum of 10% of scattered bokeh]]
[2021.05.19-04.11.32:613][  0]LogConfig: Setting CVar [[r.DOF.Recombine.Quality:1                ; cheap slight out of focus]]
[2021.05.19-04.11.32:613][  0]LogConfig: Setting CVar [[r.DOF.Recombine.EnableBokehSettings:0    ; no bokeh simulation on slight out of focus]]
[2021.05.19-04.11.32:613][  0]LogConfig: Setting CVar [[r.DOF.TemporalAAQuality:1                ; more stable temporal accumulation]]
[2021.05.19-04.11.32:613][  0]LogConfig: Setting CVar [[r.DOF.Kernel.MaxForegroundRadius:0.025]]
[2021.05.19-04.11.32:613][  0]LogConfig: Setting CVar [[r.DOF.Kernel.MaxBackgroundRadius:0.025]]
[2021.05.19-04.11.32:613][  0]LogConfig: Applying CVar settings from Section [TextureQuality@3] File [C:/Wire-Hunter/work/choi/WireHunter/Saved/Config/Windows/Scalability.ini]
[2021.05.19-04.11.32:613][  0]LogConfig: Setting CVar [[r.Streaming.MipBias:0]]
[2021.05.19-04.11.32:613][  0]LogConfig: Setting CVar [[r.Streaming.AmortizeCPUToGPUCopy:0]]
[2021.05.19-04.11.32:613][  0]LogConfig: Setting CVar [[r.Streaming.MaxNumTexturesToStreamPerFrame:0]]
[2021.05.19-04.11.32:613][  0]LogConfig: Setting CVar [[r.Streaming.Boost:1]]
[2021.05.19-04.11.32:613][  0]LogConfig: Setting CVar [[r.MaxAnisotropy:8]]
[2021.05.19-04.11.32:613][  0]LogConfig: Setting CVar [[r.VT.MaxAnisotropy:8]]
[2021.05.19-04.11.32:613][  0]LogConfig: Setting CVar [[r.Streaming.LimitPoolSizeToVRAM:0]]
[2021.05.19-04.11.32:613][  0]LogConfig: Setting CVar [[r.Streaming.PoolSize:1000]]
[2021.05.19-04.11.32:613][  0]LogConfig: Setting CVar [[r.Streaming.MaxEffectiveScreenSize:0]]
[2021.05.19-04.11.32:613][  0]LogConfig: Applying CVar settings from Section [EffectsQuality@3] File [C:/Wire-Hunter/work/choi/WireHunter/Saved/Config/Windows/Scalability.ini]
[2021.05.19-04.11.32:613][  0]LogConfig: Setting CVar [[r.TranslucencyLightingVolumeDim:64]]
[2021.05.19-04.11.32:613][  0]LogConfig: Setting CVar [[r.RefractionQuality:2]]
[2021.05.19-04.11.32:613][  0]LogConfig: Setting CVar [[r.SSR.Quality:3]]
[2021.05.19-04.11.32:613][  0]LogConfig: Setting CVar [[r.SSR.HalfResSceneColor:0]]
[2021.05.19-04.11.32:613][  0]LogConfig: Setting CVar [[r.SceneColorFormat:4]]
[2021.05.19-04.11.32:613][  0]LogConfig: Setting CVar [[r.DetailMode:2]]
[2021.05.19-04.11.32:613][  0]LogConfig: Setting CVar [[r.TranslucencyVolumeBlur:1]]
[2021.05.19-04.11.32:613][  0]LogConfig: Setting CVar [[r.MaterialQualityLevel:1 ; High quality]]
[2021.05.19-04.11.32:613][  0]LogConfig: Setting CVar [[r.SSS.Scale:1]]
[2021.05.19-04.11.32:613][  0]LogConfig: Setting CVar [[r.SSS.SampleSet:2]]
[2021.05.19-04.11.32:613][  0]LogConfig: Setting CVar [[r.SSS.Quality:1]]
[2021.05.19-04.11.32:613][  0]LogConfig: Setting CVar [[r.SSS.HalfRes:0]]
[2021.05.19-04.11.32:613][  0]LogConfig: Setting CVar [[r.SSGI.Quality:3]]
[2021.05.19-04.11.32:613][  0]LogConfig: Setting CVar [[r.EmitterSpawnRateScale:1.0]]
[2021.05.19-04.11.32:613][  0]LogConfig: Setting CVar [[r.ParticleLightQuality:2]]
[2021.05.19-04.11.32:613][  0]LogConfig: Setting CVar [[r.SkyAtmosphere.AerialPerspectiveLUT.FastApplyOnOpaque:1 ; Always have FastSkyLUT 1 in this case to avoid wrong sky]]
[2021.05.19-04.11.32:613][  0]LogConfig: Setting CVar [[r.SkyAtmosphere.AerialPerspectiveLUT.SampleCountPerSlice:1]]
[2021.05.19-04.11.32:613][  0]LogConfig: Setting CVar [[r.SkyAtmosphere.AerialPerspectiveLUT.DepthResolution:16.0]]
[2021.05.19-04.11.32:613][  0]LogConfig: Setting CVar [[r.SkyAtmosphere.FastSkyLUT:1]]
[2021.05.19-04.11.32:613][  0]LogConfig: Setting CVar [[r.SkyAtmosphere.FastSkyLUT.SampleCountMin:4.0]]
[2021.05.19-04.11.32:613][  0]LogConfig: Setting CVar [[r.SkyAtmosphere.FastSkyLUT.SampleCountMax:32.0]]
[2021.05.19-04.11.32:613][  0]LogConfig: Setting CVar [[r.SkyAtmosphere.SampleCountMin:4.0]]
[2021.05.19-04.11.32:613][  0]LogConfig: Setting CVar [[r.SkyAtmosphere.SampleCountMax:32.0]]
[2021.05.19-04.11.32:613][  0]LogConfig: Setting CVar [[r.SkyAtmosphere.TransmittanceLUT.UseSmallFormat:0]]
[2021.05.19-04.11.32:613][  0]LogConfig: Setting CVar [[r.SkyAtmosphere.TransmittanceLUT.SampleCount:10.0]]
[2021.05.19-04.11.32:613][  0]LogConfig: Setting CVar [[r.SkyAtmosphere.MultiScatteringLUT.SampleCount:15.0]]
[2021.05.19-04.11.32:613][  0]LogConfig: Applying CVar settings from Section [FoliageQuality@3] File [C:/Wire-Hunter/work/choi/WireHunter/Saved/Config/Windows/Scalability.ini]
[2021.05.19-04.11.32:613][  0]LogConfig: Setting CVar [[foliage.DensityScale:1.0]]
[2021.05.19-04.11.32:613][  0]LogConfig: Setting CVar [[grass.DensityScale:1.0]]
[2021.05.19-04.11.32:613][  0]LogConfig: Applying CVar settings from Section [ShadingQuality@3] File [C:/Wire-Hunter/work/choi/WireHunter/Saved/Config/Windows/Scalability.ini]
[2021.05.19-04.11.32:613][  0]LogConfig: Setting CVar [[r.HairStrands.SkyLighting.SampleCount:16]]
[2021.05.19-04.11.32:613][  0]LogConfig: Setting CVar [[r.HairStrands.SkyLighting.JitterIntegration:0]]
[2021.05.19-04.11.32:613][  0]LogConfig: Setting CVar [[r.HairStrands.SkyAO.SampleCount:16]]
[2021.05.19-04.11.32:613][  0]LogConfig: Setting CVar [[r.HairStrands.DeepShadow.SuperSampling:0]]
[2021.05.19-04.11.32:613][  0]LogConfig: Setting CVar [[r.HairStrands.VisibilityPPLL:0]]
[2021.05.19-04.11.32:613][  0]LogConfig: Setting CVar [[r.HairStrands.RasterizationScale:0.5]]
[2021.05.19-04.11.32:613][  0]LogConfig: Setting CVar [[r.HairStrands.VelocityRasterizationScale:1]]
[2021.05.19-04.11.32:613][  0]LogInit: Selected Device Profile: [Windows]
[2021.05.19-04.11.32:613][  0]LogInit: Applying CVar settings loaded from the selected device profile: [Windows]
[2021.05.19-04.11.32:614][  0]LogHAL: Display: Platform has ~ 16 GB [17102884864 / 17179869184 / 16], which maps to Larger [LargestMinGB=32, LargerMinGB=12, DefaultMinGB=8, SmallerMinGB=6, SmallestMinGB=0)
[2021.05.19-04.11.32:614][  0]LogInit: Going up to parent DeviceProfile []
[2021.05.19-04.11.32:614][  0]LogConfig: Applying CVar settings from Section [ViewDistanceQuality@3] File [C:/Wire-Hunter/work/choi/WireHunter/Saved/Config/Windows/Scalability.ini]
[2021.05.19-04.11.32:614][  0]LogConfig: Setting CVar [[r.SkeletalMeshLODBias:0]]
[2021.05.19-04.11.32:614][  0]LogConfig: Setting CVar [[r.ViewDistanceScale:1.0]]
[2021.05.19-04.11.32:614][  0]LogConfig: Applying CVar settings from Section [AntiAliasingQuality@3] File [C:/Wire-Hunter/work/choi/WireHunter/Saved/Config/Windows/Scalability.ini]
[2021.05.19-04.11.32:614][  0]LogConfig: Setting CVar [[r.PostProcessAAQuality:4]]
[2021.05.19-04.11.32:614][  0]LogConfig: Applying CVar settings from Section [ShadowQuality@3] File [C:/Wire-Hunter/work/choi/WireHunter/Saved/Config/Windows/Scalability.ini]
[2021.05.19-04.11.32:614][  0]LogConfig: Setting CVar [[r.LightFunctionQuality:1]]
[2021.05.19-04.11.32:614][  0]LogConfig: Setting CVar [[r.ShadowQuality:5]]
[2021.05.19-04.11.32:614][  0]LogConfig: Setting CVar [[r.Shadow.CSM.MaxCascades:10]]
[2021.05.19-04.11.32:614][  0]LogConfig: Setting CVar [[r.Shadow.MaxResolution:2048]]
[2021.05.19-04.11.32:614][  0]LogConfig: Setting CVar [[r.Shadow.MaxCSMResolution:2048]]
[2021.05.19-04.11.32:614][  0]LogConfig: Setting CVar [[r.Shadow.RadiusThreshold:0.01]]
[2021.05.19-04.11.32:614][  0]LogConfig: Setting CVar [[r.Shadow.DistanceScale:1.0]]
[2021.05.19-04.11.32:614][  0]LogConfig: Setting CVar [[r.Shadow.CSM.TransitionScale:1.0]]
[2021.05.19-04.11.32:614][  0]LogConfig: Setting CVar [[r.Shadow.PreShadowResolutionFactor:1.0]]
[2021.05.19-04.11.32:614][  0]LogConfig: Setting CVar [[r.DistanceFieldShadowing:1]]
[2021.05.19-04.11.32:614][  0]LogConfig: Setting CVar [[r.DistanceFieldAO:1]]
[2021.05.19-04.11.32:614][  0]LogConfig: Setting CVar [[r.AOQuality:2]]
[2021.05.19-04.11.32:614][  0]LogConfig: Setting CVar [[r.VolumetricFog:1]]
[2021.05.19-04.11.32:614][  0]LogConfig: Setting CVar [[r.VolumetricFog.GridPixelSize:8]]
[2021.05.19-04.11.32:614][  0]LogConfig: Setting CVar [[r.VolumetricFog.GridSizeZ:128]]
[2021.05.19-04.11.32:614][  0]LogConfig: Setting CVar [[r.VolumetricFog.HistoryMissSupersampleCount:4]]
[2021.05.19-04.11.32:614][  0]LogConfig: Setting CVar [[r.LightMaxDrawDistanceScale:1]]
[2021.05.19-04.11.32:614][  0]LogConfig: Setting CVar [[r.CapsuleShadows:1]]
[2021.05.19-04.11.32:614][  0]LogConfig: Applying CVar settings from Section [PostProcessQuality@3] File [C:/Wire-Hunter/work/choi/WireHunter/Saved/Config/Windows/Scalability.ini]
[2021.05.19-04.11.32:614][  0]LogConfig: Setting CVar [[r.MotionBlurQuality:4]]
[2021.05.19-04.11.32:614][  0]LogConfig: Setting CVar [[r.AmbientOcclusionMipLevelFactor:0.4]]
[2021.05.19-04.11.32:614][  0]LogConfig: Setting CVar [[r.AmbientOcclusionMaxQuality:100]]
[2021.05.19-04.11.32:614][  0]LogConfig: Setting CVar [[r.AmbientOcclusionLevels:-1]]
[2021.05.19-04.11.32:614][  0]LogConfig: Setting CVar [[r.AmbientOcclusionRadiusScale:1.0]]
[2021.05.19-04.11.32:614][  0]LogConfig: Setting CVar [[r.DepthOfFieldQuality:2]]
[2021.05.19-04.11.32:614][  0]LogConfig: Setting CVar [[r.RenderTargetPoolMin:400]]
[2021.05.19-04.11.32:614][  0]LogConfig: Setting CVar [[r.LensFlareQuality:2]]
[2021.05.19-04.11.32:614][  0]LogConfig: Setting CVar [[r.SceneColorFringeQuality:1]]
[2021.05.19-04.11.32:614][  0]LogConfig: Setting CVar [[r.EyeAdaptationQuality:2]]
[2021.05.19-04.11.32:614][  0]LogConfig: Setting CVar [[r.BloomQuality:5]]
[2021.05.19-04.11.32:614][  0]LogConfig: Setting CVar [[r.FastBlurThreshold:100]]
[2021.05.19-04.11.32:614][  0]LogConfig: Setting CVar [[r.Upscale.Quality:3]]
[2021.05.19-04.11.32:614][  0]LogConfig: Setting CVar [[r.Tonemapper.GrainQuantization:1]]
[2021.05.19-04.11.32:614][  0]LogConfig: Setting CVar [[r.LightShaftQuality:1]]
[2021.05.19-04.11.32:614][  0]LogConfig: Setting CVar [[r.Filter.SizeScale:1]]
[2021.05.19-04.11.32:614][  0]LogConfig: Setting CVar [[r.Tonemapper.Quality:5]]
[2021.05.19-04.11.32:614][  0]LogConfig: Setting CVar [[r.DOF.Gather.AccumulatorQuality:1        ; higher gathering accumulator quality]]
[2021.05.19-04.11.32:614][  0]LogConfig: Setting CVar [[r.DOF.Gather.PostfilterMethod:1          ; Median3x3 postfilering method]]
[2021.05.19-04.11.32:614][  0]LogConfig: Setting CVar [[r.DOF.Gather.EnableBokehSettings:0       ; no bokeh simulation when gathering]]
[2021.05.19-04.11.32:614][  0]LogConfig: Setting CVar [[r.DOF.Gather.RingCount:4                 ; medium number of samples when gathering]]
[2021.05.19-04.11.32:614][  0]LogConfig: Setting CVar [[r.DOF.Scatter.ForegroundCompositing:1    ; additive foreground scattering]]
[2021.05.19-04.11.32:614][  0]LogConfig: Setting CVar [[r.DOF.Scatter.BackgroundCompositing:2    ; additive background scattering]]
[2021.05.19-04.11.32:614][  0]LogConfig: Setting CVar [[r.DOF.Scatter.EnableBokehSettings:1      ; bokeh simulation when scattering]]
[2021.05.19-04.11.32:614][  0]LogConfig: Setting CVar [[r.DOF.Scatter.MaxSpriteRatio:0.1         ; only a maximum of 10% of scattered bokeh]]
[2021.05.19-04.11.32:614][  0]LogConfig: Setting CVar [[r.DOF.Recombine.Quality:1                ; cheap slight out of focus]]
[2021.05.19-04.11.32:614][  0]LogConfig: Setting CVar [[r.DOF.Recombine.EnableBokehSettings:0    ; no bokeh simulation on slight out of focus]]
[2021.05.19-04.11.32:614][  0]LogConfig: Setting CVar [[r.DOF.TemporalAAQuality:1                ; more stable temporal accumulation]]
[2021.05.19-04.11.32:614][  0]LogConfig: Setting CVar [[r.DOF.Kernel.MaxForegroundRadius:0.025]]
[2021.05.19-04.11.32:614][  0]LogConfig: Setting CVar [[r.DOF.Kernel.MaxBackgroundRadius:0.025]]
[2021.05.19-04.11.32:614][  0]LogConfig: Applying CVar settings from Section [TextureQuality@3] File [C:/Wire-Hunter/work/choi/WireHunter/Saved/Config/Windows/Scalability.ini]
[2021.05.19-04.11.32:614][  0]LogConfig: Setting CVar [[r.Streaming.MipBias:0]]
[2021.05.19-04.11.32:614][  0]LogConfig: Setting CVar [[r.Streaming.AmortizeCPUToGPUCopy:0]]
[2021.05.19-04.11.32:614][  0]LogConfig: Setting CVar [[r.Streaming.MaxNumTexturesToStreamPerFrame:0]]
[2021.05.19-04.11.32:614][  0]LogConfig: Setting CVar [[r.Streaming.Boost:1]]
[2021.05.19-04.11.32:614][  0]LogConfig: Setting CVar [[r.MaxAnisotropy:8]]
[2021.05.19-04.11.32:614][  0]LogConfig: Setting CVar [[r.VT.MaxAnisotropy:8]]
[2021.05.19-04.11.32:614][  0]LogConfig: Setting CVar [[r.Streaming.LimitPoolSizeToVRAM:0]]
[2021.05.19-04.11.32:614][  0]LogConfig: Setting CVar [[r.Streaming.PoolSize:1000]]
[2021.05.19-04.11.32:614][  0]LogConfig: Setting CVar [[r.Streaming.MaxEffectiveScreenSize:0]]
[2021.05.19-04.11.32:614][  0]LogConfig: Applying CVar settings from Section [EffectsQuality@3] File [C:/Wire-Hunter/work/choi/WireHunter/Saved/Config/Windows/Scalability.ini]
[2021.05.19-04.11.32:614][  0]LogConfig: Setting CVar [[r.TranslucencyLightingVolumeDim:64]]
[2021.05.19-04.11.32:614][  0]LogConfig: Setting CVar [[r.RefractionQuality:2]]
[2021.05.19-04.11.32:614][  0]LogConfig: Setting CVar [[r.SSR.Quality:3]]
[2021.05.19-04.11.32:614][  0]LogConfig: Setting CVar [[r.SSR.HalfResSceneColor:0]]
[2021.05.19-04.11.32:614][  0]LogConfig: Setting CVar [[r.SceneColorFormat:4]]
[2021.05.19-04.11.32:614][  0]LogConfig: Setting CVar [[r.DetailMode:2]]
[2021.05.19-04.11.32:614][  0]LogConfig: Setting CVar [[r.TranslucencyVolumeBlur:1]]
[2021.05.19-04.11.32:614][  0]LogConfig: Setting CVar [[r.MaterialQualityLevel:1 ; High quality]]
[2021.05.19-04.11.32:614][  0]LogConfig: Setting CVar [[r.SSS.Scale:1]]
[2021.05.19-04.11.32:614][  0]LogConfig: Setting CVar [[r.SSS.SampleSet:2]]
[2021.05.19-04.11.32:615][  0]LogConfig: Setting CVar [[r.SSS.Quality:1]]
[2021.05.19-04.11.32:615][  0]LogConfig: Setting CVar [[r.SSS.HalfRes:0]]
[2021.05.19-04.11.32:615][  0]LogConfig: Setting CVar [[r.SSGI.Quality:3]]
[2021.05.19-04.11.32:615][  0]LogConfig: Setting CVar [[r.EmitterSpawnRateScale:1.0]]
[2021.05.19-04.11.32:615][  0]LogConfig: Setting CVar [[r.ParticleLightQuality:2]]
[2021.05.19-04.11.32:615][  0]LogConfig: Setting CVar [[r.SkyAtmosphere.AerialPerspectiveLUT.FastApplyOnOpaque:1 ; Always have FastSkyLUT 1 in this case to avoid wrong sky]]
[2021.05.19-04.11.32:615][  0]LogConfig: Setting CVar [[r.SkyAtmosphere.AerialPerspectiveLUT.SampleCountPerSlice:1]]
[2021.05.19-04.11.32:615][  0]LogConfig: Setting CVar [[r.SkyAtmosphere.AerialPerspectiveLUT.DepthResolution:16.0]]
[2021.05.19-04.11.32:615][  0]LogConfig: Setting CVar [[r.SkyAtmosphere.FastSkyLUT:1]]
[2021.05.19-04.11.32:615][  0]LogConfig: Setting CVar [[r.SkyAtmosphere.FastSkyLUT.SampleCountMin:4.0]]
[2021.05.19-04.11.32:615][  0]LogConfig: Setting CVar [[r.SkyAtmosphere.FastSkyLUT.SampleCountMax:32.0]]
[2021.05.19-04.11.32:615][  0]LogConfig: Setting CVar [[r.SkyAtmosphere.SampleCountMin:4.0]]
[2021.05.19-04.11.32:615][  0]LogConfig: Setting CVar [[r.SkyAtmosphere.SampleCountMax:32.0]]
[2021.05.19-04.11.32:615][  0]LogConfig: Setting CVar [[r.SkyAtmosphere.TransmittanceLUT.UseSmallFormat:0]]
[2021.05.19-04.11.32:615][  0]LogConfig: Setting CVar [[r.SkyAtmosphere.TransmittanceLUT.SampleCount:10.0]]
[2021.05.19-04.11.32:615][  0]LogConfig: Setting CVar [[r.SkyAtmosphere.MultiScatteringLUT.SampleCount:15.0]]
[2021.05.19-04.11.32:615][  0]LogConfig: Applying CVar settings from Section [FoliageQuality@3] File [C:/Wire-Hunter/work/choi/WireHunter/Saved/Config/Windows/Scalability.ini]
[2021.05.19-04.11.32:615][  0]LogConfig: Setting CVar [[foliage.DensityScale:1.0]]
[2021.05.19-04.11.32:615][  0]LogConfig: Setting CVar [[grass.DensityScale:1.0]]
[2021.05.19-04.11.32:615][  0]LogConfig: Applying CVar settings from Section [ShadingQuality@3] File [C:/Wire-Hunter/work/choi/WireHunter/Saved/Config/Windows/Scalability.ini]
[2021.05.19-04.11.32:615][  0]LogConfig: Setting CVar [[r.HairStrands.SkyLighting.SampleCount:16]]
[2021.05.19-04.11.32:615][  0]LogConfig: Setting CVar [[r.HairStrands.SkyLighting.JitterIntegration:0]]
[2021.05.19-04.11.32:615][  0]LogConfig: Setting CVar [[r.HairStrands.SkyAO.SampleCount:16]]
[2021.05.19-04.11.32:615][  0]LogConfig: Setting CVar [[r.HairStrands.DeepShadow.SuperSampling:0]]
[2021.05.19-04.11.32:615][  0]LogConfig: Setting CVar [[r.HairStrands.VisibilityPPLL:0]]
[2021.05.19-04.11.32:615][  0]LogConfig: Setting CVar [[r.HairStrands.RasterizationScale:0.5]]
[2021.05.19-04.11.32:615][  0]LogConfig: Setting CVar [[r.HairStrands.VelocityRasterizationScale:1]]
[2021.05.19-04.11.32:615][  0]LogConfig: Applying CVar settings from Section [Startup] File [../../../Engine/Config/ConsoleVariables.ini]
[2021.05.19-04.11.32:616][  0]LogConfig: Setting CVar [[net.UseAdaptiveNetUpdateFrequency:0]]
[2021.05.19-04.11.32:616][  0]LogConfig: Setting CVar [[p.chaos.AllowCreatePhysxBodies:1]]
[2021.05.19-04.11.32:616][  0]LogConfig: Setting CVar [[fx.SkipVectorVMBackendOptimizations:1]]
[2021.05.19-04.11.32:616][  0]LogConfig: Applying CVar settings from Section [ConsoleVariables] File [C:/Wire-Hunter/work/choi/WireHunter/Saved/Config/Windows/Engine.ini]
[2021.05.19-04.11.32:616][  0]LogInit: Computer: DESKTOP-FHRPJDT
[2021.05.19-04.11.32:616][  0]LogInit: User: ChoiTaeho
[2021.05.19-04.11.32:616][  0]LogInit: CPU Page size=4096, Cores=6
[2021.05.19-04.11.32:616][  0]LogInit: High frequency timer resolution =10.000000 MHz
[2021.05.19-04.11.32:616][  0]LogMemory: Memory total: Physical=15.9GB (16GB approx)
[2021.05.19-04.11.32:616][  0]LogMemory: Platform Memory Stats for Windows
[2021.05.19-04.11.32:616][  0]LogMemory: Process Physical Memory: 118.19 MB used, 118.20 MB peak
[2021.05.19-04.11.32:616][  0]LogMemory: Process Virtual Memory: 109.41 MB used, 109.41 MB peak
[2021.05.19-04.11.32:616][  0]LogMemory: Physical Memory: 11005.10 MB used,  5305.48 MB free, 16310.58 MB total
[2021.05.19-04.11.32:616][  0]LogMemory: Virtual Memory: 5179.11 MB used,  134212552.00 MB free, 134217728.00 MB total
[2021.05.19-04.11.32:628][  0]LogWindows: WindowsPlatformFeatures enabled
[2021.05.19-04.11.32:794][  0]LogInit: Physics initialised using underlying interface: PhysX
[2021.05.19-04.11.32:795][  0]LogInit: Using OS detected language (ko-KR).
[2021.05.19-04.11.32:795][  0]LogInit: Using OS detected locale (ko-KR).
[2021.05.19-04.11.32:809][  0]LogTextLocalizationManager: No specific localization for 'ko-KR' exists, so the 'ko' localization will be used.
[2021.05.19-04.11.32:922][  0]LogInit: Setting process to per monitor DPI aware
[2021.05.19-04.11.32:990][  0]LogSlate: New Slate User Created.  User Index 0, Is Virtual User: 0
[2021.05.19-04.11.32:990][  0]LogSlate: Slate User Registered.  User Index 0, Is Virtual User: 0
[2021.05.19-04.11.33:295][  0]LogHMD: Failed to initialize OpenVR with code 110
[2021.05.19-04.11.33:295][  0]LogD3D11RHI: D3D11 min allowed feature level: 11_0
[2021.05.19-04.11.33:295][  0]LogD3D11RHI: D3D11 max allowed feature level: 11_0
[2021.05.19-04.11.33:295][  0]LogD3D11RHI: D3D11 adapters:
[2021.05.19-04.11.33:412][  0]LogD3D11RHI:    0. 'NVIDIA GeForce GTX 1060 6GB' (Feature Level 11_0)
[2021.05.19-04.11.33:412][  0]LogD3D11RHI:       6052/0/8155 MB DedicatedVideo/DedicatedSystem/SharedSystem, Outputs:1, VendorId:0x10de
[2021.05.19-04.11.33:415][  0]LogD3D11RHI:    1. 'Microsoft Basic Render Driver' (Feature Level 11_0)
[2021.05.19-04.11.33:415][  0]LogD3D11RHI:       0/0/8155 MB DedicatedVideo/DedicatedSystem/SharedSystem, Outputs:0, VendorId:0x1414
[2021.05.19-04.11.33:415][  0]LogD3D11RHI: Chosen D3D11 Adapter: 0
[2021.05.19-04.11.33:425][  0]LogD3D11RHI: Creating new Direct3DDevice
[2021.05.19-04.11.33:425][  0]LogD3D11RHI:     GPU DeviceId: 0x1c03 (for the marketing name, search the web for "GPU Device Id")
[2021.05.19-04.11.33:425][  0]LogWindows: EnumDisplayDevices:
[2021.05.19-04.11.33:425][  0]LogWindows:    0. 'NVIDIA GeForce GTX 1060 6GB' (P:1 D:1)
[2021.05.19-04.11.33:426][  0]LogWindows:    1. 'NVIDIA GeForce GTX 1060 6GB' (P:0 D:0)
[2021.05.19-04.11.33:427][  0]LogWindows:    2. 'NVIDIA GeForce GTX 1060 6GB' (P:0 D:0)
[2021.05.19-04.11.33:428][  0]LogWindows:    3. 'NVIDIA GeForce GTX 1060 6GB' (P:0 D:0)
[2021.05.19-04.11.33:429][  0]LogWindows: DebugString: FoundDriverCount:4 
[2021.05.19-04.11.33:429][  0]LogD3D11RHI:     Adapter Name: NVIDIA GeForce GTX 1060 6GB
[2021.05.19-04.11.33:429][  0]LogD3D11RHI:   Driver Version: 456.71 (internal:27.21.14.5671, unified:456.71)
[2021.05.19-04.11.33:429][  0]LogD3D11RHI:      Driver Date: 9-30-2020
[2021.05.19-04.11.33:429][  0]LogRHI: Texture pool is 4236 MB (70% of 6052 MB)
[2021.05.19-04.11.33:500][  0]LogD3D11RHI: RHI has support for 64 bit atomics
[2021.05.19-04.11.33:500][  0]LogD3D11RHI: Async texture creation enabled
[2021.05.19-04.11.33:500][  0]LogD3D11RHI: Array index from any shader is supported
[2021.05.19-04.11.33:520][  0]LogD3D11RHI: GPU Timing Frequency: 1000.000000 (Debug: 2 1)
[2021.05.19-04.11.34:039][  0]LogTargetPlatformManager: Display: Loaded TargetPlatform 'AllDesktop'
[2021.05.19-04.11.34:068][  0]LogTargetPlatformManager: Display: Loaded TargetPlatform 'Android'
[2021.05.19-04.11.34:068][  0]LogTargetPlatformManager: Display: Loaded TargetPlatform 'Android_ASTC'
[2021.05.19-04.11.34:068][  0]LogTargetPlatformManager: Display: Loaded TargetPlatform 'Android_DXT'
[2021.05.19-04.11.34:068][  0]LogTargetPlatformManager: Display: Loaded TargetPlatform 'Android_ETC2'
[2021.05.19-04.11.34:068][  0]LogTargetPlatformManager: Display: Loaded TargetPlatform 'AndroidClient'
[2021.05.19-04.11.34:068][  0]LogTargetPlatformManager: Display: Loaded TargetPlatform 'Android_ASTCClient'
[2021.05.19-04.11.34:068][  0]LogTargetPlatformManager: Display: Loaded TargetPlatform 'Android_DXTClient'
[2021.05.19-04.11.34:068][  0]LogTargetPlatformManager: Display: Loaded TargetPlatform 'Android_ETC2Client'
[2021.05.19-04.11.34:068][  0]LogTargetPlatformManager: Display: Loaded TargetPlatform 'Android_Multi'
[2021.05.19-04.11.34:068][  0]LogTargetPlatformManager: Display: Loaded TargetPlatform 'Android_MultiClient'
[2021.05.19-04.11.34:110][  0]LogTargetPlatformManager: Display: Loaded TargetPlatform 'IOSClient'
[2021.05.19-04.11.34:110][  0]LogTargetPlatformManager: Display: Loaded TargetPlatform 'IOS'
[2021.05.19-04.11.34:131][  0]LogTargetPlatformManager: Display: Loaded TargetPlatform 'Linux'
[2021.05.19-04.11.34:147][  0]LogTargetPlatformManager: Display: Loaded TargetPlatform 'LinuxNoEditor'
[2021.05.19-04.11.34:164][  0]LogTargetPlatformManager: Display: Loaded TargetPlatform 'LinuxClient'
[2021.05.19-04.11.34:181][  0]LogTargetPlatformManager: Display: Loaded TargetPlatform 'LinuxServer'
[2021.05.19-04.11.34:198][  0]LogTargetPlatformManager: Display: Loaded TargetPlatform 'LinuxAArch64NoEditor'
[2021.05.19-04.11.34:213][  0]LogTargetPlatformManager: Display: Loaded TargetPlatform 'LinuxAArch64Client'
[2021.05.19-04.11.34:229][  0]LogTargetPlatformManager: Display: Loaded TargetPlatform 'LinuxAArch64Server'
[2021.05.19-04.11.34:272][  0]LogTargetPlatformManager: Display: Loaded TargetPlatform 'Lumin'
[2021.05.19-04.11.34:272][  0]LogTargetPlatformManager: Display: Loaded TargetPlatform 'LuminClient'
[2021.05.19-04.11.34:299][  0]LogTargetPlatformManager: Display: Loaded TargetPlatform 'TVOSClient'
[2021.05.19-04.11.34:299][  0]LogTargetPlatformManager: Display: Loaded TargetPlatform 'TVOS'
[2021.05.19-04.11.34:322][  0]LogTargetPlatformManager: Display: Loaded TargetPlatform 'WindowsNoEditor'
[2021.05.19-04.11.34:339][  0]LogTargetPlatformManager: Display: Loaded TargetPlatform 'Windows'
[2021.05.19-04.11.34:355][  0]LogTargetPlatformManager: Display: Loaded TargetPlatform 'WindowsClient'
[2021.05.19-04.11.34:371][  0]LogTargetPlatformManager: Display: Loaded TargetPlatform 'WindowsServer'
[2021.05.19-04.11.34:371][  0]LogTargetPlatformManager: Display: Building Assets For Windows
[2021.05.19-04.11.34:387][  0]LogAudioDebug: Display: Lib vorbis DLL was dynamically loaded.
[2021.05.19-04.11.34:528][  0]LogShaderCompilers: Guid format shader working directory is -7 characters bigger than the processId version (../../../../../../Wire-Hunter/work/choi/WireHunter/Intermediate/Shaders/WorkingDirectory/21528/).
[2021.05.19-04.11.34:528][  0]LogShaderCompilers: Cleaned the shader compiler working directory 'C:/Users/최태호/AppData/Local/Temp/UnrealShaderWorkingDir/FE4822A546093ADB28E2BEBC74E8F757/'.
[2021.05.19-04.11.34:529][  0]LogXGEController: Cleaning working directory: C:/Users/최태호/AppData/Local/Temp/UnrealXGEWorkingDir/
[2021.05.19-04.11.34:529][  0]LogXGEController: Cannot use XGE Controller as Incredibuild is not installed on this machine.
[2021.05.19-04.11.34:529][  0]LogShaderCompilers: Cannot use XGE Shader Compiler as Incredibuild is not installed on this machine.
[2021.05.19-04.11.34:529][  0]LogShaderCompilers: Display: Using Local Shader Compiler.
[2021.05.19-04.11.35:374][  0]LogDerivedDataCache: Display: Max Cache Size: 512 MB
[2021.05.19-04.11.35:419][  0]LogDerivedDataCache: Loaded boot cache 0.05s 75MB C:/Users/최태호/AppData/Local/UnrealEngine/4.25/DerivedDataCache/Boot.ddc.
[2021.05.19-04.11.35:420][  0]LogDerivedDataCache: Display: Loaded Boot cache: C:/Users/최태호/AppData/Local/UnrealEngine/4.25/DerivedDataCache/Boot.ddc
[2021.05.19-04.11.35:420][  0]LogDerivedDataCache: FDerivedDataBackendGraph:  Pak pak cache file ../../../../../../Wire-Hunter/work/choi/WireHunter/DerivedDataCache/DDC.ddp not found, will not use a pak cache.
[2021.05.19-04.11.35:420][  0]LogDerivedDataCache: Unable to find inner node Pak for hierarchical cache Hierarchy.
[2021.05.19-04.11.35:420][  0]LogDerivedDataCache: FDerivedDataBackendGraph:  CompressedPak pak cache file ../../../../../../Wire-Hunter/work/choi/WireHunter/DerivedDataCache/Compressed.ddp not found, will not use a pak cache.
[2021.05.19-04.11.35:420][  0]LogDerivedDataCache: Unable to find inner node CompressedPak for hierarchical cache Hierarchy.
[2021.05.19-04.11.35:431][  0]LogDerivedDataCache: Display: Pak cache opened for reading ../../../Engine/DerivedDataCache/Compressed.ddp.
[2021.05.19-04.11.35:431][  0]LogDerivedDataCache: FDerivedDataBackendGraph:  EnterprisePak pak cache file ../../../Enterprise/DerivedDataCache/Compressed.ddp not found, will not use a pak cache.
[2021.05.19-04.11.35:431][  0]LogDerivedDataCache: Unable to find inner node EnterprisePak for hierarchical cache Hierarchy.
[2021.05.19-04.11.35:433][  0]LogDerivedDataCache: Using Local data cache path C:/Users/최태호/AppData/Local/UnrealEngine/Common/DerivedDataCache: Writable
[2021.05.19-04.11.35:433][  0]LogDerivedDataCache: Shared data cache path not found in *engine.ini, will not use an Shared cache.
[2021.05.19-04.11.35:433][  0]LogDerivedDataCache: Unable to find inner node Shared for hierarchical cache Hierarchy.
[2021.05.19-04.11.35:484][  0]LogSlate: Using FreeType 2.10.0
[2021.05.19-04.11.35:485][  0]LogSlate: SlateFontServices - WITH_FREETYPE: 1, WITH_HARFBUZZ: 1
[2021.05.19-04.11.35:514][  0]LogAssetRegistry: FAssetRegistry took 0.0031 seconds to start up
[2021.05.19-04.11.35:765][  0]LogInit: Selected Device Profile: [Windows]
[2021.05.19-04.11.35:924][  0]LogMeshReduction: Using QuadricMeshReduction for automatic static mesh reduction
[2021.05.19-04.11.35:924][  0]LogMeshReduction: Using SimplygonMeshReduction for automatic skeletal mesh reduction
[2021.05.19-04.11.35:924][  0]LogMeshReduction: Using ProxyLODMeshReduction for automatic mesh merging
[2021.05.19-04.11.35:924][  0]LogMeshReduction: No distributed automatic mesh merging module available
[2021.05.19-04.11.35:924][  0]LogMeshMerging: No distributed automatic mesh merging module available
[2021.05.19-04.11.35:947][  0]LogNetVersion: WireHunter 1.0.0, NetCL: 13144385, EngineNetVer: 14, GameNetVer: 0 (Checksum: 1660872711)
[2021.05.19-04.11.36:409][  0]LogAISub: UAISubsystem::UAISubsystem AISubsystem (000002A03C911540), frame # 0
[2021.05.19-04.11.36:409][  0]LogAISub: UAISubsystem::UAISubsystem AIPerceptionSystem (000002A03C8987C0), frame # 0
[2021.05.19-04.11.36:410][  0]LogAISub: UAISubsystem::UAISubsystem EnvQueryManager (000002A03C8B5E00), frame # 0
[2021.05.19-04.11.36:480][  0]LogPackageLocalizationCache: Processed 20 localized package path(s) for 1 prioritized culture(s) in 0.063944 seconds
[2021.05.19-04.11.36:486][  0]LogUObjectArray: 15917 objects as part of root set at end of initial load.
[2021.05.19-04.11.36:486][  0]LogUObjectAllocator: 3965568 out of 0 bytes used by permanent object pool.
[2021.05.19-04.11.36:486][  0]LogUObjectArray: CloseDisregardForGC: 0/0 objects in disregard for GC pool
[2021.05.19-04.11.37:113][  0]LogTcpMessaging: Initializing TcpMessaging bridge
[2021.05.19-04.11.37:121][  0]LogUdpMessaging: Initializing bridge on interface 0.0.0.0:0 to multicast group 230.0.0.1:6666.
[2021.05.19-04.11.37:263][  0]SourceControl: 소스 컨트롤이 꺼졌습니다.
[2021.05.19-04.11.37:263][  0]SourceControl: 소스 컨트롤이 꺼졌습니다.
[2021.05.19-04.11.37:269][  0]SourceControl: 소스 컨트롤이 꺼졌습니다.
[2021.05.19-04.11.37:275][  0]SourceControl: 소스 컨트롤이 꺼졌습니다.
[2021.05.19-04.11.37:293][  0]SourceControl: 소스 컨트롤이 꺼졌습니다.
[2021.05.19-04.11.37:785][  0]LogAndroidPermission: UAndroidPermissionCallbackProxy::GetInstance
[2021.05.19-04.11.37:827][  0]LogAudioCaptureCore: Display: No Audio Capture implementations found. Audio input will be silent.
[2021.05.19-04.11.37:827][  0]LogAudioCaptureCore: Display: No Audio Capture implementations found. Audio input will be silent.
[2021.05.19-04.11.37:909][  0]LogOcInput: OculusInput pre-init called
[2021.05.19-04.11.37:932][  0]LogWindows: Failed to load 'OVRPlugin.dll' (GetLastError=126)
[2021.05.19-04.11.37:932][  0]LogWindows: File 'OVRPlugin.dll' does not exist
[2021.05.19-04.11.38:022][  0]LogEngine: Initializing Engine...
[2021.05.19-04.11.38:024][  0]LogHMD: Failed to initialize OpenVR with code 110
[2021.05.19-04.11.38:024][  0]LogMagicLeap: Warning: VR disabled because ZI is not enabled.  To enable, in the editor, Edit -> Project Settings -> Plugins -> Magic Leap Plugin -> Enable Zero Iteration
[2021.05.19-04.11.38:025][  0]LogStats: UGameplayTagsManager::InitializeManager -  0.000 s
[2021.05.19-04.11.38:144][  0]LogLinker: Warning: '{FileName}': 파일을 찾을 수 없습니다. 로드에 실패했습니다.
[2021.05.19-04.11.38:144][  0]LogLinker: Warning: '{FileName}': 파일을 찾을 수 없습니다. 로드에 실패했습니다.
[2021.05.19-04.11.38:144][  0]LogUObjectGlobals: Warning: 'Object /Game/ThirdPersonCPP/GraphicResources/Cursor/UI_Cursor.UI_Cursor_C' 오브젝트를 찾는 데 실패했습니다.
[2021.05.19-04.11.38:144][  0]LogLoad: Warning: UUserInterfaceSettings::ForceLoadResources: Failed to load cursor resource 0.
[2021.05.19-04.11.38:144][  0]LogInit: Initializing FReadOnlyCVARCache
[2021.05.19-04.11.38:157][  0]LogAIModule: Creating AISystem for world Untitled
[2021.05.19-04.11.38:158][  0]LogAISub: UAISubsystem::UAISubsystem EnvQueryManager (000002A04404C600), frame # 0
[2021.05.19-04.11.38:158][  0]LogAISub: UAISubsystem::UAISubsystem AIPerceptionSystem (000002A04406D800), frame # 0
[2021.05.19-04.11.38:166][  0]LogAudioMixer: Display: Audio Mixer Platform Settings:
[2021.05.19-04.11.38:166][  0]LogAudioMixer: Display: 	Sample Rate:						  48000
[2021.05.19-04.11.38:166][  0]LogAudioMixer: Display: 	Callback Buffer Frame Size Requested: 1024
[2021.05.19-04.11.38:166][  0]LogAudioMixer: Display: 	Callback Buffer Frame Size To Use:	  1024
[2021.05.19-04.11.38:166][  0]LogAudioMixer: Display: 	Number of buffers to queue:			  2
[2021.05.19-04.11.38:166][  0]LogAudioMixer: Display: 	Max Channels (voices):				  32
[2021.05.19-04.11.38:166][  0]LogAudioMixer: Display: 	Number of Async Source Workers:		  0
[2021.05.19-04.11.38:166][  0]LogAudio: Display: AudioDevice MaxSources: 32
[2021.05.19-04.11.38:166][  0]LogAudio: Display: Using built-in audio occlusion.
[2021.05.19-04.11.38:166][  0]LogAudioMixer: Display: Initializing audio mixer.
[2021.05.19-04.11.38:209][  0]LogAudioMixer: Display: 0: FrontLeft
[2021.05.19-04.11.38:209][  0]LogAudioMixer: Display: 1: FrontRight
[2021.05.19-04.11.38:450][  0]LogAudioMixer: Display: Using Audio Device Realtek Digital Output(Realtek High Definition Audio)
[2021.05.19-04.11.38:452][  0]LogAudioMixer: Display: Initializing Sound Submixes...
[2021.05.19-04.11.38:455][  0]LogAudioMixer: Display: Creating Master Submix 'MasterSubmixDefault'
[2021.05.19-04.11.38:455][  0]LogAudioMixer: Display: Creating Master Submix 'MasterReverbSubmixDefault'
[2021.05.19-04.11.38:456][  0]LogAudioMixer: Display: Creating Master Submix 'MasterEQSubmixDefault'
[2021.05.19-04.11.38:457][  0]LogInit: FAudioDevice initialized.
[2021.05.19-04.11.38:457][  0]LogNetVersion: Set ProjectVersion to 1.0.0.0. Version Checksum will be recalculated on next use.
[2021.05.19-04.11.38:550][  0]LogDerivedDataCache: Saved boot cache 0.09s 75MB C:/Users/최태호/AppData/Local/UnrealEngine/4.25/DerivedDataCache/Boot.ddc.
[2021.05.19-04.11.38:551][  0]LogInit: Texture streaming: Enabled
[2021.05.19-04.11.38:591][  0]LogEngineSessionManager: EngineSessionManager initialized
[2021.05.19-04.11.38:591][  0]LogEngineSessionManager: EngineSessionManager sent abnormal shutdown report. Type=Crashed, SessionId={F3557651-4DFB-07A5-843A-ABBE4CF613DA}
[2021.05.19-04.11.38:591][  0]LogEditorSessionSummary: Verbose: Initializing EditorSessionSummaryWriter for editor session tracking
[2021.05.19-04.11.38:597][  0]LogEditorSessionSummary: EditorSessionSummaryWriter initialized
[2021.05.19-04.11.38:658][  0]LogInit: Transaction tracking system initialized
[2021.05.19-04.11.38:702][  0]BlueprintLog: New page: 에디터 로드
[2021.05.19-04.11.38:840][  0]LocalizationService: 현지화 서비스가 비활성화되었습니다.
[2021.05.19-04.11.39:095][  0]LogCook: Display: Max memory allowance for cook 16384mb min free memory 0mb
[2021.05.19-04.11.39:095][  0]LogCook: Display: Mobile HDR setting 1
[2021.05.19-04.11.39:141][  0]LogFileCache: Scanning file cache for directory 'C:/Wire-Hunter/work/choi/WireHunter/Content/' took 0.01s
[2021.05.19-04.11.39:141][  0]LogOutputDevice: Warning: 

Script Stack (0 frames):

[2021.05.19-04.11.41:957][  0]LogStats: FPlatformStackWalk::StackWalkAndDump -  2.817 s
[2021.05.19-04.11.41:958][  0]LogOutputDevice: Error: === Handled ensure: ===
[2021.05.19-04.11.41:958][  0]LogOutputDevice: Error: 
[2021.05.19-04.11.41:958][  0]LogOutputDevice: Error: Ensure condition failed: AttachmentRules.LocationRule == EAttachmentRule::KeepRelative && AttachmentRules.RotationRule == EAttachmentRule::KeepRelative && AttachmentRules.ScaleRule == EAttachmentRule::KeepRelative [File:D:/Build/++UE4/Sync/Engine/Source/Runtime/Engine/Private/Components/SceneComponent.cpp] [Line: 1812]
[2021.05.19-04.11.41:958][  0]LogOutputDevice: Error: AttachToComponent when called from a constructor is only setting up attachment and will always be treated as KeepRelative. Consider calling SetupAttachment directly instead.
[2021.05.19-04.11.41:958][  0]LogOutputDevice: Error: Stack: 
[2021.05.19-04.11.41:958][  0]LogOutputDevice: Error: [Callstack] 0x00007ffdc02cc119 UE4Editor-Engine.dll!DispatchCheckVerify<bool,<lambda_7a00921a8ebf9f041bed3055592f02a5> >() [D:\Build\++UE4\Sync\Engine\Source\Runtime\Core\Public\Misc\AssertionMacros.h:161]
[2021.05.19-04.11.41:958][  0]LogOutputDevice: Error: [Callstack] 0x00007ffdbee7d3c3 UE4Editor-Engine.dll!USceneComponent::AttachToComponent() [D:\Build\++UE4\Sync\Engine\Source\Runtime\Engine\Private\Components\SceneComponent.cpp:1812]
[2021.05.19-04.11.41:958][  0]LogOutputDevice: Error: [Callstack] 0x00007ffd96ec1ea8 UE4Editor-WireHunter-0001.dll!AFireball::AFireball() [C:\Wire-Hunter\work\choi\WireHunter\Source\WireHunter\Fireball.cpp:24]
[2021.05.19-04.11.41:958][  0]LogOutputDevice: Error: [Callstack] 0x00007ffdd87ec273 UE4Editor-CoreUObject.dll!UClass::CreateDefaultObject() [D:\Build\++UE4\Sync\Engine\Source\Runtime\CoreUObject\Private\UObject\Class.cpp:3672]
[2021.05.19-04.11.41:958][  0]LogOutputDevice: Error: [Callstack] 0x00007ffdd8a98451 UE4Editor-CoreUObject.dll!UObjectLoadAllCompiledInDefaultProperties() [D:\Build\++UE4\Sync\Engine\Source\Runtime\CoreUObject\Private\UObject\UObjectBase.cpp:861]
[2021.05.19-04.11.41:958][  0]LogOutputDevice: Error: [Callstack] 0x00007ffdd8a75bbf UE4Editor-CoreUObject.dll!ProcessNewlyLoadedUObjects() [D:\Build\++UE4\Sync\Engine\Source\Runtime\CoreUObject\Private\UObject\UObjectBase.cpp:950]
[2021.05.19-04.11.41:958][  0]LogOutputDevice: Error: [Callstack] 0x00007ffdd8994465 UE4Editor-CoreUObject.dll!TBaseStaticDelegateInstance<void __cdecl(FName,bool)>::ExecuteIfSafe() [D:\Build\++UE4\Sync\Engine\Source\Runtime\Core\Public\Delegates\DelegateInstancesImpl.h:859]
[2021.05.19-04.11.41:958][  0]LogOutputDevice: Error: [Callstack] 0x00007ffdd90a986a UE4Editor-Core.dll!TBaseMulticastDelegate<void,FName,bool>::Broadcast() [D:\Build\++UE4\Sync\Engine\Source\Runtime\Core\Public\Delegates\DelegateSignatureImpl.inl:1013]
[2021.05.19-04.11.41:958][  0]LogOutputDevice: Error: [Callstack] 0x00007ffdd90c99f0 UE4Editor-Core.dll!FModuleManager::LoadModuleWithFailureReason() [D:\Build\++UE4\Sync\Engine\Source\Runtime\Core\Private\Modules\ModuleManager.cpp:500]
[2021.05.19-04.11.41:958][  0]LogOutputDevice: Error: [Callstack] 0x00007ffdf868b433 UE4Editor-Projects.dll!FModuleDescriptor::LoadModulesForPhase() [D:\Build\++UE4\Sync\Engine\Source\Runtime\Projects\Private\ModuleDescriptor.cpp:561]
[2021.05.19-04.11.41:958][  0]LogOutputDevice: Error: [Callstack] 0x00007ffdf868b70d UE4Editor-Projects.dll!FProjectManager::LoadModulesForProject() [D:\Build\++UE4\Sync\Engine\Source\Runtime\Projects\Private\ProjectManager.cpp:63]
[2021.05.19-04.11.41:958][  0]LogOutputDevice: Error: [Callstack] 0x00007ff758292db4 UE4Editor.exe!FEngineLoop::Init() [D:\Build\++UE4\Sync\Engine\Source\Runtime\Launch\Private\LaunchEngineLoop.cpp:4022]
[2021.05.19-04.11.41:958][  0]LogOutputDevice: Error: [Callstack] 0x00007ffdbd275cb0 UE4Editor-UnrealEd.dll!EditorInit() [D:\Build\++UE4\Sync\Engine\Source\Editor\UnrealEd\Private\UnrealEdGlobals.cpp:93]
[2021.05.19-04.11.41:958][  0]LogOutputDevice: Error: [Callstack] 0x00007ff7582ab8fb UE4Editor.exe!GuardedMain() [D:\Build\++UE4\Sync\Engine\Source\Runtime\Launch\Private\Launch.cpp:149]
[2021.05.19-04.11.41:958][  0]LogOutputDevice: Error: [Callstack] 0x00007ff7582abb5a UE4Editor.exe!GuardedMainWrapper() [D:\Build\++UE4\Sync\Engine\Source\Runtime\Launch\Private\Windows\LaunchWindows.cpp:137]
[2021.05.19-04.11.41:958][  0]LogOutputDevice: Error: [Callstack] 0x00007ff7582be31d UE4Editor.exe!WinMain() [D:\Build\++UE4\Sync\Engine\Source\Runtime\Launch\Private\Windows\LaunchWindows.cpp:268]
[2021.05.19-04.11.41:958][  0]LogOutputDevice: Error: [Callstack] 0x00007ff7582c145a UE4Editor.exe!__scrt_common_main_seh() [d:\agent\_work\5\s\src\vctools\crt\vcstartup\src\startup\exe_common.inl:288]
[2021.05.19-04.11.41:958][  0]LogOutputDevice: Error: [Callstack] 0x00007ffe267e7034 KERNEL32.DLL!UnknownFunction []
[2021.05.19-04.11.41:958][  0]LogOutputDevice: Error: [Callstack] 0x00007ffe28002651 ntdll.dll!UnknownFunction []
[2021.05.19-04.11.41:958][  0]LogOutputDevice: Error: 
[2021.05.19-04.11.41:959][  0]LogStats:                SubmitErrorReport -  0.000 s
[2021.05.19-04.11.44:357][  0]LogStats:                    SendNewReport -  2.398 s
[2021.05.19-04.11.44:357][  0]LogStats:             FDebug::EnsureFailed -  5.216 s
[2021.05.19-04.11.44:932][  0]SourceControl: 소스 컨트롤이 꺼졌습니다.
[2021.05.19-04.11.44:932][  0]LogUnrealEdMisc: Loading editor; pre map load, took 15.593
[2021.05.19-04.11.44:932][  0]Cmd: MAP LOAD FILE="../../../../../../Wire-Hunter/work/choi/WireHunter/Content/ThirdPersonCPP/Maps/GameLevel.umap" TEMPLATE=0 SHOWPROGRESS=1 FEATURELEVEL=3
[2021.05.19-04.11.44:933][  0]LightingResults: New page: 라이팅 빌드
[2021.05.19-04.11.44:935][  0]LogWorld: UWorld::CleanupWorld for Untitled, bSessionEnded=true, bCleanupResources=true
[2021.05.19-04.11.44:935][  0]LogSlate: InvalidateAllWidgets triggered.  All widgets were invalidated
[2021.05.19-04.11.44:935][  0]MapCheck: New page: 맵 체크
[2021.05.19-04.11.44:935][  0]LightingResults: New page: 라이팅 빌드
[2021.05.19-04.11.44:946][  0]LogAISub: UAISubsystem::~UAISubsystem EnvQueryManager (000002A04404C600), frame # 0
[2021.05.19-04.11.44:947][  0]LogAISub: UAISubsystem::~UAISubsystem AIPerceptionSystem (000002A04406D800), frame # 0
[2021.05.19-04.11.44:947][  0]LogUObjectHash: Compacting FUObjectHashTables data took   0.70ms
[2021.05.19-04.11.45:304][  0]LogAIModule: Creating AISystem for world GameLevel
[2021.05.19-04.11.45:304][  0]LogAISub: UAISubsystem::UAISubsystem EnvQueryManager (000002A0D794FE00), frame # 0
[2021.05.19-04.11.45:304][  0]LogAISub: UAISubsystem::UAISubsystem AIPerceptionSystem (000002A0D7992C00), frame # 0
[2021.05.19-04.11.45:309][  0]LogScript: Warning: CharacterRef 프로퍼티를 읽으려던 중 None 에 접근했습니다.
	ThirdPerson_AnimBP_C /Game/ThirdPersonCPP/Maps/GameLevel.GameLevel:PersistentLevel.BP_WHCharacter.CharacterMesh0.ThirdPerson_AnimBP_C_0
	Function /Game/ThirdPersonCPP/GraphicResources/Character/Animations/ThirdPerson_AnimBP.ThirdPerson_AnimBP_C:ExecuteUbergraph_ThirdPerson_AnimBP:0087
[2021.05.19-04.11.45:313][  0]LogEditorServer: Finished looking for orphan Actors (0.000 secs)
[2021.05.19-04.11.45:328][  0]LogUObjectHash: Compacting FUObjectHashTables data took   0.85ms
[2021.05.19-04.11.45:329][  0]Cmd: MAP CHECKDEP NOCLEARLOG
[2021.05.19-04.11.45:329][  0]MapCheck: 맵 체크 완료: 오류 0 회, 경고 0 회, 소요 시간 0.342ms.
[2021.05.19-04.11.45:330][  0]LogFileHelpers: Loading map 'GameLevel' took 0.397
[2021.05.19-04.11.45:337][  0]LogUnrealEdMisc: Total Editor Startup Time, took 15.998
[2021.05.19-04.11.45:478][  0]LogSlate: Updating window title bar state: overlay mode, drag disabled, window buttons hidden, title bar hidden
[2021.05.19-04.11.45:485][  0]LogSlate: Updating window title bar state: overlay mode, drag disabled, window buttons hidden, title bar hidden
[2021.05.19-04.11.45:492][  0]LogSlate: Updating window title bar state: overlay mode, drag disabled, window buttons hidden, title bar hidden
[2021.05.19-04.11.45:499][  0]LogSlate: Updating window title bar state: overlay mode, drag disabled, window buttons hidden, title bar hidden
[2021.05.19-04.11.45:515][  0]LogCollectionManager: Loaded 0 collections in 0.003382 seconds
[2021.05.19-04.11.45:532][  0]LogFileCache: Scanning file cache for directory 'C:/Wire-Hunter/work/choi/WireHunter/Saved/Collections/' took 0.00s
[2021.05.19-04.11.45:532][  0]LogFileCache: Scanning file cache for directory 'C:/Wire-Hunter/work/choi/WireHunter/Content/Developers/ChoiTaeho/Collections/' took 0.00s
[2021.05.19-04.11.45:532][  0]LogFileCache: Scanning file cache for directory 'C:/Wire-Hunter/work/choi/WireHunter/Content/Collections/' took 0.00s
[2021.05.19-04.11.45:532][  0]LogContentBrowser: Native class hierarchy populated in 0.0120 seconds. Added 3446 classes and 826 folders.
[2021.05.19-04.11.45:536][  0]LogContentBrowser: Native class hierarchy updated for 'WidgetCarousel' in 0.0005 seconds. Added 0 classes and 0 folders.
[2021.05.19-04.11.45:697][  0]LogContentBrowser: Native class hierarchy updated for 'AddContentDialog' in 0.0005 seconds. Added 0 classes and 0 folders.
[2021.05.19-04.11.45:702][  0]LogContentBrowser: Native class hierarchy updated for 'SceneOutliner' in 0.0006 seconds. Added 2 classes and 0 folders.
[2021.05.19-04.11.45:760][  0]LogSlate: Took 0.001449 seconds to synchronously load lazily loaded font '../../../Engine/Content/Slate/Fonts/Roboto-Regular.ttf' (155K)
[2021.05.19-04.11.45:771][  0]LogSlate: Took 0.010513 seconds to synchronously load lazily loaded font '../../../Engine/Content/Editor/Slate/Fonts/NanumGothic.ttf' (4243K)
[2021.05.19-04.11.45:784][  0]LogSlate: Took 0.010732 seconds to synchronously load lazily loaded font '../../../Engine/Content/Editor/Slate/Fonts/NanumGothicBold.ttf' (4188K)
[2021.05.19-04.11.45:785][  0]LogSlate: Took 0.001220 seconds to synchronously load lazily loaded font '../../../Engine/Content/Slate/Fonts/Roboto-Bold.ttf' (160K)
[2021.05.19-04.11.45:788][  0]LogSlate: Took 0.000914 seconds to synchronously load lazily loaded font '../../../Engine/Content/Editor/Slate/Fonts/FontAwesome.ttf' (139K)
[2021.05.19-04.11.45:844][  0]LogRenderer: Reallocating scene render targets to support 1396x392 Format 10 NumSamples 1 (Frame:1).
[2021.05.19-04.11.45:986][  0]LogContentBrowser: Native class hierarchy updated for 'HierarchicalLODOutliner' in 0.0006 seconds. Added 0 classes and 0 folders.
[2021.05.19-04.11.45:986][  0]LogLoad: (Engine Initialization) Total time: 16.65 seconds
[2021.05.19-04.11.45:986][  0]LogLoad: (Engine Initialization) Total Blueprint compile time: 0.00 seconds
[2021.05.19-04.11.46:039][  0]LogAssetRegistry: Asset discovery search completed in 10.5266 seconds
[2021.05.19-04.11.46:042][  0]LogCollectionManager: Fixed up redirectors for 0 collections in 0.000002 seconds (updated 0 objects)
[2021.05.19-04.11.46:045][  0]LogContentStreaming: Texture pool size now 1000 MB
[2021.05.19-04.11.46:085][  0]LogSlate: Took 0.000885 seconds to synchronously load lazily loaded font '../../../Engine/Content/Slate/Fonts/Roboto-Light.ttf' (167K)
[2021.05.19-04.11.48:430][132]LogRenderer: Reallocating scene render targets to support 1396x404 Format 10 NumSamples 1 (Frame:126).
[2021.05.19-04.11.48:466][133]LogRenderer: Reallocating scene render targets to support 1396x424 Format 10 NumSamples 1 (Frame:128).
[2021.05.19-04.11.48:502][134]LogRenderer: Reallocating scene render targets to support 1396x492 Format 10 NumSamples 1 (Frame:130).
[2021.05.19-04.11.48:539][135]LogRenderer: Reallocating scene render targets to support 1396x572 Format 10 NumSamples 1 (Frame:132).
[2021.05.19-04.11.48:581][136]LogRenderer: Reallocating scene render targets to support 1396x620 Format 10 NumSamples 1 (Frame:134).
[2021.05.19-04.11.48:619][137]LogRenderer: Reallocating scene render targets to support 1396x648 Format 10 NumSamples 1 (Frame:136).
[2021.05.19-04.11.48:656][138]LogRenderer: Reallocating scene render targets to support 1396x680 Format 10 NumSamples 1 (Frame:138).
[2021.05.19-04.11.48:696][139]LogRenderer: Reallocating scene render targets to support 1396x696 Format 10 NumSamples 1 (Frame:140).
[2021.05.19-04.11.48:733][140]LogRenderer: Reallocating scene render targets to support 1396x704 Format 10 NumSamples 1 (Frame:142).
[2021.05.19-04.11.48:769][141]LogRenderer: Reallocating scene render targets to support 1396x708 Format 10 NumSamples 1 (Frame:144).
[2021.05.19-04.11.48:807][142]LogRenderer: Reallocating scene render targets to support 1396x712 Format 10 NumSamples 1 (Frame:146).
[2021.05.19-04.11.49:364][201]LogTemp: Repeating last play command: 선택된 뷰포트
[2021.05.19-04.11.49:375][201]LogPlayLevel: PlayLevel: No blueprints needed recompiling
[2021.05.19-04.11.49:375][201]PIE: New page: PIE 세션: GameLevel (2021. 5. 19. 오후 10:11:49)
[2021.05.19-04.11.49:376][201]LogOnline: OSS: Creating online subsystem instance for: NULL
[2021.05.19-04.11.49:377][201]LogOnline: OSS: TryLoadSubsystemAndSetDefault: Loaded subsystem for module [NULL]
[2021.05.19-04.11.49:377][201]LogPlayLevel: Creating play world package: /Game/ThirdPersonCPP/Maps/UEDPIE_0_GameLevel
[2021.05.19-04.11.49:396][201]LogPlayLevel: PIE: StaticDuplicateObject took: (0.019000s)
[2021.05.19-04.11.49:397][201]LogAIModule: Creating AISystem for world GameLevel
[2021.05.19-04.11.49:397][201]LogAISub: UAISubsystem::UAISubsystem EnvQueryManager (000002A0FE35BE00), frame # 201
[2021.05.19-04.11.49:397][201]LogAISub: UAISubsystem::UAISubsystem AIPerceptionSystem (000002A0D7941440), frame # 201
[2021.05.19-04.11.49:397][201]LogPlayLevel: PIE: World Init took: (0.001481s)
[2021.05.19-04.11.49:398][201]LogPlayLevel: PIE: Created PIE world by copying editor world from /Game/ThirdPersonCPP/Maps/GameLevel.GameLevel to /Game/ThirdPersonCPP/Maps/UEDPIE_0_GameLevel.GameLevel (0.020668s)
[2021.05.19-04.11.49:411][201]LogUObjectHash: Compacting FUObjectHashTables data took   0.67ms
[2021.05.19-04.11.49:414][201]LogAudioMixer: Display: Audio Mixer Platform Settings:
[2021.05.19-04.11.49:414][201]LogAudioMixer: Display: 	Sample Rate:						  48000
[2021.05.19-04.11.49:414][201]LogAudioMixer: Display: 	Callback Buffer Frame Size Requested: 1024
[2021.05.19-04.11.49:414][201]LogAudioMixer: Display: 	Callback Buffer Frame Size To Use:	  1024
[2021.05.19-04.11.49:414][201]LogAudioMixer: Display: 	Number of buffers to queue:			  2
[2021.05.19-04.11.49:414][201]LogAudioMixer: Display: 	Max Channels (voices):				  32
[2021.05.19-04.11.49:414][201]LogAudioMixer: Display: 	Number of Async Source Workers:		  0
[2021.05.19-04.11.49:414][201]LogAudio: Display: AudioDevice MaxSources: 32
[2021.05.19-04.11.49:415][201]LogAudio: Display: Using built-in audio occlusion.
[2021.05.19-04.11.49:415][201]LogAudioMixer: Display: Initializing audio mixer.
[2021.05.19-04.11.49:437][201]LogAudioMixer: Display: 0: FrontLeft
[2021.05.19-04.11.49:437][201]LogAudioMixer: Display: 1: FrontRight
[2021.05.19-04.11.49:495][201]LogAudioMixer: Display: Using Audio Device Realtek Digital Output(Realtek High Definition Audio)
[2021.05.19-04.11.49:495][201]LogAudioMixer: Display: Initializing Sound Submixes...
[2021.05.19-04.11.49:495][201]LogAudioMixer: Display: Creating Master Submix 'MasterSubmixDefault'
[2021.05.19-04.11.49:495][201]LogAudioMixer: Display: Creating Master Submix 'MasterReverbSubmixDefault'
[2021.05.19-04.11.49:495][201]LogAudioMixer: Display: Creating Master Submix 'MasterEQSubmixDefault'
[2021.05.19-04.11.49:506][201]LogInit: FAudioDevice initialized.
[2021.05.19-04.11.49:507][201]PIE: Warning: UGameViewportClient::AddCursor: 'UI_Cursor_C' 커서 클래스를 로드할 수 없습니다.
[2021.05.19-04.11.49:517][201]LogLoad: Game class is 'WireHunterGameMode'
[2021.05.19-04.11.49:520][201]LogScript: Warning: CharacterRef 프로퍼티를 읽으려던 중 None 에 접근했습니다.
	ThirdPerson_AnimBP_C /Game/ThirdPersonCPP/Maps/UEDPIE_0_GameLevel.GameLevel:PersistentLevel.BP_WHCharacter.CharacterMesh0.ThirdPerson_AnimBP_C_0
	Function /Game/ThirdPersonCPP/GraphicResources/Character/Animations/ThirdPerson_AnimBP.ThirdPerson_AnimBP_C:ExecuteUbergraph_ThirdPerson_AnimBP:0087
[2021.05.19-04.11.49:520][201]PIE: Error: 블루프린트 런타임 오류: "CharacterRef 프로퍼티를 읽으려던 중 None 에 접근했습니다.". 블루프린트: ThirdPerson_AnimBP 함수: Execute Ubergraph Third Person Anim BP 그래프: EventGraph 노드: Climb- 설정
[2021.05.19-04.11.49:521][201]LogWorld: Bringing World /Game/ThirdPersonCPP/Maps/UEDPIE_0_GameLevel.GameLevel up for play (max tick rate 0) at 2021.05.19-13.11.49
[2021.05.19-04.11.49:522][201]LogWorld: Bringing up level for play took: 0.003585
[2021.05.19-04.11.49:522][201]LogOnline: OSS: Creating online subsystem instance for: :Context_1
[2021.05.19-04.11.49:526][201]LogContentBrowser: Native class hierarchy updated for 'MovieSceneCapture' in 0.0006 seconds. Added 20 classes and 0 folders.
[2021.05.19-04.11.49:530][201]LogTemp: Warning: 5 0 1 2
[2021.05.19-04.11.49:530][201]LogTemp: Warning: 1 >> x: 5 / y: 0
[2021.05.19-04.11.49:530][201]LogTemp: Warning: 2 >> x: 4 / y: 1
[2021.05.19-04.11.49:530][201]LogTemp: Warning: 3 >> x: 3 / y: 2
[2021.05.19-04.11.49:531][201]LogTemp: Warning: 4 >> x: 2 / y: 1
[2021.05.19-04.11.49:531][201]LogTemp: Warning: 5 >> x: 1 / y: 2
[2021.05.19-04.11.49:531][201]Cmd: ShowFlag.Bones 2
[2021.05.19-04.11.49:531][201]ShowFlag.Bones = "2"
[2021.05.19-04.11.49:531][201]PIE: 서버가 로그인했습니다.
[2021.05.19-04.11.49:532][201]PIE: 에디터에서 플레이 총 시작 시간 0.16초입니다.
[2021.05.19-04.11.55:361][896]LogTemp: Warning: X=15532.636 Y=27599.514 Z=16474.920
[2021.05.19-04.11.55:361][896]LogTemp: Warning: 2 1 2 1
[2021.05.19-04.11.55:361][896]LogTemp: Warning: 1 >> x: 2 / y: 1
[2021.05.19-04.11.56:862][ 76]LogTemp: Warning: X=19535.787 Y=24374.033 Z=16490.049
[2021.05.19-04.11.56:862][ 76]LogTemp: Warning: 1 2 3 0
[2021.05.19-04.11.56:862][ 76]LogTemp: Warning: 1 >> x: 1 / y: 2
[2021.05.19-04.11.56:862][ 76]LogTemp: Warning: 2 >> x: 2 / y: 1
[2021.05.19-04.11.56:862][ 76]LogTemp: Warning: 3 >> x: 3 / y: 0
[2021.05.19-04.11.59:862][436]LogTemp: Warning: X=16038.180 Y=27960.844 Z=15905.320
[2021.05.19-04.11.59:862][436]LogTemp: Warning: 2 1 3 2
[2021.05.19-04.11.59:862][436]LogTemp: Warning: 1 >> x: 2 / y: 1
[2021.05.19-04.11.59:862][436]LogTemp: Warning: 2 >> x: 3 / y: 2
[2021.05.19-04.12.01:362][616]LogTemp: Warning: X=12419.452 Y=31580.439 Z=15897.693
[2021.05.19-04.12.01:362][616]LogTemp: Warning: 3 0 2 1
[2021.05.19-04.12.01:362][616]LogTemp: Warning: 1 >> x: 3 / y: 0
[2021.05.19-04.12.01:363][616]LogTemp: Warning: 2 >> x: 2 / y: 1
[2021.05.19-04.12.04:495][672]LogWindows: Error: === Critical error: ===
[2021.05.19-04.12.04:495][672]LogWindows: Error: 
[2021.05.19-04.12.04:495][672]LogWindows: Error: Unhandled Exception: EXCEPTION_ACCESS_VIOLATION reading address 0x000005bc
[2021.05.19-04.12.04:495][672]LogWindows: Error: 
[2021.05.19-04.12.04:495][672]LogWindows: Error: [Callstack] 0x00007ffd96ec329d UE4Editor-WireHunter-0001.dll!AHealingPotion::OnPlayerEnterPickupBox() [C:\Wire-Hunter\work\choi\WireHunter\Source\WireHunter\HealingPotion.cpp:27]
[2021.05.19-04.12.04:495][672]LogWindows: Error: [Callstack] 0x00007ffd96ece4db UE4Editor-WireHunter-0001.dll!APickUp::execOnPlayerEnterPickupBox() [C:\Wire-Hunter\work\choi\WireHunter\Intermediate\Build\Win64\UE4Editor\Inc\WireHunter\PickUp.gen.cpp:39]
[2021.05.19-04.12.04:495][672]LogWindows: Error: [Callstack] 0x00007ffdd8800b34 UE4Editor-CoreUObject.dll!UFunction::Invoke() [D:\Build\++UE4\Sync\Engine\Source\Runtime\CoreUObject\Private\UObject\Class.cpp:5542]
[2021.05.19-04.12.04:495][672]LogWindows: Error: [Callstack] 0x00007ffdd8a74753 UE4Editor-CoreUObject.dll!UObject::ProcessEvent() [D:\Build\++UE4\Sync\Engine\Source\Runtime\CoreUObject\Private\UObject\ScriptCore.cpp:1916]
[2021.05.19-04.12.04:495][672]LogWindows: Error: [Callstack] 0x00007ffdbea4afe5 UE4Editor-Engine.dll!AActor::ProcessEvent() [D:\Build\++UE4\Sync\Engine\Source\Runtime\Engine\Private\Actor.cpp:798]
[2021.05.19-04.12.04:495][672]LogWindows: Error: [Callstack] 0x00007ffdbe9f0f0b UE4Editor-Engine.dll!TMulticastScriptDelegate<FWeakObjectPtr>::ProcessMulticastDelegate<UObject>() [D:\Build\++UE4\Sync\Engine\Source\Runtime\Core\Public\UObject\ScriptDelegates.h:488]
[2021.05.19-04.12.04:495][672]LogWindows: Error: [Callstack] 0x00007ffdbee274cb UE4Editor-Engine.dll!UPrimitiveComponent::BeginComponentOverlap() [D:\Build\++UE4\Sync\Engine\Source\Runtime\Engine\Private\Components\PrimitiveComponent.cpp:2670]
[2021.05.19-04.12.04:495][672]LogWindows: Error: [Callstack] 0x00007ffdbee697e3 UE4Editor-Engine.dll!UPrimitiveComponent::UpdateOverlapsImpl() [D:\Build\++UE4\Sync\Engine\Source\Runtime\Engine\Private\Components\PrimitiveComponent.cpp:3246]
[2021.05.19-04.12.04:495][672]LogWindows: Error: [Callstack] 0x00007ffdbee501ba UE4Editor-Engine.dll!UPrimitiveComponent::MoveComponentImpl() [D:\Build\++UE4\Sync\Engine\Source\Runtime\Engine\Private\Components\PrimitiveComponent.cpp:2305]
[2021.05.19-04.12.04:495][672]LogWindows: Error: [Callstack] 0x00007ffdbee97244 UE4Editor-Engine.dll!USceneComponent::MoveComponent() [D:\Build\++UE4\Sync\Engine\Source\Runtime\Engine\Private\Components\SceneComponent.cpp:2869]
[2021.05.19-04.12.04:495][672]LogWindows: Error: [Callstack] 0x00007ffdbea5bbdc UE4Editor-Engine.dll!AActor::SetActorLocationAndRotation() [D:\Build\++UE4\Sync\Engine\Source\Runtime\Engine\Private\Actor.cpp:3651]
[2021.05.19-04.12.04:495][672]LogWindows: Error: [Callstack] 0x00007ffd96eb8f0b UE4Editor-WireHunter-0001.dll!ABoss::Tick() [C:\Wire-Hunter\work\choi\WireHunter\Source\WireHunter\Boss.cpp:348]
[2021.05.19-04.12.04:495][672]LogWindows: Error: [Callstack] 0x00007ffdbea6441a UE4Editor-Engine.dll!AActor::TickActor() [D:\Build\++UE4\Sync\Engine\Source\Runtime\Engine\Private\Actor.cpp:1009]
[2021.05.19-04.12.04:495][672]LogWindows: Error: [Callstack] 0x00007ffdbea29f84 UE4Editor-Engine.dll!FActorTickFunction::ExecuteTick() [D:\Build\++UE4\Sync\Engine\Source\Runtime\Engine\Private\Actor.cpp:171]
[2021.05.19-04.12.04:495][672]LogWindows: Error: [Callstack] 0x00007ffdbfae936f UE4Editor-Engine.dll!FTickFunctionTask::DoTask() [D:\Build\++UE4\Sync\Engine\Source\Runtime\Engine\Private\TickTaskManager.cpp:283]
[2021.05.19-04.12.04:495][672]LogWindows: Error: [Callstack] 0x00007ffdbfaee3c7 UE4Editor-Engine.dll!TGraphTask<FTickFunctionTask>::ExecuteTask() [D:\Build\++UE4\Sync\Engine\Source\Runtime\Core\Public\Async\TaskGraphInterfaces.h:849]
[2021.05.19-04.12.04:495][672]LogWindows: Error: [Callstack] 0x00007ffdd8e187d8 UE4Editor-Core.dll!FNamedTaskThread::ProcessTasksNamedThread() [D:\Build\++UE4\Sync\Engine\Source\Runtime\Core\Private\Async\TaskGraph.cpp:692]
[2021.05.19-04.12.04:495][672]LogWindows: Error: [Callstack] 0x00007ffdd8e18aa3 UE4Editor-Core.dll!FNamedTaskThread::ProcessTasksUntilQuit() [D:\Build\++UE4\Sync\Engine\Source\Runtime\Core\Private\Async\TaskGraph.cpp:587]
[2021.05.19-04.12.04:495][672]LogWindows: Error: [Callstack] 0x00007ffdd8e2f027 UE4Editor-Core.dll!FTaskGraphImplementation::WaitUntilTasksComplete() [D:\Build\++UE4\Sync\Engine\Source\Runtime\Core\Private\Async\TaskGraph.cpp:1478]
[2021.05.19-04.12.04:495][672]LogWindows: Error: [Callstack] 0x00007ffdbfb0a402 UE4Editor-Engine.dll!FTickTaskSequencer::ReleaseTickGroup() [D:\Build\++UE4\Sync\Engine\Source\Runtime\Engine\Private\TickTaskManager.cpp:558]
[2021.05.19-04.12.04:495][672]LogWindows: Error: [Callstack] 0x00007ffdbfb0f6ca UE4Editor-Engine.dll!FTickTaskManager::RunTickGroup() [D:\Build\++UE4\Sync\Engine\Source\Runtime\Engine\Private\TickTaskManager.cpp:1523]
[2021.05.19-04.12.04:495][672]LogWindows: Error: [Callstack] 0x00007ffdbf2cd0bf UE4Editor-Engine.dll!UWorld::RunTickGroup() [D:\Build\++UE4\Sync\Engine\Source\Runtime\Engine\Private\LevelTick.cpp:783]
[2021.05.19-04.12.04:495][672]LogWindows: Error: [Callstack] 0x00007ffdbf2d7957 UE4Editor-Engine.dll!UWorld::Tick() [D:\Build\++UE4\Sync\Engine\Source\Runtime\Engine\Private\LevelTick.cpp:1558]
[2021.05.19-04.12.04:495][672]LogWindows: Error: [Callstack] 0x00007ffdbca0af57 UE4Editor-UnrealEd.dll!UEditorEngine::Tick() [D:\Build\++UE4\Sync\Engine\Source\Editor\UnrealEd\Private\EditorEngine.cpp:1693]
[2021.05.19-04.12.04:495][672]LogWindows: Error: [Callstack] 0x00007ffdbd2e37e6 UE4Editor-UnrealEd.dll!UUnrealEdEngine::Tick() [D:\Build\++UE4\Sync\Engine\Source\Editor\UnrealEd\Private\UnrealEdEngine.cpp:414]
[2021.05.19-04.12.04:495][672]LogWindows: Error: [Callstack] 0x00007ff758297800 UE4Editor.exe!FEngineLoop::Tick() [D:\Build\++UE4\Sync\Engine\Source\Runtime\Launch\Private\LaunchEngineLoop.cpp:4850]
[2021.05.19-04.12.04:495][672]LogWindows: Error: [Callstack] 0x00007ff7582aba7c UE4Editor.exe!GuardedMain() [D:\Build\++UE4\Sync\Engine\Source\Runtime\Launch\Private\Launch.cpp:169]
[2021.05.19-04.12.04:495][672]LogWindows: Error: [Callstack] 0x00007ff7582abb5a UE4Editor.exe!GuardedMainWrapper() [D:\Build\++UE4\Sync\Engine\Source\Runtime\Launch\Private\Windows\LaunchWindows.cpp:137]
[2021.05.19-04.12.04:495][672]LogWindows: Error: [Callstack] 0x00007ff7582be31d UE4Editor.exe!WinMain() [D:\Build\++UE4\Sync\Engine\Source\Runtime\Launch\Private\Windows\LaunchWindows.cpp:268]
[2021.05.19-04.12.04:495][672]LogWindows: Error: [Callstack] 0x00007ff7582c145a UE4Editor.exe!__scrt_common_main_seh() [d:\agent\_work\5\s\src\vctools\crt\vcstartup\src\startup\exe_common.inl:288]
[2021.05.19-04.12.04:495][672]LogWindows: Error: [Callstack] 0x00007ffe267e7034 KERNEL32.DLL!UnknownFunction []
[2021.05.19-04.12.04:495][672]LogWindows: Error: [Callstack] 0x00007ffe28002651 ntdll.dll!UnknownFunction []
[2021.05.19-04.12.04:495][672]LogWindows: Error: 
[2021.05.19-04.12.04:509][672]LogExit: Executing StaticShutdownAfterError
[2021.05.19-04.12.04:511][672]LogWindows: FPlatformMisc::RequestExit(1)
[2021.05.19-04.12.04:511][672]LogCore: Engine exit requested (reason: Win RequestExit)
[2021.05.19-04.12.04:523][672]Log file closed, 05/19/21 13:12:04
