Log file open, 04/21/21 16:26:01
LogInit: Display: Running engine for game: WireHunter
LogPlatformFile: Not using cached read wrapper
LogTaskGraph: Started task graph with 5 named threads and 35 total threads with 3 sets of task threads.
LogStats: Stats thread started at 0.280862
LogD3D11RHI: Loaded GFSDK_Aftermath_Lib.x64.dll
LogICUInternationalization: ICU TimeZone Detection - Raw Offset: +9:00, Platform Override: ''
LogPluginManager: Mounting plugin Paper2D
LogPluginManager: Mounting plugin AISupport
LogPluginManager: Mounting plugin LightPropagationVolume
LogPluginManager: Mounting plugin CameraShakePreviewer
LogPluginManager: Mounting plugin ActorLayerUtilities
LogPluginManager: Mounting plugin AnimationSharing
LogPluginManager: Mounting plugin CLionSourceCodeAccess
LogPluginManager: Mounting plugin CodeLiteSourceCodeAccess
LogPluginManager: Mounting plugin GitSourceControl
LogPluginManager: Mounting plugin KDevelopSourceCodeAccess
LogPluginManager: Mounting plugin NullSourceCodeAccess
LogPluginManager: Mounting plugin PerforceSourceControl
LogPluginManager: Mounting plugin PlasticSourceControl
LogPluginManager: Mounting plugin RiderSourceCodeAccess
LogPluginManager: Mounting plugin SubversionSourceControl
LogPluginManager: Mounting plugin UObjectPlugin
LogPluginManager: Mounting plugin VisualStudioCodeSourceCodeAccess
LogPluginManager: Mounting plugin VisualStudioSourceCodeAccess
LogPluginManager: Mounting plugin XCodeSourceCodeAccess
LogPluginManager: Mounting plugin AssetManagerEditor
LogPluginManager: Mounting plugin CryptoKeys
LogPluginManager: Mounting plugin CurveEditorTools
LogPluginManager: Mounting plugin DataValidation
LogPluginManager: Mounting plugin EditorScriptingUtilities
LogPluginManager: Mounting plugin FacialAnimation
LogPluginManager: Mounting plugin GameplayTagsEditor
LogPluginManager: Mounting plugin GeometryMode
LogPluginManager: Mounting plugin MacGraphicsSwitching
LogPluginManager: Mounting plugin MaterialAnalyzer
LogPluginManager: Mounting plugin MobileLauncherProfileWizard
LogPluginManager: Mounting plugin PluginBrowser
LogPluginManager: Mounting plugin SpeedTreeImporter
LogPluginManager: Mounting plugin DatasmithContent
LogPluginManager: Mounting plugin VariantManagerContent
LogPluginManager: Mounting plugin AlembicImporter
LogPluginManager: Mounting plugin AutomationUtils
LogPluginManager: Mounting plugin BackChannel
LogPluginManager: Mounting plugin ChaosCloth
LogPluginManager: Mounting plugin ChaosClothEditor
LogPluginManager: Mounting plugin ChaosEditor
LogPluginManager: Mounting plugin ChaosNiagara
LogPluginManager: Mounting plugin ChaosSolverPlugin
LogPluginManager: Mounting plugin CharacterAI
LogPluginManager: Mounting plugin GeometryCache
LogPluginManager: Mounting plugin GeometryCollectionPlugin
LogPluginManager: Mounting plugin GeometryProcessing
LogPluginManager: Mounting plugin PlanarCut
LogPluginManager: Mounting plugin PlatformCrypto
LogPluginManager: Mounting plugin ProxyLODPlugin
LogPluginManager: Mounting plugin SkeletalReduction
LogPluginManager: Mounting plugin Niagara
LogPluginManager: Mounting plugin MagicLeap
LogPluginManager: Mounting plugin MagicLeapLightEstimation
LogPluginManager: Mounting plugin MagicLeapMedia
LogPluginManager: Mounting plugin MagicLeapPassableWorld
LogPluginManager: Mounting plugin MLSDK
LogPluginManager: Mounting plugin AndroidMedia
LogPluginManager: Mounting plugin AvfMedia
LogPluginManager: Mounting plugin ImgMedia
LogPluginManager: Mounting plugin MediaCompositing
LogPluginManager: Mounting plugin MediaPlayerEditor
LogPluginManager: Mounting plugin WebMMedia
LogPluginManager: Mounting plugin WmfMedia
LogPluginManager: Mounting plugin MeshPainting
LogPluginManager: Mounting plugin TcpMessaging
LogPluginManager: Mounting plugin UdpMessaging
LogPluginManager: Mounting plugin ActorSequence
LogPluginManager: Mounting plugin LevelSequenceEditor
LogPluginManager: Mounting plugin MatineeToLevelSequence
LogPluginManager: Mounting plugin MovieRenderPipeline
LogPluginManager: Mounting plugin TemplateSequence
LogPluginManager: Mounting plugin NetcodeUnitTest
LogPluginManager: Mounting plugin NUTUnrealEngine4
LogPluginManager: Mounting plugin OnlineSubsystemGooglePlay
LogPluginManager: Mounting plugin OnlineSubsystemIOS
LogPluginManager: Mounting plugin OnlineSubsystem
LogPluginManager: Mounting plugin OnlineSubsystemNull
LogPluginManager: Mounting plugin OnlineSubsystemUtils
LogPluginManager: Mounting plugin LauncherChunkInstaller
LogPluginManager: Mounting plugin AndroidDeviceProfileSelector
LogPluginManager: Mounting plugin AndroidMoviePlayer
LogPluginManager: Mounting plugin AndroidPermission
LogPluginManager: Mounting plugin AppleImageUtils
LogPluginManager: Mounting plugin AppleMoviePlayer
LogPluginManager: Mounting plugin ArchVisCharacter
LogPluginManager: Mounting plugin AssetTags
LogPluginManager: Mounting plugin AudioCapture
LogPluginManager: Mounting plugin CableComponent
LogPluginManager: Mounting plugin CustomMeshComponent
LogPluginManager: Mounting plugin EditableMesh
LogPluginManager: Mounting plugin ExampleDeviceProfileSelector
LogPluginManager: Mounting plugin GoogleCloudMessaging
LogPluginManager: Mounting plugin GooglePAD
LogPluginManager: Mounting plugin IOSDeviceProfileSelector
LogPluginManager: Mounting plugin LinuxDeviceProfileSelector
LogPluginManager: Mounting plugin LocationServicesBPLibrary
LogPluginManager: Mounting plugin MobilePatchingUtils
LogPluginManager: Mounting plugin OculusVR
LogPluginManager: Mounting plugin PhysXVehicles
LogPluginManager: Mounting plugin PostSplashScreen
LogPluginManager: Mounting plugin ProceduralMeshComponent
LogPluginManager: Mounting plugin RuntimePhysXCooking
LogPluginManager: Mounting plugin SignificanceManager
LogPluginManager: Mounting plugin SoundFields
LogPluginManager: Mounting plugin SteamVR
LogPluginManager: Mounting plugin Synthesis
LogPluginManager: Mounting plugin WebMMoviePlayer
LogPluginManager: Mounting plugin WindowsMoviePlayer
LogPluginManager: Mounting plugin ScreenshotTools
LogInit: Using libcurl 7.55.1-DEV
LogInit:  - built for x86_64-pc-win32
LogInit:  - supports SSL with OpenSSL/1.1.1
LogInit:  - supports HTTP deflate (compression) using libz 1.2.8
LogInit:  - other features:
LogInit:      CURL_VERSION_SSL
LogInit:      CURL_VERSION_LIBZ
LogInit:      CURL_VERSION_IPV6
LogInit:      CURL_VERSION_ASYNCHDNS
LogInit:      CURL_VERSION_LARGEFILE
LogInit:      CURL_VERSION_IDN
LogInit:  CurlRequestOptions (configurable via config and command line):
LogInit:  - bVerifyPeer = true  - Libcurl will verify peer certificate
LogInit:  - bUseHttpProxy = false  - Libcurl will NOT use HTTP proxy
LogInit:  - bDontReuseConnections = false  - Libcurl will reuse connections
LogInit:  - MaxHostConnections = 16  - Libcurl will limit the number of connections to a host
LogInit:  - LocalHostAddr = Default
LogInit:  - BufferSize = 65536
LogOnline: OSS: Creating online subsystem instance for: NULL
LogInit: WinSock: version 1.1 (2.2), MaxSocks=32767, MaxUdp=65467
LogOnline: OSS: TryLoadSubsystemAndSetDefault: Loaded subsystem for module [NULL]
LogInit: Build: ++UE4+Release-4.25-CL-14469661
LogInit: Engine Version: 4.25.4-14469661+++UE4+Release-4.25
LogInit: Compatible Engine Version: 4.25.0-13144385+++UE4+Release-4.25
LogInit: Net CL: 13144385
LogInit: OS: Windows 10 (Release 2004) (), CPU: AMD Ryzen 5 2600X Six-Core Processor           , GPU: NVIDIA GeForce GTX 1060 6GB
LogInit: Compiled (64-bit): Oct 11 2020 08:10:49
LogInit: Compiled with Visual C++: 19.24.28315.00
LogInit: Build Configuration: Development
LogInit: Branch Name: ++UE4+Release-4.25
LogInit: Command Line: 
LogInit: Base Directory: C:/Program Files/Epic Games/UE_4.25/Engine/Binaries/Win64/
LogInit: Allocator: TBB
LogInit: Installed Engine Build: 1
LogDevObjectVersion: Number of dev versions registered: 26
LogDevObjectVersion:   Dev-Blueprints (B0D832E4-1F89-4F0D-ACCF-7EB736FD4AA2): 10
LogDevObjectVersion:   Dev-Build (E1C64328-A22C-4D53-A36C-8E866417BD8C): 0
LogDevObjectVersion:   Dev-Core (375EC13C-06E4-48FB-B500-84F0262A717E): 4
LogDevObjectVersion:   Dev-Editor (E4B068ED-F494-42E9-A231-DA0B2E46BB41): 38
LogDevObjectVersion:   Dev-Framework (CFFC743F-43B0-4480-9391-14DF171D2073): 37
LogDevObjectVersion:   Dev-Mobile (B02B49B5-BB20-44E9-A304-32B752E40360): 2
LogDevObjectVersion:   Dev-Networking (A4E4105C-59A1-49B5-A7C5-40C4547EDFEE): 0
LogDevObjectVersion:   Dev-Online (39C831C9-5AE6-47DC-9A44-9C173E1C8E7C): 0
LogDevObjectVersion:   Dev-Physics (78F01B33-EBEA-4F98-B9B4-84EACCB95AA2): 4
LogDevObjectVersion:   Dev-Platform (6631380F-2D4D-43E0-8009-CF276956A95A): 0
LogDevObjectVersion:   Dev-Rendering (12F88B9F-8875-4AFC-A67C-D90C383ABD29): 43
LogDevObjectVersion:   Dev-Sequencer (7B5AE74C-D270-4C10-A958-57980B212A5A): 12
LogDevObjectVersion:   Dev-VR (D7296918-1DD6-4BDD-9DE2-64A83CC13884): 3
LogDevObjectVersion:   Dev-LoadTimes (C2A15278-BFE7-4AFE-6C17-90FF531DF755): 1
LogDevObjectVersion:   Private-Geometry (6EACA3D4-40EC-4CC1-B786-8BED09428FC5): 3
LogDevObjectVersion:   Dev-AnimPhys (29E575DD-E0A3-4627-9D10-D276232CDCEA): 17
LogDevObjectVersion:   Dev-Anim (AF43A65D-7FD3-4947-9873-3E8ED9C1BB05): 7
LogDevObjectVersion:   Dev-ReflectionCapture (6B266CEC-1EC7-4B8F-A30B-E4D90942FC07): 1
LogDevObjectVersion:   Dev-Automation (0DF73D61-A23F-47EA-B727-89E90C41499A): 1
LogDevObjectVersion:   FortniteMain (601D1886-AC64-4F84-AA16-D3DE0DEAC7D6): 31
LogDevObjectVersion:   Dev-Enterprise (9DFFBCD6-494F-0158-E221-12823C92A888): 10
LogDevObjectVersion:   Dev-Niagara (F2AED0AC-9AFE-416F-8664-AA7FFA26D6FC): 1
LogDevObjectVersion:   Dev-Destruction (174F1F0B-B4C6-45A5-B13F-2EE8D0FB917D): 10
LogDevObjectVersion:   Dev-Physics-Ext (35F94A83-E258-406C-A318-09F59610247C): 37
LogDevObjectVersion:   Dev-PhysicsMaterial-Chaos (B68FC16E-8B1B-42E2-B453-215C058844FE): 1
LogDevObjectVersion:   Dev-CineCamera (B2E18506-4273-CFC2-A54E-F4BB758BBA07): 1
LogInit: Presizing for max 25165824 objects, including 0 objects not considered by GC, pre-allocating 0 bytes for permanent pool.
LogConfig: Applying CVar settings from Section [/Script/Engine.StreamingSettings] File [C:/Wire-Hunter/work/choi/WireHunter/Saved/Config/Windows/Engine.ini]
LogConfig: Setting CVar [[s.MinBulkDataSizeForAsyncLoading:131072]]
LogConfig: Setting CVar [[s.AsyncLoadingThreadEnabled:0]]
LogConfig: Setting CVar [[s.EventDrivenLoaderEnabled:1]]
LogConfig: Setting CVar [[s.WarnIfTimeLimitExceeded:0]]
LogConfig: Setting CVar [[s.TimeLimitExceededMultiplier:1.5]]
LogConfig: Setting CVar [[s.TimeLimitExceededMinTime:0.005]]
LogConfig: Setting CVar [[s.UseBackgroundLevelStreaming:1]]
LogConfig: Setting CVar [[s.PriorityAsyncLoadingExtraTime:15.0]]
LogConfig: Setting CVar [[s.LevelStreamingActorsUpdateTimeLimit:5.0]]
LogConfig: Setting CVar [[s.PriorityLevelStreamingActorsUpdateExtraTime:5.0]]
LogConfig: Setting CVar [[s.LevelStreamingComponentsRegistrationGranularity:10]]
LogConfig: Setting CVar [[s.UnregisterComponentsTimeLimit:1.0]]
LogConfig: Setting CVar [[s.LevelStreamingComponentsUnregistrationGranularity:5]]
LogConfig: Setting CVar [[s.FlushStreamingOnExit:1]]
LogInit: Object subsystem initialized
LogConfig: Setting CVar [[con.DebugEarlyDefault:1]]
LogConfig: Setting CVar [[r.setres:1280x720]]
[2021.04.21-07.26.02:261][  0]LogConfig: Setting CVar [[r.VSync:0]]
[2021.04.21-07.26.02:261][  0]LogConfig: Setting CVar [[r.RHICmdBypass:0]]
[2021.04.21-07.26.02:261][  0]LogConfig: Applying CVar settings from Section [/Script/Engine.RendererSettings] File [C:/Wire-Hunter/work/choi/WireHunter/Saved/Config/Windows/Engine.ini]
[2021.04.21-07.26.02:261][  0]LogConfig: Setting CVar [[r.GPUCrashDebugging:0]]
[2021.04.21-07.26.02:261][  0]LogConfig: Applying CVar settings from Section [/Script/Engine.RendererOverrideSettings] File [C:/Wire-Hunter/work/choi/WireHunter/Saved/Config/Windows/Engine.ini]
[2021.04.21-07.26.02:261][  0]LogConfig: Applying CVar settings from Section [/Script/Engine.StreamingSettings] File [C:/Wire-Hunter/work/choi/WireHunter/Saved/Config/Windows/Engine.ini]
[2021.04.21-07.26.02:261][  0]LogConfig: Setting CVar [[s.MinBulkDataSizeForAsyncLoading:131072]]
[2021.04.21-07.26.02:261][  0]LogConfig: Setting CVar [[s.AsyncLoadingThreadEnabled:0]]
[2021.04.21-07.26.02:261][  0]LogConfig: Setting CVar [[s.EventDrivenLoaderEnabled:1]]
[2021.04.21-07.26.02:261][  0]LogConfig: Setting CVar [[s.WarnIfTimeLimitExceeded:0]]
[2021.04.21-07.26.02:261][  0]LogConfig: Setting CVar [[s.TimeLimitExceededMultiplier:1.5]]
[2021.04.21-07.26.02:261][  0]LogConfig: Setting CVar [[s.TimeLimitExceededMinTime:0.005]]
[2021.04.21-07.26.02:261][  0]LogConfig: Setting CVar [[s.UseBackgroundLevelStreaming:1]]
[2021.04.21-07.26.02:261][  0]LogConfig: Setting CVar [[s.PriorityAsyncLoadingExtraTime:15.0]]
[2021.04.21-07.26.02:261][  0]LogConfig: Setting CVar [[s.LevelStreamingActorsUpdateTimeLimit:5.0]]
[2021.04.21-07.26.02:261][  0]LogConfig: Setting CVar [[s.PriorityLevelStreamingActorsUpdateExtraTime:5.0]]
[2021.04.21-07.26.02:261][  0]LogConfig: Setting CVar [[s.LevelStreamingComponentsRegistrationGranularity:10]]
[2021.04.21-07.26.02:261][  0]LogConfig: Setting CVar [[s.UnregisterComponentsTimeLimit:1.0]]
[2021.04.21-07.26.02:261][  0]LogConfig: Setting CVar [[s.LevelStreamingComponentsUnregistrationGranularity:5]]
[2021.04.21-07.26.02:261][  0]LogConfig: Setting CVar [[s.FlushStreamingOnExit:1]]
[2021.04.21-07.26.02:261][  0]LogConfig: Applying CVar settings from Section [/Script/Engine.GarbageCollectionSettings] File [C:/Wire-Hunter/work/choi/WireHunter/Saved/Config/Windows/Engine.ini]
[2021.04.21-07.26.02:261][  0]LogConfig: Setting CVar [[gc.MaxObjectsNotConsideredByGC:1]]
[2021.04.21-07.26.02:261][  0]LogConfig: Setting CVar [[gc.SizeOfPermanentObjectPool:0]]
[2021.04.21-07.26.02:262][  0]LogConfig: Setting CVar [[gc.FlushStreamingOnGC:0]]
[2021.04.21-07.26.02:262][  0]LogConfig: Setting CVar [[gc.NumRetriesBeforeForcingGC:10]]
[2021.04.21-07.26.02:262][  0]LogConfig: Setting CVar [[gc.AllowParallelGC:1]]
[2021.04.21-07.26.02:262][  0]LogConfig: Setting CVar [[gc.TimeBetweenPurgingPendingKillObjects:61.1]]
[2021.04.21-07.26.02:262][  0]LogConfig: Setting CVar [[gc.MaxObjectsInEditor:25165824]]
[2021.04.21-07.26.02:262][  0]LogConfig: Setting CVar [[gc.IncrementalBeginDestroyEnabled:1]]
[2021.04.21-07.26.02:262][  0]LogConfig: Setting CVar [[gc.CreateGCClusters:1]]
[2021.04.21-07.26.02:262][  0]LogConfig: Setting CVar [[gc.MinGCClusterSize:5]]
[2021.04.21-07.26.02:262][  0]LogConfig: Setting CVar [[gc.ActorClusteringEnabled:0]]
[2021.04.21-07.26.02:262][  0]LogConfig: Setting CVar [[gc.BlueprintClusteringEnabled:0]]
[2021.04.21-07.26.02:262][  0]LogConfig: Setting CVar [[gc.UseDisregardForGCOnDedicatedServers:0]]
[2021.04.21-07.26.02:262][  0]LogConfig: Applying CVar settings from Section [/Script/Engine.NetworkSettings] File [C:/Wire-Hunter/work/choi/WireHunter/Saved/Config/Windows/Engine.ini]
[2021.04.21-07.26.02:262][  0]LogConfig: Applying CVar settings from Section [/Script/UnrealEd.CookerSettings] File [C:/Wire-Hunter/work/choi/WireHunter/Saved/Config/Windows/Engine.ini]
[2021.04.21-07.26.02:266][  0]LogConfig: Applying CVar settings from Section [ViewDistanceQuality@3] File [C:/Wire-Hunter/work/choi/WireHunter/Saved/Config/Windows/Scalability.ini]
[2021.04.21-07.26.02:266][  0]LogConfig: Setting CVar [[r.SkeletalMeshLODBias:0]]
[2021.04.21-07.26.02:266][  0]LogConfig: Setting CVar [[r.ViewDistanceScale:1.0]]
[2021.04.21-07.26.02:266][  0]LogConfig: Applying CVar settings from Section [AntiAliasingQuality@3] File [C:/Wire-Hunter/work/choi/WireHunter/Saved/Config/Windows/Scalability.ini]
[2021.04.21-07.26.02:266][  0]LogConfig: Setting CVar [[r.PostProcessAAQuality:4]]
[2021.04.21-07.26.02:266][  0]LogConfig: Applying CVar settings from Section [ShadowQuality@3] File [C:/Wire-Hunter/work/choi/WireHunter/Saved/Config/Windows/Scalability.ini]
[2021.04.21-07.26.02:266][  0]LogConfig: Setting CVar [[r.LightFunctionQuality:1]]
[2021.04.21-07.26.02:266][  0]LogConfig: Setting CVar [[r.ShadowQuality:5]]
[2021.04.21-07.26.02:266][  0]LogConfig: Setting CVar [[r.Shadow.CSM.MaxCascades:10]]
[2021.04.21-07.26.02:266][  0]LogConfig: Setting CVar [[r.Shadow.MaxResolution:2048]]
[2021.04.21-07.26.02:266][  0]LogConfig: Setting CVar [[r.Shadow.MaxCSMResolution:2048]]
[2021.04.21-07.26.02:266][  0]LogConfig: Setting CVar [[r.Shadow.RadiusThreshold:0.01]]
[2021.04.21-07.26.02:266][  0]LogConfig: Setting CVar [[r.Shadow.DistanceScale:1.0]]
[2021.04.21-07.26.02:266][  0]LogConfig: Setting CVar [[r.Shadow.CSM.TransitionScale:1.0]]
[2021.04.21-07.26.02:266][  0]LogConfig: Setting CVar [[r.Shadow.PreShadowResolutionFactor:1.0]]
[2021.04.21-07.26.02:266][  0]LogConfig: Setting CVar [[r.DistanceFieldShadowing:1]]
[2021.04.21-07.26.02:266][  0]LogConfig: Setting CVar [[r.DistanceFieldAO:1]]
[2021.04.21-07.26.02:266][  0]LogConfig: Setting CVar [[r.AOQuality:2]]
[2021.04.21-07.26.02:266][  0]LogConfig: Setting CVar [[r.VolumetricFog:1]]
[2021.04.21-07.26.02:266][  0]LogConfig: Setting CVar [[r.VolumetricFog.GridPixelSize:8]]
[2021.04.21-07.26.02:266][  0]LogConfig: Setting CVar [[r.VolumetricFog.GridSizeZ:128]]
[2021.04.21-07.26.02:266][  0]LogConfig: Setting CVar [[r.VolumetricFog.HistoryMissSupersampleCount:4]]
[2021.04.21-07.26.02:266][  0]LogConfig: Setting CVar [[r.LightMaxDrawDistanceScale:1]]
[2021.04.21-07.26.02:266][  0]LogConfig: Setting CVar [[r.CapsuleShadows:1]]
[2021.04.21-07.26.02:266][  0]LogConfig: Applying CVar settings from Section [PostProcessQuality@3] File [C:/Wire-Hunter/work/choi/WireHunter/Saved/Config/Windows/Scalability.ini]
[2021.04.21-07.26.02:266][  0]LogConfig: Setting CVar [[r.MotionBlurQuality:4]]
[2021.04.21-07.26.02:266][  0]LogConfig: Setting CVar [[r.AmbientOcclusionMipLevelFactor:0.4]]
[2021.04.21-07.26.02:266][  0]LogConfig: Setting CVar [[r.AmbientOcclusionMaxQuality:100]]
[2021.04.21-07.26.02:266][  0]LogConfig: Setting CVar [[r.AmbientOcclusionLevels:-1]]
[2021.04.21-07.26.02:266][  0]LogConfig: Setting CVar [[r.AmbientOcclusionRadiusScale:1.0]]
[2021.04.21-07.26.02:266][  0]LogConfig: Setting CVar [[r.DepthOfFieldQuality:2]]
[2021.04.21-07.26.02:266][  0]LogConfig: Setting CVar [[r.RenderTargetPoolMin:400]]
[2021.04.21-07.26.02:266][  0]LogConfig: Setting CVar [[r.LensFlareQuality:2]]
[2021.04.21-07.26.02:266][  0]LogConfig: Setting CVar [[r.SceneColorFringeQuality:1]]
[2021.04.21-07.26.02:266][  0]LogConfig: Setting CVar [[r.EyeAdaptationQuality:2]]
[2021.04.21-07.26.02:266][  0]LogConfig: Setting CVar [[r.BloomQuality:5]]
[2021.04.21-07.26.02:267][  0]LogConfig: Setting CVar [[r.FastBlurThreshold:100]]
[2021.04.21-07.26.02:267][  0]LogConfig: Setting CVar [[r.Upscale.Quality:3]]
[2021.04.21-07.26.02:267][  0]LogConfig: Setting CVar [[r.Tonemapper.GrainQuantization:1]]
[2021.04.21-07.26.02:267][  0]LogConfig: Setting CVar [[r.LightShaftQuality:1]]
[2021.04.21-07.26.02:267][  0]LogConfig: Setting CVar [[r.Filter.SizeScale:1]]
[2021.04.21-07.26.02:267][  0]LogConfig: Setting CVar [[r.Tonemapper.Quality:5]]
[2021.04.21-07.26.02:267][  0]LogConfig: Setting CVar [[r.DOF.Gather.AccumulatorQuality:1        ; higher gathering accumulator quality]]
[2021.04.21-07.26.02:267][  0]LogConfig: Setting CVar [[r.DOF.Gather.PostfilterMethod:1          ; Median3x3 postfilering method]]
[2021.04.21-07.26.02:267][  0]LogConfig: Setting CVar [[r.DOF.Gather.EnableBokehSettings:0       ; no bokeh simulation when gathering]]
[2021.04.21-07.26.02:267][  0]LogConfig: Setting CVar [[r.DOF.Gather.RingCount:4                 ; medium number of samples when gathering]]
[2021.04.21-07.26.02:267][  0]LogConfig: Setting CVar [[r.DOF.Scatter.ForegroundCompositing:1    ; additive foreground scattering]]
[2021.04.21-07.26.02:267][  0]LogConfig: Setting CVar [[r.DOF.Scatter.BackgroundCompositing:2    ; additive background scattering]]
[2021.04.21-07.26.02:267][  0]LogConfig: Setting CVar [[r.DOF.Scatter.EnableBokehSettings:1      ; bokeh simulation when scattering]]
[2021.04.21-07.26.02:267][  0]LogConfig: Setting CVar [[r.DOF.Scatter.MaxSpriteRatio:0.1         ; only a maximum of 10% of scattered bokeh]]
[2021.04.21-07.26.02:267][  0]LogConfig: Setting CVar [[r.DOF.Recombine.Quality:1                ; cheap slight out of focus]]
[2021.04.21-07.26.02:267][  0]LogConfig: Setting CVar [[r.DOF.Recombine.EnableBokehSettings:0    ; no bokeh simulation on slight out of focus]]
[2021.04.21-07.26.02:267][  0]LogConfig: Setting CVar [[r.DOF.TemporalAAQuality:1                ; more stable temporal accumulation]]
[2021.04.21-07.26.02:267][  0]LogConfig: Setting CVar [[r.DOF.Kernel.MaxForegroundRadius:0.025]]
[2021.04.21-07.26.02:267][  0]LogConfig: Setting CVar [[r.DOF.Kernel.MaxBackgroundRadius:0.025]]
[2021.04.21-07.26.02:267][  0]LogConfig: Applying CVar settings from Section [TextureQuality@3] File [C:/Wire-Hunter/work/choi/WireHunter/Saved/Config/Windows/Scalability.ini]
[2021.04.21-07.26.02:267][  0]LogConfig: Setting CVar [[r.Streaming.MipBias:0]]
[2021.04.21-07.26.02:267][  0]LogConfig: Setting CVar [[r.Streaming.AmortizeCPUToGPUCopy:0]]
[2021.04.21-07.26.02:267][  0]LogConfig: Setting CVar [[r.Streaming.MaxNumTexturesToStreamPerFrame:0]]
[2021.04.21-07.26.02:267][  0]LogConfig: Setting CVar [[r.Streaming.Boost:1]]
[2021.04.21-07.26.02:267][  0]LogConfig: Setting CVar [[r.MaxAnisotropy:8]]
[2021.04.21-07.26.02:267][  0]LogConfig: Setting CVar [[r.VT.MaxAnisotropy:8]]
[2021.04.21-07.26.02:267][  0]LogConfig: Setting CVar [[r.Streaming.LimitPoolSizeToVRAM:0]]
[2021.04.21-07.26.02:267][  0]LogConfig: Setting CVar [[r.Streaming.PoolSize:1000]]
[2021.04.21-07.26.02:267][  0]LogConfig: Setting CVar [[r.Streaming.MaxEffectiveScreenSize:0]]
[2021.04.21-07.26.02:267][  0]LogConfig: Applying CVar settings from Section [EffectsQuality@3] File [C:/Wire-Hunter/work/choi/WireHunter/Saved/Config/Windows/Scalability.ini]
[2021.04.21-07.26.02:267][  0]LogConfig: Setting CVar [[r.TranslucencyLightingVolumeDim:64]]
[2021.04.21-07.26.02:267][  0]LogConfig: Setting CVar [[r.RefractionQuality:2]]
[2021.04.21-07.26.02:267][  0]LogConfig: Setting CVar [[r.SSR.Quality:3]]
[2021.04.21-07.26.02:267][  0]LogConfig: Setting CVar [[r.SSR.HalfResSceneColor:0]]
[2021.04.21-07.26.02:267][  0]LogConfig: Setting CVar [[r.SceneColorFormat:4]]
[2021.04.21-07.26.02:267][  0]LogConfig: Setting CVar [[r.DetailMode:2]]
[2021.04.21-07.26.02:267][  0]LogConfig: Setting CVar [[r.TranslucencyVolumeBlur:1]]
[2021.04.21-07.26.02:267][  0]LogConfig: Setting CVar [[r.MaterialQualityLevel:1 ; High quality]]
[2021.04.21-07.26.02:267][  0]LogConfig: Setting CVar [[r.SSS.Scale:1]]
[2021.04.21-07.26.02:267][  0]LogConfig: Setting CVar [[r.SSS.SampleSet:2]]
[2021.04.21-07.26.02:267][  0]LogConfig: Setting CVar [[r.SSS.Quality:1]]
[2021.04.21-07.26.02:267][  0]LogConfig: Setting CVar [[r.SSS.HalfRes:0]]
[2021.04.21-07.26.02:267][  0]LogConfig: Setting CVar [[r.SSGI.Quality:3]]
[2021.04.21-07.26.02:267][  0]LogConfig: Setting CVar [[r.EmitterSpawnRateScale:1.0]]
[2021.04.21-07.26.02:267][  0]LogConfig: Setting CVar [[r.ParticleLightQuality:2]]
[2021.04.21-07.26.02:267][  0]LogConfig: Setting CVar [[r.SkyAtmosphere.AerialPerspectiveLUT.FastApplyOnOpaque:1 ; Always have FastSkyLUT 1 in this case to avoid wrong sky]]
[2021.04.21-07.26.02:267][  0]LogConfig: Setting CVar [[r.SkyAtmosphere.AerialPerspectiveLUT.SampleCountPerSlice:1]]
[2021.04.21-07.26.02:267][  0]LogConfig: Setting CVar [[r.SkyAtmosphere.AerialPerspectiveLUT.DepthResolution:16.0]]
[2021.04.21-07.26.02:267][  0]LogConfig: Setting CVar [[r.SkyAtmosphere.FastSkyLUT:1]]
[2021.04.21-07.26.02:267][  0]LogConfig: Setting CVar [[r.SkyAtmosphere.FastSkyLUT.SampleCountMin:4.0]]
[2021.04.21-07.26.02:267][  0]LogConfig: Setting CVar [[r.SkyAtmosphere.FastSkyLUT.SampleCountMax:32.0]]
[2021.04.21-07.26.02:267][  0]LogConfig: Setting CVar [[r.SkyAtmosphere.SampleCountMin:4.0]]
[2021.04.21-07.26.02:267][  0]LogConfig: Setting CVar [[r.SkyAtmosphere.SampleCountMax:32.0]]
[2021.04.21-07.26.02:267][  0]LogConfig: Setting CVar [[r.SkyAtmosphere.TransmittanceLUT.UseSmallFormat:0]]
[2021.04.21-07.26.02:267][  0]LogConfig: Setting CVar [[r.SkyAtmosphere.TransmittanceLUT.SampleCount:10.0]]
[2021.04.21-07.26.02:267][  0]LogConfig: Setting CVar [[r.SkyAtmosphere.MultiScatteringLUT.SampleCount:15.0]]
[2021.04.21-07.26.02:267][  0]LogConfig: Applying CVar settings from Section [FoliageQuality@3] File [C:/Wire-Hunter/work/choi/WireHunter/Saved/Config/Windows/Scalability.ini]
[2021.04.21-07.26.02:267][  0]LogConfig: Setting CVar [[foliage.DensityScale:1.0]]
[2021.04.21-07.26.02:267][  0]LogConfig: Setting CVar [[grass.DensityScale:1.0]]
[2021.04.21-07.26.02:267][  0]LogConfig: Applying CVar settings from Section [ShadingQuality@3] File [C:/Wire-Hunter/work/choi/WireHunter/Saved/Config/Windows/Scalability.ini]
[2021.04.21-07.26.02:267][  0]LogConfig: Setting CVar [[r.HairStrands.SkyLighting.SampleCount:16]]
[2021.04.21-07.26.02:267][  0]LogConfig: Setting CVar [[r.HairStrands.SkyLighting.JitterIntegration:0]]
[2021.04.21-07.26.02:267][  0]LogConfig: Setting CVar [[r.HairStrands.SkyAO.SampleCount:16]]
[2021.04.21-07.26.02:267][  0]LogConfig: Setting CVar [[r.HairStrands.DeepShadow.SuperSampling:0]]
[2021.04.21-07.26.02:267][  0]LogConfig: Setting CVar [[r.HairStrands.VisibilityPPLL:0]]
[2021.04.21-07.26.02:267][  0]LogConfig: Setting CVar [[r.HairStrands.RasterizationScale:0.5]]
[2021.04.21-07.26.02:267][  0]LogConfig: Setting CVar [[r.HairStrands.VelocityRasterizationScale:1]]
[2021.04.21-07.26.02:267][  0]LogInit: Selected Device Profile: [Windows]
[2021.04.21-07.26.02:267][  0]LogInit: Applying CVar settings loaded from the selected device profile: [Windows]
[2021.04.21-07.26.02:267][  0]LogHAL: Display: Platform has ~ 16 GB [17102884864 / 17179869184 / 16], which maps to Larger [LargestMinGB=32, LargerMinGB=12, DefaultMinGB=8, SmallerMinGB=6, SmallestMinGB=0)
[2021.04.21-07.26.02:267][  0]LogInit: Going up to parent DeviceProfile []
[2021.04.21-07.26.02:268][  0]LogConfig: Applying CVar settings from Section [ViewDistanceQuality@3] File [C:/Wire-Hunter/work/choi/WireHunter/Saved/Config/Windows/Scalability.ini]
[2021.04.21-07.26.02:268][  0]LogConfig: Setting CVar [[r.SkeletalMeshLODBias:0]]
[2021.04.21-07.26.02:268][  0]LogConfig: Setting CVar [[r.ViewDistanceScale:1.0]]
[2021.04.21-07.26.02:268][  0]LogConfig: Applying CVar settings from Section [AntiAliasingQuality@3] File [C:/Wire-Hunter/work/choi/WireHunter/Saved/Config/Windows/Scalability.ini]
[2021.04.21-07.26.02:268][  0]LogConfig: Setting CVar [[r.PostProcessAAQuality:4]]
[2021.04.21-07.26.02:268][  0]LogConfig: Applying CVar settings from Section [ShadowQuality@3] File [C:/Wire-Hunter/work/choi/WireHunter/Saved/Config/Windows/Scalability.ini]
[2021.04.21-07.26.02:268][  0]LogConfig: Setting CVar [[r.LightFunctionQuality:1]]
[2021.04.21-07.26.02:268][  0]LogConfig: Setting CVar [[r.ShadowQuality:5]]
[2021.04.21-07.26.02:268][  0]LogConfig: Setting CVar [[r.Shadow.CSM.MaxCascades:10]]
[2021.04.21-07.26.02:268][  0]LogConfig: Setting CVar [[r.Shadow.MaxResolution:2048]]
[2021.04.21-07.26.02:268][  0]LogConfig: Setting CVar [[r.Shadow.MaxCSMResolution:2048]]
[2021.04.21-07.26.02:268][  0]LogConfig: Setting CVar [[r.Shadow.RadiusThreshold:0.01]]
[2021.04.21-07.26.02:268][  0]LogConfig: Setting CVar [[r.Shadow.DistanceScale:1.0]]
[2021.04.21-07.26.02:268][  0]LogConfig: Setting CVar [[r.Shadow.CSM.TransitionScale:1.0]]
[2021.04.21-07.26.02:268][  0]LogConfig: Setting CVar [[r.Shadow.PreShadowResolutionFactor:1.0]]
[2021.04.21-07.26.02:268][  0]LogConfig: Setting CVar [[r.DistanceFieldShadowing:1]]
[2021.04.21-07.26.02:268][  0]LogConfig: Setting CVar [[r.DistanceFieldAO:1]]
[2021.04.21-07.26.02:268][  0]LogConfig: Setting CVar [[r.AOQuality:2]]
[2021.04.21-07.26.02:268][  0]LogConfig: Setting CVar [[r.VolumetricFog:1]]
[2021.04.21-07.26.02:268][  0]LogConfig: Setting CVar [[r.VolumetricFog.GridPixelSize:8]]
[2021.04.21-07.26.02:268][  0]LogConfig: Setting CVar [[r.VolumetricFog.GridSizeZ:128]]
[2021.04.21-07.26.02:268][  0]LogConfig: Setting CVar [[r.VolumetricFog.HistoryMissSupersampleCount:4]]
[2021.04.21-07.26.02:268][  0]LogConfig: Setting CVar [[r.LightMaxDrawDistanceScale:1]]
[2021.04.21-07.26.02:268][  0]LogConfig: Setting CVar [[r.CapsuleShadows:1]]
[2021.04.21-07.26.02:268][  0]LogConfig: Applying CVar settings from Section [PostProcessQuality@3] File [C:/Wire-Hunter/work/choi/WireHunter/Saved/Config/Windows/Scalability.ini]
[2021.04.21-07.26.02:268][  0]LogConfig: Setting CVar [[r.MotionBlurQuality:4]]
[2021.04.21-07.26.02:268][  0]LogConfig: Setting CVar [[r.AmbientOcclusionMipLevelFactor:0.4]]
[2021.04.21-07.26.02:268][  0]LogConfig: Setting CVar [[r.AmbientOcclusionMaxQuality:100]]
[2021.04.21-07.26.02:268][  0]LogConfig: Setting CVar [[r.AmbientOcclusionLevels:-1]]
[2021.04.21-07.26.02:268][  0]LogConfig: Setting CVar [[r.AmbientOcclusionRadiusScale:1.0]]
[2021.04.21-07.26.02:268][  0]LogConfig: Setting CVar [[r.DepthOfFieldQuality:2]]
[2021.04.21-07.26.02:268][  0]LogConfig: Setting CVar [[r.RenderTargetPoolMin:400]]
[2021.04.21-07.26.02:268][  0]LogConfig: Setting CVar [[r.LensFlareQuality:2]]
[2021.04.21-07.26.02:268][  0]LogConfig: Setting CVar [[r.SceneColorFringeQuality:1]]
[2021.04.21-07.26.02:268][  0]LogConfig: Setting CVar [[r.EyeAdaptationQuality:2]]
[2021.04.21-07.26.02:268][  0]LogConfig: Setting CVar [[r.BloomQuality:5]]
[2021.04.21-07.26.02:268][  0]LogConfig: Setting CVar [[r.FastBlurThreshold:100]]
[2021.04.21-07.26.02:268][  0]LogConfig: Setting CVar [[r.Upscale.Quality:3]]
[2021.04.21-07.26.02:268][  0]LogConfig: Setting CVar [[r.Tonemapper.GrainQuantization:1]]
[2021.04.21-07.26.02:268][  0]LogConfig: Setting CVar [[r.LightShaftQuality:1]]
[2021.04.21-07.26.02:268][  0]LogConfig: Setting CVar [[r.Filter.SizeScale:1]]
[2021.04.21-07.26.02:268][  0]LogConfig: Setting CVar [[r.Tonemapper.Quality:5]]
[2021.04.21-07.26.02:268][  0]LogConfig: Setting CVar [[r.DOF.Gather.AccumulatorQuality:1        ; higher gathering accumulator quality]]
[2021.04.21-07.26.02:268][  0]LogConfig: Setting CVar [[r.DOF.Gather.PostfilterMethod:1          ; Median3x3 postfilering method]]
[2021.04.21-07.26.02:268][  0]LogConfig: Setting CVar [[r.DOF.Gather.EnableBokehSettings:0       ; no bokeh simulation when gathering]]
[2021.04.21-07.26.02:268][  0]LogConfig: Setting CVar [[r.DOF.Gather.RingCount:4                 ; medium number of samples when gathering]]
[2021.04.21-07.26.02:268][  0]LogConfig: Setting CVar [[r.DOF.Scatter.ForegroundCompositing:1    ; additive foreground scattering]]
[2021.04.21-07.26.02:268][  0]LogConfig: Setting CVar [[r.DOF.Scatter.BackgroundCompositing:2    ; additive background scattering]]
[2021.04.21-07.26.02:268][  0]LogConfig: Setting CVar [[r.DOF.Scatter.EnableBokehSettings:1      ; bokeh simulation when scattering]]
[2021.04.21-07.26.02:268][  0]LogConfig: Setting CVar [[r.DOF.Scatter.MaxSpriteRatio:0.1         ; only a maximum of 10% of scattered bokeh]]
[2021.04.21-07.26.02:268][  0]LogConfig: Setting CVar [[r.DOF.Recombine.Quality:1                ; cheap slight out of focus]]
[2021.04.21-07.26.02:268][  0]LogConfig: Setting CVar [[r.DOF.Recombine.EnableBokehSettings:0    ; no bokeh simulation on slight out of focus]]
[2021.04.21-07.26.02:268][  0]LogConfig: Setting CVar [[r.DOF.TemporalAAQuality:1                ; more stable temporal accumulation]]
[2021.04.21-07.26.02:268][  0]LogConfig: Setting CVar [[r.DOF.Kernel.MaxForegroundRadius:0.025]]
[2021.04.21-07.26.02:268][  0]LogConfig: Setting CVar [[r.DOF.Kernel.MaxBackgroundRadius:0.025]]
[2021.04.21-07.26.02:268][  0]LogConfig: Applying CVar settings from Section [TextureQuality@3] File [C:/Wire-Hunter/work/choi/WireHunter/Saved/Config/Windows/Scalability.ini]
[2021.04.21-07.26.02:268][  0]LogConfig: Setting CVar [[r.Streaming.MipBias:0]]
[2021.04.21-07.26.02:268][  0]LogConfig: Setting CVar [[r.Streaming.AmortizeCPUToGPUCopy:0]]
[2021.04.21-07.26.02:268][  0]LogConfig: Setting CVar [[r.Streaming.MaxNumTexturesToStreamPerFrame:0]]
[2021.04.21-07.26.02:268][  0]LogConfig: Setting CVar [[r.Streaming.Boost:1]]
[2021.04.21-07.26.02:268][  0]LogConfig: Setting CVar [[r.MaxAnisotropy:8]]
[2021.04.21-07.26.02:268][  0]LogConfig: Setting CVar [[r.VT.MaxAnisotropy:8]]
[2021.04.21-07.26.02:268][  0]LogConfig: Setting CVar [[r.Streaming.LimitPoolSizeToVRAM:0]]
[2021.04.21-07.26.02:268][  0]LogConfig: Setting CVar [[r.Streaming.PoolSize:1000]]
[2021.04.21-07.26.02:268][  0]LogConfig: Setting CVar [[r.Streaming.MaxEffectiveScreenSize:0]]
[2021.04.21-07.26.02:268][  0]LogConfig: Applying CVar settings from Section [EffectsQuality@3] File [C:/Wire-Hunter/work/choi/WireHunter/Saved/Config/Windows/Scalability.ini]
[2021.04.21-07.26.02:268][  0]LogConfig: Setting CVar [[r.TranslucencyLightingVolumeDim:64]]
[2021.04.21-07.26.02:268][  0]LogConfig: Setting CVar [[r.RefractionQuality:2]]
[2021.04.21-07.26.02:268][  0]LogConfig: Setting CVar [[r.SSR.Quality:3]]
[2021.04.21-07.26.02:268][  0]LogConfig: Setting CVar [[r.SSR.HalfResSceneColor:0]]
[2021.04.21-07.26.02:268][  0]LogConfig: Setting CVar [[r.SceneColorFormat:4]]
[2021.04.21-07.26.02:268][  0]LogConfig: Setting CVar [[r.DetailMode:2]]
[2021.04.21-07.26.02:268][  0]LogConfig: Setting CVar [[r.TranslucencyVolumeBlur:1]]
[2021.04.21-07.26.02:268][  0]LogConfig: Setting CVar [[r.MaterialQualityLevel:1 ; High quality]]
[2021.04.21-07.26.02:268][  0]LogConfig: Setting CVar [[r.SSS.Scale:1]]
[2021.04.21-07.26.02:268][  0]LogConfig: Setting CVar [[r.SSS.SampleSet:2]]
[2021.04.21-07.26.02:268][  0]LogConfig: Setting CVar [[r.SSS.Quality:1]]
[2021.04.21-07.26.02:268][  0]LogConfig: Setting CVar [[r.SSS.HalfRes:0]]
[2021.04.21-07.26.02:268][  0]LogConfig: Setting CVar [[r.SSGI.Quality:3]]
[2021.04.21-07.26.02:268][  0]LogConfig: Setting CVar [[r.EmitterSpawnRateScale:1.0]]
[2021.04.21-07.26.02:268][  0]LogConfig: Setting CVar [[r.ParticleLightQuality:2]]
[2021.04.21-07.26.02:268][  0]LogConfig: Setting CVar [[r.SkyAtmosphere.AerialPerspectiveLUT.FastApplyOnOpaque:1 ; Always have FastSkyLUT 1 in this case to avoid wrong sky]]
[2021.04.21-07.26.02:268][  0]LogConfig: Setting CVar [[r.SkyAtmosphere.AerialPerspectiveLUT.SampleCountPerSlice:1]]
[2021.04.21-07.26.02:269][  0]LogConfig: Setting CVar [[r.SkyAtmosphere.AerialPerspectiveLUT.DepthResolution:16.0]]
[2021.04.21-07.26.02:269][  0]LogConfig: Setting CVar [[r.SkyAtmosphere.FastSkyLUT:1]]
[2021.04.21-07.26.02:269][  0]LogConfig: Setting CVar [[r.SkyAtmosphere.FastSkyLUT.SampleCountMin:4.0]]
[2021.04.21-07.26.02:269][  0]LogConfig: Setting CVar [[r.SkyAtmosphere.FastSkyLUT.SampleCountMax:32.0]]
[2021.04.21-07.26.02:269][  0]LogConfig: Setting CVar [[r.SkyAtmosphere.SampleCountMin:4.0]]
[2021.04.21-07.26.02:269][  0]LogConfig: Setting CVar [[r.SkyAtmosphere.SampleCountMax:32.0]]
[2021.04.21-07.26.02:269][  0]LogConfig: Setting CVar [[r.SkyAtmosphere.TransmittanceLUT.UseSmallFormat:0]]
[2021.04.21-07.26.02:269][  0]LogConfig: Setting CVar [[r.SkyAtmosphere.TransmittanceLUT.SampleCount:10.0]]
[2021.04.21-07.26.02:269][  0]LogConfig: Setting CVar [[r.SkyAtmosphere.MultiScatteringLUT.SampleCount:15.0]]
[2021.04.21-07.26.02:269][  0]LogConfig: Applying CVar settings from Section [FoliageQuality@3] File [C:/Wire-Hunter/work/choi/WireHunter/Saved/Config/Windows/Scalability.ini]
[2021.04.21-07.26.02:269][  0]LogConfig: Setting CVar [[foliage.DensityScale:1.0]]
[2021.04.21-07.26.02:269][  0]LogConfig: Setting CVar [[grass.DensityScale:1.0]]
[2021.04.21-07.26.02:269][  0]LogConfig: Applying CVar settings from Section [ShadingQuality@3] File [C:/Wire-Hunter/work/choi/WireHunter/Saved/Config/Windows/Scalability.ini]
[2021.04.21-07.26.02:269][  0]LogConfig: Setting CVar [[r.HairStrands.SkyLighting.SampleCount:16]]
[2021.04.21-07.26.02:269][  0]LogConfig: Setting CVar [[r.HairStrands.SkyLighting.JitterIntegration:0]]
[2021.04.21-07.26.02:269][  0]LogConfig: Setting CVar [[r.HairStrands.SkyAO.SampleCount:16]]
[2021.04.21-07.26.02:269][  0]LogConfig: Setting CVar [[r.HairStrands.DeepShadow.SuperSampling:0]]
[2021.04.21-07.26.02:269][  0]LogConfig: Setting CVar [[r.HairStrands.VisibilityPPLL:0]]
[2021.04.21-07.26.02:269][  0]LogConfig: Setting CVar [[r.HairStrands.RasterizationScale:0.5]]
[2021.04.21-07.26.02:269][  0]LogConfig: Setting CVar [[r.HairStrands.VelocityRasterizationScale:1]]
[2021.04.21-07.26.02:269][  0]LogConfig: Applying CVar settings from Section [Startup] File [../../../Engine/Config/ConsoleVariables.ini]
[2021.04.21-07.26.02:270][  0]LogConfig: Setting CVar [[net.UseAdaptiveNetUpdateFrequency:0]]
[2021.04.21-07.26.02:270][  0]LogConfig: Setting CVar [[p.chaos.AllowCreatePhysxBodies:1]]
[2021.04.21-07.26.02:270][  0]LogConfig: Setting CVar [[fx.SkipVectorVMBackendOptimizations:1]]
[2021.04.21-07.26.02:270][  0]LogConfig: Applying CVar settings from Section [ConsoleVariables] File [C:/Wire-Hunter/work/choi/WireHunter/Saved/Config/Windows/Engine.ini]
[2021.04.21-07.26.02:270][  0]LogInit: Computer: DESKTOP-FHRPJDT
[2021.04.21-07.26.02:270][  0]LogInit: User: ChoiTaeho
[2021.04.21-07.26.02:270][  0]LogInit: CPU Page size=4096, Cores=6
[2021.04.21-07.26.02:270][  0]LogInit: High frequency timer resolution =10.000000 MHz
[2021.04.21-07.26.02:270][  0]LogMemory: Memory total: Physical=15.9GB (16GB approx)
[2021.04.21-07.26.02:270][  0]LogMemory: Platform Memory Stats for Windows
[2021.04.21-07.26.02:270][  0]LogMemory: Process Physical Memory: 118.61 MB used, 118.61 MB peak
[2021.04.21-07.26.02:270][  0]LogMemory: Process Virtual Memory: 109.54 MB used, 109.54 MB peak
[2021.04.21-07.26.02:270][  0]LogMemory: Physical Memory: 7328.98 MB used,  8981.61 MB free, 16310.58 MB total
[2021.04.21-07.26.02:270][  0]LogMemory: Virtual Memory: 5179.00 MB used,  134212552.00 MB free, 134217728.00 MB total
[2021.04.21-07.26.02:283][  0]LogWindows: WindowsPlatformFeatures enabled
[2021.04.21-07.26.02:456][  0]LogInit: Physics initialised using underlying interface: PhysX
[2021.04.21-07.26.02:459][  0]LogInit: Using OS detected language (ko-KR).
[2021.04.21-07.26.02:459][  0]LogInit: Using OS detected locale (ko-KR).
[2021.04.21-07.26.02:472][  0]LogTextLocalizationManager: No specific localization for 'ko-KR' exists, so the 'ko' localization will be used.
[2021.04.21-07.26.02:596][  0]LogInit: Setting process to per monitor DPI aware
[2021.04.21-07.26.02:675][  0]LogSlate: New Slate User Created.  User Index 0, Is Virtual User: 0
[2021.04.21-07.26.02:675][  0]LogSlate: Slate User Registered.  User Index 0, Is Virtual User: 0
[2021.04.21-07.26.02:986][  0]LogHMD: Failed to initialize OpenVR with code 110
[2021.04.21-07.26.02:986][  0]LogD3D11RHI: D3D11 min allowed feature level: 11_0
[2021.04.21-07.26.02:986][  0]LogD3D11RHI: D3D11 max allowed feature level: 11_0
[2021.04.21-07.26.02:986][  0]LogD3D11RHI: D3D11 adapters:
[2021.04.21-07.26.03:091][  0]LogD3D11RHI:    0. 'NVIDIA GeForce GTX 1060 6GB' (Feature Level 11_0)
[2021.04.21-07.26.03:091][  0]LogD3D11RHI:       6052/0/8155 MB DedicatedVideo/DedicatedSystem/SharedSystem, Outputs:1, VendorId:0x10de
[2021.04.21-07.26.03:094][  0]LogD3D11RHI:    1. 'Microsoft Basic Render Driver' (Feature Level 11_0)
[2021.04.21-07.26.03:094][  0]LogD3D11RHI:       0/0/8155 MB DedicatedVideo/DedicatedSystem/SharedSystem, Outputs:0, VendorId:0x1414
[2021.04.21-07.26.03:094][  0]LogD3D11RHI: Chosen D3D11 Adapter: 0
[2021.04.21-07.26.03:103][  0]LogD3D11RHI: Creating new Direct3DDevice
[2021.04.21-07.26.03:103][  0]LogD3D11RHI:     GPU DeviceId: 0x1c03 (for the marketing name, search the web for "GPU Device Id")
[2021.04.21-07.26.03:103][  0]LogWindows: EnumDisplayDevices:
[2021.04.21-07.26.03:104][  0]LogWindows:    0. 'NVIDIA GeForce GTX 1060 6GB' (P:1 D:1)
[2021.04.21-07.26.03:105][  0]LogWindows:    1. 'NVIDIA GeForce GTX 1060 6GB' (P:0 D:0)
[2021.04.21-07.26.03:106][  0]LogWindows:    2. 'NVIDIA GeForce GTX 1060 6GB' (P:0 D:0)
[2021.04.21-07.26.03:107][  0]LogWindows:    3. 'NVIDIA GeForce GTX 1060 6GB' (P:0 D:0)
[2021.04.21-07.26.03:107][  0]LogWindows: DebugString: FoundDriverCount:4 
[2021.04.21-07.26.03:107][  0]LogD3D11RHI:     Adapter Name: NVIDIA GeForce GTX 1060 6GB
[2021.04.21-07.26.03:107][  0]LogD3D11RHI:   Driver Version: 456.71 (internal:27.21.14.5671, unified:456.71)
[2021.04.21-07.26.03:108][  0]LogD3D11RHI:      Driver Date: 9-30-2020
[2021.04.21-07.26.03:108][  0]LogRHI: Texture pool is 4236 MB (70% of 6052 MB)
[2021.04.21-07.26.03:171][  0]LogD3D11RHI: RHI has support for 64 bit atomics
[2021.04.21-07.26.03:171][  0]LogD3D11RHI: Async texture creation enabled
[2021.04.21-07.26.03:171][  0]LogD3D11RHI: Array index from any shader is supported
[2021.04.21-07.26.03:190][  0]LogD3D11RHI: GPU Timing Frequency: 1000.000000 (Debug: 2 1)
[2021.04.21-07.26.03:698][  0]LogTargetPlatformManager: Display: Loaded TargetPlatform 'AllDesktop'
[2021.04.21-07.26.03:729][  0]LogTargetPlatformManager: Display: Loaded TargetPlatform 'Android'
[2021.04.21-07.26.03:729][  0]LogTargetPlatformManager: Display: Loaded TargetPlatform 'Android_ASTC'
[2021.04.21-07.26.03:729][  0]LogTargetPlatformManager: Display: Loaded TargetPlatform 'Android_DXT'
[2021.04.21-07.26.03:729][  0]LogTargetPlatformManager: Display: Loaded TargetPlatform 'Android_ETC2'
[2021.04.21-07.26.03:729][  0]LogTargetPlatformManager: Display: Loaded TargetPlatform 'AndroidClient'
[2021.04.21-07.26.03:729][  0]LogTargetPlatformManager: Display: Loaded TargetPlatform 'Android_ASTCClient'
[2021.04.21-07.26.03:729][  0]LogTargetPlatformManager: Display: Loaded TargetPlatform 'Android_DXTClient'
[2021.04.21-07.26.03:729][  0]LogTargetPlatformManager: Display: Loaded TargetPlatform 'Android_ETC2Client'
[2021.04.21-07.26.03:729][  0]LogTargetPlatformManager: Display: Loaded TargetPlatform 'Android_Multi'
[2021.04.21-07.26.03:729][  0]LogTargetPlatformManager: Display: Loaded TargetPlatform 'Android_MultiClient'
[2021.04.21-07.26.03:774][  0]LogTargetPlatformManager: Display: Loaded TargetPlatform 'IOSClient'
[2021.04.21-07.26.03:774][  0]LogTargetPlatformManager: Display: Loaded TargetPlatform 'IOS'
[2021.04.21-07.26.03:795][  0]LogTargetPlatformManager: Display: Loaded TargetPlatform 'Linux'
[2021.04.21-07.26.03:813][  0]LogTargetPlatformManager: Display: Loaded TargetPlatform 'LinuxNoEditor'
[2021.04.21-07.26.03:833][  0]LogTargetPlatformManager: Display: Loaded TargetPlatform 'LinuxClient'
[2021.04.21-07.26.03:850][  0]LogTargetPlatformManager: Display: Loaded TargetPlatform 'LinuxServer'
[2021.04.21-07.26.03:869][  0]LogTargetPlatformManager: Display: Loaded TargetPlatform 'LinuxAArch64NoEditor'
[2021.04.21-07.26.03:888][  0]LogTargetPlatformManager: Display: Loaded TargetPlatform 'LinuxAArch64Client'
[2021.04.21-07.26.03:905][  0]LogTargetPlatformManager: Display: Loaded TargetPlatform 'LinuxAArch64Server'
[2021.04.21-07.26.03:951][  0]LogTargetPlatformManager: Display: Loaded TargetPlatform 'Lumin'
[2021.04.21-07.26.03:951][  0]LogTargetPlatformManager: Display: Loaded TargetPlatform 'LuminClient'
[2021.04.21-07.26.03:979][  0]LogTargetPlatformManager: Display: Loaded TargetPlatform 'TVOSClient'
[2021.04.21-07.26.03:979][  0]LogTargetPlatformManager: Display: Loaded TargetPlatform 'TVOS'
[2021.04.21-07.26.03:995][  0]LogTargetPlatformManager: Display: Loaded TargetPlatform 'WindowsNoEditor'
[2021.04.21-07.26.04:014][  0]LogTargetPlatformManager: Display: Loaded TargetPlatform 'Windows'
[2021.04.21-07.26.04:032][  0]LogTargetPlatformManager: Display: Loaded TargetPlatform 'WindowsClient'
[2021.04.21-07.26.04:050][  0]LogTargetPlatformManager: Display: Loaded TargetPlatform 'WindowsServer'
[2021.04.21-07.26.04:050][  0]LogTargetPlatformManager: Display: Building Assets For Windows
[2021.04.21-07.26.04:068][  0]LogAudioDebug: Display: Lib vorbis DLL was dynamically loaded.
[2021.04.21-07.26.04:212][  0]LogShaderCompilers: Guid format shader working directory is -7 characters bigger than the processId version (../../../../../../Wire-Hunter/work/choi/WireHunter/Intermediate/Shaders/WorkingDirectory/20260/).
[2021.04.21-07.26.04:212][  0]LogShaderCompilers: Cleaned the shader compiler working directory 'C:/Users/최태호/AppData/Local/Temp/UnrealShaderWorkingDir/839D2C254370FE2C1B466A9A734D597D/'.
[2021.04.21-07.26.04:213][  0]LogXGEController: Cleaning working directory: C:/Users/최태호/AppData/Local/Temp/UnrealXGEWorkingDir/
[2021.04.21-07.26.04:213][  0]LogXGEController: Cannot use XGE Controller as Incredibuild is not installed on this machine.
[2021.04.21-07.26.04:214][  0]LogShaderCompilers: Cannot use XGE Shader Compiler as Incredibuild is not installed on this machine.
[2021.04.21-07.26.04:214][  0]LogShaderCompilers: Display: Using Local Shader Compiler.
[2021.04.21-07.26.05:059][  0]LogDerivedDataCache: Display: Max Cache Size: 512 MB
[2021.04.21-07.26.05:108][  0]LogDerivedDataCache: Loaded boot cache 0.05s 75MB C:/Users/최태호/AppData/Local/UnrealEngine/4.25/DerivedDataCache/Boot.ddc.
[2021.04.21-07.26.05:109][  0]LogDerivedDataCache: Display: Loaded Boot cache: C:/Users/최태호/AppData/Local/UnrealEngine/4.25/DerivedDataCache/Boot.ddc
[2021.04.21-07.26.05:109][  0]LogDerivedDataCache: FDerivedDataBackendGraph:  Pak pak cache file ../../../../../../Wire-Hunter/work/choi/WireHunter/DerivedDataCache/DDC.ddp not found, will not use a pak cache.
[2021.04.21-07.26.05:109][  0]LogDerivedDataCache: Unable to find inner node Pak for hierarchical cache Hierarchy.
[2021.04.21-07.26.05:109][  0]LogDerivedDataCache: FDerivedDataBackendGraph:  CompressedPak pak cache file ../../../../../../Wire-Hunter/work/choi/WireHunter/DerivedDataCache/Compressed.ddp not found, will not use a pak cache.
[2021.04.21-07.26.05:109][  0]LogDerivedDataCache: Unable to find inner node CompressedPak for hierarchical cache Hierarchy.
[2021.04.21-07.26.05:120][  0]LogDerivedDataCache: Display: Pak cache opened for reading ../../../Engine/DerivedDataCache/Compressed.ddp.
[2021.04.21-07.26.05:120][  0]LogDerivedDataCache: FDerivedDataBackendGraph:  EnterprisePak pak cache file ../../../Enterprise/DerivedDataCache/Compressed.ddp not found, will not use a pak cache.
[2021.04.21-07.26.05:120][  0]LogDerivedDataCache: Unable to find inner node EnterprisePak for hierarchical cache Hierarchy.
[2021.04.21-07.26.05:122][  0]LogDerivedDataCache: Using Local data cache path C:/Users/최태호/AppData/Local/UnrealEngine/Common/DerivedDataCache: Writable
[2021.04.21-07.26.05:122][  0]LogDerivedDataCache: Shared data cache path not found in *engine.ini, will not use an Shared cache.
[2021.04.21-07.26.05:122][  0]LogDerivedDataCache: Unable to find inner node Shared for hierarchical cache Hierarchy.
[2021.04.21-07.26.05:171][  0]LogSlate: Using FreeType 2.10.0
[2021.04.21-07.26.05:172][  0]LogSlate: SlateFontServices - WITH_FREETYPE: 1, WITH_HARFBUZZ: 1
[2021.04.21-07.26.05:201][  0]LogAssetRegistry: FAssetRegistry took 0.0034 seconds to start up
[2021.04.21-07.26.05:465][  0]LogInit: Selected Device Profile: [Windows]
[2021.04.21-07.26.05:620][  0]LogMeshReduction: Using QuadricMeshReduction for automatic static mesh reduction
[2021.04.21-07.26.05:620][  0]LogMeshReduction: Using SimplygonMeshReduction for automatic skeletal mesh reduction
[2021.04.21-07.26.05:620][  0]LogMeshReduction: Using ProxyLODMeshReduction for automatic mesh merging
[2021.04.21-07.26.05:620][  0]LogMeshReduction: No distributed automatic mesh merging module available
[2021.04.21-07.26.05:620][  0]LogMeshMerging: No distributed automatic mesh merging module available
[2021.04.21-07.26.05:645][  0]LogNetVersion: WireHunter 1.0.0, NetCL: 13144385, EngineNetVer: 14, GameNetVer: 0 (Checksum: 1660872711)
[2021.04.21-07.26.06:211][  0]LogAISub: UAISubsystem::UAISubsystem AISubsystem (000001BAD60A9540), frame # 0
[2021.04.21-07.26.06:211][  0]LogAISub: UAISubsystem::UAISubsystem AIPerceptionSystem (000001BAD602C7C0), frame # 0
[2021.04.21-07.26.06:212][  0]LogAISub: UAISubsystem::UAISubsystem EnvQueryManager (000001BAD6059E00), frame # 0
[2021.04.21-07.26.06:283][  0]LogPackageLocalizationCache: Processed 19 localized package path(s) for 1 prioritized culture(s) in 0.064681 seconds
[2021.04.21-07.26.06:288][  0]LogUObjectArray: 15917 objects as part of root set at end of initial load.
[2021.04.21-07.26.06:288][  0]LogUObjectAllocator: 3965568 out of 0 bytes used by permanent object pool.
[2021.04.21-07.26.06:288][  0]LogUObjectArray: CloseDisregardForGC: 0/0 objects in disregard for GC pool
[2021.04.21-07.26.06:960][  0]LogTcpMessaging: Initializing TcpMessaging bridge
[2021.04.21-07.26.06:969][  0]LogUdpMessaging: Initializing bridge on interface 0.0.0.0:0 to multicast group 230.0.0.1:6666.
[2021.04.21-07.26.07:118][  0]SourceControl: 소스 컨트롤이 꺼졌습니다.
[2021.04.21-07.26.07:118][  0]SourceControl: 소스 컨트롤이 꺼졌습니다.
[2021.04.21-07.26.07:125][  0]SourceControl: 소스 컨트롤이 꺼졌습니다.
[2021.04.21-07.26.07:132][  0]SourceControl: 소스 컨트롤이 꺼졌습니다.
[2021.04.21-07.26.07:152][  0]SourceControl: 소스 컨트롤이 꺼졌습니다.
[2021.04.21-07.26.07:649][  0]LogAndroidPermission: UAndroidPermissionCallbackProxy::GetInstance
[2021.04.21-07.26.07:691][  0]LogAudioCaptureCore: Display: No Audio Capture implementations found. Audio input will be silent.
[2021.04.21-07.26.07:691][  0]LogAudioCaptureCore: Display: No Audio Capture implementations found. Audio input will be silent.
[2021.04.21-07.26.07:779][  0]LogOcInput: OculusInput pre-init called
[2021.04.21-07.26.07:806][  0]LogWindows: Failed to load 'OVRPlugin.dll' (GetLastError=126)
[2021.04.21-07.26.07:806][  0]LogWindows: File 'OVRPlugin.dll' does not exist
[2021.04.21-07.26.07:897][  0]LogEngine: Initializing Engine...
[2021.04.21-07.26.07:899][  0]LogHMD: Failed to initialize OpenVR with code 110
[2021.04.21-07.26.07:899][  0]LogMagicLeap: Warning: VR disabled because ZI is not enabled.  To enable, in the editor, Edit -> Project Settings -> Plugins -> Magic Leap Plugin -> Enable Zero Iteration
[2021.04.21-07.26.07:900][  0]LogStats: UGameplayTagsManager::InitializeManager -  0.000 s
[2021.04.21-07.26.08:014][  0]LogInit: Initializing FReadOnlyCVARCache
[2021.04.21-07.26.08:025][  0]LogAIModule: Creating AISystem for world Untitled
[2021.04.21-07.26.08:026][  0]LogAISub: UAISubsystem::UAISubsystem EnvQueryManager (000001BADD990600), frame # 0
[2021.04.21-07.26.08:026][  0]LogAISub: UAISubsystem::UAISubsystem AIPerceptionSystem (000001BADD9A5800), frame # 0
[2021.04.21-07.26.08:039][  0]LogAudioMixer: Display: Audio Mixer Platform Settings:
[2021.04.21-07.26.08:039][  0]LogAudioMixer: Display: 	Sample Rate:						  48000
[2021.04.21-07.26.08:039][  0]LogAudioMixer: Display: 	Callback Buffer Frame Size Requested: 1024
[2021.04.21-07.26.08:039][  0]LogAudioMixer: Display: 	Callback Buffer Frame Size To Use:	  1024
[2021.04.21-07.26.08:039][  0]LogAudioMixer: Display: 	Number of buffers to queue:			  2
[2021.04.21-07.26.08:039][  0]LogAudioMixer: Display: 	Max Channels (voices):				  32
[2021.04.21-07.26.08:039][  0]LogAudioMixer: Display: 	Number of Async Source Workers:		  0
[2021.04.21-07.26.08:039][  0]LogAudio: Display: AudioDevice MaxSources: 32
[2021.04.21-07.26.08:039][  0]LogAudio: Display: Using built-in audio occlusion.
[2021.04.21-07.26.08:039][  0]LogAudioMixer: Display: Initializing audio mixer.
[2021.04.21-07.26.08:082][  0]LogAudioMixer: Display: 0: FrontLeft
[2021.04.21-07.26.08:082][  0]LogAudioMixer: Display: 1: FrontRight
[2021.04.21-07.26.08:169][  0]LogAudioMixer: Display: Using Audio Device 헤드폰(SHOQBOX SB7200 SERIES Stereo)
[2021.04.21-07.26.08:172][  0]LogAudioMixer: Display: Initializing Sound Submixes...
[2021.04.21-07.26.08:177][  0]LogAudioMixer: Display: Creating Master Submix 'MasterSubmixDefault'
[2021.04.21-07.26.08:177][  0]LogAudioMixer: Display: Creating Master Submix 'MasterReverbSubmixDefault'
[2021.04.21-07.26.08:178][  0]LogAudioMixer: Display: Creating Master Submix 'MasterEQSubmixDefault'
[2021.04.21-07.26.08:179][  0]LogInit: FAudioDevice initialized.
[2021.04.21-07.26.08:179][  0]LogNetVersion: Set ProjectVersion to 1.0.0.0. Version Checksum will be recalculated on next use.
[2021.04.21-07.26.08:297][  0]LogDerivedDataCache: Saved boot cache 0.12s 75MB C:/Users/최태호/AppData/Local/UnrealEngine/4.25/DerivedDataCache/Boot.ddc.
[2021.04.21-07.26.08:297][  0]LogInit: Texture streaming: Enabled
[2021.04.21-07.26.08:336][  0]LogEngineSessionManager: EngineSessionManager initialized
[2021.04.21-07.26.08:336][  0]LogEngineSessionManager: EngineSessionManager sent abnormal shutdown report. Type=Crashed, SessionId={140CA419-4042-C5CE-6AC7-0EA7F5B09BB3}
[2021.04.21-07.26.08:336][  0]LogEditorSessionSummary: Verbose: Initializing EditorSessionSummaryWriter for editor session tracking
[2021.04.21-07.26.08:344][  0]LogEditorSessionSummary: EditorSessionSummaryWriter initialized
[2021.04.21-07.26.08:407][  0]LogInit: Transaction tracking system initialized
[2021.04.21-07.26.08:466][  0]BlueprintLog: New page: 에디터 로드
[2021.04.21-07.26.08:605][  0]LocalizationService: 현지화 서비스가 비활성화되었습니다.
[2021.04.21-07.26.08:865][  0]LogCook: Display: Max memory allowance for cook 16384mb min free memory 0mb
[2021.04.21-07.26.08:866][  0]LogCook: Display: Mobile HDR setting 1
[2021.04.21-07.26.08:901][  0]LogFileCache: Scanning file cache for directory 'C:/Wire-Hunter/work/choi/WireHunter/Content/' took 0.01s
[2021.04.21-07.26.08:901][  0]LogOutputDevice: Warning: 

Script Stack (0 frames):

[2021.04.21-07.26.11:709][  0]LogStats: FPlatformStackWalk::StackWalkAndDump -  2.809 s
[2021.04.21-07.26.11:709][  0]LogOutputDevice: Error: === Handled ensure: ===
[2021.04.21-07.26.11:709][  0]LogOutputDevice: Error: 
[2021.04.21-07.26.11:709][  0]LogOutputDevice: Error: Ensure condition failed: AttachmentRules.LocationRule == EAttachmentRule::KeepRelative && AttachmentRules.RotationRule == EAttachmentRule::KeepRelative && AttachmentRules.ScaleRule == EAttachmentRule::KeepRelative [File:D:/Build/++UE4/Sync/Engine/Source/Runtime/Engine/Private/Components/SceneComponent.cpp] [Line: 1812]
[2021.04.21-07.26.11:709][  0]LogOutputDevice: Error: AttachToComponent when called from a constructor is only setting up attachment and will always be treated as KeepRelative. Consider calling SetupAttachment directly instead.
[2021.04.21-07.26.11:709][  0]LogOutputDevice: Error: Stack: 
[2021.04.21-07.26.11:709][  0]LogOutputDevice: Error: [Callstack] 0x00007ffaa315c119 UE4Editor-Engine.dll!DispatchCheckVerify<bool,<lambda_7a00921a8ebf9f041bed3055592f02a5> >() [D:\Build\++UE4\Sync\Engine\Source\Runtime\Core\Public\Misc\AssertionMacros.h:161]
[2021.04.21-07.26.11:709][  0]LogOutputDevice: Error: [Callstack] 0x00007ffaa1d0d3c3 UE4Editor-Engine.dll!USceneComponent::AttachToComponent() [D:\Build\++UE4\Sync\Engine\Source\Runtime\Engine\Private\Components\SceneComponent.cpp:1812]
[2021.04.21-07.26.11:710][  0]LogOutputDevice: Error: [Callstack] 0x00007ffa833d44f7 UE4Editor-WireHunter-0036.dll!ADragon::ADragon() [C:\Wire-Hunter\work\choi\WireHunter\Source\WireHunter\Dragon.cpp:18]
[2021.04.21-07.26.11:710][  0]LogOutputDevice: Error: [Callstack] 0x00007ffab200c273 UE4Editor-CoreUObject.dll!UClass::CreateDefaultObject() [D:\Build\++UE4\Sync\Engine\Source\Runtime\CoreUObject\Private\UObject\Class.cpp:3672]
[2021.04.21-07.26.11:710][  0]LogOutputDevice: Error: [Callstack] 0x00007ffab22b8451 UE4Editor-CoreUObject.dll!UObjectLoadAllCompiledInDefaultProperties() [D:\Build\++UE4\Sync\Engine\Source\Runtime\CoreUObject\Private\UObject\UObjectBase.cpp:861]
[2021.04.21-07.26.11:710][  0]LogOutputDevice: Error: [Callstack] 0x00007ffab2295bbf UE4Editor-CoreUObject.dll!ProcessNewlyLoadedUObjects() [D:\Build\++UE4\Sync\Engine\Source\Runtime\CoreUObject\Private\UObject\UObjectBase.cpp:950]
[2021.04.21-07.26.11:710][  0]LogOutputDevice: Error: [Callstack] 0x00007ffab21b4465 UE4Editor-CoreUObject.dll!TBaseStaticDelegateInstance<void __cdecl(FName,bool)>::ExecuteIfSafe() [D:\Build\++UE4\Sync\Engine\Source\Runtime\Core\Public\Delegates\DelegateInstancesImpl.h:859]
[2021.04.21-07.26.11:710][  0]LogOutputDevice: Error: [Callstack] 0x00007ffaa55c986a UE4Editor-Core.dll!TBaseMulticastDelegate<void,FName,bool>::Broadcast() [D:\Build\++UE4\Sync\Engine\Source\Runtime\Core\Public\Delegates\DelegateSignatureImpl.inl:1013]
[2021.04.21-07.26.11:710][  0]LogOutputDevice: Error: [Callstack] 0x00007ffaa55e99f0 UE4Editor-Core.dll!FModuleManager::LoadModuleWithFailureReason() [D:\Build\++UE4\Sync\Engine\Source\Runtime\Core\Private\Modules\ModuleManager.cpp:500]
[2021.04.21-07.26.11:710][  0]LogOutputDevice: Error: [Callstack] 0x00007ffae1cdb433 UE4Editor-Projects.dll!FModuleDescriptor::LoadModulesForPhase() [D:\Build\++UE4\Sync\Engine\Source\Runtime\Projects\Private\ModuleDescriptor.cpp:561]
[2021.04.21-07.26.11:710][  0]LogOutputDevice: Error: [Callstack] 0x00007ffae1cdb70d UE4Editor-Projects.dll!FProjectManager::LoadModulesForProject() [D:\Build\++UE4\Sync\Engine\Source\Runtime\Projects\Private\ProjectManager.cpp:63]
[2021.04.21-07.26.11:710][  0]LogOutputDevice: Error: [Callstack] 0x00007ff64b832db4 UE4Editor.exe!FEngineLoop::Init() [D:\Build\++UE4\Sync\Engine\Source\Runtime\Launch\Private\LaunchEngineLoop.cpp:4022]
[2021.04.21-07.26.11:710][  0]LogOutputDevice: Error: [Callstack] 0x00007ffaa0105cb0 UE4Editor-UnrealEd.dll!EditorInit() [D:\Build\++UE4\Sync\Engine\Source\Editor\UnrealEd\Private\UnrealEdGlobals.cpp:93]
[2021.04.21-07.26.11:710][  0]LogOutputDevice: Error: [Callstack] 0x00007ff64b84b8fb UE4Editor.exe!GuardedMain() [D:\Build\++UE4\Sync\Engine\Source\Runtime\Launch\Private\Launch.cpp:149]
[2021.04.21-07.26.11:710][  0]LogOutputDevice: Error: [Callstack] 0x00007ff64b84bb5a UE4Editor.exe!GuardedMainWrapper() [D:\Build\++UE4\Sync\Engine\Source\Runtime\Launch\Private\Windows\LaunchWindows.cpp:137]
[2021.04.21-07.26.11:710][  0]LogOutputDevice: Error: [Callstack] 0x00007ff64b85e31d UE4Editor.exe!WinMain() [D:\Build\++UE4\Sync\Engine\Source\Runtime\Launch\Private\Windows\LaunchWindows.cpp:268]
[2021.04.21-07.26.11:710][  0]LogOutputDevice: Error: [Callstack] 0x00007ff64b86145a UE4Editor.exe!__scrt_common_main_seh() [d:\agent\_work\5\s\src\vctools\crt\vcstartup\src\startup\exe_common.inl:288]
[2021.04.21-07.26.11:710][  0]LogOutputDevice: Error: [Callstack] 0x00007ffafbdb7034 KERNEL32.DLL!UnknownFunction []
[2021.04.21-07.26.11:710][  0]LogOutputDevice: Error: [Callstack] 0x00007ffafbfe2651 ntdll.dll!UnknownFunction []
[2021.04.21-07.26.11:710][  0]LogOutputDevice: Error: 
[2021.04.21-07.26.11:712][  0]LogStats:                SubmitErrorReport -  0.000 s
[2021.04.21-07.26.13:972][  0]LogStats:                    SendNewReport -  2.260 s
[2021.04.21-07.26.13:972][  0]LogStats:             FDebug::EnsureFailed -  5.071 s
[2021.04.21-07.26.14:496][  0]SourceControl: 소스 컨트롤이 꺼졌습니다.
[2021.04.21-07.26.14:496][  0]LogUnrealEdMisc: Loading editor; pre map load, took 15.638
[2021.04.21-07.26.14:496][  0]Cmd: MAP LOAD FILE="../../../../../../Wire-Hunter/work/choi/WireHunter/Content/ThirdPersonCPP/Maps/ThirdPersonExampleMap.umap" TEMPLATE=0 SHOWPROGRESS=1 FEATURELEVEL=3
[2021.04.21-07.26.14:497][  0]LogEditorServer: Warning: Can't find file '../../../../../../Wire-Hunter/work/choi/WireHunter/Content/ThirdPersonCPP/Maps/ThirdPersonExampleMap.umap'
[2021.04.21-07.26.14:497][  0]Cmd: MAP CHECKDEP NOCLEARLOG
[2021.04.21-07.26.14:497][  0]MapCheck: 맵 체크 완료: 오류 0 회, 경고 0 회, 소요 시간 0.324ms.
[2021.04.21-07.26.14:497][  0]LogFileHelpers: Loading map 'ThirdPersonExampleMap' took 0.001
[2021.04.21-07.26.14:503][  0]LogUnrealEdMisc: Total Editor Startup Time, took 15.645
[2021.04.21-07.26.14:647][  0]LogSlate: Updating window title bar state: overlay mode, drag disabled, window buttons hidden, title bar hidden
[2021.04.21-07.26.14:653][  0]LogSlate: Updating window title bar state: overlay mode, drag disabled, window buttons hidden, title bar hidden
[2021.04.21-07.26.14:661][  0]LogSlate: Updating window title bar state: overlay mode, drag disabled, window buttons hidden, title bar hidden
[2021.04.21-07.26.14:669][  0]LogSlate: Updating window title bar state: overlay mode, drag disabled, window buttons hidden, title bar hidden
[2021.04.21-07.26.14:684][  0]LogCollectionManager: Loaded 0 collections in 0.003372 seconds
[2021.04.21-07.26.14:701][  0]LogFileCache: Scanning file cache for directory 'C:/Wire-Hunter/work/choi/WireHunter/Saved/Collections/' took 0.00s
[2021.04.21-07.26.14:701][  0]LogFileCache: Scanning file cache for directory 'C:/Wire-Hunter/work/choi/WireHunter/Content/Developers/ChoiTaeho/Collections/' took 0.00s
[2021.04.21-07.26.14:701][  0]LogFileCache: Scanning file cache for directory 'C:/Wire-Hunter/work/choi/WireHunter/Content/Collections/' took 0.00s
[2021.04.21-07.26.14:701][  0]LogContentBrowser: Native class hierarchy populated in 0.0109 seconds. Added 3441 classes and 823 folders.
[2021.04.21-07.26.14:704][  0]LogContentBrowser: Native class hierarchy updated for 'WidgetCarousel' in 0.0006 seconds. Added 0 classes and 0 folders.
[2021.04.21-07.26.14:824][  0]LogContentBrowser: Native class hierarchy updated for 'AddContentDialog' in 0.0005 seconds. Added 0 classes and 0 folders.
[2021.04.21-07.26.14:828][  0]LogContentBrowser: Native class hierarchy updated for 'SceneOutliner' in 0.0005 seconds. Added 2 classes and 0 folders.
[2021.04.21-07.26.14:878][  0]LogSlate: Took 0.000283 seconds to synchronously load lazily loaded font '../../../Engine/Content/Slate/Fonts/Roboto-Regular.ttf' (155K)
[2021.04.21-07.26.14:881][  0]LogSlate: Took 0.001849 seconds to synchronously load lazily loaded font '../../../Engine/Content/Editor/Slate/Fonts/NanumGothic.ttf' (4243K)
[2021.04.21-07.26.14:885][  0]LogSlate: Took 0.001675 seconds to synchronously load lazily loaded font '../../../Engine/Content/Editor/Slate/Fonts/NanumGothicBold.ttf' (4188K)
[2021.04.21-07.26.14:885][  0]LogSlate: Took 0.000318 seconds to synchronously load lazily loaded font '../../../Engine/Content/Slate/Fonts/Roboto-Bold.ttf' (160K)
[2021.04.21-07.26.14:887][  0]LogSlate: Took 0.000319 seconds to synchronously load lazily loaded font '../../../Engine/Content/Editor/Slate/Fonts/FontAwesome.ttf' (139K)
[2021.04.21-07.26.14:940][  0]LogRenderer: Reallocating scene render targets to support 1528x632 Format 10 NumSamples 1 (Frame:1).
[2021.04.21-07.26.15:041][  0]LogContentBrowser: Native class hierarchy updated for 'HierarchicalLODOutliner' in 0.0006 seconds. Added 0 classes and 0 folders.
[2021.04.21-07.26.15:041][  0]LogLoad: (Engine Initialization) Total time: 16.18 seconds
[2021.04.21-07.26.15:041][  0]LogLoad: (Engine Initialization) Total Blueprint compile time: 0.00 seconds
[2021.04.21-07.26.15:098][  0]LogAssetRegistry: Asset discovery search completed in 9.8973 seconds
[2021.04.21-07.26.15:103][  0]LogCollectionManager: Fixed up redirectors for 0 collections in 0.000003 seconds (updated 0 objects)
[2021.04.21-07.26.15:104][  0]LogContentStreaming: Texture pool size now 1000 MB
[2021.04.21-07.26.15:112][  0]LogTemp: Resetting audio stream to device id 
[2021.04.21-07.26.15:143][  0]LogAudioMixer: Display: 0: FrontLeft
[2021.04.21-07.26.15:143][  0]LogAudioMixer: Display: 1: FrontRight
[2021.04.21-07.26.15:259][  0]LogSlate: Took 0.000338 seconds to synchronously load lazily loaded font '../../../Engine/Content/Slate/Fonts/Roboto-Light.ttf' (167K)
[2021.04.21-07.26.15:394][  1]LogFileCache: Retrieving MD5 hashes for directory 'C:/Wire-Hunter/work/choi/WireHunter/Content/' took 0.33s
[2021.04.21-07.26.16:397][  4]LogSlate: Took 0.000490 seconds to synchronously load lazily loaded font '../../../Engine/Content/Slate/Fonts/Roboto-Light.ttf' (167K)
[2021.04.21-07.26.41:097][293]LogAssetEditorSubsystem: Opening Asset editor for World /Game/ThirdPersonCPP/Maps/GameLevel.GameLevel
[2021.04.21-07.26.41:111][293]LogUObjectHash: Compacting FUObjectHashTables data took   0.83ms
[2021.04.21-07.26.41:112][293]Cmd: MAP LOAD FILE="../../../../../../Wire-Hunter/work/choi/WireHunter/Content/ThirdPersonCPP/Maps/GameLevel.umap" TEMPLATE=0 SHOWPROGRESS=1 FEATURELEVEL=3
[2021.04.21-07.26.41:112][293]LightingResults: New page: 라이팅 빌드
[2021.04.21-07.26.41:114][293]LogContentBrowser: Native class hierarchy updated for 'StatsViewer' in 0.0006 seconds. Added 6 classes and 0 folders.
[2021.04.21-07.26.41:114][293]LoadErrors: New page: 맵 로드중: GameLevel.umap
[2021.04.21-07.26.41:114][293]LogWorld: UWorld::CleanupWorld for Untitled, bSessionEnded=true, bCleanupResources=true
[2021.04.21-07.26.41:115][293]LogSlate: InvalidateAllWidgets triggered.  All widgets were invalidated
[2021.04.21-07.26.41:115][293]MapCheck: New page: 맵 체크
[2021.04.21-07.26.41:115][293]LightingResults: New page: 라이팅 빌드
[2021.04.21-07.26.41:125][293]LogAISub: UAISubsystem::~UAISubsystem EnvQueryManager (000001BADD990600), frame # 293
[2021.04.21-07.26.41:125][293]LogAISub: UAISubsystem::~UAISubsystem AIPerceptionSystem (000001BADD9A5800), frame # 293
[2021.04.21-07.26.41:126][293]LogUObjectHash: Compacting FUObjectHashTables data took   0.63ms
[2021.04.21-07.26.41:132][293]LogEditorServer: Finished looking for orphan Actors (0.000 secs)
[2021.04.21-07.26.41:132][293]LogAIModule: Creating AISystem for world GameLevel
[2021.04.21-07.26.41:132][293]LogAISub: UAISubsystem::UAISubsystem EnvQueryManager (000001BB712D6800), frame # 293
[2021.04.21-07.26.41:132][293]LogAISub: UAISubsystem::UAISubsystem AIPerceptionSystem (000001BAC5CB2840), frame # 293
[2021.04.21-07.26.41:147][293]LogUObjectHash: Compacting FUObjectHashTables data took   0.66ms
[2021.04.21-07.26.41:165][293]Cmd: MAP CHECKDEP NOCLEARLOG
[2021.04.21-07.26.41:166][293]MapCheck: 맵 체크 완료: 오류 0 회, 경고 0 회, 소요 시간 0.347ms.
[2021.04.21-07.26.41:166][293]LogFileHelpers: Loading map 'GameLevel' took 0.054
[2021.04.21-07.26.42:814][474]LogTemp: Repeating last play command: 선택된 뷰포트
[2021.04.21-07.26.42:828][474]LogPlayLevel: PlayLevel: No blueprints needed recompiling
[2021.04.21-07.26.42:828][474]PIE: New page: PIE 세션: GameLevel (2021. 4. 22. 오전 1:26:42)
[2021.04.21-07.26.42:829][474]LogOnline: OSS: Creating online subsystem instance for: NULL
[2021.04.21-07.26.42:830][474]LogOnline: OSS: TryLoadSubsystemAndSetDefault: Loaded subsystem for module [NULL]
[2021.04.21-07.26.42:830][474]LogPlayLevel: Creating play world package: /Game/ThirdPersonCPP/Maps/UEDPIE_0_GameLevel
[2021.04.21-07.26.42:843][474]LogPlayLevel: PIE: StaticDuplicateObject took: (0.011837s)
[2021.04.21-07.26.42:843][474]LogAIModule: Creating AISystem for world GameLevel
[2021.04.21-07.26.42:843][474]LogAISub: UAISubsystem::UAISubsystem EnvQueryManager (000001BAE8BBFE00), frame # 474
[2021.04.21-07.26.42:843][474]LogAISub: UAISubsystem::UAISubsystem AIPerceptionSystem (000001BB59CAF600), frame # 474
[2021.04.21-07.26.42:844][474]LogPlayLevel: PIE: World Init took: (0.001132s)
[2021.04.21-07.26.42:844][474]LogPlayLevel: PIE: Created PIE world by copying editor world from /Game/ThirdPersonCPP/Maps/GameLevel.GameLevel to /Game/ThirdPersonCPP/Maps/UEDPIE_0_GameLevel.GameLevel (0.013119s)
[2021.04.21-07.26.42:862][474]LogUObjectHash: Compacting FUObjectHashTables data took   0.60ms
[2021.04.21-07.26.42:864][474]LogAudioMixer: Display: Audio Mixer Platform Settings:
[2021.04.21-07.26.42:864][474]LogAudioMixer: Display: 	Sample Rate:						  48000
[2021.04.21-07.26.42:864][474]LogAudioMixer: Display: 	Callback Buffer Frame Size Requested: 1024
[2021.04.21-07.26.42:864][474]LogAudioMixer: Display: 	Callback Buffer Frame Size To Use:	  1024
[2021.04.21-07.26.42:864][474]LogAudioMixer: Display: 	Number of buffers to queue:			  2
[2021.04.21-07.26.42:864][474]LogAudioMixer: Display: 	Max Channels (voices):				  32
[2021.04.21-07.26.42:864][474]LogAudioMixer: Display: 	Number of Async Source Workers:		  0
[2021.04.21-07.26.42:865][474]LogAudio: Display: AudioDevice MaxSources: 32
[2021.04.21-07.26.42:865][474]LogAudio: Display: Using built-in audio occlusion.
[2021.04.21-07.26.42:865][474]LogAudioMixer: Display: Initializing audio mixer.
[2021.04.21-07.26.42:886][474]LogAudioMixer: Display: 0: FrontLeft
[2021.04.21-07.26.42:886][474]LogAudioMixer: Display: 1: FrontRight
[2021.04.21-07.26.42:938][474]LogAudioMixer: Display: Using Audio Device 헤드폰(SHOQBOX SB7200 SERIES Stereo)
[2021.04.21-07.26.42:938][474]LogAudioMixer: Display: Initializing Sound Submixes...
[2021.04.21-07.26.42:938][474]LogAudioMixer: Display: Creating Master Submix 'MasterSubmixDefault'
[2021.04.21-07.26.42:938][474]LogAudioMixer: Display: Creating Master Submix 'MasterReverbSubmixDefault'
[2021.04.21-07.26.42:939][474]LogAudioMixer: Display: Creating Master Submix 'MasterEQSubmixDefault'
[2021.04.21-07.26.42:948][474]LogInit: FAudioDevice initialized.
[2021.04.21-07.26.42:956][474]LogLoad: Game class is 'WireHunterGameMode'
[2021.04.21-07.26.42:958][474]LogWorld: Bringing World /Game/ThirdPersonCPP/Maps/UEDPIE_0_GameLevel.GameLevel up for play (max tick rate 0) at 2021.04.21-16.26.42
[2021.04.21-07.26.42:958][474]LogWorld: Bringing up level for play took: 0.001634
[2021.04.21-07.26.42:958][474]LogOnline: OSS: Creating online subsystem instance for: :Context_2
[2021.04.21-07.26.42:962][474]LogContentBrowser: Native class hierarchy updated for 'MovieSceneCapture' in 0.0007 seconds. Added 20 classes and 0 folders.
[2021.04.21-07.26.42:966][474]Cmd: ShowFlag.Bones 2
[2021.04.21-07.26.42:966][474]ShowFlag.Bones = "2"
[2021.04.21-07.26.42:966][474]PIE: 서버가 로그인했습니다.
[2021.04.21-07.26.42:968][474]PIE: 에디터에서 플레이 총 시작 시간 0.142초입니다.
[2021.04.21-07.26.49:007][189]LogSlate: Updating window title bar state: overlay mode, drag disabled, window buttons hidden, title bar hidden
[2021.04.21-07.26.49:007][189]LogWorld: BeginTearingDown for /Game/ThirdPersonCPP/Maps/UEDPIE_0_GameLevel
[2021.04.21-07.26.49:007][189]LogWorld: UWorld::CleanupWorld for GameLevel, bSessionEnded=true, bCleanupResources=true
[2021.04.21-07.26.49:008][189]LogSlate: InvalidateAllWidgets triggered.  All widgets were invalidated
[2021.04.21-07.26.49:017][189]LogPlayLevel: Display: Shutting down PIE online subsystems
[2021.04.21-07.26.49:018][189]LogSlate: InvalidateAllWidgets triggered.  All widgets were invalidated
[2021.04.21-07.26.49:031][189]LogSlate: Updating window title bar state: overlay mode, drag disabled, window buttons hidden, title bar hidden
[2021.04.21-07.26.49:048][189]LogAISub: UAISubsystem::~UAISubsystem AIPerceptionSystem (000001BB59CAF600), frame # 1189
[2021.04.21-07.26.49:048][189]LogAISub: UAISubsystem::~UAISubsystem EnvQueryManager (000001BAE8BBFE00), frame # 1189
[2021.04.21-07.26.49:049][189]LogUObjectHash: Compacting FUObjectHashTables data took   0.65ms
[2021.04.21-07.26.49:077][190]LogPlayLevel: Display: Destroying online subsystem :Context_2
[2021.04.21-07.26.49:780][268]LogTemp: Repeating last play command: 선택된 뷰포트
[2021.04.21-07.26.49:796][268]LogPlayLevel: PlayLevel: No blueprints needed recompiling
[2021.04.21-07.26.49:796][268]PIE: New page: PIE 세션: GameLevel (2021. 4. 22. 오전 1:26:49)
[2021.04.21-07.26.49:833][268]LogPlayLevel: Creating play world package: /Game/ThirdPersonCPP/Maps/UEDPIE_0_GameLevel
[2021.04.21-07.26.49:848][268]LogPlayLevel: PIE: StaticDuplicateObject took: (0.014479s)
[2021.04.21-07.26.49:849][268]LogAIModule: Creating AISystem for world GameLevel
[2021.04.21-07.26.49:849][268]LogAISub: UAISubsystem::UAISubsystem EnvQueryManager (000001BB712D6000), frame # 1268
[2021.04.21-07.26.49:849][268]LogAISub: UAISubsystem::UAISubsystem AIPerceptionSystem (000001BB59BBB880), frame # 1268
[2021.04.21-07.26.49:849][268]LogPlayLevel: PIE: World Init took: (0.001416s)
[2021.04.21-07.26.49:849][268]LogPlayLevel: PIE: Created PIE world by copying editor world from /Game/ThirdPersonCPP/Maps/GameLevel.GameLevel to /Game/ThirdPersonCPP/Maps/UEDPIE_0_GameLevel.GameLevel (0.016129s)
[2021.04.21-07.26.49:865][268]LogUObjectHash: Compacting FUObjectHashTables data took   0.97ms
[2021.04.21-07.26.49:867][268]LogAudioMixer: Display: Audio Mixer Platform Settings:
[2021.04.21-07.26.49:867][268]LogAudioMixer: Display: 	Sample Rate:						  48000
[2021.04.21-07.26.49:867][268]LogAudioMixer: Display: 	Callback Buffer Frame Size Requested: 1024
[2021.04.21-07.26.49:867][268]LogAudioMixer: Display: 	Callback Buffer Frame Size To Use:	  1024
[2021.04.21-07.26.49:867][268]LogAudioMixer: Display: 	Number of buffers to queue:			  2
[2021.04.21-07.26.49:867][268]LogAudioMixer: Display: 	Max Channels (voices):				  32
[2021.04.21-07.26.49:868][268]LogAudioMixer: Display: 	Number of Async Source Workers:		  0
[2021.04.21-07.26.49:868][268]LogAudio: Display: AudioDevice MaxSources: 32
[2021.04.21-07.26.49:868][268]LogAudio: Display: Using built-in audio occlusion.
[2021.04.21-07.26.49:868][268]LogAudioMixer: Display: Initializing audio mixer.
[2021.04.21-07.26.49:892][268]LogAudioMixer: Display: 0: FrontLeft
[2021.04.21-07.26.49:892][268]LogAudioMixer: Display: 1: FrontRight
[2021.04.21-07.26.49:943][268]LogAudioMixer: Display: Using Audio Device 헤드폰(SHOQBOX SB7200 SERIES Stereo)
[2021.04.21-07.26.49:943][268]LogAudioMixer: Display: Initializing Sound Submixes...
[2021.04.21-07.26.49:943][268]LogAudioMixer: Display: Creating Master Submix 'MasterSubmixDefault'
[2021.04.21-07.26.49:943][268]LogAudioMixer: Display: Creating Master Submix 'MasterReverbSubmixDefault'
[2021.04.21-07.26.49:944][268]LogAudioMixer: Display: Creating Master Submix 'MasterEQSubmixDefault'
[2021.04.21-07.26.49:954][268]LogInit: FAudioDevice initialized.
[2021.04.21-07.26.49:959][268]LogLoad: Game class is 'WireHunterGameMode'
[2021.04.21-07.26.49:960][268]LogWorld: Bringing World /Game/ThirdPersonCPP/Maps/UEDPIE_0_GameLevel.GameLevel up for play (max tick rate 0) at 2021.04.21-16.26.49
[2021.04.21-07.26.49:961][268]LogWorld: Bringing up level for play took: 0.001599
[2021.04.21-07.26.49:961][268]LogOnline: OSS: Creating online subsystem instance for: :Context_3
[2021.04.21-07.26.49:966][268]Cmd: ShowFlag.Bones 2
[2021.04.21-07.26.49:966][268]ShowFlag.Bones = "2"
[2021.04.21-07.26.49:967][268]PIE: 서버가 로그인했습니다.
[2021.04.21-07.26.49:968][268]PIE: 에디터에서 플레이 총 시작 시간 0.175초입니다.
[2021.04.21-07.26.56:807][ 80]LogSlate: Updating window title bar state: overlay mode, drag disabled, window buttons hidden, title bar hidden
[2021.04.21-07.26.56:807][ 80]LogWorld: BeginTearingDown for /Game/ThirdPersonCPP/Maps/UEDPIE_0_GameLevel
[2021.04.21-07.26.56:807][ 80]LogWorld: UWorld::CleanupWorld for GameLevel, bSessionEnded=true, bCleanupResources=true
[2021.04.21-07.26.56:807][ 80]LogSlate: InvalidateAllWidgets triggered.  All widgets were invalidated
[2021.04.21-07.26.56:817][ 80]LogPlayLevel: Display: Shutting down PIE online subsystems
[2021.04.21-07.26.56:819][ 80]LogSlate: InvalidateAllWidgets triggered.  All widgets were invalidated
[2021.04.21-07.26.56:833][ 80]LogSlate: Updating window title bar state: overlay mode, drag disabled, window buttons hidden, title bar hidden
[2021.04.21-07.26.56:849][ 80]LogAISub: UAISubsystem::~UAISubsystem AIPerceptionSystem (000001BB59BBB880), frame # 2080
[2021.04.21-07.26.56:849][ 80]LogAISub: UAISubsystem::~UAISubsystem EnvQueryManager (000001BB712D6000), frame # 2080
[2021.04.21-07.26.56:850][ 80]LogUObjectHash: Compacting FUObjectHashTables data took   0.61ms
[2021.04.21-07.26.56:874][ 81]LogPlayLevel: Display: Destroying online subsystem :Context_3
[2021.04.21-07.26.57:648][168]LogTemp: Repeating last play command: 선택된 뷰포트
[2021.04.21-07.26.57:661][168]LogPlayLevel: PlayLevel: No blueprints needed recompiling
[2021.04.21-07.26.57:661][168]PIE: New page: PIE 세션: GameLevel (2021. 4. 22. 오전 1:26:57)
[2021.04.21-07.26.57:683][168]LogPlayLevel: Creating play world package: /Game/ThirdPersonCPP/Maps/UEDPIE_0_GameLevel
[2021.04.21-07.26.57:693][168]LogPlayLevel: PIE: StaticDuplicateObject took: (0.009768s)
[2021.04.21-07.26.57:694][168]LogAIModule: Creating AISystem for world GameLevel
[2021.04.21-07.26.57:694][168]LogAISub: UAISubsystem::UAISubsystem EnvQueryManager (000001BB712D7400), frame # 2168
[2021.04.21-07.26.57:694][168]LogAISub: UAISubsystem::UAISubsystem AIPerceptionSystem (000001BB59B76C00), frame # 2168
[2021.04.21-07.26.57:694][168]LogPlayLevel: PIE: World Init took: (0.001709s)
[2021.04.21-07.26.57:695][168]LogPlayLevel: PIE: Created PIE world by copying editor world from /Game/ThirdPersonCPP/Maps/GameLevel.GameLevel to /Game/ThirdPersonCPP/Maps/UEDPIE_0_GameLevel.GameLevel (0.011764s)
[2021.04.21-07.26.57:710][168]LogUObjectHash: Compacting FUObjectHashTables data took   0.80ms
[2021.04.21-07.26.57:712][168]LogAudioMixer: Display: Audio Mixer Platform Settings:
[2021.04.21-07.26.57:712][168]LogAudioMixer: Display: 	Sample Rate:						  48000
[2021.04.21-07.26.57:712][168]LogAudioMixer: Display: 	Callback Buffer Frame Size Requested: 1024
[2021.04.21-07.26.57:712][168]LogAudioMixer: Display: 	Callback Buffer Frame Size To Use:	  1024
[2021.04.21-07.26.57:712][168]LogAudioMixer: Display: 	Number of buffers to queue:			  2
[2021.04.21-07.26.57:712][168]LogAudioMixer: Display: 	Max Channels (voices):				  32
[2021.04.21-07.26.57:712][168]LogAudioMixer: Display: 	Number of Async Source Workers:		  0
[2021.04.21-07.26.57:712][168]LogAudio: Display: AudioDevice MaxSources: 32
[2021.04.21-07.26.57:712][168]LogAudio: Display: Using built-in audio occlusion.
[2021.04.21-07.26.57:712][168]LogAudioMixer: Display: Initializing audio mixer.
[2021.04.21-07.26.57:737][168]LogAudioMixer: Display: 0: FrontLeft
[2021.04.21-07.26.57:737][168]LogAudioMixer: Display: 1: FrontRight
[2021.04.21-07.26.57:793][168]LogAudioMixer: Display: Using Audio Device 헤드폰(SHOQBOX SB7200 SERIES Stereo)
[2021.04.21-07.26.57:794][168]LogAudioMixer: Display: Initializing Sound Submixes...
[2021.04.21-07.26.57:794][168]LogAudioMixer: Display: Creating Master Submix 'MasterSubmixDefault'
[2021.04.21-07.26.57:794][168]LogAudioMixer: Display: Creating Master Submix 'MasterReverbSubmixDefault'
[2021.04.21-07.26.57:795][168]LogAudioMixer: Display: Creating Master Submix 'MasterEQSubmixDefault'
[2021.04.21-07.26.57:804][168]LogInit: FAudioDevice initialized.
[2021.04.21-07.26.57:816][168]LogLoad: Game class is 'WireHunterGameMode'
[2021.04.21-07.26.57:818][168]LogWorld: Bringing World /Game/ThirdPersonCPP/Maps/UEDPIE_0_GameLevel.GameLevel up for play (max tick rate 0) at 2021.04.21-16.26.57
[2021.04.21-07.26.57:818][168]LogWorld: Bringing up level for play took: 0.001534
[2021.04.21-07.26.57:818][168]LogOnline: OSS: Creating online subsystem instance for: :Context_4
[2021.04.21-07.26.57:823][168]Cmd: ShowFlag.Bones 2
[2021.04.21-07.26.57:823][168]ShowFlag.Bones = "2"
[2021.04.21-07.26.57:824][168]PIE: 서버가 로그인했습니다.
[2021.04.21-07.26.57:824][168]PIE: 에디터에서 플레이 총 시작 시간 0.166초입니다.
[2021.04.21-07.27.06:428][194]LogSlate: Updating window title bar state: overlay mode, drag disabled, window buttons hidden, title bar hidden
[2021.04.21-07.27.06:428][194]LogWorld: BeginTearingDown for /Game/ThirdPersonCPP/Maps/UEDPIE_0_GameLevel
[2021.04.21-07.27.06:428][194]LogWorld: UWorld::CleanupWorld for GameLevel, bSessionEnded=true, bCleanupResources=true
[2021.04.21-07.27.06:428][194]LogSlate: InvalidateAllWidgets triggered.  All widgets were invalidated
[2021.04.21-07.27.06:437][194]LogPlayLevel: Display: Shutting down PIE online subsystems
[2021.04.21-07.27.06:438][194]LogSlate: InvalidateAllWidgets triggered.  All widgets were invalidated
[2021.04.21-07.27.06:449][194]LogSlate: Updating window title bar state: overlay mode, drag disabled, window buttons hidden, title bar hidden
[2021.04.21-07.27.06:465][194]LogAISub: UAISubsystem::~UAISubsystem AIPerceptionSystem (000001BB59B76C00), frame # 3194
[2021.04.21-07.27.06:465][194]LogAISub: UAISubsystem::~UAISubsystem EnvQueryManager (000001BB712D7400), frame # 3194
[2021.04.21-07.27.06:466][194]LogUObjectHash: Compacting FUObjectHashTables data took   0.63ms
[2021.04.21-07.27.06:522][196]LogPlayLevel: Display: Destroying online subsystem :Context_4
[2021.04.21-07.27.07:263][285]LogTemp: Repeating last play command: 선택된 뷰포트
[2021.04.21-07.27.07:276][285]LogPlayLevel: PlayLevel: No blueprints needed recompiling
[2021.04.21-07.27.07:276][285]PIE: New page: PIE 세션: GameLevel (2021. 4. 22. 오전 1:27:07)
[2021.04.21-07.27.07:303][285]LogPlayLevel: Creating play world package: /Game/ThirdPersonCPP/Maps/UEDPIE_0_GameLevel
[2021.04.21-07.27.07:313][285]LogPlayLevel: PIE: StaticDuplicateObject took: (0.010322s)
[2021.04.21-07.27.07:315][285]LogAIModule: Creating AISystem for world GameLevel
[2021.04.21-07.27.07:315][285]LogAISub: UAISubsystem::UAISubsystem EnvQueryManager (000001BB712D7800), frame # 3285
[2021.04.21-07.27.07:315][285]LogAISub: UAISubsystem::UAISubsystem AIPerceptionSystem (000001BB5998AD40), frame # 3285
[2021.04.21-07.27.07:315][285]LogPlayLevel: PIE: World Init took: (0.001566s)
[2021.04.21-07.27.07:315][285]LogPlayLevel: PIE: Created PIE world by copying editor world from /Game/ThirdPersonCPP/Maps/GameLevel.GameLevel to /Game/ThirdPersonCPP/Maps/UEDPIE_0_GameLevel.GameLevel (0.012082s)
[2021.04.21-07.27.07:329][285]LogUObjectHash: Compacting FUObjectHashTables data took   0.71ms
[2021.04.21-07.27.07:330][285]LogAudioMixer: Display: Audio Mixer Platform Settings:
[2021.04.21-07.27.07:330][285]LogAudioMixer: Display: 	Sample Rate:						  48000
[2021.04.21-07.27.07:330][285]LogAudioMixer: Display: 	Callback Buffer Frame Size Requested: 1024
[2021.04.21-07.27.07:330][285]LogAudioMixer: Display: 	Callback Buffer Frame Size To Use:	  1024
[2021.04.21-07.27.07:330][285]LogAudioMixer: Display: 	Number of buffers to queue:			  2
[2021.04.21-07.27.07:330][285]LogAudioMixer: Display: 	Max Channels (voices):				  32
[2021.04.21-07.27.07:330][285]LogAudioMixer: Display: 	Number of Async Source Workers:		  0
[2021.04.21-07.27.07:330][285]LogAudio: Display: AudioDevice MaxSources: 32
[2021.04.21-07.27.07:331][285]LogAudio: Display: Using built-in audio occlusion.
[2021.04.21-07.27.07:331][285]LogAudioMixer: Display: Initializing audio mixer.
[2021.04.21-07.27.07:354][285]LogAudioMixer: Display: 0: FrontLeft
[2021.04.21-07.27.07:354][285]LogAudioMixer: Display: 1: FrontRight
[2021.04.21-07.27.07:406][285]LogAudioMixer: Display: Using Audio Device 헤드폰(SHOQBOX SB7200 SERIES Stereo)
[2021.04.21-07.27.07:406][285]LogAudioMixer: Display: Initializing Sound Submixes...
[2021.04.21-07.27.07:406][285]LogAudioMixer: Display: Creating Master Submix 'MasterSubmixDefault'
[2021.04.21-07.27.07:406][285]LogAudioMixer: Display: Creating Master Submix 'MasterReverbSubmixDefault'
[2021.04.21-07.27.07:406][285]LogAudioMixer: Display: Creating Master Submix 'MasterEQSubmixDefault'
[2021.04.21-07.27.07:417][285]LogInit: FAudioDevice initialized.
[2021.04.21-07.27.07:422][285]LogLoad: Game class is 'WireHunterGameMode'
[2021.04.21-07.27.07:424][285]LogWorld: Bringing World /Game/ThirdPersonCPP/Maps/UEDPIE_0_GameLevel.GameLevel up for play (max tick rate 0) at 2021.04.21-16.27.07
[2021.04.21-07.27.07:425][285]LogWorld: Bringing up level for play took: 0.001733
[2021.04.21-07.27.07:425][285]LogOnline: OSS: Creating online subsystem instance for: :Context_5
[2021.04.21-07.27.07:429][285]Cmd: ShowFlag.Bones 2
[2021.04.21-07.27.07:429][285]ShowFlag.Bones = "2"
[2021.04.21-07.27.07:430][285]PIE: 서버가 로그인했습니다.
[2021.04.21-07.27.07:431][285]PIE: 에디터에서 플레이 총 시작 시간 0.157초입니다.
[2021.04.21-07.27.09:938][579]LogSlate: Updating window title bar state: overlay mode, drag disabled, window buttons hidden, title bar hidden
[2021.04.21-07.27.09:938][579]LogWorld: BeginTearingDown for /Game/ThirdPersonCPP/Maps/UEDPIE_0_GameLevel
[2021.04.21-07.27.09:938][579]LogWorld: UWorld::CleanupWorld for GameLevel, bSessionEnded=true, bCleanupResources=true
[2021.04.21-07.27.09:938][579]LogSlate: InvalidateAllWidgets triggered.  All widgets were invalidated
[2021.04.21-07.27.09:946][579]LogPlayLevel: Display: Shutting down PIE online subsystems
[2021.04.21-07.27.09:948][579]LogSlate: InvalidateAllWidgets triggered.  All widgets were invalidated
[2021.04.21-07.27.09:962][579]LogSlate: Updating window title bar state: overlay mode, drag disabled, window buttons hidden, title bar hidden
[2021.04.21-07.27.09:978][579]LogAISub: UAISubsystem::~UAISubsystem AIPerceptionSystem (000001BB5998AD40), frame # 3579
[2021.04.21-07.27.09:978][579]LogAISub: UAISubsystem::~UAISubsystem EnvQueryManager (000001BB712D7800), frame # 3579
[2021.04.21-07.27.09:978][579]LogUObjectHash: Compacting FUObjectHashTables data took   0.61ms
[2021.04.21-07.27.10:038][581]LogPlayLevel: Display: Destroying online subsystem :Context_5
[2021.04.21-07.27.10:679][658]LogTemp: Repeating last play command: 선택된 뷰포트
[2021.04.21-07.27.10:693][658]LogPlayLevel: PlayLevel: No blueprints needed recompiling
[2021.04.21-07.27.10:693][658]PIE: New page: PIE 세션: GameLevel (2021. 4. 22. 오전 1:27:10)
[2021.04.21-07.27.10:713][658]LogPlayLevel: Creating play world package: /Game/ThirdPersonCPP/Maps/UEDPIE_0_GameLevel
[2021.04.21-07.27.10:723][658]LogPlayLevel: PIE: StaticDuplicateObject took: (0.009662s)
[2021.04.21-07.27.10:724][658]LogAIModule: Creating AISystem for world GameLevel
[2021.04.21-07.27.10:724][658]LogAISub: UAISubsystem::UAISubsystem EnvQueryManager (000001BADD993000), frame # 3658
[2021.04.21-07.27.10:724][658]LogAISub: UAISubsystem::UAISubsystem AIPerceptionSystem (000001BAE88339C0), frame # 3658
[2021.04.21-07.27.10:724][658]LogPlayLevel: PIE: World Init took: (0.001297s)
[2021.04.21-07.27.10:724][658]LogPlayLevel: PIE: Created PIE world by copying editor world from /Game/ThirdPersonCPP/Maps/GameLevel.GameLevel to /Game/ThirdPersonCPP/Maps/UEDPIE_0_GameLevel.GameLevel (0.011191s)
[2021.04.21-07.27.10:736][658]LogUObjectHash: Compacting FUObjectHashTables data took   0.61ms
[2021.04.21-07.27.10:737][658]LogAudioMixer: Display: Audio Mixer Platform Settings:
[2021.04.21-07.27.10:737][658]LogAudioMixer: Display: 	Sample Rate:						  48000
[2021.04.21-07.27.10:737][658]LogAudioMixer: Display: 	Callback Buffer Frame Size Requested: 1024
[2021.04.21-07.27.10:737][658]LogAudioMixer: Display: 	Callback Buffer Frame Size To Use:	  1024
[2021.04.21-07.27.10:737][658]LogAudioMixer: Display: 	Number of buffers to queue:			  2
[2021.04.21-07.27.10:737][658]LogAudioMixer: Display: 	Max Channels (voices):				  32
[2021.04.21-07.27.10:737][658]LogAudioMixer: Display: 	Number of Async Source Workers:		  0
[2021.04.21-07.27.10:737][658]LogAudio: Display: AudioDevice MaxSources: 32
[2021.04.21-07.27.10:738][658]LogAudio: Display: Using built-in audio occlusion.
[2021.04.21-07.27.10:738][658]LogAudioMixer: Display: Initializing audio mixer.
[2021.04.21-07.27.10:761][658]LogAudioMixer: Display: 0: FrontLeft
[2021.04.21-07.27.10:761][658]LogAudioMixer: Display: 1: FrontRight
[2021.04.21-07.27.10:816][658]LogAudioMixer: Display: Using Audio Device 헤드폰(SHOQBOX SB7200 SERIES Stereo)
[2021.04.21-07.27.10:816][658]LogAudioMixer: Display: Initializing Sound Submixes...
[2021.04.21-07.27.10:816][658]LogAudioMixer: Display: Creating Master Submix 'MasterSubmixDefault'
[2021.04.21-07.27.10:816][658]LogAudioMixer: Display: Creating Master Submix 'MasterReverbSubmixDefault'
[2021.04.21-07.27.10:817][658]LogAudioMixer: Display: Creating Master Submix 'MasterEQSubmixDefault'
[2021.04.21-07.27.10:826][658]LogInit: FAudioDevice initialized.
[2021.04.21-07.27.10:834][658]LogLoad: Game class is 'WireHunterGameMode'
[2021.04.21-07.27.10:836][658]LogWorld: Bringing World /Game/ThirdPersonCPP/Maps/UEDPIE_0_GameLevel.GameLevel up for play (max tick rate 0) at 2021.04.21-16.27.10
[2021.04.21-07.27.10:836][658]LogWorld: Bringing up level for play took: 0.001602
[2021.04.21-07.27.10:836][658]LogOnline: OSS: Creating online subsystem instance for: :Context_6
[2021.04.21-07.27.10:841][658]Cmd: ShowFlag.Bones 2
[2021.04.21-07.27.10:841][658]ShowFlag.Bones = "2"
[2021.04.21-07.27.10:841][658]PIE: 서버가 로그인했습니다.
[2021.04.21-07.27.10:842][658]PIE: 에디터에서 플레이 총 시작 시간 0.152초입니다.
[2021.04.21-07.27.13:589][979]LogSlate: Updating window title bar state: overlay mode, drag disabled, window buttons hidden, title bar hidden
[2021.04.21-07.27.13:589][979]LogWorld: BeginTearingDown for /Game/ThirdPersonCPP/Maps/UEDPIE_0_GameLevel
[2021.04.21-07.27.13:590][979]LogWorld: UWorld::CleanupWorld for GameLevel, bSessionEnded=true, bCleanupResources=true
[2021.04.21-07.27.13:590][979]LogSlate: InvalidateAllWidgets triggered.  All widgets were invalidated
[2021.04.21-07.27.13:597][979]LogPlayLevel: Display: Shutting down PIE online subsystems
[2021.04.21-07.27.13:599][979]LogSlate: InvalidateAllWidgets triggered.  All widgets were invalidated
[2021.04.21-07.27.13:612][979]LogSlate: Updating window title bar state: overlay mode, drag disabled, window buttons hidden, title bar hidden
[2021.04.21-07.27.13:627][979]LogAISub: UAISubsystem::~UAISubsystem AIPerceptionSystem (000001BAE88339C0), frame # 3979
[2021.04.21-07.27.13:627][979]LogAISub: UAISubsystem::~UAISubsystem EnvQueryManager (000001BADD993000), frame # 3979
[2021.04.21-07.27.13:628][979]LogUObjectHash: Compacting FUObjectHashTables data took   0.87ms
[2021.04.21-07.27.13:656][980]LogPlayLevel: Display: Destroying online subsystem :Context_6
[2021.04.21-07.27.14:253][ 49]LogTemp: Repeating last play command: 선택된 뷰포트
[2021.04.21-07.27.14:267][ 49]LogPlayLevel: PlayLevel: No blueprints needed recompiling
[2021.04.21-07.27.14:267][ 49]PIE: New page: PIE 세션: GameLevel (2021. 4. 22. 오전 1:27:14)
[2021.04.21-07.27.14:303][ 49]LogPlayLevel: Creating play world package: /Game/ThirdPersonCPP/Maps/UEDPIE_0_GameLevel
[2021.04.21-07.27.14:315][ 49]LogPlayLevel: PIE: StaticDuplicateObject took: (0.012018s)
[2021.04.21-07.27.14:316][ 49]LogAIModule: Creating AISystem for world GameLevel
[2021.04.21-07.27.14:316][ 49]LogAISub: UAISubsystem::UAISubsystem EnvQueryManager (000001BADD993000), frame # 4049
[2021.04.21-07.27.14:316][ 49]LogAISub: UAISubsystem::UAISubsystem AIPerceptionSystem (000001BAC5CB1D00), frame # 4049
[2021.04.21-07.27.14:316][ 49]LogPlayLevel: PIE: World Init took: (0.000938s)
[2021.04.21-07.27.14:316][ 49]LogPlayLevel: PIE: Created PIE world by copying editor world from /Game/ThirdPersonCPP/Maps/GameLevel.GameLevel to /Game/ThirdPersonCPP/Maps/UEDPIE_0_GameLevel.GameLevel (0.013138s)
[2021.04.21-07.27.14:331][ 49]LogUObjectHash: Compacting FUObjectHashTables data took   0.61ms
[2021.04.21-07.27.14:332][ 49]LogAudioMixer: Display: Audio Mixer Platform Settings:
[2021.04.21-07.27.14:332][ 49]LogAudioMixer: Display: 	Sample Rate:						  48000
[2021.04.21-07.27.14:332][ 49]LogAudioMixer: Display: 	Callback Buffer Frame Size Requested: 1024
[2021.04.21-07.27.14:332][ 49]LogAudioMixer: Display: 	Callback Buffer Frame Size To Use:	  1024
[2021.04.21-07.27.14:333][ 49]LogAudioMixer: Display: 	Number of buffers to queue:			  2
[2021.04.21-07.27.14:333][ 49]LogAudioMixer: Display: 	Max Channels (voices):				  32
[2021.04.21-07.27.14:333][ 49]LogAudioMixer: Display: 	Number of Async Source Workers:		  0
[2021.04.21-07.27.14:333][ 49]LogAudio: Display: AudioDevice MaxSources: 32
[2021.04.21-07.27.14:333][ 49]LogAudio: Display: Using built-in audio occlusion.
[2021.04.21-07.27.14:333][ 49]LogAudioMixer: Display: Initializing audio mixer.
[2021.04.21-07.27.14:356][ 49]LogAudioMixer: Display: 0: FrontLeft
[2021.04.21-07.27.14:356][ 49]LogAudioMixer: Display: 1: FrontRight
[2021.04.21-07.27.14:407][ 49]LogAudioMixer: Display: Using Audio Device 헤드폰(SHOQBOX SB7200 SERIES Stereo)
[2021.04.21-07.27.14:407][ 49]LogAudioMixer: Display: Initializing Sound Submixes...
[2021.04.21-07.27.14:408][ 49]LogAudioMixer: Display: Creating Master Submix 'MasterSubmixDefault'
[2021.04.21-07.27.14:408][ 49]LogAudioMixer: Display: Creating Master Submix 'MasterReverbSubmixDefault'
[2021.04.21-07.27.14:408][ 49]LogAudioMixer: Display: Creating Master Submix 'MasterEQSubmixDefault'
[2021.04.21-07.27.14:418][ 49]LogInit: FAudioDevice initialized.
[2021.04.21-07.27.14:426][ 49]LogLoad: Game class is 'WireHunterGameMode'
[2021.04.21-07.27.14:428][ 49]LogWorld: Bringing World /Game/ThirdPersonCPP/Maps/UEDPIE_0_GameLevel.GameLevel up for play (max tick rate 0) at 2021.04.21-16.27.14
[2021.04.21-07.27.14:428][ 49]LogWorld: Bringing up level for play took: 0.001529
[2021.04.21-07.27.14:428][ 49]LogOnline: OSS: Creating online subsystem instance for: :Context_7
[2021.04.21-07.27.14:432][ 49]Cmd: ShowFlag.Bones 2
[2021.04.21-07.27.14:432][ 49]ShowFlag.Bones = "2"
[2021.04.21-07.27.14:433][ 49]PIE: 서버가 로그인했습니다.
[2021.04.21-07.27.14:434][ 49]PIE: 에디터에서 플레이 총 시작 시간 0.169초입니다.
[2021.04.21-07.27.21:187][853]LogSlate: Updating window title bar state: overlay mode, drag disabled, window buttons hidden, title bar hidden
[2021.04.21-07.27.21:187][853]LogWorld: BeginTearingDown for /Game/ThirdPersonCPP/Maps/UEDPIE_0_GameLevel
[2021.04.21-07.27.21:187][853]LogWorld: UWorld::CleanupWorld for GameLevel, bSessionEnded=true, bCleanupResources=true
[2021.04.21-07.27.21:187][853]LogSlate: InvalidateAllWidgets triggered.  All widgets were invalidated
[2021.04.21-07.27.21:198][853]LogPlayLevel: Display: Shutting down PIE online subsystems
[2021.04.21-07.27.21:200][853]LogSlate: InvalidateAllWidgets triggered.  All widgets were invalidated
[2021.04.21-07.27.21:214][853]LogSlate: Updating window title bar state: overlay mode, drag disabled, window buttons hidden, title bar hidden
[2021.04.21-07.27.21:230][853]LogAISub: UAISubsystem::~UAISubsystem AIPerceptionSystem (000001BAC5CB1D00), frame # 4853
[2021.04.21-07.27.21:230][853]LogAISub: UAISubsystem::~UAISubsystem EnvQueryManager (000001BADD993000), frame # 4853
[2021.04.21-07.27.21:230][853]LogUObjectHash: Compacting FUObjectHashTables data took   0.63ms
[2021.04.21-07.27.21:258][855]LogPlayLevel: Display: Destroying online subsystem :Context_7
[2021.04.21-07.27.49:839][389]LogAssetEditorSubsystem: Opening Asset editor for Blueprint /Game/ThirdPersonCPP/Blueprints/BP_WHCharacter.BP_WHCharacter
[2021.04.21-07.27.50:072][389]LogContentBrowser: Native class hierarchy updated for 'BlueprintGraph' in 0.0008 seconds. Added 125 classes and 0 folders.
[2021.04.21-07.27.51:092][389]LogSlate: Took 0.000463 seconds to synchronously load lazily loaded font '../../../Engine/Content/Slate/Fonts/Roboto-BoldCondensed.ttf' (158K)
[2021.04.21-07.27.52:936][574]LogSlate: Took 0.000341 seconds to synchronously load lazily loaded font '../../../Engine/Content/Slate/Fonts/Roboto-Italic.ttf' (157K)
[2021.04.21-07.27.53:059][583]LogSlate: Window 'BP_WHCharacter' being destroyed
[2021.04.21-07.29.00:775][ 53]LogHotReload: New module detected: UE4Editor-WireHunter-0037.dll
[2021.04.21-07.29.01:476][ 56]LogHotReload: Starting Hot-Reload from IDE
[2021.04.21-07.29.01:845][ 56]LogHotReload: Re-instancing PickUp after hot-reload.
[2021.04.21-07.29.01:878][ 56]LogHotReload: Re-instancing WireHunterCharacter after hot-reload.
[2021.04.21-07.29.01:987][ 56]LogContentBrowser: Native class hierarchy updated for 'WireHunter' in 0.0007 seconds. Added 14 classes and 2 folders.
[2021.04.21-07.29.01:990][ 56]Display: HotReload successful (1 functions remapped  0 scriptstructs remapped)
[2021.04.21-07.29.04:318][ 56]LogThreadingWindows: Error: Runnable thread PoolThread 37 crashed.
[2021.04.21-07.29.04:318][ 56]LogThreadingWindows: Error: Runnable thread PoolThread 39 crashed.
[2021.04.21-07.29.04:331][ 56]Log file closed, 04/21/21 16:29:04
