Log file open, 03/31/21 13:23:37
LogInit: Display: Running engine for game: WireHunter
LogPlatformFile: Not using cached read wrapper
LogTaskGraph: Started task graph with 5 named threads and 35 total threads with 3 sets of task threads.
LogStats: Stats thread started at 0.689941
LogD3D11RHI: Loaded GFSDK_Aftermath_Lib.x64.dll
LogICUInternationalization: ICU TimeZone Detection - Raw Offset: +9:00, Platform Override: ''
LogPluginManager: Mounting plugin Paper2D
LogPluginManager: Mounting plugin AISupport
LogPluginManager: Mounting plugin LightPropagationVolume
LogPluginManager: Mounting plugin CameraShakePreviewer
LogPluginManager: Mounting plugin ActorLayerUtilities
LogPluginManager: Mounting plugin AnimationSharing
LogPluginManager: Mounting plugin CLionSourceCodeAccess
LogPluginManager: Mounting plugin CodeLiteSourceCodeAccess
LogPluginManager: Mounting plugin GitSourceControl
LogPluginManager: Mounting plugin KDevelopSourceCodeAccess
LogPluginManager: Mounting plugin NullSourceCodeAccess
LogPluginManager: Mounting plugin PerforceSourceControl
LogPluginManager: Mounting plugin PlasticSourceControl
LogPluginManager: Mounting plugin RiderSourceCodeAccess
LogPluginManager: Mounting plugin SubversionSourceControl
LogPluginManager: Mounting plugin UObjectPlugin
LogPluginManager: Mounting plugin VisualStudioCodeSourceCodeAccess
LogPluginManager: Mounting plugin VisualStudioSourceCodeAccess
LogPluginManager: Mounting plugin XCodeSourceCodeAccess
LogPluginManager: Mounting plugin AssetManagerEditor
LogPluginManager: Mounting plugin CryptoKeys
LogPluginManager: Mounting plugin CurveEditorTools
LogPluginManager: Mounting plugin DataValidation
LogPluginManager: Mounting plugin EditorScriptingUtilities
LogPluginManager: Mounting plugin FacialAnimation
LogPluginManager: Mounting plugin GameplayTagsEditor
LogPluginManager: Mounting plugin GeometryMode
LogPluginManager: Mounting plugin MacGraphicsSwitching
LogPluginManager: Mounting plugin MaterialAnalyzer
LogPluginManager: Mounting plugin MobileLauncherProfileWizard
LogPluginManager: Mounting plugin PluginBrowser
LogPluginManager: Mounting plugin SpeedTreeImporter
LogPluginManager: Mounting plugin DatasmithContent
LogPluginManager: Mounting plugin VariantManagerContent
LogPluginManager: Mounting plugin AlembicImporter
LogPluginManager: Mounting plugin AutomationUtils
LogPluginManager: Mounting plugin BackChannel
LogPluginManager: Mounting plugin ChaosCloth
LogPluginManager: Mounting plugin ChaosClothEditor
LogPluginManager: Mounting plugin ChaosEditor
LogPluginManager: Mounting plugin ChaosNiagara
LogPluginManager: Mounting plugin ChaosSolverPlugin
LogPluginManager: Mounting plugin CharacterAI
LogPluginManager: Mounting plugin GeometryCache
LogPluginManager: Mounting plugin GeometryCollectionPlugin
LogPluginManager: Mounting plugin GeometryProcessing
LogPluginManager: Mounting plugin PlanarCut
LogPluginManager: Mounting plugin PlatformCrypto
LogPluginManager: Mounting plugin ProxyLODPlugin
LogPluginManager: Mounting plugin SkeletalReduction
LogPluginManager: Mounting plugin Niagara
LogPluginManager: Mounting plugin MagicLeap
LogPluginManager: Mounting plugin MagicLeapLightEstimation
LogPluginManager: Mounting plugin MagicLeapMedia
LogPluginManager: Mounting plugin MagicLeapPassableWorld
LogPluginManager: Mounting plugin MLSDK
LogPluginManager: Mounting plugin AndroidMedia
LogPluginManager: Mounting plugin AvfMedia
LogPluginManager: Mounting plugin ImgMedia
LogPluginManager: Mounting plugin MediaCompositing
LogPluginManager: Mounting plugin MediaPlayerEditor
LogPluginManager: Mounting plugin WebMMedia
LogPluginManager: Mounting plugin WmfMedia
LogPluginManager: Mounting plugin MeshPainting
LogPluginManager: Mounting plugin TcpMessaging
LogPluginManager: Mounting plugin UdpMessaging
LogPluginManager: Mounting plugin ActorSequence
LogPluginManager: Mounting plugin LevelSequenceEditor
LogPluginManager: Mounting plugin MatineeToLevelSequence
LogPluginManager: Mounting plugin MovieRenderPipeline
LogPluginManager: Mounting plugin TemplateSequence
LogPluginManager: Mounting plugin NetcodeUnitTest
LogPluginManager: Mounting plugin NUTUnrealEngine4
LogPluginManager: Mounting plugin OnlineSubsystemGooglePlay
LogPluginManager: Mounting plugin OnlineSubsystemIOS
LogPluginManager: Mounting plugin OnlineSubsystem
LogPluginManager: Mounting plugin OnlineSubsystemNull
LogPluginManager: Mounting plugin OnlineSubsystemUtils
LogPluginManager: Mounting plugin LauncherChunkInstaller
LogPluginManager: Mounting plugin AndroidDeviceProfileSelector
LogPluginManager: Mounting plugin AndroidMoviePlayer
LogPluginManager: Mounting plugin AndroidPermission
LogPluginManager: Mounting plugin AppleImageUtils
LogPluginManager: Mounting plugin AppleMoviePlayer
LogPluginManager: Mounting plugin ArchVisCharacter
LogPluginManager: Mounting plugin AssetTags
LogPluginManager: Mounting plugin AudioCapture
LogPluginManager: Mounting plugin CableComponent
LogPluginManager: Mounting plugin CustomMeshComponent
LogPluginManager: Mounting plugin EditableMesh
LogPluginManager: Mounting plugin ExampleDeviceProfileSelector
LogPluginManager: Mounting plugin GoogleCloudMessaging
LogPluginManager: Mounting plugin GooglePAD
LogPluginManager: Mounting plugin IOSDeviceProfileSelector
LogPluginManager: Mounting plugin LinuxDeviceProfileSelector
LogPluginManager: Mounting plugin LocationServicesBPLibrary
LogPluginManager: Mounting plugin MobilePatchingUtils
LogPluginManager: Mounting plugin OculusVR
LogPluginManager: Mounting plugin PhysXVehicles
LogPluginManager: Mounting plugin PostSplashScreen
LogPluginManager: Mounting plugin ProceduralMeshComponent
LogPluginManager: Mounting plugin RuntimePhysXCooking
LogPluginManager: Mounting plugin SignificanceManager
LogPluginManager: Mounting plugin SoundFields
LogPluginManager: Mounting plugin SteamVR
LogPluginManager: Mounting plugin Synthesis
LogPluginManager: Mounting plugin WebMMoviePlayer
LogPluginManager: Mounting plugin WindowsMoviePlayer
LogPluginManager: Mounting plugin ScreenshotTools
LogInit: Warning: Incompatible or missing module: WireHunter
Running C:/Program Files/Epic Games/UE_4.25/Engine/Binaries/DotNET/UnrealBuildTool.exe Development Win64 -Project="C:/Wire-Hunter/work/choi/WireHunter/WireHunter.uproject" -TargetType=Editor -Progress -NoEngineChanges -NoHotReloadFromIDE
Invalidating makefile for WireHunterEditor (source file added)
@progress push 5%
Parsing headers for WireHunterEditor
  Running UnrealHeaderTool "C:\Wire-Hunter\work\choi\WireHunter\WireHunter.uproject" "C:\Wire-Hunter\work\choi\WireHunter\Intermediate\Build\Win64\WireHunterEditor\Development\WireHunterEditor.uhtmanifest" -LogCmds="loginit warning, logexit warning, logdatabase error" -Unattended -WarningsAsErrors -abslog="C:\Users\????ȣ\AppData\Local\UnrealBuildTool\Log_UHT.txt" -installed
Reflection code generated for WireHunterEditor in 25.7251968 seconds
@progress pop
Deleted hot-reload file: C:\Wire-Hunter\work\choi\WireHunter\Binaries\Win64\UE4Editor-WireHunter-0003.dll
Deleted hot-reload file: C:\Wire-Hunter\work\choi\WireHunter\Binaries\Win64\UE4Editor-WireHunter-0005.dll
Deleted hot-reload file: C:\Wire-Hunter\work\choi\WireHunter\Binaries\Win64\UE4Editor-WireHunter-0007.dll
Deleted hot-reload file: C:\Wire-Hunter\work\choi\WireHunter\Binaries\Win64\UE4Editor-WireHunter-0009.dll
Deleted hot-reload file: C:\Wire-Hunter\work\choi\WireHunter\Intermediate\Build\Win64\UE4Editor\Development\WireHunter\UE4Editor-WireHunter-0003.lib
Deleted hot-reload file: C:\Wire-Hunter\work\choi\WireHunter\Intermediate\Build\Win64\UE4Editor\Development\WireHunter\UE4Editor-WireHunter-0005.lib
Deleted hot-reload file: C:\Wire-Hunter\work\choi\WireHunter\Intermediate\Build\Win64\UE4Editor\Development\WireHunter\UE4Editor-WireHunter-0007.lib
Deleted hot-reload file: C:\Wire-Hunter\work\choi\WireHunter\Intermediate\Build\Win64\UE4Editor\Development\WireHunter\UE4Editor-WireHunter-0009.lib
Building WireHunterEditor...
Using Visual Studio 2019 14.27.29111 toolchain (C:\Program Files (x86)\Microsoft Visual Studio\2019\Community\VC\Tools\MSVC\14.27.29110) and Windows 10.0.18362.0 SDK (C:\Program Files (x86)\Windows Kits\10).
Building 31 actions with 12 processes...
  @progress 'Compiling C++ source code...' 0%
  @progress 'Compiling C++ source code...' 3%
  [1/31] Default.rc2
  @progress 'Compiling C++ source code...' 6%
  [2/31] SharedPCH.Engine.ShadowErrors.cpp
  @progress 'Compiling C++ source code...' 10%
  [3/31] WireHunter.cpp
  @progress 'Compiling C++ source code...' 13%
  [4/31] MyLevelScriptActor.cpp
  @progress 'Compiling C++ source code...' 16%
  [5/31] MyHUD.cpp
  @progress 'Compiling C++ source code...' 19%
  [6/31] Dragon.cpp
  @progress 'Compiling C++ source code...' 23%
  [7/31] WireHunterGameMode.cpp
  @progress 'Compiling C++ source code...' 26%
  [8/31] PickUp.cpp
  @progress 'Compiling C++ source code...' 29%
  [9/31] Bullet.cpp
  @progress 'Compiling C++ source code...' 32%
  [10/31] Bullet.gen.cpp
  @progress 'Compiling C++ source code...' 35%
  [11/31] WireHunter.init.gen.cpp
  @progress 'Compiling C++ source code...' 39%
  [12/31] WireHunterGameMode.gen.cpp
  @progress 'Compiling C++ source code...' 42%
  [13/31] WireHunterCharacter.gen.cpp
  @progress 'Compiling C++ source code...' 45%
  [14/31] Dragon.gen.cpp
  @progress 'Compiling C++ source code...' 48%
  [15/31] MyHUD.gen.cpp
  @progress 'Compiling C++ source code...' 52%
  [16/31] PickUp.gen.cpp
  @progress 'Compiling C++ source code...' 55%
  [17/31] MyLevelScriptActor.gen.cpp
  @progress 'Compiling C++ source code...' 58%
  [18/31] EditorDoll.cpp
  @progress 'Compiling C++ source code...' 61%
  [19/31] EditorGameMode.cpp
  @progress 'Compiling C++ source code...' 65%
  [20/31] EditorPawn.cpp
  @progress 'Compiling C++ source code...' 68%
  [21/31] EditorPlayerController.cpp
  @progress 'Compiling C++ source code...' 71%
  [22/31] EditorPawn.gen.cpp
  @progress 'Compiling C++ source code...' 74%
  [23/31] EditorDoll.gen.cpp
  @progress 'Compiling C++ source code...' 77%
  [24/31] EditorGameMode.gen.cpp
  @progress 'Compiling C++ source code...' 81%
  [25/31] EditorPlayerController.gen.cpp
  @progress 'Compiling C++ source code...' 84%
  [26/31] WireHunterCharacter.cpp
  @progress 'Compiling C++ source code...' 87%
  [27/31] HealthBar.cpp
  @progress 'Compiling C++ source code...' 90%
  [28/31] HealthBar.gen.cpp
  @progress 'Compiling C++ source code...' 94%
  [29/31] UE4Editor-WireHunter.lib
     C:\Wire-Hunter\work\choi\WireHunter\Intermediate\Build\Win64\UE4Editor\Development\WireHunter\UE4Editor-WireHunter.lib ???̺귯?? ?? C:\Wire-Hunter\work\choi\WireHunter\Intermediate\Build\Win64\UE4Editor\Development\WireHunter\UE4Editor-WireHunter.exp ??ü?? ?????ϰ? ?ֽ??ϴ?.
  @progress 'Compiling C++ source code...' 97%
  [30/31] UE4Editor-WireHunter.dll
     C:\Wire-Hunter\work\choi\WireHunter\Intermediate\Build\Win64\UE4Editor\Development\WireHunter\UE4Editor-WireHunter.suppressed.lib ???̺귯?? ?? C:\Wire-Hunter\work\choi\WireHunter\Intermediate\Build\Win64\UE4Editor\Development\WireHunter\UE4Editor-WireHunter.suppressed.exp ??ü?? ?????ϰ? ?ֽ??ϴ?.
  @progress 'Compiling C++ source code...' 100%
  [31/31] WireHunterEditor.target
  WARNING: Unable to read 'C:\Wire-Hunter\work\choi\WireHunter\Binaries\Win64\UE4Editor.modules'; ignoring.
Total time in Parallel executor: 34.78 seconds
Total execution time: 63.69 seconds
LogInit: Using libcurl 7.55.1-DEV
LogInit:  - built for x86_64-pc-win32
LogInit:  - supports SSL with OpenSSL/1.1.1
LogInit:  - supports HTTP deflate (compression) using libz 1.2.8
LogInit:  - other features:
LogInit:      CURL_VERSION_SSL
LogInit:      CURL_VERSION_LIBZ
LogInit:      CURL_VERSION_IPV6
LogInit:      CURL_VERSION_ASYNCHDNS
LogInit:      CURL_VERSION_LARGEFILE
LogInit:      CURL_VERSION_IDN
LogInit:  CurlRequestOptions (configurable via config and command line):
LogInit:  - bVerifyPeer = true  - Libcurl will verify peer certificate
LogInit:  - bUseHttpProxy = false  - Libcurl will NOT use HTTP proxy
LogInit:  - bDontReuseConnections = false  - Libcurl will reuse connections
LogInit:  - MaxHostConnections = 16  - Libcurl will limit the number of connections to a host
LogInit:  - LocalHostAddr = Default
LogInit:  - BufferSize = 65536
LogOnline: OSS: Creating online subsystem instance for: NULL
LogInit: WinSock: version 1.1 (2.2), MaxSocks=32767, MaxUdp=65467
LogOnline: OSS: TryLoadSubsystemAndSetDefault: Loaded subsystem for module [NULL]
LogInit: Build: ++UE4+Release-4.25-CL-14469661
LogInit: Engine Version: 4.25.4-14469661+++UE4+Release-4.25
LogInit: Compatible Engine Version: 4.25.0-13144385+++UE4+Release-4.25
LogInit: Net CL: 13144385
LogInit: OS: Windows 10 (Release 2004) (), CPU: AMD Ryzen 5 2600X Six-Core Processor           , GPU: NVIDIA GeForce GTX 1060 6GB
LogInit: Compiled (64-bit): Oct 11 2020 08:10:49
LogInit: Compiled with Visual C++: 19.24.28315.00
LogInit: Build Configuration: Development
LogInit: Branch Name: ++UE4+Release-4.25
LogInit: Command Line: 
LogInit: Base Directory: C:/Program Files/Epic Games/UE_4.25/Engine/Binaries/Win64/
LogInit: Allocator: TBB
LogInit: Installed Engine Build: 1
LogDevObjectVersion: Number of dev versions registered: 26
LogDevObjectVersion:   Dev-Blueprints (B0D832E4-1F89-4F0D-ACCF-7EB736FD4AA2): 10
LogDevObjectVersion:   Dev-Build (E1C64328-A22C-4D53-A36C-8E866417BD8C): 0
LogDevObjectVersion:   Dev-Core (375EC13C-06E4-48FB-B500-84F0262A717E): 4
LogDevObjectVersion:   Dev-Editor (E4B068ED-F494-42E9-A231-DA0B2E46BB41): 38
LogDevObjectVersion:   Dev-Framework (CFFC743F-43B0-4480-9391-14DF171D2073): 37
LogDevObjectVersion:   Dev-Mobile (B02B49B5-BB20-44E9-A304-32B752E40360): 2
LogDevObjectVersion:   Dev-Networking (A4E4105C-59A1-49B5-A7C5-40C4547EDFEE): 0
LogDevObjectVersion:   Dev-Online (39C831C9-5AE6-47DC-9A44-9C173E1C8E7C): 0
LogDevObjectVersion:   Dev-Physics (78F01B33-EBEA-4F98-B9B4-84EACCB95AA2): 4
LogDevObjectVersion:   Dev-Platform (6631380F-2D4D-43E0-8009-CF276956A95A): 0
LogDevObjectVersion:   Dev-Rendering (12F88B9F-8875-4AFC-A67C-D90C383ABD29): 43
LogDevObjectVersion:   Dev-Sequencer (7B5AE74C-D270-4C10-A958-57980B212A5A): 12
LogDevObjectVersion:   Dev-VR (D7296918-1DD6-4BDD-9DE2-64A83CC13884): 3
LogDevObjectVersion:   Dev-LoadTimes (C2A15278-BFE7-4AFE-6C17-90FF531DF755): 1
LogDevObjectVersion:   Private-Geometry (6EACA3D4-40EC-4CC1-B786-8BED09428FC5): 3
LogDevObjectVersion:   Dev-AnimPhys (29E575DD-E0A3-4627-9D10-D276232CDCEA): 17
LogDevObjectVersion:   Dev-Anim (AF43A65D-7FD3-4947-9873-3E8ED9C1BB05): 7
LogDevObjectVersion:   Dev-ReflectionCapture (6B266CEC-1EC7-4B8F-A30B-E4D90942FC07): 1
LogDevObjectVersion:   Dev-Automation (0DF73D61-A23F-47EA-B727-89E90C41499A): 1
LogDevObjectVersion:   FortniteMain (601D1886-AC64-4F84-AA16-D3DE0DEAC7D6): 31
LogDevObjectVersion:   Dev-Enterprise (9DFFBCD6-494F-0158-E221-12823C92A888): 10
LogDevObjectVersion:   Dev-Niagara (F2AED0AC-9AFE-416F-8664-AA7FFA26D6FC): 1
LogDevObjectVersion:   Dev-Destruction (174F1F0B-B4C6-45A5-B13F-2EE8D0FB917D): 10
LogDevObjectVersion:   Dev-Physics-Ext (35F94A83-E258-406C-A318-09F59610247C): 37
LogDevObjectVersion:   Dev-PhysicsMaterial-Chaos (B68FC16E-8B1B-42E2-B453-215C058844FE): 1
LogDevObjectVersion:   Dev-CineCamera (B2E18506-4273-CFC2-A54E-F4BB758BBA07): 1
LogInit: Presizing for max 25165824 objects, including 0 objects not considered by GC, pre-allocating 0 bytes for permanent pool.
LogConfig: Applying CVar settings from Section [/Script/Engine.StreamingSettings] File [C:/Wire-Hunter/work/choi/WireHunter/Saved/Config/Windows/Engine.ini]
LogConfig: Setting CVar [[s.MinBulkDataSizeForAsyncLoading:131072]]
LogConfig: Setting CVar [[s.AsyncLoadingThreadEnabled:0]]
LogConfig: Setting CVar [[s.EventDrivenLoaderEnabled:1]]
LogConfig: Setting CVar [[s.WarnIfTimeLimitExceeded:0]]
LogConfig: Setting CVar [[s.TimeLimitExceededMultiplier:1.5]]
LogConfig: Setting CVar [[s.TimeLimitExceededMinTime:0.005]]
LogConfig: Setting CVar [[s.UseBackgroundLevelStreaming:1]]
LogConfig: Setting CVar [[s.PriorityAsyncLoadingExtraTime:15.0]]
LogConfig: Setting CVar [[s.LevelStreamingActorsUpdateTimeLimit:5.0]]
LogConfig: Setting CVar [[s.PriorityLevelStreamingActorsUpdateExtraTime:5.0]]
LogConfig: Setting CVar [[s.LevelStreamingComponentsRegistrationGranularity:10]]
LogConfig: Setting CVar [[s.UnregisterComponentsTimeLimit:1.0]]
LogConfig: Setting CVar [[s.LevelStreamingComponentsUnregistrationGranularity:5]]
LogConfig: Setting CVar [[s.FlushStreamingOnExit:1]]
LogInit: Object subsystem initialized
LogConfig: Setting CVar [[con.DebugEarlyDefault:1]]
LogConfig: Setting CVar [[r.setres:1280x720]]
[2021.03.31-04.24.48:232][  0]LogConfig: Setting CVar [[r.VSync:0]]
[2021.03.31-04.24.48:232][  0]LogConfig: Setting CVar [[r.RHICmdBypass:0]]
[2021.03.31-04.24.48:232][  0]LogConfig: Applying CVar settings from Section [/Script/Engine.RendererSettings] File [C:/Wire-Hunter/work/choi/WireHunter/Saved/Config/Windows/Engine.ini]
[2021.03.31-04.24.48:232][  0]LogConfig: Setting CVar [[r.GPUCrashDebugging:0]]
[2021.03.31-04.24.48:232][  0]LogConfig: Applying CVar settings from Section [/Script/Engine.RendererOverrideSettings] File [C:/Wire-Hunter/work/choi/WireHunter/Saved/Config/Windows/Engine.ini]
[2021.03.31-04.24.48:232][  0]LogConfig: Applying CVar settings from Section [/Script/Engine.StreamingSettings] File [C:/Wire-Hunter/work/choi/WireHunter/Saved/Config/Windows/Engine.ini]
[2021.03.31-04.24.48:232][  0]LogConfig: Setting CVar [[s.MinBulkDataSizeForAsyncLoading:131072]]
[2021.03.31-04.24.48:232][  0]LogConfig: Setting CVar [[s.AsyncLoadingThreadEnabled:0]]
[2021.03.31-04.24.48:232][  0]LogConfig: Setting CVar [[s.EventDrivenLoaderEnabled:1]]
[2021.03.31-04.24.48:232][  0]LogConfig: Setting CVar [[s.WarnIfTimeLimitExceeded:0]]
[2021.03.31-04.24.48:232][  0]LogConfig: Setting CVar [[s.TimeLimitExceededMultiplier:1.5]]
[2021.03.31-04.24.48:232][  0]LogConfig: Setting CVar [[s.TimeLimitExceededMinTime:0.005]]
[2021.03.31-04.24.48:232][  0]LogConfig: Setting CVar [[s.UseBackgroundLevelStreaming:1]]
[2021.03.31-04.24.48:232][  0]LogConfig: Setting CVar [[s.PriorityAsyncLoadingExtraTime:15.0]]
[2021.03.31-04.24.48:232][  0]LogConfig: Setting CVar [[s.LevelStreamingActorsUpdateTimeLimit:5.0]]
[2021.03.31-04.24.48:232][  0]LogConfig: Setting CVar [[s.PriorityLevelStreamingActorsUpdateExtraTime:5.0]]
[2021.03.31-04.24.48:232][  0]LogConfig: Setting CVar [[s.LevelStreamingComponentsRegistrationGranularity:10]]
[2021.03.31-04.24.48:232][  0]LogConfig: Setting CVar [[s.UnregisterComponentsTimeLimit:1.0]]
[2021.03.31-04.24.48:232][  0]LogConfig: Setting CVar [[s.LevelStreamingComponentsUnregistrationGranularity:5]]
[2021.03.31-04.24.48:232][  0]LogConfig: Setting CVar [[s.FlushStreamingOnExit:1]]
[2021.03.31-04.24.48:232][  0]LogConfig: Applying CVar settings from Section [/Script/Engine.GarbageCollectionSettings] File [C:/Wire-Hunter/work/choi/WireHunter/Saved/Config/Windows/Engine.ini]
[2021.03.31-04.24.48:232][  0]LogConfig: Setting CVar [[gc.MaxObjectsNotConsideredByGC:1]]
[2021.03.31-04.24.48:232][  0]LogConfig: Setting CVar [[gc.SizeOfPermanentObjectPool:0]]
[2021.03.31-04.24.48:232][  0]LogConfig: Setting CVar [[gc.FlushStreamingOnGC:0]]
[2021.03.31-04.24.48:232][  0]LogConfig: Setting CVar [[gc.NumRetriesBeforeForcingGC:10]]
[2021.03.31-04.24.48:232][  0]LogConfig: Setting CVar [[gc.AllowParallelGC:1]]
[2021.03.31-04.24.48:232][  0]LogConfig: Setting CVar [[gc.TimeBetweenPurgingPendingKillObjects:61.1]]
[2021.03.31-04.24.48:232][  0]LogConfig: Setting CVar [[gc.MaxObjectsInEditor:25165824]]
[2021.03.31-04.24.48:232][  0]LogConfig: Setting CVar [[gc.IncrementalBeginDestroyEnabled:1]]
[2021.03.31-04.24.48:232][  0]LogConfig: Setting CVar [[gc.CreateGCClusters:1]]
[2021.03.31-04.24.48:232][  0]LogConfig: Setting CVar [[gc.MinGCClusterSize:5]]
[2021.03.31-04.24.48:232][  0]LogConfig: Setting CVar [[gc.ActorClusteringEnabled:0]]
[2021.03.31-04.24.48:232][  0]LogConfig: Setting CVar [[gc.BlueprintClusteringEnabled:0]]
[2021.03.31-04.24.48:232][  0]LogConfig: Setting CVar [[gc.UseDisregardForGCOnDedicatedServers:0]]
[2021.03.31-04.24.48:232][  0]LogConfig: Applying CVar settings from Section [/Script/Engine.NetworkSettings] File [C:/Wire-Hunter/work/choi/WireHunter/Saved/Config/Windows/Engine.ini]
[2021.03.31-04.24.48:232][  0]LogConfig: Applying CVar settings from Section [/Script/UnrealEd.CookerSettings] File [C:/Wire-Hunter/work/choi/WireHunter/Saved/Config/Windows/Engine.ini]
[2021.03.31-04.24.48:241][  0]LogConfig: Applying CVar settings from Section [ViewDistanceQuality@3] File [C:/Wire-Hunter/work/choi/WireHunter/Saved/Config/Windows/Scalability.ini]
[2021.03.31-04.24.48:241][  0]LogConfig: Setting CVar [[r.SkeletalMeshLODBias:0]]
[2021.03.31-04.24.48:241][  0]LogConfig: Setting CVar [[r.ViewDistanceScale:1.0]]
[2021.03.31-04.24.48:241][  0]LogConfig: Applying CVar settings from Section [AntiAliasingQuality@3] File [C:/Wire-Hunter/work/choi/WireHunter/Saved/Config/Windows/Scalability.ini]
[2021.03.31-04.24.48:241][  0]LogConfig: Setting CVar [[r.PostProcessAAQuality:4]]
[2021.03.31-04.24.48:241][  0]LogConfig: Applying CVar settings from Section [ShadowQuality@3] File [C:/Wire-Hunter/work/choi/WireHunter/Saved/Config/Windows/Scalability.ini]
[2021.03.31-04.24.48:241][  0]LogConfig: Setting CVar [[r.LightFunctionQuality:1]]
[2021.03.31-04.24.48:241][  0]LogConfig: Setting CVar [[r.ShadowQuality:5]]
[2021.03.31-04.24.48:241][  0]LogConfig: Setting CVar [[r.Shadow.CSM.MaxCascades:10]]
[2021.03.31-04.24.48:241][  0]LogConfig: Setting CVar [[r.Shadow.MaxResolution:2048]]
[2021.03.31-04.24.48:241][  0]LogConfig: Setting CVar [[r.Shadow.MaxCSMResolution:2048]]
[2021.03.31-04.24.48:241][  0]LogConfig: Setting CVar [[r.Shadow.RadiusThreshold:0.01]]
[2021.03.31-04.24.48:241][  0]LogConfig: Setting CVar [[r.Shadow.DistanceScale:1.0]]
[2021.03.31-04.24.48:241][  0]LogConfig: Setting CVar [[r.Shadow.CSM.TransitionScale:1.0]]
[2021.03.31-04.24.48:241][  0]LogConfig: Setting CVar [[r.Shadow.PreShadowResolutionFactor:1.0]]
[2021.03.31-04.24.48:241][  0]LogConfig: Setting CVar [[r.DistanceFieldShadowing:1]]
[2021.03.31-04.24.48:241][  0]LogConfig: Setting CVar [[r.DistanceFieldAO:1]]
[2021.03.31-04.24.48:241][  0]LogConfig: Setting CVar [[r.AOQuality:2]]
[2021.03.31-04.24.48:241][  0]LogConfig: Setting CVar [[r.VolumetricFog:1]]
[2021.03.31-04.24.48:241][  0]LogConfig: Setting CVar [[r.VolumetricFog.GridPixelSize:8]]
[2021.03.31-04.24.48:241][  0]LogConfig: Setting CVar [[r.VolumetricFog.GridSizeZ:128]]
[2021.03.31-04.24.48:241][  0]LogConfig: Setting CVar [[r.VolumetricFog.HistoryMissSupersampleCount:4]]
[2021.03.31-04.24.48:241][  0]LogConfig: Setting CVar [[r.LightMaxDrawDistanceScale:1]]
[2021.03.31-04.24.48:241][  0]LogConfig: Setting CVar [[r.CapsuleShadows:1]]
[2021.03.31-04.24.48:241][  0]LogConfig: Applying CVar settings from Section [PostProcessQuality@3] File [C:/Wire-Hunter/work/choi/WireHunter/Saved/Config/Windows/Scalability.ini]
[2021.03.31-04.24.48:241][  0]LogConfig: Setting CVar [[r.MotionBlurQuality:4]]
[2021.03.31-04.24.48:241][  0]LogConfig: Setting CVar [[r.AmbientOcclusionMipLevelFactor:0.4]]
[2021.03.31-04.24.48:241][  0]LogConfig: Setting CVar [[r.AmbientOcclusionMaxQuality:100]]
[2021.03.31-04.24.48:241][  0]LogConfig: Setting CVar [[r.AmbientOcclusionLevels:-1]]
[2021.03.31-04.24.48:241][  0]LogConfig: Setting CVar [[r.AmbientOcclusionRadiusScale:1.0]]
[2021.03.31-04.24.48:241][  0]LogConfig: Setting CVar [[r.DepthOfFieldQuality:2]]
[2021.03.31-04.24.48:241][  0]LogConfig: Setting CVar [[r.RenderTargetPoolMin:400]]
[2021.03.31-04.24.48:241][  0]LogConfig: Setting CVar [[r.LensFlareQuality:2]]
[2021.03.31-04.24.48:241][  0]LogConfig: Setting CVar [[r.SceneColorFringeQuality:1]]
[2021.03.31-04.24.48:241][  0]LogConfig: Setting CVar [[r.EyeAdaptationQuality:2]]
[2021.03.31-04.24.48:241][  0]LogConfig: Setting CVar [[r.BloomQuality:5]]
[2021.03.31-04.24.48:241][  0]LogConfig: Setting CVar [[r.FastBlurThreshold:100]]
[2021.03.31-04.24.48:241][  0]LogConfig: Setting CVar [[r.Upscale.Quality:3]]
[2021.03.31-04.24.48:241][  0]LogConfig: Setting CVar [[r.Tonemapper.GrainQuantization:1]]
[2021.03.31-04.24.48:241][  0]LogConfig: Setting CVar [[r.LightShaftQuality:1]]
[2021.03.31-04.24.48:241][  0]LogConfig: Setting CVar [[r.Filter.SizeScale:1]]
[2021.03.31-04.24.48:241][  0]LogConfig: Setting CVar [[r.Tonemapper.Quality:5]]
[2021.03.31-04.24.48:241][  0]LogConfig: Setting CVar [[r.DOF.Gather.AccumulatorQuality:1        ; higher gathering accumulator quality]]
[2021.03.31-04.24.48:241][  0]LogConfig: Setting CVar [[r.DOF.Gather.PostfilterMethod:1          ; Median3x3 postfilering method]]
[2021.03.31-04.24.48:241][  0]LogConfig: Setting CVar [[r.DOF.Gather.EnableBokehSettings:0       ; no bokeh simulation when gathering]]
[2021.03.31-04.24.48:241][  0]LogConfig: Setting CVar [[r.DOF.Gather.RingCount:4                 ; medium number of samples when gathering]]
[2021.03.31-04.24.48:241][  0]LogConfig: Setting CVar [[r.DOF.Scatter.ForegroundCompositing:1    ; additive foreground scattering]]
[2021.03.31-04.24.48:241][  0]LogConfig: Setting CVar [[r.DOF.Scatter.BackgroundCompositing:2    ; additive background scattering]]
[2021.03.31-04.24.48:241][  0]LogConfig: Setting CVar [[r.DOF.Scatter.EnableBokehSettings:1      ; bokeh simulation when scattering]]
[2021.03.31-04.24.48:241][  0]LogConfig: Setting CVar [[r.DOF.Scatter.MaxSpriteRatio:0.1         ; only a maximum of 10% of scattered bokeh]]
[2021.03.31-04.24.48:241][  0]LogConfig: Setting CVar [[r.DOF.Recombine.Quality:1                ; cheap slight out of focus]]
[2021.03.31-04.24.48:241][  0]LogConfig: Setting CVar [[r.DOF.Recombine.EnableBokehSettings:0    ; no bokeh simulation on slight out of focus]]
[2021.03.31-04.24.48:241][  0]LogConfig: Setting CVar [[r.DOF.TemporalAAQuality:1                ; more stable temporal accumulation]]
[2021.03.31-04.24.48:241][  0]LogConfig: Setting CVar [[r.DOF.Kernel.MaxForegroundRadius:0.025]]
[2021.03.31-04.24.48:241][  0]LogConfig: Setting CVar [[r.DOF.Kernel.MaxBackgroundRadius:0.025]]
[2021.03.31-04.24.48:241][  0]LogConfig: Applying CVar settings from Section [TextureQuality@3] File [C:/Wire-Hunter/work/choi/WireHunter/Saved/Config/Windows/Scalability.ini]
[2021.03.31-04.24.48:241][  0]LogConfig: Setting CVar [[r.Streaming.MipBias:0]]
[2021.03.31-04.24.48:241][  0]LogConfig: Setting CVar [[r.Streaming.AmortizeCPUToGPUCopy:0]]
[2021.03.31-04.24.48:241][  0]LogConfig: Setting CVar [[r.Streaming.MaxNumTexturesToStreamPerFrame:0]]
[2021.03.31-04.24.48:241][  0]LogConfig: Setting CVar [[r.Streaming.Boost:1]]
[2021.03.31-04.24.48:241][  0]LogConfig: Setting CVar [[r.MaxAnisotropy:8]]
[2021.03.31-04.24.48:241][  0]LogConfig: Setting CVar [[r.VT.MaxAnisotropy:8]]
[2021.03.31-04.24.48:241][  0]LogConfig: Setting CVar [[r.Streaming.LimitPoolSizeToVRAM:0]]
[2021.03.31-04.24.48:241][  0]LogConfig: Setting CVar [[r.Streaming.PoolSize:1000]]
[2021.03.31-04.24.48:241][  0]LogConfig: Setting CVar [[r.Streaming.MaxEffectiveScreenSize:0]]
[2021.03.31-04.24.48:241][  0]LogConfig: Applying CVar settings from Section [EffectsQuality@3] File [C:/Wire-Hunter/work/choi/WireHunter/Saved/Config/Windows/Scalability.ini]
[2021.03.31-04.24.48:241][  0]LogConfig: Setting CVar [[r.TranslucencyLightingVolumeDim:64]]
[2021.03.31-04.24.48:241][  0]LogConfig: Setting CVar [[r.RefractionQuality:2]]
[2021.03.31-04.24.48:241][  0]LogConfig: Setting CVar [[r.SSR.Quality:3]]
[2021.03.31-04.24.48:241][  0]LogConfig: Setting CVar [[r.SSR.HalfResSceneColor:0]]
[2021.03.31-04.24.48:241][  0]LogConfig: Setting CVar [[r.SceneColorFormat:4]]
[2021.03.31-04.24.48:241][  0]LogConfig: Setting CVar [[r.DetailMode:2]]
[2021.03.31-04.24.48:241][  0]LogConfig: Setting CVar [[r.TranslucencyVolumeBlur:1]]
[2021.03.31-04.24.48:241][  0]LogConfig: Setting CVar [[r.MaterialQualityLevel:1 ; High quality]]
[2021.03.31-04.24.48:241][  0]LogConfig: Setting CVar [[r.SSS.Scale:1]]
[2021.03.31-04.24.48:242][  0]LogConfig: Setting CVar [[r.SSS.SampleSet:2]]
[2021.03.31-04.24.48:242][  0]LogConfig: Setting CVar [[r.SSS.Quality:1]]
[2021.03.31-04.24.48:242][  0]LogConfig: Setting CVar [[r.SSS.HalfRes:0]]
[2021.03.31-04.24.48:242][  0]LogConfig: Setting CVar [[r.SSGI.Quality:3]]
[2021.03.31-04.24.48:242][  0]LogConfig: Setting CVar [[r.EmitterSpawnRateScale:1.0]]
[2021.03.31-04.24.48:242][  0]LogConfig: Setting CVar [[r.ParticleLightQuality:2]]
[2021.03.31-04.24.48:242][  0]LogConfig: Setting CVar [[r.SkyAtmosphere.AerialPerspectiveLUT.FastApplyOnOpaque:1 ; Always have FastSkyLUT 1 in this case to avoid wrong sky]]
[2021.03.31-04.24.48:242][  0]LogConfig: Setting CVar [[r.SkyAtmosphere.AerialPerspectiveLUT.SampleCountPerSlice:1]]
[2021.03.31-04.24.48:242][  0]LogConfig: Setting CVar [[r.SkyAtmosphere.AerialPerspectiveLUT.DepthResolution:16.0]]
[2021.03.31-04.24.48:242][  0]LogConfig: Setting CVar [[r.SkyAtmosphere.FastSkyLUT:1]]
[2021.03.31-04.24.48:242][  0]LogConfig: Setting CVar [[r.SkyAtmosphere.FastSkyLUT.SampleCountMin:4.0]]
[2021.03.31-04.24.48:242][  0]LogConfig: Setting CVar [[r.SkyAtmosphere.FastSkyLUT.SampleCountMax:32.0]]
[2021.03.31-04.24.48:242][  0]LogConfig: Setting CVar [[r.SkyAtmosphere.SampleCountMin:4.0]]
[2021.03.31-04.24.48:242][  0]LogConfig: Setting CVar [[r.SkyAtmosphere.SampleCountMax:32.0]]
[2021.03.31-04.24.48:242][  0]LogConfig: Setting CVar [[r.SkyAtmosphere.TransmittanceLUT.UseSmallFormat:0]]
[2021.03.31-04.24.48:242][  0]LogConfig: Setting CVar [[r.SkyAtmosphere.TransmittanceLUT.SampleCount:10.0]]
[2021.03.31-04.24.48:242][  0]LogConfig: Setting CVar [[r.SkyAtmosphere.MultiScatteringLUT.SampleCount:15.0]]
[2021.03.31-04.24.48:242][  0]LogConfig: Applying CVar settings from Section [FoliageQuality@3] File [C:/Wire-Hunter/work/choi/WireHunter/Saved/Config/Windows/Scalability.ini]
[2021.03.31-04.24.48:242][  0]LogConfig: Setting CVar [[foliage.DensityScale:1.0]]
[2021.03.31-04.24.48:242][  0]LogConfig: Setting CVar [[grass.DensityScale:1.0]]
[2021.03.31-04.24.48:242][  0]LogConfig: Applying CVar settings from Section [ShadingQuality@3] File [C:/Wire-Hunter/work/choi/WireHunter/Saved/Config/Windows/Scalability.ini]
[2021.03.31-04.24.48:242][  0]LogConfig: Setting CVar [[r.HairStrands.SkyLighting.SampleCount:16]]
[2021.03.31-04.24.48:242][  0]LogConfig: Setting CVar [[r.HairStrands.SkyLighting.JitterIntegration:0]]
[2021.03.31-04.24.48:242][  0]LogConfig: Setting CVar [[r.HairStrands.SkyAO.SampleCount:16]]
[2021.03.31-04.24.48:242][  0]LogConfig: Setting CVar [[r.HairStrands.DeepShadow.SuperSampling:0]]
[2021.03.31-04.24.48:242][  0]LogConfig: Setting CVar [[r.HairStrands.VisibilityPPLL:0]]
[2021.03.31-04.24.48:242][  0]LogConfig: Setting CVar [[r.HairStrands.RasterizationScale:0.5]]
[2021.03.31-04.24.48:242][  0]LogConfig: Setting CVar [[r.HairStrands.VelocityRasterizationScale:1]]
[2021.03.31-04.24.48:243][  0]LogInit: Selected Device Profile: [Windows]
[2021.03.31-04.24.48:243][  0]LogInit: Applying CVar settings loaded from the selected device profile: [Windows]
[2021.03.31-04.24.48:244][  0]LogHAL: Display: Platform has ~ 16 GB [17102884864 / 17179869184 / 16], which maps to Larger [LargestMinGB=32, LargerMinGB=12, DefaultMinGB=8, SmallerMinGB=6, SmallestMinGB=0)
[2021.03.31-04.24.48:244][  0]LogInit: Going up to parent DeviceProfile []
[2021.03.31-04.24.48:244][  0]LogConfig: Applying CVar settings from Section [ViewDistanceQuality@3] File [C:/Wire-Hunter/work/choi/WireHunter/Saved/Config/Windows/Scalability.ini]
[2021.03.31-04.24.48:244][  0]LogConfig: Setting CVar [[r.SkeletalMeshLODBias:0]]
[2021.03.31-04.24.48:244][  0]LogConfig: Setting CVar [[r.ViewDistanceScale:1.0]]
[2021.03.31-04.24.48:244][  0]LogConfig: Applying CVar settings from Section [AntiAliasingQuality@3] File [C:/Wire-Hunter/work/choi/WireHunter/Saved/Config/Windows/Scalability.ini]
[2021.03.31-04.24.48:244][  0]LogConfig: Setting CVar [[r.PostProcessAAQuality:4]]
[2021.03.31-04.24.48:244][  0]LogConfig: Applying CVar settings from Section [ShadowQuality@3] File [C:/Wire-Hunter/work/choi/WireHunter/Saved/Config/Windows/Scalability.ini]
[2021.03.31-04.24.48:244][  0]LogConfig: Setting CVar [[r.LightFunctionQuality:1]]
[2021.03.31-04.24.48:244][  0]LogConfig: Setting CVar [[r.ShadowQuality:5]]
[2021.03.31-04.24.48:244][  0]LogConfig: Setting CVar [[r.Shadow.CSM.MaxCascades:10]]
[2021.03.31-04.24.48:244][  0]LogConfig: Setting CVar [[r.Shadow.MaxResolution:2048]]
[2021.03.31-04.24.48:244][  0]LogConfig: Setting CVar [[r.Shadow.MaxCSMResolution:2048]]
[2021.03.31-04.24.48:244][  0]LogConfig: Setting CVar [[r.Shadow.RadiusThreshold:0.01]]
[2021.03.31-04.24.48:244][  0]LogConfig: Setting CVar [[r.Shadow.DistanceScale:1.0]]
[2021.03.31-04.24.48:244][  0]LogConfig: Setting CVar [[r.Shadow.CSM.TransitionScale:1.0]]
[2021.03.31-04.24.48:244][  0]LogConfig: Setting CVar [[r.Shadow.PreShadowResolutionFactor:1.0]]
[2021.03.31-04.24.48:244][  0]LogConfig: Setting CVar [[r.DistanceFieldShadowing:1]]
[2021.03.31-04.24.48:244][  0]LogConfig: Setting CVar [[r.DistanceFieldAO:1]]
[2021.03.31-04.24.48:244][  0]LogConfig: Setting CVar [[r.AOQuality:2]]
[2021.03.31-04.24.48:244][  0]LogConfig: Setting CVar [[r.VolumetricFog:1]]
[2021.03.31-04.24.48:244][  0]LogConfig: Setting CVar [[r.VolumetricFog.GridPixelSize:8]]
[2021.03.31-04.24.48:244][  0]LogConfig: Setting CVar [[r.VolumetricFog.GridSizeZ:128]]
[2021.03.31-04.24.48:244][  0]LogConfig: Setting CVar [[r.VolumetricFog.HistoryMissSupersampleCount:4]]
[2021.03.31-04.24.48:244][  0]LogConfig: Setting CVar [[r.LightMaxDrawDistanceScale:1]]
[2021.03.31-04.24.48:244][  0]LogConfig: Setting CVar [[r.CapsuleShadows:1]]
[2021.03.31-04.24.48:244][  0]LogConfig: Applying CVar settings from Section [PostProcessQuality@3] File [C:/Wire-Hunter/work/choi/WireHunter/Saved/Config/Windows/Scalability.ini]
[2021.03.31-04.24.48:244][  0]LogConfig: Setting CVar [[r.MotionBlurQuality:4]]
[2021.03.31-04.24.48:244][  0]LogConfig: Setting CVar [[r.AmbientOcclusionMipLevelFactor:0.4]]
[2021.03.31-04.24.48:244][  0]LogConfig: Setting CVar [[r.AmbientOcclusionMaxQuality:100]]
[2021.03.31-04.24.48:244][  0]LogConfig: Setting CVar [[r.AmbientOcclusionLevels:-1]]
[2021.03.31-04.24.48:244][  0]LogConfig: Setting CVar [[r.AmbientOcclusionRadiusScale:1.0]]
[2021.03.31-04.24.48:244][  0]LogConfig: Setting CVar [[r.DepthOfFieldQuality:2]]
[2021.03.31-04.24.48:244][  0]LogConfig: Setting CVar [[r.RenderTargetPoolMin:400]]
[2021.03.31-04.24.48:244][  0]LogConfig: Setting CVar [[r.LensFlareQuality:2]]
[2021.03.31-04.24.48:244][  0]LogConfig: Setting CVar [[r.SceneColorFringeQuality:1]]
[2021.03.31-04.24.48:244][  0]LogConfig: Setting CVar [[r.EyeAdaptationQuality:2]]
[2021.03.31-04.24.48:244][  0]LogConfig: Setting CVar [[r.BloomQuality:5]]
[2021.03.31-04.24.48:244][  0]LogConfig: Setting CVar [[r.FastBlurThreshold:100]]
[2021.03.31-04.24.48:244][  0]LogConfig: Setting CVar [[r.Upscale.Quality:3]]
[2021.03.31-04.24.48:244][  0]LogConfig: Setting CVar [[r.Tonemapper.GrainQuantization:1]]
[2021.03.31-04.24.48:244][  0]LogConfig: Setting CVar [[r.LightShaftQuality:1]]
[2021.03.31-04.24.48:244][  0]LogConfig: Setting CVar [[r.Filter.SizeScale:1]]
[2021.03.31-04.24.48:244][  0]LogConfig: Setting CVar [[r.Tonemapper.Quality:5]]
[2021.03.31-04.24.48:244][  0]LogConfig: Setting CVar [[r.DOF.Gather.AccumulatorQuality:1        ; higher gathering accumulator quality]]
[2021.03.31-04.24.48:244][  0]LogConfig: Setting CVar [[r.DOF.Gather.PostfilterMethod:1          ; Median3x3 postfilering method]]
[2021.03.31-04.24.48:244][  0]LogConfig: Setting CVar [[r.DOF.Gather.EnableBokehSettings:0       ; no bokeh simulation when gathering]]
[2021.03.31-04.24.48:244][  0]LogConfig: Setting CVar [[r.DOF.Gather.RingCount:4                 ; medium number of samples when gathering]]
[2021.03.31-04.24.48:244][  0]LogConfig: Setting CVar [[r.DOF.Scatter.ForegroundCompositing:1    ; additive foreground scattering]]
[2021.03.31-04.24.48:244][  0]LogConfig: Setting CVar [[r.DOF.Scatter.BackgroundCompositing:2    ; additive background scattering]]
[2021.03.31-04.24.48:244][  0]LogConfig: Setting CVar [[r.DOF.Scatter.EnableBokehSettings:1      ; bokeh simulation when scattering]]
[2021.03.31-04.24.48:244][  0]LogConfig: Setting CVar [[r.DOF.Scatter.MaxSpriteRatio:0.1         ; only a maximum of 10% of scattered bokeh]]
[2021.03.31-04.24.48:244][  0]LogConfig: Setting CVar [[r.DOF.Recombine.Quality:1                ; cheap slight out of focus]]
[2021.03.31-04.24.48:244][  0]LogConfig: Setting CVar [[r.DOF.Recombine.EnableBokehSettings:0    ; no bokeh simulation on slight out of focus]]
[2021.03.31-04.24.48:244][  0]LogConfig: Setting CVar [[r.DOF.TemporalAAQuality:1                ; more stable temporal accumulation]]
[2021.03.31-04.24.48:244][  0]LogConfig: Setting CVar [[r.DOF.Kernel.MaxForegroundRadius:0.025]]
[2021.03.31-04.24.48:244][  0]LogConfig: Setting CVar [[r.DOF.Kernel.MaxBackgroundRadius:0.025]]
[2021.03.31-04.24.48:244][  0]LogConfig: Applying CVar settings from Section [TextureQuality@3] File [C:/Wire-Hunter/work/choi/WireHunter/Saved/Config/Windows/Scalability.ini]
[2021.03.31-04.24.48:244][  0]LogConfig: Setting CVar [[r.Streaming.MipBias:0]]
[2021.03.31-04.24.48:244][  0]LogConfig: Setting CVar [[r.Streaming.AmortizeCPUToGPUCopy:0]]
[2021.03.31-04.24.48:244][  0]LogConfig: Setting CVar [[r.Streaming.MaxNumTexturesToStreamPerFrame:0]]
[2021.03.31-04.24.48:244][  0]LogConfig: Setting CVar [[r.Streaming.Boost:1]]
[2021.03.31-04.24.48:244][  0]LogConfig: Setting CVar [[r.MaxAnisotropy:8]]
[2021.03.31-04.24.48:244][  0]LogConfig: Setting CVar [[r.VT.MaxAnisotropy:8]]
[2021.03.31-04.24.48:244][  0]LogConfig: Setting CVar [[r.Streaming.LimitPoolSizeToVRAM:0]]
[2021.03.31-04.24.48:244][  0]LogConfig: Setting CVar [[r.Streaming.PoolSize:1000]]
[2021.03.31-04.24.48:244][  0]LogConfig: Setting CVar [[r.Streaming.MaxEffectiveScreenSize:0]]
[2021.03.31-04.24.48:244][  0]LogConfig: Applying CVar settings from Section [EffectsQuality@3] File [C:/Wire-Hunter/work/choi/WireHunter/Saved/Config/Windows/Scalability.ini]
[2021.03.31-04.24.48:244][  0]LogConfig: Setting CVar [[r.TranslucencyLightingVolumeDim:64]]
[2021.03.31-04.24.48:244][  0]LogConfig: Setting CVar [[r.RefractionQuality:2]]
[2021.03.31-04.24.48:244][  0]LogConfig: Setting CVar [[r.SSR.Quality:3]]
[2021.03.31-04.24.48:244][  0]LogConfig: Setting CVar [[r.SSR.HalfResSceneColor:0]]
[2021.03.31-04.24.48:244][  0]LogConfig: Setting CVar [[r.SceneColorFormat:4]]
[2021.03.31-04.24.48:244][  0]LogConfig: Setting CVar [[r.DetailMode:2]]
[2021.03.31-04.24.48:244][  0]LogConfig: Setting CVar [[r.TranslucencyVolumeBlur:1]]
[2021.03.31-04.24.48:244][  0]LogConfig: Setting CVar [[r.MaterialQualityLevel:1 ; High quality]]
[2021.03.31-04.24.48:244][  0]LogConfig: Setting CVar [[r.SSS.Scale:1]]
[2021.03.31-04.24.48:244][  0]LogConfig: Setting CVar [[r.SSS.SampleSet:2]]
[2021.03.31-04.24.48:244][  0]LogConfig: Setting CVar [[r.SSS.Quality:1]]
[2021.03.31-04.24.48:244][  0]LogConfig: Setting CVar [[r.SSS.HalfRes:0]]
[2021.03.31-04.24.48:244][  0]LogConfig: Setting CVar [[r.SSGI.Quality:3]]
[2021.03.31-04.24.48:244][  0]LogConfig: Setting CVar [[r.EmitterSpawnRateScale:1.0]]
[2021.03.31-04.24.48:244][  0]LogConfig: Setting CVar [[r.ParticleLightQuality:2]]
[2021.03.31-04.24.48:245][  0]LogConfig: Setting CVar [[r.SkyAtmosphere.AerialPerspectiveLUT.FastApplyOnOpaque:1 ; Always have FastSkyLUT 1 in this case to avoid wrong sky]]
[2021.03.31-04.24.48:245][  0]LogConfig: Setting CVar [[r.SkyAtmosphere.AerialPerspectiveLUT.SampleCountPerSlice:1]]
[2021.03.31-04.24.48:245][  0]LogConfig: Setting CVar [[r.SkyAtmosphere.AerialPerspectiveLUT.DepthResolution:16.0]]
[2021.03.31-04.24.48:245][  0]LogConfig: Setting CVar [[r.SkyAtmosphere.FastSkyLUT:1]]
[2021.03.31-04.24.48:245][  0]LogConfig: Setting CVar [[r.SkyAtmosphere.FastSkyLUT.SampleCountMin:4.0]]
[2021.03.31-04.24.48:245][  0]LogConfig: Setting CVar [[r.SkyAtmosphere.FastSkyLUT.SampleCountMax:32.0]]
[2021.03.31-04.24.48:245][  0]LogConfig: Setting CVar [[r.SkyAtmosphere.SampleCountMin:4.0]]
[2021.03.31-04.24.48:245][  0]LogConfig: Setting CVar [[r.SkyAtmosphere.SampleCountMax:32.0]]
[2021.03.31-04.24.48:245][  0]LogConfig: Setting CVar [[r.SkyAtmosphere.TransmittanceLUT.UseSmallFormat:0]]
[2021.03.31-04.24.48:245][  0]LogConfig: Setting CVar [[r.SkyAtmosphere.TransmittanceLUT.SampleCount:10.0]]
[2021.03.31-04.24.48:245][  0]LogConfig: Setting CVar [[r.SkyAtmosphere.MultiScatteringLUT.SampleCount:15.0]]
[2021.03.31-04.24.48:245][  0]LogConfig: Applying CVar settings from Section [FoliageQuality@3] File [C:/Wire-Hunter/work/choi/WireHunter/Saved/Config/Windows/Scalability.ini]
[2021.03.31-04.24.48:245][  0]LogConfig: Setting CVar [[foliage.DensityScale:1.0]]
[2021.03.31-04.24.48:245][  0]LogConfig: Setting CVar [[grass.DensityScale:1.0]]
[2021.03.31-04.24.48:245][  0]LogConfig: Applying CVar settings from Section [ShadingQuality@3] File [C:/Wire-Hunter/work/choi/WireHunter/Saved/Config/Windows/Scalability.ini]
[2021.03.31-04.24.48:245][  0]LogConfig: Setting CVar [[r.HairStrands.SkyLighting.SampleCount:16]]
[2021.03.31-04.24.48:245][  0]LogConfig: Setting CVar [[r.HairStrands.SkyLighting.JitterIntegration:0]]
[2021.03.31-04.24.48:245][  0]LogConfig: Setting CVar [[r.HairStrands.SkyAO.SampleCount:16]]
[2021.03.31-04.24.48:245][  0]LogConfig: Setting CVar [[r.HairStrands.DeepShadow.SuperSampling:0]]
[2021.03.31-04.24.48:245][  0]LogConfig: Setting CVar [[r.HairStrands.VisibilityPPLL:0]]
[2021.03.31-04.24.48:245][  0]LogConfig: Setting CVar [[r.HairStrands.RasterizationScale:0.5]]
[2021.03.31-04.24.48:245][  0]LogConfig: Setting CVar [[r.HairStrands.VelocityRasterizationScale:1]]
[2021.03.31-04.24.48:245][  0]LogConfig: Applying CVar settings from Section [Startup] File [../../../Engine/Config/ConsoleVariables.ini]
[2021.03.31-04.24.48:245][  0]LogConfig: Setting CVar [[net.UseAdaptiveNetUpdateFrequency:0]]
[2021.03.31-04.24.48:245][  0]LogConfig: Setting CVar [[p.chaos.AllowCreatePhysxBodies:1]]
[2021.03.31-04.24.48:245][  0]LogConfig: Setting CVar [[fx.SkipVectorVMBackendOptimizations:1]]
[2021.03.31-04.24.48:245][  0]LogConfig: Applying CVar settings from Section [ConsoleVariables] File [C:/Wire-Hunter/work/choi/WireHunter/Saved/Config/Windows/Engine.ini]
[2021.03.31-04.24.48:245][  0]LogInit: Computer: DESKTOP-FHRPJDT
[2021.03.31-04.24.48:245][  0]LogInit: User: ChoiTaeho
[2021.03.31-04.24.48:245][  0]LogInit: CPU Page size=4096, Cores=6
[2021.03.31-04.24.48:245][  0]LogInit: High frequency timer resolution =10.000000 MHz
[2021.03.31-04.24.48:245][  0]LogMemory: Memory total: Physical=15.9GB (16GB approx)
[2021.03.31-04.24.48:245][  0]LogMemory: Platform Memory Stats for Windows
[2021.03.31-04.24.48:245][  0]LogMemory: Process Physical Memory: 125.54 MB used, 125.54 MB peak
[2021.03.31-04.24.48:246][  0]LogMemory: Process Virtual Memory: 99.75 MB used, 99.75 MB peak
[2021.03.31-04.24.48:246][  0]LogMemory: Physical Memory: 5486.45 MB used,  10824.13 MB free, 16310.58 MB total
[2021.03.31-04.24.48:246][  0]LogMemory: Virtual Memory: 5231.40 MB used,  134212496.00 MB free, 134217728.00 MB total
[2021.03.31-04.24.48:259][  0]LogWindows: WindowsPlatformFeatures enabled
[2021.03.31-04.24.48:602][  0]LogInit: Physics initialised using underlying interface: PhysX
[2021.03.31-04.24.48:603][  0]LogInit: Using OS detected language (ko-KR).
[2021.03.31-04.24.48:603][  0]LogInit: Using OS detected locale (ko-KR).
[2021.03.31-04.24.48:626][  0]LogTextLocalizationManager: No specific localization for 'ko-KR' exists, so the 'ko' localization will be used.
[2021.03.31-04.24.48:839][  0]LogInit: Setting process to per monitor DPI aware
[2021.03.31-04.24.48:999][  0]LogSlate: New Slate User Created.  User Index 0, Is Virtual User: 0
[2021.03.31-04.24.48:999][  0]LogSlate: Slate User Registered.  User Index 0, Is Virtual User: 0
[2021.03.31-04.24.52:306][  0]LogHMD: Failed to initialize OpenVR with code 110
[2021.03.31-04.24.52:306][  0]LogD3D11RHI: D3D11 min allowed feature level: 11_0
[2021.03.31-04.24.52:306][  0]LogD3D11RHI: D3D11 max allowed feature level: 11_0
[2021.03.31-04.24.52:306][  0]LogD3D11RHI: D3D11 adapters:
[2021.03.31-04.24.52:427][  0]LogD3D11RHI:    0. 'NVIDIA GeForce GTX 1060 6GB' (Feature Level 11_0)
[2021.03.31-04.24.52:427][  0]LogD3D11RHI:       6052/0/8155 MB DedicatedVideo/DedicatedSystem/SharedSystem, Outputs:1, VendorId:0x10de
[2021.03.31-04.24.52:430][  0]LogD3D11RHI:    1. 'Microsoft Basic Render Driver' (Feature Level 11_0)
[2021.03.31-04.24.52:430][  0]LogD3D11RHI:       0/0/8155 MB DedicatedVideo/DedicatedSystem/SharedSystem, Outputs:0, VendorId:0x1414
[2021.03.31-04.24.52:430][  0]LogD3D11RHI: Chosen D3D11 Adapter: 0
[2021.03.31-04.24.52:440][  0]LogD3D11RHI: Creating new Direct3DDevice
[2021.03.31-04.24.52:440][  0]LogD3D11RHI:     GPU DeviceId: 0x1c03 (for the marketing name, search the web for "GPU Device Id")
[2021.03.31-04.24.52:440][  0]LogWindows: EnumDisplayDevices:
[2021.03.31-04.24.52:440][  0]LogWindows:    0. 'NVIDIA GeForce GTX 1060 6GB' (P:1 D:1)
[2021.03.31-04.24.52:441][  0]LogWindows:    1. 'NVIDIA GeForce GTX 1060 6GB' (P:0 D:0)
[2021.03.31-04.24.52:442][  0]LogWindows:    2. 'NVIDIA GeForce GTX 1060 6GB' (P:0 D:0)
[2021.03.31-04.24.52:443][  0]LogWindows:    3. 'NVIDIA GeForce GTX 1060 6GB' (P:0 D:0)
[2021.03.31-04.24.52:444][  0]LogWindows: DebugString: FoundDriverCount:4 
[2021.03.31-04.24.52:444][  0]LogD3D11RHI:     Adapter Name: NVIDIA GeForce GTX 1060 6GB
[2021.03.31-04.24.52:444][  0]LogD3D11RHI:   Driver Version: 456.71 (internal:27.21.14.5671, unified:456.71)
[2021.03.31-04.24.52:444][  0]LogD3D11RHI:      Driver Date: 9-30-2020
[2021.03.31-04.24.52:444][  0]LogRHI: Texture pool is 4236 MB (70% of 6052 MB)
[2021.03.31-04.24.52:512][  0]LogD3D11RHI: RHI has support for 64 bit atomics
[2021.03.31-04.24.52:513][  0]LogD3D11RHI: Async texture creation enabled
[2021.03.31-04.24.52:513][  0]LogD3D11RHI: Array index from any shader is supported
[2021.03.31-04.24.52:542][  0]LogD3D11RHI: GPU Timing Frequency: 1000.000000 (Debug: 2 1)
[2021.03.31-04.24.52:976][  0]LogTargetPlatformManager: Display: Loaded TargetPlatform 'AllDesktop'
[2021.03.31-04.24.53:006][  0]LogTargetPlatformManager: Display: Loaded TargetPlatform 'Android'
[2021.03.31-04.24.53:006][  0]LogTargetPlatformManager: Display: Loaded TargetPlatform 'Android_ASTC'
[2021.03.31-04.24.53:006][  0]LogTargetPlatformManager: Display: Loaded TargetPlatform 'Android_DXT'
[2021.03.31-04.24.53:006][  0]LogTargetPlatformManager: Display: Loaded TargetPlatform 'Android_ETC2'
[2021.03.31-04.24.53:006][  0]LogTargetPlatformManager: Display: Loaded TargetPlatform 'AndroidClient'
[2021.03.31-04.24.53:006][  0]LogTargetPlatformManager: Display: Loaded TargetPlatform 'Android_ASTCClient'
[2021.03.31-04.24.53:006][  0]LogTargetPlatformManager: Display: Loaded TargetPlatform 'Android_DXTClient'
[2021.03.31-04.24.53:006][  0]LogTargetPlatformManager: Display: Loaded TargetPlatform 'Android_ETC2Client'
[2021.03.31-04.24.53:006][  0]LogTargetPlatformManager: Display: Loaded TargetPlatform 'Android_Multi'
[2021.03.31-04.24.53:006][  0]LogTargetPlatformManager: Display: Loaded TargetPlatform 'Android_MultiClient'
[2021.03.31-04.24.53:063][  0]LogTargetPlatformManager: Display: Loaded TargetPlatform 'IOSClient'
[2021.03.31-04.24.53:063][  0]LogTargetPlatformManager: Display: Loaded TargetPlatform 'IOS'
[2021.03.31-04.24.53:093][  0]LogTargetPlatformManager: Display: Loaded TargetPlatform 'Linux'
[2021.03.31-04.24.53:109][  0]LogTargetPlatformManager: Display: Loaded TargetPlatform 'LinuxNoEditor'
[2021.03.31-04.24.53:124][  0]LogTargetPlatformManager: Display: Loaded TargetPlatform 'LinuxClient'
[2021.03.31-04.24.53:141][  0]LogTargetPlatformManager: Display: Loaded TargetPlatform 'LinuxServer'
[2021.03.31-04.24.53:156][  0]LogTargetPlatformManager: Display: Loaded TargetPlatform 'LinuxAArch64NoEditor'
[2021.03.31-04.24.53:173][  0]LogTargetPlatformManager: Display: Loaded TargetPlatform 'LinuxAArch64Client'
[2021.03.31-04.24.53:189][  0]LogTargetPlatformManager: Display: Loaded TargetPlatform 'LinuxAArch64Server'
[2021.03.31-04.24.53:236][  0]LogTargetPlatformManager: Display: Loaded TargetPlatform 'Lumin'
[2021.03.31-04.24.53:236][  0]LogTargetPlatformManager: Display: Loaded TargetPlatform 'LuminClient'
[2021.03.31-04.24.53:263][  0]LogTargetPlatformManager: Display: Loaded TargetPlatform 'TVOSClient'
[2021.03.31-04.24.53:263][  0]LogTargetPlatformManager: Display: Loaded TargetPlatform 'TVOS'
[2021.03.31-04.24.53:279][  0]LogTargetPlatformManager: Display: Loaded TargetPlatform 'WindowsNoEditor'
[2021.03.31-04.24.53:296][  0]LogTargetPlatformManager: Display: Loaded TargetPlatform 'Windows'
[2021.03.31-04.24.53:312][  0]LogTargetPlatformManager: Display: Loaded TargetPlatform 'WindowsClient'
[2021.03.31-04.24.53:328][  0]LogTargetPlatformManager: Display: Loaded TargetPlatform 'WindowsServer'
[2021.03.31-04.24.53:328][  0]LogTargetPlatformManager: Display: Building Assets For Windows
[2021.03.31-04.24.53:353][  0]LogAudioDebug: Display: Lib vorbis DLL was dynamically loaded.
[2021.03.31-04.24.53:538][  0]LogShaderCompilers: Guid format shader working directory is -7 characters bigger than the processId version (../../../../../../Wire-Hunter/work/choi/WireHunter/Intermediate/Shaders/WorkingDirectory/39484/).
[2021.03.31-04.24.53:538][  0]LogShaderCompilers: Cleaned the shader compiler working directory 'C:/Users/최태호/AppData/Local/Temp/UnrealShaderWorkingDir/B9A0B018453E70B43DFB26842C48D6B0/'.
[2021.03.31-04.24.53:540][  0]LogXGEController: Cleaning working directory: C:/Users/최태호/AppData/Local/Temp/UnrealXGEWorkingDir/
[2021.03.31-04.24.53:541][  0]LogXGEController: Cannot use XGE Controller as Incredibuild is not installed on this machine.
[2021.03.31-04.24.53:541][  0]LogShaderCompilers: Cannot use XGE Shader Compiler as Incredibuild is not installed on this machine.
[2021.03.31-04.24.53:541][  0]LogShaderCompilers: Display: Using Local Shader Compiler.
[2021.03.31-04.24.57:153][  0]LogDerivedDataCache: Display: Max Cache Size: 512 MB
[2021.03.31-04.24.57:348][  0]LogDerivedDataCache: Loaded boot cache 0.19s 75MB C:/Users/최태호/AppData/Local/UnrealEngine/4.25/DerivedDataCache/Boot.ddc.
[2021.03.31-04.24.57:348][  0]LogDerivedDataCache: Display: Loaded Boot cache: C:/Users/최태호/AppData/Local/UnrealEngine/4.25/DerivedDataCache/Boot.ddc
[2021.03.31-04.24.57:348][  0]LogDerivedDataCache: FDerivedDataBackendGraph:  Pak pak cache file ../../../../../../Wire-Hunter/work/choi/WireHunter/DerivedDataCache/DDC.ddp not found, will not use a pak cache.
[2021.03.31-04.24.57:348][  0]LogDerivedDataCache: Unable to find inner node Pak for hierarchical cache Hierarchy.
[2021.03.31-04.24.57:349][  0]LogDerivedDataCache: FDerivedDataBackendGraph:  CompressedPak pak cache file ../../../../../../Wire-Hunter/work/choi/WireHunter/DerivedDataCache/Compressed.ddp not found, will not use a pak cache.
[2021.03.31-04.24.57:349][  0]LogDerivedDataCache: Unable to find inner node CompressedPak for hierarchical cache Hierarchy.
[2021.03.31-04.24.57:370][  0]LogDerivedDataCache: Display: Pak cache opened for reading ../../../Engine/DerivedDataCache/Compressed.ddp.
[2021.03.31-04.24.57:370][  0]LogDerivedDataCache: FDerivedDataBackendGraph:  EnterprisePak pak cache file ../../../Enterprise/DerivedDataCache/Compressed.ddp not found, will not use a pak cache.
[2021.03.31-04.24.57:370][  0]LogDerivedDataCache: Unable to find inner node EnterprisePak for hierarchical cache Hierarchy.
[2021.03.31-04.24.57:372][  0]LogDerivedDataCache: Using Local data cache path C:/Users/최태호/AppData/Local/UnrealEngine/Common/DerivedDataCache: Writable
[2021.03.31-04.24.57:372][  0]LogDerivedDataCache: Shared data cache path not found in *engine.ini, will not use an Shared cache.
[2021.03.31-04.24.57:372][  0]LogDerivedDataCache: Unable to find inner node Shared for hierarchical cache Hierarchy.
[2021.03.31-04.24.57:424][  0]LogSlate: Using FreeType 2.10.0
[2021.03.31-04.24.57:438][  0]LogSlate: SlateFontServices - WITH_FREETYPE: 1, WITH_HARFBUZZ: 1
[2021.03.31-04.24.57:481][  0]LogAssetRegistry: FAssetRegistry took 0.0044 seconds to start up
[2021.03.31-04.24.57:837][  0]LogInit: Selected Device Profile: [Windows]
[2021.03.31-04.24.58:172][  0]LogMeshReduction: Using QuadricMeshReduction for automatic static mesh reduction
[2021.03.31-04.24.58:172][  0]LogMeshReduction: Using SimplygonMeshReduction for automatic skeletal mesh reduction
[2021.03.31-04.24.58:172][  0]LogMeshReduction: Using ProxyLODMeshReduction for automatic mesh merging
[2021.03.31-04.24.58:172][  0]LogMeshReduction: No distributed automatic mesh merging module available
[2021.03.31-04.24.58:172][  0]LogMeshMerging: No distributed automatic mesh merging module available
[2021.03.31-04.24.58:237][  0]LogNetVersion: WireHunter 1.0.0, NetCL: 13144385, EngineNetVer: 14, GameNetVer: 0 (Checksum: 1660872711)
[2021.03.31-04.24.59:602][  0]LogAISub: UAISubsystem::UAISubsystem AISubsystem (000002721134A9C0), frame # 0
[2021.03.31-04.24.59:603][  0]LogAISub: UAISubsystem::UAISubsystem AIPerceptionSystem (00000272111CA840), frame # 0
[2021.03.31-04.24.59:606][  0]LogAISub: UAISubsystem::UAISubsystem EnvQueryManager (0000027211231C00), frame # 0
[2021.03.31-04.24.59:723][  0]LogPackageLocalizationCache: Processed 19 localized package path(s) for 1 prioritized culture(s) in 0.083979 seconds
[2021.03.31-04.24.59:729][  0]LogUObjectArray: 15917 objects as part of root set at end of initial load.
[2021.03.31-04.24.59:729][  0]LogUObjectAllocator: 3965568 out of 0 bytes used by permanent object pool.
[2021.03.31-04.24.59:729][  0]LogUObjectArray: CloseDisregardForGC: 0/0 objects in disregard for GC pool
[2021.03.31-04.25.00:796][  0]LogTcpMessaging: Initializing TcpMessaging bridge
[2021.03.31-04.25.00:806][  0]LogUdpMessaging: Initializing bridge on interface 0.0.0.0:0 to multicast group 230.0.0.1:6666.
[2021.03.31-04.25.01:010][  0]SourceControl: 소스 컨트롤이 꺼졌습니다.
[2021.03.31-04.25.01:010][  0]SourceControl: 소스 컨트롤이 꺼졌습니다.
[2021.03.31-04.25.01:024][  0]SourceControl: 소스 컨트롤이 꺼졌습니다.
[2021.03.31-04.25.01:033][  0]SourceControl: 소스 컨트롤이 꺼졌습니다.
[2021.03.31-04.25.01:055][  0]SourceControl: 소스 컨트롤이 꺼졌습니다.
[2021.03.31-04.25.01:713][  0]LogAndroidPermission: UAndroidPermissionCallbackProxy::GetInstance
[2021.03.31-04.25.01:761][  0]LogAudioCaptureCore: Display: No Audio Capture implementations found. Audio input will be silent.
[2021.03.31-04.25.01:761][  0]LogAudioCaptureCore: Display: No Audio Capture implementations found. Audio input will be silent.
[2021.03.31-04.25.01:893][  0]LogOcInput: OculusInput pre-init called
[2021.03.31-04.25.01:921][  0]LogWindows: Failed to load 'OVRPlugin.dll' (GetLastError=126)
[2021.03.31-04.25.01:921][  0]LogWindows: File 'OVRPlugin.dll' does not exist
[2021.03.31-04.25.02:048][  0]LogEngine: Initializing Engine...
[2021.03.31-04.25.02:051][  0]LogHMD: Failed to initialize OpenVR with code 110
[2021.03.31-04.25.02:051][  0]LogMagicLeap: Warning: VR disabled because ZI is not enabled.  To enable, in the editor, Edit -> Project Settings -> Plugins -> Magic Leap Plugin -> Enable Zero Iteration
[2021.03.31-04.25.02:053][  0]LogStats: UGameplayTagsManager::InitializeManager -  0.001 s
[2021.03.31-04.25.02:176][  0]LogInit: Initializing FReadOnlyCVARCache
[2021.03.31-04.25.02:207][  0]LogAIModule: Creating AISystem for world Untitled
[2021.03.31-04.25.02:207][  0]LogAISub: UAISubsystem::UAISubsystem EnvQueryManager (0000027216614600), frame # 0
[2021.03.31-04.25.02:207][  0]LogAISub: UAISubsystem::UAISubsystem AIPerceptionSystem (000002721663D080), frame # 0
[2021.03.31-04.25.02:221][  0]LogAudioMixer: Display: Audio Mixer Platform Settings:
[2021.03.31-04.25.02:221][  0]LogAudioMixer: Display: 	Sample Rate:						  48000
[2021.03.31-04.25.02:221][  0]LogAudioMixer: Display: 	Callback Buffer Frame Size Requested: 1024
[2021.03.31-04.25.02:221][  0]LogAudioMixer: Display: 	Callback Buffer Frame Size To Use:	  1024
[2021.03.31-04.25.02:221][  0]LogAudioMixer: Display: 	Number of buffers to queue:			  2
[2021.03.31-04.25.02:221][  0]LogAudioMixer: Display: 	Max Channels (voices):				  32
[2021.03.31-04.25.02:221][  0]LogAudioMixer: Display: 	Number of Async Source Workers:		  0
[2021.03.31-04.25.02:221][  0]LogAudio: Display: AudioDevice MaxSources: 32
[2021.03.31-04.25.02:222][  0]LogAudio: Display: Using built-in audio occlusion.
[2021.03.31-04.25.02:222][  0]LogAudioMixer: Display: Initializing audio mixer.
[2021.03.31-04.25.02:273][  0]LogAudioMixer: Display: 0: FrontLeft
[2021.03.31-04.25.02:273][  0]LogAudioMixer: Display: 1: FrontRight
[2021.03.31-04.25.02:376][  0]LogAudioMixer: Display: Using Audio Device Realtek Digital Output(Realtek High Definition Audio)
[2021.03.31-04.25.02:377][  0]LogAudioMixer: Display: Initializing Sound Submixes...
[2021.03.31-04.25.02:381][  0]LogAudioMixer: Display: Creating Master Submix 'MasterSubmixDefault'
[2021.03.31-04.25.02:381][  0]LogAudioMixer: Display: Creating Master Submix 'MasterReverbSubmixDefault'
[2021.03.31-04.25.02:383][  0]LogAudioMixer: Display: Creating Master Submix 'MasterEQSubmixDefault'
[2021.03.31-04.25.02:384][  0]LogInit: FAudioDevice initialized.
[2021.03.31-04.25.02:384][  0]LogNetVersion: Set ProjectVersion to 1.0.0.0. Version Checksum will be recalculated on next use.
[2021.03.31-04.25.02:476][  0]LogDerivedDataCache: Saved boot cache 0.09s 75MB C:/Users/최태호/AppData/Local/UnrealEngine/4.25/DerivedDataCache/Boot.ddc.
[2021.03.31-04.25.02:479][  0]LogInit: Texture streaming: Enabled
[2021.03.31-04.25.02:517][  0]LogEngineSessionManager: EngineSessionManager initialized
[2021.03.31-04.25.02:518][  0]LogEditorSessionSummary: Verbose: Initializing EditorSessionSummaryWriter for editor session tracking
[2021.03.31-04.25.02:525][  0]LogEditorSessionSummary: EditorSessionSummaryWriter initialized
[2021.03.31-04.25.02:884][  0]LogInit: Transaction tracking system initialized
[2021.03.31-04.25.02:954][  0]BlueprintLog: New page: 에디터 로드
[2021.03.31-04.25.03:194][  0]LocalizationService: 현지화 서비스가 비활성화되었습니다.
[2021.03.31-04.25.03:596][  0]LogCook: Display: Max memory allowance for cook 16384mb min free memory 0mb
[2021.03.31-04.25.03:596][  0]LogCook: Display: Mobile HDR setting 1
[2021.03.31-04.25.03:687][  0]LogFileCache: Scanning file cache for directory 'C:/Wire-Hunter/work/choi/WireHunter/Content/' took 0.01s
[2021.03.31-04.25.03:687][  0]LogOutputDevice: Warning: 

Script Stack (0 frames):

[2021.03.31-04.25.15:366][  0]LogStats: FPlatformStackWalk::StackWalkAndDump - 11.678 s
[2021.03.31-04.25.15:366][  0]LogOutputDevice: Error: === Handled ensure: ===
[2021.03.31-04.25.15:366][  0]LogOutputDevice: Error: 
[2021.03.31-04.25.15:366][  0]LogOutputDevice: Error: Ensure condition failed: AttachmentRules.LocationRule == EAttachmentRule::KeepRelative && AttachmentRules.RotationRule == EAttachmentRule::KeepRelative && AttachmentRules.ScaleRule == EAttachmentRule::KeepRelative [File:D:/Build/++UE4/Sync/Engine/Source/Runtime/Engine/Private/Components/SceneComponent.cpp] [Line: 1812]
[2021.03.31-04.25.15:366][  0]LogOutputDevice: Error: AttachToComponent when called from a constructor is only setting up attachment and will always be treated as KeepRelative. Consider calling SetupAttachment directly instead.
[2021.03.31-04.25.15:366][  0]LogOutputDevice: Error: Stack: 
[2021.03.31-04.25.15:366][  0]LogOutputDevice: Error: [Callstack] 0x00007ffed485c119 UE4Editor-Engine.dll!DispatchCheckVerify<bool,<lambda_7a00921a8ebf9f041bed3055592f02a5> >() [D:\Build\++UE4\Sync\Engine\Source\Runtime\Core\Public\Misc\AssertionMacros.h:161]
[2021.03.31-04.25.15:366][  0]LogOutputDevice: Error: [Callstack] 0x00007ffed340d3c3 UE4Editor-Engine.dll!USceneComponent::AttachToComponent() [D:\Build\++UE4\Sync\Engine\Source\Runtime\Engine\Private\Components\SceneComponent.cpp:1812]
[2021.03.31-04.25.15:366][  0]LogOutputDevice: Error: [Callstack] 0x00007ffeb6673a17 UE4Editor-WireHunter.dll!ADragon::ADragon() [C:\Wire-Hunter\work\choi\WireHunter\Source\WireHunter\Dragon.cpp:18]
[2021.03.31-04.25.15:366][  0]LogOutputDevice: Error: [Callstack] 0x00007ffee12bc273 UE4Editor-CoreUObject.dll!UClass::CreateDefaultObject() [D:\Build\++UE4\Sync\Engine\Source\Runtime\CoreUObject\Private\UObject\Class.cpp:3672]
[2021.03.31-04.25.15:366][  0]LogOutputDevice: Error: [Callstack] 0x00007ffee1568451 UE4Editor-CoreUObject.dll!UObjectLoadAllCompiledInDefaultProperties() [D:\Build\++UE4\Sync\Engine\Source\Runtime\CoreUObject\Private\UObject\UObjectBase.cpp:861]
[2021.03.31-04.25.15:366][  0]LogOutputDevice: Error: [Callstack] 0x00007ffee1545bbf UE4Editor-CoreUObject.dll!ProcessNewlyLoadedUObjects() [D:\Build\++UE4\Sync\Engine\Source\Runtime\CoreUObject\Private\UObject\UObjectBase.cpp:950]
[2021.03.31-04.25.15:366][  0]LogOutputDevice: Error: [Callstack] 0x00007ffee1464465 UE4Editor-CoreUObject.dll!TBaseStaticDelegateInstance<void __cdecl(FName,bool)>::ExecuteIfSafe() [D:\Build\++UE4\Sync\Engine\Source\Runtime\Core\Public\Delegates\DelegateInstancesImpl.h:859]
[2021.03.31-04.25.15:366][  0]LogOutputDevice: Error: [Callstack] 0x00007ffed5f0986a UE4Editor-Core.dll!TBaseMulticastDelegate<void,FName,bool>::Broadcast() [D:\Build\++UE4\Sync\Engine\Source\Runtime\Core\Public\Delegates\DelegateSignatureImpl.inl:1013]
[2021.03.31-04.25.15:366][  0]LogOutputDevice: Error: [Callstack] 0x00007ffed5f299f0 UE4Editor-Core.dll!FModuleManager::LoadModuleWithFailureReason() [D:\Build\++UE4\Sync\Engine\Source\Runtime\Core\Private\Modules\ModuleManager.cpp:500]
[2021.03.31-04.25.15:366][  0]LogOutputDevice: Error: [Callstack] 0x00007fff0211b433 UE4Editor-Projects.dll!FModuleDescriptor::LoadModulesForPhase() [D:\Build\++UE4\Sync\Engine\Source\Runtime\Projects\Private\ModuleDescriptor.cpp:561]
[2021.03.31-04.25.15:366][  0]LogOutputDevice: Error: [Callstack] 0x00007fff0211b70d UE4Editor-Projects.dll!FProjectManager::LoadModulesForProject() [D:\Build\++UE4\Sync\Engine\Source\Runtime\Projects\Private\ProjectManager.cpp:63]
[2021.03.31-04.25.15:366][  0]LogOutputDevice: Error: [Callstack] 0x00007ff64f6a2db4 UE4Editor.exe!FEngineLoop::Init() [D:\Build\++UE4\Sync\Engine\Source\Runtime\Launch\Private\LaunchEngineLoop.cpp:4022]
[2021.03.31-04.25.15:366][  0]LogOutputDevice: Error: [Callstack] 0x00007ffed2185cb0 UE4Editor-UnrealEd.dll!EditorInit() [D:\Build\++UE4\Sync\Engine\Source\Editor\UnrealEd\Private\UnrealEdGlobals.cpp:93]
[2021.03.31-04.25.15:366][  0]LogOutputDevice: Error: [Callstack] 0x00007ff64f6bb8fb UE4Editor.exe!GuardedMain() [D:\Build\++UE4\Sync\Engine\Source\Runtime\Launch\Private\Launch.cpp:149]
[2021.03.31-04.25.15:366][  0]LogOutputDevice: Error: [Callstack] 0x00007ff64f6bbb5a UE4Editor.exe!GuardedMainWrapper() [D:\Build\++UE4\Sync\Engine\Source\Runtime\Launch\Private\Windows\LaunchWindows.cpp:137]
[2021.03.31-04.25.15:366][  0]LogOutputDevice: Error: [Callstack] 0x00007ff64f6ce31d UE4Editor.exe!WinMain() [D:\Build\++UE4\Sync\Engine\Source\Runtime\Launch\Private\Windows\LaunchWindows.cpp:268]
[2021.03.31-04.25.15:366][  0]LogOutputDevice: Error: [Callstack] 0x00007ff64f6d145a UE4Editor.exe!__scrt_common_main_seh() [d:\agent\_work\5\s\src\vctools\crt\vcstartup\src\startup\exe_common.inl:288]
[2021.03.31-04.25.15:366][  0]LogOutputDevice: Error: [Callstack] 0x00007fff2dee7034 KERNEL32.DLL!UnknownFunction []
[2021.03.31-04.25.15:366][  0]LogOutputDevice: Error: [Callstack] 0x00007fff2f282651 ntdll.dll!UnknownFunction []
[2021.03.31-04.25.15:366][  0]LogOutputDevice: Error: 
[2021.03.31-04.25.15:375][  0]LogStats:                SubmitErrorReport -  0.000 s
[2021.03.31-04.25.17:889][  0]LogStats:                    SendNewReport -  2.514 s
[2021.03.31-04.25.17:889][  0]LogStats:             FDebug::EnsureFailed - 14.201 s
[2021.03.31-04.25.19:019][  0]SourceControl: 소스 컨트롤이 꺼졌습니다.
[2021.03.31-04.25.19:170][  0]LogSlate: Took 0.016740 seconds to synchronously load lazily loaded font '../../../Engine/Content/Editor/Slate/Fonts/NanumGothic.ttf' (4243K)
[2021.03.31-04.25.19:176][  0]LogSlate: Took 0.006831 seconds to synchronously load lazily loaded font '../../../Engine/Content/Slate/Fonts/Roboto-Regular.ttf' (155K)
[2021.03.31-04.25.25:334][  0]LogSlate: Window '패키지 복원' being destroyed
[2021.03.31-04.25.25:337][  0]LogWindowsTextInputMethodSystem: Display: IME system now activated using TSF (Microsoft 입력기).
[2021.03.31-04.25.25:359][  0]LogWindowsTextInputMethodSystem: Display: IME system now activated using TSF (Microsoft 입력기).
[2021.03.31-04.25.25:360][  0]LogUnrealEdMisc: Loading editor; pre map load, took 114.255
[2021.03.31-04.25.25:361][  0]Cmd: MAP LOAD FILE="../../../../../../Wire-Hunter/work/choi/WireHunter/Content/ThirdPersonCPP/Maps/ThirdPersonExampleMap.umap" TEMPLATE=0 SHOWPROGRESS=1 FEATURELEVEL=3
[2021.03.31-04.25.25:361][  0]LogEditorServer: Warning: Can't find file '../../../../../../Wire-Hunter/work/choi/WireHunter/Content/ThirdPersonCPP/Maps/ThirdPersonExampleMap.umap'
[2021.03.31-04.25.25:362][  0]Cmd: MAP CHECKDEP NOCLEARLOG
[2021.03.31-04.25.25:362][  0]MapCheck: 맵 체크 완료: 오류 0 회, 경고 0 회, 소요 시간 0.702ms.
[2021.03.31-04.25.25:362][  0]LogFileHelpers: Loading map 'ThirdPersonExampleMap' took 0.002
[2021.03.31-04.25.25:380][  0]LogUnrealEdMisc: Total Editor Startup Time, took 114.275
[2021.03.31-04.25.25:480][  0]LogSlate: Updating window title bar state: overlay mode, drag disabled, window buttons hidden, title bar hidden
[2021.03.31-04.25.25:487][  0]LogSlate: Updating window title bar state: overlay mode, drag disabled, window buttons hidden, title bar hidden
[2021.03.31-04.25.25:495][  0]LogSlate: Updating window title bar state: overlay mode, drag disabled, window buttons hidden, title bar hidden
[2021.03.31-04.25.25:503][  0]LogSlate: Updating window title bar state: overlay mode, drag disabled, window buttons hidden, title bar hidden
[2021.03.31-04.25.25:526][  0]LogCollectionManager: Loaded 0 collections in 0.004432 seconds
[2021.03.31-04.25.25:557][  0]LogFileCache: Scanning file cache for directory 'C:/Wire-Hunter/work/choi/WireHunter/Saved/Collections/' took 0.00s
[2021.03.31-04.25.25:557][  0]LogFileCache: Scanning file cache for directory 'C:/Wire-Hunter/work/choi/WireHunter/Content/Developers/ChoiTaeho/Collections/' took 0.00s
[2021.03.31-04.25.25:557][  0]LogFileCache: Scanning file cache for directory 'C:/Wire-Hunter/work/choi/WireHunter/Content/Collections/' took 0.00s
[2021.03.31-04.25.25:557][  0]LogContentBrowser: Native class hierarchy populated in 0.0131 seconds. Added 3439 classes and 823 folders.
[2021.03.31-04.25.25:564][  0]LogContentBrowser: Native class hierarchy updated for 'WidgetCarousel' in 0.0005 seconds. Added 0 classes and 0 folders.
[2021.03.31-04.25.25:996][  0]LogContentBrowser: Native class hierarchy updated for 'AddContentDialog' in 0.0005 seconds. Added 0 classes and 0 folders.
[2021.03.31-04.25.26:004][  0]LogContentBrowser: Native class hierarchy updated for 'SceneOutliner' in 0.0005 seconds. Added 2 classes and 0 folders.
[2021.03.31-04.25.26:101][  0]LogSlate: Took 0.015645 seconds to synchronously load lazily loaded font '../../../Engine/Content/Editor/Slate/Fonts/NanumGothicBold.ttf' (4188K)
[2021.03.31-04.25.26:107][  0]LogSlate: Took 0.006212 seconds to synchronously load lazily loaded font '../../../Engine/Content/Slate/Fonts/Roboto-Bold.ttf' (160K)
[2021.03.31-04.25.26:116][  0]LogSlate: Took 0.006393 seconds to synchronously load lazily loaded font '../../../Engine/Content/Editor/Slate/Fonts/FontAwesome.ttf' (139K)
[2021.03.31-04.25.26:155][  0]LogRenderer: Reallocating scene render targets to support 1528x632 Format 10 NumSamples 1 (Frame:1).
[2021.03.31-04.25.26:243][  0]LogContentBrowser: Native class hierarchy updated for 'HierarchicalLODOutliner' in 0.0005 seconds. Added 0 classes and 0 folders.
[2021.03.31-04.25.26:243][  0]LogLoad: (Engine Initialization) Total time: 115.14 seconds
[2021.03.31-04.25.26:243][  0]LogLoad: (Engine Initialization) Total Blueprint compile time: 0.00 seconds
[2021.03.31-04.25.26:289][  0]LogAssetRegistry: Asset discovery search completed in 28.8089 seconds
[2021.03.31-04.25.26:292][  0]LogCollectionManager: Fixed up redirectors for 0 collections in 0.000006 seconds (updated 0 objects)
[2021.03.31-04.25.26:296][  0]LogContentStreaming: Texture pool size now 1000 MB
[2021.03.31-04.25.26:343][  0]LogSlate: Took 0.008332 seconds to synchronously load lazily loaded font '../../../Engine/Content/Slate/Fonts/Roboto-Light.ttf' (167K)
[2021.03.31-04.25.26:351][  1]LogFileCache: Retrieving MD5 hashes for directory 'C:/Wire-Hunter/work/choi/WireHunter/Content/' took 0.09s
[2021.03.31-04.25.29:961][421]LogSlate: Took 0.001610 seconds to synchronously load lazily loaded font '../../../Engine/Content/Slate/Fonts/Roboto-Light.ttf' (167K)
[2021.03.31-04.25.30:152][421]LogAssetEditorSubsystem: Opening Asset editor for World /Game/ThirdPersonCPP/Maps/GameLevel.GameLevel
[2021.03.31-04.25.30:173][421]LogUObjectHash: Compacting FUObjectHashTables data took   0.86ms
[2021.03.31-04.25.30:175][421]Cmd: MAP LOAD FILE="../../../../../../Wire-Hunter/work/choi/WireHunter/Content/ThirdPersonCPP/Maps/GameLevel.umap" TEMPLATE=0 SHOWPROGRESS=1 FEATURELEVEL=3
[2021.03.31-04.25.30:177][421]LightingResults: New page: 라이팅 빌드
[2021.03.31-04.25.30:180][421]LogContentBrowser: Native class hierarchy updated for 'StatsViewer' in 0.0005 seconds. Added 6 classes and 0 folders.
[2021.03.31-04.25.30:181][421]LoadErrors: New page: 맵 로드중: GameLevel.umap
[2021.03.31-04.25.30:218][421]LogWorld: UWorld::CleanupWorld for Untitled, bSessionEnded=true, bCleanupResources=true
[2021.03.31-04.25.30:218][421]LogSlate: InvalidateAllWidgets triggered.  All widgets were invalidated
[2021.03.31-04.25.30:219][421]MapCheck: New page: 맵 체크
[2021.03.31-04.25.30:219][421]LightingResults: New page: 라이팅 빌드
[2021.03.31-04.25.30:240][421]LogAISub: UAISubsystem::~UAISubsystem EnvQueryManager (0000027216614600), frame # 421
[2021.03.31-04.25.30:240][421]LogAISub: UAISubsystem::~UAISubsystem AIPerceptionSystem (000002721663D080), frame # 421
[2021.03.31-04.25.30:241][421]LogUObjectHash: Compacting FUObjectHashTables data took   0.61ms
[2021.03.31-04.25.30:253][421]LogEditorServer: Finished looking for orphan Actors (0.000 secs)
[2021.03.31-04.25.30:253][421]LogAIModule: Creating AISystem for world GameLevel
[2021.03.31-04.25.30:253][421]LogAISub: UAISubsystem::UAISubsystem EnvQueryManager (00000272F9443800), frame # 421
[2021.03.31-04.25.30:253][421]LogAISub: UAISubsystem::UAISubsystem AIPerceptionSystem (000002727F956FC0), frame # 421
[2021.03.31-04.25.30:266][421]LogUObjectHash: Compacting FUObjectHashTables data took   0.64ms
[2021.03.31-04.25.30:312][421]Cmd: MAP CHECKDEP NOCLEARLOG
[2021.03.31-04.25.30:312][421]MapCheck: 맵 체크 완료: 오류 0 회, 경고 0 회, 소요 시간 0.214ms.
[2021.03.31-04.25.30:312][421]LogFileHelpers: Loading map 'GameLevel' took 0.136
[2021.03.31-04.25.30:801][466]LogTemp: Repeating last play command: 선택된 뷰포트
[2021.03.31-04.25.30:829][466]LogPlayLevel: PlayLevel: No blueprints needed recompiling
[2021.03.31-04.25.30:830][466]PIE: New page: PIE 세션: GameLevel (2021. 3. 31. 오후 10:25:30)
[2021.03.31-04.25.30:832][466]LogOnline: OSS: Creating online subsystem instance for: NULL
[2021.03.31-04.25.30:833][466]LogOnline: OSS: TryLoadSubsystemAndSetDefault: Loaded subsystem for module [NULL]
[2021.03.31-04.25.30:833][466]LogPlayLevel: Creating play world package: /Game/ThirdPersonCPP/Maps/UEDPIE_0_GameLevel
[2021.03.31-04.25.30:846][466]LogPlayLevel: PIE: StaticDuplicateObject took: (0.012687s)
[2021.03.31-04.25.30:847][466]LogAIModule: Creating AISystem for world GameLevel
[2021.03.31-04.25.30:847][466]LogAISub: UAISubsystem::UAISubsystem EnvQueryManager (00000272F929C600), frame # 466
[2021.03.31-04.25.30:847][466]LogAISub: UAISubsystem::UAISubsystem AIPerceptionSystem (00000272D4618180), frame # 466
[2021.03.31-04.25.30:847][466]LogPlayLevel: PIE: World Init took: (0.001047s)
[2021.03.31-04.25.30:847][466]LogPlayLevel: PIE: Created PIE world by copying editor world from /Game/ThirdPersonCPP/Maps/GameLevel.GameLevel to /Game/ThirdPersonCPP/Maps/UEDPIE_0_GameLevel.GameLevel (0.013864s)
[2021.03.31-04.25.30:858][466]LogUObjectHash: Compacting FUObjectHashTables data took   0.60ms
[2021.03.31-04.25.30:859][466]LogAudioMixer: Display: Audio Mixer Platform Settings:
[2021.03.31-04.25.30:859][466]LogAudioMixer: Display: 	Sample Rate:						  48000
[2021.03.31-04.25.30:859][466]LogAudioMixer: Display: 	Callback Buffer Frame Size Requested: 1024
[2021.03.31-04.25.30:859][466]LogAudioMixer: Display: 	Callback Buffer Frame Size To Use:	  1024
[2021.03.31-04.25.30:859][466]LogAudioMixer: Display: 	Number of buffers to queue:			  2
[2021.03.31-04.25.30:859][466]LogAudioMixer: Display: 	Max Channels (voices):				  32
[2021.03.31-04.25.30:859][466]LogAudioMixer: Display: 	Number of Async Source Workers:		  0
[2021.03.31-04.25.30:859][466]LogAudio: Display: AudioDevice MaxSources: 32
[2021.03.31-04.25.30:860][466]LogAudio: Display: Using built-in audio occlusion.
[2021.03.31-04.25.30:860][466]LogAudioMixer: Display: Initializing audio mixer.
[2021.03.31-04.25.30:883][466]LogAudioMixer: Display: 0: FrontLeft
[2021.03.31-04.25.30:883][466]LogAudioMixer: Display: 1: FrontRight
[2021.03.31-04.25.30:944][466]LogAudioMixer: Display: Using Audio Device Realtek Digital Output(Realtek High Definition Audio)
[2021.03.31-04.25.30:945][466]LogAudioMixer: Display: Initializing Sound Submixes...
[2021.03.31-04.25.30:945][466]LogAudioMixer: Display: Creating Master Submix 'MasterSubmixDefault'
[2021.03.31-04.25.30:945][466]LogAudioMixer: Display: Creating Master Submix 'MasterReverbSubmixDefault'
[2021.03.31-04.25.30:945][466]LogAudioMixer: Display: Creating Master Submix 'MasterEQSubmixDefault'
[2021.03.31-04.25.30:955][466]LogInit: FAudioDevice initialized.
[2021.03.31-04.25.30:966][466]LogLoad: Game class is 'WireHunterGameMode'
[2021.03.31-04.25.30:969][466]LogWorld: Bringing World /Game/ThirdPersonCPP/Maps/UEDPIE_0_GameLevel.GameLevel up for play (max tick rate 0) at 2021.03.31-13.25.30
[2021.03.31-04.25.30:969][466]LogWorld: Bringing up level for play took: 0.001841
[2021.03.31-04.25.30:969][466]LogOnline: OSS: Creating online subsystem instance for: :Context_2
[2021.03.31-04.25.30:979][466]LogContentBrowser: Native class hierarchy updated for 'MovieSceneCapture' in 0.0007 seconds. Added 20 classes and 0 folders.
[2021.03.31-04.25.30:981][466]Cmd: ShowFlag.Bones 2
[2021.03.31-04.25.30:982][466]ShowFlag.Bones = "2"
[2021.03.31-04.25.30:983][466]PIE: 서버가 로그인했습니다.
[2021.03.31-04.25.30:984][466]PIE: 에디터에서 플레이 총 시작 시간 0.157초입니다.
[2021.03.31-04.25.37:311][218]LogSlate: Updating window title bar state: overlay mode, drag disabled, window buttons hidden, title bar hidden
[2021.03.31-04.25.37:311][218]LogWorld: BeginTearingDown for /Game/ThirdPersonCPP/Maps/UEDPIE_0_GameLevel
[2021.03.31-04.25.37:311][218]LogWorld: UWorld::CleanupWorld for GameLevel, bSessionEnded=true, bCleanupResources=true
[2021.03.31-04.25.37:312][218]LogSlate: InvalidateAllWidgets triggered.  All widgets were invalidated
[2021.03.31-04.25.37:320][218]LogPlayLevel: Display: Shutting down PIE online subsystems
[2021.03.31-04.25.37:321][218]LogSlate: InvalidateAllWidgets triggered.  All widgets were invalidated
[2021.03.31-04.25.37:334][218]LogSlate: Updating window title bar state: overlay mode, drag disabled, window buttons hidden, title bar hidden
[2021.03.31-04.25.37:350][218]LogAISub: UAISubsystem::~UAISubsystem AIPerceptionSystem (00000272D4618180), frame # 1218
[2021.03.31-04.25.37:350][218]LogAISub: UAISubsystem::~UAISubsystem EnvQueryManager (00000272F929C600), frame # 1218
[2021.03.31-04.25.37:351][218]LogUObjectHash: Compacting FUObjectHashTables data took   0.62ms
[2021.03.31-04.25.37:390][219]LogPlayLevel: Display: Destroying online subsystem :Context_2
[2021.03.31-04.25.43:260][868]LogAssetEditorSubsystem: Opening Asset editor for Blueprint /Game/ThirdPersonCPP/Blueprints/ThirdPersonCharacter.ThirdPersonCharacter
[2021.03.31-04.25.43:474][868]LogContentBrowser: Native class hierarchy updated for 'BlueprintGraph' in 0.0008 seconds. Added 125 classes and 0 folders.
[2021.03.31-04.25.44:573][868]LogSlate: Took 0.006824 seconds to synchronously load lazily loaded font '../../../Engine/Content/Slate/Fonts/Roboto-BoldCondensed.ttf' (158K)
[2021.03.31-04.25.47:264][170]LogSlate: Took 0.006543 seconds to synchronously load lazily loaded font '../../../Engine/Content/Slate/Fonts/Roboto-Italic.ttf' (157K)
[2021.03.31-04.25.49:810][427]LogWorld: UWorld::CleanupWorld for World_5, bSessionEnded=true, bCleanupResources=true
[2021.03.31-04.25.49:810][427]LogSlate: InvalidateAllWidgets triggered.  All widgets were invalidated
[2021.03.31-04.25.52:207][682]LogAssetEditorSubsystem: Opening Asset editor for LevelScriptBlueprint /Game/ThirdPersonCPP/Maps/GameLevel.GameLevel:PersistentLevel.GameLevel
[2021.03.31-04.26.39:539][758]BlueprintLog: New page: GameLevel 컴파일
[2021.03.31-04.26.39:576][758]LogUObjectHash: Compacting FUObjectHashTables data took   2.13ms
[2021.03.31-04.26.40:218][824]LogUObjectHash: Compacting FUObjectHashTables data took   1.94ms
[2021.03.31-04.26.40:313][824]LogSavePackage: Moving '../../../../../../Wire-Hunter/work/choi/WireHunter/Saved/GameLevel92FA0D8446D923D0458A189C43BFCB0E.tmp' to '../../../../../../Wire-Hunter/work/choi/WireHunter/Content/ThirdPersonCPP/Maps/GameLevel.umap'
[2021.03.31-04.26.40:372][824]LogFileHelpers: Saving map 'GameLevel' took 0.178
[2021.03.31-04.26.40:384][824]AssetCheck: New page: 애셋 저장: GameLevel
[2021.03.31-04.26.40:384][824]LogContentValidation: Display: World /Game/ThirdPersonCPP/Maps/GameLevel.GameLevel 유효성 검사
[2021.03.31-04.26.41:265][917]LogSlate: Window 'GameLevel' being destroyed
[2021.03.31-04.26.41:298][917]LogWorld: UWorld::CleanupWorld for World_6, bSessionEnded=true, bCleanupResources=true
[2021.03.31-04.26.41:298][917]LogSlate: InvalidateAllWidgets triggered.  All widgets were invalidated
[2021.03.31-04.26.41:870][976]LogTemp: Repeating last play command: 선택된 뷰포트
[2021.03.31-04.26.41:902][976]LogPlayLevel: PlayLevel: No blueprints needed recompiling
[2021.03.31-04.26.41:902][976]PIE: New page: PIE 세션: GameLevel (2021. 3. 31. 오후 10:26:41)
[2021.03.31-04.26.41:903][976]LogPlayLevel: Creating play world package: /Game/ThirdPersonCPP/Maps/UEDPIE_0_GameLevel
[2021.03.31-04.26.41:912][976]LogPlayLevel: PIE: StaticDuplicateObject took: (0.008873s)
[2021.03.31-04.26.41:912][976]LogAIModule: Creating AISystem for world GameLevel
[2021.03.31-04.26.41:912][976]LogAISub: UAISubsystem::UAISubsystem EnvQueryManager (00000273398DA600), frame # 7976
[2021.03.31-04.26.41:913][976]LogAISub: UAISubsystem::UAISubsystem AIPerceptionSystem (0000027326D72340), frame # 7976
[2021.03.31-04.26.41:913][976]LogPlayLevel: PIE: World Init took: (0.001115s)
[2021.03.31-04.26.41:913][976]LogPlayLevel: PIE: Created PIE world by copying editor world from /Game/ThirdPersonCPP/Maps/GameLevel.GameLevel to /Game/ThirdPersonCPP/Maps/UEDPIE_0_GameLevel.GameLevel (0.010107s)
[2021.03.31-04.26.41:936][976]LogUObjectHash: Compacting FUObjectHashTables data took   1.76ms
[2021.03.31-04.26.41:937][976]LogAudioMixer: Display: Audio Mixer Platform Settings:
[2021.03.31-04.26.41:937][976]LogAudioMixer: Display: 	Sample Rate:						  48000
[2021.03.31-04.26.41:937][976]LogAudioMixer: Display: 	Callback Buffer Frame Size Requested: 1024
[2021.03.31-04.26.41:937][976]LogAudioMixer: Display: 	Callback Buffer Frame Size To Use:	  1024
[2021.03.31-04.26.41:937][976]LogAudioMixer: Display: 	Number of buffers to queue:			  2
[2021.03.31-04.26.41:937][976]LogAudioMixer: Display: 	Max Channels (voices):				  32
[2021.03.31-04.26.41:937][976]LogAudioMixer: Display: 	Number of Async Source Workers:		  0
[2021.03.31-04.26.41:937][976]LogAudio: Display: AudioDevice MaxSources: 32
[2021.03.31-04.26.41:938][976]LogAudio: Display: Using built-in audio occlusion.
[2021.03.31-04.26.41:938][976]LogAudioMixer: Display: Initializing audio mixer.
[2021.03.31-04.26.41:959][976]LogAudioMixer: Display: 0: FrontLeft
[2021.03.31-04.26.41:959][976]LogAudioMixer: Display: 1: FrontRight
[2021.03.31-04.26.42:021][976]LogAudioMixer: Display: Using Audio Device Realtek Digital Output(Realtek High Definition Audio)
[2021.03.31-04.26.42:021][976]LogAudioMixer: Display: Initializing Sound Submixes...
[2021.03.31-04.26.42:021][976]LogAudioMixer: Display: Creating Master Submix 'MasterSubmixDefault'
[2021.03.31-04.26.42:021][976]LogAudioMixer: Display: Creating Master Submix 'MasterReverbSubmixDefault'
[2021.03.31-04.26.42:022][976]LogAudioMixer: Display: Creating Master Submix 'MasterEQSubmixDefault'
[2021.03.31-04.26.42:033][976]LogInit: FAudioDevice initialized.
[2021.03.31-04.26.42:042][976]LogLoad: Game class is 'WireHunterGameMode'
[2021.03.31-04.26.42:044][976]LogWorld: Bringing World /Game/ThirdPersonCPP/Maps/UEDPIE_0_GameLevel.GameLevel up for play (max tick rate 0) at 2021.03.31-13.26.42
[2021.03.31-04.26.42:044][976]LogWorld: Bringing up level for play took: 0.001591
[2021.03.31-04.26.42:044][976]LogOnline: OSS: Creating online subsystem instance for: :Context_9
[2021.03.31-04.26.42:047][976]Cmd: ShowFlag.Bones 2
[2021.03.31-04.26.42:047][976]ShowFlag.Bones = "2"
[2021.03.31-04.26.42:047][976]PIE: 서버가 로그인했습니다.
[2021.03.31-04.26.42:048][976]PIE: 에디터에서 플레이 총 시작 시간 0.148초입니다.
[2021.03.31-04.26.45:868][ 87]LogWindows: Error: === Critical error: ===
[2021.03.31-04.26.45:868][ 87]LogWindows: Error: 
[2021.03.31-04.26.45:868][ 87]LogWindows: Error: Unhandled Exception: EXCEPTION_ACCESS_VIOLATION reading address 0x000005a4
[2021.03.31-04.26.45:868][ 87]LogWindows: Error: 
[2021.03.31-04.26.45:868][ 87]LogWindows: Error: [Callstack] 0x00007ffeb667c21d UE4Editor-WireHunter.dll!APickUp::OnPlayerEnterPickupBox() [C:\Wire-Hunter\work\choi\WireHunter\Source\WireHunter\PickUp.cpp:49]
[2021.03.31-04.26.45:868][ 87]LogWindows: Error: [Callstack] 0x00007ffeb668350d UE4Editor-WireHunter.dll!APickUp::execOnPlayerEnterPickupBox() [C:\Wire-Hunter\work\choi\WireHunter\Intermediate\Build\Win64\UE4Editor\Inc\WireHunter\PickUp.gen.cpp:39]
[2021.03.31-04.26.45:868][ 87]LogWindows: Error: [Callstack] 0x00007ffee12d0b34 UE4Editor-CoreUObject.dll!UFunction::Invoke() [D:\Build\++UE4\Sync\Engine\Source\Runtime\CoreUObject\Private\UObject\Class.cpp:5542]
[2021.03.31-04.26.45:868][ 87]LogWindows: Error: [Callstack] 0x00007ffee1544753 UE4Editor-CoreUObject.dll!UObject::ProcessEvent() [D:\Build\++UE4\Sync\Engine\Source\Runtime\CoreUObject\Private\UObject\ScriptCore.cpp:1916]
[2021.03.31-04.26.45:868][ 87]LogWindows: Error: [Callstack] 0x00007ffed2fdafe5 UE4Editor-Engine.dll!AActor::ProcessEvent() [D:\Build\++UE4\Sync\Engine\Source\Runtime\Engine\Private\Actor.cpp:798]
[2021.03.31-04.26.45:868][ 87]LogWindows: Error: [Callstack] 0x00007ffed2f80f0b UE4Editor-Engine.dll!TMulticastScriptDelegate<FWeakObjectPtr>::ProcessMulticastDelegate<UObject>() [D:\Build\++UE4\Sync\Engine\Source\Runtime\Core\Public\UObject\ScriptDelegates.h:488]
[2021.03.31-04.26.45:868][ 87]LogWindows: Error: [Callstack] 0x00007ffed33b74cb UE4Editor-Engine.dll!UPrimitiveComponent::BeginComponentOverlap() [D:\Build\++UE4\Sync\Engine\Source\Runtime\Engine\Private\Components\PrimitiveComponent.cpp:2670]
[2021.03.31-04.26.45:868][ 87]LogWindows: Error: [Callstack] 0x00007ffed33f97e3 UE4Editor-Engine.dll!UPrimitiveComponent::UpdateOverlapsImpl() [D:\Build\++UE4\Sync\Engine\Source\Runtime\Engine\Private\Components\PrimitiveComponent.cpp:3246]
[2021.03.31-04.26.45:868][ 87]LogWindows: Error: [Callstack] 0x00007ffed34422a7 UE4Editor-Engine.dll!USceneComponent::UpdateOverlapsImpl() [D:\Build\++UE4\Sync\Engine\Source\Runtime\Engine\Private\Components\SceneComponent.cpp:2815]
[2021.03.31-04.26.45:868][ 87]LogWindows: Error: [Callstack] 0x00007ffed2ff6de1 UE4Editor-Engine.dll!AActor::UpdateOverlaps() [D:\Build\++UE4\Sync\Engine\Source\Runtime\Engine\Private\Actor.cpp:1359]
[2021.03.31-04.26.45:868][ 87]LogWindows: Error: [Callstack] 0x00007ffed2fb0a8e UE4Editor-Engine.dll!AActor::DispatchBeginPlay() [D:\Build\++UE4\Sync\Engine\Source\Runtime\Engine\Private\Actor.cpp:3413]
[2021.03.31-04.26.45:868][ 87]LogWindows: Error: [Callstack] 0x00007ffed2fd7112 UE4Editor-Engine.dll!AActor::PostActorConstruction() [D:\Build\++UE4\Sync\Engine\Source\Runtime\Engine\Private\Actor.cpp:3238]
[2021.03.31-04.26.45:868][ 87]LogWindows: Error: [Callstack] 0x00007ffed2fbd05c UE4Editor-Engine.dll!AActor::FinishSpawning() [D:\Build\++UE4\Sync\Engine\Source\Runtime\Engine\Private\Actor.cpp:3137]
[2021.03.31-04.26.45:868][ 87]LogWindows: Error: [Callstack] 0x00007ffed368ad2e UE4Editor-Engine.dll!UGameplayStatics::FinishSpawningActor() [D:\Build\++UE4\Sync\Engine\Source\Runtime\Engine\Private\GameplayStatics.cpp:689]
[2021.03.31-04.26.45:868][ 87]LogWindows: Error: [Callstack] 0x00007ffed43569a6 UE4Editor-Engine.dll!UGameplayStatics::execFinishSpawningActor() [D:\Build\++UE4\Sync\Engine\Intermediate\Build\Win64\UE4Editor\Inc\Engine\GameplayStatics.gen.cpp:1342]
[2021.03.31-04.26.45:868][ 87]LogWindows: Error: [Callstack] 0x00007ffee156a605 UE4Editor-CoreUObject.dll!UObject::execCallMathFunction() [D:\Build\++UE4\Sync\Engine\Source\Runtime\CoreUObject\Private\UObject\ScriptCore.cpp:860]
[2021.03.31-04.26.45:868][ 87]LogWindows: Error: [Callstack] 0x00007ffee156ce4f UE4Editor-CoreUObject.dll!UObject::execLetObj() [D:\Build\++UE4\Sync\Engine\Source\Runtime\CoreUObject\Private\UObject\ScriptCore.cpp:2617]
[2021.03.31-04.26.45:868][ 87]LogWindows: Error: [Callstack] 0x00007ffee154571d UE4Editor-CoreUObject.dll!ProcessLocalScriptFunction() [D:\Build\++UE4\Sync\Engine\Source\Runtime\CoreUObject\Private\UObject\ScriptCore.cpp:997]
[2021.03.31-04.26.45:868][ 87]LogWindows: Error: [Callstack] 0x00007ffee1513bba UE4Editor-CoreUObject.dll!ProcessScriptFunction<void (__cdecl*)(UObject *,FFrame &,void *)>() [D:\Build\++UE4\Sync\Engine\Source\Runtime\CoreUObject\Private\UObject\ScriptCore.cpp:828]
[2021.03.31-04.26.45:868][ 87]LogWindows: Error: [Callstack] 0x00007ffee1545362 UE4Editor-CoreUObject.dll!ProcessLocalFunction() [D:\Build\++UE4\Sync\Engine\Source\Runtime\CoreUObject\Private\UObject\ScriptCore.cpp:1058]
[2021.03.31-04.26.45:868][ 87]LogWindows: Error: [Callstack] 0x00007ffee154571d UE4Editor-CoreUObject.dll!ProcessLocalScriptFunction() [D:\Build\++UE4\Sync\Engine\Source\Runtime\CoreUObject\Private\UObject\ScriptCore.cpp:997]
[2021.03.31-04.26.45:868][ 87]LogWindows: Error: [Callstack] 0x00007ffee1544c24 UE4Editor-CoreUObject.dll!UObject::ProcessInternal() [D:\Build\++UE4\Sync\Engine\Source\Runtime\CoreUObject\Private\UObject\ScriptCore.cpp:1085]
[2021.03.31-04.26.45:868][ 87]LogWindows: Error: [Callstack] 0x00007ffee12d0b34 UE4Editor-CoreUObject.dll!UFunction::Invoke() [D:\Build\++UE4\Sync\Engine\Source\Runtime\CoreUObject\Private\UObject\Class.cpp:5542]
[2021.03.31-04.26.45:868][ 87]LogWindows: Error: [Callstack] 0x00007ffee1544753 UE4Editor-CoreUObject.dll!UObject::ProcessEvent() [D:\Build\++UE4\Sync\Engine\Source\Runtime\CoreUObject\Private\UObject\ScriptCore.cpp:1916]
[2021.03.31-04.26.45:868][ 87]LogWindows: Error: [Callstack] 0x00007ffed2fdafe5 UE4Editor-Engine.dll!AActor::ProcessEvent() [D:\Build\++UE4\Sync\Engine\Source\Runtime\Engine\Private\Actor.cpp:798]
[2021.03.31-04.26.45:868][ 87]LogWindows: Error: [Callstack] 0x00007ffed41990d4 UE4Editor-Engine.dll!FInputActionUnifiedDelegate::Execute() [D:\Build\++UE4\Sync\Engine\Source\Runtime\Engine\Classes\Components\InputComponent.h:302]
[2021.03.31-04.26.45:868][ 87]LogWindows: Error: [Callstack] 0x00007ffed41c514e UE4Editor-Engine.dll!UPlayerInput::ProcessInputStack() [D:\Build\++UE4\Sync\Engine\Source\Runtime\Engine\Private\UserInterface\PlayerInput.cpp:1321]
[2021.03.31-04.26.45:868][ 87]LogWindows: Error: [Callstack] 0x00007ffed3ccb988 UE4Editor-Engine.dll!APlayerController::ProcessPlayerInput() [D:\Build\++UE4\Sync\Engine\Source\Runtime\Engine\Private\PlayerController.cpp:2567]
[2021.03.31-04.26.45:868][ 87]LogWindows: Error: [Callstack] 0x00007ffed3cdf1b4 UE4Editor-Engine.dll!APlayerController::TickPlayerInput() [D:\Build\++UE4\Sync\Engine\Source\Runtime\Engine\Private\PlayerController.cpp:4580]
[2021.03.31-04.26.45:868][ 87]LogWindows: Error: [Callstack] 0x00007ffed3cc9a1b UE4Editor-Engine.dll!APlayerController::PlayerTick() [D:\Build\++UE4\Sync\Engine\Source\Runtime\Engine\Private\PlayerController.cpp:2228]
[2021.03.31-04.26.45:868][ 87]LogWindows: Error: [Callstack] 0x00007ffed3cdd681 UE4Editor-Engine.dll!APlayerController::TickActor() [D:\Build\++UE4\Sync\Engine\Source\Runtime\Engine\Private\PlayerController.cpp:4726]
[2021.03.31-04.26.45:868][ 87]LogWindows: Error: [Callstack] 0x00007ffed2fb9f84 UE4Editor-Engine.dll!FActorTickFunction::ExecuteTick() [D:\Build\++UE4\Sync\Engine\Source\Runtime\Engine\Private\Actor.cpp:171]
[2021.03.31-04.26.45:868][ 87]LogWindows: Error: [Callstack] 0x00007ffed407936f UE4Editor-Engine.dll!FTickFunctionTask::DoTask() [D:\Build\++UE4\Sync\Engine\Source\Runtime\Engine\Private\TickTaskManager.cpp:283]
[2021.03.31-04.26.45:868][ 87]LogWindows: Error: [Callstack] 0x00007ffed407e3c7 UE4Editor-Engine.dll!TGraphTask<FTickFunctionTask>::ExecuteTask() [D:\Build\++UE4\Sync\Engine\Source\Runtime\Core\Public\Async\TaskGraphInterfaces.h:849]
[2021.03.31-04.26.45:868][ 87]LogWindows: Error: [Callstack] 0x00007ffed5c787d8 UE4Editor-Core.dll!FNamedTaskThread::ProcessTasksNamedThread() [D:\Build\++UE4\Sync\Engine\Source\Runtime\Core\Private\Async\TaskGraph.cpp:692]
[2021.03.31-04.26.45:868][ 87]LogWindows: Error: [Callstack] 0x00007ffed5c78aa3 UE4Editor-Core.dll!FNamedTaskThread::ProcessTasksUntilQuit() [D:\Build\++UE4\Sync\Engine\Source\Runtime\Core\Private\Async\TaskGraph.cpp:587]
[2021.03.31-04.26.45:868][ 87]LogWindows: Error: [Callstack] 0x00007ffed5c8f027 UE4Editor-Core.dll!FTaskGraphImplementation::WaitUntilTasksComplete() [D:\Build\++UE4\Sync\Engine\Source\Runtime\Core\Private\Async\TaskGraph.cpp:1478]
[2021.03.31-04.26.45:868][ 87]LogWindows: Error: [Callstack] 0x00007ffed409a402 UE4Editor-Engine.dll!FTickTaskSequencer::ReleaseTickGroup() [D:\Build\++UE4\Sync\Engine\Source\Runtime\Engine\Private\TickTaskManager.cpp:558]
[2021.03.31-04.26.45:868][ 87]LogWindows: Error: [Callstack] 0x00007ffed409f6ca UE4Editor-Engine.dll!FTickTaskManager::RunTickGroup() [D:\Build\++UE4\Sync\Engine\Source\Runtime\Engine\Private\TickTaskManager.cpp:1523]
[2021.03.31-04.26.45:868][ 87]LogWindows: Error: [Callstack] 0x00007ffed385d0bf UE4Editor-Engine.dll!UWorld::RunTickGroup() [D:\Build\++UE4\Sync\Engine\Source\Runtime\Engine\Private\LevelTick.cpp:783]
[2021.03.31-04.26.45:868][ 87]LogWindows: Error: [Callstack] 0x00007ffed3867957 UE4Editor-Engine.dll!UWorld::Tick() [D:\Build\++UE4\Sync\Engine\Source\Runtime\Engine\Private\LevelTick.cpp:1558]
[2021.03.31-04.26.45:868][ 87]LogWindows: Error: [Callstack] 0x00007ffed191af57 UE4Editor-UnrealEd.dll!UEditorEngine::Tick() [D:\Build\++UE4\Sync\Engine\Source\Editor\UnrealEd\Private\EditorEngine.cpp:1693]
[2021.03.31-04.26.45:868][ 87]LogWindows: Error: [Callstack] 0x00007ffed21f37e6 UE4Editor-UnrealEd.dll!UUnrealEdEngine::Tick() [D:\Build\++UE4\Sync\Engine\Source\Editor\UnrealEd\Private\UnrealEdEngine.cpp:414]
[2021.03.31-04.26.45:868][ 87]LogWindows: Error: [Callstack] 0x00007ff64f6a7800 UE4Editor.exe!FEngineLoop::Tick() [D:\Build\++UE4\Sync\Engine\Source\Runtime\Launch\Private\LaunchEngineLoop.cpp:4850]
[2021.03.31-04.26.45:868][ 87]LogWindows: Error: [Callstack] 0x00007ff64f6bba7c UE4Editor.exe!GuardedMain() [D:\Build\++UE4\Sync\Engine\Source\Runtime\Launch\Private\Launch.cpp:169]
[2021.03.31-04.26.45:868][ 87]LogWindows: Error: [Callstack] 0x00007ff64f6bbb5a UE4Editor.exe!GuardedMainWrapper() [D:\Build\++UE4\Sync\Engine\Source\Runtime\Launch\Private\Windows\LaunchWindows.cpp:137]
[2021.03.31-04.26.45:868][ 87]LogWindows: Error: [Callstack] 0x00007ff64f6ce31d UE4Editor.exe!WinMain() [D:\Build\++UE4\Sync\Engine\Source\Runtime\Launch\Private\Windows\LaunchWindows.cpp:268]
[2021.03.31-04.26.45:868][ 87]LogWindows: Error: [Callstack] 0x00007ff64f6d145a UE4Editor.exe!__scrt_common_main_seh() [d:\agent\_work\5\s\src\vctools\crt\vcstartup\src\startup\exe_common.inl:288]
[2021.03.31-04.26.45:868][ 87]LogWindows: Error: [Callstack] 0x00007fff2dee7034 KERNEL32.DLL!UnknownFunction []
[2021.03.31-04.26.45:868][ 87]LogWindows: Error: [Callstack] 0x00007fff2f282651 ntdll.dll!UnknownFunction []
[2021.03.31-04.26.45:868][ 87]LogWindows: Error: 
[2021.03.31-04.26.45:885][ 87]LogExit: Executing StaticShutdownAfterError
[2021.03.31-04.26.45:889][ 87]LogWindows: FPlatformMisc::RequestExit(1)
[2021.03.31-04.26.45:889][ 87]LogCore: Engine exit requested (reason: Win RequestExit)
[2021.03.31-04.26.45:896][ 87]Log file closed, 03/31/21 13:26:45
