Log file open, 05/16/21 23:51:47
LogInit: Display: Running engine for game: WireHunter
LogPlatformFile: Not using cached read wrapper
LogTaskGraph: Started task graph with 5 named threads and 35 total threads with 3 sets of task threads.
LogStats: Stats thread started at 0.167969
LogD3D11RHI: Loaded GFSDK_Aftermath_Lib.x64.dll
LogICUInternationalization: ICU TimeZone Detection - Raw Offset: +9:00, Platform Override: ''
LogPluginManager: Mounting plugin Paper2D
LogPluginManager: Mounting plugin AISupport
LogPluginManager: Mounting plugin LightPropagationVolume
LogPluginManager: Mounting plugin CameraShakePreviewer
LogPluginManager: Mounting plugin ActorLayerUtilities
LogPluginManager: Mounting plugin AnimationSharing
LogPluginManager: Mounting plugin CLionSourceCodeAccess
LogPluginManager: Mounting plugin CodeLiteSourceCodeAccess
LogPluginManager: Mounting plugin GitSourceControl
LogPluginManager: Mounting plugin KDevelopSourceCodeAccess
LogPluginManager: Mounting plugin NullSourceCodeAccess
LogPluginManager: Mounting plugin PerforceSourceControl
LogPluginManager: Mounting plugin PlasticSourceControl
LogPluginManager: Mounting plugin RiderSourceCodeAccess
LogPluginManager: Mounting plugin SubversionSourceControl
LogPluginManager: Mounting plugin UObjectPlugin
LogPluginManager: Mounting plugin VisualStudioCodeSourceCodeAccess
LogPluginManager: Mounting plugin VisualStudioSourceCodeAccess
LogPluginManager: Mounting plugin XCodeSourceCodeAccess
LogPluginManager: Mounting plugin AssetManagerEditor
LogPluginManager: Mounting plugin BlueprintMaterialTextureNodes
LogPluginManager: Mounting plugin CryptoKeys
LogPluginManager: Mounting plugin CurveEditorTools
LogPluginManager: Mounting plugin DataValidation
LogPluginManager: Mounting plugin EditorScriptingUtilities
LogPluginManager: Mounting plugin FacialAnimation
LogPluginManager: Mounting plugin GameplayTagsEditor
LogPluginManager: Mounting plugin GeometryMode
LogPluginManager: Mounting plugin MacGraphicsSwitching
LogPluginManager: Mounting plugin MaterialAnalyzer
LogPluginManager: Mounting plugin MobileLauncherProfileWizard
LogPluginManager: Mounting plugin PluginBrowser
LogPluginManager: Mounting plugin SpeedTreeImporter
LogPluginManager: Mounting plugin DatasmithContent
LogPluginManager: Mounting plugin VariantManagerContent
LogPluginManager: Mounting plugin AlembicImporter
LogPluginManager: Mounting plugin AutomationUtils
LogPluginManager: Mounting plugin BackChannel
LogPluginManager: Mounting plugin ChaosCloth
LogPluginManager: Mounting plugin ChaosClothEditor
LogPluginManager: Mounting plugin ChaosEditor
LogPluginManager: Mounting plugin ChaosNiagara
LogPluginManager: Mounting plugin ChaosSolverPlugin
LogPluginManager: Mounting plugin CharacterAI
LogPluginManager: Mounting plugin GeometryCache
LogPluginManager: Mounting plugin GeometryCollectionPlugin
LogPluginManager: Mounting plugin GeometryProcessing
LogPluginManager: Mounting plugin PlanarCut
LogPluginManager: Mounting plugin PlatformCrypto
LogPluginManager: Mounting plugin ProxyLODPlugin
LogPluginManager: Mounting plugin SkeletalReduction
LogPluginManager: Mounting plugin Volumetrics
LogPluginManager: Mounting plugin Niagara
LogPluginManager: Mounting plugin MagicLeap
LogPluginManager: Mounting plugin MagicLeapLightEstimation
LogPluginManager: Mounting plugin MagicLeapMedia
LogPluginManager: Mounting plugin MagicLeapPassableWorld
LogPluginManager: Mounting plugin MLSDK
LogPluginManager: Mounting plugin AndroidMedia
LogPluginManager: Mounting plugin AvfMedia
LogPluginManager: Mounting plugin ImgMedia
LogPluginManager: Mounting plugin MediaCompositing
LogPluginManager: Mounting plugin MediaPlayerEditor
LogPluginManager: Mounting plugin WebMMedia
LogPluginManager: Mounting plugin WmfMedia
LogPluginManager: Mounting plugin MeshPainting
LogPluginManager: Mounting plugin TcpMessaging
LogPluginManager: Mounting plugin UdpMessaging
LogPluginManager: Mounting plugin ActorSequence
LogPluginManager: Mounting plugin LevelSequenceEditor
LogPluginManager: Mounting plugin MatineeToLevelSequence
LogPluginManager: Mounting plugin MovieRenderPipeline
LogPluginManager: Mounting plugin TemplateSequence
LogPluginManager: Mounting plugin NetcodeUnitTest
LogPluginManager: Mounting plugin NUTUnrealEngine4
LogPluginManager: Mounting plugin OnlineSubsystemGooglePlay
LogPluginManager: Mounting plugin OnlineSubsystemIOS
LogPluginManager: Mounting plugin OnlineSubsystem
LogPluginManager: Mounting plugin OnlineSubsystemNull
LogPluginManager: Mounting plugin OnlineSubsystemUtils
LogPluginManager: Mounting plugin LauncherChunkInstaller
LogPluginManager: Mounting plugin AndroidDeviceProfileSelector
LogPluginManager: Mounting plugin AndroidMoviePlayer
LogPluginManager: Mounting plugin AndroidPermission
LogPluginManager: Mounting plugin AppleImageUtils
LogPluginManager: Mounting plugin AppleMoviePlayer
LogPluginManager: Mounting plugin ArchVisCharacter
LogPluginManager: Mounting plugin AssetTags
LogPluginManager: Mounting plugin AudioCapture
LogPluginManager: Mounting plugin CableComponent
LogPluginManager: Mounting plugin CustomMeshComponent
LogPluginManager: Mounting plugin EditableMesh
LogPluginManager: Mounting plugin ExampleDeviceProfileSelector
LogPluginManager: Mounting plugin GoogleCloudMessaging
LogPluginManager: Mounting plugin GooglePAD
LogPluginManager: Mounting plugin IOSDeviceProfileSelector
LogPluginManager: Mounting plugin LinuxDeviceProfileSelector
LogPluginManager: Mounting plugin LocationServicesBPLibrary
LogPluginManager: Mounting plugin MobilePatchingUtils
LogPluginManager: Mounting plugin OculusVR
LogPluginManager: Mounting plugin PhysXVehicles
LogPluginManager: Mounting plugin PostSplashScreen
LogPluginManager: Mounting plugin ProceduralMeshComponent
LogPluginManager: Mounting plugin RuntimePhysXCooking
LogPluginManager: Mounting plugin SignificanceManager
LogPluginManager: Mounting plugin SoundFields
LogPluginManager: Mounting plugin SteamVR
LogPluginManager: Mounting plugin Synthesis
LogPluginManager: Mounting plugin WebMMoviePlayer
LogPluginManager: Mounting plugin WindowsMoviePlayer
LogPluginManager: Mounting plugin ScreenshotTools
LogInit: Using libcurl 7.55.1-DEV
LogInit:  - built for x86_64-pc-win32
LogInit:  - supports SSL with OpenSSL/1.1.1
LogInit:  - supports HTTP deflate (compression) using libz 1.2.8
LogInit:  - other features:
LogInit:      CURL_VERSION_SSL
LogInit:      CURL_VERSION_LIBZ
LogInit:      CURL_VERSION_IPV6
LogInit:      CURL_VERSION_ASYNCHDNS
LogInit:      CURL_VERSION_LARGEFILE
LogInit:      CURL_VERSION_IDN
LogInit:  CurlRequestOptions (configurable via config and command line):
LogInit:  - bVerifyPeer = true  - Libcurl will verify peer certificate
LogInit:  - bUseHttpProxy = false  - Libcurl will NOT use HTTP proxy
LogInit:  - bDontReuseConnections = false  - Libcurl will reuse connections
LogInit:  - MaxHostConnections = 16  - Libcurl will limit the number of connections to a host
LogInit:  - LocalHostAddr = Default
LogInit:  - BufferSize = 65536
LogOnline: OSS: Creating online subsystem instance for: NULL
LogInit: WinSock: version 1.1 (2.2), MaxSocks=32767, MaxUdp=65467
LogOnline: OSS: TryLoadSubsystemAndSetDefault: Loaded subsystem for module [NULL]
LogInit: Build: ++UE4+Release-4.25-CL-14469661
LogInit: Engine Version: 4.25.4-14469661+++UE4+Release-4.25
LogInit: Compatible Engine Version: 4.25.0-13144385+++UE4+Release-4.25
LogInit: Net CL: 13144385
LogInit: OS: Windows 10 (Release 2004) (), CPU: Intel(R) Core(TM) i5-10400 CPU @ 2.90GHz, GPU: NVIDIA GeForce RTX 2060
LogInit: Compiled (64-bit): Oct 11 2020 08:10:49
LogInit: Compiled with Visual C++: 19.24.28315.00
LogInit: Build Configuration: Development
LogInit: Branch Name: ++UE4+Release-4.25
LogInit: Command Line: 
LogInit: Base Directory: C:/Program Files/Epic Games/UE_4.25/Engine/Binaries/Win64/
LogInit: Allocator: TBB
LogInit: Installed Engine Build: 1
LogDevObjectVersion: Number of dev versions registered: 26
LogDevObjectVersion:   Dev-Blueprints (B0D832E4-1F89-4F0D-ACCF-7EB736FD4AA2): 10
LogDevObjectVersion:   Dev-Build (E1C64328-A22C-4D53-A36C-8E866417BD8C): 0
LogDevObjectVersion:   Dev-Core (375EC13C-06E4-48FB-B500-84F0262A717E): 4
LogDevObjectVersion:   Dev-Editor (E4B068ED-F494-42E9-A231-DA0B2E46BB41): 38
LogDevObjectVersion:   Dev-Framework (CFFC743F-43B0-4480-9391-14DF171D2073): 37
LogDevObjectVersion:   Dev-Mobile (B02B49B5-BB20-44E9-A304-32B752E40360): 2
LogDevObjectVersion:   Dev-Networking (A4E4105C-59A1-49B5-A7C5-40C4547EDFEE): 0
LogDevObjectVersion:   Dev-Online (39C831C9-5AE6-47DC-9A44-9C173E1C8E7C): 0
LogDevObjectVersion:   Dev-Physics (78F01B33-EBEA-4F98-B9B4-84EACCB95AA2): 4
LogDevObjectVersion:   Dev-Platform (6631380F-2D4D-43E0-8009-CF276956A95A): 0
LogDevObjectVersion:   Dev-Rendering (12F88B9F-8875-4AFC-A67C-D90C383ABD29): 43
LogDevObjectVersion:   Dev-Sequencer (7B5AE74C-D270-4C10-A958-57980B212A5A): 12
LogDevObjectVersion:   Dev-VR (D7296918-1DD6-4BDD-9DE2-64A83CC13884): 3
LogDevObjectVersion:   Dev-LoadTimes (C2A15278-BFE7-4AFE-6C17-90FF531DF755): 1
LogDevObjectVersion:   Private-Geometry (6EACA3D4-40EC-4CC1-B786-8BED09428FC5): 3
LogDevObjectVersion:   Dev-AnimPhys (29E575DD-E0A3-4627-9D10-D276232CDCEA): 17
LogDevObjectVersion:   Dev-Anim (AF43A65D-7FD3-4947-9873-3E8ED9C1BB05): 7
LogDevObjectVersion:   Dev-ReflectionCapture (6B266CEC-1EC7-4B8F-A30B-E4D90942FC07): 1
LogDevObjectVersion:   Dev-Automation (0DF73D61-A23F-47EA-B727-89E90C41499A): 1
LogDevObjectVersion:   FortniteMain (601D1886-AC64-4F84-AA16-D3DE0DEAC7D6): 31
LogDevObjectVersion:   Dev-Enterprise (9DFFBCD6-494F-0158-E221-12823C92A888): 10
LogDevObjectVersion:   Dev-Niagara (F2AED0AC-9AFE-416F-8664-AA7FFA26D6FC): 1
LogDevObjectVersion:   Dev-Destruction (174F1F0B-B4C6-45A5-B13F-2EE8D0FB917D): 10
LogDevObjectVersion:   Dev-Physics-Ext (35F94A83-E258-406C-A318-09F59610247C): 37
LogDevObjectVersion:   Dev-PhysicsMaterial-Chaos (B68FC16E-8B1B-42E2-B453-215C058844FE): 1
LogDevObjectVersion:   Dev-CineCamera (B2E18506-4273-CFC2-A54E-F4BB758BBA07): 1
LogInit: Presizing for max 25165824 objects, including 0 objects not considered by GC, pre-allocating 0 bytes for permanent pool.
LogConfig: Applying CVar settings from Section [/Script/Engine.StreamingSettings] File [C:/Wire-Hunter/work/choi/WireHunter/Saved/Config/Windows/Engine.ini]
LogConfig: Setting CVar [[s.MinBulkDataSizeForAsyncLoading:131072]]
LogConfig: Setting CVar [[s.AsyncLoadingThreadEnabled:0]]
LogConfig: Setting CVar [[s.EventDrivenLoaderEnabled:1]]
LogConfig: Setting CVar [[s.WarnIfTimeLimitExceeded:0]]
LogConfig: Setting CVar [[s.TimeLimitExceededMultiplier:1.5]]
LogConfig: Setting CVar [[s.TimeLimitExceededMinTime:0.005]]
LogConfig: Setting CVar [[s.UseBackgroundLevelStreaming:1]]
LogConfig: Setting CVar [[s.PriorityAsyncLoadingExtraTime:15.0]]
LogConfig: Setting CVar [[s.LevelStreamingActorsUpdateTimeLimit:5.0]]
LogConfig: Setting CVar [[s.PriorityLevelStreamingActorsUpdateExtraTime:5.0]]
LogConfig: Setting CVar [[s.LevelStreamingComponentsRegistrationGranularity:10]]
LogConfig: Setting CVar [[s.UnregisterComponentsTimeLimit:1.0]]
LogConfig: Setting CVar [[s.LevelStreamingComponentsUnregistrationGranularity:5]]
LogConfig: Setting CVar [[s.FlushStreamingOnExit:1]]
LogInit: Object subsystem initialized
LogConfig: Setting CVar [[con.DebugEarlyDefault:1]]
LogConfig: Setting CVar [[r.setres:1280x720]]
[2021.05.16-14.51.47:920][  0]LogConfig: Setting CVar [[r.VSync:0]]
[2021.05.16-14.51.47:920][  0]LogConfig: Setting CVar [[r.RHICmdBypass:0]]
[2021.05.16-14.51.47:920][  0]LogConfig: Applying CVar settings from Section [/Script/Engine.RendererSettings] File [C:/Wire-Hunter/work/choi/WireHunter/Saved/Config/Windows/Engine.ini]
[2021.05.16-14.51.47:920][  0]LogConfig: Setting CVar [[r.GPUCrashDebugging:0]]
[2021.05.16-14.51.47:920][  0]LogConfig: Applying CVar settings from Section [/Script/Engine.RendererOverrideSettings] File [C:/Wire-Hunter/work/choi/WireHunter/Saved/Config/Windows/Engine.ini]
[2021.05.16-14.51.47:920][  0]LogConfig: Applying CVar settings from Section [/Script/Engine.StreamingSettings] File [C:/Wire-Hunter/work/choi/WireHunter/Saved/Config/Windows/Engine.ini]
[2021.05.16-14.51.47:920][  0]LogConfig: Setting CVar [[s.MinBulkDataSizeForAsyncLoading:131072]]
[2021.05.16-14.51.47:920][  0]LogConfig: Setting CVar [[s.AsyncLoadingThreadEnabled:0]]
[2021.05.16-14.51.47:920][  0]LogConfig: Setting CVar [[s.EventDrivenLoaderEnabled:1]]
[2021.05.16-14.51.47:920][  0]LogConfig: Setting CVar [[s.WarnIfTimeLimitExceeded:0]]
[2021.05.16-14.51.47:920][  0]LogConfig: Setting CVar [[s.TimeLimitExceededMultiplier:1.5]]
[2021.05.16-14.51.47:920][  0]LogConfig: Setting CVar [[s.TimeLimitExceededMinTime:0.005]]
[2021.05.16-14.51.47:920][  0]LogConfig: Setting CVar [[s.UseBackgroundLevelStreaming:1]]
[2021.05.16-14.51.47:920][  0]LogConfig: Setting CVar [[s.PriorityAsyncLoadingExtraTime:15.0]]
[2021.05.16-14.51.47:920][  0]LogConfig: Setting CVar [[s.LevelStreamingActorsUpdateTimeLimit:5.0]]
[2021.05.16-14.51.47:920][  0]LogConfig: Setting CVar [[s.PriorityLevelStreamingActorsUpdateExtraTime:5.0]]
[2021.05.16-14.51.47:920][  0]LogConfig: Setting CVar [[s.LevelStreamingComponentsRegistrationGranularity:10]]
[2021.05.16-14.51.47:920][  0]LogConfig: Setting CVar [[s.UnregisterComponentsTimeLimit:1.0]]
[2021.05.16-14.51.47:920][  0]LogConfig: Setting CVar [[s.LevelStreamingComponentsUnregistrationGranularity:5]]
[2021.05.16-14.51.47:920][  0]LogConfig: Setting CVar [[s.FlushStreamingOnExit:1]]
[2021.05.16-14.51.47:920][  0]LogConfig: Applying CVar settings from Section [/Script/Engine.GarbageCollectionSettings] File [C:/Wire-Hunter/work/choi/WireHunter/Saved/Config/Windows/Engine.ini]
[2021.05.16-14.51.47:920][  0]LogConfig: Setting CVar [[gc.MaxObjectsNotConsideredByGC:1]]
[2021.05.16-14.51.47:920][  0]LogConfig: Setting CVar [[gc.SizeOfPermanentObjectPool:0]]
[2021.05.16-14.51.47:920][  0]LogConfig: Setting CVar [[gc.FlushStreamingOnGC:0]]
[2021.05.16-14.51.47:920][  0]LogConfig: Setting CVar [[gc.NumRetriesBeforeForcingGC:10]]
[2021.05.16-14.51.47:920][  0]LogConfig: Setting CVar [[gc.AllowParallelGC:1]]
[2021.05.16-14.51.47:920][  0]LogConfig: Setting CVar [[gc.TimeBetweenPurgingPendingKillObjects:61.1]]
[2021.05.16-14.51.47:920][  0]LogConfig: Setting CVar [[gc.MaxObjectsInEditor:25165824]]
[2021.05.16-14.51.47:920][  0]LogConfig: Setting CVar [[gc.IncrementalBeginDestroyEnabled:1]]
[2021.05.16-14.51.47:920][  0]LogConfig: Setting CVar [[gc.CreateGCClusters:1]]
[2021.05.16-14.51.47:920][  0]LogConfig: Setting CVar [[gc.MinGCClusterSize:5]]
[2021.05.16-14.51.47:920][  0]LogConfig: Setting CVar [[gc.ActorClusteringEnabled:0]]
[2021.05.16-14.51.47:920][  0]LogConfig: Setting CVar [[gc.BlueprintClusteringEnabled:0]]
[2021.05.16-14.51.47:920][  0]LogConfig: Setting CVar [[gc.UseDisregardForGCOnDedicatedServers:0]]
[2021.05.16-14.51.47:920][  0]LogConfig: Applying CVar settings from Section [/Script/Engine.NetworkSettings] File [C:/Wire-Hunter/work/choi/WireHunter/Saved/Config/Windows/Engine.ini]
[2021.05.16-14.51.47:920][  0]LogConfig: Applying CVar settings from Section [/Script/UnrealEd.CookerSettings] File [C:/Wire-Hunter/work/choi/WireHunter/Saved/Config/Windows/Engine.ini]
[2021.05.16-14.51.47:923][  0]LogConfig: Applying CVar settings from Section [ViewDistanceQuality@3] File [C:/Wire-Hunter/work/choi/WireHunter/Saved/Config/Windows/Scalability.ini]
[2021.05.16-14.51.47:923][  0]LogConfig: Setting CVar [[r.SkeletalMeshLODBias:0]]
[2021.05.16-14.51.47:923][  0]LogConfig: Setting CVar [[r.ViewDistanceScale:1.0]]
[2021.05.16-14.51.47:923][  0]LogConfig: Applying CVar settings from Section [AntiAliasingQuality@3] File [C:/Wire-Hunter/work/choi/WireHunter/Saved/Config/Windows/Scalability.ini]
[2021.05.16-14.51.47:923][  0]LogConfig: Setting CVar [[r.PostProcessAAQuality:4]]
[2021.05.16-14.51.47:923][  0]LogConfig: Applying CVar settings from Section [ShadowQuality@3] File [C:/Wire-Hunter/work/choi/WireHunter/Saved/Config/Windows/Scalability.ini]
[2021.05.16-14.51.47:923][  0]LogConfig: Setting CVar [[r.LightFunctionQuality:1]]
[2021.05.16-14.51.47:923][  0]LogConfig: Setting CVar [[r.ShadowQuality:5]]
[2021.05.16-14.51.47:923][  0]LogConfig: Setting CVar [[r.Shadow.CSM.MaxCascades:10]]
[2021.05.16-14.51.47:923][  0]LogConfig: Setting CVar [[r.Shadow.MaxResolution:2048]]
[2021.05.16-14.51.47:923][  0]LogConfig: Setting CVar [[r.Shadow.MaxCSMResolution:2048]]
[2021.05.16-14.51.47:923][  0]LogConfig: Setting CVar [[r.Shadow.RadiusThreshold:0.01]]
[2021.05.16-14.51.47:923][  0]LogConfig: Setting CVar [[r.Shadow.DistanceScale:1.0]]
[2021.05.16-14.51.47:923][  0]LogConfig: Setting CVar [[r.Shadow.CSM.TransitionScale:1.0]]
[2021.05.16-14.51.47:923][  0]LogConfig: Setting CVar [[r.Shadow.PreShadowResolutionFactor:1.0]]
[2021.05.16-14.51.47:923][  0]LogConfig: Setting CVar [[r.DistanceFieldShadowing:1]]
[2021.05.16-14.51.47:923][  0]LogConfig: Setting CVar [[r.DistanceFieldAO:1]]
[2021.05.16-14.51.47:923][  0]LogConfig: Setting CVar [[r.AOQuality:2]]
[2021.05.16-14.51.47:923][  0]LogConfig: Setting CVar [[r.VolumetricFog:1]]
[2021.05.16-14.51.47:923][  0]LogConfig: Setting CVar [[r.VolumetricFog.GridPixelSize:8]]
[2021.05.16-14.51.47:923][  0]LogConfig: Setting CVar [[r.VolumetricFog.GridSizeZ:128]]
[2021.05.16-14.51.47:923][  0]LogConfig: Setting CVar [[r.VolumetricFog.HistoryMissSupersampleCount:4]]
[2021.05.16-14.51.47:923][  0]LogConfig: Setting CVar [[r.LightMaxDrawDistanceScale:1]]
[2021.05.16-14.51.47:923][  0]LogConfig: Setting CVar [[r.CapsuleShadows:1]]
[2021.05.16-14.51.47:923][  0]LogConfig: Applying CVar settings from Section [PostProcessQuality@3] File [C:/Wire-Hunter/work/choi/WireHunter/Saved/Config/Windows/Scalability.ini]
[2021.05.16-14.51.47:923][  0]LogConfig: Setting CVar [[r.MotionBlurQuality:4]]
[2021.05.16-14.51.47:923][  0]LogConfig: Setting CVar [[r.AmbientOcclusionMipLevelFactor:0.4]]
[2021.05.16-14.51.47:923][  0]LogConfig: Setting CVar [[r.AmbientOcclusionMaxQuality:100]]
[2021.05.16-14.51.47:923][  0]LogConfig: Setting CVar [[r.AmbientOcclusionLevels:-1]]
[2021.05.16-14.51.47:923][  0]LogConfig: Setting CVar [[r.AmbientOcclusionRadiusScale:1.0]]
[2021.05.16-14.51.47:923][  0]LogConfig: Setting CVar [[r.DepthOfFieldQuality:2]]
[2021.05.16-14.51.47:923][  0]LogConfig: Setting CVar [[r.RenderTargetPoolMin:400]]
[2021.05.16-14.51.47:923][  0]LogConfig: Setting CVar [[r.LensFlareQuality:2]]
[2021.05.16-14.51.47:923][  0]LogConfig: Setting CVar [[r.SceneColorFringeQuality:1]]
[2021.05.16-14.51.47:923][  0]LogConfig: Setting CVar [[r.EyeAdaptationQuality:2]]
[2021.05.16-14.51.47:923][  0]LogConfig: Setting CVar [[r.BloomQuality:5]]
[2021.05.16-14.51.47:923][  0]LogConfig: Setting CVar [[r.FastBlurThreshold:100]]
[2021.05.16-14.51.47:923][  0]LogConfig: Setting CVar [[r.Upscale.Quality:3]]
[2021.05.16-14.51.47:923][  0]LogConfig: Setting CVar [[r.Tonemapper.GrainQuantization:1]]
[2021.05.16-14.51.47:923][  0]LogConfig: Setting CVar [[r.LightShaftQuality:1]]
[2021.05.16-14.51.47:923][  0]LogConfig: Setting CVar [[r.Filter.SizeScale:1]]
[2021.05.16-14.51.47:923][  0]LogConfig: Setting CVar [[r.Tonemapper.Quality:5]]
[2021.05.16-14.51.47:923][  0]LogConfig: Setting CVar [[r.DOF.Gather.AccumulatorQuality:1        ; higher gathering accumulator quality]]
[2021.05.16-14.51.47:923][  0]LogConfig: Setting CVar [[r.DOF.Gather.PostfilterMethod:1          ; Median3x3 postfilering method]]
[2021.05.16-14.51.47:923][  0]LogConfig: Setting CVar [[r.DOF.Gather.EnableBokehSettings:0       ; no bokeh simulation when gathering]]
[2021.05.16-14.51.47:923][  0]LogConfig: Setting CVar [[r.DOF.Gather.RingCount:4                 ; medium number of samples when gathering]]
[2021.05.16-14.51.47:923][  0]LogConfig: Setting CVar [[r.DOF.Scatter.ForegroundCompositing:1    ; additive foreground scattering]]
[2021.05.16-14.51.47:923][  0]LogConfig: Setting CVar [[r.DOF.Scatter.BackgroundCompositing:2    ; additive background scattering]]
[2021.05.16-14.51.47:923][  0]LogConfig: Setting CVar [[r.DOF.Scatter.EnableBokehSettings:1      ; bokeh simulation when scattering]]
[2021.05.16-14.51.47:923][  0]LogConfig: Setting CVar [[r.DOF.Scatter.MaxSpriteRatio:0.1         ; only a maximum of 10% of scattered bokeh]]
[2021.05.16-14.51.47:923][  0]LogConfig: Setting CVar [[r.DOF.Recombine.Quality:1                ; cheap slight out of focus]]
[2021.05.16-14.51.47:923][  0]LogConfig: Setting CVar [[r.DOF.Recombine.EnableBokehSettings:0    ; no bokeh simulation on slight out of focus]]
[2021.05.16-14.51.47:923][  0]LogConfig: Setting CVar [[r.DOF.TemporalAAQuality:1                ; more stable temporal accumulation]]
[2021.05.16-14.51.47:923][  0]LogConfig: Setting CVar [[r.DOF.Kernel.MaxForegroundRadius:0.025]]
[2021.05.16-14.51.47:923][  0]LogConfig: Setting CVar [[r.DOF.Kernel.MaxBackgroundRadius:0.025]]
[2021.05.16-14.51.47:923][  0]LogConfig: Applying CVar settings from Section [TextureQuality@3] File [C:/Wire-Hunter/work/choi/WireHunter/Saved/Config/Windows/Scalability.ini]
[2021.05.16-14.51.47:923][  0]LogConfig: Setting CVar [[r.Streaming.MipBias:0]]
[2021.05.16-14.51.47:923][  0]LogConfig: Setting CVar [[r.Streaming.AmortizeCPUToGPUCopy:0]]
[2021.05.16-14.51.47:923][  0]LogConfig: Setting CVar [[r.Streaming.MaxNumTexturesToStreamPerFrame:0]]
[2021.05.16-14.51.47:923][  0]LogConfig: Setting CVar [[r.Streaming.Boost:1]]
[2021.05.16-14.51.47:923][  0]LogConfig: Setting CVar [[r.MaxAnisotropy:8]]
[2021.05.16-14.51.47:923][  0]LogConfig: Setting CVar [[r.VT.MaxAnisotropy:8]]
[2021.05.16-14.51.47:923][  0]LogConfig: Setting CVar [[r.Streaming.LimitPoolSizeToVRAM:0]]
[2021.05.16-14.51.47:923][  0]LogConfig: Setting CVar [[r.Streaming.PoolSize:1000]]
[2021.05.16-14.51.47:923][  0]LogConfig: Setting CVar [[r.Streaming.MaxEffectiveScreenSize:0]]
[2021.05.16-14.51.47:923][  0]LogConfig: Applying CVar settings from Section [EffectsQuality@3] File [C:/Wire-Hunter/work/choi/WireHunter/Saved/Config/Windows/Scalability.ini]
[2021.05.16-14.51.47:923][  0]LogConfig: Setting CVar [[r.TranslucencyLightingVolumeDim:64]]
[2021.05.16-14.51.47:923][  0]LogConfig: Setting CVar [[r.RefractionQuality:2]]
[2021.05.16-14.51.47:923][  0]LogConfig: Setting CVar [[r.SSR.Quality:3]]
[2021.05.16-14.51.47:923][  0]LogConfig: Setting CVar [[r.SSR.HalfResSceneColor:0]]
[2021.05.16-14.51.47:923][  0]LogConfig: Setting CVar [[r.SceneColorFormat:4]]
[2021.05.16-14.51.47:923][  0]LogConfig: Setting CVar [[r.DetailMode:2]]
[2021.05.16-14.51.47:923][  0]LogConfig: Setting CVar [[r.TranslucencyVolumeBlur:1]]
[2021.05.16-14.51.47:923][  0]LogConfig: Setting CVar [[r.MaterialQualityLevel:1 ; High quality]]
[2021.05.16-14.51.47:923][  0]LogConfig: Setting CVar [[r.SSS.Scale:1]]
[2021.05.16-14.51.47:923][  0]LogConfig: Setting CVar [[r.SSS.SampleSet:2]]
[2021.05.16-14.51.47:923][  0]LogConfig: Setting CVar [[r.SSS.Quality:1]]
[2021.05.16-14.51.47:923][  0]LogConfig: Setting CVar [[r.SSS.HalfRes:0]]
[2021.05.16-14.51.47:923][  0]LogConfig: Setting CVar [[r.SSGI.Quality:3]]
[2021.05.16-14.51.47:923][  0]LogConfig: Setting CVar [[r.EmitterSpawnRateScale:1.0]]
[2021.05.16-14.51.47:923][  0]LogConfig: Setting CVar [[r.ParticleLightQuality:2]]
[2021.05.16-14.51.47:923][  0]LogConfig: Setting CVar [[r.SkyAtmosphere.AerialPerspectiveLUT.FastApplyOnOpaque:1 ; Always have FastSkyLUT 1 in this case to avoid wrong sky]]
[2021.05.16-14.51.47:923][  0]LogConfig: Setting CVar [[r.SkyAtmosphere.AerialPerspectiveLUT.SampleCountPerSlice:1]]
[2021.05.16-14.51.47:923][  0]LogConfig: Setting CVar [[r.SkyAtmosphere.AerialPerspectiveLUT.DepthResolution:16.0]]
[2021.05.16-14.51.47:923][  0]LogConfig: Setting CVar [[r.SkyAtmosphere.FastSkyLUT:1]]
[2021.05.16-14.51.47:923][  0]LogConfig: Setting CVar [[r.SkyAtmosphere.FastSkyLUT.SampleCountMin:4.0]]
[2021.05.16-14.51.47:923][  0]LogConfig: Setting CVar [[r.SkyAtmosphere.FastSkyLUT.SampleCountMax:32.0]]
[2021.05.16-14.51.47:924][  0]LogConfig: Setting CVar [[r.SkyAtmosphere.SampleCountMin:4.0]]
[2021.05.16-14.51.47:924][  0]LogConfig: Setting CVar [[r.SkyAtmosphere.SampleCountMax:32.0]]
[2021.05.16-14.51.47:924][  0]LogConfig: Setting CVar [[r.SkyAtmosphere.TransmittanceLUT.UseSmallFormat:0]]
[2021.05.16-14.51.47:924][  0]LogConfig: Setting CVar [[r.SkyAtmosphere.TransmittanceLUT.SampleCount:10.0]]
[2021.05.16-14.51.47:924][  0]LogConfig: Setting CVar [[r.SkyAtmosphere.MultiScatteringLUT.SampleCount:15.0]]
[2021.05.16-14.51.47:924][  0]LogConfig: Applying CVar settings from Section [FoliageQuality@3] File [C:/Wire-Hunter/work/choi/WireHunter/Saved/Config/Windows/Scalability.ini]
[2021.05.16-14.51.47:924][  0]LogConfig: Setting CVar [[foliage.DensityScale:1.0]]
[2021.05.16-14.51.47:924][  0]LogConfig: Setting CVar [[grass.DensityScale:1.0]]
[2021.05.16-14.51.47:924][  0]LogConfig: Applying CVar settings from Section [ShadingQuality@3] File [C:/Wire-Hunter/work/choi/WireHunter/Saved/Config/Windows/Scalability.ini]
[2021.05.16-14.51.47:924][  0]LogConfig: Setting CVar [[r.HairStrands.SkyLighting.SampleCount:16]]
[2021.05.16-14.51.47:924][  0]LogConfig: Setting CVar [[r.HairStrands.SkyLighting.JitterIntegration:0]]
[2021.05.16-14.51.47:924][  0]LogConfig: Setting CVar [[r.HairStrands.SkyAO.SampleCount:16]]
[2021.05.16-14.51.47:924][  0]LogConfig: Setting CVar [[r.HairStrands.DeepShadow.SuperSampling:0]]
[2021.05.16-14.51.47:924][  0]LogConfig: Setting CVar [[r.HairStrands.VisibilityPPLL:0]]
[2021.05.16-14.51.47:924][  0]LogConfig: Setting CVar [[r.HairStrands.RasterizationScale:0.5]]
[2021.05.16-14.51.47:924][  0]LogConfig: Setting CVar [[r.HairStrands.VelocityRasterizationScale:1]]
[2021.05.16-14.51.47:924][  0]LogInit: Selected Device Profile: [Windows]
[2021.05.16-14.51.47:924][  0]LogInit: Applying CVar settings loaded from the selected device profile: [Windows]
[2021.05.16-14.51.47:924][  0]LogHAL: Display: Platform has ~ 16 GB [17109049344 / 17179869184 / 16], which maps to Larger [LargestMinGB=32, LargerMinGB=12, DefaultMinGB=8, SmallerMinGB=6, SmallestMinGB=0)
[2021.05.16-14.51.47:924][  0]LogInit: Going up to parent DeviceProfile []
[2021.05.16-14.51.47:924][  0]LogConfig: Applying CVar settings from Section [ViewDistanceQuality@3] File [C:/Wire-Hunter/work/choi/WireHunter/Saved/Config/Windows/Scalability.ini]
[2021.05.16-14.51.47:924][  0]LogConfig: Setting CVar [[r.SkeletalMeshLODBias:0]]
[2021.05.16-14.51.47:924][  0]LogConfig: Setting CVar [[r.ViewDistanceScale:1.0]]
[2021.05.16-14.51.47:924][  0]LogConfig: Applying CVar settings from Section [AntiAliasingQuality@3] File [C:/Wire-Hunter/work/choi/WireHunter/Saved/Config/Windows/Scalability.ini]
[2021.05.16-14.51.47:924][  0]LogConfig: Setting CVar [[r.PostProcessAAQuality:4]]
[2021.05.16-14.51.47:924][  0]LogConfig: Applying CVar settings from Section [ShadowQuality@3] File [C:/Wire-Hunter/work/choi/WireHunter/Saved/Config/Windows/Scalability.ini]
[2021.05.16-14.51.47:924][  0]LogConfig: Setting CVar [[r.LightFunctionQuality:1]]
[2021.05.16-14.51.47:924][  0]LogConfig: Setting CVar [[r.ShadowQuality:5]]
[2021.05.16-14.51.47:924][  0]LogConfig: Setting CVar [[r.Shadow.CSM.MaxCascades:10]]
[2021.05.16-14.51.47:924][  0]LogConfig: Setting CVar [[r.Shadow.MaxResolution:2048]]
[2021.05.16-14.51.47:924][  0]LogConfig: Setting CVar [[r.Shadow.MaxCSMResolution:2048]]
[2021.05.16-14.51.47:924][  0]LogConfig: Setting CVar [[r.Shadow.RadiusThreshold:0.01]]
[2021.05.16-14.51.47:924][  0]LogConfig: Setting CVar [[r.Shadow.DistanceScale:1.0]]
[2021.05.16-14.51.47:924][  0]LogConfig: Setting CVar [[r.Shadow.CSM.TransitionScale:1.0]]
[2021.05.16-14.51.47:924][  0]LogConfig: Setting CVar [[r.Shadow.PreShadowResolutionFactor:1.0]]
[2021.05.16-14.51.47:924][  0]LogConfig: Setting CVar [[r.DistanceFieldShadowing:1]]
[2021.05.16-14.51.47:924][  0]LogConfig: Setting CVar [[r.DistanceFieldAO:1]]
[2021.05.16-14.51.47:924][  0]LogConfig: Setting CVar [[r.AOQuality:2]]
[2021.05.16-14.51.47:924][  0]LogConfig: Setting CVar [[r.VolumetricFog:1]]
[2021.05.16-14.51.47:924][  0]LogConfig: Setting CVar [[r.VolumetricFog.GridPixelSize:8]]
[2021.05.16-14.51.47:924][  0]LogConfig: Setting CVar [[r.VolumetricFog.GridSizeZ:128]]
[2021.05.16-14.51.47:924][  0]LogConfig: Setting CVar [[r.VolumetricFog.HistoryMissSupersampleCount:4]]
[2021.05.16-14.51.47:924][  0]LogConfig: Setting CVar [[r.LightMaxDrawDistanceScale:1]]
[2021.05.16-14.51.47:924][  0]LogConfig: Setting CVar [[r.CapsuleShadows:1]]
[2021.05.16-14.51.47:924][  0]LogConfig: Applying CVar settings from Section [PostProcessQuality@3] File [C:/Wire-Hunter/work/choi/WireHunter/Saved/Config/Windows/Scalability.ini]
[2021.05.16-14.51.47:924][  0]LogConfig: Setting CVar [[r.MotionBlurQuality:4]]
[2021.05.16-14.51.47:924][  0]LogConfig: Setting CVar [[r.AmbientOcclusionMipLevelFactor:0.4]]
[2021.05.16-14.51.47:924][  0]LogConfig: Setting CVar [[r.AmbientOcclusionMaxQuality:100]]
[2021.05.16-14.51.47:924][  0]LogConfig: Setting CVar [[r.AmbientOcclusionLevels:-1]]
[2021.05.16-14.51.47:924][  0]LogConfig: Setting CVar [[r.AmbientOcclusionRadiusScale:1.0]]
[2021.05.16-14.51.47:924][  0]LogConfig: Setting CVar [[r.DepthOfFieldQuality:2]]
[2021.05.16-14.51.47:924][  0]LogConfig: Setting CVar [[r.RenderTargetPoolMin:400]]
[2021.05.16-14.51.47:924][  0]LogConfig: Setting CVar [[r.LensFlareQuality:2]]
[2021.05.16-14.51.47:924][  0]LogConfig: Setting CVar [[r.SceneColorFringeQuality:1]]
[2021.05.16-14.51.47:924][  0]LogConfig: Setting CVar [[r.EyeAdaptationQuality:2]]
[2021.05.16-14.51.47:924][  0]LogConfig: Setting CVar [[r.BloomQuality:5]]
[2021.05.16-14.51.47:924][  0]LogConfig: Setting CVar [[r.FastBlurThreshold:100]]
[2021.05.16-14.51.47:924][  0]LogConfig: Setting CVar [[r.Upscale.Quality:3]]
[2021.05.16-14.51.47:924][  0]LogConfig: Setting CVar [[r.Tonemapper.GrainQuantization:1]]
[2021.05.16-14.51.47:924][  0]LogConfig: Setting CVar [[r.LightShaftQuality:1]]
[2021.05.16-14.51.47:924][  0]LogConfig: Setting CVar [[r.Filter.SizeScale:1]]
[2021.05.16-14.51.47:924][  0]LogConfig: Setting CVar [[r.Tonemapper.Quality:5]]
[2021.05.16-14.51.47:924][  0]LogConfig: Setting CVar [[r.DOF.Gather.AccumulatorQuality:1        ; higher gathering accumulator quality]]
[2021.05.16-14.51.47:924][  0]LogConfig: Setting CVar [[r.DOF.Gather.PostfilterMethod:1          ; Median3x3 postfilering method]]
[2021.05.16-14.51.47:924][  0]LogConfig: Setting CVar [[r.DOF.Gather.EnableBokehSettings:0       ; no bokeh simulation when gathering]]
[2021.05.16-14.51.47:924][  0]LogConfig: Setting CVar [[r.DOF.Gather.RingCount:4                 ; medium number of samples when gathering]]
[2021.05.16-14.51.47:924][  0]LogConfig: Setting CVar [[r.DOF.Scatter.ForegroundCompositing:1    ; additive foreground scattering]]
[2021.05.16-14.51.47:924][  0]LogConfig: Setting CVar [[r.DOF.Scatter.BackgroundCompositing:2    ; additive background scattering]]
[2021.05.16-14.51.47:924][  0]LogConfig: Setting CVar [[r.DOF.Scatter.EnableBokehSettings:1      ; bokeh simulation when scattering]]
[2021.05.16-14.51.47:924][  0]LogConfig: Setting CVar [[r.DOF.Scatter.MaxSpriteRatio:0.1         ; only a maximum of 10% of scattered bokeh]]
[2021.05.16-14.51.47:924][  0]LogConfig: Setting CVar [[r.DOF.Recombine.Quality:1                ; cheap slight out of focus]]
[2021.05.16-14.51.47:924][  0]LogConfig: Setting CVar [[r.DOF.Recombine.EnableBokehSettings:0    ; no bokeh simulation on slight out of focus]]
[2021.05.16-14.51.47:924][  0]LogConfig: Setting CVar [[r.DOF.TemporalAAQuality:1                ; more stable temporal accumulation]]
[2021.05.16-14.51.47:924][  0]LogConfig: Setting CVar [[r.DOF.Kernel.MaxForegroundRadius:0.025]]
[2021.05.16-14.51.47:924][  0]LogConfig: Setting CVar [[r.DOF.Kernel.MaxBackgroundRadius:0.025]]
[2021.05.16-14.51.47:924][  0]LogConfig: Applying CVar settings from Section [TextureQuality@3] File [C:/Wire-Hunter/work/choi/WireHunter/Saved/Config/Windows/Scalability.ini]
[2021.05.16-14.51.47:924][  0]LogConfig: Setting CVar [[r.Streaming.MipBias:0]]
[2021.05.16-14.51.47:924][  0]LogConfig: Setting CVar [[r.Streaming.AmortizeCPUToGPUCopy:0]]
[2021.05.16-14.51.47:924][  0]LogConfig: Setting CVar [[r.Streaming.MaxNumTexturesToStreamPerFrame:0]]
[2021.05.16-14.51.47:924][  0]LogConfig: Setting CVar [[r.Streaming.Boost:1]]
[2021.05.16-14.51.47:924][  0]LogConfig: Setting CVar [[r.MaxAnisotropy:8]]
[2021.05.16-14.51.47:924][  0]LogConfig: Setting CVar [[r.VT.MaxAnisotropy:8]]
[2021.05.16-14.51.47:924][  0]LogConfig: Setting CVar [[r.Streaming.LimitPoolSizeToVRAM:0]]
[2021.05.16-14.51.47:924][  0]LogConfig: Setting CVar [[r.Streaming.PoolSize:1000]]
[2021.05.16-14.51.47:924][  0]LogConfig: Setting CVar [[r.Streaming.MaxEffectiveScreenSize:0]]
[2021.05.16-14.51.47:924][  0]LogConfig: Applying CVar settings from Section [EffectsQuality@3] File [C:/Wire-Hunter/work/choi/WireHunter/Saved/Config/Windows/Scalability.ini]
[2021.05.16-14.51.47:924][  0]LogConfig: Setting CVar [[r.TranslucencyLightingVolumeDim:64]]
[2021.05.16-14.51.47:924][  0]LogConfig: Setting CVar [[r.RefractionQuality:2]]
[2021.05.16-14.51.47:925][  0]LogConfig: Setting CVar [[r.SSR.Quality:3]]
[2021.05.16-14.51.47:925][  0]LogConfig: Setting CVar [[r.SSR.HalfResSceneColor:0]]
[2021.05.16-14.51.47:925][  0]LogConfig: Setting CVar [[r.SceneColorFormat:4]]
[2021.05.16-14.51.47:925][  0]LogConfig: Setting CVar [[r.DetailMode:2]]
[2021.05.16-14.51.47:925][  0]LogConfig: Setting CVar [[r.TranslucencyVolumeBlur:1]]
[2021.05.16-14.51.47:925][  0]LogConfig: Setting CVar [[r.MaterialQualityLevel:1 ; High quality]]
[2021.05.16-14.51.47:925][  0]LogConfig: Setting CVar [[r.SSS.Scale:1]]
[2021.05.16-14.51.47:925][  0]LogConfig: Setting CVar [[r.SSS.SampleSet:2]]
[2021.05.16-14.51.47:925][  0]LogConfig: Setting CVar [[r.SSS.Quality:1]]
[2021.05.16-14.51.47:925][  0]LogConfig: Setting CVar [[r.SSS.HalfRes:0]]
[2021.05.16-14.51.47:925][  0]LogConfig: Setting CVar [[r.SSGI.Quality:3]]
[2021.05.16-14.51.47:925][  0]LogConfig: Setting CVar [[r.EmitterSpawnRateScale:1.0]]
[2021.05.16-14.51.47:925][  0]LogConfig: Setting CVar [[r.ParticleLightQuality:2]]
[2021.05.16-14.51.47:925][  0]LogConfig: Setting CVar [[r.SkyAtmosphere.AerialPerspectiveLUT.FastApplyOnOpaque:1 ; Always have FastSkyLUT 1 in this case to avoid wrong sky]]
[2021.05.16-14.51.47:925][  0]LogConfig: Setting CVar [[r.SkyAtmosphere.AerialPerspectiveLUT.SampleCountPerSlice:1]]
[2021.05.16-14.51.47:925][  0]LogConfig: Setting CVar [[r.SkyAtmosphere.AerialPerspectiveLUT.DepthResolution:16.0]]
[2021.05.16-14.51.47:925][  0]LogConfig: Setting CVar [[r.SkyAtmosphere.FastSkyLUT:1]]
[2021.05.16-14.51.47:925][  0]LogConfig: Setting CVar [[r.SkyAtmosphere.FastSkyLUT.SampleCountMin:4.0]]
[2021.05.16-14.51.47:925][  0]LogConfig: Setting CVar [[r.SkyAtmosphere.FastSkyLUT.SampleCountMax:32.0]]
[2021.05.16-14.51.47:925][  0]LogConfig: Setting CVar [[r.SkyAtmosphere.SampleCountMin:4.0]]
[2021.05.16-14.51.47:925][  0]LogConfig: Setting CVar [[r.SkyAtmosphere.SampleCountMax:32.0]]
[2021.05.16-14.51.47:925][  0]LogConfig: Setting CVar [[r.SkyAtmosphere.TransmittanceLUT.UseSmallFormat:0]]
[2021.05.16-14.51.47:925][  0]LogConfig: Setting CVar [[r.SkyAtmosphere.TransmittanceLUT.SampleCount:10.0]]
[2021.05.16-14.51.47:925][  0]LogConfig: Setting CVar [[r.SkyAtmosphere.MultiScatteringLUT.SampleCount:15.0]]
[2021.05.16-14.51.47:925][  0]LogConfig: Applying CVar settings from Section [FoliageQuality@3] File [C:/Wire-Hunter/work/choi/WireHunter/Saved/Config/Windows/Scalability.ini]
[2021.05.16-14.51.47:925][  0]LogConfig: Setting CVar [[foliage.DensityScale:1.0]]
[2021.05.16-14.51.47:925][  0]LogConfig: Setting CVar [[grass.DensityScale:1.0]]
[2021.05.16-14.51.47:925][  0]LogConfig: Applying CVar settings from Section [ShadingQuality@3] File [C:/Wire-Hunter/work/choi/WireHunter/Saved/Config/Windows/Scalability.ini]
[2021.05.16-14.51.47:925][  0]LogConfig: Setting CVar [[r.HairStrands.SkyLighting.SampleCount:16]]
[2021.05.16-14.51.47:925][  0]LogConfig: Setting CVar [[r.HairStrands.SkyLighting.JitterIntegration:0]]
[2021.05.16-14.51.47:925][  0]LogConfig: Setting CVar [[r.HairStrands.SkyAO.SampleCount:16]]
[2021.05.16-14.51.47:925][  0]LogConfig: Setting CVar [[r.HairStrands.DeepShadow.SuperSampling:0]]
[2021.05.16-14.51.47:925][  0]LogConfig: Setting CVar [[r.HairStrands.VisibilityPPLL:0]]
[2021.05.16-14.51.47:925][  0]LogConfig: Setting CVar [[r.HairStrands.RasterizationScale:0.5]]
[2021.05.16-14.51.47:925][  0]LogConfig: Setting CVar [[r.HairStrands.VelocityRasterizationScale:1]]
[2021.05.16-14.51.47:925][  0]LogConfig: Applying CVar settings from Section [Startup] File [../../../Engine/Config/ConsoleVariables.ini]
[2021.05.16-14.51.47:925][  0]LogConfig: Setting CVar [[net.UseAdaptiveNetUpdateFrequency:0]]
[2021.05.16-14.51.47:925][  0]LogConfig: Setting CVar [[p.chaos.AllowCreatePhysxBodies:1]]
[2021.05.16-14.51.47:925][  0]LogConfig: Setting CVar [[fx.SkipVectorVMBackendOptimizations:1]]
[2021.05.16-14.51.47:925][  0]LogConfig: Applying CVar settings from Section [ConsoleVariables] File [C:/Wire-Hunter/work/choi/WireHunter/Saved/Config/Windows/Engine.ini]
[2021.05.16-14.51.47:926][  0]LogInit: Computer: 준현컴
[2021.05.16-14.51.47:926][  0]LogInit: User: 조준현
[2021.05.16-14.51.47:926][  0]LogInit: CPU Page size=4096, Cores=6
[2021.05.16-14.51.47:926][  0]LogInit: High frequency timer resolution =10.000000 MHz
[2021.05.16-14.51.47:926][  0]LogMemory: Memory total: Physical=15.9GB (16GB approx)
[2021.05.16-14.51.47:926][  0]LogMemory: Platform Memory Stats for Windows
[2021.05.16-14.51.47:926][  0]LogMemory: Process Physical Memory: 116.02 MB used, 116.02 MB peak
[2021.05.16-14.51.47:926][  0]LogMemory: Process Virtual Memory: 100.37 MB used, 100.37 MB peak
[2021.05.16-14.51.47:926][  0]LogMemory: Physical Memory: 9377.34 MB used,  6939.12 MB free, 16316.46 MB total
[2021.05.16-14.51.47:926][  0]LogMemory: Virtual Memory: 5169.93 MB used,  134212560.00 MB free, 134217728.00 MB total
[2021.05.16-14.51.47:930][  0]LogWindows: WindowsPlatformFeatures enabled
[2021.05.16-14.51.47:950][  0]LogInit: Physics initialised using underlying interface: PhysX
[2021.05.16-14.51.47:951][  0]LogInit: Using OS detected language (ko-KR).
[2021.05.16-14.51.47:951][  0]LogInit: Using OS detected locale (ko-KR).
[2021.05.16-14.51.47:953][  0]LogTextLocalizationManager: No specific localization for 'ko-KR' exists, so the 'ko' localization will be used.
[2021.05.16-14.51.48:032][  0]LogInit: Setting process to per monitor DPI aware
[2021.05.16-14.51.48:057][  0]LogSlate: New Slate User Created.  User Index 0, Is Virtual User: 0
[2021.05.16-14.51.48:057][  0]LogSlate: Slate User Registered.  User Index 0, Is Virtual User: 0
[2021.05.16-14.51.48:153][  0]LogHMD: Failed to initialize OpenVR with code 110
[2021.05.16-14.51.48:153][  0]LogD3D11RHI: D3D11 min allowed feature level: 11_0
[2021.05.16-14.51.48:153][  0]LogD3D11RHI: D3D11 max allowed feature level: 11_0
[2021.05.16-14.51.48:153][  0]LogD3D11RHI: D3D11 adapters:
[2021.05.16-14.51.48:229][  0]LogD3D11RHI:    0. 'NVIDIA GeForce RTX 2060' (Feature Level 11_0)
[2021.05.16-14.51.48:229][  0]LogD3D11RHI:       5968/0/8158 MB DedicatedVideo/DedicatedSystem/SharedSystem, Outputs:1, VendorId:0x10de
[2021.05.16-14.51.48:230][  0]LogD3D11RHI:    1. 'Microsoft Basic Render Driver' (Feature Level 11_0)
[2021.05.16-14.51.48:230][  0]LogD3D11RHI:       0/0/8158 MB DedicatedVideo/DedicatedSystem/SharedSystem, Outputs:0, VendorId:0x1414
[2021.05.16-14.51.48:231][  0]LogD3D11RHI: Chosen D3D11 Adapter: 0
[2021.05.16-14.51.48:236][  0]LogD3D11RHI: Creating new Direct3DDevice
[2021.05.16-14.51.48:236][  0]LogD3D11RHI:     GPU DeviceId: 0x1e89 (for the marketing name, search the web for "GPU Device Id")
[2021.05.16-14.51.48:236][  0]LogWindows: EnumDisplayDevices:
[2021.05.16-14.51.48:236][  0]LogWindows:    0. 'NVIDIA GeForce RTX 2060' (P:1 D:1)
[2021.05.16-14.51.48:236][  0]LogWindows:    1. 'NVIDIA GeForce RTX 2060' (P:0 D:0)
[2021.05.16-14.51.48:236][  0]LogWindows:    2. 'NVIDIA GeForce RTX 2060' (P:0 D:0)
[2021.05.16-14.51.48:237][  0]LogWindows:    3. 'NVIDIA GeForce RTX 2060' (P:0 D:0)
[2021.05.16-14.51.48:237][  0]LogWindows: DebugString: FoundDriverCount:4 
[2021.05.16-14.51.48:237][  0]LogD3D11RHI:     Adapter Name: NVIDIA GeForce RTX 2060
[2021.05.16-14.51.48:237][  0]LogD3D11RHI:   Driver Version: 456.71 (internal:27.21.14.5671, unified:456.71)
[2021.05.16-14.51.48:237][  0]LogD3D11RHI:      Driver Date: 9-30-2020
[2021.05.16-14.51.48:237][  0]LogRHI: Texture pool is 4177 MB (70% of 5968 MB)
[2021.05.16-14.51.48:288][  0]LogD3D11RHI: RHI has support for 64 bit atomics
[2021.05.16-14.51.48:288][  0]LogD3D11RHI: Async texture creation enabled
[2021.05.16-14.51.48:288][  0]LogD3D11RHI: Array index from any shader is supported
[2021.05.16-14.51.48:301][  0]LogD3D11RHI: GPU Timing Frequency: 1000.000000 (Debug: 2 1)
[2021.05.16-14.51.48:530][  0]LogTargetPlatformManager: Display: Loaded TargetPlatform 'AllDesktop'
[2021.05.16-14.51.48:549][  0]LogTargetPlatformManager: Display: Loaded TargetPlatform 'Android'
[2021.05.16-14.51.48:549][  0]LogTargetPlatformManager: Display: Loaded TargetPlatform 'Android_ASTC'
[2021.05.16-14.51.48:549][  0]LogTargetPlatformManager: Display: Loaded TargetPlatform 'Android_DXT'
[2021.05.16-14.51.48:549][  0]LogTargetPlatformManager: Display: Loaded TargetPlatform 'Android_ETC2'
[2021.05.16-14.51.48:549][  0]LogTargetPlatformManager: Display: Loaded TargetPlatform 'AndroidClient'
[2021.05.16-14.51.48:549][  0]LogTargetPlatformManager: Display: Loaded TargetPlatform 'Android_ASTCClient'
[2021.05.16-14.51.48:549][  0]LogTargetPlatformManager: Display: Loaded TargetPlatform 'Android_DXTClient'
[2021.05.16-14.51.48:549][  0]LogTargetPlatformManager: Display: Loaded TargetPlatform 'Android_ETC2Client'
[2021.05.16-14.51.48:549][  0]LogTargetPlatformManager: Display: Loaded TargetPlatform 'Android_Multi'
[2021.05.16-14.51.48:549][  0]LogTargetPlatformManager: Display: Loaded TargetPlatform 'Android_MultiClient'
[2021.05.16-14.51.48:571][  0]LogTargetPlatformManager: Display: Loaded TargetPlatform 'IOSClient'
[2021.05.16-14.51.48:571][  0]LogTargetPlatformManager: Display: Loaded TargetPlatform 'IOS'
[2021.05.16-14.51.48:581][  0]LogTargetPlatformManager: Display: Loaded TargetPlatform 'Linux'
[2021.05.16-14.51.48:589][  0]LogTargetPlatformManager: Display: Loaded TargetPlatform 'LinuxNoEditor'
[2021.05.16-14.51.48:598][  0]LogTargetPlatformManager: Display: Loaded TargetPlatform 'LinuxClient'
[2021.05.16-14.51.48:606][  0]LogTargetPlatformManager: Display: Loaded TargetPlatform 'LinuxServer'
[2021.05.16-14.51.48:614][  0]LogTargetPlatformManager: Display: Loaded TargetPlatform 'LinuxAArch64NoEditor'
[2021.05.16-14.51.48:623][  0]LogTargetPlatformManager: Display: Loaded TargetPlatform 'LinuxAArch64Client'
[2021.05.16-14.51.48:630][  0]LogTargetPlatformManager: Display: Loaded TargetPlatform 'LinuxAArch64Server'
[2021.05.16-14.51.48:657][  0]LogTargetPlatformManager: Display: Loaded TargetPlatform 'Lumin'
[2021.05.16-14.51.48:657][  0]LogTargetPlatformManager: Display: Loaded TargetPlatform 'LuminClient'
[2021.05.16-14.51.48:671][  0]LogTargetPlatformManager: Display: Loaded TargetPlatform 'TVOSClient'
[2021.05.16-14.51.48:671][  0]LogTargetPlatformManager: Display: Loaded TargetPlatform 'TVOS'
[2021.05.16-14.51.48:680][  0]LogTargetPlatformManager: Display: Loaded TargetPlatform 'WindowsNoEditor'
[2021.05.16-14.51.48:689][  0]LogTargetPlatformManager: Display: Loaded TargetPlatform 'Windows'
[2021.05.16-14.51.48:697][  0]LogTargetPlatformManager: Display: Loaded TargetPlatform 'WindowsClient'
[2021.05.16-14.51.48:706][  0]LogTargetPlatformManager: Display: Loaded TargetPlatform 'WindowsServer'
[2021.05.16-14.51.48:706][  0]LogTargetPlatformManager: Display: Building Assets For Windows
[2021.05.16-14.51.48:711][  0]LogAudioDebug: Display: Lib vorbis DLL was dynamically loaded.
[2021.05.16-14.51.48:756][  0]LogShaderCompilers: Guid format shader working directory is -6 characters bigger than the processId version (../../../../../../Wire-Hunter/work/choi/WireHunter/Intermediate/Shaders/WorkingDirectory/6756/).
[2021.05.16-14.51.48:756][  0]LogShaderCompilers: Cleaned the shader compiler working directory 'C:/Users/조준현/AppData/Local/Temp/UnrealShaderWorkingDir/2660391F4CCD3BB285A730B05BD2BC77/'.
[2021.05.16-14.51.48:756][  0]LogXGEController: Cleaning working directory: C:/Users/조준현/AppData/Local/Temp/UnrealXGEWorkingDir/
[2021.05.16-14.51.48:756][  0]LogXGEController: Cannot use XGE Controller as Incredibuild is not installed on this machine.
[2021.05.16-14.51.48:756][  0]LogShaderCompilers: Cannot use XGE Shader Compiler as Incredibuild is not installed on this machine.
[2021.05.16-14.51.48:756][  0]LogShaderCompilers: Display: Using Local Shader Compiler.
[2021.05.16-14.51.49:419][  0]LogDerivedDataCache: Display: Max Cache Size: 512 MB
[2021.05.16-14.51.49:468][  0]LogDerivedDataCache: Loaded boot cache 0.05s 75MB C:/Users/조준현/AppData/Local/UnrealEngine/4.25/DerivedDataCache/Boot.ddc.
[2021.05.16-14.51.49:468][  0]LogDerivedDataCache: Display: Loaded Boot cache: C:/Users/조준현/AppData/Local/UnrealEngine/4.25/DerivedDataCache/Boot.ddc
[2021.05.16-14.51.49:468][  0]LogDerivedDataCache: FDerivedDataBackendGraph:  Pak pak cache file ../../../../../../Wire-Hunter/work/choi/WireHunter/DerivedDataCache/DDC.ddp not found, will not use a pak cache.
[2021.05.16-14.51.49:468][  0]LogDerivedDataCache: Unable to find inner node Pak for hierarchical cache Hierarchy.
[2021.05.16-14.51.49:468][  0]LogDerivedDataCache: FDerivedDataBackendGraph:  CompressedPak pak cache file ../../../../../../Wire-Hunter/work/choi/WireHunter/DerivedDataCache/Compressed.ddp not found, will not use a pak cache.
[2021.05.16-14.51.49:468][  0]LogDerivedDataCache: Unable to find inner node CompressedPak for hierarchical cache Hierarchy.
[2021.05.16-14.51.49:477][  0]LogDerivedDataCache: Display: Pak cache opened for reading ../../../Engine/DerivedDataCache/Compressed.ddp.
[2021.05.16-14.51.49:477][  0]LogDerivedDataCache: FDerivedDataBackendGraph:  EnterprisePak pak cache file ../../../Enterprise/DerivedDataCache/Compressed.ddp not found, will not use a pak cache.
[2021.05.16-14.51.49:477][  0]LogDerivedDataCache: Unable to find inner node EnterprisePak for hierarchical cache Hierarchy.
[2021.05.16-14.51.49:478][  0]LogDerivedDataCache: Using Local data cache path C:/Users/조준현/AppData/Local/UnrealEngine/Common/DerivedDataCache: Writable
[2021.05.16-14.51.49:478][  0]LogDerivedDataCache: Shared data cache path not found in *engine.ini, will not use an Shared cache.
[2021.05.16-14.51.49:478][  0]LogDerivedDataCache: Unable to find inner node Shared for hierarchical cache Hierarchy.
[2021.05.16-14.51.49:522][  0]LogSlate: Using FreeType 2.10.0
[2021.05.16-14.51.49:522][  0]LogSlate: SlateFontServices - WITH_FREETYPE: 1, WITH_HARFBUZZ: 1
[2021.05.16-14.51.49:543][  0]LogAssetRegistry: FAssetRegistry took 0.0026 seconds to start up
[2021.05.16-14.51.49:728][  0]LogInit: Selected Device Profile: [Windows]
[2021.05.16-14.51.49:819][  0]LogMeshReduction: Using QuadricMeshReduction for automatic static mesh reduction
[2021.05.16-14.51.49:819][  0]LogMeshReduction: Using SimplygonMeshReduction for automatic skeletal mesh reduction
[2021.05.16-14.51.49:819][  0]LogMeshReduction: Using ProxyLODMeshReduction for automatic mesh merging
[2021.05.16-14.51.49:819][  0]LogMeshReduction: No distributed automatic mesh merging module available
[2021.05.16-14.51.49:819][  0]LogMeshMerging: No distributed automatic mesh merging module available
[2021.05.16-14.51.49:830][  0]LogNetVersion: WireHunter 1.0.0, NetCL: 13144385, EngineNetVer: 14, GameNetVer: 0 (Checksum: 1660872711)
[2021.05.16-14.51.50:177][  0]LogAISub: UAISubsystem::UAISubsystem AISubsystem (00000254BA405C40), frame # 0
[2021.05.16-14.51.50:177][  0]LogAISub: UAISubsystem::UAISubsystem AIPerceptionSystem (00000254BA366AC0), frame # 0
[2021.05.16-14.51.50:179][  0]LogAISub: UAISubsystem::UAISubsystem EnvQueryManager (00000254BA3AE000), frame # 0
[2021.05.16-14.51.50:213][  0]LogPackageLocalizationCache: Processed 20 localized package path(s) for 1 prioritized culture(s) in 0.030197 seconds
[2021.05.16-14.51.50:218][  0]LogUObjectArray: 15917 objects as part of root set at end of initial load.
[2021.05.16-14.51.50:218][  0]LogUObjectAllocator: 3965568 out of 0 bytes used by permanent object pool.
[2021.05.16-14.51.50:218][  0]LogUObjectArray: CloseDisregardForGC: 0/0 objects in disregard for GC pool
[2021.05.16-14.51.50:479][  0]LogTcpMessaging: Initializing TcpMessaging bridge
[2021.05.16-14.51.50:483][  0]LogUdpMessaging: Initializing bridge on interface 0.0.0.0:0 to multicast group 230.0.0.1:6666.
[2021.05.16-14.51.50:543][  0]SourceControl: 소스 컨트롤이 꺼졌습니다.
[2021.05.16-14.51.50:543][  0]SourceControl: 소스 컨트롤이 꺼졌습니다.
[2021.05.16-14.51.50:545][  0]SourceControl: 소스 컨트롤이 꺼졌습니다.
[2021.05.16-14.51.50:547][  0]SourceControl: 소스 컨트롤이 꺼졌습니다.
[2021.05.16-14.51.50:552][  0]SourceControl: 소스 컨트롤이 꺼졌습니다.
[2021.05.16-14.51.50:737][  0]LogAndroidPermission: UAndroidPermissionCallbackProxy::GetInstance
[2021.05.16-14.51.50:751][  0]LogAudioCaptureCore: Display: No Audio Capture implementations found. Audio input will be silent.
[2021.05.16-14.51.50:751][  0]LogAudioCaptureCore: Display: No Audio Capture implementations found. Audio input will be silent.
[2021.05.16-14.51.50:790][  0]LogOcInput: OculusInput pre-init called
[2021.05.16-14.51.50:798][  0]LogWindows: Failed to load 'OVRPlugin.dll' (GetLastError=126)
[2021.05.16-14.51.50:799][  0]LogWindows: File 'OVRPlugin.dll' does not exist
[2021.05.16-14.51.50:846][  0]LogEngine: Initializing Engine...
[2021.05.16-14.51.50:847][  0]LogHMD: Failed to initialize OpenVR with code 110
[2021.05.16-14.51.50:847][  0]LogMagicLeap: Warning: VR disabled because ZI is not enabled.  To enable, in the editor, Edit -> Project Settings -> Plugins -> Magic Leap Plugin -> Enable Zero Iteration
[2021.05.16-14.51.50:847][  0]LogStats: UGameplayTagsManager::InitializeManager -  0.000 s
[2021.05.16-14.51.50:947][  0]LogInit: Initializing FReadOnlyCVARCache
[2021.05.16-14.51.50:953][  0]LogAIModule: Creating AISystem for world Untitled
[2021.05.16-14.51.50:953][  0]LogAISub: UAISubsystem::UAISubsystem EnvQueryManager (00000254C191BC00), frame # 0
[2021.05.16-14.51.50:954][  0]LogAISub: UAISubsystem::UAISubsystem AIPerceptionSystem (00000254C1967B00), frame # 0
[2021.05.16-14.51.50:968][  0]LogAudioMixer: Display: Audio Mixer Platform Settings:
[2021.05.16-14.51.50:968][  0]LogAudioMixer: Display: 	Sample Rate:						  48000
[2021.05.16-14.51.50:968][  0]LogAudioMixer: Display: 	Callback Buffer Frame Size Requested: 1024
[2021.05.16-14.51.50:968][  0]LogAudioMixer: Display: 	Callback Buffer Frame Size To Use:	  1024
[2021.05.16-14.51.50:968][  0]LogAudioMixer: Display: 	Number of buffers to queue:			  2
[2021.05.16-14.51.50:968][  0]LogAudioMixer: Display: 	Max Channels (voices):				  32
[2021.05.16-14.51.50:968][  0]LogAudioMixer: Display: 	Number of Async Source Workers:		  0
[2021.05.16-14.51.50:968][  0]LogAudio: Display: AudioDevice MaxSources: 32
[2021.05.16-14.51.50:969][  0]LogAudio: Display: Using built-in audio occlusion.
[2021.05.16-14.51.50:969][  0]LogAudioMixer: Display: Initializing audio mixer.
[2021.05.16-14.51.50:977][  0]LogAudioMixer: Display: 0: FrontLeft
[2021.05.16-14.51.50:977][  0]LogAudioMixer: Display: 1: FrontRight
[2021.05.16-14.51.51:002][  0]LogAudioMixer: Display: Using Audio Device Realtek HD Audio 2nd output(Realtek(R) Audio)
[2021.05.16-14.51.51:008][  0]LogAudioMixer: Display: Initializing Sound Submixes...
[2021.05.16-14.51.51:009][  0]LogAudioMixer: Display: Creating Master Submix 'MasterSubmixDefault'
[2021.05.16-14.51.51:010][  0]LogAudioMixer: Display: Creating Master Submix 'MasterReverbSubmixDefault'
[2021.05.16-14.51.51:010][  0]LogAudioMixer: Display: Creating Master Submix 'MasterEQSubmixDefault'
[2021.05.16-14.51.51:011][  0]LogInit: FAudioDevice initialized.
[2021.05.16-14.51.51:011][  0]LogNetVersion: Set ProjectVersion to 1.0.0.0. Version Checksum will be recalculated on next use.
[2021.05.16-14.51.51:076][  0]LogDerivedDataCache: Saved boot cache 0.06s 75MB C:/Users/조준현/AppData/Local/UnrealEngine/4.25/DerivedDataCache/Boot.ddc.
[2021.05.16-14.51.51:078][  0]LogInit: Texture streaming: Enabled
[2021.05.16-14.51.51:091][  0]LogEngineSessionManager: EngineSessionManager initialized
[2021.05.16-14.51.51:091][  0]LogEngineSessionManager: EngineSessionManager sent abnormal shutdown report. Type=Crashed, SessionId={5368F906-427F-1135-626F-9E94406E8DDB}
[2021.05.16-14.51.51:091][  0]LogEditorSessionSummary: Verbose: Initializing EditorSessionSummaryWriter for editor session tracking
[2021.05.16-14.51.51:092][  0]LogEditorSessionSummary: EditorSessionSummaryWriter initialized
[2021.05.16-14.51.51:119][  0]LogInit: Transaction tracking system initialized
[2021.05.16-14.51.51:135][  0]BlueprintLog: New page: 에디터 로드
[2021.05.16-14.51.51:184][  0]LocalizationService: 현지화 서비스가 비활성화되었습니다.
[2021.05.16-14.51.51:298][  0]LogCook: Display: Max memory allowance for cook 16384mb min free memory 0mb
[2021.05.16-14.51.51:298][  0]LogCook: Display: Mobile HDR setting 1
[2021.05.16-14.51.51:329][  0]LogFileCache: Scanning file cache for directory 'C:/Wire-Hunter/work/choi/WireHunter/Content/' took 0.00s
[2021.05.16-14.51.51:329][  0]LogOutputDevice: Warning: 

Script Stack (0 frames):

[2021.05.16-14.51.53:676][  0]LogStats: FPlatformStackWalk::StackWalkAndDump -  2.347 s
[2021.05.16-14.51.53:676][  0]LogOutputDevice: Error: === Handled ensure: ===
[2021.05.16-14.51.53:676][  0]LogOutputDevice: Error: 
[2021.05.16-14.51.53:676][  0]LogOutputDevice: Error: Ensure condition failed: AttachmentRules.LocationRule == EAttachmentRule::KeepRelative && AttachmentRules.RotationRule == EAttachmentRule::KeepRelative && AttachmentRules.ScaleRule == EAttachmentRule::KeepRelative [File:D:/Build/++UE4/Sync/Engine/Source/Runtime/Engine/Private/Components/SceneComponent.cpp] [Line: 1812]
[2021.05.16-14.51.53:676][  0]LogOutputDevice: Error: AttachToComponent when called from a constructor is only setting up attachment and will always be treated as KeepRelative. Consider calling SetupAttachment directly instead.
[2021.05.16-14.51.53:676][  0]LogOutputDevice: Error: Stack: 
[2021.05.16-14.51.53:676][  0]LogOutputDevice: Error: [Callstack] 0x00007fffbeb5c119 UE4Editor-Engine.dll!DispatchCheckVerify<bool,<lambda_7a00921a8ebf9f041bed3055592f02a5> >() [D:\Build\++UE4\Sync\Engine\Source\Runtime\Core\Public\Misc\AssertionMacros.h:161]
[2021.05.16-14.51.53:676][  0]LogOutputDevice: Error: [Callstack] 0x00007fffbd70d3c3 UE4Editor-Engine.dll!USceneComponent::AttachToComponent() [D:\Build\++UE4\Sync\Engine\Source\Runtime\Engine\Private\Components\SceneComponent.cpp:1812]
[2021.05.16-14.51.53:676][  0]LogOutputDevice: Error: [Callstack] 0x00007fff95bd9377 UE4Editor-WireHunter.dll!UnknownFunction [C:\Wire-Hunter\work\choi\WireHunter\Source\WireHunter\Dragon.cpp:18]
[2021.05.16-14.51.53:676][  0]LogOutputDevice: Error: [Callstack] 0x00007fffd855c273 UE4Editor-CoreUObject.dll!UClass::CreateDefaultObject() [D:\Build\++UE4\Sync\Engine\Source\Runtime\CoreUObject\Private\UObject\Class.cpp:3672]
[2021.05.16-14.51.53:676][  0]LogOutputDevice: Error: [Callstack] 0x00007fffd8808451 UE4Editor-CoreUObject.dll!UObjectLoadAllCompiledInDefaultProperties() [D:\Build\++UE4\Sync\Engine\Source\Runtime\CoreUObject\Private\UObject\UObjectBase.cpp:861]
[2021.05.16-14.51.53:676][  0]LogOutputDevice: Error: [Callstack] 0x00007fffd87e5bbf UE4Editor-CoreUObject.dll!ProcessNewlyLoadedUObjects() [D:\Build\++UE4\Sync\Engine\Source\Runtime\CoreUObject\Private\UObject\UObjectBase.cpp:950]
[2021.05.16-14.51.53:676][  0]LogOutputDevice: Error: [Callstack] 0x00007fffd8704465 UE4Editor-CoreUObject.dll!TBaseStaticDelegateInstance<void __cdecl(FName,bool)>::ExecuteIfSafe() [D:\Build\++UE4\Sync\Engine\Source\Runtime\Core\Public\Delegates\DelegateInstancesImpl.h:859]
[2021.05.16-14.51.53:676][  0]LogOutputDevice: Error: [Callstack] 0x00007fffd8e1986a UE4Editor-Core.dll!TBaseMulticastDelegate<void,FName,bool>::Broadcast() [D:\Build\++UE4\Sync\Engine\Source\Runtime\Core\Public\Delegates\DelegateSignatureImpl.inl:1013]
[2021.05.16-14.51.53:676][  0]LogOutputDevice: Error: [Callstack] 0x00007fffd8e399f0 UE4Editor-Core.dll!FModuleManager::LoadModuleWithFailureReason() [D:\Build\++UE4\Sync\Engine\Source\Runtime\Core\Private\Modules\ModuleManager.cpp:500]
[2021.05.16-14.51.53:676][  0]LogOutputDevice: Error: [Callstack] 0x00007ff80458b433 UE4Editor-Projects.dll!FModuleDescriptor::LoadModulesForPhase() [D:\Build\++UE4\Sync\Engine\Source\Runtime\Projects\Private\ModuleDescriptor.cpp:561]
[2021.05.16-14.51.53:676][  0]LogOutputDevice: Error: [Callstack] 0x00007ff80458b70d UE4Editor-Projects.dll!FProjectManager::LoadModulesForProject() [D:\Build\++UE4\Sync\Engine\Source\Runtime\Projects\Private\ProjectManager.cpp:63]
[2021.05.16-14.51.53:676][  0]LogOutputDevice: Error: [Callstack] 0x00007ff692a12db4 UE4Editor.exe!FEngineLoop::Init() [D:\Build\++UE4\Sync\Engine\Source\Runtime\Launch\Private\LaunchEngineLoop.cpp:4022]
[2021.05.16-14.51.53:676][  0]LogOutputDevice: Error: [Callstack] 0x00007fffbc485cb0 UE4Editor-UnrealEd.dll!EditorInit() [D:\Build\++UE4\Sync\Engine\Source\Editor\UnrealEd\Private\UnrealEdGlobals.cpp:93]
[2021.05.16-14.51.53:676][  0]LogOutputDevice: Error: [Callstack] 0x00007ff692a2b8fb UE4Editor.exe!GuardedMain() [D:\Build\++UE4\Sync\Engine\Source\Runtime\Launch\Private\Launch.cpp:149]
[2021.05.16-14.51.53:676][  0]LogOutputDevice: Error: [Callstack] 0x00007ff692a2bb5a UE4Editor.exe!GuardedMainWrapper() [D:\Build\++UE4\Sync\Engine\Source\Runtime\Launch\Private\Windows\LaunchWindows.cpp:137]
[2021.05.16-14.51.53:676][  0]LogOutputDevice: Error: [Callstack] 0x00007ff692a3e31d UE4Editor.exe!WinMain() [D:\Build\++UE4\Sync\Engine\Source\Runtime\Launch\Private\Windows\LaunchWindows.cpp:268]
[2021.05.16-14.51.53:676][  0]LogOutputDevice: Error: [Callstack] 0x00007ff692a4145a UE4Editor.exe!__scrt_common_main_seh() [d:\agent\_work\5\s\src\vctools\crt\vcstartup\src\startup\exe_common.inl:288]
[2021.05.16-14.51.53:676][  0]LogOutputDevice: Error: [Callstack] 0x00007ff8139f7034 KERNEL32.DLL!UnknownFunction []
[2021.05.16-14.51.53:676][  0]LogOutputDevice: Error: [Callstack] 0x00007ff8159a2651 ntdll.dll!UnknownFunction []
[2021.05.16-14.51.53:676][  0]LogOutputDevice: Error: 
[2021.05.16-14.51.53:677][  0]LogStats:                SubmitErrorReport -  0.000 s
[2021.05.16-14.51.54:593][  0]LogStats:                    SendNewReport -  0.916 s
[2021.05.16-14.51.54:593][  0]LogStats:             FDebug::EnsureFailed -  3.264 s
[2021.05.16-14.51.54:865][  0]SourceControl: 소스 컨트롤이 꺼졌습니다.
[2021.05.16-14.51.54:865][  0]LogUnrealEdMisc: Loading editor; pre map load, took 7.920
[2021.05.16-14.51.54:865][  0]Cmd: MAP LOAD FILE="../../../../../../Wire-Hunter/work/choi/WireHunter/Content/ThirdPersonCPP/Maps/GameLevel.umap" TEMPLATE=0 SHOWPROGRESS=1 FEATURELEVEL=3
[2021.05.16-14.51.54:866][  0]LightingResults: New page: 라이팅 빌드
[2021.05.16-14.51.54:866][  0]LogWorld: UWorld::CleanupWorld for Untitled, bSessionEnded=true, bCleanupResources=true
[2021.05.16-14.51.54:866][  0]LogSlate: InvalidateAllWidgets triggered.  All widgets were invalidated
[2021.05.16-14.51.54:866][  0]MapCheck: New page: 맵 체크
[2021.05.16-14.51.54:866][  0]LightingResults: New page: 라이팅 빌드
[2021.05.16-14.51.54:875][  0]LogAISub: UAISubsystem::~UAISubsystem EnvQueryManager (00000254C191BC00), frame # 0
[2021.05.16-14.51.54:876][  0]LogAISub: UAISubsystem::~UAISubsystem AIPerceptionSystem (00000254C1967B00), frame # 0
[2021.05.16-14.51.54:876][  0]LogUObjectHash: Compacting FUObjectHashTables data took   0.60ms
[2021.05.16-14.51.55:217][  0]LogAIModule: Creating AISystem for world GameLevel
[2021.05.16-14.51.55:217][  0]LogAISub: UAISubsystem::UAISubsystem EnvQueryManager (000002555B355600), frame # 0
[2021.05.16-14.51.55:218][  0]LogAISub: UAISubsystem::UAISubsystem AIPerceptionSystem (000002555B33E700), frame # 0
[2021.05.16-14.51.55:221][  0]LogScript: Warning: CharacterRef 프로퍼티를 읽으려던 중 None 에 접근했습니다.
	ThirdPerson_AnimBP_C /Game/ThirdPersonCPP/Maps/GameLevel.GameLevel:PersistentLevel.BP_WHCharacter.CharacterMesh0.ThirdPerson_AnimBP_C_0
	Function /Game/ThirdPersonCPP/GraphicResources/Character/Animations/ThirdPerson_AnimBP.ThirdPerson_AnimBP_C:ExecuteUbergraph_ThirdPerson_AnimBP:0087
[2021.05.16-14.51.55:225][  0]LogEditorServer: Finished looking for orphan Actors (0.000 secs)
[2021.05.16-14.51.55:236][  0]LogUObjectHash: Compacting FUObjectHashTables data took   0.83ms
[2021.05.16-14.51.55:239][  0]Cmd: MAP CHECKDEP NOCLEARLOG
[2021.05.16-14.51.55:239][  0]MapCheck: 맵 체크 완료: 오류 0 회, 경고 0 회, 소요 시간 0.126ms.
[2021.05.16-14.51.55:239][  0]LogFileHelpers: Loading map 'GameLevel' took 0.374
[2021.05.16-14.51.55:241][  0]LogUnrealEdMisc: Total Editor Startup Time, took 8.296
[2021.05.16-14.51.55:354][  0]LogSlate: Updating window title bar state: overlay mode, drag disabled, window buttons hidden, title bar hidden
[2021.05.16-14.51.55:362][  0]LogSlate: Updating window title bar state: overlay mode, drag disabled, window buttons hidden, title bar hidden
[2021.05.16-14.51.55:369][  0]LogSlate: Updating window title bar state: overlay mode, drag disabled, window buttons hidden, title bar hidden
[2021.05.16-14.51.55:377][  0]LogSlate: Updating window title bar state: overlay mode, drag disabled, window buttons hidden, title bar hidden
[2021.05.16-14.51.55:382][  0]LogCollectionManager: Loaded 0 collections in 0.002034 seconds
[2021.05.16-14.51.55:394][  0]LogFileCache: Scanning file cache for directory 'C:/Wire-Hunter/work/choi/WireHunter/Saved/Collections/' took 0.00s
[2021.05.16-14.51.55:394][  0]LogFileCache: Scanning file cache for directory 'C:/Wire-Hunter/work/choi/WireHunter/Content/Developers/조준현/Collections/' took 0.00s
[2021.05.16-14.51.55:394][  0]LogFileCache: Scanning file cache for directory 'C:/Wire-Hunter/work/choi/WireHunter/Content/Collections/' took 0.00s
[2021.05.16-14.51.55:394][  0]LogContentBrowser: Native class hierarchy populated in 0.0083 seconds. Added 3446 classes and 826 folders.
[2021.05.16-14.51.55:396][  0]LogContentBrowser: Native class hierarchy updated for 'WidgetCarousel' in 0.0003 seconds. Added 0 classes and 0 folders.
[2021.05.16-14.51.55:436][  0]LogContentBrowser: Native class hierarchy updated for 'AddContentDialog' in 0.0004 seconds. Added 0 classes and 0 folders.
[2021.05.16-14.51.55:439][  0]LogContentBrowser: Native class hierarchy updated for 'SceneOutliner' in 0.0003 seconds. Added 2 classes and 0 folders.
[2021.05.16-14.51.55:549][  0]LogSlate: Took 0.000123 seconds to synchronously load lazily loaded font '../../../Engine/Content/Slate/Fonts/Roboto-Regular.ttf' (155K)
[2021.05.16-14.51.55:551][  0]LogSlate: Took 0.001604 seconds to synchronously load lazily loaded font '../../../Engine/Content/Editor/Slate/Fonts/NanumGothic.ttf' (4243K)
[2021.05.16-14.51.55:554][  0]LogSlate: Took 0.001684 seconds to synchronously load lazily loaded font '../../../Engine/Content/Editor/Slate/Fonts/NanumGothicBold.ttf' (4188K)
[2021.05.16-14.51.55:554][  0]LogSlate: Took 0.000106 seconds to synchronously load lazily loaded font '../../../Engine/Content/Slate/Fonts/Roboto-Bold.ttf' (160K)
[2021.05.16-14.51.55:556][  0]LogSlate: Took 0.000101 seconds to synchronously load lazily loaded font '../../../Engine/Content/Editor/Slate/Fonts/FontAwesome.ttf' (139K)
[2021.05.16-14.51.55:556][  0]LogSlate: Took 0.000111 seconds to synchronously load lazily loaded font '../../../Engine/Content/Slate/Fonts/DroidSansMono.ttf' (77K)
[2021.05.16-14.51.55:589][  0]LogSlate: Took 0.001506 seconds to synchronously load lazily loaded font '../../../Engine/Content/Editor/Slate/Fonts/NanumGothicExtraBold.ttf' (4074K)
[2021.05.16-14.51.55:650][  0]LogRenderer: Reallocating scene render targets to support 1376x616 Format 10 NumSamples 1 (Frame:1).
[2021.05.16-14.51.55:774][  0]LogContentBrowser: Native class hierarchy updated for 'HierarchicalLODOutliner' in 0.0003 seconds. Added 0 classes and 0 folders.
[2021.05.16-14.51.55:774][  0]LogLoad: (Engine Initialization) Total time: 8.83 seconds
[2021.05.16-14.51.55:774][  0]LogLoad: (Engine Initialization) Total Blueprint compile time: 0.00 seconds
[2021.05.16-14.51.55:825][  0]LogAssetRegistry: Asset discovery search completed in 6.2833 seconds
[2021.05.16-14.51.55:828][  0]LogCollectionManager: Fixed up redirectors for 0 collections in 0.000002 seconds (updated 0 objects)
[2021.05.16-14.51.55:832][  0]LogContentStreaming: Texture pool size now 1000 MB
[2021.05.16-14.51.56:123][  1]LogFileCache: Retrieving MD5 hashes for directory 'C:/Wire-Hunter/work/choi/WireHunter/Content/' took 0.33s
[2021.05.16-14.51.58:882][120]Candidate modules for hot reload:
[2021.05.16-14.51.58:882][120]  WireHunter
[2021.05.16-14.51.58:882][120]Launching UnrealBuildTool... [C:/Program Files/Epic Games/UE_4.25/Engine/Binaries/DotNET/UnrealBuildTool.exe  -ModuleWithSuffix=WireHunter,9140 WireHunterEditor Win64 Development -Project="C:/Wire-Hunter/work/choi/WireHunter/WireHunter.uproject" "C:/Wire-Hunter/work/choi/WireHunter/WireHunter.uproject"  -IgnoreJunk]
[2021.05.16-14.51.58:884][120]Warning: Starting HotReload took  0.0s.
[2021.05.16-14.52.00:437][260]CompilerResultsLog: New page: 컴파일 - 2021. 5. 17. 오전 8:52:00
[2021.05.16-14.52.00:437][260]CompilerResultsLog: Building WireHunterEditor...
[2021.05.16-14.52.00:437][260]CompilerResultsLog: Using Visual Studio 2019 14.28.29333 toolchain (C:\Program Files (x86)\Microsoft Visual Studio\2019\Community\VC\Tools\MSVC\14.28.29333) and Windows 10.0.18362.0 SDK (C:\Program Files (x86)\Windows Kits\10).
[2021.05.16-14.52.00:437][260]CompilerResultsLog: Building 3 actions with 12 processes...
[2021.05.16-14.52.00:437][260]CompilerResultsLog:   [1/3] UE4Editor-WireHunter-9140.lib
[2021.05.16-14.52.00:437][260]CompilerResultsLog:      C:\Wire-Hunter\work\choi\WireHunter\Intermediate\Build\Win64\UE4Editor\Development\WireHunter\UE4Editor-WireHunter-9140.lib ???̺귯?? ?? C:\Wire-Hunter\work\choi\WireHunter\Intermediate\Build\Win64\UE4Editor\Development\WireHunter\UE4Editor-WireHunter-9140.exp ??ü?? ?????ϰ? ?ֽ??ϴ?.
[2021.05.16-14.52.00:437][260]CompilerResultsLog:   [2/3] UE4Editor-WireHunter-9140.dll
[2021.05.16-14.52.00:437][260]CompilerResultsLog:      C:\Wire-Hunter\work\choi\WireHunter\Intermediate\Build\Win64\UE4Editor\Development\WireHunter\UE4Editor-WireHunter-9140.suppressed.lib ???̺귯?? ?? C:\Wire-Hunter\work\choi\WireHunter\Intermediate\Build\Win64\UE4Editor\Development\WireHunter\UE4Editor-WireHunter-9140.suppressed.exp ??ü?? ?????ϰ? ?ֽ??ϴ?.
[2021.05.16-14.52.00:437][260]CompilerResultsLog:   [3/3] WireHunterEditor.target
[2021.05.16-14.52.00:437][260]CompilerResultsLog: Total time in Parallel executor: 0.92 seconds
[2021.05.16-14.52.00:437][260]CompilerResultsLog: Total execution time: 1.48 seconds
[2021.05.16-14.52.00:437][260]LogMainFrame: MainFrame: Module compiling took 1.558 seconds
[2021.05.16-14.52.00:460][260]LogClass: StructNode HotReload.
[2021.05.16-14.52.00:460][260]LogClass: StructWeight HotReload.
[2021.05.16-14.52.00:462][260]LogHotReload: Re-instancing Boss after hot-reload.
[2021.05.16-14.52.00:469][260]LogHotReload: Re-instancing HealingPotion after hot-reload.
[2021.05.16-14.52.00:475][260]LogHotReload: Re-instancing SpeedPotion after hot-reload.
[2021.05.16-14.52.00:480][260]LogHotReload: Re-instancing StrengthPotion after hot-reload.
[2021.05.16-14.52.00:488][260]LogContentBrowser: Native class hierarchy updated for 'WireHunter' in 0.0004 seconds. Added 18 classes and 2 folders.
[2021.05.16-14.52.00:490][260]Display: HotReload successful (1 functions remapped  2 scriptstructs remapped)
[2021.05.16-14.52.00:525][260]LogContentBrowser: Native class hierarchy populated in 0.0077 seconds. Added 3446 classes and 826 folders.
[2021.05.16-14.52.00:525][260]Display: HotReload took  1.7s.
[2021.05.16-14.52.00:536][260]LogSlate: Took 0.001490 seconds to synchronously load lazily loaded font '../../../Engine/Content/Slate/Fonts/DroidSansFallback.ttf' (3848K)
[2021.05.16-14.52.00:536][260]LogSlate: Last resort fallback font was requested. Font: '../../../Engine/Content/Slate/Fonts/DroidSansFallback.ttf', Character: 'ϰ (U+03f0)'
[2021.05.16-14.52.00:540][260]LogSlate: Took 0.001930 seconds to synchronously load lazily loaded font '../../../Engine/Content/SlateDebug/Fonts/LastResort.ttf' (5269K)
[2021.05.16-14.52.04:611][749]LogTemp: Repeating last play command: 선택된 뷰포트
[2021.05.16-14.52.04:618][749]LogPlayLevel: PlayLevel: No blueprints needed recompiling
[2021.05.16-14.52.04:618][749]PIE: New page: PIE 세션: GameLevel (2021. 5. 17. 오전 8:52:04)
[2021.05.16-14.52.04:619][749]LogOnline: OSS: Creating online subsystem instance for: NULL
[2021.05.16-14.52.04:620][749]LogOnline: OSS: TryLoadSubsystemAndSetDefault: Loaded subsystem for module [NULL]
[2021.05.16-14.52.04:620][749]LogPlayLevel: Creating play world package: /Game/ThirdPersonCPP/Maps/UEDPIE_0_GameLevel
[2021.05.16-14.52.04:636][749]LogPlayLevel: PIE: StaticDuplicateObject took: (0.016366s)
[2021.05.16-14.52.04:638][749]LogAIModule: Creating AISystem for world GameLevel
[2021.05.16-14.52.04:638][749]LogAISub: UAISubsystem::UAISubsystem EnvQueryManager (0000025584103E00), frame # 749
[2021.05.16-14.52.04:638][749]LogAISub: UAISubsystem::UAISubsystem AIPerceptionSystem (000002555B250E00), frame # 749
[2021.05.16-14.52.04:638][749]LogPlayLevel: PIE: World Init took: (0.001632s)
[2021.05.16-14.52.04:638][749]LogPlayLevel: PIE: Created PIE world by copying editor world from /Game/ThirdPersonCPP/Maps/GameLevel.GameLevel to /Game/ThirdPersonCPP/Maps/UEDPIE_0_GameLevel.GameLevel (0.018174s)
[2021.05.16-14.52.04:651][749]LogUObjectHash: Compacting FUObjectHashTables data took   0.63ms
[2021.05.16-14.52.04:654][749]LogAudioMixer: Display: Audio Mixer Platform Settings:
[2021.05.16-14.52.04:654][749]LogAudioMixer: Display: 	Sample Rate:						  48000
[2021.05.16-14.52.04:654][749]LogAudioMixer: Display: 	Callback Buffer Frame Size Requested: 1024
[2021.05.16-14.52.04:654][749]LogAudioMixer: Display: 	Callback Buffer Frame Size To Use:	  1024
[2021.05.16-14.52.04:655][749]LogAudioMixer: Display: 	Number of buffers to queue:			  2
[2021.05.16-14.52.04:655][749]LogAudioMixer: Display: 	Max Channels (voices):				  32
[2021.05.16-14.52.04:655][749]LogAudioMixer: Display: 	Number of Async Source Workers:		  0
[2021.05.16-14.52.04:655][749]LogAudio: Display: AudioDevice MaxSources: 32
[2021.05.16-14.52.04:655][749]LogAudio: Display: Using built-in audio occlusion.
[2021.05.16-14.52.04:655][749]LogAudioMixer: Display: Initializing audio mixer.
[2021.05.16-14.52.04:657][749]LogAudioMixer: Display: 0: FrontLeft
[2021.05.16-14.52.04:657][749]LogAudioMixer: Display: 1: FrontRight
[2021.05.16-14.52.04:671][749]LogAudioMixer: Display: Using Audio Device Realtek HD Audio 2nd output(Realtek(R) Audio)
[2021.05.16-14.52.04:671][749]LogAudioMixer: Display: Initializing Sound Submixes...
[2021.05.16-14.52.04:671][749]LogAudioMixer: Display: Creating Master Submix 'MasterSubmixDefault'
[2021.05.16-14.52.04:671][749]LogAudioMixer: Display: Creating Master Submix 'MasterReverbSubmixDefault'
[2021.05.16-14.52.04:671][749]LogAudioMixer: Display: Creating Master Submix 'MasterEQSubmixDefault'
[2021.05.16-14.52.04:683][749]LogInit: FAudioDevice initialized.
[2021.05.16-14.52.04:689][749]LogLoad: Game class is 'WireHunterGameMode'
[2021.05.16-14.52.04:691][749]LogScript: Warning: CharacterRef 프로퍼티를 읽으려던 중 None 에 접근했습니다.
	ThirdPerson_AnimBP_C /Game/ThirdPersonCPP/Maps/UEDPIE_0_GameLevel.GameLevel:PersistentLevel.BP_WHCharacter.CharacterMesh0.ThirdPerson_AnimBP_C_0
	Function /Game/ThirdPersonCPP/GraphicResources/Character/Animations/ThirdPerson_AnimBP.ThirdPerson_AnimBP_C:ExecuteUbergraph_ThirdPerson_AnimBP:0087
[2021.05.16-14.52.04:691][749]PIE: Error: 블루프린트 런타임 오류: "CharacterRef 프로퍼티를 읽으려던 중 None 에 접근했습니다.". 블루프린트: ThirdPerson_AnimBP 함수: Execute Ubergraph Third Person Anim BP 그래프: EventGraph 노드: Climb- 설정
[2021.05.16-14.52.04:692][749]LogWorld: Bringing World /Game/ThirdPersonCPP/Maps/UEDPIE_0_GameLevel.GameLevel up for play (max tick rate 0) at 2021.05.16-23.52.04
[2021.05.16-14.52.04:692][749]LogWorld: Bringing up level for play took: 0.002562
[2021.05.16-14.52.04:692][749]LogOnline: OSS: Creating online subsystem instance for: :Context_1
[2021.05.16-14.52.04:722][749]LogContentBrowser: Native class hierarchy updated for 'MovieSceneCapture' in 0.0003 seconds. Added 20 classes and 0 folders.
[2021.05.16-14.52.04:725][749]Cmd: ShowFlag.Bones 2
[2021.05.16-14.52.04:725][749]ShowFlag.Bones = "2"
[2021.05.16-14.52.04:726][749]LogTemp: Warning: 5 0 1 0
[2021.05.16-14.52.04:726][749]LogTemp: Warning: 1 >> x: 5 / y: 0
[2021.05.16-14.52.04:726][749]LogTemp: Warning: 2 >> x: 5 / y: 0
[2021.05.16-14.52.04:726][749]LogTemp: Warning: 3 >> x: 6 / y: 1
[2021.05.16-14.52.04:726][749]LogTemp: Warning: 4 >> x: 7 / y: 2
[2021.05.16-14.52.04:726][749]LogTemp: Warning: 5 >> x: 8 / y: 3
[2021.05.16-14.52.04:726][749]LogTemp: Warning: 6 >> x: 9 / y: 4
[2021.05.16-14.52.04:726][749]LogTemp: Warning: 7 >> x: 8 / y: 5
[2021.05.16-14.52.04:726][749]LogTemp: Warning: 8 >> x: 9 / y: 6
[2021.05.16-14.52.04:726][749]LogTemp: Warning: 9 >> x: 8 / y: 7
[2021.05.16-14.52.04:726][749]LogTemp: Warning: 10 >> x: 9 / y: 8
[2021.05.16-14.52.04:726][749]LogTemp: Warning: 11 >> x: 8 / y: 9
[2021.05.16-14.52.04:726][749]LogTemp: Warning: 12 >> x: 7 / y: 8
[2021.05.16-14.52.04:726][749]LogTemp: Warning: 13 >> x: 6 / y: 7
[2021.05.16-14.52.04:726][749]LogTemp: Warning: 14 >> x: 7 / y: 6
[2021.05.16-14.52.04:726][749]LogTemp: Warning: 15 >> x: 6 / y: 5
[2021.05.16-14.52.04:726][749]LogTemp: Warning: 16 >> x: 7 / y: 4
[2021.05.16-14.52.04:726][749]LogTemp: Warning: 17 >> x: 6 / y: 3
[2021.05.16-14.52.04:726][749]LogTemp: Warning: 18 >> x: 5 / y: 2
[2021.05.16-14.52.04:726][749]LogTemp: Warning: 19 >> x: 4 / y: 1
[2021.05.16-14.52.04:726][749]LogTemp: Warning: 20 >> x: 3 / y: 0
[2021.05.16-14.52.04:726][749]LogTemp: Warning: 21 >> x: 2 / y: 1
[2021.05.16-14.52.04:726][749]LogTemp: Warning: 22 >> x: 1 / y: 0
[2021.05.16-14.52.04:726][749]PIE: 서버가 로그인했습니다.
[2021.05.16-14.52.04:727][749]PIE: 에디터에서 플레이 총 시작 시간 0.112초입니다.
[2021.05.16-14.52.30:647][848]LogSlate: Updating window title bar state: overlay mode, drag disabled, window buttons hidden, title bar hidden
[2021.05.16-14.52.30:647][848]LogWorld: BeginTearingDown for /Game/ThirdPersonCPP/Maps/UEDPIE_0_GameLevel
[2021.05.16-14.52.30:648][848]LogWorld: UWorld::CleanupWorld for GameLevel, bSessionEnded=true, bCleanupResources=true
[2021.05.16-14.52.30:649][848]LogSlate: InvalidateAllWidgets triggered.  All widgets were invalidated
[2021.05.16-14.52.30:663][848]LogPlayLevel: Display: Shutting down PIE online subsystems
[2021.05.16-14.52.30:665][848]LogSlate: InvalidateAllWidgets triggered.  All widgets were invalidated
[2021.05.16-14.52.30:674][848]LogSlate: Updating window title bar state: overlay mode, drag disabled, window buttons hidden, title bar hidden
[2021.05.16-14.52.30:689][848]LogAISub: UAISubsystem::~UAISubsystem AIPerceptionSystem (000002555B250E00), frame # 3848
[2021.05.16-14.52.30:689][848]LogAISub: UAISubsystem::~UAISubsystem EnvQueryManager (0000025584103E00), frame # 3848
[2021.05.16-14.52.30:690][848]LogUObjectHash: Compacting FUObjectHashTables data took   0.66ms
[2021.05.16-14.52.30:782][849]LogPlayLevel: Display: Destroying online subsystem :Context_1
[2021.05.16-14.52.32:252][988]LogSlate: Window '메시지 로그' being destroyed
[2021.05.16-14.52.32:255][988]LogSlate: Window '메시지 로그' being destroyed
[2021.05.16-14.52.33:227][ 89]LogTemp: Repeating last play command: 선택된 뷰포트
[2021.05.16-14.52.33:231][ 89]LogPlayLevel: PlayLevel: No blueprints needed recompiling
[2021.05.16-14.52.33:232][ 89]PIE: New page: PIE 세션: GameLevel (2021. 5. 17. 오전 8:52:33)
[2021.05.16-14.52.33:264][ 89]LogPlayLevel: Creating play world package: /Game/ThirdPersonCPP/Maps/UEDPIE_0_GameLevel
[2021.05.16-14.52.33:276][ 89]LogPlayLevel: PIE: StaticDuplicateObject took: (0.012094s)
[2021.05.16-14.52.33:277][ 89]LogAIModule: Creating AISystem for world GameLevel
[2021.05.16-14.52.33:277][ 89]LogAISub: UAISubsystem::UAISubsystem EnvQueryManager (0000025583C5E800), frame # 4089
[2021.05.16-14.52.33:278][ 89]LogAISub: UAISubsystem::UAISubsystem AIPerceptionSystem (000002555A1F2340), frame # 4089
[2021.05.16-14.52.33:279][ 89]LogPlayLevel: PIE: World Init took: (0.002639s)
[2021.05.16-14.52.33:279][ 89]LogPlayLevel: PIE: Created PIE world by copying editor world from /Game/ThirdPersonCPP/Maps/GameLevel.GameLevel to /Game/ThirdPersonCPP/Maps/UEDPIE_0_GameLevel.GameLevel (0.014883s)
[2021.05.16-14.52.33:290][ 89]LogUObjectHash: Compacting FUObjectHashTables data took   0.80ms
[2021.05.16-14.52.33:292][ 89]LogAudioMixer: Display: Audio Mixer Platform Settings:
[2021.05.16-14.52.33:292][ 89]LogAudioMixer: Display: 	Sample Rate:						  48000
[2021.05.16-14.52.33:292][ 89]LogAudioMixer: Display: 	Callback Buffer Frame Size Requested: 1024
[2021.05.16-14.52.33:292][ 89]LogAudioMixer: Display: 	Callback Buffer Frame Size To Use:	  1024
[2021.05.16-14.52.33:292][ 89]LogAudioMixer: Display: 	Number of buffers to queue:			  2
[2021.05.16-14.52.33:292][ 89]LogAudioMixer: Display: 	Max Channels (voices):				  32
[2021.05.16-14.52.33:292][ 89]LogAudioMixer: Display: 	Number of Async Source Workers:		  0
[2021.05.16-14.52.33:292][ 89]LogAudio: Display: AudioDevice MaxSources: 32
[2021.05.16-14.52.33:292][ 89]LogAudio: Display: Using built-in audio occlusion.
[2021.05.16-14.52.33:292][ 89]LogAudioMixer: Display: Initializing audio mixer.
[2021.05.16-14.52.33:294][ 89]LogAudioMixer: Display: 0: FrontLeft
[2021.05.16-14.52.33:294][ 89]LogAudioMixer: Display: 1: FrontRight
[2021.05.16-14.52.33:307][ 89]LogAudioMixer: Display: Using Audio Device Realtek HD Audio 2nd output(Realtek(R) Audio)
[2021.05.16-14.52.33:307][ 89]LogAudioMixer: Display: Initializing Sound Submixes...
[2021.05.16-14.52.33:308][ 89]LogAudioMixer: Display: Creating Master Submix 'MasterSubmixDefault'
[2021.05.16-14.52.33:308][ 89]LogAudioMixer: Display: Creating Master Submix 'MasterReverbSubmixDefault'
[2021.05.16-14.52.33:308][ 89]LogAudioMixer: Display: Creating Master Submix 'MasterEQSubmixDefault'
[2021.05.16-14.52.33:318][ 89]LogInit: FAudioDevice initialized.
[2021.05.16-14.52.33:326][ 89]LogLoad: Game class is 'WireHunterGameMode'
[2021.05.16-14.52.33:328][ 89]LogScript: Warning: CharacterRef 프로퍼티를 읽으려던 중 None 에 접근했습니다.
	ThirdPerson_AnimBP_C /Game/ThirdPersonCPP/Maps/UEDPIE_0_GameLevel.GameLevel:PersistentLevel.BP_WHCharacter.CharacterMesh0.ThirdPerson_AnimBP_C_0
	Function /Game/ThirdPersonCPP/GraphicResources/Character/Animations/ThirdPerson_AnimBP.ThirdPerson_AnimBP_C:ExecuteUbergraph_ThirdPerson_AnimBP:0087
[2021.05.16-14.52.33:328][ 89]PIE: Error: 블루프린트 런타임 오류: "CharacterRef 프로퍼티를 읽으려던 중 None 에 접근했습니다.". 블루프린트: ThirdPerson_AnimBP 함수: Execute Ubergraph Third Person Anim BP 그래프: EventGraph 노드: Climb- 설정
[2021.05.16-14.52.33:329][ 89]LogWorld: Bringing World /Game/ThirdPersonCPP/Maps/UEDPIE_0_GameLevel.GameLevel up for play (max tick rate 0) at 2021.05.16-23.52.33
[2021.05.16-14.52.33:329][ 89]LogWorld: Bringing up level for play took: 0.002402
[2021.05.16-14.52.33:329][ 89]LogOnline: OSS: Creating online subsystem instance for: :Context_2
[2021.05.16-14.52.33:332][ 89]Cmd: ShowFlag.Bones 2
[2021.05.16-14.52.33:333][ 89]ShowFlag.Bones = "2"
[2021.05.16-14.52.33:333][ 89]LogTemp: Warning: 5 0 1 0
[2021.05.16-14.52.33:333][ 89]LogTemp: Warning: 1 >> x: 5 / y: 0
[2021.05.16-14.52.33:333][ 89]LogTemp: Warning: 2 >> x: 5 / y: 0
[2021.05.16-14.52.33:333][ 89]LogTemp: Warning: 3 >> x: 6 / y: 1
[2021.05.16-14.52.33:333][ 89]LogTemp: Warning: 4 >> x: 7 / y: 2
[2021.05.16-14.52.33:333][ 89]LogTemp: Warning: 5 >> x: 8 / y: 3
[2021.05.16-14.52.33:333][ 89]LogTemp: Warning: 6 >> x: 9 / y: 4
[2021.05.16-14.52.33:333][ 89]LogTemp: Warning: 7 >> x: 8 / y: 5
[2021.05.16-14.52.33:333][ 89]LogTemp: Warning: 8 >> x: 9 / y: 6
[2021.05.16-14.52.33:333][ 89]LogTemp: Warning: 9 >> x: 8 / y: 7
[2021.05.16-14.52.33:333][ 89]LogTemp: Warning: 10 >> x: 9 / y: 8
[2021.05.16-14.52.33:333][ 89]LogTemp: Warning: 11 >> x: 8 / y: 9
[2021.05.16-14.52.33:333][ 89]LogTemp: Warning: 12 >> x: 7 / y: 8
[2021.05.16-14.52.33:333][ 89]LogTemp: Warning: 13 >> x: 6 / y: 7
[2021.05.16-14.52.33:333][ 89]LogTemp: Warning: 14 >> x: 7 / y: 6
[2021.05.16-14.52.33:333][ 89]LogTemp: Warning: 15 >> x: 6 / y: 5
[2021.05.16-14.52.33:333][ 89]LogTemp: Warning: 16 >> x: 7 / y: 4
[2021.05.16-14.52.33:333][ 89]LogTemp: Warning: 17 >> x: 6 / y: 3
[2021.05.16-14.52.33:333][ 89]LogTemp: Warning: 18 >> x: 5 / y: 2
[2021.05.16-14.52.33:333][ 89]LogTemp: Warning: 19 >> x: 4 / y: 1
[2021.05.16-14.52.33:333][ 89]LogTemp: Warning: 20 >> x: 3 / y: 0
[2021.05.16-14.52.33:333][ 89]LogTemp: Warning: 21 >> x: 2 / y: 1
[2021.05.16-14.52.33:333][ 89]LogTemp: Warning: 22 >> x: 1 / y: 0
[2021.05.16-14.52.33:333][ 89]PIE: 서버가 로그인했습니다.
[2021.05.16-14.52.33:334][ 89]PIE: 에디터에서 플레이 총 시작 시간 0.103초입니다.
[2021.05.16-14.52.34:135][174]LogSlate: Updating window title bar state: overlay mode, drag disabled, window buttons hidden, title bar hidden
[2021.05.16-14.52.34:135][174]LogWorld: BeginTearingDown for /Game/ThirdPersonCPP/Maps/UEDPIE_0_GameLevel
[2021.05.16-14.52.34:135][174]LogWorld: UWorld::CleanupWorld for GameLevel, bSessionEnded=true, bCleanupResources=true
[2021.05.16-14.52.34:135][174]LogSlate: InvalidateAllWidgets triggered.  All widgets were invalidated
[2021.05.16-14.52.34:142][174]LogPlayLevel: Display: Shutting down PIE online subsystems
[2021.05.16-14.52.34:144][174]LogSlate: InvalidateAllWidgets triggered.  All widgets were invalidated
[2021.05.16-14.52.34:152][174]LogSlate: Updating window title bar state: overlay mode, drag disabled, window buttons hidden, title bar hidden
[2021.05.16-14.52.34:166][174]LogAISub: UAISubsystem::~UAISubsystem AIPerceptionSystem (000002555A1F2340), frame # 4174
[2021.05.16-14.52.34:166][174]LogAISub: UAISubsystem::~UAISubsystem EnvQueryManager (0000025583C5E800), frame # 4174
[2021.05.16-14.52.34:167][174]LogUObjectHash: Compacting FUObjectHashTables data took   0.59ms
[2021.05.16-14.52.34:264][175]LogPlayLevel: Display: Destroying online subsystem :Context_2
[2021.05.16-14.52.35:504][290]LogSlate: Window '메시지 로그' being destroyed
[2021.05.16-14.52.35:507][290]LogSlate: Window '메시지 로그' being destroyed
[2021.05.16-14.52.47:071][658]LogPlayLevel: PlayLevel: No blueprints needed recompiling
[2021.05.16-14.52.47:071][658]PIE: New page: SIE 세션: GameLevel (2021. 5. 17. 오전 8:52:47)
[2021.05.16-14.52.47:071][658]LogPlayLevel: Creating play world package: /Game/ThirdPersonCPP/Maps/UEDPIE_0_GameLevel
[2021.05.16-14.52.47:084][658]LogPlayLevel: PIE: StaticDuplicateObject took: (0.012630s)
[2021.05.16-14.52.47:085][658]LogAIModule: Creating AISystem for world GameLevel
[2021.05.16-14.52.47:085][658]LogAISub: UAISubsystem::UAISubsystem EnvQueryManager (0000025575129200), frame # 5658
[2021.05.16-14.52.47:085][658]LogAISub: UAISubsystem::UAISubsystem AIPerceptionSystem (000002555A114CC0), frame # 5658
[2021.05.16-14.52.47:085][658]LogPlayLevel: PIE: World Init took: (0.001553s)
[2021.05.16-14.52.47:085][658]LogPlayLevel: PIE: Created PIE world by copying editor world from /Game/ThirdPersonCPP/Maps/GameLevel.GameLevel to /Game/ThirdPersonCPP/Maps/UEDPIE_0_GameLevel.GameLevel (0.014329s)
[2021.05.16-14.52.47:097][658]LogUObjectHash: Compacting FUObjectHashTables data took   0.67ms
[2021.05.16-14.52.47:100][658]LogAudioMixer: Display: Audio Mixer Platform Settings:
[2021.05.16-14.52.47:100][658]LogAudioMixer: Display: 	Sample Rate:						  48000
[2021.05.16-14.52.47:100][658]LogAudioMixer: Display: 	Callback Buffer Frame Size Requested: 1024
[2021.05.16-14.52.47:100][658]LogAudioMixer: Display: 	Callback Buffer Frame Size To Use:	  1024
[2021.05.16-14.52.47:100][658]LogAudioMixer: Display: 	Number of buffers to queue:			  2
[2021.05.16-14.52.47:100][658]LogAudioMixer: Display: 	Max Channels (voices):				  32
[2021.05.16-14.52.47:100][658]LogAudioMixer: Display: 	Number of Async Source Workers:		  0
[2021.05.16-14.52.47:100][658]LogAudio: Display: AudioDevice MaxSources: 32
[2021.05.16-14.52.47:100][658]LogAudio: Display: Using built-in audio occlusion.
[2021.05.16-14.52.47:100][658]LogAudioMixer: Display: Initializing audio mixer.
[2021.05.16-14.52.47:102][658]LogAudioMixer: Display: 0: FrontLeft
[2021.05.16-14.52.47:102][658]LogAudioMixer: Display: 1: FrontRight
[2021.05.16-14.52.47:115][658]LogAudioMixer: Display: Using Audio Device Realtek HD Audio 2nd output(Realtek(R) Audio)
[2021.05.16-14.52.47:115][658]LogAudioMixer: Display: Initializing Sound Submixes...
[2021.05.16-14.52.47:115][658]LogAudioMixer: Display: Creating Master Submix 'MasterSubmixDefault'
[2021.05.16-14.52.47:115][658]LogAudioMixer: Display: Creating Master Submix 'MasterReverbSubmixDefault'
[2021.05.16-14.52.47:116][658]LogAudioMixer: Display: Creating Master Submix 'MasterEQSubmixDefault'
[2021.05.16-14.52.47:126][658]LogInit: FAudioDevice initialized.
[2021.05.16-14.52.47:133][658]LogLoad: Game class is 'WireHunterGameMode'
[2021.05.16-14.52.47:135][658]LogScript: Warning: CharacterRef 프로퍼티를 읽으려던 중 None 에 접근했습니다.
	ThirdPerson_AnimBP_C /Game/ThirdPersonCPP/Maps/UEDPIE_0_GameLevel.GameLevel:PersistentLevel.BP_WHCharacter.CharacterMesh0.ThirdPerson_AnimBP_C_0
	Function /Game/ThirdPersonCPP/GraphicResources/Character/Animations/ThirdPerson_AnimBP.ThirdPerson_AnimBP_C:ExecuteUbergraph_ThirdPerson_AnimBP:0087
[2021.05.16-14.52.47:135][658]PIE: Error: 블루프린트 런타임 오류: "CharacterRef 프로퍼티를 읽으려던 중 None 에 접근했습니다.". 블루프린트: ThirdPerson_AnimBP 함수: Execute Ubergraph Third Person Anim BP 그래프: EventGraph 노드: Climb- 설정
[2021.05.16-14.52.47:136][658]LogWorld: Bringing World /Game/ThirdPersonCPP/Maps/UEDPIE_0_GameLevel.GameLevel up for play (max tick rate 0) at 2021.05.16-23.52.47
[2021.05.16-14.52.47:136][658]LogWorld: Bringing up level for play took: 0.002778
[2021.05.16-14.52.47:137][658]LogOnline: OSS: Creating online subsystem instance for: :Context_3
[2021.05.16-14.52.47:144][658]Cmd: ShowFlag.Bones 2
[2021.05.16-14.52.47:144][658]ShowFlag.Bones = "2"
[2021.05.16-14.52.48:214][658]LogWindows: Error: === Critical error: ===
[2021.05.16-14.52.48:214][658]LogWindows: Error: 
[2021.05.16-14.52.48:214][658]LogWindows: Error: Unhandled Exception: EXCEPTION_ACCESS_VIOLATION reading address 0x00000140
[2021.05.16-14.52.48:214][658]LogWindows: Error: 
[2021.05.16-14.52.48:214][658]LogWindows: Error: [Callstack] 0x00007fff92b06682 UE4Editor-WireHunter-9140.dll!UnknownFunction [C:\Wire-Hunter\work\choi\WireHunter\Source\WireHunter\Boss.cpp:73]
[2021.05.16-14.52.48:214][658]LogWindows: Error: [Callstack] 0x00007fff92b06178 UE4Editor-WireHunter-9140.dll!UnknownFunction [C:\Wire-Hunter\work\choi\WireHunter\Source\WireHunter\Boss.cpp:280]
[2021.05.16-14.52.48:214][658]LogWindows: Error: [Callstack] 0x00007fffbd2b097c UE4Editor-Engine.dll!AActor::DispatchBeginPlay() [D:\Build\++UE4\Sync\Engine\Source\Runtime\Engine\Private\Actor.cpp:3397]
[2021.05.16-14.52.48:214][658]LogWindows: Error: [Callstack] 0x00007fffbe55958d UE4Editor-Engine.dll!AWorldSettings::NotifyBeginPlay() [D:\Build\++UE4\Sync\Engine\Source\Runtime\Engine\Private\WorldSettings.cpp:246]
[2021.05.16-14.52.48:214][658]LogWindows: Error: [Callstack] 0x00007fffbd993151 UE4Editor-Engine.dll!AGameStateBase::HandleBeginPlay() [D:\Build\++UE4\Sync\Engine\Source\Runtime\Engine\Private\GameStateBase.cpp:205]
[2021.05.16-14.52.48:214][658]LogWindows: Error: [Callstack] 0x00007fffbe503a2e UE4Editor-Engine.dll!UWorld::BeginPlay() [D:\Build\++UE4\Sync\Engine\Source\Runtime\Engine\Private\World.cpp:4184]
[2021.05.16-14.52.48:214][658]LogWindows: Error: [Callstack] 0x00007fffbd9b44e9 UE4Editor-Engine.dll!UGameInstance::StartPlayInEditorGameInstance() [D:\Build\++UE4\Sync\Engine\Source\Runtime\Engine\Private\GameInstance.cpp:478]
[2021.05.16-14.52.48:214][658]LogWindows: Error: [Callstack] 0x00007fffbc15595c UE4Editor-UnrealEd.dll!UEditorEngine::CreateInnerProcessPIEGameInstance() [D:\Build\++UE4\Sync\Engine\Source\Editor\UnrealEd\Private\PlayLevel.cpp:2792]
[2021.05.16-14.52.48:214][658]LogWindows: Error: [Callstack] 0x00007fffbc17682c UE4Editor-UnrealEd.dll!UEditorEngine::OnLoginPIEComplete_Deferred() [D:\Build\++UE4\Sync\Engine\Source\Editor\UnrealEd\Private\PlayLevel.cpp:1474]
[2021.05.16-14.52.48:214][658]LogWindows: Error: [Callstack] 0x00007fffbc156899 UE4Editor-UnrealEd.dll!UEditorEngine::CreateNewPlayInEditorInstance() [D:\Build\++UE4\Sync\Engine\Source\Editor\UnrealEd\Private\PlayLevel.cpp:1708]
[2021.05.16-14.52.48:214][658]LogWindows: Error: [Callstack] 0x00007fffbc1923da UE4Editor-UnrealEd.dll!UEditorEngine::StartPlayInEditorSession() [D:\Build\++UE4\Sync\Engine\Source\Editor\UnrealEd\Private\PlayLevel.cpp:2580]
[2021.05.16-14.52.48:214][658]LogWindows: Error: [Callstack] 0x00007fffbc19569d UE4Editor-UnrealEd.dll!UEditorEngine::StartQueuedPlaySessionRequestImpl() [D:\Build\++UE4\Sync\Engine\Source\Editor\UnrealEd\Private\PlayLevel.cpp:1089]
[2021.05.16-14.52.48:214][658]LogWindows: Error: [Callstack] 0x00007fffbc195078 UE4Editor-UnrealEd.dll!UEditorEngine::StartQueuedPlaySessionRequest() [D:\Build\++UE4\Sync\Engine\Source\Editor\UnrealEd\Private\PlayLevel.cpp:1016]
[2021.05.16-14.52.48:214][658]LogWindows: Error: [Callstack] 0x00007fffbbc1a854 UE4Editor-UnrealEd.dll!UEditorEngine::Tick() [D:\Build\++UE4\Sync\Engine\Source\Editor\UnrealEd\Private\EditorEngine.cpp:1611]
[2021.05.16-14.52.48:214][658]LogWindows: Error: [Callstack] 0x00007fffbc4f37e6 UE4Editor-UnrealEd.dll!UUnrealEdEngine::Tick() [D:\Build\++UE4\Sync\Engine\Source\Editor\UnrealEd\Private\UnrealEdEngine.cpp:414]
[2021.05.16-14.52.48:214][658]LogWindows: Error: [Callstack] 0x00007ff692a17800 UE4Editor.exe!FEngineLoop::Tick() [D:\Build\++UE4\Sync\Engine\Source\Runtime\Launch\Private\LaunchEngineLoop.cpp:4850]
[2021.05.16-14.52.48:214][658]LogWindows: Error: [Callstack] 0x00007ff692a2ba7c UE4Editor.exe!GuardedMain() [D:\Build\++UE4\Sync\Engine\Source\Runtime\Launch\Private\Launch.cpp:169]
[2021.05.16-14.52.48:214][658]LogWindows: Error: [Callstack] 0x00007ff692a2bb5a UE4Editor.exe!GuardedMainWrapper() [D:\Build\++UE4\Sync\Engine\Source\Runtime\Launch\Private\Windows\LaunchWindows.cpp:137]
[2021.05.16-14.52.48:214][658]LogWindows: Error: [Callstack] 0x00007ff692a3e31d UE4Editor.exe!WinMain() [D:\Build\++UE4\Sync\Engine\Source\Runtime\Launch\Private\Windows\LaunchWindows.cpp:268]
[2021.05.16-14.52.48:214][658]LogWindows: Error: [Callstack] 0x00007ff692a4145a UE4Editor.exe!__scrt_common_main_seh() [d:\agent\_work\5\s\src\vctools\crt\vcstartup\src\startup\exe_common.inl:288]
[2021.05.16-14.52.48:214][658]LogWindows: Error: [Callstack] 0x00007ff8139f7034 KERNEL32.DLL!UnknownFunction []
[2021.05.16-14.52.48:214][658]LogWindows: Error: [Callstack] 0x00007ff8159a2651 ntdll.dll!UnknownFunction []
[2021.05.16-14.52.48:214][658]LogWindows: Error: 
[2021.05.16-14.52.48:222][658]LogExit: Executing StaticShutdownAfterError
[2021.05.16-14.52.48:224][658]LogWindows: FPlatformMisc::RequestExit(1)
[2021.05.16-14.52.48:224][658]LogCore: Engine exit requested (reason: Win RequestExit)
[2021.05.16-14.52.48:229][658]Log file closed, 05/16/21 23:52:48
