Log file open, 05/21/21 02:16:23
LogInit: Display: Running engine for game: WireHunter
LogPlatformFile: Not using cached read wrapper
LogTaskGraph: Started task graph with 5 named threads and 35 total threads with 3 sets of task threads.
LogStats: Stats thread started at 0.274364
LogD3D11RHI: Loaded GFSDK_Aftermath_Lib.x64.dll
LogICUInternationalization: ICU TimeZone Detection - Raw Offset: +9:00, Platform Override: ''
LogPluginManager: Mounting plugin Paper2D
LogPluginManager: Mounting plugin AISupport
LogPluginManager: Mounting plugin LightPropagationVolume
LogPluginManager: Mounting plugin CameraShakePreviewer
LogPluginManager: Mounting plugin ActorLayerUtilities
LogPluginManager: Mounting plugin AnimationSharing
LogPluginManager: Mounting plugin CLionSourceCodeAccess
LogPluginManager: Mounting plugin CodeLiteSourceCodeAccess
LogPluginManager: Mounting plugin GitSourceControl
LogPluginManager: Mounting plugin KDevelopSourceCodeAccess
LogPluginManager: Mounting plugin NullSourceCodeAccess
LogPluginManager: Mounting plugin PerforceSourceControl
LogPluginManager: Mounting plugin PlasticSourceControl
LogPluginManager: Mounting plugin RiderSourceCodeAccess
LogPluginManager: Mounting plugin SubversionSourceControl
LogPluginManager: Mounting plugin UObjectPlugin
LogPluginManager: Mounting plugin VisualStudioCodeSourceCodeAccess
LogPluginManager: Mounting plugin VisualStudioSourceCodeAccess
LogPluginManager: Mounting plugin XCodeSourceCodeAccess
LogPluginManager: Mounting plugin AssetManagerEditor
LogPluginManager: Mounting plugin BlueprintMaterialTextureNodes
LogPluginManager: Mounting plugin CryptoKeys
LogPluginManager: Mounting plugin CurveEditorTools
LogPluginManager: Mounting plugin DataValidation
LogPluginManager: Mounting plugin EditorScriptingUtilities
LogPluginManager: Mounting plugin FacialAnimation
LogPluginManager: Mounting plugin GameplayTagsEditor
LogPluginManager: Mounting plugin GeometryMode
LogPluginManager: Mounting plugin MacGraphicsSwitching
LogPluginManager: Mounting plugin MaterialAnalyzer
LogPluginManager: Mounting plugin MobileLauncherProfileWizard
LogPluginManager: Mounting plugin PluginBrowser
LogPluginManager: Mounting plugin SpeedTreeImporter
LogPluginManager: Mounting plugin DatasmithContent
LogPluginManager: Mounting plugin VariantManagerContent
LogPluginManager: Mounting plugin AlembicImporter
LogPluginManager: Mounting plugin AutomationUtils
LogPluginManager: Mounting plugin BackChannel
LogPluginManager: Mounting plugin ChaosCloth
LogPluginManager: Mounting plugin ChaosClothEditor
LogPluginManager: Mounting plugin ChaosEditor
LogPluginManager: Mounting plugin ChaosNiagara
LogPluginManager: Mounting plugin ChaosSolverPlugin
LogPluginManager: Mounting plugin CharacterAI
LogPluginManager: Mounting plugin GeometryCache
LogPluginManager: Mounting plugin GeometryCollectionPlugin
LogPluginManager: Mounting plugin GeometryProcessing
LogPluginManager: Mounting plugin PlanarCut
LogPluginManager: Mounting plugin PlatformCrypto
LogPluginManager: Mounting plugin ProxyLODPlugin
LogPluginManager: Mounting plugin SkeletalReduction
LogPluginManager: Mounting plugin Volumetrics
LogPluginManager: Mounting plugin Niagara
LogPluginManager: Mounting plugin MagicLeap
LogPluginManager: Mounting plugin MagicLeapLightEstimation
LogPluginManager: Mounting plugin MagicLeapMedia
LogPluginManager: Mounting plugin MagicLeapPassableWorld
LogPluginManager: Mounting plugin MLSDK
LogPluginManager: Mounting plugin AndroidMedia
LogPluginManager: Mounting plugin AvfMedia
LogPluginManager: Mounting plugin ImgMedia
LogPluginManager: Mounting plugin MediaCompositing
LogPluginManager: Mounting plugin MediaPlayerEditor
LogPluginManager: Mounting plugin WebMMedia
LogPluginManager: Mounting plugin WmfMedia
LogPluginManager: Mounting plugin MeshPainting
LogPluginManager: Mounting plugin TcpMessaging
LogPluginManager: Mounting plugin UdpMessaging
LogPluginManager: Mounting plugin ActorSequence
LogPluginManager: Mounting plugin LevelSequenceEditor
LogPluginManager: Mounting plugin MatineeToLevelSequence
LogPluginManager: Mounting plugin MovieRenderPipeline
LogPluginManager: Mounting plugin TemplateSequence
LogPluginManager: Mounting plugin NetcodeUnitTest
LogPluginManager: Mounting plugin NUTUnrealEngine4
LogPluginManager: Mounting plugin OnlineSubsystemGooglePlay
LogPluginManager: Mounting plugin OnlineSubsystemIOS
LogPluginManager: Mounting plugin OnlineSubsystem
LogPluginManager: Mounting plugin OnlineSubsystemNull
LogPluginManager: Mounting plugin OnlineSubsystemUtils
LogPluginManager: Mounting plugin LauncherChunkInstaller
LogPluginManager: Mounting plugin AndroidDeviceProfileSelector
LogPluginManager: Mounting plugin AndroidMoviePlayer
LogPluginManager: Mounting plugin AndroidPermission
LogPluginManager: Mounting plugin AppleImageUtils
LogPluginManager: Mounting plugin AppleMoviePlayer
LogPluginManager: Mounting plugin ArchVisCharacter
LogPluginManager: Mounting plugin AssetTags
LogPluginManager: Mounting plugin AudioCapture
LogPluginManager: Mounting plugin CableComponent
LogPluginManager: Mounting plugin CustomMeshComponent
LogPluginManager: Mounting plugin EditableMesh
LogPluginManager: Mounting plugin ExampleDeviceProfileSelector
LogPluginManager: Mounting plugin GoogleCloudMessaging
LogPluginManager: Mounting plugin GooglePAD
LogPluginManager: Mounting plugin IOSDeviceProfileSelector
LogPluginManager: Mounting plugin LinuxDeviceProfileSelector
LogPluginManager: Mounting plugin LocationServicesBPLibrary
LogPluginManager: Mounting plugin MobilePatchingUtils
LogPluginManager: Mounting plugin OculusVR
LogPluginManager: Mounting plugin PhysXVehicles
LogPluginManager: Mounting plugin PostSplashScreen
LogPluginManager: Mounting plugin ProceduralMeshComponent
LogPluginManager: Mounting plugin RuntimePhysXCooking
LogPluginManager: Mounting plugin SignificanceManager
LogPluginManager: Mounting plugin SoundFields
LogPluginManager: Mounting plugin SteamVR
LogPluginManager: Mounting plugin Synthesis
LogPluginManager: Mounting plugin WebMMoviePlayer
LogPluginManager: Mounting plugin WindowsMoviePlayer
LogPluginManager: Mounting plugin ScreenshotTools
LogInit: Using libcurl 7.55.1-DEV
LogInit:  - built for x86_64-pc-win32
LogInit:  - supports SSL with OpenSSL/1.1.1
LogInit:  - supports HTTP deflate (compression) using libz 1.2.8
LogInit:  - other features:
LogInit:      CURL_VERSION_SSL
LogInit:      CURL_VERSION_LIBZ
LogInit:      CURL_VERSION_IPV6
LogInit:      CURL_VERSION_ASYNCHDNS
LogInit:      CURL_VERSION_LARGEFILE
LogInit:      CURL_VERSION_IDN
LogInit:  CurlRequestOptions (configurable via config and command line):
LogInit:  - bVerifyPeer = true  - Libcurl will verify peer certificate
LogInit:  - bUseHttpProxy = false  - Libcurl will NOT use HTTP proxy
LogInit:  - bDontReuseConnections = false  - Libcurl will reuse connections
LogInit:  - MaxHostConnections = 16  - Libcurl will limit the number of connections to a host
LogInit:  - LocalHostAddr = Default
LogInit:  - BufferSize = 65536
LogOnline: OSS: Creating online subsystem instance for: NULL
LogInit: WinSock: version 1.1 (2.2), MaxSocks=32767, MaxUdp=65467
LogOnline: OSS: TryLoadSubsystemAndSetDefault: Loaded subsystem for module [NULL]
LogInit: Build: ++UE4+Release-4.25-CL-14469661
LogInit: Engine Version: 4.25.4-14469661+++UE4+Release-4.25
LogInit: Compatible Engine Version: 4.25.0-13144385+++UE4+Release-4.25
LogInit: Net CL: 13144385
LogInit: OS: Windows 10 (Release 2004) (), CPU: AMD Ryzen 5 2600X Six-Core Processor           , GPU: NVIDIA GeForce GTX 1060 6GB
LogInit: Compiled (64-bit): Oct 11 2020 08:10:49
LogInit: Compiled with Visual C++: 19.24.28315.00
LogInit: Build Configuration: Development
LogInit: Branch Name: ++UE4+Release-4.25
LogInit: Command Line: 
LogInit: Base Directory: C:/Program Files/Epic Games/UE_4.25/Engine/Binaries/Win64/
LogInit: Allocator: TBB
LogInit: Installed Engine Build: 1
LogDevObjectVersion: Number of dev versions registered: 26
LogDevObjectVersion:   Dev-Blueprints (B0D832E4-1F89-4F0D-ACCF-7EB736FD4AA2): 10
LogDevObjectVersion:   Dev-Build (E1C64328-A22C-4D53-A36C-8E866417BD8C): 0
LogDevObjectVersion:   Dev-Core (375EC13C-06E4-48FB-B500-84F0262A717E): 4
LogDevObjectVersion:   Dev-Editor (E4B068ED-F494-42E9-A231-DA0B2E46BB41): 38
LogDevObjectVersion:   Dev-Framework (CFFC743F-43B0-4480-9391-14DF171D2073): 37
LogDevObjectVersion:   Dev-Mobile (B02B49B5-BB20-44E9-A304-32B752E40360): 2
LogDevObjectVersion:   Dev-Networking (A4E4105C-59A1-49B5-A7C5-40C4547EDFEE): 0
LogDevObjectVersion:   Dev-Online (39C831C9-5AE6-47DC-9A44-9C173E1C8E7C): 0
LogDevObjectVersion:   Dev-Physics (78F01B33-EBEA-4F98-B9B4-84EACCB95AA2): 4
LogDevObjectVersion:   Dev-Platform (6631380F-2D4D-43E0-8009-CF276956A95A): 0
LogDevObjectVersion:   Dev-Rendering (12F88B9F-8875-4AFC-A67C-D90C383ABD29): 43
LogDevObjectVersion:   Dev-Sequencer (7B5AE74C-D270-4C10-A958-57980B212A5A): 12
LogDevObjectVersion:   Dev-VR (D7296918-1DD6-4BDD-9DE2-64A83CC13884): 3
LogDevObjectVersion:   Dev-LoadTimes (C2A15278-BFE7-4AFE-6C17-90FF531DF755): 1
LogDevObjectVersion:   Private-Geometry (6EACA3D4-40EC-4CC1-B786-8BED09428FC5): 3
LogDevObjectVersion:   Dev-AnimPhys (29E575DD-E0A3-4627-9D10-D276232CDCEA): 17
LogDevObjectVersion:   Dev-Anim (AF43A65D-7FD3-4947-9873-3E8ED9C1BB05): 7
LogDevObjectVersion:   Dev-ReflectionCapture (6B266CEC-1EC7-4B8F-A30B-E4D90942FC07): 1
LogDevObjectVersion:   Dev-Automation (0DF73D61-A23F-47EA-B727-89E90C41499A): 1
LogDevObjectVersion:   FortniteMain (601D1886-AC64-4F84-AA16-D3DE0DEAC7D6): 31
LogDevObjectVersion:   Dev-Enterprise (9DFFBCD6-494F-0158-E221-12823C92A888): 10
LogDevObjectVersion:   Dev-Niagara (F2AED0AC-9AFE-416F-8664-AA7FFA26D6FC): 1
LogDevObjectVersion:   Dev-Destruction (174F1F0B-B4C6-45A5-B13F-2EE8D0FB917D): 10
LogDevObjectVersion:   Dev-Physics-Ext (35F94A83-E258-406C-A318-09F59610247C): 37
LogDevObjectVersion:   Dev-PhysicsMaterial-Chaos (B68FC16E-8B1B-42E2-B453-215C058844FE): 1
LogDevObjectVersion:   Dev-CineCamera (B2E18506-4273-CFC2-A54E-F4BB758BBA07): 1
LogInit: Presizing for max 25165824 objects, including 0 objects not considered by GC, pre-allocating 0 bytes for permanent pool.
LogConfig: Applying CVar settings from Section [/Script/Engine.StreamingSettings] File [C:/Wire-Hunter/work/choi/WireHunter/Saved/Config/Windows/Engine.ini]
LogConfig: Setting CVar [[s.MinBulkDataSizeForAsyncLoading:131072]]
LogConfig: Setting CVar [[s.AsyncLoadingThreadEnabled:0]]
LogConfig: Setting CVar [[s.EventDrivenLoaderEnabled:1]]
LogConfig: Setting CVar [[s.WarnIfTimeLimitExceeded:0]]
LogConfig: Setting CVar [[s.TimeLimitExceededMultiplier:1.5]]
LogConfig: Setting CVar [[s.TimeLimitExceededMinTime:0.005]]
LogConfig: Setting CVar [[s.UseBackgroundLevelStreaming:1]]
LogConfig: Setting CVar [[s.PriorityAsyncLoadingExtraTime:15.0]]
LogConfig: Setting CVar [[s.LevelStreamingActorsUpdateTimeLimit:5.0]]
LogConfig: Setting CVar [[s.PriorityLevelStreamingActorsUpdateExtraTime:5.0]]
LogConfig: Setting CVar [[s.LevelStreamingComponentsRegistrationGranularity:10]]
LogConfig: Setting CVar [[s.UnregisterComponentsTimeLimit:1.0]]
LogConfig: Setting CVar [[s.LevelStreamingComponentsUnregistrationGranularity:5]]
LogConfig: Setting CVar [[s.FlushStreamingOnExit:1]]
LogInit: Object subsystem initialized
LogConfig: Setting CVar [[con.DebugEarlyDefault:1]]
LogConfig: Setting CVar [[r.setres:1280x720]]
[2021.05.20-17.16.24:594][  0]LogConfig: Setting CVar [[r.VSync:0]]
[2021.05.20-17.16.24:594][  0]LogConfig: Setting CVar [[r.RHICmdBypass:0]]
[2021.05.20-17.16.24:594][  0]LogConfig: Applying CVar settings from Section [/Script/Engine.RendererSettings] File [C:/Wire-Hunter/work/choi/WireHunter/Saved/Config/Windows/Engine.ini]
[2021.05.20-17.16.24:594][  0]LogConfig: Setting CVar [[r.GPUCrashDebugging:0]]
[2021.05.20-17.16.24:594][  0]LogConfig: Applying CVar settings from Section [/Script/Engine.RendererOverrideSettings] File [C:/Wire-Hunter/work/choi/WireHunter/Saved/Config/Windows/Engine.ini]
[2021.05.20-17.16.24:594][  0]LogConfig: Applying CVar settings from Section [/Script/Engine.StreamingSettings] File [C:/Wire-Hunter/work/choi/WireHunter/Saved/Config/Windows/Engine.ini]
[2021.05.20-17.16.24:594][  0]LogConfig: Setting CVar [[s.MinBulkDataSizeForAsyncLoading:131072]]
[2021.05.20-17.16.24:594][  0]LogConfig: Setting CVar [[s.AsyncLoadingThreadEnabled:0]]
[2021.05.20-17.16.24:594][  0]LogConfig: Setting CVar [[s.EventDrivenLoaderEnabled:1]]
[2021.05.20-17.16.24:594][  0]LogConfig: Setting CVar [[s.WarnIfTimeLimitExceeded:0]]
[2021.05.20-17.16.24:594][  0]LogConfig: Setting CVar [[s.TimeLimitExceededMultiplier:1.5]]
[2021.05.20-17.16.24:594][  0]LogConfig: Setting CVar [[s.TimeLimitExceededMinTime:0.005]]
[2021.05.20-17.16.24:594][  0]LogConfig: Setting CVar [[s.UseBackgroundLevelStreaming:1]]
[2021.05.20-17.16.24:594][  0]LogConfig: Setting CVar [[s.PriorityAsyncLoadingExtraTime:15.0]]
[2021.05.20-17.16.24:594][  0]LogConfig: Setting CVar [[s.LevelStreamingActorsUpdateTimeLimit:5.0]]
[2021.05.20-17.16.24:594][  0]LogConfig: Setting CVar [[s.PriorityLevelStreamingActorsUpdateExtraTime:5.0]]
[2021.05.20-17.16.24:595][  0]LogConfig: Setting CVar [[s.LevelStreamingComponentsRegistrationGranularity:10]]
[2021.05.20-17.16.24:595][  0]LogConfig: Setting CVar [[s.UnregisterComponentsTimeLimit:1.0]]
[2021.05.20-17.16.24:595][  0]LogConfig: Setting CVar [[s.LevelStreamingComponentsUnregistrationGranularity:5]]
[2021.05.20-17.16.24:595][  0]LogConfig: Setting CVar [[s.FlushStreamingOnExit:1]]
[2021.05.20-17.16.24:595][  0]LogConfig: Applying CVar settings from Section [/Script/Engine.GarbageCollectionSettings] File [C:/Wire-Hunter/work/choi/WireHunter/Saved/Config/Windows/Engine.ini]
[2021.05.20-17.16.24:595][  0]LogConfig: Setting CVar [[gc.MaxObjectsNotConsideredByGC:1]]
[2021.05.20-17.16.24:595][  0]LogConfig: Setting CVar [[gc.SizeOfPermanentObjectPool:0]]
[2021.05.20-17.16.24:595][  0]LogConfig: Setting CVar [[gc.FlushStreamingOnGC:0]]
[2021.05.20-17.16.24:595][  0]LogConfig: Setting CVar [[gc.NumRetriesBeforeForcingGC:10]]
[2021.05.20-17.16.24:595][  0]LogConfig: Setting CVar [[gc.AllowParallelGC:1]]
[2021.05.20-17.16.24:595][  0]LogConfig: Setting CVar [[gc.TimeBetweenPurgingPendingKillObjects:61.1]]
[2021.05.20-17.16.24:595][  0]LogConfig: Setting CVar [[gc.MaxObjectsInEditor:25165824]]
[2021.05.20-17.16.24:595][  0]LogConfig: Setting CVar [[gc.IncrementalBeginDestroyEnabled:1]]
[2021.05.20-17.16.24:595][  0]LogConfig: Setting CVar [[gc.CreateGCClusters:1]]
[2021.05.20-17.16.24:595][  0]LogConfig: Setting CVar [[gc.MinGCClusterSize:5]]
[2021.05.20-17.16.24:595][  0]LogConfig: Setting CVar [[gc.ActorClusteringEnabled:0]]
[2021.05.20-17.16.24:595][  0]LogConfig: Setting CVar [[gc.BlueprintClusteringEnabled:0]]
[2021.05.20-17.16.24:595][  0]LogConfig: Setting CVar [[gc.UseDisregardForGCOnDedicatedServers:0]]
[2021.05.20-17.16.24:595][  0]LogConfig: Applying CVar settings from Section [/Script/Engine.NetworkSettings] File [C:/Wire-Hunter/work/choi/WireHunter/Saved/Config/Windows/Engine.ini]
[2021.05.20-17.16.24:595][  0]LogConfig: Applying CVar settings from Section [/Script/UnrealEd.CookerSettings] File [C:/Wire-Hunter/work/choi/WireHunter/Saved/Config/Windows/Engine.ini]
[2021.05.20-17.16.24:599][  0]LogConfig: Applying CVar settings from Section [ViewDistanceQuality@3] File [C:/Wire-Hunter/work/choi/WireHunter/Saved/Config/Windows/Scalability.ini]
[2021.05.20-17.16.24:599][  0]LogConfig: Setting CVar [[r.SkeletalMeshLODBias:0]]
[2021.05.20-17.16.24:599][  0]LogConfig: Setting CVar [[r.ViewDistanceScale:1.0]]
[2021.05.20-17.16.24:599][  0]LogConfig: Applying CVar settings from Section [AntiAliasingQuality@3] File [C:/Wire-Hunter/work/choi/WireHunter/Saved/Config/Windows/Scalability.ini]
[2021.05.20-17.16.24:599][  0]LogConfig: Setting CVar [[r.PostProcessAAQuality:4]]
[2021.05.20-17.16.24:599][  0]LogConfig: Applying CVar settings from Section [ShadowQuality@3] File [C:/Wire-Hunter/work/choi/WireHunter/Saved/Config/Windows/Scalability.ini]
[2021.05.20-17.16.24:599][  0]LogConfig: Setting CVar [[r.LightFunctionQuality:1]]
[2021.05.20-17.16.24:599][  0]LogConfig: Setting CVar [[r.ShadowQuality:5]]
[2021.05.20-17.16.24:599][  0]LogConfig: Setting CVar [[r.Shadow.CSM.MaxCascades:10]]
[2021.05.20-17.16.24:599][  0]LogConfig: Setting CVar [[r.Shadow.MaxResolution:2048]]
[2021.05.20-17.16.24:599][  0]LogConfig: Setting CVar [[r.Shadow.MaxCSMResolution:2048]]
[2021.05.20-17.16.24:599][  0]LogConfig: Setting CVar [[r.Shadow.RadiusThreshold:0.01]]
[2021.05.20-17.16.24:599][  0]LogConfig: Setting CVar [[r.Shadow.DistanceScale:1.0]]
[2021.05.20-17.16.24:599][  0]LogConfig: Setting CVar [[r.Shadow.CSM.TransitionScale:1.0]]
[2021.05.20-17.16.24:599][  0]LogConfig: Setting CVar [[r.Shadow.PreShadowResolutionFactor:1.0]]
[2021.05.20-17.16.24:599][  0]LogConfig: Setting CVar [[r.DistanceFieldShadowing:1]]
[2021.05.20-17.16.24:599][  0]LogConfig: Setting CVar [[r.DistanceFieldAO:1]]
[2021.05.20-17.16.24:599][  0]LogConfig: Setting CVar [[r.AOQuality:2]]
[2021.05.20-17.16.24:599][  0]LogConfig: Setting CVar [[r.VolumetricFog:1]]
[2021.05.20-17.16.24:599][  0]LogConfig: Setting CVar [[r.VolumetricFog.GridPixelSize:8]]
[2021.05.20-17.16.24:599][  0]LogConfig: Setting CVar [[r.VolumetricFog.GridSizeZ:128]]
[2021.05.20-17.16.24:599][  0]LogConfig: Setting CVar [[r.VolumetricFog.HistoryMissSupersampleCount:4]]
[2021.05.20-17.16.24:599][  0]LogConfig: Setting CVar [[r.LightMaxDrawDistanceScale:1]]
[2021.05.20-17.16.24:599][  0]LogConfig: Setting CVar [[r.CapsuleShadows:1]]
[2021.05.20-17.16.24:599][  0]LogConfig: Applying CVar settings from Section [PostProcessQuality@3] File [C:/Wire-Hunter/work/choi/WireHunter/Saved/Config/Windows/Scalability.ini]
[2021.05.20-17.16.24:599][  0]LogConfig: Setting CVar [[r.MotionBlurQuality:4]]
[2021.05.20-17.16.24:599][  0]LogConfig: Setting CVar [[r.AmbientOcclusionMipLevelFactor:0.4]]
[2021.05.20-17.16.24:599][  0]LogConfig: Setting CVar [[r.AmbientOcclusionMaxQuality:100]]
[2021.05.20-17.16.24:599][  0]LogConfig: Setting CVar [[r.AmbientOcclusionLevels:-1]]
[2021.05.20-17.16.24:599][  0]LogConfig: Setting CVar [[r.AmbientOcclusionRadiusScale:1.0]]
[2021.05.20-17.16.24:599][  0]LogConfig: Setting CVar [[r.DepthOfFieldQuality:2]]
[2021.05.20-17.16.24:599][  0]LogConfig: Setting CVar [[r.RenderTargetPoolMin:400]]
[2021.05.20-17.16.24:599][  0]LogConfig: Setting CVar [[r.LensFlareQuality:2]]
[2021.05.20-17.16.24:599][  0]LogConfig: Setting CVar [[r.SceneColorFringeQuality:1]]
[2021.05.20-17.16.24:600][  0]LogConfig: Setting CVar [[r.EyeAdaptationQuality:2]]
[2021.05.20-17.16.24:600][  0]LogConfig: Setting CVar [[r.BloomQuality:5]]
[2021.05.20-17.16.24:600][  0]LogConfig: Setting CVar [[r.FastBlurThreshold:100]]
[2021.05.20-17.16.24:600][  0]LogConfig: Setting CVar [[r.Upscale.Quality:3]]
[2021.05.20-17.16.24:600][  0]LogConfig: Setting CVar [[r.Tonemapper.GrainQuantization:1]]
[2021.05.20-17.16.24:600][  0]LogConfig: Setting CVar [[r.LightShaftQuality:1]]
[2021.05.20-17.16.24:600][  0]LogConfig: Setting CVar [[r.Filter.SizeScale:1]]
[2021.05.20-17.16.24:600][  0]LogConfig: Setting CVar [[r.Tonemapper.Quality:5]]
[2021.05.20-17.16.24:600][  0]LogConfig: Setting CVar [[r.DOF.Gather.AccumulatorQuality:1        ; higher gathering accumulator quality]]
[2021.05.20-17.16.24:600][  0]LogConfig: Setting CVar [[r.DOF.Gather.PostfilterMethod:1          ; Median3x3 postfilering method]]
[2021.05.20-17.16.24:600][  0]LogConfig: Setting CVar [[r.DOF.Gather.EnableBokehSettings:0       ; no bokeh simulation when gathering]]
[2021.05.20-17.16.24:600][  0]LogConfig: Setting CVar [[r.DOF.Gather.RingCount:4                 ; medium number of samples when gathering]]
[2021.05.20-17.16.24:600][  0]LogConfig: Setting CVar [[r.DOF.Scatter.ForegroundCompositing:1    ; additive foreground scattering]]
[2021.05.20-17.16.24:600][  0]LogConfig: Setting CVar [[r.DOF.Scatter.BackgroundCompositing:2    ; additive background scattering]]
[2021.05.20-17.16.24:600][  0]LogConfig: Setting CVar [[r.DOF.Scatter.EnableBokehSettings:1      ; bokeh simulation when scattering]]
[2021.05.20-17.16.24:600][  0]LogConfig: Setting CVar [[r.DOF.Scatter.MaxSpriteRatio:0.1         ; only a maximum of 10% of scattered bokeh]]
[2021.05.20-17.16.24:600][  0]LogConfig: Setting CVar [[r.DOF.Recombine.Quality:1                ; cheap slight out of focus]]
[2021.05.20-17.16.24:600][  0]LogConfig: Setting CVar [[r.DOF.Recombine.EnableBokehSettings:0    ; no bokeh simulation on slight out of focus]]
[2021.05.20-17.16.24:600][  0]LogConfig: Setting CVar [[r.DOF.TemporalAAQuality:1                ; more stable temporal accumulation]]
[2021.05.20-17.16.24:600][  0]LogConfig: Setting CVar [[r.DOF.Kernel.MaxForegroundRadius:0.025]]
[2021.05.20-17.16.24:600][  0]LogConfig: Setting CVar [[r.DOF.Kernel.MaxBackgroundRadius:0.025]]
[2021.05.20-17.16.24:600][  0]LogConfig: Applying CVar settings from Section [TextureQuality@3] File [C:/Wire-Hunter/work/choi/WireHunter/Saved/Config/Windows/Scalability.ini]
[2021.05.20-17.16.24:600][  0]LogConfig: Setting CVar [[r.Streaming.MipBias:0]]
[2021.05.20-17.16.24:600][  0]LogConfig: Setting CVar [[r.Streaming.AmortizeCPUToGPUCopy:0]]
[2021.05.20-17.16.24:600][  0]LogConfig: Setting CVar [[r.Streaming.MaxNumTexturesToStreamPerFrame:0]]
[2021.05.20-17.16.24:600][  0]LogConfig: Setting CVar [[r.Streaming.Boost:1]]
[2021.05.20-17.16.24:600][  0]LogConfig: Setting CVar [[r.MaxAnisotropy:8]]
[2021.05.20-17.16.24:600][  0]LogConfig: Setting CVar [[r.VT.MaxAnisotropy:8]]
[2021.05.20-17.16.24:600][  0]LogConfig: Setting CVar [[r.Streaming.LimitPoolSizeToVRAM:0]]
[2021.05.20-17.16.24:600][  0]LogConfig: Setting CVar [[r.Streaming.PoolSize:1000]]
[2021.05.20-17.16.24:600][  0]LogConfig: Setting CVar [[r.Streaming.MaxEffectiveScreenSize:0]]
[2021.05.20-17.16.24:600][  0]LogConfig: Applying CVar settings from Section [EffectsQuality@3] File [C:/Wire-Hunter/work/choi/WireHunter/Saved/Config/Windows/Scalability.ini]
[2021.05.20-17.16.24:600][  0]LogConfig: Setting CVar [[r.TranslucencyLightingVolumeDim:64]]
[2021.05.20-17.16.24:600][  0]LogConfig: Setting CVar [[r.RefractionQuality:2]]
[2021.05.20-17.16.24:600][  0]LogConfig: Setting CVar [[r.SSR.Quality:3]]
[2021.05.20-17.16.24:600][  0]LogConfig: Setting CVar [[r.SSR.HalfResSceneColor:0]]
[2021.05.20-17.16.24:600][  0]LogConfig: Setting CVar [[r.SceneColorFormat:4]]
[2021.05.20-17.16.24:600][  0]LogConfig: Setting CVar [[r.DetailMode:2]]
[2021.05.20-17.16.24:600][  0]LogConfig: Setting CVar [[r.TranslucencyVolumeBlur:1]]
[2021.05.20-17.16.24:600][  0]LogConfig: Setting CVar [[r.MaterialQualityLevel:1 ; High quality]]
[2021.05.20-17.16.24:600][  0]LogConfig: Setting CVar [[r.SSS.Scale:1]]
[2021.05.20-17.16.24:600][  0]LogConfig: Setting CVar [[r.SSS.SampleSet:2]]
[2021.05.20-17.16.24:600][  0]LogConfig: Setting CVar [[r.SSS.Quality:1]]
[2021.05.20-17.16.24:600][  0]LogConfig: Setting CVar [[r.SSS.HalfRes:0]]
[2021.05.20-17.16.24:600][  0]LogConfig: Setting CVar [[r.SSGI.Quality:3]]
[2021.05.20-17.16.24:600][  0]LogConfig: Setting CVar [[r.EmitterSpawnRateScale:1.0]]
[2021.05.20-17.16.24:600][  0]LogConfig: Setting CVar [[r.ParticleLightQuality:2]]
[2021.05.20-17.16.24:600][  0]LogConfig: Setting CVar [[r.SkyAtmosphere.AerialPerspectiveLUT.FastApplyOnOpaque:1 ; Always have FastSkyLUT 1 in this case to avoid wrong sky]]
[2021.05.20-17.16.24:600][  0]LogConfig: Setting CVar [[r.SkyAtmosphere.AerialPerspectiveLUT.SampleCountPerSlice:1]]
[2021.05.20-17.16.24:600][  0]LogConfig: Setting CVar [[r.SkyAtmosphere.AerialPerspectiveLUT.DepthResolution:16.0]]
[2021.05.20-17.16.24:600][  0]LogConfig: Setting CVar [[r.SkyAtmosphere.FastSkyLUT:1]]
[2021.05.20-17.16.24:600][  0]LogConfig: Setting CVar [[r.SkyAtmosphere.FastSkyLUT.SampleCountMin:4.0]]
[2021.05.20-17.16.24:600][  0]LogConfig: Setting CVar [[r.SkyAtmosphere.FastSkyLUT.SampleCountMax:32.0]]
[2021.05.20-17.16.24:600][  0]LogConfig: Setting CVar [[r.SkyAtmosphere.SampleCountMin:4.0]]
[2021.05.20-17.16.24:600][  0]LogConfig: Setting CVar [[r.SkyAtmosphere.SampleCountMax:32.0]]
[2021.05.20-17.16.24:600][  0]LogConfig: Setting CVar [[r.SkyAtmosphere.TransmittanceLUT.UseSmallFormat:0]]
[2021.05.20-17.16.24:600][  0]LogConfig: Setting CVar [[r.SkyAtmosphere.TransmittanceLUT.SampleCount:10.0]]
[2021.05.20-17.16.24:600][  0]LogConfig: Setting CVar [[r.SkyAtmosphere.MultiScatteringLUT.SampleCount:15.0]]
[2021.05.20-17.16.24:600][  0]LogConfig: Applying CVar settings from Section [FoliageQuality@3] File [C:/Wire-Hunter/work/choi/WireHunter/Saved/Config/Windows/Scalability.ini]
[2021.05.20-17.16.24:600][  0]LogConfig: Setting CVar [[foliage.DensityScale:1.0]]
[2021.05.20-17.16.24:600][  0]LogConfig: Setting CVar [[grass.DensityScale:1.0]]
[2021.05.20-17.16.24:600][  0]LogConfig: Applying CVar settings from Section [ShadingQuality@3] File [C:/Wire-Hunter/work/choi/WireHunter/Saved/Config/Windows/Scalability.ini]
[2021.05.20-17.16.24:600][  0]LogConfig: Setting CVar [[r.HairStrands.SkyLighting.SampleCount:16]]
[2021.05.20-17.16.24:600][  0]LogConfig: Setting CVar [[r.HairStrands.SkyLighting.JitterIntegration:0]]
[2021.05.20-17.16.24:600][  0]LogConfig: Setting CVar [[r.HairStrands.SkyAO.SampleCount:16]]
[2021.05.20-17.16.24:600][  0]LogConfig: Setting CVar [[r.HairStrands.DeepShadow.SuperSampling:0]]
[2021.05.20-17.16.24:600][  0]LogConfig: Setting CVar [[r.HairStrands.VisibilityPPLL:0]]
[2021.05.20-17.16.24:600][  0]LogConfig: Setting CVar [[r.HairStrands.RasterizationScale:0.5]]
[2021.05.20-17.16.24:600][  0]LogConfig: Setting CVar [[r.HairStrands.VelocityRasterizationScale:1]]
[2021.05.20-17.16.24:600][  0]LogInit: Selected Device Profile: [Windows]
[2021.05.20-17.16.24:600][  0]LogInit: Applying CVar settings loaded from the selected device profile: [Windows]
[2021.05.20-17.16.24:600][  0]LogHAL: Display: Platform has ~ 16 GB [17102884864 / 17179869184 / 16], which maps to Larger [LargestMinGB=32, LargerMinGB=12, DefaultMinGB=8, SmallerMinGB=6, SmallestMinGB=0)
[2021.05.20-17.16.24:600][  0]LogInit: Going up to parent DeviceProfile []
[2021.05.20-17.16.24:601][  0]LogConfig: Applying CVar settings from Section [ViewDistanceQuality@3] File [C:/Wire-Hunter/work/choi/WireHunter/Saved/Config/Windows/Scalability.ini]
[2021.05.20-17.16.24:601][  0]LogConfig: Setting CVar [[r.SkeletalMeshLODBias:0]]
[2021.05.20-17.16.24:601][  0]LogConfig: Setting CVar [[r.ViewDistanceScale:1.0]]
[2021.05.20-17.16.24:601][  0]LogConfig: Applying CVar settings from Section [AntiAliasingQuality@3] File [C:/Wire-Hunter/work/choi/WireHunter/Saved/Config/Windows/Scalability.ini]
[2021.05.20-17.16.24:601][  0]LogConfig: Setting CVar [[r.PostProcessAAQuality:4]]
[2021.05.20-17.16.24:601][  0]LogConfig: Applying CVar settings from Section [ShadowQuality@3] File [C:/Wire-Hunter/work/choi/WireHunter/Saved/Config/Windows/Scalability.ini]
[2021.05.20-17.16.24:601][  0]LogConfig: Setting CVar [[r.LightFunctionQuality:1]]
[2021.05.20-17.16.24:601][  0]LogConfig: Setting CVar [[r.ShadowQuality:5]]
[2021.05.20-17.16.24:601][  0]LogConfig: Setting CVar [[r.Shadow.CSM.MaxCascades:10]]
[2021.05.20-17.16.24:601][  0]LogConfig: Setting CVar [[r.Shadow.MaxResolution:2048]]
[2021.05.20-17.16.24:601][  0]LogConfig: Setting CVar [[r.Shadow.MaxCSMResolution:2048]]
[2021.05.20-17.16.24:601][  0]LogConfig: Setting CVar [[r.Shadow.RadiusThreshold:0.01]]
[2021.05.20-17.16.24:601][  0]LogConfig: Setting CVar [[r.Shadow.DistanceScale:1.0]]
[2021.05.20-17.16.24:601][  0]LogConfig: Setting CVar [[r.Shadow.CSM.TransitionScale:1.0]]
[2021.05.20-17.16.24:601][  0]LogConfig: Setting CVar [[r.Shadow.PreShadowResolutionFactor:1.0]]
[2021.05.20-17.16.24:601][  0]LogConfig: Setting CVar [[r.DistanceFieldShadowing:1]]
[2021.05.20-17.16.24:601][  0]LogConfig: Setting CVar [[r.DistanceFieldAO:1]]
[2021.05.20-17.16.24:601][  0]LogConfig: Setting CVar [[r.AOQuality:2]]
[2021.05.20-17.16.24:601][  0]LogConfig: Setting CVar [[r.VolumetricFog:1]]
[2021.05.20-17.16.24:601][  0]LogConfig: Setting CVar [[r.VolumetricFog.GridPixelSize:8]]
[2021.05.20-17.16.24:601][  0]LogConfig: Setting CVar [[r.VolumetricFog.GridSizeZ:128]]
[2021.05.20-17.16.24:601][  0]LogConfig: Setting CVar [[r.VolumetricFog.HistoryMissSupersampleCount:4]]
[2021.05.20-17.16.24:601][  0]LogConfig: Setting CVar [[r.LightMaxDrawDistanceScale:1]]
[2021.05.20-17.16.24:601][  0]LogConfig: Setting CVar [[r.CapsuleShadows:1]]
[2021.05.20-17.16.24:601][  0]LogConfig: Applying CVar settings from Section [PostProcessQuality@3] File [C:/Wire-Hunter/work/choi/WireHunter/Saved/Config/Windows/Scalability.ini]
[2021.05.20-17.16.24:601][  0]LogConfig: Setting CVar [[r.MotionBlurQuality:4]]
[2021.05.20-17.16.24:601][  0]LogConfig: Setting CVar [[r.AmbientOcclusionMipLevelFactor:0.4]]
[2021.05.20-17.16.24:601][  0]LogConfig: Setting CVar [[r.AmbientOcclusionMaxQuality:100]]
[2021.05.20-17.16.24:601][  0]LogConfig: Setting CVar [[r.AmbientOcclusionLevels:-1]]
[2021.05.20-17.16.24:601][  0]LogConfig: Setting CVar [[r.AmbientOcclusionRadiusScale:1.0]]
[2021.05.20-17.16.24:601][  0]LogConfig: Setting CVar [[r.DepthOfFieldQuality:2]]
[2021.05.20-17.16.24:601][  0]LogConfig: Setting CVar [[r.RenderTargetPoolMin:400]]
[2021.05.20-17.16.24:601][  0]LogConfig: Setting CVar [[r.LensFlareQuality:2]]
[2021.05.20-17.16.24:601][  0]LogConfig: Setting CVar [[r.SceneColorFringeQuality:1]]
[2021.05.20-17.16.24:601][  0]LogConfig: Setting CVar [[r.EyeAdaptationQuality:2]]
[2021.05.20-17.16.24:601][  0]LogConfig: Setting CVar [[r.BloomQuality:5]]
[2021.05.20-17.16.24:601][  0]LogConfig: Setting CVar [[r.FastBlurThreshold:100]]
[2021.05.20-17.16.24:601][  0]LogConfig: Setting CVar [[r.Upscale.Quality:3]]
[2021.05.20-17.16.24:601][  0]LogConfig: Setting CVar [[r.Tonemapper.GrainQuantization:1]]
[2021.05.20-17.16.24:601][  0]LogConfig: Setting CVar [[r.LightShaftQuality:1]]
[2021.05.20-17.16.24:601][  0]LogConfig: Setting CVar [[r.Filter.SizeScale:1]]
[2021.05.20-17.16.24:601][  0]LogConfig: Setting CVar [[r.Tonemapper.Quality:5]]
[2021.05.20-17.16.24:601][  0]LogConfig: Setting CVar [[r.DOF.Gather.AccumulatorQuality:1        ; higher gathering accumulator quality]]
[2021.05.20-17.16.24:601][  0]LogConfig: Setting CVar [[r.DOF.Gather.PostfilterMethod:1          ; Median3x3 postfilering method]]
[2021.05.20-17.16.24:601][  0]LogConfig: Setting CVar [[r.DOF.Gather.EnableBokehSettings:0       ; no bokeh simulation when gathering]]
[2021.05.20-17.16.24:601][  0]LogConfig: Setting CVar [[r.DOF.Gather.RingCount:4                 ; medium number of samples when gathering]]
[2021.05.20-17.16.24:601][  0]LogConfig: Setting CVar [[r.DOF.Scatter.ForegroundCompositing:1    ; additive foreground scattering]]
[2021.05.20-17.16.24:601][  0]LogConfig: Setting CVar [[r.DOF.Scatter.BackgroundCompositing:2    ; additive background scattering]]
[2021.05.20-17.16.24:601][  0]LogConfig: Setting CVar [[r.DOF.Scatter.EnableBokehSettings:1      ; bokeh simulation when scattering]]
[2021.05.20-17.16.24:601][  0]LogConfig: Setting CVar [[r.DOF.Scatter.MaxSpriteRatio:0.1         ; only a maximum of 10% of scattered bokeh]]
[2021.05.20-17.16.24:601][  0]LogConfig: Setting CVar [[r.DOF.Recombine.Quality:1                ; cheap slight out of focus]]
[2021.05.20-17.16.24:601][  0]LogConfig: Setting CVar [[r.DOF.Recombine.EnableBokehSettings:0    ; no bokeh simulation on slight out of focus]]
[2021.05.20-17.16.24:601][  0]LogConfig: Setting CVar [[r.DOF.TemporalAAQuality:1                ; more stable temporal accumulation]]
[2021.05.20-17.16.24:601][  0]LogConfig: Setting CVar [[r.DOF.Kernel.MaxForegroundRadius:0.025]]
[2021.05.20-17.16.24:601][  0]LogConfig: Setting CVar [[r.DOF.Kernel.MaxBackgroundRadius:0.025]]
[2021.05.20-17.16.24:601][  0]LogConfig: Applying CVar settings from Section [TextureQuality@3] File [C:/Wire-Hunter/work/choi/WireHunter/Saved/Config/Windows/Scalability.ini]
[2021.05.20-17.16.24:601][  0]LogConfig: Setting CVar [[r.Streaming.MipBias:0]]
[2021.05.20-17.16.24:601][  0]LogConfig: Setting CVar [[r.Streaming.AmortizeCPUToGPUCopy:0]]
[2021.05.20-17.16.24:601][  0]LogConfig: Setting CVar [[r.Streaming.MaxNumTexturesToStreamPerFrame:0]]
[2021.05.20-17.16.24:601][  0]LogConfig: Setting CVar [[r.Streaming.Boost:1]]
[2021.05.20-17.16.24:601][  0]LogConfig: Setting CVar [[r.MaxAnisotropy:8]]
[2021.05.20-17.16.24:601][  0]LogConfig: Setting CVar [[r.VT.MaxAnisotropy:8]]
[2021.05.20-17.16.24:601][  0]LogConfig: Setting CVar [[r.Streaming.LimitPoolSizeToVRAM:0]]
[2021.05.20-17.16.24:601][  0]LogConfig: Setting CVar [[r.Streaming.PoolSize:1000]]
[2021.05.20-17.16.24:601][  0]LogConfig: Setting CVar [[r.Streaming.MaxEffectiveScreenSize:0]]
[2021.05.20-17.16.24:601][  0]LogConfig: Applying CVar settings from Section [EffectsQuality@3] File [C:/Wire-Hunter/work/choi/WireHunter/Saved/Config/Windows/Scalability.ini]
[2021.05.20-17.16.24:601][  0]LogConfig: Setting CVar [[r.TranslucencyLightingVolumeDim:64]]
[2021.05.20-17.16.24:601][  0]LogConfig: Setting CVar [[r.RefractionQuality:2]]
[2021.05.20-17.16.24:601][  0]LogConfig: Setting CVar [[r.SSR.Quality:3]]
[2021.05.20-17.16.24:601][  0]LogConfig: Setting CVar [[r.SSR.HalfResSceneColor:0]]
[2021.05.20-17.16.24:601][  0]LogConfig: Setting CVar [[r.SceneColorFormat:4]]
[2021.05.20-17.16.24:601][  0]LogConfig: Setting CVar [[r.DetailMode:2]]
[2021.05.20-17.16.24:601][  0]LogConfig: Setting CVar [[r.TranslucencyVolumeBlur:1]]
[2021.05.20-17.16.24:601][  0]LogConfig: Setting CVar [[r.MaterialQualityLevel:1 ; High quality]]
[2021.05.20-17.16.24:601][  0]LogConfig: Setting CVar [[r.SSS.Scale:1]]
[2021.05.20-17.16.24:601][  0]LogConfig: Setting CVar [[r.SSS.SampleSet:2]]
[2021.05.20-17.16.24:601][  0]LogConfig: Setting CVar [[r.SSS.Quality:1]]
[2021.05.20-17.16.24:601][  0]LogConfig: Setting CVar [[r.SSS.HalfRes:0]]
[2021.05.20-17.16.24:601][  0]LogConfig: Setting CVar [[r.SSGI.Quality:3]]
[2021.05.20-17.16.24:601][  0]LogConfig: Setting CVar [[r.EmitterSpawnRateScale:1.0]]
[2021.05.20-17.16.24:602][  0]LogConfig: Setting CVar [[r.ParticleLightQuality:2]]
[2021.05.20-17.16.24:602][  0]LogConfig: Setting CVar [[r.SkyAtmosphere.AerialPerspectiveLUT.FastApplyOnOpaque:1 ; Always have FastSkyLUT 1 in this case to avoid wrong sky]]
[2021.05.20-17.16.24:602][  0]LogConfig: Setting CVar [[r.SkyAtmosphere.AerialPerspectiveLUT.SampleCountPerSlice:1]]
[2021.05.20-17.16.24:602][  0]LogConfig: Setting CVar [[r.SkyAtmosphere.AerialPerspectiveLUT.DepthResolution:16.0]]
[2021.05.20-17.16.24:602][  0]LogConfig: Setting CVar [[r.SkyAtmosphere.FastSkyLUT:1]]
[2021.05.20-17.16.24:602][  0]LogConfig: Setting CVar [[r.SkyAtmosphere.FastSkyLUT.SampleCountMin:4.0]]
[2021.05.20-17.16.24:602][  0]LogConfig: Setting CVar [[r.SkyAtmosphere.FastSkyLUT.SampleCountMax:32.0]]
[2021.05.20-17.16.24:602][  0]LogConfig: Setting CVar [[r.SkyAtmosphere.SampleCountMin:4.0]]
[2021.05.20-17.16.24:602][  0]LogConfig: Setting CVar [[r.SkyAtmosphere.SampleCountMax:32.0]]
[2021.05.20-17.16.24:602][  0]LogConfig: Setting CVar [[r.SkyAtmosphere.TransmittanceLUT.UseSmallFormat:0]]
[2021.05.20-17.16.24:602][  0]LogConfig: Setting CVar [[r.SkyAtmosphere.TransmittanceLUT.SampleCount:10.0]]
[2021.05.20-17.16.24:602][  0]LogConfig: Setting CVar [[r.SkyAtmosphere.MultiScatteringLUT.SampleCount:15.0]]
[2021.05.20-17.16.24:602][  0]LogConfig: Applying CVar settings from Section [FoliageQuality@3] File [C:/Wire-Hunter/work/choi/WireHunter/Saved/Config/Windows/Scalability.ini]
[2021.05.20-17.16.24:602][  0]LogConfig: Setting CVar [[foliage.DensityScale:1.0]]
[2021.05.20-17.16.24:602][  0]LogConfig: Setting CVar [[grass.DensityScale:1.0]]
[2021.05.20-17.16.24:602][  0]LogConfig: Applying CVar settings from Section [ShadingQuality@3] File [C:/Wire-Hunter/work/choi/WireHunter/Saved/Config/Windows/Scalability.ini]
[2021.05.20-17.16.24:602][  0]LogConfig: Setting CVar [[r.HairStrands.SkyLighting.SampleCount:16]]
[2021.05.20-17.16.24:602][  0]LogConfig: Setting CVar [[r.HairStrands.SkyLighting.JitterIntegration:0]]
[2021.05.20-17.16.24:602][  0]LogConfig: Setting CVar [[r.HairStrands.SkyAO.SampleCount:16]]
[2021.05.20-17.16.24:602][  0]LogConfig: Setting CVar [[r.HairStrands.DeepShadow.SuperSampling:0]]
[2021.05.20-17.16.24:602][  0]LogConfig: Setting CVar [[r.HairStrands.VisibilityPPLL:0]]
[2021.05.20-17.16.24:602][  0]LogConfig: Setting CVar [[r.HairStrands.RasterizationScale:0.5]]
[2021.05.20-17.16.24:602][  0]LogConfig: Setting CVar [[r.HairStrands.VelocityRasterizationScale:1]]
[2021.05.20-17.16.24:602][  0]LogConfig: Applying CVar settings from Section [Startup] File [../../../Engine/Config/ConsoleVariables.ini]
[2021.05.20-17.16.24:603][  0]LogConfig: Setting CVar [[net.UseAdaptiveNetUpdateFrequency:0]]
[2021.05.20-17.16.24:603][  0]LogConfig: Setting CVar [[p.chaos.AllowCreatePhysxBodies:1]]
[2021.05.20-17.16.24:603][  0]LogConfig: Setting CVar [[fx.SkipVectorVMBackendOptimizations:1]]
[2021.05.20-17.16.24:603][  0]LogConfig: Applying CVar settings from Section [ConsoleVariables] File [C:/Wire-Hunter/work/choi/WireHunter/Saved/Config/Windows/Engine.ini]
[2021.05.20-17.16.24:603][  0]LogInit: Computer: DESKTOP-FHRPJDT
[2021.05.20-17.16.24:603][  0]LogInit: User: ChoiTaeho
[2021.05.20-17.16.24:603][  0]LogInit: CPU Page size=4096, Cores=6
[2021.05.20-17.16.24:603][  0]LogInit: High frequency timer resolution =10.000000 MHz
[2021.05.20-17.16.24:603][  0]LogMemory: Memory total: Physical=15.9GB (16GB approx)
[2021.05.20-17.16.24:603][  0]LogMemory: Platform Memory Stats for Windows
[2021.05.20-17.16.24:603][  0]LogMemory: Process Physical Memory: 118.60 MB used, 118.60 MB peak
[2021.05.20-17.16.24:603][  0]LogMemory: Process Virtual Memory: 107.44 MB used, 107.44 MB peak
[2021.05.20-17.16.24:603][  0]LogMemory: Physical Memory: 8507.46 MB used,  7803.12 MB free, 16310.58 MB total
[2021.05.20-17.16.24:603][  0]LogMemory: Virtual Memory: 5177.04 MB used,  134212552.00 MB free, 134217728.00 MB total
[2021.05.20-17.16.24:616][  0]LogWindows: WindowsPlatformFeatures enabled
[2021.05.20-17.16.24:776][  0]LogInit: Physics initialised using underlying interface: PhysX
[2021.05.20-17.16.24:778][  0]LogInit: Using OS detected language (ko-KR).
[2021.05.20-17.16.24:778][  0]LogInit: Using OS detected locale (ko-KR).
[2021.05.20-17.16.24:785][  0]LogTextLocalizationManager: No specific localization for 'ko-KR' exists, so the 'ko' localization will be used.
[2021.05.20-17.16.24:894][  0]LogInit: Setting process to per monitor DPI aware
[2021.05.20-17.16.24:958][  0]LogSlate: New Slate User Created.  User Index 0, Is Virtual User: 0
[2021.05.20-17.16.24:958][  0]LogSlate: Slate User Registered.  User Index 0, Is Virtual User: 0
[2021.05.20-17.16.25:259][  0]LogHMD: Failed to initialize OpenVR with code 110
[2021.05.20-17.16.25:259][  0]LogD3D11RHI: D3D11 min allowed feature level: 11_0
[2021.05.20-17.16.25:259][  0]LogD3D11RHI: D3D11 max allowed feature level: 11_0
[2021.05.20-17.16.25:259][  0]LogD3D11RHI: D3D11 adapters:
[2021.05.20-17.16.25:361][  0]LogD3D11RHI:    0. 'NVIDIA GeForce GTX 1060 6GB' (Feature Level 11_0)
[2021.05.20-17.16.25:361][  0]LogD3D11RHI:       6052/0/8155 MB DedicatedVideo/DedicatedSystem/SharedSystem, Outputs:1, VendorId:0x10de
[2021.05.20-17.16.25:364][  0]LogD3D11RHI:    1. 'Microsoft Basic Render Driver' (Feature Level 11_0)
[2021.05.20-17.16.25:364][  0]LogD3D11RHI:       0/0/8155 MB DedicatedVideo/DedicatedSystem/SharedSystem, Outputs:0, VendorId:0x1414
[2021.05.20-17.16.25:364][  0]LogD3D11RHI: Chosen D3D11 Adapter: 0
[2021.05.20-17.16.25:374][  0]LogD3D11RHI: Creating new Direct3DDevice
[2021.05.20-17.16.25:374][  0]LogD3D11RHI:     GPU DeviceId: 0x1c03 (for the marketing name, search the web for "GPU Device Id")
[2021.05.20-17.16.25:374][  0]LogWindows: EnumDisplayDevices:
[2021.05.20-17.16.25:374][  0]LogWindows:    0. 'NVIDIA GeForce GTX 1060 6GB' (P:1 D:1)
[2021.05.20-17.16.25:375][  0]LogWindows:    1. 'NVIDIA GeForce GTX 1060 6GB' (P:0 D:0)
[2021.05.20-17.16.25:376][  0]LogWindows:    2. 'NVIDIA GeForce GTX 1060 6GB' (P:0 D:0)
[2021.05.20-17.16.25:377][  0]LogWindows:    3. 'NVIDIA GeForce GTX 1060 6GB' (P:0 D:0)
[2021.05.20-17.16.25:378][  0]LogWindows: DebugString: FoundDriverCount:4 
[2021.05.20-17.16.25:378][  0]LogD3D11RHI:     Adapter Name: NVIDIA GeForce GTX 1060 6GB
[2021.05.20-17.16.25:378][  0]LogD3D11RHI:   Driver Version: 456.71 (internal:27.21.14.5671, unified:456.71)
[2021.05.20-17.16.25:378][  0]LogD3D11RHI:      Driver Date: 9-30-2020
[2021.05.20-17.16.25:378][  0]LogRHI: Texture pool is 4236 MB (70% of 6052 MB)
[2021.05.20-17.16.25:443][  0]LogD3D11RHI: RHI has support for 64 bit atomics
[2021.05.20-17.16.25:443][  0]LogD3D11RHI: Async texture creation enabled
[2021.05.20-17.16.25:443][  0]LogD3D11RHI: Array index from any shader is supported
[2021.05.20-17.16.25:463][  0]LogD3D11RHI: GPU Timing Frequency: 1000.000000 (Debug: 2 1)
[2021.05.20-17.16.25:959][  0]LogTargetPlatformManager: Display: Loaded TargetPlatform 'AllDesktop'
[2021.05.20-17.16.25:989][  0]LogTargetPlatformManager: Display: Loaded TargetPlatform 'Android'
[2021.05.20-17.16.25:989][  0]LogTargetPlatformManager: Display: Loaded TargetPlatform 'Android_ASTC'
[2021.05.20-17.16.25:989][  0]LogTargetPlatformManager: Display: Loaded TargetPlatform 'Android_DXT'
[2021.05.20-17.16.25:989][  0]LogTargetPlatformManager: Display: Loaded TargetPlatform 'Android_ETC2'
[2021.05.20-17.16.25:989][  0]LogTargetPlatformManager: Display: Loaded TargetPlatform 'AndroidClient'
[2021.05.20-17.16.25:989][  0]LogTargetPlatformManager: Display: Loaded TargetPlatform 'Android_ASTCClient'
[2021.05.20-17.16.25:989][  0]LogTargetPlatformManager: Display: Loaded TargetPlatform 'Android_DXTClient'
[2021.05.20-17.16.25:989][  0]LogTargetPlatformManager: Display: Loaded TargetPlatform 'Android_ETC2Client'
[2021.05.20-17.16.25:989][  0]LogTargetPlatformManager: Display: Loaded TargetPlatform 'Android_Multi'
[2021.05.20-17.16.25:989][  0]LogTargetPlatformManager: Display: Loaded TargetPlatform 'Android_MultiClient'
[2021.05.20-17.16.26:031][  0]LogTargetPlatformManager: Display: Loaded TargetPlatform 'IOSClient'
[2021.05.20-17.16.26:031][  0]LogTargetPlatformManager: Display: Loaded TargetPlatform 'IOS'
[2021.05.20-17.16.26:050][  0]LogTargetPlatformManager: Display: Loaded TargetPlatform 'Linux'
[2021.05.20-17.16.26:066][  0]LogTargetPlatformManager: Display: Loaded TargetPlatform 'LinuxNoEditor'
[2021.05.20-17.16.26:082][  0]LogTargetPlatformManager: Display: Loaded TargetPlatform 'LinuxClient'
[2021.05.20-17.16.26:098][  0]LogTargetPlatformManager: Display: Loaded TargetPlatform 'LinuxServer'
[2021.05.20-17.16.26:114][  0]LogTargetPlatformManager: Display: Loaded TargetPlatform 'LinuxAArch64NoEditor'
[2021.05.20-17.16.26:129][  0]LogTargetPlatformManager: Display: Loaded TargetPlatform 'LinuxAArch64Client'
[2021.05.20-17.16.26:146][  0]LogTargetPlatformManager: Display: Loaded TargetPlatform 'LinuxAArch64Server'
[2021.05.20-17.16.26:194][  0]LogTargetPlatformManager: Display: Loaded TargetPlatform 'Lumin'
[2021.05.20-17.16.26:194][  0]LogTargetPlatformManager: Display: Loaded TargetPlatform 'LuminClient'
[2021.05.20-17.16.26:224][  0]LogTargetPlatformManager: Display: Loaded TargetPlatform 'TVOSClient'
[2021.05.20-17.16.26:224][  0]LogTargetPlatformManager: Display: Loaded TargetPlatform 'TVOS'
[2021.05.20-17.16.26:241][  0]LogTargetPlatformManager: Display: Loaded TargetPlatform 'WindowsNoEditor'
[2021.05.20-17.16.26:259][  0]LogTargetPlatformManager: Display: Loaded TargetPlatform 'Windows'
[2021.05.20-17.16.26:275][  0]LogTargetPlatformManager: Display: Loaded TargetPlatform 'WindowsClient'
[2021.05.20-17.16.26:292][  0]LogTargetPlatformManager: Display: Loaded TargetPlatform 'WindowsServer'
[2021.05.20-17.16.26:292][  0]LogTargetPlatformManager: Display: Building Assets For Windows
[2021.05.20-17.16.26:308][  0]LogAudioDebug: Display: Lib vorbis DLL was dynamically loaded.
[2021.05.20-17.16.26:451][  0]LogShaderCompilers: Guid format shader working directory is -7 characters bigger than the processId version (../../../../../../Wire-Hunter/work/choi/WireHunter/Intermediate/Shaders/WorkingDirectory/19776/).
[2021.05.20-17.16.26:452][  0]LogShaderCompilers: Cleaned the shader compiler working directory 'C:/Users/최태호/AppData/Local/Temp/UnrealShaderWorkingDir/56BC5A7B4EF9033C9482FE887FC8DF96/'.
[2021.05.20-17.16.26:452][  0]LogXGEController: Cleaning working directory: C:/Users/최태호/AppData/Local/Temp/UnrealXGEWorkingDir/
[2021.05.20-17.16.26:453][  0]LogXGEController: Cannot use XGE Controller as Incredibuild is not installed on this machine.
[2021.05.20-17.16.26:453][  0]LogShaderCompilers: Cannot use XGE Shader Compiler as Incredibuild is not installed on this machine.
[2021.05.20-17.16.26:453][  0]LogShaderCompilers: Display: Using Local Shader Compiler.
[2021.05.20-17.16.27:281][  0]LogDerivedDataCache: Display: Max Cache Size: 512 MB
[2021.05.20-17.16.27:334][  0]LogDerivedDataCache: Loaded boot cache 0.05s 75MB C:/Users/최태호/AppData/Local/UnrealEngine/4.25/DerivedDataCache/Boot.ddc.
[2021.05.20-17.16.27:335][  0]LogDerivedDataCache: Display: Loaded Boot cache: C:/Users/최태호/AppData/Local/UnrealEngine/4.25/DerivedDataCache/Boot.ddc
[2021.05.20-17.16.27:335][  0]LogDerivedDataCache: FDerivedDataBackendGraph:  Pak pak cache file ../../../../../../Wire-Hunter/work/choi/WireHunter/DerivedDataCache/DDC.ddp not found, will not use a pak cache.
[2021.05.20-17.16.27:335][  0]LogDerivedDataCache: Unable to find inner node Pak for hierarchical cache Hierarchy.
[2021.05.20-17.16.27:335][  0]LogDerivedDataCache: FDerivedDataBackendGraph:  CompressedPak pak cache file ../../../../../../Wire-Hunter/work/choi/WireHunter/DerivedDataCache/Compressed.ddp not found, will not use a pak cache.
[2021.05.20-17.16.27:335][  0]LogDerivedDataCache: Unable to find inner node CompressedPak for hierarchical cache Hierarchy.
[2021.05.20-17.16.27:345][  0]LogDerivedDataCache: Display: Pak cache opened for reading ../../../Engine/DerivedDataCache/Compressed.ddp.
[2021.05.20-17.16.27:346][  0]LogDerivedDataCache: FDerivedDataBackendGraph:  EnterprisePak pak cache file ../../../Enterprise/DerivedDataCache/Compressed.ddp not found, will not use a pak cache.
[2021.05.20-17.16.27:346][  0]LogDerivedDataCache: Unable to find inner node EnterprisePak for hierarchical cache Hierarchy.
[2021.05.20-17.16.27:347][  0]LogDerivedDataCache: Using Local data cache path C:/Users/최태호/AppData/Local/UnrealEngine/Common/DerivedDataCache: Writable
[2021.05.20-17.16.27:348][  0]LogDerivedDataCache: Shared data cache path not found in *engine.ini, will not use an Shared cache.
[2021.05.20-17.16.27:348][  0]LogDerivedDataCache: Unable to find inner node Shared for hierarchical cache Hierarchy.
[2021.05.20-17.16.27:397][  0]LogSlate: Using FreeType 2.10.0
[2021.05.20-17.16.27:398][  0]LogSlate: SlateFontServices - WITH_FREETYPE: 1, WITH_HARFBUZZ: 1
[2021.05.20-17.16.27:427][  0]LogAssetRegistry: FAssetRegistry took 0.0033 seconds to start up
[2021.05.20-17.16.27:678][  0]LogInit: Selected Device Profile: [Windows]
[2021.05.20-17.16.27:829][  0]LogMeshReduction: Using QuadricMeshReduction for automatic static mesh reduction
[2021.05.20-17.16.27:829][  0]LogMeshReduction: Using SimplygonMeshReduction for automatic skeletal mesh reduction
[2021.05.20-17.16.27:829][  0]LogMeshReduction: Using ProxyLODMeshReduction for automatic mesh merging
[2021.05.20-17.16.27:829][  0]LogMeshReduction: No distributed automatic mesh merging module available
[2021.05.20-17.16.27:829][  0]LogMeshMerging: No distributed automatic mesh merging module available
[2021.05.20-17.16.27:854][  0]LogNetVersion: WireHunter 1.0.0, NetCL: 13144385, EngineNetVer: 14, GameNetVer: 0 (Checksum: 1660872711)
[2021.05.20-17.16.28:324][  0]LogAISub: UAISubsystem::UAISubsystem AISubsystem (000001E1675C1540), frame # 0
[2021.05.20-17.16.28:324][  0]LogAISub: UAISubsystem::UAISubsystem AIPerceptionSystem (000001E167544540), frame # 0
[2021.05.20-17.16.28:325][  0]LogAISub: UAISubsystem::UAISubsystem EnvQueryManager (000001E167565E00), frame # 0
[2021.05.20-17.16.28:401][  0]LogPackageLocalizationCache: Processed 20 localized package path(s) for 1 prioritized culture(s) in 0.069509 seconds
[2021.05.20-17.16.28:406][  0]LogUObjectArray: 15917 objects as part of root set at end of initial load.
[2021.05.20-17.16.28:406][  0]LogUObjectAllocator: 3965568 out of 0 bytes used by permanent object pool.
[2021.05.20-17.16.28:406][  0]LogUObjectArray: CloseDisregardForGC: 0/0 objects in disregard for GC pool
[2021.05.20-17.16.29:051][  0]LogTcpMessaging: Initializing TcpMessaging bridge
[2021.05.20-17.16.29:059][  0]LogUdpMessaging: Initializing bridge on interface 0.0.0.0:0 to multicast group 230.0.0.1:6666.
[2021.05.20-17.16.29:216][  0]SourceControl: 소스 컨트롤이 꺼졌습니다.
[2021.05.20-17.16.29:216][  0]SourceControl: 소스 컨트롤이 꺼졌습니다.
[2021.05.20-17.16.29:223][  0]SourceControl: 소스 컨트롤이 꺼졌습니다.
[2021.05.20-17.16.29:229][  0]SourceControl: 소스 컨트롤이 꺼졌습니다.
[2021.05.20-17.16.29:246][  0]SourceControl: 소스 컨트롤이 꺼졌습니다.
[2021.05.20-17.16.29:763][  0]LogAndroidPermission: UAndroidPermissionCallbackProxy::GetInstance
[2021.05.20-17.16.29:809][  0]LogAudioCaptureCore: Display: No Audio Capture implementations found. Audio input will be silent.
[2021.05.20-17.16.29:809][  0]LogAudioCaptureCore: Display: No Audio Capture implementations found. Audio input will be silent.
[2021.05.20-17.16.29:898][  0]LogOcInput: OculusInput pre-init called
[2021.05.20-17.16.29:922][  0]LogWindows: Failed to load 'OVRPlugin.dll' (GetLastError=126)
[2021.05.20-17.16.29:922][  0]LogWindows: File 'OVRPlugin.dll' does not exist
[2021.05.20-17.16.30:013][  0]LogEngine: Initializing Engine...
[2021.05.20-17.16.30:015][  0]LogHMD: Failed to initialize OpenVR with code 110
[2021.05.20-17.16.30:015][  0]LogMagicLeap: Warning: VR disabled because ZI is not enabled.  To enable, in the editor, Edit -> Project Settings -> Plugins -> Magic Leap Plugin -> Enable Zero Iteration
[2021.05.20-17.16.30:016][  0]LogStats: UGameplayTagsManager::InitializeManager -  0.000 s
[2021.05.20-17.16.30:134][  0]LogLinker: Warning: '{FileName}': 파일을 찾을 수 없습니다. 로드에 실패했습니다.
[2021.05.20-17.16.30:134][  0]LogLinker: Warning: '{FileName}': 파일을 찾을 수 없습니다. 로드에 실패했습니다.
[2021.05.20-17.16.30:134][  0]LogUObjectGlobals: Warning: 'Object /Game/ThirdPersonCPP/GraphicResources/Cursor/UI_Cursor.UI_Cursor_C' 오브젝트를 찾는 데 실패했습니다.
[2021.05.20-17.16.30:134][  0]LogLoad: Warning: UUserInterfaceSettings::ForceLoadResources: Failed to load cursor resource 0.
[2021.05.20-17.16.30:135][  0]LogInit: Initializing FReadOnlyCVARCache
[2021.05.20-17.16.30:147][  0]LogAIModule: Creating AISystem for world Untitled
[2021.05.20-17.16.30:147][  0]LogAISub: UAISubsystem::UAISubsystem EnvQueryManager (000001E16EA2C600), frame # 0
[2021.05.20-17.16.30:147][  0]LogAISub: UAISubsystem::UAISubsystem AIPerceptionSystem (000001E16EA45800), frame # 0
[2021.05.20-17.16.30:157][  0]LogAudioMixer: Display: Audio Mixer Platform Settings:
[2021.05.20-17.16.30:157][  0]LogAudioMixer: Display: 	Sample Rate:						  48000
[2021.05.20-17.16.30:157][  0]LogAudioMixer: Display: 	Callback Buffer Frame Size Requested: 1024
[2021.05.20-17.16.30:157][  0]LogAudioMixer: Display: 	Callback Buffer Frame Size To Use:	  1024
[2021.05.20-17.16.30:157][  0]LogAudioMixer: Display: 	Number of buffers to queue:			  2
[2021.05.20-17.16.30:157][  0]LogAudioMixer: Display: 	Max Channels (voices):				  32
[2021.05.20-17.16.30:157][  0]LogAudioMixer: Display: 	Number of Async Source Workers:		  0
[2021.05.20-17.16.30:157][  0]LogAudio: Display: AudioDevice MaxSources: 32
[2021.05.20-17.16.30:157][  0]LogAudio: Display: Using built-in audio occlusion.
[2021.05.20-17.16.30:157][  0]LogAudioMixer: Display: Initializing audio mixer.
[2021.05.20-17.16.30:199][  0]LogAudioMixer: Display: 0: FrontLeft
[2021.05.20-17.16.30:199][  0]LogAudioMixer: Display: 1: FrontRight
[2021.05.20-17.16.31:013][  0]LogAudioMixer: Display: Using Audio Device 헤드폰(SHOQBOX SB7200 SERIES Stereo)
[2021.05.20-17.16.31:018][  0]LogAudioMixer: Display: Initializing Sound Submixes...
[2021.05.20-17.16.31:024][  0]LogAudioMixer: Display: Creating Master Submix 'MasterSubmixDefault'
[2021.05.20-17.16.31:024][  0]LogAudioMixer: Display: Creating Master Submix 'MasterReverbSubmixDefault'
[2021.05.20-17.16.31:026][  0]LogAudioMixer: Display: Creating Master Submix 'MasterEQSubmixDefault'
[2021.05.20-17.16.31:027][  0]LogInit: FAudioDevice initialized.
[2021.05.20-17.16.31:027][  0]LogNetVersion: Set ProjectVersion to 1.0.0.0. Version Checksum will be recalculated on next use.
[2021.05.20-17.16.31:124][  0]LogDerivedDataCache: Saved boot cache 0.10s 75MB C:/Users/최태호/AppData/Local/UnrealEngine/4.25/DerivedDataCache/Boot.ddc.
[2021.05.20-17.16.31:124][  0]LogInit: Texture streaming: Enabled
[2021.05.20-17.16.31:177][  0]LogEngineSessionManager: EngineSessionManager initialized
[2021.05.20-17.16.31:177][  0]LogEngineSessionManager: EngineSessionManager sent abnormal shutdown report. Type=Crashed, SessionId={4CAEA666-49A4-535F-69F0-DE985F3C9529}
[2021.05.20-17.16.31:178][  0]LogEditorSessionSummary: Verbose: Initializing EditorSessionSummaryWriter for editor session tracking
[2021.05.20-17.16.31:184][  0]LogEditorSessionSummary: EditorSessionSummaryWriter initialized
[2021.05.20-17.16.31:251][  0]LogInit: Transaction tracking system initialized
[2021.05.20-17.16.31:297][  0]BlueprintLog: New page: 에디터 로드
[2021.05.20-17.16.31:431][  0]LocalizationService: 현지화 서비스가 비활성화되었습니다.
[2021.05.20-17.16.31:689][  0]LogCook: Display: Max memory allowance for cook 16384mb min free memory 0mb
[2021.05.20-17.16.31:689][  0]LogCook: Display: Mobile HDR setting 1
[2021.05.20-17.16.32:045][  0]LogFileCache: Scanning file cache for directory 'C:/Wire-Hunter/work/choi/WireHunter/Content/' took 0.01s
[2021.05.20-17.16.32:293][  0]SourceControl: 소스 컨트롤이 꺼졌습니다.
[2021.05.20-17.16.32:293][  0]LogUnrealEdMisc: Loading editor; pre map load, took 10.838
[2021.05.20-17.16.32:293][  0]Cmd: MAP LOAD FILE="../../../../../../Wire-Hunter/work/choi/WireHunter/Content/ThirdPersonCPP/Maps/GameLevel.umap" TEMPLATE=0 SHOWPROGRESS=1 FEATURELEVEL=3
[2021.05.20-17.16.32:294][  0]LightingResults: New page: 라이팅 빌드
[2021.05.20-17.16.32:295][  0]LogWorld: UWorld::CleanupWorld for Untitled, bSessionEnded=true, bCleanupResources=true
[2021.05.20-17.16.32:295][  0]LogSlate: InvalidateAllWidgets triggered.  All widgets were invalidated
[2021.05.20-17.16.32:295][  0]MapCheck: New page: 맵 체크
[2021.05.20-17.16.32:295][  0]LightingResults: New page: 라이팅 빌드
[2021.05.20-17.16.32:306][  0]LogAISub: UAISubsystem::~UAISubsystem EnvQueryManager (000001E16EA2C600), frame # 0
[2021.05.20-17.16.32:306][  0]LogAISub: UAISubsystem::~UAISubsystem AIPerceptionSystem (000001E16EA45800), frame # 0
[2021.05.20-17.16.32:307][  0]LogUObjectHash: Compacting FUObjectHashTables data took   1.11ms
[2021.05.20-17.16.32:589][  0]LogAIModule: Creating AISystem for world GameLevel
[2021.05.20-17.16.32:589][  0]LogAISub: UAISubsystem::UAISubsystem EnvQueryManager (000001E15C8B3600), frame # 0
[2021.05.20-17.16.32:589][  0]LogAISub: UAISubsystem::UAISubsystem AIPerceptionSystem (000001E15C523B00), frame # 0
[2021.05.20-17.16.32:595][  0]LogScript: Warning: CharacterRef 프로퍼티를 읽으려던 중 None 에 접근했습니다.
	ThirdPerson_AnimBP_C /Game/ThirdPersonCPP/Maps/GameLevel.GameLevel:PersistentLevel.BP_WHCharacter.CharacterMesh0.ThirdPerson_AnimBP_C_0
	Function /Game/ThirdPersonCPP/GraphicResources/Character/Animations/ThirdPerson_AnimBP.ThirdPerson_AnimBP_C:ExecuteUbergraph_ThirdPerson_AnimBP:0087
[2021.05.20-17.16.32:601][  0]LogEditorServer: Finished looking for orphan Actors (0.000 secs)
[2021.05.20-17.16.32:619][  0]LogUObjectHash: Compacting FUObjectHashTables data took   1.50ms
[2021.05.20-17.16.32:620][  0]Cmd: MAP CHECKDEP NOCLEARLOG
[2021.05.20-17.16.32:620][  0]MapCheck: 맵 체크 완료: 오류 0 회, 경고 0 회, 소요 시간 0.465ms.
[2021.05.20-17.16.32:621][  0]LogFileHelpers: Loading map 'GameLevel' took 0.328
[2021.05.20-17.16.32:627][  0]LogUnrealEdMisc: Total Editor Startup Time, took 11.173
[2021.05.20-17.16.32:753][  0]LogSlate: Updating window title bar state: overlay mode, drag disabled, window buttons hidden, title bar hidden
[2021.05.20-17.16.32:760][  0]LogSlate: Updating window title bar state: overlay mode, drag disabled, window buttons hidden, title bar hidden
[2021.05.20-17.16.32:767][  0]LogSlate: Updating window title bar state: overlay mode, drag disabled, window buttons hidden, title bar hidden
[2021.05.20-17.16.32:774][  0]LogSlate: Updating window title bar state: overlay mode, drag disabled, window buttons hidden, title bar hidden
[2021.05.20-17.16.32:789][  0]LogCollectionManager: Loaded 0 collections in 0.003389 seconds
[2021.05.20-17.16.32:806][  0]LogFileCache: Scanning file cache for directory 'C:/Wire-Hunter/work/choi/WireHunter/Saved/Collections/' took 0.00s
[2021.05.20-17.16.32:806][  0]LogFileCache: Scanning file cache for directory 'C:/Wire-Hunter/work/choi/WireHunter/Content/Developers/ChoiTaeho/Collections/' took 0.00s
[2021.05.20-17.16.32:806][  0]LogFileCache: Scanning file cache for directory 'C:/Wire-Hunter/work/choi/WireHunter/Content/Collections/' took 0.00s
[2021.05.20-17.16.32:806][  0]LogContentBrowser: Native class hierarchy populated in 0.0106 seconds. Added 3447 classes and 826 folders.
[2021.05.20-17.16.32:809][  0]LogContentBrowser: Native class hierarchy updated for 'WidgetCarousel' in 0.0005 seconds. Added 0 classes and 0 folders.
[2021.05.20-17.16.32:913][  0]LogContentBrowser: Native class hierarchy updated for 'AddContentDialog' in 0.0005 seconds. Added 0 classes and 0 folders.
[2021.05.20-17.16.32:914][  0]LogContentBrowser: Native class hierarchy updated for 'SceneOutliner' in 0.0005 seconds. Added 2 classes and 0 folders.
[2021.05.20-17.16.33:051][  0]LogSlate: Took 0.000344 seconds to synchronously load lazily loaded font '../../../Engine/Content/Slate/Fonts/Roboto-Regular.ttf' (155K)
[2021.05.20-17.16.33:053][  0]LogSlate: Took 0.001564 seconds to synchronously load lazily loaded font '../../../Engine/Content/Editor/Slate/Fonts/NanumGothic.ttf' (4243K)
[2021.05.20-17.16.33:057][  0]LogSlate: Took 0.001776 seconds to synchronously load lazily loaded font '../../../Engine/Content/Editor/Slate/Fonts/NanumGothicBold.ttf' (4188K)
[2021.05.20-17.16.33:057][  0]LogSlate: Took 0.000283 seconds to synchronously load lazily loaded font '../../../Engine/Content/Slate/Fonts/Roboto-Bold.ttf' (160K)
[2021.05.20-17.16.33:059][  0]LogSlate: Took 0.000427 seconds to synchronously load lazily loaded font '../../../Engine/Content/Editor/Slate/Fonts/FontAwesome.ttf' (139K)
[2021.05.20-17.16.33:061][  0]LogSlate: Took 0.000264 seconds to synchronously load lazily loaded font '../../../Engine/Content/Slate/Fonts/DroidSansMono.ttf' (77K)
[2021.05.20-17.16.33:100][  0]LogSlate: Took 0.001651 seconds to synchronously load lazily loaded font '../../../Engine/Content/Editor/Slate/Fonts/NanumGothicExtraBold.ttf' (4074K)
[2021.05.20-17.16.33:169][  0]LogRenderer: Reallocating scene render targets to support 1396x708 Format 10 NumSamples 1 (Frame:1).
[2021.05.20-17.16.33:278][  0]LogContentBrowser: Native class hierarchy updated for 'HierarchicalLODOutliner' in 0.0005 seconds. Added 0 classes and 0 folders.
[2021.05.20-17.16.33:278][  0]LogLoad: (Engine Initialization) Total time: 11.82 seconds
[2021.05.20-17.16.33:278][  0]LogLoad: (Engine Initialization) Total Blueprint compile time: 0.00 seconds
[2021.05.20-17.16.33:329][  0]LogAssetRegistry: Asset discovery search completed in 5.9026 seconds
[2021.05.20-17.16.33:332][  0]LogCollectionManager: Fixed up redirectors for 0 collections in 0.000002 seconds (updated 0 objects)
[2021.05.20-17.16.33:336][  0]LogContentStreaming: Texture pool size now 1000 MB
[2021.05.20-17.16.33:366][  0]LogSlate: Took 0.000316 seconds to synchronously load lazily loaded font '../../../Engine/Content/Slate/Fonts/Roboto-Light.ttf' (167K)
[2021.05.20-17.16.45:343][103]LogSlate: Window '출력 로그' being destroyed
[2021.05.20-17.16.45:348][103]LogSlate: Window '출력 로그' being destroyed
[2021.05.20-17.16.47:964][296]LogSlate: Window '메시지 로그' being destroyed
[2021.05.20-17.16.47:966][296]LogSlate: Window '메시지 로그' being destroyed
[2021.05.20-17.17.17:305][967]LogSlate: Took 0.001029 seconds to synchronously load lazily loaded font '../../../Engine/Content/Slate/Fonts/Roboto-Light.ttf' (167K)
[2021.05.20-17.17.17:354][967]LogSlate: WidgetSwitcher ('None') active index changed to -1
[2021.05.20-17.17.17:354][967]LogSlate: WidgetSwitcher ('None') active index changed to 1
[2021.05.20-17.17.17:416][967]LogSlate: Took 0.001479 seconds to synchronously load lazily loaded font '../../../Engine/Content/Slate/Fonts/Roboto-BoldCondensed.ttf' (158K)
[2021.05.20-17.17.19:524][211]LogAssetEditorSubsystem: Opening Asset editor for Blueprint /Game/ThirdPersonCPP/Blueprints/MyBoss.MyBoss
[2021.05.20-17.17.19:829][211]LogContentBrowser: Native class hierarchy updated for 'BlueprintGraph' in 0.0008 seconds. Added 125 classes and 0 folders.
[2021.05.20-17.17.20:762][211]LogSlate: Window '블루프린트 클래스 추가' being destroyed
[2021.05.20-17.17.20:813][212]LogRenderer: Reallocating scene render targets to support 1396x724 Format 10 NumSamples 1 (Frame:1).
[2021.05.20-17.17.26:064][815]LogSlate: Prevented a slow task dialog from being summoned while a context menu was open
[2021.05.20-17.18.52:358][838]LogSlate: Took 0.000380 seconds to synchronously load lazily loaded font '../../../Engine/Content/Slate/Fonts/Roboto-Italic.ttf' (157K)
[2021.05.20-17.18.53:198][931]LogScript: Warning: CharacterRef 프로퍼티를 읽으려던 중 None 에 접근했습니다.
	ThirdPerson_AnimBP_C /Engine/Transient.World_5:PersistentLevel.BP_WHCharacter_C_0.CharacterMesh0.ThirdPerson_AnimBP_C_0
	Function /Game/ThirdPersonCPP/GraphicResources/Character/Animations/ThirdPerson_AnimBP.ThirdPerson_AnimBP_C:ExecuteUbergraph_ThirdPerson_AnimBP:0087
[2021.05.20-17.19.17:609][124]LogAssetEditorSubsystem: Opening Asset editor for LevelScriptBlueprint /Game/ThirdPersonCPP/Maps/GameLevel.GameLevel:PersistentLevel.GameLevel
[2021.05.20-17.19.42:448][ 55]BlueprintLog: New page: GameLevel 컴파일
[2021.05.20-17.19.42:491][ 55]LogUObjectHash: Compacting FUObjectHashTables data took   2.01ms
[2021.05.20-17.19.42:870][ 92]LogUObjectHash: Compacting FUObjectHashTables data took   1.83ms
[2021.05.20-17.19.42:956][ 92]LogSavePackage: Moving '../../../../../../Wire-Hunter/work/choi/WireHunter/Saved/GameLevel7432C90E4C1944E87316318BEC3A5293.tmp' to '../../../../../../Wire-Hunter/work/choi/WireHunter/Content/ThirdPersonCPP/Maps/GameLevel.umap'
[2021.05.20-17.19.42:982][ 92]LogFileHelpers: Saving map 'GameLevel' took 0.136
[2021.05.20-17.19.42:995][ 92]AssetCheck: New page: 애셋 저장: GameLevel
[2021.05.20-17.19.42:995][ 92]LogContentValidation: Display: World /Game/ThirdPersonCPP/Maps/GameLevel.GameLevel 유효성 검사
[2021.05.20-17.19.52:542][234]BlueprintLog: New page: MyBoss 컴파일
[2021.05.20-17.19.52:591][234]LogUObjectHash: Compacting FUObjectHashTables data took   1.85ms
[2021.05.20-17.19.53:020][280]Cmd: OBJ SAVEPACKAGE PACKAGE="/Game/ThirdPersonCPP/Blueprints/MyBoss" FILE="../../../../../../Wire-Hunter/work/choi/WireHunter/Content/ThirdPersonCPP/Blueprints/MyBoss.uasset" SILENT=true
[2021.05.20-17.19.53:034][280]LogSavePackage: Moving '../../../../../../Wire-Hunter/work/choi/WireHunter/Saved/MyBoss4361F3FD4A958D819E2D51A7A3B4D170.tmp' to '../../../../../../Wire-Hunter/work/choi/WireHunter/Content/ThirdPersonCPP/Blueprints/MyBoss.uasset'
[2021.05.20-17.19.53:049][280]AssetCheck: New page: 애셋 저장: MyBoss
[2021.05.20-17.19.53:049][280]LogContentValidation: Display: Blueprint /Game/ThirdPersonCPP/Blueprints/MyBoss.MyBoss 유효성 검사
[2021.05.20-17.19.53:958][385]LogWorld: UWorld::CleanupWorld for World_2, bSessionEnded=true, bCleanupResources=true
[2021.05.20-17.19.53:959][385]LogSlate: InvalidateAllWidgets triggered.  All widgets were invalidated
[2021.05.20-17.19.56:917][717]Cmd: DELETE
[2021.05.20-17.19.56:917][717]Cmd: ACTOR DELETE
[2021.05.20-17.19.56:920][717]LogEditorActor: Deleted Actor: Boss
[2021.05.20-17.19.56:942][717]LogUObjectHash: Compacting FUObjectHashTables data took   1.98ms
[2021.05.20-17.19.56:946][717]LogEditorActor: Deleted 1 Actors (0.027 secs)
[2021.05.20-17.19.59:618][ 13]LogTemp: Repeating last play command: 선택된 뷰포트
[2021.05.20-17.19.59:633][ 13]LogPlayLevel: PlayLevel: No blueprints needed recompiling
[2021.05.20-17.19.59:633][ 13]PIE: New page: PIE 세션: GameLevel (2021. 5. 21. 오전 11:19:59)
[2021.05.20-17.19.59:635][ 13]LogOnline: OSS: Creating online subsystem instance for: NULL
[2021.05.20-17.19.59:636][ 13]LogOnline: OSS: TryLoadSubsystemAndSetDefault: Loaded subsystem for module [NULL]
[2021.05.20-17.19.59:636][ 13]LogPlayLevel: Creating play world package: /Game/ThirdPersonCPP/Maps/UEDPIE_0_GameLevel
[2021.05.20-17.19.59:649][ 13]LogPlayLevel: PIE: StaticDuplicateObject took: (0.013278s)
[2021.05.20-17.19.59:651][ 13]LogAIModule: Creating AISystem for world GameLevel
[2021.05.20-17.19.59:651][ 13]LogAISub: UAISubsystem::UAISubsystem EnvQueryManager (000001E119862400), frame # 11013
[2021.05.20-17.19.59:651][ 13]LogAISub: UAISubsystem::UAISubsystem AIPerceptionSystem (000001E197203600), frame # 11013
[2021.05.20-17.19.59:651][ 13]LogPlayLevel: PIE: World Init took: (0.001800s)
[2021.05.20-17.19.59:651][ 13]LogPlayLevel: PIE: Created PIE world by copying editor world from /Game/ThirdPersonCPP/Maps/GameLevel.GameLevel to /Game/ThirdPersonCPP/Maps/UEDPIE_0_GameLevel.GameLevel (0.015298s)
[2021.05.20-17.19.59:672][ 13]LogUObjectHash: Compacting FUObjectHashTables data took   1.71ms
[2021.05.20-17.19.59:674][ 13]LogAudioMixer: Display: Audio Mixer Platform Settings:
[2021.05.20-17.19.59:674][ 13]LogAudioMixer: Display: 	Sample Rate:						  48000
[2021.05.20-17.19.59:674][ 13]LogAudioMixer: Display: 	Callback Buffer Frame Size Requested: 1024
[2021.05.20-17.19.59:674][ 13]LogAudioMixer: Display: 	Callback Buffer Frame Size To Use:	  1024
[2021.05.20-17.19.59:674][ 13]LogAudioMixer: Display: 	Number of buffers to queue:			  2
[2021.05.20-17.19.59:674][ 13]LogAudioMixer: Display: 	Max Channels (voices):				  32
[2021.05.20-17.19.59:674][ 13]LogAudioMixer: Display: 	Number of Async Source Workers:		  0
[2021.05.20-17.19.59:674][ 13]LogAudio: Display: AudioDevice MaxSources: 32
[2021.05.20-17.19.59:676][ 13]LogAudio: Display: Using built-in audio occlusion.
[2021.05.20-17.19.59:676][ 13]LogAudioMixer: Display: Initializing audio mixer.
[2021.05.20-17.19.59:700][ 13]LogAudioMixer: Display: 0: FrontLeft
[2021.05.20-17.19.59:700][ 13]LogAudioMixer: Display: 1: FrontRight
[2021.05.20-17.19.59:763][ 13]LogAudioMixer: Display: Using Audio Device 헤드폰(SHOQBOX SB7200 SERIES Stereo)
[2021.05.20-17.19.59:763][ 13]LogAudioMixer: Display: Initializing Sound Submixes...
[2021.05.20-17.19.59:764][ 13]LogAudioMixer: Display: Creating Master Submix 'MasterSubmixDefault'
[2021.05.20-17.19.59:764][ 13]LogAudioMixer: Display: Creating Master Submix 'MasterReverbSubmixDefault'
[2021.05.20-17.19.59:764][ 13]LogAudioMixer: Display: Creating Master Submix 'MasterEQSubmixDefault'
[2021.05.20-17.19.59:776][ 13]LogInit: FAudioDevice initialized.
[2021.05.20-17.19.59:776][ 13]PIE: Warning: UGameViewportClient::AddCursor: 'UI_Cursor_C' 커서 클래스를 로드할 수 없습니다.
[2021.05.20-17.19.59:785][ 13]LogLoad: Game class is 'WireHunterGameMode'
[2021.05.20-17.19.59:787][ 13]LogScript: Warning: CharacterRef 프로퍼티를 읽으려던 중 None 에 접근했습니다.
	ThirdPerson_AnimBP_C /Game/ThirdPersonCPP/Maps/UEDPIE_0_GameLevel.GameLevel:PersistentLevel.BP_WHCharacter.CharacterMesh0.ThirdPerson_AnimBP_C_0
	Function /Game/ThirdPersonCPP/GraphicResources/Character/Animations/ThirdPerson_AnimBP.ThirdPerson_AnimBP_C:ExecuteUbergraph_ThirdPerson_AnimBP:0087
[2021.05.20-17.19.59:787][ 13]PIE: Error: 블루프린트 런타임 오류: "CharacterRef 프로퍼티를 읽으려던 중 None 에 접근했습니다.". 블루프린트: ThirdPerson_AnimBP 함수: Execute Ubergraph Third Person Anim BP 그래프: EventGraph 노드: Climb- 설정
[2021.05.20-17.19.59:788][ 13]LogWorld: Bringing World /Game/ThirdPersonCPP/Maps/UEDPIE_0_GameLevel.GameLevel up for play (max tick rate 0) at 2021.05.21-02.19.59
[2021.05.20-17.19.59:788][ 13]LogWorld: Bringing up level for play took: 0.002722
[2021.05.20-17.19.59:789][ 13]LogOnline: OSS: Creating online subsystem instance for: :Context_9
[2021.05.20-17.19.59:792][ 13]LogContentBrowser: Native class hierarchy updated for 'MovieSceneCapture' in 0.0005 seconds. Added 20 classes and 0 folders.
[2021.05.20-17.19.59:796][ 13]Cmd: ShowFlag.Bones 2
[2021.05.20-17.19.59:797][ 13]ShowFlag.Bones = "2"
[2021.05.20-17.19.59:797][ 13]LogTemp: Warning: 7 4 1 2
[2021.05.20-17.19.59:797][ 13]LogTemp: Warning: 1 >> x: 7 / y: 4
[2021.05.20-17.19.59:797][ 13]LogTemp: Warning: 2 >> x: 6 / y: 3
[2021.05.20-17.19.59:797][ 13]LogTemp: Warning: 3 >> x: 5 / y: 2
[2021.05.20-17.19.59:797][ 13]LogTemp: Warning: 4 >> x: 4 / y: 1
[2021.05.20-17.19.59:797][ 13]LogTemp: Warning: 5 >> x: 3 / y: 2
[2021.05.20-17.19.59:797][ 13]LogTemp: Warning: 6 >> x: 2 / y: 1
[2021.05.20-17.19.59:797][ 13]LogTemp: Warning: 7 >> x: 1 / y: 2
[2021.05.20-17.19.59:797][ 13]PIE: 서버가 로그인했습니다.
[2021.05.20-17.19.59:799][ 13]PIE: 에디터에서 플레이 총 시작 시간 0.168초입니다.
[2021.05.20-17.20.08:623][ 25]LogTemp: Warning: X=15537.994 Y=27623.438 Z=16491.609
[2021.05.20-17.20.08:623][ 25]LogTemp: Warning: 2 1 2 1
[2021.05.20-17.20.08:623][ 25]LogTemp: Warning: 1 >> x: 2 / y: 1
[2021.05.20-17.20.10:126][204]LogTemp: Warning: X=19539.609 Y=24373.865 Z=16491.729
[2021.05.20-17.20.10:126][204]LogTemp: Warning: 1 2 2 1
[2021.05.20-17.20.10:126][204]LogTemp: Warning: 1 >> x: 1 / y: 2
[2021.05.20-17.20.10:127][204]LogTemp: Warning: 2 >> x: 2 / y: 1
[2021.05.20-17.20.11:628][384]LogTemp: Warning: X=16366.842 Y=27624.193 Z=15948.197
[2021.05.20-17.20.11:628][384]LogTemp: Warning: 2 1 2 1
[2021.05.20-17.20.11:628][384]LogTemp: Warning: 1 >> x: 2 / y: 1
[2021.05.20-17.20.13:130][564]LogTemp: Warning: X=16038.006 Y=27961.062 Z=15891.864
[2021.05.20-17.20.13:130][564]LogTemp: Warning: 2 1 2 1
[2021.05.20-17.20.13:130][564]LogTemp: Warning: 1 >> x: 2 / y: 1
[2021.05.20-17.20.13:490][602]LogSlate: Updating window title bar state: overlay mode, drag disabled, window buttons hidden, title bar hidden
[2021.05.20-17.20.13:490][602]LogWorld: BeginTearingDown for /Game/ThirdPersonCPP/Maps/UEDPIE_0_GameLevel
[2021.05.20-17.20.13:490][602]LogWorld: UWorld::CleanupWorld for GameLevel, bSessionEnded=true, bCleanupResources=true
[2021.05.20-17.20.13:491][602]LogSlate: InvalidateAllWidgets triggered.  All widgets were invalidated
[2021.05.20-17.20.13:501][602]LogPlayLevel: Display: Shutting down PIE online subsystems
[2021.05.20-17.20.13:504][602]LogSlate: InvalidateAllWidgets triggered.  All widgets were invalidated
[2021.05.20-17.20.13:546][602]LogSlate: Updating window title bar state: overlay mode, drag disabled, window buttons hidden, title bar hidden
[2021.05.20-17.20.13:551][602]LogAISub: UAISubsystem::~UAISubsystem AIPerceptionSystem (000001E197203600), frame # 12602
[2021.05.20-17.20.13:552][602]LogAISub: UAISubsystem::~UAISubsystem EnvQueryManager (000001E119862400), frame # 12602
[2021.05.20-17.20.13:572][602]LogUObjectHash: Compacting FUObjectHashTables data took   3.50ms
[2021.05.20-17.20.13:707][603]LogPlayLevel: Display: Destroying online subsystem :Context_9
[2021.05.20-17.20.14:733][677]LogAssetEditorSubsystem: Opening Asset editor for Blueprint /Game/ThirdPersonCPP/Blueprints/MyBoss.MyBoss
[2021.05.20-17.20.16:544][831]LogWorld: UWorld::CleanupWorld for World_8, bSessionEnded=true, bCleanupResources=true
[2021.05.20-17.20.16:544][831]LogSlate: InvalidateAllWidgets triggered.  All widgets were invalidated
[2021.05.20-17.20.16:612][831]LogAssetEditorSubsystem: Opening Asset editor for Blueprint /Game/ThirdPersonCPP/Blueprints/MyBoss.MyBoss
[2021.05.20-17.23.24:955][330]LogTemp: Repeating last play command: 선택된 뷰포트
[2021.05.20-17.23.24:970][330]LogPlayLevel: PlayLevel: No blueprints needed recompiling
[2021.05.20-17.23.24:971][330]PIE: New page: PIE 세션: GameLevel (2021. 5. 21. 오전 11:23:24)
[2021.05.20-17.23.25:005][330]LogPlayLevel: Creating play world package: /Game/ThirdPersonCPP/Maps/UEDPIE_0_GameLevel
[2021.05.20-17.23.25:018][330]LogPlayLevel: PIE: StaticDuplicateObject took: (0.012971s)
[2021.05.20-17.23.25:019][330]LogAIModule: Creating AISystem for world GameLevel
[2021.05.20-17.23.25:019][330]LogAISub: UAISubsystem::UAISubsystem EnvQueryManager (000001E1C93E0A00), frame # 15330
[2021.05.20-17.23.25:019][330]LogAISub: UAISubsystem::UAISubsystem AIPerceptionSystem (000001E11F88B380), frame # 15330
[2021.05.20-17.23.25:019][330]LogPlayLevel: PIE: World Init took: (0.001328s)
[2021.05.20-17.23.25:019][330]LogPlayLevel: PIE: Created PIE world by copying editor world from /Game/ThirdPersonCPP/Maps/GameLevel.GameLevel to /Game/ThirdPersonCPP/Maps/UEDPIE_0_GameLevel.GameLevel (0.014486s)
[2021.05.20-17.23.25:055][330]LogUObjectHash: Compacting FUObjectHashTables data took   3.27ms
[2021.05.20-17.23.25:060][330]LogAudioMixer: Display: Audio Mixer Platform Settings:
[2021.05.20-17.23.25:060][330]LogAudioMixer: Display: 	Sample Rate:						  48000
[2021.05.20-17.23.25:060][330]LogAudioMixer: Display: 	Callback Buffer Frame Size Requested: 1024
[2021.05.20-17.23.25:060][330]LogAudioMixer: Display: 	Callback Buffer Frame Size To Use:	  1024
[2021.05.20-17.23.25:060][330]LogAudioMixer: Display: 	Number of buffers to queue:			  2
[2021.05.20-17.23.25:060][330]LogAudioMixer: Display: 	Max Channels (voices):				  32
[2021.05.20-17.23.25:060][330]LogAudioMixer: Display: 	Number of Async Source Workers:		  0
[2021.05.20-17.23.25:060][330]LogAudio: Display: AudioDevice MaxSources: 32
[2021.05.20-17.23.25:061][330]LogAudio: Display: Using built-in audio occlusion.
[2021.05.20-17.23.25:061][330]LogAudioMixer: Display: Initializing audio mixer.
[2021.05.20-17.23.25:083][330]LogAudioMixer: Display: 0: FrontLeft
[2021.05.20-17.23.25:083][330]LogAudioMixer: Display: 1: FrontRight
[2021.05.20-17.23.25:140][330]LogAudioMixer: Display: Using Audio Device 헤드폰(SHOQBOX SB7200 SERIES Stereo)
[2021.05.20-17.23.25:141][330]LogAudioMixer: Display: Initializing Sound Submixes...
[2021.05.20-17.23.25:141][330]LogAudioMixer: Display: Creating Master Submix 'MasterSubmixDefault'
[2021.05.20-17.23.25:141][330]LogAudioMixer: Display: Creating Master Submix 'MasterReverbSubmixDefault'
[2021.05.20-17.23.25:141][330]LogAudioMixer: Display: Creating Master Submix 'MasterEQSubmixDefault'
[2021.05.20-17.23.25:152][330]LogInit: FAudioDevice initialized.
[2021.05.20-17.23.25:153][330]PIE: Warning: UGameViewportClient::AddCursor: 'UI_Cursor_C' 커서 클래스를 로드할 수 없습니다.
[2021.05.20-17.23.25:162][330]LogLoad: Game class is 'WireHunterGameMode'
[2021.05.20-17.23.25:165][330]LogScript: Warning: CharacterRef 프로퍼티를 읽으려던 중 None 에 접근했습니다.
	ThirdPerson_AnimBP_C /Game/ThirdPersonCPP/Maps/UEDPIE_0_GameLevel.GameLevel:PersistentLevel.BP_WHCharacter.CharacterMesh0.ThirdPerson_AnimBP_C_0
	Function /Game/ThirdPersonCPP/GraphicResources/Character/Animations/ThirdPerson_AnimBP.ThirdPerson_AnimBP_C:ExecuteUbergraph_ThirdPerson_AnimBP:0087
[2021.05.20-17.23.25:165][330]PIE: Error: 블루프린트 런타임 오류: "CharacterRef 프로퍼티를 읽으려던 중 None 에 접근했습니다.". 블루프린트: ThirdPerson_AnimBP 함수: Execute Ubergraph Third Person Anim BP 그래프: EventGraph 노드: Climb- 설정
[2021.05.20-17.23.25:166][330]LogWorld: Bringing World /Game/ThirdPersonCPP/Maps/UEDPIE_0_GameLevel.GameLevel up for play (max tick rate 0) at 2021.05.21-02.23.25
[2021.05.20-17.23.25:166][330]LogWorld: Bringing up level for play took: 0.003159
[2021.05.20-17.23.25:166][330]LogOnline: OSS: Creating online subsystem instance for: :Context_13
[2021.05.20-17.23.25:172][330]Cmd: ShowFlag.Bones 2
[2021.05.20-17.23.25:172][330]ShowFlag.Bones = "2"
[2021.05.20-17.23.25:172][330]LogTemp: Warning: 7 4 1 2
[2021.05.20-17.23.25:172][330]LogTemp: Warning: 1 >> x: 7 / y: 4
[2021.05.20-17.23.25:172][330]LogTemp: Warning: 2 >> x: 6 / y: 3
[2021.05.20-17.23.25:172][330]LogTemp: Warning: 3 >> x: 5 / y: 2
[2021.05.20-17.23.25:172][330]LogTemp: Warning: 4 >> x: 4 / y: 1
[2021.05.20-17.23.25:172][330]LogTemp: Warning: 5 >> x: 3 / y: 2
[2021.05.20-17.23.25:172][330]LogTemp: Warning: 6 >> x: 2 / y: 1
[2021.05.20-17.23.25:172][330]LogTemp: Warning: 7 >> x: 1 / y: 2
[2021.05.20-17.23.25:172][330]PIE: 서버가 로그인했습니다.
[2021.05.20-17.23.25:173][330]PIE: 에디터에서 플레이 총 시작 시간 0.206초입니다.
[2021.05.20-17.23.33:953][380]LogTemp: Warning: X=15536.205 Y=27622.365 Z=16491.609
[2021.05.20-17.23.33:953][380]LogTemp: Warning: 2 1 1 2
[2021.05.20-17.23.33:953][380]LogTemp: Warning: 1 >> x: 2 / y: 1
[2021.05.20-17.23.33:953][380]LogTemp: Warning: 2 >> x: 1 / y: 2
[2021.05.20-17.23.35:452][560]LogTemp: Warning: X=19536.230 Y=24376.350 Z=16491.725
[2021.05.20-17.23.35:452][560]LogTemp: Warning: 1 2 1 2
[2021.05.20-17.23.35:452][560]LogTemp: Warning: 1 >> x: 1 / y: 2
[2021.05.20-17.23.36:953][740]LogTemp: Warning: X=19951.812 Y=24039.105 Z=15981.486
[2021.05.20-17.23.36:953][740]LogTemp: Warning: 1 2 1 2
[2021.05.20-17.23.36:953][740]LogTemp: Warning: 1 >> x: 1 / y: 2
[2021.05.20-17.23.38:453][920]LogTemp: Warning: X=19994.988 Y=24004.064 Z=15928.474
[2021.05.20-17.23.38:453][920]LogTemp: Warning: 1 2 1 2
[2021.05.20-17.23.38:453][920]LogTemp: Warning: 1 >> x: 1 / y: 2
[2021.05.20-17.23.39:953][100]LogTemp: Warning: X=19999.479 Y=24000.422 Z=15922.965
[2021.05.20-17.23.39:953][100]LogTemp: Warning: 1 2 1 2
[2021.05.20-17.23.39:953][100]LogTemp: Warning: 1 >> x: 1 / y: 2
[2021.05.20-17.23.41:453][280]LogTemp: Warning: X=19999.924 Y=24000.076 Z=15922.396
[2021.05.20-17.23.41:453][280]LogTemp: Warning: 1 2 1 2
[2021.05.20-17.23.41:453][280]LogTemp: Warning: 1 >> x: 1 / y: 2
[2021.05.20-17.23.42:953][460]LogTemp: Warning: X=19999.924 Y=24000.076 Z=15922.364
[2021.05.20-17.23.42:953][460]LogTemp: Warning: 1 2 1 2
[2021.05.20-17.23.42:953][460]LogTemp: Warning: 1 >> x: 1 / y: 2
[2021.05.20-17.23.44:453][640]LogTemp: Warning: X=19999.924 Y=24000.076 Z=15922.364
[2021.05.20-17.23.44:454][640]LogTemp: Warning: 1 2 1 2
[2021.05.20-17.23.44:454][640]LogTemp: Warning: 1 >> x: 1 / y: 2
[2021.05.20-17.23.45:954][820]LogTemp: Warning: X=19999.924 Y=24000.076 Z=15922.364
[2021.05.20-17.23.45:954][820]LogTemp: Warning: 1 2 1 2
[2021.05.20-17.23.45:954][820]LogTemp: Warning: 1 >> x: 1 / y: 2
[2021.05.20-17.23.47:453][  0]LogTemp: Warning: X=19999.924 Y=24000.076 Z=15922.364
[2021.05.20-17.23.47:453][  0]LogTemp: Warning: 1 2 1 2
[2021.05.20-17.23.47:453][  0]LogTemp: Warning: 1 >> x: 1 / y: 2
[2021.05.20-17.23.48:954][180]LogTemp: Warning: X=19999.924 Y=24000.076 Z=15922.364
[2021.05.20-17.23.48:954][180]LogTemp: Warning: 1 2 1 2
[2021.05.20-17.23.48:954][180]LogTemp: Warning: 1 >> x: 1 / y: 2
[2021.05.20-17.23.49:649][258]LogSlate: Updating window title bar state: overlay mode, drag disabled, window buttons hidden, title bar hidden
[2021.05.20-17.23.49:650][258]LogWorld: BeginTearingDown for /Game/ThirdPersonCPP/Maps/UEDPIE_0_GameLevel
[2021.05.20-17.23.49:650][258]LogWorld: UWorld::CleanupWorld for GameLevel, bSessionEnded=true, bCleanupResources=true
[2021.05.20-17.23.49:651][258]LogSlate: InvalidateAllWidgets triggered.  All widgets were invalidated
[2021.05.20-17.23.49:661][258]LogPlayLevel: Display: Shutting down PIE online subsystems
[2021.05.20-17.23.49:666][258]LogSlate: InvalidateAllWidgets triggered.  All widgets were invalidated
[2021.05.20-17.23.49:708][258]LogSlate: Updating window title bar state: overlay mode, drag disabled, window buttons hidden, title bar hidden
[2021.05.20-17.23.49:709][258]LogAISub: UAISubsystem::~UAISubsystem AIPerceptionSystem (000001E11F88B380), frame # 18258
[2021.05.20-17.23.49:709][258]LogAISub: UAISubsystem::~UAISubsystem EnvQueryManager (000001E1C93E0A00), frame # 18258
[2021.05.20-17.23.49:712][258]LogUObjectHash: Compacting FUObjectHashTables data took   2.41ms
[2021.05.20-17.23.49:769][259]LogPlayLevel: Display: Destroying online subsystem :Context_13
[2021.05.20-17.23.53:141][590]Cmd: DELETE
[2021.05.20-17.23.53:141][590]Cmd: ACTOR DELETE
[2021.05.20-17.23.53:150][590]LogEditorActor: Deleted Actor: MyBoss_C
[2021.05.20-17.23.53:176][590]LogUObjectHash: Compacting FUObjectHashTables data took   2.55ms
[2021.05.20-17.23.53:179][590]LogEditorActor: Deleted 1 Actors (0.038 secs)
[2021.05.20-17.23.58:855][160]LogEditor: Attempting to add actor of class 'Boss' to level at 16640.00,23720.00,15030.00
[2021.05.20-17.23.58:919][163]LogEditor: Attempting to add actor of class 'Boss' to level at 23280.00,23060.00,14420.00
[2021.05.20-17.23.59:968][281]LogTemp: Repeating last play command: 선택된 뷰포트
[2021.05.20-17.23.59:983][281]LogPlayLevel: PlayLevel: No blueprints needed recompiling
[2021.05.20-17.23.59:984][281]PIE: New page: PIE 세션: GameLevel (2021. 5. 21. 오전 11:23:59)
[2021.05.20-17.24.00:015][281]LogPlayLevel: Creating play world package: /Game/ThirdPersonCPP/Maps/UEDPIE_0_GameLevel
[2021.05.20-17.24.00:027][281]LogPlayLevel: PIE: StaticDuplicateObject took: (0.012559s)
[2021.05.20-17.24.00:028][281]LogAIModule: Creating AISystem for world GameLevel
[2021.05.20-17.24.00:028][281]LogAISub: UAISubsystem::UAISubsystem EnvQueryManager (000001E1A92F0A00), frame # 19281
[2021.05.20-17.24.00:028][281]LogAISub: UAISubsystem::UAISubsystem AIPerceptionSystem (000001E1C0EB1A80), frame # 19281
[2021.05.20-17.24.00:028][281]LogPlayLevel: PIE: World Init took: (0.001164s)
[2021.05.20-17.24.00:028][281]LogPlayLevel: PIE: Created PIE world by copying editor world from /Game/ThirdPersonCPP/Maps/GameLevel.GameLevel to /Game/ThirdPersonCPP/Maps/UEDPIE_0_GameLevel.GameLevel (0.013929s)
[2021.05.20-17.24.00:058][281]LogUObjectHash: Compacting FUObjectHashTables data took   2.44ms
[2021.05.20-17.24.00:061][281]LogAudioMixer: Display: Audio Mixer Platform Settings:
[2021.05.20-17.24.00:061][281]LogAudioMixer: Display: 	Sample Rate:						  48000
[2021.05.20-17.24.00:061][281]LogAudioMixer: Display: 	Callback Buffer Frame Size Requested: 1024
[2021.05.20-17.24.00:061][281]LogAudioMixer: Display: 	Callback Buffer Frame Size To Use:	  1024
[2021.05.20-17.24.00:061][281]LogAudioMixer: Display: 	Number of buffers to queue:			  2
[2021.05.20-17.24.00:061][281]LogAudioMixer: Display: 	Max Channels (voices):				  32
[2021.05.20-17.24.00:061][281]LogAudioMixer: Display: 	Number of Async Source Workers:		  0
[2021.05.20-17.24.00:061][281]LogAudio: Display: AudioDevice MaxSources: 32
[2021.05.20-17.24.00:061][281]LogAudio: Display: Using built-in audio occlusion.
[2021.05.20-17.24.00:061][281]LogAudioMixer: Display: Initializing audio mixer.
[2021.05.20-17.24.00:084][281]LogAudioMixer: Display: 0: FrontLeft
[2021.05.20-17.24.00:084][281]LogAudioMixer: Display: 1: FrontRight
[2021.05.20-17.24.00:142][281]LogAudioMixer: Display: Using Audio Device 헤드폰(SHOQBOX SB7200 SERIES Stereo)
[2021.05.20-17.24.00:142][281]LogAudioMixer: Display: Initializing Sound Submixes...
[2021.05.20-17.24.00:142][281]LogAudioMixer: Display: Creating Master Submix 'MasterSubmixDefault'
[2021.05.20-17.24.00:142][281]LogAudioMixer: Display: Creating Master Submix 'MasterReverbSubmixDefault'
[2021.05.20-17.24.00:143][281]LogAudioMixer: Display: Creating Master Submix 'MasterEQSubmixDefault'
[2021.05.20-17.24.00:155][281]LogInit: FAudioDevice initialized.
[2021.05.20-17.24.00:156][281]PIE: Warning: UGameViewportClient::AddCursor: 'UI_Cursor_C' 커서 클래스를 로드할 수 없습니다.
[2021.05.20-17.24.00:164][281]LogLoad: Game class is 'WireHunterGameMode'
[2021.05.20-17.24.00:167][281]LogScript: Warning: CharacterRef 프로퍼티를 읽으려던 중 None 에 접근했습니다.
	ThirdPerson_AnimBP_C /Game/ThirdPersonCPP/Maps/UEDPIE_0_GameLevel.GameLevel:PersistentLevel.BP_WHCharacter.CharacterMesh0.ThirdPerson_AnimBP_C_0
	Function /Game/ThirdPersonCPP/GraphicResources/Character/Animations/ThirdPerson_AnimBP.ThirdPerson_AnimBP_C:ExecuteUbergraph_ThirdPerson_AnimBP:0087
[2021.05.20-17.24.00:167][281]PIE: Error: 블루프린트 런타임 오류: "CharacterRef 프로퍼티를 읽으려던 중 None 에 접근했습니다.". 블루프린트: ThirdPerson_AnimBP 함수: Execute Ubergraph Third Person Anim BP 그래프: EventGraph 노드: Climb- 설정
[2021.05.20-17.24.00:168][281]LogWorld: Bringing World /Game/ThirdPersonCPP/Maps/UEDPIE_0_GameLevel.GameLevel up for play (max tick rate 0) at 2021.05.21-02.24.00
[2021.05.20-17.24.00:168][281]LogWorld: Bringing up level for play took: 0.003975
[2021.05.20-17.24.00:168][281]LogOnline: OSS: Creating online subsystem instance for: :Context_14
[2021.05.20-17.24.00:173][281]Cmd: ShowFlag.Bones 2
[2021.05.20-17.24.00:174][281]ShowFlag.Bones = "2"
[2021.05.20-17.24.05:844][281]LogWindows: Error: === Critical error: ===
[2021.05.20-17.24.05:844][281]LogWindows: Error: 
[2021.05.20-17.24.05:844][281]LogWindows: Error: Fatal error!
[2021.05.20-17.24.05:844][281]LogWindows: Error: 
[2021.05.20-17.24.05:844][281]LogWindows: Error: Unhandled Exception: EXCEPTION_ACCESS_VIOLATION writing address 0x000003c8
[2021.05.20-17.24.05:844][281]LogWindows: Error: 
[2021.05.20-17.24.05:844][281]LogWindows: Error: [Callstack] 0x00007ffdca163681 UE4Editor-CoreUObject.dll!FWeakObjectPtr::operator=() [D:\Build\++UE4\Sync\Engine\Source\Runtime\CoreUObject\Private\UObject\WeakObjectPtr.cpp:29]
[2021.05.20-17.24.05:844][281]LogWindows: Error: [Callstack] 0x00007ffdaaa7785b UE4Editor-WireHunter-0060.dll!ABoss::BeginPlay() [C:\Wire-Hunter\work\choi\WireHunter\Source\WireHunter\Boss.cpp:300]
[2021.05.20-17.24.05:844][281]LogWindows: Error: [Callstack] 0x00007ffdc713097c UE4Editor-Engine.dll!AActor::DispatchBeginPlay() [D:\Build\++UE4\Sync\Engine\Source\Runtime\Engine\Private\Actor.cpp:3397]
[2021.05.20-17.24.05:844][281]LogWindows: Error: [Callstack] 0x00007ffdc83d958d UE4Editor-Engine.dll!AWorldSettings::NotifyBeginPlay() [D:\Build\++UE4\Sync\Engine\Source\Runtime\Engine\Private\WorldSettings.cpp:246]
[2021.05.20-17.24.05:844][281]LogWindows: Error: [Callstack] 0x00007ffdc7813151 UE4Editor-Engine.dll!AGameStateBase::HandleBeginPlay() [D:\Build\++UE4\Sync\Engine\Source\Runtime\Engine\Private\GameStateBase.cpp:205]
[2021.05.20-17.24.05:844][281]LogWindows: Error: [Callstack] 0x00007ffdc8383a2e UE4Editor-Engine.dll!UWorld::BeginPlay() [D:\Build\++UE4\Sync\Engine\Source\Runtime\Engine\Private\World.cpp:4184]
[2021.05.20-17.24.05:844][281]LogWindows: Error: [Callstack] 0x00007ffdc78344e9 UE4Editor-Engine.dll!UGameInstance::StartPlayInEditorGameInstance() [D:\Build\++UE4\Sync\Engine\Source\Runtime\Engine\Private\GameInstance.cpp:478]
[2021.05.20-17.24.05:844][281]LogWindows: Error: [Callstack] 0x00007ffdc565595c UE4Editor-UnrealEd.dll!UEditorEngine::CreateInnerProcessPIEGameInstance() [D:\Build\++UE4\Sync\Engine\Source\Editor\UnrealEd\Private\PlayLevel.cpp:2792]
[2021.05.20-17.24.05:844][281]LogWindows: Error: [Callstack] 0x00007ffdc567682c UE4Editor-UnrealEd.dll!UEditorEngine::OnLoginPIEComplete_Deferred() [D:\Build\++UE4\Sync\Engine\Source\Editor\UnrealEd\Private\PlayLevel.cpp:1474]
[2021.05.20-17.24.05:844][281]LogWindows: Error: [Callstack] 0x00007ffdc5656899 UE4Editor-UnrealEd.dll!UEditorEngine::CreateNewPlayInEditorInstance() [D:\Build\++UE4\Sync\Engine\Source\Editor\UnrealEd\Private\PlayLevel.cpp:1708]
[2021.05.20-17.24.05:844][281]LogWindows: Error: [Callstack] 0x00007ffdc56923da UE4Editor-UnrealEd.dll!UEditorEngine::StartPlayInEditorSession() [D:\Build\++UE4\Sync\Engine\Source\Editor\UnrealEd\Private\PlayLevel.cpp:2580]
[2021.05.20-17.24.05:844][281]LogWindows: Error: [Callstack] 0x00007ffdc569569d UE4Editor-UnrealEd.dll!UEditorEngine::StartQueuedPlaySessionRequestImpl() [D:\Build\++UE4\Sync\Engine\Source\Editor\UnrealEd\Private\PlayLevel.cpp:1089]
[2021.05.20-17.24.05:844][281]LogWindows: Error: [Callstack] 0x00007ffdc5695078 UE4Editor-UnrealEd.dll!UEditorEngine::StartQueuedPlaySessionRequest() [D:\Build\++UE4\Sync\Engine\Source\Editor\UnrealEd\Private\PlayLevel.cpp:1016]
[2021.05.20-17.24.05:844][281]LogWindows: Error: [Callstack] 0x00007ffdc511a854 UE4Editor-UnrealEd.dll!UEditorEngine::Tick() [D:\Build\++UE4\Sync\Engine\Source\Editor\UnrealEd\Private\EditorEngine.cpp:1611]
[2021.05.20-17.24.05:844][281]LogWindows: Error: [Callstack] 0x00007ffdc59f37e6 UE4Editor-UnrealEd.dll!UUnrealEdEngine::Tick() [D:\Build\++UE4\Sync\Engine\Source\Editor\UnrealEd\Private\UnrealEdEngine.cpp:414]
[2021.05.20-17.24.05:844][281]LogWindows: Error: [Callstack] 0x00007ff6b6847800 UE4Editor.exe!FEngineLoop::Tick() [D:\Build\++UE4\Sync\Engine\Source\Runtime\Launch\Private\LaunchEngineLoop.cpp:4850]
[2021.05.20-17.24.05:844][281]LogWindows: Error: [Callstack] 0x00007ff6b685ba7c UE4Editor.exe!GuardedMain() [D:\Build\++UE4\Sync\Engine\Source\Runtime\Launch\Private\Launch.cpp:169]
[2021.05.20-17.24.05:844][281]LogWindows: Error: [Callstack] 0x00007ff6b685bb5a UE4Editor.exe!GuardedMainWrapper() [D:\Build\++UE4\Sync\Engine\Source\Runtime\Launch\Private\Windows\LaunchWindows.cpp:137]
[2021.05.20-17.24.05:844][281]LogWindows: Error: [Callstack] 0x00007ff6b686e31d UE4Editor.exe!WinMain() [D:\Build\++UE4\Sync\Engine\Source\Runtime\Launch\Private\Windows\LaunchWindows.cpp:268]
[2021.05.20-17.24.05:844][281]LogWindows: Error: [Callstack] 0x00007ff6b687145a UE4Editor.exe!__scrt_common_main_seh() [d:\agent\_work\5\s\src\vctools\crt\vcstartup\src\startup\exe_common.inl:288]
[2021.05.20-17.24.05:844][281]LogWindows: Error: [Callstack] 0x00007ffe267e7034 KERNEL32.DLL!UnknownFunction []
[2021.05.20-17.24.05:844][281]LogWindows: Error: [Callstack] 0x00007ffe28002651 ntdll.dll!UnknownFunction []
[2021.05.20-17.24.05:844][281]LogWindows: Error: 
[2021.05.20-17.24.05:853][281]LogExit: Executing StaticShutdownAfterError
[2021.05.20-17.24.05:857][281]LogWindows: FPlatformMisc::RequestExit(1)
[2021.05.20-17.24.05:857][281]LogCore: Engine exit requested (reason: Win RequestExit)
[2021.05.20-17.24.05:871][281]Log file closed, 05/21/21 02:24:05
