Log file open, 04/21/21 16:31:11
LogInit: Display: Running engine for game: WireHunter
LogPlatformFile: Not using cached read wrapper
LogTaskGraph: Started task graph with 5 named threads and 35 total threads with 3 sets of task threads.
LogStats: Stats thread started at 0.283335
LogD3D11RHI: Loaded GFSDK_Aftermath_Lib.x64.dll
LogICUInternationalization: ICU TimeZone Detection - Raw Offset: +9:00, Platform Override: ''
LogPluginManager: Mounting plugin Paper2D
LogPluginManager: Mounting plugin AISupport
LogPluginManager: Mounting plugin LightPropagationVolume
LogPluginManager: Mounting plugin CameraShakePreviewer
LogPluginManager: Mounting plugin ActorLayerUtilities
LogPluginManager: Mounting plugin AnimationSharing
LogPluginManager: Mounting plugin CLionSourceCodeAccess
LogPluginManager: Mounting plugin CodeLiteSourceCodeAccess
LogPluginManager: Mounting plugin GitSourceControl
LogPluginManager: Mounting plugin KDevelopSourceCodeAccess
LogPluginManager: Mounting plugin NullSourceCodeAccess
LogPluginManager: Mounting plugin PerforceSourceControl
LogPluginManager: Mounting plugin PlasticSourceControl
LogPluginManager: Mounting plugin RiderSourceCodeAccess
LogPluginManager: Mounting plugin SubversionSourceControl
LogPluginManager: Mounting plugin UObjectPlugin
LogPluginManager: Mounting plugin VisualStudioCodeSourceCodeAccess
LogPluginManager: Mounting plugin VisualStudioSourceCodeAccess
LogPluginManager: Mounting plugin XCodeSourceCodeAccess
LogPluginManager: Mounting plugin AssetManagerEditor
LogPluginManager: Mounting plugin CryptoKeys
LogPluginManager: Mounting plugin CurveEditorTools
LogPluginManager: Mounting plugin DataValidation
LogPluginManager: Mounting plugin EditorScriptingUtilities
LogPluginManager: Mounting plugin FacialAnimation
LogPluginManager: Mounting plugin GameplayTagsEditor
LogPluginManager: Mounting plugin GeometryMode
LogPluginManager: Mounting plugin MacGraphicsSwitching
LogPluginManager: Mounting plugin MaterialAnalyzer
LogPluginManager: Mounting plugin MobileLauncherProfileWizard
LogPluginManager: Mounting plugin PluginBrowser
LogPluginManager: Mounting plugin SpeedTreeImporter
LogPluginManager: Mounting plugin DatasmithContent
LogPluginManager: Mounting plugin VariantManagerContent
LogPluginManager: Mounting plugin AlembicImporter
LogPluginManager: Mounting plugin AutomationUtils
LogPluginManager: Mounting plugin BackChannel
LogPluginManager: Mounting plugin ChaosCloth
LogPluginManager: Mounting plugin ChaosClothEditor
LogPluginManager: Mounting plugin ChaosEditor
LogPluginManager: Mounting plugin ChaosNiagara
LogPluginManager: Mounting plugin ChaosSolverPlugin
LogPluginManager: Mounting plugin CharacterAI
LogPluginManager: Mounting plugin GeometryCache
LogPluginManager: Mounting plugin GeometryCollectionPlugin
LogPluginManager: Mounting plugin GeometryProcessing
LogPluginManager: Mounting plugin PlanarCut
LogPluginManager: Mounting plugin PlatformCrypto
LogPluginManager: Mounting plugin ProxyLODPlugin
LogPluginManager: Mounting plugin SkeletalReduction
LogPluginManager: Mounting plugin Niagara
LogPluginManager: Mounting plugin MagicLeap
LogPluginManager: Mounting plugin MagicLeapLightEstimation
LogPluginManager: Mounting plugin MagicLeapMedia
LogPluginManager: Mounting plugin MagicLeapPassableWorld
LogPluginManager: Mounting plugin MLSDK
LogPluginManager: Mounting plugin AndroidMedia
LogPluginManager: Mounting plugin AvfMedia
LogPluginManager: Mounting plugin ImgMedia
LogPluginManager: Mounting plugin MediaCompositing
LogPluginManager: Mounting plugin MediaPlayerEditor
LogPluginManager: Mounting plugin WebMMedia
LogPluginManager: Mounting plugin WmfMedia
LogPluginManager: Mounting plugin MeshPainting
LogPluginManager: Mounting plugin TcpMessaging
LogPluginManager: Mounting plugin UdpMessaging
LogPluginManager: Mounting plugin ActorSequence
LogPluginManager: Mounting plugin LevelSequenceEditor
LogPluginManager: Mounting plugin MatineeToLevelSequence
LogPluginManager: Mounting plugin MovieRenderPipeline
LogPluginManager: Mounting plugin TemplateSequence
LogPluginManager: Mounting plugin NetcodeUnitTest
LogPluginManager: Mounting plugin NUTUnrealEngine4
LogPluginManager: Mounting plugin OnlineSubsystemGooglePlay
LogPluginManager: Mounting plugin OnlineSubsystemIOS
LogPluginManager: Mounting plugin OnlineSubsystem
LogPluginManager: Mounting plugin OnlineSubsystemNull
LogPluginManager: Mounting plugin OnlineSubsystemUtils
LogPluginManager: Mounting plugin LauncherChunkInstaller
LogPluginManager: Mounting plugin AndroidDeviceProfileSelector
LogPluginManager: Mounting plugin AndroidMoviePlayer
LogPluginManager: Mounting plugin AndroidPermission
LogPluginManager: Mounting plugin AppleImageUtils
LogPluginManager: Mounting plugin AppleMoviePlayer
LogPluginManager: Mounting plugin ArchVisCharacter
LogPluginManager: Mounting plugin AssetTags
LogPluginManager: Mounting plugin AudioCapture
LogPluginManager: Mounting plugin CableComponent
LogPluginManager: Mounting plugin CustomMeshComponent
LogPluginManager: Mounting plugin EditableMesh
LogPluginManager: Mounting plugin ExampleDeviceProfileSelector
LogPluginManager: Mounting plugin GoogleCloudMessaging
LogPluginManager: Mounting plugin GooglePAD
LogPluginManager: Mounting plugin IOSDeviceProfileSelector
LogPluginManager: Mounting plugin LinuxDeviceProfileSelector
LogPluginManager: Mounting plugin LocationServicesBPLibrary
LogPluginManager: Mounting plugin MobilePatchingUtils
LogPluginManager: Mounting plugin OculusVR
LogPluginManager: Mounting plugin PhysXVehicles
LogPluginManager: Mounting plugin PostSplashScreen
LogPluginManager: Mounting plugin ProceduralMeshComponent
LogPluginManager: Mounting plugin RuntimePhysXCooking
LogPluginManager: Mounting plugin SignificanceManager
LogPluginManager: Mounting plugin SoundFields
LogPluginManager: Mounting plugin SteamVR
LogPluginManager: Mounting plugin Synthesis
LogPluginManager: Mounting plugin WebMMoviePlayer
LogPluginManager: Mounting plugin WindowsMoviePlayer
LogPluginManager: Mounting plugin ScreenshotTools
LogInit: Using libcurl 7.55.1-DEV
LogInit:  - built for x86_64-pc-win32
LogInit:  - supports SSL with OpenSSL/1.1.1
LogInit:  - supports HTTP deflate (compression) using libz 1.2.8
LogInit:  - other features:
LogInit:      CURL_VERSION_SSL
LogInit:      CURL_VERSION_LIBZ
LogInit:      CURL_VERSION_IPV6
LogInit:      CURL_VERSION_ASYNCHDNS
LogInit:      CURL_VERSION_LARGEFILE
LogInit:      CURL_VERSION_IDN
LogInit:  CurlRequestOptions (configurable via config and command line):
LogInit:  - bVerifyPeer = true  - Libcurl will verify peer certificate
LogInit:  - bUseHttpProxy = false  - Libcurl will NOT use HTTP proxy
LogInit:  - bDontReuseConnections = false  - Libcurl will reuse connections
LogInit:  - MaxHostConnections = 16  - Libcurl will limit the number of connections to a host
LogInit:  - LocalHostAddr = Default
LogInit:  - BufferSize = 65536
LogOnline: OSS: Creating online subsystem instance for: NULL
LogInit: WinSock: version 1.1 (2.2), MaxSocks=32767, MaxUdp=65467
LogOnline: OSS: TryLoadSubsystemAndSetDefault: Loaded subsystem for module [NULL]
LogInit: Build: ++UE4+Release-4.25-CL-14469661
LogInit: Engine Version: 4.25.4-14469661+++UE4+Release-4.25
LogInit: Compatible Engine Version: 4.25.0-13144385+++UE4+Release-4.25
LogInit: Net CL: 13144385
LogInit: OS: Windows 10 (Release 2004) (), CPU: AMD Ryzen 5 2600X Six-Core Processor           , GPU: NVIDIA GeForce GTX 1060 6GB
LogInit: Compiled (64-bit): Oct 11 2020 08:10:49
LogInit: Compiled with Visual C++: 19.24.28315.00
LogInit: Build Configuration: Development
LogInit: Branch Name: ++UE4+Release-4.25
LogInit: Command Line: 
LogInit: Base Directory: C:/Program Files/Epic Games/UE_4.25/Engine/Binaries/Win64/
LogInit: Allocator: TBB
LogInit: Installed Engine Build: 1
LogDevObjectVersion: Number of dev versions registered: 26
LogDevObjectVersion:   Dev-Blueprints (B0D832E4-1F89-4F0D-ACCF-7EB736FD4AA2): 10
LogDevObjectVersion:   Dev-Build (E1C64328-A22C-4D53-A36C-8E866417BD8C): 0
LogDevObjectVersion:   Dev-Core (375EC13C-06E4-48FB-B500-84F0262A717E): 4
LogDevObjectVersion:   Dev-Editor (E4B068ED-F494-42E9-A231-DA0B2E46BB41): 38
LogDevObjectVersion:   Dev-Framework (CFFC743F-43B0-4480-9391-14DF171D2073): 37
LogDevObjectVersion:   Dev-Mobile (B02B49B5-BB20-44E9-A304-32B752E40360): 2
LogDevObjectVersion:   Dev-Networking (A4E4105C-59A1-49B5-A7C5-40C4547EDFEE): 0
LogDevObjectVersion:   Dev-Online (39C831C9-5AE6-47DC-9A44-9C173E1C8E7C): 0
LogDevObjectVersion:   Dev-Physics (78F01B33-EBEA-4F98-B9B4-84EACCB95AA2): 4
LogDevObjectVersion:   Dev-Platform (6631380F-2D4D-43E0-8009-CF276956A95A): 0
LogDevObjectVersion:   Dev-Rendering (12F88B9F-8875-4AFC-A67C-D90C383ABD29): 43
LogDevObjectVersion:   Dev-Sequencer (7B5AE74C-D270-4C10-A958-57980B212A5A): 12
LogDevObjectVersion:   Dev-VR (D7296918-1DD6-4BDD-9DE2-64A83CC13884): 3
LogDevObjectVersion:   Dev-LoadTimes (C2A15278-BFE7-4AFE-6C17-90FF531DF755): 1
LogDevObjectVersion:   Private-Geometry (6EACA3D4-40EC-4CC1-B786-8BED09428FC5): 3
LogDevObjectVersion:   Dev-AnimPhys (29E575DD-E0A3-4627-9D10-D276232CDCEA): 17
LogDevObjectVersion:   Dev-Anim (AF43A65D-7FD3-4947-9873-3E8ED9C1BB05): 7
LogDevObjectVersion:   Dev-ReflectionCapture (6B266CEC-1EC7-4B8F-A30B-E4D90942FC07): 1
LogDevObjectVersion:   Dev-Automation (0DF73D61-A23F-47EA-B727-89E90C41499A): 1
LogDevObjectVersion:   FortniteMain (601D1886-AC64-4F84-AA16-D3DE0DEAC7D6): 31
LogDevObjectVersion:   Dev-Enterprise (9DFFBCD6-494F-0158-E221-12823C92A888): 10
LogDevObjectVersion:   Dev-Niagara (F2AED0AC-9AFE-416F-8664-AA7FFA26D6FC): 1
LogDevObjectVersion:   Dev-Destruction (174F1F0B-B4C6-45A5-B13F-2EE8D0FB917D): 10
LogDevObjectVersion:   Dev-Physics-Ext (35F94A83-E258-406C-A318-09F59610247C): 37
LogDevObjectVersion:   Dev-PhysicsMaterial-Chaos (B68FC16E-8B1B-42E2-B453-215C058844FE): 1
LogDevObjectVersion:   Dev-CineCamera (B2E18506-4273-CFC2-A54E-F4BB758BBA07): 1
LogInit: Presizing for max 25165824 objects, including 0 objects not considered by GC, pre-allocating 0 bytes for permanent pool.
LogConfig: Applying CVar settings from Section [/Script/Engine.StreamingSettings] File [C:/Wire-Hunter/work/choi/WireHunter/Saved/Config/Windows/Engine.ini]
LogConfig: Setting CVar [[s.MinBulkDataSizeForAsyncLoading:131072]]
LogConfig: Setting CVar [[s.AsyncLoadingThreadEnabled:0]]
LogConfig: Setting CVar [[s.EventDrivenLoaderEnabled:1]]
LogConfig: Setting CVar [[s.WarnIfTimeLimitExceeded:0]]
LogConfig: Setting CVar [[s.TimeLimitExceededMultiplier:1.5]]
LogConfig: Setting CVar [[s.TimeLimitExceededMinTime:0.005]]
LogConfig: Setting CVar [[s.UseBackgroundLevelStreaming:1]]
LogConfig: Setting CVar [[s.PriorityAsyncLoadingExtraTime:15.0]]
LogConfig: Setting CVar [[s.LevelStreamingActorsUpdateTimeLimit:5.0]]
LogConfig: Setting CVar [[s.PriorityLevelStreamingActorsUpdateExtraTime:5.0]]
LogConfig: Setting CVar [[s.LevelStreamingComponentsRegistrationGranularity:10]]
LogConfig: Setting CVar [[s.UnregisterComponentsTimeLimit:1.0]]
LogConfig: Setting CVar [[s.LevelStreamingComponentsUnregistrationGranularity:5]]
LogConfig: Setting CVar [[s.FlushStreamingOnExit:1]]
LogInit: Object subsystem initialized
LogConfig: Setting CVar [[con.DebugEarlyDefault:1]]
LogConfig: Setting CVar [[r.setres:1280x720]]
[2021.04.21-07.31.11:969][  0]LogConfig: Setting CVar [[r.VSync:0]]
[2021.04.21-07.31.11:969][  0]LogConfig: Setting CVar [[r.RHICmdBypass:0]]
[2021.04.21-07.31.11:969][  0]LogConfig: Applying CVar settings from Section [/Script/Engine.RendererSettings] File [C:/Wire-Hunter/work/choi/WireHunter/Saved/Config/Windows/Engine.ini]
[2021.04.21-07.31.11:969][  0]LogConfig: Setting CVar [[r.GPUCrashDebugging:0]]
[2021.04.21-07.31.11:969][  0]LogConfig: Applying CVar settings from Section [/Script/Engine.RendererOverrideSettings] File [C:/Wire-Hunter/work/choi/WireHunter/Saved/Config/Windows/Engine.ini]
[2021.04.21-07.31.11:969][  0]LogConfig: Applying CVar settings from Section [/Script/Engine.StreamingSettings] File [C:/Wire-Hunter/work/choi/WireHunter/Saved/Config/Windows/Engine.ini]
[2021.04.21-07.31.11:969][  0]LogConfig: Setting CVar [[s.MinBulkDataSizeForAsyncLoading:131072]]
[2021.04.21-07.31.11:969][  0]LogConfig: Setting CVar [[s.AsyncLoadingThreadEnabled:0]]
[2021.04.21-07.31.11:969][  0]LogConfig: Setting CVar [[s.EventDrivenLoaderEnabled:1]]
[2021.04.21-07.31.11:969][  0]LogConfig: Setting CVar [[s.WarnIfTimeLimitExceeded:0]]
[2021.04.21-07.31.11:969][  0]LogConfig: Setting CVar [[s.TimeLimitExceededMultiplier:1.5]]
[2021.04.21-07.31.11:969][  0]LogConfig: Setting CVar [[s.TimeLimitExceededMinTime:0.005]]
[2021.04.21-07.31.11:969][  0]LogConfig: Setting CVar [[s.UseBackgroundLevelStreaming:1]]
[2021.04.21-07.31.11:969][  0]LogConfig: Setting CVar [[s.PriorityAsyncLoadingExtraTime:15.0]]
[2021.04.21-07.31.11:969][  0]LogConfig: Setting CVar [[s.LevelStreamingActorsUpdateTimeLimit:5.0]]
[2021.04.21-07.31.11:969][  0]LogConfig: Setting CVar [[s.PriorityLevelStreamingActorsUpdateExtraTime:5.0]]
[2021.04.21-07.31.11:969][  0]LogConfig: Setting CVar [[s.LevelStreamingComponentsRegistrationGranularity:10]]
[2021.04.21-07.31.11:969][  0]LogConfig: Setting CVar [[s.UnregisterComponentsTimeLimit:1.0]]
[2021.04.21-07.31.11:969][  0]LogConfig: Setting CVar [[s.LevelStreamingComponentsUnregistrationGranularity:5]]
[2021.04.21-07.31.11:969][  0]LogConfig: Setting CVar [[s.FlushStreamingOnExit:1]]
[2021.04.21-07.31.11:969][  0]LogConfig: Applying CVar settings from Section [/Script/Engine.GarbageCollectionSettings] File [C:/Wire-Hunter/work/choi/WireHunter/Saved/Config/Windows/Engine.ini]
[2021.04.21-07.31.11:969][  0]LogConfig: Setting CVar [[gc.MaxObjectsNotConsideredByGC:1]]
[2021.04.21-07.31.11:969][  0]LogConfig: Setting CVar [[gc.SizeOfPermanentObjectPool:0]]
[2021.04.21-07.31.11:969][  0]LogConfig: Setting CVar [[gc.FlushStreamingOnGC:0]]
[2021.04.21-07.31.11:969][  0]LogConfig: Setting CVar [[gc.NumRetriesBeforeForcingGC:10]]
[2021.04.21-07.31.11:969][  0]LogConfig: Setting CVar [[gc.AllowParallelGC:1]]
[2021.04.21-07.31.11:969][  0]LogConfig: Setting CVar [[gc.TimeBetweenPurgingPendingKillObjects:61.1]]
[2021.04.21-07.31.11:970][  0]LogConfig: Setting CVar [[gc.MaxObjectsInEditor:25165824]]
[2021.04.21-07.31.11:970][  0]LogConfig: Setting CVar [[gc.IncrementalBeginDestroyEnabled:1]]
[2021.04.21-07.31.11:970][  0]LogConfig: Setting CVar [[gc.CreateGCClusters:1]]
[2021.04.21-07.31.11:970][  0]LogConfig: Setting CVar [[gc.MinGCClusterSize:5]]
[2021.04.21-07.31.11:970][  0]LogConfig: Setting CVar [[gc.ActorClusteringEnabled:0]]
[2021.04.21-07.31.11:970][  0]LogConfig: Setting CVar [[gc.BlueprintClusteringEnabled:0]]
[2021.04.21-07.31.11:970][  0]LogConfig: Setting CVar [[gc.UseDisregardForGCOnDedicatedServers:0]]
[2021.04.21-07.31.11:970][  0]LogConfig: Applying CVar settings from Section [/Script/Engine.NetworkSettings] File [C:/Wire-Hunter/work/choi/WireHunter/Saved/Config/Windows/Engine.ini]
[2021.04.21-07.31.11:970][  0]LogConfig: Applying CVar settings from Section [/Script/UnrealEd.CookerSettings] File [C:/Wire-Hunter/work/choi/WireHunter/Saved/Config/Windows/Engine.ini]
[2021.04.21-07.31.11:974][  0]LogConfig: Applying CVar settings from Section [ViewDistanceQuality@3] File [C:/Wire-Hunter/work/choi/WireHunter/Saved/Config/Windows/Scalability.ini]
[2021.04.21-07.31.11:974][  0]LogConfig: Setting CVar [[r.SkeletalMeshLODBias:0]]
[2021.04.21-07.31.11:974][  0]LogConfig: Setting CVar [[r.ViewDistanceScale:1.0]]
[2021.04.21-07.31.11:974][  0]LogConfig: Applying CVar settings from Section [AntiAliasingQuality@3] File [C:/Wire-Hunter/work/choi/WireHunter/Saved/Config/Windows/Scalability.ini]
[2021.04.21-07.31.11:974][  0]LogConfig: Setting CVar [[r.PostProcessAAQuality:4]]
[2021.04.21-07.31.11:974][  0]LogConfig: Applying CVar settings from Section [ShadowQuality@3] File [C:/Wire-Hunter/work/choi/WireHunter/Saved/Config/Windows/Scalability.ini]
[2021.04.21-07.31.11:974][  0]LogConfig: Setting CVar [[r.LightFunctionQuality:1]]
[2021.04.21-07.31.11:974][  0]LogConfig: Setting CVar [[r.ShadowQuality:5]]
[2021.04.21-07.31.11:974][  0]LogConfig: Setting CVar [[r.Shadow.CSM.MaxCascades:10]]
[2021.04.21-07.31.11:974][  0]LogConfig: Setting CVar [[r.Shadow.MaxResolution:2048]]
[2021.04.21-07.31.11:974][  0]LogConfig: Setting CVar [[r.Shadow.MaxCSMResolution:2048]]
[2021.04.21-07.31.11:974][  0]LogConfig: Setting CVar [[r.Shadow.RadiusThreshold:0.01]]
[2021.04.21-07.31.11:974][  0]LogConfig: Setting CVar [[r.Shadow.DistanceScale:1.0]]
[2021.04.21-07.31.11:974][  0]LogConfig: Setting CVar [[r.Shadow.CSM.TransitionScale:1.0]]
[2021.04.21-07.31.11:974][  0]LogConfig: Setting CVar [[r.Shadow.PreShadowResolutionFactor:1.0]]
[2021.04.21-07.31.11:974][  0]LogConfig: Setting CVar [[r.DistanceFieldShadowing:1]]
[2021.04.21-07.31.11:975][  0]LogConfig: Setting CVar [[r.DistanceFieldAO:1]]
[2021.04.21-07.31.11:975][  0]LogConfig: Setting CVar [[r.AOQuality:2]]
[2021.04.21-07.31.11:975][  0]LogConfig: Setting CVar [[r.VolumetricFog:1]]
[2021.04.21-07.31.11:975][  0]LogConfig: Setting CVar [[r.VolumetricFog.GridPixelSize:8]]
[2021.04.21-07.31.11:975][  0]LogConfig: Setting CVar [[r.VolumetricFog.GridSizeZ:128]]
[2021.04.21-07.31.11:975][  0]LogConfig: Setting CVar [[r.VolumetricFog.HistoryMissSupersampleCount:4]]
[2021.04.21-07.31.11:975][  0]LogConfig: Setting CVar [[r.LightMaxDrawDistanceScale:1]]
[2021.04.21-07.31.11:975][  0]LogConfig: Setting CVar [[r.CapsuleShadows:1]]
[2021.04.21-07.31.11:975][  0]LogConfig: Applying CVar settings from Section [PostProcessQuality@3] File [C:/Wire-Hunter/work/choi/WireHunter/Saved/Config/Windows/Scalability.ini]
[2021.04.21-07.31.11:975][  0]LogConfig: Setting CVar [[r.MotionBlurQuality:4]]
[2021.04.21-07.31.11:975][  0]LogConfig: Setting CVar [[r.AmbientOcclusionMipLevelFactor:0.4]]
[2021.04.21-07.31.11:975][  0]LogConfig: Setting CVar [[r.AmbientOcclusionMaxQuality:100]]
[2021.04.21-07.31.11:975][  0]LogConfig: Setting CVar [[r.AmbientOcclusionLevels:-1]]
[2021.04.21-07.31.11:975][  0]LogConfig: Setting CVar [[r.AmbientOcclusionRadiusScale:1.0]]
[2021.04.21-07.31.11:975][  0]LogConfig: Setting CVar [[r.DepthOfFieldQuality:2]]
[2021.04.21-07.31.11:975][  0]LogConfig: Setting CVar [[r.RenderTargetPoolMin:400]]
[2021.04.21-07.31.11:975][  0]LogConfig: Setting CVar [[r.LensFlareQuality:2]]
[2021.04.21-07.31.11:975][  0]LogConfig: Setting CVar [[r.SceneColorFringeQuality:1]]
[2021.04.21-07.31.11:975][  0]LogConfig: Setting CVar [[r.EyeAdaptationQuality:2]]
[2021.04.21-07.31.11:975][  0]LogConfig: Setting CVar [[r.BloomQuality:5]]
[2021.04.21-07.31.11:975][  0]LogConfig: Setting CVar [[r.FastBlurThreshold:100]]
[2021.04.21-07.31.11:975][  0]LogConfig: Setting CVar [[r.Upscale.Quality:3]]
[2021.04.21-07.31.11:975][  0]LogConfig: Setting CVar [[r.Tonemapper.GrainQuantization:1]]
[2021.04.21-07.31.11:975][  0]LogConfig: Setting CVar [[r.LightShaftQuality:1]]
[2021.04.21-07.31.11:975][  0]LogConfig: Setting CVar [[r.Filter.SizeScale:1]]
[2021.04.21-07.31.11:975][  0]LogConfig: Setting CVar [[r.Tonemapper.Quality:5]]
[2021.04.21-07.31.11:975][  0]LogConfig: Setting CVar [[r.DOF.Gather.AccumulatorQuality:1        ; higher gathering accumulator quality]]
[2021.04.21-07.31.11:975][  0]LogConfig: Setting CVar [[r.DOF.Gather.PostfilterMethod:1          ; Median3x3 postfilering method]]
[2021.04.21-07.31.11:975][  0]LogConfig: Setting CVar [[r.DOF.Gather.EnableBokehSettings:0       ; no bokeh simulation when gathering]]
[2021.04.21-07.31.11:975][  0]LogConfig: Setting CVar [[r.DOF.Gather.RingCount:4                 ; medium number of samples when gathering]]
[2021.04.21-07.31.11:975][  0]LogConfig: Setting CVar [[r.DOF.Scatter.ForegroundCompositing:1    ; additive foreground scattering]]
[2021.04.21-07.31.11:975][  0]LogConfig: Setting CVar [[r.DOF.Scatter.BackgroundCompositing:2    ; additive background scattering]]
[2021.04.21-07.31.11:975][  0]LogConfig: Setting CVar [[r.DOF.Scatter.EnableBokehSettings:1      ; bokeh simulation when scattering]]
[2021.04.21-07.31.11:975][  0]LogConfig: Setting CVar [[r.DOF.Scatter.MaxSpriteRatio:0.1         ; only a maximum of 10% of scattered bokeh]]
[2021.04.21-07.31.11:975][  0]LogConfig: Setting CVar [[r.DOF.Recombine.Quality:1                ; cheap slight out of focus]]
[2021.04.21-07.31.11:975][  0]LogConfig: Setting CVar [[r.DOF.Recombine.EnableBokehSettings:0    ; no bokeh simulation on slight out of focus]]
[2021.04.21-07.31.11:975][  0]LogConfig: Setting CVar [[r.DOF.TemporalAAQuality:1                ; more stable temporal accumulation]]
[2021.04.21-07.31.11:975][  0]LogConfig: Setting CVar [[r.DOF.Kernel.MaxForegroundRadius:0.025]]
[2021.04.21-07.31.11:975][  0]LogConfig: Setting CVar [[r.DOF.Kernel.MaxBackgroundRadius:0.025]]
[2021.04.21-07.31.11:975][  0]LogConfig: Applying CVar settings from Section [TextureQuality@3] File [C:/Wire-Hunter/work/choi/WireHunter/Saved/Config/Windows/Scalability.ini]
[2021.04.21-07.31.11:975][  0]LogConfig: Setting CVar [[r.Streaming.MipBias:0]]
[2021.04.21-07.31.11:975][  0]LogConfig: Setting CVar [[r.Streaming.AmortizeCPUToGPUCopy:0]]
[2021.04.21-07.31.11:975][  0]LogConfig: Setting CVar [[r.Streaming.MaxNumTexturesToStreamPerFrame:0]]
[2021.04.21-07.31.11:975][  0]LogConfig: Setting CVar [[r.Streaming.Boost:1]]
[2021.04.21-07.31.11:975][  0]LogConfig: Setting CVar [[r.MaxAnisotropy:8]]
[2021.04.21-07.31.11:975][  0]LogConfig: Setting CVar [[r.VT.MaxAnisotropy:8]]
[2021.04.21-07.31.11:975][  0]LogConfig: Setting CVar [[r.Streaming.LimitPoolSizeToVRAM:0]]
[2021.04.21-07.31.11:975][  0]LogConfig: Setting CVar [[r.Streaming.PoolSize:1000]]
[2021.04.21-07.31.11:975][  0]LogConfig: Setting CVar [[r.Streaming.MaxEffectiveScreenSize:0]]
[2021.04.21-07.31.11:975][  0]LogConfig: Applying CVar settings from Section [EffectsQuality@3] File [C:/Wire-Hunter/work/choi/WireHunter/Saved/Config/Windows/Scalability.ini]
[2021.04.21-07.31.11:975][  0]LogConfig: Setting CVar [[r.TranslucencyLightingVolumeDim:64]]
[2021.04.21-07.31.11:975][  0]LogConfig: Setting CVar [[r.RefractionQuality:2]]
[2021.04.21-07.31.11:975][  0]LogConfig: Setting CVar [[r.SSR.Quality:3]]
[2021.04.21-07.31.11:975][  0]LogConfig: Setting CVar [[r.SSR.HalfResSceneColor:0]]
[2021.04.21-07.31.11:975][  0]LogConfig: Setting CVar [[r.SceneColorFormat:4]]
[2021.04.21-07.31.11:975][  0]LogConfig: Setting CVar [[r.DetailMode:2]]
[2021.04.21-07.31.11:975][  0]LogConfig: Setting CVar [[r.TranslucencyVolumeBlur:1]]
[2021.04.21-07.31.11:975][  0]LogConfig: Setting CVar [[r.MaterialQualityLevel:1 ; High quality]]
[2021.04.21-07.31.11:975][  0]LogConfig: Setting CVar [[r.SSS.Scale:1]]
[2021.04.21-07.31.11:975][  0]LogConfig: Setting CVar [[r.SSS.SampleSet:2]]
[2021.04.21-07.31.11:975][  0]LogConfig: Setting CVar [[r.SSS.Quality:1]]
[2021.04.21-07.31.11:975][  0]LogConfig: Setting CVar [[r.SSS.HalfRes:0]]
[2021.04.21-07.31.11:975][  0]LogConfig: Setting CVar [[r.SSGI.Quality:3]]
[2021.04.21-07.31.11:975][  0]LogConfig: Setting CVar [[r.EmitterSpawnRateScale:1.0]]
[2021.04.21-07.31.11:975][  0]LogConfig: Setting CVar [[r.ParticleLightQuality:2]]
[2021.04.21-07.31.11:975][  0]LogConfig: Setting CVar [[r.SkyAtmosphere.AerialPerspectiveLUT.FastApplyOnOpaque:1 ; Always have FastSkyLUT 1 in this case to avoid wrong sky]]
[2021.04.21-07.31.11:975][  0]LogConfig: Setting CVar [[r.SkyAtmosphere.AerialPerspectiveLUT.SampleCountPerSlice:1]]
[2021.04.21-07.31.11:975][  0]LogConfig: Setting CVar [[r.SkyAtmosphere.AerialPerspectiveLUT.DepthResolution:16.0]]
[2021.04.21-07.31.11:975][  0]LogConfig: Setting CVar [[r.SkyAtmosphere.FastSkyLUT:1]]
[2021.04.21-07.31.11:975][  0]LogConfig: Setting CVar [[r.SkyAtmosphere.FastSkyLUT.SampleCountMin:4.0]]
[2021.04.21-07.31.11:975][  0]LogConfig: Setting CVar [[r.SkyAtmosphere.FastSkyLUT.SampleCountMax:32.0]]
[2021.04.21-07.31.11:975][  0]LogConfig: Setting CVar [[r.SkyAtmosphere.SampleCountMin:4.0]]
[2021.04.21-07.31.11:975][  0]LogConfig: Setting CVar [[r.SkyAtmosphere.SampleCountMax:32.0]]
[2021.04.21-07.31.11:975][  0]LogConfig: Setting CVar [[r.SkyAtmosphere.TransmittanceLUT.UseSmallFormat:0]]
[2021.04.21-07.31.11:975][  0]LogConfig: Setting CVar [[r.SkyAtmosphere.TransmittanceLUT.SampleCount:10.0]]
[2021.04.21-07.31.11:975][  0]LogConfig: Setting CVar [[r.SkyAtmosphere.MultiScatteringLUT.SampleCount:15.0]]
[2021.04.21-07.31.11:975][  0]LogConfig: Applying CVar settings from Section [FoliageQuality@3] File [C:/Wire-Hunter/work/choi/WireHunter/Saved/Config/Windows/Scalability.ini]
[2021.04.21-07.31.11:975][  0]LogConfig: Setting CVar [[foliage.DensityScale:1.0]]
[2021.04.21-07.31.11:976][  0]LogConfig: Setting CVar [[grass.DensityScale:1.0]]
[2021.04.21-07.31.11:976][  0]LogConfig: Applying CVar settings from Section [ShadingQuality@3] File [C:/Wire-Hunter/work/choi/WireHunter/Saved/Config/Windows/Scalability.ini]
[2021.04.21-07.31.11:976][  0]LogConfig: Setting CVar [[r.HairStrands.SkyLighting.SampleCount:16]]
[2021.04.21-07.31.11:976][  0]LogConfig: Setting CVar [[r.HairStrands.SkyLighting.JitterIntegration:0]]
[2021.04.21-07.31.11:976][  0]LogConfig: Setting CVar [[r.HairStrands.SkyAO.SampleCount:16]]
[2021.04.21-07.31.11:976][  0]LogConfig: Setting CVar [[r.HairStrands.DeepShadow.SuperSampling:0]]
[2021.04.21-07.31.11:976][  0]LogConfig: Setting CVar [[r.HairStrands.VisibilityPPLL:0]]
[2021.04.21-07.31.11:976][  0]LogConfig: Setting CVar [[r.HairStrands.RasterizationScale:0.5]]
[2021.04.21-07.31.11:976][  0]LogConfig: Setting CVar [[r.HairStrands.VelocityRasterizationScale:1]]
[2021.04.21-07.31.11:976][  0]LogInit: Selected Device Profile: [Windows]
[2021.04.21-07.31.11:976][  0]LogInit: Applying CVar settings loaded from the selected device profile: [Windows]
[2021.04.21-07.31.11:976][  0]LogHAL: Display: Platform has ~ 16 GB [17102884864 / 17179869184 / 16], which maps to Larger [LargestMinGB=32, LargerMinGB=12, DefaultMinGB=8, SmallerMinGB=6, SmallestMinGB=0)
[2021.04.21-07.31.11:976][  0]LogInit: Going up to parent DeviceProfile []
[2021.04.21-07.31.11:976][  0]LogConfig: Applying CVar settings from Section [ViewDistanceQuality@3] File [C:/Wire-Hunter/work/choi/WireHunter/Saved/Config/Windows/Scalability.ini]
[2021.04.21-07.31.11:976][  0]LogConfig: Setting CVar [[r.SkeletalMeshLODBias:0]]
[2021.04.21-07.31.11:976][  0]LogConfig: Setting CVar [[r.ViewDistanceScale:1.0]]
[2021.04.21-07.31.11:976][  0]LogConfig: Applying CVar settings from Section [AntiAliasingQuality@3] File [C:/Wire-Hunter/work/choi/WireHunter/Saved/Config/Windows/Scalability.ini]
[2021.04.21-07.31.11:976][  0]LogConfig: Setting CVar [[r.PostProcessAAQuality:4]]
[2021.04.21-07.31.11:976][  0]LogConfig: Applying CVar settings from Section [ShadowQuality@3] File [C:/Wire-Hunter/work/choi/WireHunter/Saved/Config/Windows/Scalability.ini]
[2021.04.21-07.31.11:976][  0]LogConfig: Setting CVar [[r.LightFunctionQuality:1]]
[2021.04.21-07.31.11:976][  0]LogConfig: Setting CVar [[r.ShadowQuality:5]]
[2021.04.21-07.31.11:976][  0]LogConfig: Setting CVar [[r.Shadow.CSM.MaxCascades:10]]
[2021.04.21-07.31.11:976][  0]LogConfig: Setting CVar [[r.Shadow.MaxResolution:2048]]
[2021.04.21-07.31.11:976][  0]LogConfig: Setting CVar [[r.Shadow.MaxCSMResolution:2048]]
[2021.04.21-07.31.11:976][  0]LogConfig: Setting CVar [[r.Shadow.RadiusThreshold:0.01]]
[2021.04.21-07.31.11:976][  0]LogConfig: Setting CVar [[r.Shadow.DistanceScale:1.0]]
[2021.04.21-07.31.11:976][  0]LogConfig: Setting CVar [[r.Shadow.CSM.TransitionScale:1.0]]
[2021.04.21-07.31.11:976][  0]LogConfig: Setting CVar [[r.Shadow.PreShadowResolutionFactor:1.0]]
[2021.04.21-07.31.11:976][  0]LogConfig: Setting CVar [[r.DistanceFieldShadowing:1]]
[2021.04.21-07.31.11:976][  0]LogConfig: Setting CVar [[r.DistanceFieldAO:1]]
[2021.04.21-07.31.11:976][  0]LogConfig: Setting CVar [[r.AOQuality:2]]
[2021.04.21-07.31.11:976][  0]LogConfig: Setting CVar [[r.VolumetricFog:1]]
[2021.04.21-07.31.11:976][  0]LogConfig: Setting CVar [[r.VolumetricFog.GridPixelSize:8]]
[2021.04.21-07.31.11:976][  0]LogConfig: Setting CVar [[r.VolumetricFog.GridSizeZ:128]]
[2021.04.21-07.31.11:976][  0]LogConfig: Setting CVar [[r.VolumetricFog.HistoryMissSupersampleCount:4]]
[2021.04.21-07.31.11:976][  0]LogConfig: Setting CVar [[r.LightMaxDrawDistanceScale:1]]
[2021.04.21-07.31.11:976][  0]LogConfig: Setting CVar [[r.CapsuleShadows:1]]
[2021.04.21-07.31.11:976][  0]LogConfig: Applying CVar settings from Section [PostProcessQuality@3] File [C:/Wire-Hunter/work/choi/WireHunter/Saved/Config/Windows/Scalability.ini]
[2021.04.21-07.31.11:976][  0]LogConfig: Setting CVar [[r.MotionBlurQuality:4]]
[2021.04.21-07.31.11:976][  0]LogConfig: Setting CVar [[r.AmbientOcclusionMipLevelFactor:0.4]]
[2021.04.21-07.31.11:976][  0]LogConfig: Setting CVar [[r.AmbientOcclusionMaxQuality:100]]
[2021.04.21-07.31.11:976][  0]LogConfig: Setting CVar [[r.AmbientOcclusionLevels:-1]]
[2021.04.21-07.31.11:976][  0]LogConfig: Setting CVar [[r.AmbientOcclusionRadiusScale:1.0]]
[2021.04.21-07.31.11:976][  0]LogConfig: Setting CVar [[r.DepthOfFieldQuality:2]]
[2021.04.21-07.31.11:976][  0]LogConfig: Setting CVar [[r.RenderTargetPoolMin:400]]
[2021.04.21-07.31.11:976][  0]LogConfig: Setting CVar [[r.LensFlareQuality:2]]
[2021.04.21-07.31.11:976][  0]LogConfig: Setting CVar [[r.SceneColorFringeQuality:1]]
[2021.04.21-07.31.11:976][  0]LogConfig: Setting CVar [[r.EyeAdaptationQuality:2]]
[2021.04.21-07.31.11:976][  0]LogConfig: Setting CVar [[r.BloomQuality:5]]
[2021.04.21-07.31.11:976][  0]LogConfig: Setting CVar [[r.FastBlurThreshold:100]]
[2021.04.21-07.31.11:976][  0]LogConfig: Setting CVar [[r.Upscale.Quality:3]]
[2021.04.21-07.31.11:976][  0]LogConfig: Setting CVar [[r.Tonemapper.GrainQuantization:1]]
[2021.04.21-07.31.11:976][  0]LogConfig: Setting CVar [[r.LightShaftQuality:1]]
[2021.04.21-07.31.11:976][  0]LogConfig: Setting CVar [[r.Filter.SizeScale:1]]
[2021.04.21-07.31.11:976][  0]LogConfig: Setting CVar [[r.Tonemapper.Quality:5]]
[2021.04.21-07.31.11:976][  0]LogConfig: Setting CVar [[r.DOF.Gather.AccumulatorQuality:1        ; higher gathering accumulator quality]]
[2021.04.21-07.31.11:976][  0]LogConfig: Setting CVar [[r.DOF.Gather.PostfilterMethod:1          ; Median3x3 postfilering method]]
[2021.04.21-07.31.11:976][  0]LogConfig: Setting CVar [[r.DOF.Gather.EnableBokehSettings:0       ; no bokeh simulation when gathering]]
[2021.04.21-07.31.11:976][  0]LogConfig: Setting CVar [[r.DOF.Gather.RingCount:4                 ; medium number of samples when gathering]]
[2021.04.21-07.31.11:976][  0]LogConfig: Setting CVar [[r.DOF.Scatter.ForegroundCompositing:1    ; additive foreground scattering]]
[2021.04.21-07.31.11:976][  0]LogConfig: Setting CVar [[r.DOF.Scatter.BackgroundCompositing:2    ; additive background scattering]]
[2021.04.21-07.31.11:976][  0]LogConfig: Setting CVar [[r.DOF.Scatter.EnableBokehSettings:1      ; bokeh simulation when scattering]]
[2021.04.21-07.31.11:976][  0]LogConfig: Setting CVar [[r.DOF.Scatter.MaxSpriteRatio:0.1         ; only a maximum of 10% of scattered bokeh]]
[2021.04.21-07.31.11:976][  0]LogConfig: Setting CVar [[r.DOF.Recombine.Quality:1                ; cheap slight out of focus]]
[2021.04.21-07.31.11:976][  0]LogConfig: Setting CVar [[r.DOF.Recombine.EnableBokehSettings:0    ; no bokeh simulation on slight out of focus]]
[2021.04.21-07.31.11:976][  0]LogConfig: Setting CVar [[r.DOF.TemporalAAQuality:1                ; more stable temporal accumulation]]
[2021.04.21-07.31.11:976][  0]LogConfig: Setting CVar [[r.DOF.Kernel.MaxForegroundRadius:0.025]]
[2021.04.21-07.31.11:976][  0]LogConfig: Setting CVar [[r.DOF.Kernel.MaxBackgroundRadius:0.025]]
[2021.04.21-07.31.11:976][  0]LogConfig: Applying CVar settings from Section [TextureQuality@3] File [C:/Wire-Hunter/work/choi/WireHunter/Saved/Config/Windows/Scalability.ini]
[2021.04.21-07.31.11:976][  0]LogConfig: Setting CVar [[r.Streaming.MipBias:0]]
[2021.04.21-07.31.11:976][  0]LogConfig: Setting CVar [[r.Streaming.AmortizeCPUToGPUCopy:0]]
[2021.04.21-07.31.11:976][  0]LogConfig: Setting CVar [[r.Streaming.MaxNumTexturesToStreamPerFrame:0]]
[2021.04.21-07.31.11:976][  0]LogConfig: Setting CVar [[r.Streaming.Boost:1]]
[2021.04.21-07.31.11:977][  0]LogConfig: Setting CVar [[r.MaxAnisotropy:8]]
[2021.04.21-07.31.11:977][  0]LogConfig: Setting CVar [[r.VT.MaxAnisotropy:8]]
[2021.04.21-07.31.11:977][  0]LogConfig: Setting CVar [[r.Streaming.LimitPoolSizeToVRAM:0]]
[2021.04.21-07.31.11:977][  0]LogConfig: Setting CVar [[r.Streaming.PoolSize:1000]]
[2021.04.21-07.31.11:977][  0]LogConfig: Setting CVar [[r.Streaming.MaxEffectiveScreenSize:0]]
[2021.04.21-07.31.11:977][  0]LogConfig: Applying CVar settings from Section [EffectsQuality@3] File [C:/Wire-Hunter/work/choi/WireHunter/Saved/Config/Windows/Scalability.ini]
[2021.04.21-07.31.11:977][  0]LogConfig: Setting CVar [[r.TranslucencyLightingVolumeDim:64]]
[2021.04.21-07.31.11:977][  0]LogConfig: Setting CVar [[r.RefractionQuality:2]]
[2021.04.21-07.31.11:977][  0]LogConfig: Setting CVar [[r.SSR.Quality:3]]
[2021.04.21-07.31.11:977][  0]LogConfig: Setting CVar [[r.SSR.HalfResSceneColor:0]]
[2021.04.21-07.31.11:977][  0]LogConfig: Setting CVar [[r.SceneColorFormat:4]]
[2021.04.21-07.31.11:977][  0]LogConfig: Setting CVar [[r.DetailMode:2]]
[2021.04.21-07.31.11:977][  0]LogConfig: Setting CVar [[r.TranslucencyVolumeBlur:1]]
[2021.04.21-07.31.11:977][  0]LogConfig: Setting CVar [[r.MaterialQualityLevel:1 ; High quality]]
[2021.04.21-07.31.11:977][  0]LogConfig: Setting CVar [[r.SSS.Scale:1]]
[2021.04.21-07.31.11:977][  0]LogConfig: Setting CVar [[r.SSS.SampleSet:2]]
[2021.04.21-07.31.11:977][  0]LogConfig: Setting CVar [[r.SSS.Quality:1]]
[2021.04.21-07.31.11:977][  0]LogConfig: Setting CVar [[r.SSS.HalfRes:0]]
[2021.04.21-07.31.11:977][  0]LogConfig: Setting CVar [[r.SSGI.Quality:3]]
[2021.04.21-07.31.11:977][  0]LogConfig: Setting CVar [[r.EmitterSpawnRateScale:1.0]]
[2021.04.21-07.31.11:977][  0]LogConfig: Setting CVar [[r.ParticleLightQuality:2]]
[2021.04.21-07.31.11:977][  0]LogConfig: Setting CVar [[r.SkyAtmosphere.AerialPerspectiveLUT.FastApplyOnOpaque:1 ; Always have FastSkyLUT 1 in this case to avoid wrong sky]]
[2021.04.21-07.31.11:977][  0]LogConfig: Setting CVar [[r.SkyAtmosphere.AerialPerspectiveLUT.SampleCountPerSlice:1]]
[2021.04.21-07.31.11:977][  0]LogConfig: Setting CVar [[r.SkyAtmosphere.AerialPerspectiveLUT.DepthResolution:16.0]]
[2021.04.21-07.31.11:977][  0]LogConfig: Setting CVar [[r.SkyAtmosphere.FastSkyLUT:1]]
[2021.04.21-07.31.11:977][  0]LogConfig: Setting CVar [[r.SkyAtmosphere.FastSkyLUT.SampleCountMin:4.0]]
[2021.04.21-07.31.11:977][  0]LogConfig: Setting CVar [[r.SkyAtmosphere.FastSkyLUT.SampleCountMax:32.0]]
[2021.04.21-07.31.11:977][  0]LogConfig: Setting CVar [[r.SkyAtmosphere.SampleCountMin:4.0]]
[2021.04.21-07.31.11:977][  0]LogConfig: Setting CVar [[r.SkyAtmosphere.SampleCountMax:32.0]]
[2021.04.21-07.31.11:977][  0]LogConfig: Setting CVar [[r.SkyAtmosphere.TransmittanceLUT.UseSmallFormat:0]]
[2021.04.21-07.31.11:977][  0]LogConfig: Setting CVar [[r.SkyAtmosphere.TransmittanceLUT.SampleCount:10.0]]
[2021.04.21-07.31.11:977][  0]LogConfig: Setting CVar [[r.SkyAtmosphere.MultiScatteringLUT.SampleCount:15.0]]
[2021.04.21-07.31.11:977][  0]LogConfig: Applying CVar settings from Section [FoliageQuality@3] File [C:/Wire-Hunter/work/choi/WireHunter/Saved/Config/Windows/Scalability.ini]
[2021.04.21-07.31.11:977][  0]LogConfig: Setting CVar [[foliage.DensityScale:1.0]]
[2021.04.21-07.31.11:977][  0]LogConfig: Setting CVar [[grass.DensityScale:1.0]]
[2021.04.21-07.31.11:977][  0]LogConfig: Applying CVar settings from Section [ShadingQuality@3] File [C:/Wire-Hunter/work/choi/WireHunter/Saved/Config/Windows/Scalability.ini]
[2021.04.21-07.31.11:977][  0]LogConfig: Setting CVar [[r.HairStrands.SkyLighting.SampleCount:16]]
[2021.04.21-07.31.11:977][  0]LogConfig: Setting CVar [[r.HairStrands.SkyLighting.JitterIntegration:0]]
[2021.04.21-07.31.11:977][  0]LogConfig: Setting CVar [[r.HairStrands.SkyAO.SampleCount:16]]
[2021.04.21-07.31.11:977][  0]LogConfig: Setting CVar [[r.HairStrands.DeepShadow.SuperSampling:0]]
[2021.04.21-07.31.11:977][  0]LogConfig: Setting CVar [[r.HairStrands.VisibilityPPLL:0]]
[2021.04.21-07.31.11:977][  0]LogConfig: Setting CVar [[r.HairStrands.RasterizationScale:0.5]]
[2021.04.21-07.31.11:977][  0]LogConfig: Setting CVar [[r.HairStrands.VelocityRasterizationScale:1]]
[2021.04.21-07.31.11:977][  0]LogConfig: Applying CVar settings from Section [Startup] File [../../../Engine/Config/ConsoleVariables.ini]
[2021.04.21-07.31.11:978][  0]LogConfig: Setting CVar [[net.UseAdaptiveNetUpdateFrequency:0]]
[2021.04.21-07.31.11:978][  0]LogConfig: Setting CVar [[p.chaos.AllowCreatePhysxBodies:1]]
[2021.04.21-07.31.11:978][  0]LogConfig: Setting CVar [[fx.SkipVectorVMBackendOptimizations:1]]
[2021.04.21-07.31.11:978][  0]LogConfig: Applying CVar settings from Section [ConsoleVariables] File [C:/Wire-Hunter/work/choi/WireHunter/Saved/Config/Windows/Engine.ini]
[2021.04.21-07.31.11:978][  0]LogInit: Computer: DESKTOP-FHRPJDT
[2021.04.21-07.31.11:978][  0]LogInit: User: ChoiTaeho
[2021.04.21-07.31.11:978][  0]LogInit: CPU Page size=4096, Cores=6
[2021.04.21-07.31.11:978][  0]LogInit: High frequency timer resolution =10.000000 MHz
[2021.04.21-07.31.11:978][  0]LogMemory: Memory total: Physical=15.9GB (16GB approx)
[2021.04.21-07.31.11:978][  0]LogMemory: Platform Memory Stats for Windows
[2021.04.21-07.31.11:978][  0]LogMemory: Process Physical Memory: 118.58 MB used, 118.58 MB peak
[2021.04.21-07.31.11:978][  0]LogMemory: Process Virtual Memory: 109.45 MB used, 109.45 MB peak
[2021.04.21-07.31.11:978][  0]LogMemory: Physical Memory: 8300.76 MB used,  8009.82 MB free, 16310.58 MB total
[2021.04.21-07.31.11:978][  0]LogMemory: Virtual Memory: 5179.00 MB used,  134212552.00 MB free, 134217728.00 MB total
[2021.04.21-07.31.11:992][  0]LogWindows: WindowsPlatformFeatures enabled
[2021.04.21-07.31.12:152][  0]LogInit: Physics initialised using underlying interface: PhysX
[2021.04.21-07.31.12:153][  0]LogInit: Using OS detected language (ko-KR).
[2021.04.21-07.31.12:153][  0]LogInit: Using OS detected locale (ko-KR).
[2021.04.21-07.31.12:163][  0]LogTextLocalizationManager: No specific localization for 'ko-KR' exists, so the 'ko' localization will be used.
[2021.04.21-07.31.12:279][  0]LogInit: Setting process to per monitor DPI aware
[2021.04.21-07.31.12:341][  0]LogSlate: New Slate User Created.  User Index 0, Is Virtual User: 0
[2021.04.21-07.31.12:341][  0]LogSlate: Slate User Registered.  User Index 0, Is Virtual User: 0
[2021.04.21-07.31.12:649][  0]LogHMD: Failed to initialize OpenVR with code 110
[2021.04.21-07.31.12:649][  0]LogD3D11RHI: D3D11 min allowed feature level: 11_0
[2021.04.21-07.31.12:649][  0]LogD3D11RHI: D3D11 max allowed feature level: 11_0
[2021.04.21-07.31.12:649][  0]LogD3D11RHI: D3D11 adapters:
[2021.04.21-07.31.12:751][  0]LogD3D11RHI:    0. 'NVIDIA GeForce GTX 1060 6GB' (Feature Level 11_0)
[2021.04.21-07.31.12:751][  0]LogD3D11RHI:       6052/0/8155 MB DedicatedVideo/DedicatedSystem/SharedSystem, Outputs:1, VendorId:0x10de
[2021.04.21-07.31.12:755][  0]LogD3D11RHI:    1. 'Microsoft Basic Render Driver' (Feature Level 11_0)
[2021.04.21-07.31.12:755][  0]LogD3D11RHI:       0/0/8155 MB DedicatedVideo/DedicatedSystem/SharedSystem, Outputs:0, VendorId:0x1414
[2021.04.21-07.31.12:755][  0]LogD3D11RHI: Chosen D3D11 Adapter: 0
[2021.04.21-07.31.12:763][  0]LogD3D11RHI: Creating new Direct3DDevice
[2021.04.21-07.31.12:764][  0]LogD3D11RHI:     GPU DeviceId: 0x1c03 (for the marketing name, search the web for "GPU Device Id")
[2021.04.21-07.31.12:764][  0]LogWindows: EnumDisplayDevices:
[2021.04.21-07.31.12:764][  0]LogWindows:    0. 'NVIDIA GeForce GTX 1060 6GB' (P:1 D:1)
[2021.04.21-07.31.12:765][  0]LogWindows:    1. 'NVIDIA GeForce GTX 1060 6GB' (P:0 D:0)
[2021.04.21-07.31.12:766][  0]LogWindows:    2. 'NVIDIA GeForce GTX 1060 6GB' (P:0 D:0)
[2021.04.21-07.31.12:767][  0]LogWindows:    3. 'NVIDIA GeForce GTX 1060 6GB' (P:0 D:0)
[2021.04.21-07.31.12:768][  0]LogWindows: DebugString: FoundDriverCount:4 
[2021.04.21-07.31.12:768][  0]LogD3D11RHI:     Adapter Name: NVIDIA GeForce GTX 1060 6GB
[2021.04.21-07.31.12:768][  0]LogD3D11RHI:   Driver Version: 456.71 (internal:27.21.14.5671, unified:456.71)
[2021.04.21-07.31.12:768][  0]LogD3D11RHI:      Driver Date: 9-30-2020
[2021.04.21-07.31.12:768][  0]LogRHI: Texture pool is 4236 MB (70% of 6052 MB)
[2021.04.21-07.31.12:834][  0]LogD3D11RHI: RHI has support for 64 bit atomics
[2021.04.21-07.31.12:834][  0]LogD3D11RHI: Async texture creation enabled
[2021.04.21-07.31.12:834][  0]LogD3D11RHI: Array index from any shader is supported
[2021.04.21-07.31.12:854][  0]LogD3D11RHI: GPU Timing Frequency: 1000.000000 (Debug: 2 1)
[2021.04.21-07.31.13:361][  0]LogTargetPlatformManager: Display: Loaded TargetPlatform 'AllDesktop'
[2021.04.21-07.31.13:392][  0]LogTargetPlatformManager: Display: Loaded TargetPlatform 'Android'
[2021.04.21-07.31.13:392][  0]LogTargetPlatformManager: Display: Loaded TargetPlatform 'Android_ASTC'
[2021.04.21-07.31.13:392][  0]LogTargetPlatformManager: Display: Loaded TargetPlatform 'Android_DXT'
[2021.04.21-07.31.13:392][  0]LogTargetPlatformManager: Display: Loaded TargetPlatform 'Android_ETC2'
[2021.04.21-07.31.13:392][  0]LogTargetPlatformManager: Display: Loaded TargetPlatform 'AndroidClient'
[2021.04.21-07.31.13:392][  0]LogTargetPlatformManager: Display: Loaded TargetPlatform 'Android_ASTCClient'
[2021.04.21-07.31.13:392][  0]LogTargetPlatformManager: Display: Loaded TargetPlatform 'Android_DXTClient'
[2021.04.21-07.31.13:392][  0]LogTargetPlatformManager: Display: Loaded TargetPlatform 'Android_ETC2Client'
[2021.04.21-07.31.13:392][  0]LogTargetPlatformManager: Display: Loaded TargetPlatform 'Android_Multi'
[2021.04.21-07.31.13:392][  0]LogTargetPlatformManager: Display: Loaded TargetPlatform 'Android_MultiClient'
[2021.04.21-07.31.13:435][  0]LogTargetPlatformManager: Display: Loaded TargetPlatform 'IOSClient'
[2021.04.21-07.31.13:435][  0]LogTargetPlatformManager: Display: Loaded TargetPlatform 'IOS'
[2021.04.21-07.31.13:457][  0]LogTargetPlatformManager: Display: Loaded TargetPlatform 'Linux'
[2021.04.21-07.31.13:473][  0]LogTargetPlatformManager: Display: Loaded TargetPlatform 'LinuxNoEditor'
[2021.04.21-07.31.13:491][  0]LogTargetPlatformManager: Display: Loaded TargetPlatform 'LinuxClient'
[2021.04.21-07.31.13:508][  0]LogTargetPlatformManager: Display: Loaded TargetPlatform 'LinuxServer'
[2021.04.21-07.31.13:525][  0]LogTargetPlatformManager: Display: Loaded TargetPlatform 'LinuxAArch64NoEditor'
[2021.04.21-07.31.13:543][  0]LogTargetPlatformManager: Display: Loaded TargetPlatform 'LinuxAArch64Client'
[2021.04.21-07.31.13:560][  0]LogTargetPlatformManager: Display: Loaded TargetPlatform 'LinuxAArch64Server'
[2021.04.21-07.31.13:608][  0]LogTargetPlatformManager: Display: Loaded TargetPlatform 'Lumin'
[2021.04.21-07.31.13:609][  0]LogTargetPlatformManager: Display: Loaded TargetPlatform 'LuminClient'
[2021.04.21-07.31.13:637][  0]LogTargetPlatformManager: Display: Loaded TargetPlatform 'TVOSClient'
[2021.04.21-07.31.13:637][  0]LogTargetPlatformManager: Display: Loaded TargetPlatform 'TVOS'
[2021.04.21-07.31.13:655][  0]LogTargetPlatformManager: Display: Loaded TargetPlatform 'WindowsNoEditor'
[2021.04.21-07.31.13:673][  0]LogTargetPlatformManager: Display: Loaded TargetPlatform 'Windows'
[2021.04.21-07.31.13:692][  0]LogTargetPlatformManager: Display: Loaded TargetPlatform 'WindowsClient'
[2021.04.21-07.31.13:712][  0]LogTargetPlatformManager: Display: Loaded TargetPlatform 'WindowsServer'
[2021.04.21-07.31.13:712][  0]LogTargetPlatformManager: Display: Building Assets For Windows
[2021.04.21-07.31.13:730][  0]LogAudioDebug: Display: Lib vorbis DLL was dynamically loaded.
[2021.04.21-07.31.13:893][  0]LogShaderCompilers: Guid format shader working directory is -7 characters bigger than the processId version (../../../../../../Wire-Hunter/work/choi/WireHunter/Intermediate/Shaders/WorkingDirectory/20580/).
[2021.04.21-07.31.13:893][  0]LogShaderCompilers: Cleaned the shader compiler working directory 'C:/Users/최태호/AppData/Local/Temp/UnrealShaderWorkingDir/676E822D4869D3D12865D5BCECFE1C82/'.
[2021.04.21-07.31.13:894][  0]LogXGEController: Cleaning working directory: C:/Users/최태호/AppData/Local/Temp/UnrealXGEWorkingDir/
[2021.04.21-07.31.13:895][  0]LogXGEController: Cannot use XGE Controller as Incredibuild is not installed on this machine.
[2021.04.21-07.31.13:895][  0]LogShaderCompilers: Cannot use XGE Shader Compiler as Incredibuild is not installed on this machine.
[2021.04.21-07.31.13:895][  0]LogShaderCompilers: Display: Using Local Shader Compiler.
[2021.04.21-07.31.14:745][  0]LogDerivedDataCache: Display: Max Cache Size: 512 MB
[2021.04.21-07.31.14:793][  0]LogDerivedDataCache: Loaded boot cache 0.05s 75MB C:/Users/최태호/AppData/Local/UnrealEngine/4.25/DerivedDataCache/Boot.ddc.
[2021.04.21-07.31.14:794][  0]LogDerivedDataCache: Display: Loaded Boot cache: C:/Users/최태호/AppData/Local/UnrealEngine/4.25/DerivedDataCache/Boot.ddc
[2021.04.21-07.31.14:794][  0]LogDerivedDataCache: FDerivedDataBackendGraph:  Pak pak cache file ../../../../../../Wire-Hunter/work/choi/WireHunter/DerivedDataCache/DDC.ddp not found, will not use a pak cache.
[2021.04.21-07.31.14:794][  0]LogDerivedDataCache: Unable to find inner node Pak for hierarchical cache Hierarchy.
[2021.04.21-07.31.14:794][  0]LogDerivedDataCache: FDerivedDataBackendGraph:  CompressedPak pak cache file ../../../../../../Wire-Hunter/work/choi/WireHunter/DerivedDataCache/Compressed.ddp not found, will not use a pak cache.
[2021.04.21-07.31.14:794][  0]LogDerivedDataCache: Unable to find inner node CompressedPak for hierarchical cache Hierarchy.
[2021.04.21-07.31.14:804][  0]LogDerivedDataCache: Display: Pak cache opened for reading ../../../Engine/DerivedDataCache/Compressed.ddp.
[2021.04.21-07.31.14:804][  0]LogDerivedDataCache: FDerivedDataBackendGraph:  EnterprisePak pak cache file ../../../Enterprise/DerivedDataCache/Compressed.ddp not found, will not use a pak cache.
[2021.04.21-07.31.14:804][  0]LogDerivedDataCache: Unable to find inner node EnterprisePak for hierarchical cache Hierarchy.
[2021.04.21-07.31.14:806][  0]LogDerivedDataCache: Using Local data cache path C:/Users/최태호/AppData/Local/UnrealEngine/Common/DerivedDataCache: Writable
[2021.04.21-07.31.14:806][  0]LogDerivedDataCache: Shared data cache path not found in *engine.ini, will not use an Shared cache.
[2021.04.21-07.31.14:806][  0]LogDerivedDataCache: Unable to find inner node Shared for hierarchical cache Hierarchy.
[2021.04.21-07.31.14:855][  0]LogSlate: Using FreeType 2.10.0
[2021.04.21-07.31.14:856][  0]LogSlate: SlateFontServices - WITH_FREETYPE: 1, WITH_HARFBUZZ: 1
[2021.04.21-07.31.14:886][  0]LogAssetRegistry: FAssetRegistry took 0.0037 seconds to start up
[2021.04.21-07.31.15:152][  0]LogInit: Selected Device Profile: [Windows]
[2021.04.21-07.31.15:304][  0]LogMeshReduction: Using QuadricMeshReduction for automatic static mesh reduction
[2021.04.21-07.31.15:304][  0]LogMeshReduction: Using SimplygonMeshReduction for automatic skeletal mesh reduction
[2021.04.21-07.31.15:304][  0]LogMeshReduction: Using ProxyLODMeshReduction for automatic mesh merging
[2021.04.21-07.31.15:304][  0]LogMeshReduction: No distributed automatic mesh merging module available
[2021.04.21-07.31.15:304][  0]LogMeshMerging: No distributed automatic mesh merging module available
[2021.04.21-07.31.15:326][  0]LogNetVersion: WireHunter 1.0.0, NetCL: 13144385, EngineNetVer: 14, GameNetVer: 0 (Checksum: 1660872711)
[2021.04.21-07.31.15:815][  0]LogAISub: UAISubsystem::UAISubsystem AISubsystem (000001C6B9C714C0), frame # 0
[2021.04.21-07.31.15:815][  0]LogAISub: UAISubsystem::UAISubsystem AIPerceptionSystem (000001C6B9BF47C0), frame # 0
[2021.04.21-07.31.15:816][  0]LogAISub: UAISubsystem::UAISubsystem EnvQueryManager (000001C6B9C21E00), frame # 0
[2021.04.21-07.31.15:888][  0]LogPackageLocalizationCache: Processed 19 localized package path(s) for 1 prioritized culture(s) in 0.064770 seconds
[2021.04.21-07.31.15:894][  0]LogUObjectArray: 15917 objects as part of root set at end of initial load.
[2021.04.21-07.31.15:894][  0]LogUObjectAllocator: 3965568 out of 0 bytes used by permanent object pool.
[2021.04.21-07.31.15:894][  0]LogUObjectArray: CloseDisregardForGC: 0/0 objects in disregard for GC pool
[2021.04.21-07.31.16:570][  0]LogTcpMessaging: Initializing TcpMessaging bridge
[2021.04.21-07.31.16:579][  0]LogUdpMessaging: Initializing bridge on interface 0.0.0.0:0 to multicast group 230.0.0.1:6666.
[2021.04.21-07.31.16:737][  0]SourceControl: 소스 컨트롤이 꺼졌습니다.
[2021.04.21-07.31.16:738][  0]SourceControl: 소스 컨트롤이 꺼졌습니다.
[2021.04.21-07.31.16:744][  0]SourceControl: 소스 컨트롤이 꺼졌습니다.
[2021.04.21-07.31.16:752][  0]SourceControl: 소스 컨트롤이 꺼졌습니다.
[2021.04.21-07.31.16:771][  0]SourceControl: 소스 컨트롤이 꺼졌습니다.
[2021.04.21-07.31.17:299][  0]LogAndroidPermission: UAndroidPermissionCallbackProxy::GetInstance
[2021.04.21-07.31.17:344][  0]LogAudioCaptureCore: Display: No Audio Capture implementations found. Audio input will be silent.
[2021.04.21-07.31.17:344][  0]LogAudioCaptureCore: Display: No Audio Capture implementations found. Audio input will be silent.
[2021.04.21-07.31.17:433][  0]LogOcInput: OculusInput pre-init called
[2021.04.21-07.31.17:460][  0]LogWindows: Failed to load 'OVRPlugin.dll' (GetLastError=126)
[2021.04.21-07.31.17:460][  0]LogWindows: File 'OVRPlugin.dll' does not exist
[2021.04.21-07.31.17:560][  0]LogEngine: Initializing Engine...
[2021.04.21-07.31.17:562][  0]LogHMD: Failed to initialize OpenVR with code 110
[2021.04.21-07.31.17:562][  0]LogMagicLeap: Warning: VR disabled because ZI is not enabled.  To enable, in the editor, Edit -> Project Settings -> Plugins -> Magic Leap Plugin -> Enable Zero Iteration
[2021.04.21-07.31.17:563][  0]LogStats: UGameplayTagsManager::InitializeManager -  0.000 s
[2021.04.21-07.31.17:687][  0]LogInit: Initializing FReadOnlyCVARCache
[2021.04.21-07.31.17:702][  0]LogAIModule: Creating AISystem for world Untitled
[2021.04.21-07.31.17:702][  0]LogAISub: UAISubsystem::UAISubsystem EnvQueryManager (000001C6C0DB4600), frame # 0
[2021.04.21-07.31.17:702][  0]LogAISub: UAISubsystem::UAISubsystem AIPerceptionSystem (000001C6C0DE1800), frame # 0
[2021.04.21-07.31.17:715][  0]LogAudioMixer: Display: Audio Mixer Platform Settings:
[2021.04.21-07.31.17:715][  0]LogAudioMixer: Display: 	Sample Rate:						  48000
[2021.04.21-07.31.17:715][  0]LogAudioMixer: Display: 	Callback Buffer Frame Size Requested: 1024
[2021.04.21-07.31.17:715][  0]LogAudioMixer: Display: 	Callback Buffer Frame Size To Use:	  1024
[2021.04.21-07.31.17:715][  0]LogAudioMixer: Display: 	Number of buffers to queue:			  2
[2021.04.21-07.31.17:715][  0]LogAudioMixer: Display: 	Max Channels (voices):				  32
[2021.04.21-07.31.17:715][  0]LogAudioMixer: Display: 	Number of Async Source Workers:		  0
[2021.04.21-07.31.17:715][  0]LogAudio: Display: AudioDevice MaxSources: 32
[2021.04.21-07.31.17:716][  0]LogAudio: Display: Using built-in audio occlusion.
[2021.04.21-07.31.17:716][  0]LogAudioMixer: Display: Initializing audio mixer.
[2021.04.21-07.31.17:760][  0]LogAudioMixer: Display: 0: FrontLeft
[2021.04.21-07.31.17:760][  0]LogAudioMixer: Display: 1: FrontRight
[2021.04.21-07.31.17:848][  0]LogAudioMixer: Display: Using Audio Device 헤드폰(SHOQBOX SB7200 SERIES Stereo)
[2021.04.21-07.31.17:851][  0]LogAudioMixer: Display: Initializing Sound Submixes...
[2021.04.21-07.31.17:856][  0]LogAudioMixer: Display: Creating Master Submix 'MasterSubmixDefault'
[2021.04.21-07.31.17:856][  0]LogAudioMixer: Display: Creating Master Submix 'MasterReverbSubmixDefault'
[2021.04.21-07.31.17:856][  0]LogAudioMixer: Display: Creating Master Submix 'MasterEQSubmixDefault'
[2021.04.21-07.31.17:857][  0]LogInit: FAudioDevice initialized.
[2021.04.21-07.31.17:858][  0]LogNetVersion: Set ProjectVersion to 1.0.0.0. Version Checksum will be recalculated on next use.
[2021.04.21-07.31.17:981][  0]LogDerivedDataCache: Saved boot cache 0.12s 75MB C:/Users/최태호/AppData/Local/UnrealEngine/4.25/DerivedDataCache/Boot.ddc.
[2021.04.21-07.31.17:982][  0]LogInit: Texture streaming: Enabled
[2021.04.21-07.31.18:020][  0]LogEngineSessionManager: EngineSessionManager initialized
[2021.04.21-07.31.18:020][  0]LogEngineSessionManager: EngineSessionManager sent abnormal shutdown report. Type=Crashed, SessionId={1BB032C3-43E2-8DB0-D132-4E84B9985C8E}
[2021.04.21-07.31.18:020][  0]LogEditorSessionSummary: Verbose: Initializing EditorSessionSummaryWriter for editor session tracking
[2021.04.21-07.31.18:028][  0]LogEditorSessionSummary: EditorSessionSummaryWriter initialized
[2021.04.21-07.31.18:090][  0]LogInit: Transaction tracking system initialized
[2021.04.21-07.31.18:141][  0]BlueprintLog: New page: 에디터 로드
[2021.04.21-07.31.18:299][  0]LocalizationService: 현지화 서비스가 비활성화되었습니다.
[2021.04.21-07.31.18:570][  0]LogCook: Display: Max memory allowance for cook 16384mb min free memory 0mb
[2021.04.21-07.31.18:570][  0]LogCook: Display: Mobile HDR setting 1
[2021.04.21-07.31.18:605][  0]LogFileCache: Scanning file cache for directory 'C:/Wire-Hunter/work/choi/WireHunter/Content/' took 0.01s
[2021.04.21-07.31.18:605][  0]LogOutputDevice: Warning: 

Script Stack (0 frames):

[2021.04.21-07.31.21:613][  0]LogStats: FPlatformStackWalk::StackWalkAndDump -  3.008 s
[2021.04.21-07.31.21:613][  0]LogOutputDevice: Error: === Handled ensure: ===
[2021.04.21-07.31.21:613][  0]LogOutputDevice: Error: 
[2021.04.21-07.31.21:613][  0]LogOutputDevice: Error: Ensure condition failed: AttachmentRules.LocationRule == EAttachmentRule::KeepRelative && AttachmentRules.RotationRule == EAttachmentRule::KeepRelative && AttachmentRules.ScaleRule == EAttachmentRule::KeepRelative [File:D:/Build/++UE4/Sync/Engine/Source/Runtime/Engine/Private/Components/SceneComponent.cpp] [Line: 1812]
[2021.04.21-07.31.21:613][  0]LogOutputDevice: Error: AttachToComponent when called from a constructor is only setting up attachment and will always be treated as KeepRelative. Consider calling SetupAttachment directly instead.
[2021.04.21-07.31.21:613][  0]LogOutputDevice: Error: Stack: 
[2021.04.21-07.31.21:613][  0]LogOutputDevice: Error: [Callstack] 0x00007ffaa315c119 UE4Editor-Engine.dll!DispatchCheckVerify<bool,<lambda_7a00921a8ebf9f041bed3055592f02a5> >() [D:\Build\++UE4\Sync\Engine\Source\Runtime\Core\Public\Misc\AssertionMacros.h:161]
[2021.04.21-07.31.21:613][  0]LogOutputDevice: Error: [Callstack] 0x00007ffaa1d0d3c3 UE4Editor-Engine.dll!USceneComponent::AttachToComponent() [D:\Build\++UE4\Sync\Engine\Source\Runtime\Engine\Private\Components\SceneComponent.cpp:1812]
[2021.04.21-07.31.21:613][  0]LogOutputDevice: Error: [Callstack] 0x00007ffa834044f7 UE4Editor-WireHunter-0038.dll!ADragon::ADragon() [C:\Wire-Hunter\work\choi\WireHunter\Source\WireHunter\Dragon.cpp:18]
[2021.04.21-07.31.21:614][  0]LogOutputDevice: Error: [Callstack] 0x00007ffab200c273 UE4Editor-CoreUObject.dll!UClass::CreateDefaultObject() [D:\Build\++UE4\Sync\Engine\Source\Runtime\CoreUObject\Private\UObject\Class.cpp:3672]
[2021.04.21-07.31.21:614][  0]LogOutputDevice: Error: [Callstack] 0x00007ffab22b8451 UE4Editor-CoreUObject.dll!UObjectLoadAllCompiledInDefaultProperties() [D:\Build\++UE4\Sync\Engine\Source\Runtime\CoreUObject\Private\UObject\UObjectBase.cpp:861]
[2021.04.21-07.31.21:614][  0]LogOutputDevice: Error: [Callstack] 0x00007ffab2295bbf UE4Editor-CoreUObject.dll!ProcessNewlyLoadedUObjects() [D:\Build\++UE4\Sync\Engine\Source\Runtime\CoreUObject\Private\UObject\UObjectBase.cpp:950]
[2021.04.21-07.31.21:614][  0]LogOutputDevice: Error: [Callstack] 0x00007ffab21b4465 UE4Editor-CoreUObject.dll!TBaseStaticDelegateInstance<void __cdecl(FName,bool)>::ExecuteIfSafe() [D:\Build\++UE4\Sync\Engine\Source\Runtime\Core\Public\Delegates\DelegateInstancesImpl.h:859]
[2021.04.21-07.31.21:614][  0]LogOutputDevice: Error: [Callstack] 0x00007ffaa55c986a UE4Editor-Core.dll!TBaseMulticastDelegate<void,FName,bool>::Broadcast() [D:\Build\++UE4\Sync\Engine\Source\Runtime\Core\Public\Delegates\DelegateSignatureImpl.inl:1013]
[2021.04.21-07.31.21:614][  0]LogOutputDevice: Error: [Callstack] 0x00007ffaa55e99f0 UE4Editor-Core.dll!FModuleManager::LoadModuleWithFailureReason() [D:\Build\++UE4\Sync\Engine\Source\Runtime\Core\Private\Modules\ModuleManager.cpp:500]
[2021.04.21-07.31.21:614][  0]LogOutputDevice: Error: [Callstack] 0x00007ffae1cdb433 UE4Editor-Projects.dll!FModuleDescriptor::LoadModulesForPhase() [D:\Build\++UE4\Sync\Engine\Source\Runtime\Projects\Private\ModuleDescriptor.cpp:561]
[2021.04.21-07.31.21:614][  0]LogOutputDevice: Error: [Callstack] 0x00007ffae1cdb70d UE4Editor-Projects.dll!FProjectManager::LoadModulesForProject() [D:\Build\++UE4\Sync\Engine\Source\Runtime\Projects\Private\ProjectManager.cpp:63]
[2021.04.21-07.31.21:614][  0]LogOutputDevice: Error: [Callstack] 0x00007ff64b832db4 UE4Editor.exe!FEngineLoop::Init() [D:\Build\++UE4\Sync\Engine\Source\Runtime\Launch\Private\LaunchEngineLoop.cpp:4022]
[2021.04.21-07.31.21:614][  0]LogOutputDevice: Error: [Callstack] 0x00007ffaa0105cb0 UE4Editor-UnrealEd.dll!EditorInit() [D:\Build\++UE4\Sync\Engine\Source\Editor\UnrealEd\Private\UnrealEdGlobals.cpp:93]
[2021.04.21-07.31.21:614][  0]LogOutputDevice: Error: [Callstack] 0x00007ff64b84b8fb UE4Editor.exe!GuardedMain() [D:\Build\++UE4\Sync\Engine\Source\Runtime\Launch\Private\Launch.cpp:149]
[2021.04.21-07.31.21:614][  0]LogOutputDevice: Error: [Callstack] 0x00007ff64b84bb5a UE4Editor.exe!GuardedMainWrapper() [D:\Build\++UE4\Sync\Engine\Source\Runtime\Launch\Private\Windows\LaunchWindows.cpp:137]
[2021.04.21-07.31.21:614][  0]LogOutputDevice: Error: [Callstack] 0x00007ff64b85e31d UE4Editor.exe!WinMain() [D:\Build\++UE4\Sync\Engine\Source\Runtime\Launch\Private\Windows\LaunchWindows.cpp:268]
[2021.04.21-07.31.21:614][  0]LogOutputDevice: Error: [Callstack] 0x00007ff64b86145a UE4Editor.exe!__scrt_common_main_seh() [d:\agent\_work\5\s\src\vctools\crt\vcstartup\src\startup\exe_common.inl:288]
[2021.04.21-07.31.21:614][  0]LogOutputDevice: Error: [Callstack] 0x00007ffafbdb7034 KERNEL32.DLL!UnknownFunction []
[2021.04.21-07.31.21:614][  0]LogOutputDevice: Error: [Callstack] 0x00007ffafbfe2651 ntdll.dll!UnknownFunction []
[2021.04.21-07.31.21:614][  0]LogOutputDevice: Error: 
[2021.04.21-07.31.21:621][  0]LogStats:                SubmitErrorReport -  0.000 s
[2021.04.21-07.31.23:896][  0]LogStats:                    SendNewReport -  2.276 s
[2021.04.21-07.31.23:896][  0]LogStats:             FDebug::EnsureFailed -  5.291 s
[2021.04.21-07.31.24:437][  0]SourceControl: 소스 컨트롤이 꺼졌습니다.
[2021.04.21-07.31.24:437][  0]LogUnrealEdMisc: Loading editor; pre map load, took 15.814
[2021.04.21-07.31.24:437][  0]Cmd: MAP LOAD FILE="../../../../../../Wire-Hunter/work/choi/WireHunter/Content/ThirdPersonCPP/Maps/ThirdPersonExampleMap.umap" TEMPLATE=0 SHOWPROGRESS=1 FEATURELEVEL=3
[2021.04.21-07.31.24:438][  0]LogEditorServer: Warning: Can't find file '../../../../../../Wire-Hunter/work/choi/WireHunter/Content/ThirdPersonCPP/Maps/ThirdPersonExampleMap.umap'
[2021.04.21-07.31.24:438][  0]Cmd: MAP CHECKDEP NOCLEARLOG
[2021.04.21-07.31.24:438][  0]MapCheck: 맵 체크 완료: 오류 0 회, 경고 0 회, 소요 시간 0.356ms.
[2021.04.21-07.31.24:438][  0]LogFileHelpers: Loading map 'ThirdPersonExampleMap' took 0.001
[2021.04.21-07.31.24:445][  0]LogUnrealEdMisc: Total Editor Startup Time, took 15.822
[2021.04.21-07.31.24:590][  0]LogSlate: Updating window title bar state: overlay mode, drag disabled, window buttons hidden, title bar hidden
[2021.04.21-07.31.24:597][  0]LogSlate: Updating window title bar state: overlay mode, drag disabled, window buttons hidden, title bar hidden
[2021.04.21-07.31.24:604][  0]LogSlate: Updating window title bar state: overlay mode, drag disabled, window buttons hidden, title bar hidden
[2021.04.21-07.31.24:611][  0]LogSlate: Updating window title bar state: overlay mode, drag disabled, window buttons hidden, title bar hidden
[2021.04.21-07.31.24:627][  0]LogCollectionManager: Loaded 0 collections in 0.003527 seconds
[2021.04.21-07.31.24:643][  0]LogFileCache: Scanning file cache for directory 'C:/Wire-Hunter/work/choi/WireHunter/Saved/Collections/' took 0.00s
[2021.04.21-07.31.24:643][  0]LogFileCache: Scanning file cache for directory 'C:/Wire-Hunter/work/choi/WireHunter/Content/Developers/ChoiTaeho/Collections/' took 0.00s
[2021.04.21-07.31.24:643][  0]LogFileCache: Scanning file cache for directory 'C:/Wire-Hunter/work/choi/WireHunter/Content/Collections/' took 0.00s
[2021.04.21-07.31.24:643][  0]LogContentBrowser: Native class hierarchy populated in 0.0111 seconds. Added 3441 classes and 823 folders.
[2021.04.21-07.31.24:647][  0]LogContentBrowser: Native class hierarchy updated for 'WidgetCarousel' in 0.0007 seconds. Added 0 classes and 0 folders.
[2021.04.21-07.31.24:775][  0]LogContentBrowser: Native class hierarchy updated for 'AddContentDialog' in 0.0006 seconds. Added 0 classes and 0 folders.
[2021.04.21-07.31.24:779][  0]LogContentBrowser: Native class hierarchy updated for 'SceneOutliner' in 0.0005 seconds. Added 2 classes and 0 folders.
[2021.04.21-07.31.24:838][  0]LogSlate: Took 0.000369 seconds to synchronously load lazily loaded font '../../../Engine/Content/Slate/Fonts/Roboto-Regular.ttf' (155K)
[2021.04.21-07.31.24:840][  0]LogSlate: Took 0.001715 seconds to synchronously load lazily loaded font '../../../Engine/Content/Editor/Slate/Fonts/NanumGothic.ttf' (4243K)
[2021.04.21-07.31.24:845][  0]LogSlate: Took 0.002318 seconds to synchronously load lazily loaded font '../../../Engine/Content/Editor/Slate/Fonts/NanumGothicBold.ttf' (4188K)
[2021.04.21-07.31.24:845][  0]LogSlate: Took 0.000345 seconds to synchronously load lazily loaded font '../../../Engine/Content/Slate/Fonts/Roboto-Bold.ttf' (160K)
[2021.04.21-07.31.24:847][  0]LogSlate: Took 0.000364 seconds to synchronously load lazily loaded font '../../../Engine/Content/Editor/Slate/Fonts/FontAwesome.ttf' (139K)
[2021.04.21-07.31.24:904][  0]LogRenderer: Reallocating scene render targets to support 1528x632 Format 10 NumSamples 1 (Frame:1).
[2021.04.21-07.31.25:010][  0]LogContentBrowser: Native class hierarchy updated for 'HierarchicalLODOutliner' in 0.0006 seconds. Added 0 classes and 0 folders.
[2021.04.21-07.31.25:010][  0]LogLoad: (Engine Initialization) Total time: 16.39 seconds
[2021.04.21-07.31.25:010][  0]LogLoad: (Engine Initialization) Total Blueprint compile time: 0.00 seconds
[2021.04.21-07.31.25:065][  0]LogAssetRegistry: Asset discovery search completed in 10.1797 seconds
[2021.04.21-07.31.25:068][  0]LogCollectionManager: Fixed up redirectors for 0 collections in 0.000003 seconds (updated 0 objects)
[2021.04.21-07.31.25:069][  0]LogContentStreaming: Texture pool size now 1000 MB
[2021.04.21-07.31.25:079][  0]LogTemp: Resetting audio stream to device id 
[2021.04.21-07.31.25:119][  0]LogAudioMixer: Display: 0: FrontLeft
[2021.04.21-07.31.25:119][  0]LogAudioMixer: Display: 1: FrontRight
[2021.04.21-07.31.25:248][  0]LogSlate: Took 0.000461 seconds to synchronously load lazily loaded font '../../../Engine/Content/Slate/Fonts/Roboto-Light.ttf' (167K)
[2021.04.21-07.31.25:361][  1]LogFileCache: Retrieving MD5 hashes for directory 'C:/Wire-Hunter/work/choi/WireHunter/Content/' took 0.33s
[2021.04.21-07.31.26:365][  4]LogSlate: Took 0.000306 seconds to synchronously load lazily loaded font '../../../Engine/Content/Slate/Fonts/Roboto-Light.ttf' (167K)
[2021.04.21-07.31.39:826][287]LogAssetEditorSubsystem: Opening Asset editor for World /Game/ThirdPersonCPP/Maps/GameLevel.GameLevel
[2021.04.21-07.31.39:841][287]LogUObjectHash: Compacting FUObjectHashTables data took   0.85ms
[2021.04.21-07.31.39:843][287]Cmd: MAP LOAD FILE="../../../../../../Wire-Hunter/work/choi/WireHunter/Content/ThirdPersonCPP/Maps/GameLevel.umap" TEMPLATE=0 SHOWPROGRESS=1 FEATURELEVEL=3
[2021.04.21-07.31.39:843][287]LightingResults: New page: 라이팅 빌드
[2021.04.21-07.31.39:845][287]LogContentBrowser: Native class hierarchy updated for 'StatsViewer' in 0.0007 seconds. Added 6 classes and 0 folders.
[2021.04.21-07.31.39:845][287]LoadErrors: New page: 맵 로드중: GameLevel.umap
[2021.04.21-07.31.39:845][287]LogWorld: UWorld::CleanupWorld for Untitled, bSessionEnded=true, bCleanupResources=true
[2021.04.21-07.31.39:845][287]LogSlate: InvalidateAllWidgets triggered.  All widgets were invalidated
[2021.04.21-07.31.39:845][287]MapCheck: New page: 맵 체크
[2021.04.21-07.31.39:845][287]LightingResults: New page: 라이팅 빌드
[2021.04.21-07.31.39:857][287]LogAISub: UAISubsystem::~UAISubsystem EnvQueryManager (000001C6C0DB4600), frame # 287
[2021.04.21-07.31.39:857][287]LogAISub: UAISubsystem::~UAISubsystem AIPerceptionSystem (000001C6C0DE1800), frame # 287
[2021.04.21-07.31.39:858][287]LogUObjectHash: Compacting FUObjectHashTables data took   0.92ms
[2021.04.21-07.31.39:864][287]LogEditorServer: Finished looking for orphan Actors (0.000 secs)
[2021.04.21-07.31.39:864][287]LogAIModule: Creating AISystem for world GameLevel
[2021.04.21-07.31.39:864][287]LogAISub: UAISubsystem::UAISubsystem EnvQueryManager (000001C6A928CE00), frame # 287
[2021.04.21-07.31.39:864][287]LogAISub: UAISubsystem::UAISubsystem AIPerceptionSystem (000001C6A9268900), frame # 287
[2021.04.21-07.31.39:880][287]LogUObjectHash: Compacting FUObjectHashTables data took   0.64ms
[2021.04.21-07.31.39:898][287]Cmd: MAP CHECKDEP NOCLEARLOG
[2021.04.21-07.31.39:899][287]MapCheck: 맵 체크 완료: 오류 0 회, 경고 0 회, 소요 시간 0.299ms.
[2021.04.21-07.31.39:899][287]LogFileHelpers: Loading map 'GameLevel' took 0.055
[2021.04.21-07.31.41:009][399]LogTemp: Repeating last play command: 선택된 뷰포트
[2021.04.21-07.31.41:023][399]LogPlayLevel: PlayLevel: No blueprints needed recompiling
[2021.04.21-07.31.41:024][399]PIE: New page: PIE 세션: GameLevel (2021. 4. 22. 오전 1:31:41)
[2021.04.21-07.31.41:025][399]LogOnline: OSS: Creating online subsystem instance for: NULL
[2021.04.21-07.31.41:026][399]LogOnline: OSS: TryLoadSubsystemAndSetDefault: Loaded subsystem for module [NULL]
[2021.04.21-07.31.41:026][399]LogPlayLevel: Creating play world package: /Game/ThirdPersonCPP/Maps/UEDPIE_0_GameLevel
[2021.04.21-07.31.41:042][399]LogPlayLevel: PIE: StaticDuplicateObject took: (0.015864s)
[2021.04.21-07.31.41:043][399]LogAIModule: Creating AISystem for world GameLevel
[2021.04.21-07.31.41:043][399]LogAISub: UAISubsystem::UAISubsystem EnvQueryManager (000001C76A71FE00), frame # 399
[2021.04.21-07.31.41:043][399]LogAISub: UAISubsystem::UAISubsystem AIPerceptionSystem (000001C75B333D80), frame # 399
[2021.04.21-07.31.41:043][399]LogPlayLevel: PIE: World Init took: (0.001245s)
[2021.04.21-07.31.41:043][399]LogPlayLevel: PIE: Created PIE world by copying editor world from /Game/ThirdPersonCPP/Maps/GameLevel.GameLevel to /Game/ThirdPersonCPP/Maps/UEDPIE_0_GameLevel.GameLevel (0.017256s)
[2021.04.21-07.31.41:065][399]LogUObjectHash: Compacting FUObjectHashTables data took   0.61ms
[2021.04.21-07.31.41:068][399]LogAudioMixer: Display: Audio Mixer Platform Settings:
[2021.04.21-07.31.41:068][399]LogAudioMixer: Display: 	Sample Rate:						  48000
[2021.04.21-07.31.41:068][399]LogAudioMixer: Display: 	Callback Buffer Frame Size Requested: 1024
[2021.04.21-07.31.41:068][399]LogAudioMixer: Display: 	Callback Buffer Frame Size To Use:	  1024
[2021.04.21-07.31.41:068][399]LogAudioMixer: Display: 	Number of buffers to queue:			  2
[2021.04.21-07.31.41:068][399]LogAudioMixer: Display: 	Max Channels (voices):				  32
[2021.04.21-07.31.41:068][399]LogAudioMixer: Display: 	Number of Async Source Workers:		  0
[2021.04.21-07.31.41:068][399]LogAudio: Display: AudioDevice MaxSources: 32
[2021.04.21-07.31.41:068][399]LogAudio: Display: Using built-in audio occlusion.
[2021.04.21-07.31.41:068][399]LogAudioMixer: Display: Initializing audio mixer.
[2021.04.21-07.31.41:093][399]LogAudioMixer: Display: 0: FrontLeft
[2021.04.21-07.31.41:093][399]LogAudioMixer: Display: 1: FrontRight
[2021.04.21-07.31.41:152][399]LogAudioMixer: Display: Using Audio Device 헤드폰(SHOQBOX SB7200 SERIES Stereo)
[2021.04.21-07.31.41:153][399]LogAudioMixer: Display: Initializing Sound Submixes...
[2021.04.21-07.31.41:153][399]LogAudioMixer: Display: Creating Master Submix 'MasterSubmixDefault'
[2021.04.21-07.31.41:153][399]LogAudioMixer: Display: Creating Master Submix 'MasterReverbSubmixDefault'
[2021.04.21-07.31.41:153][399]LogAudioMixer: Display: Creating Master Submix 'MasterEQSubmixDefault'
[2021.04.21-07.31.41:165][399]LogInit: FAudioDevice initialized.
[2021.04.21-07.31.41:173][399]LogLoad: Game class is 'WireHunterGameMode'
[2021.04.21-07.31.41:175][399]LogWorld: Bringing World /Game/ThirdPersonCPP/Maps/UEDPIE_0_GameLevel.GameLevel up for play (max tick rate 0) at 2021.04.21-16.31.41
[2021.04.21-07.31.41:175][399]LogWorld: Bringing up level for play took: 0.001755
[2021.04.21-07.31.41:175][399]LogOnline: OSS: Creating online subsystem instance for: :Context_2
[2021.04.21-07.31.41:180][399]LogContentBrowser: Native class hierarchy updated for 'MovieSceneCapture' in 0.0006 seconds. Added 20 classes and 0 folders.
[2021.04.21-07.31.41:183][399]Cmd: ShowFlag.Bones 2
[2021.04.21-07.31.41:183][399]ShowFlag.Bones = "2"
[2021.04.21-07.31.41:184][399]PIE: 서버가 로그인했습니다.
[2021.04.21-07.31.41:185][399]PIE: 에디터에서 플레이 총 시작 시간 0.166초입니다.
[2021.04.21-07.31.58:006][405]LogSlate: Updating window title bar state: overlay mode, drag disabled, window buttons hidden, title bar hidden
[2021.04.21-07.31.58:006][405]LogWorld: BeginTearingDown for /Game/ThirdPersonCPP/Maps/UEDPIE_0_GameLevel
[2021.04.21-07.31.58:006][405]LogWorld: UWorld::CleanupWorld for GameLevel, bSessionEnded=true, bCleanupResources=true
[2021.04.21-07.31.58:007][405]LogSlate: InvalidateAllWidgets triggered.  All widgets were invalidated
[2021.04.21-07.31.58:017][405]LogPlayLevel: Display: Shutting down PIE online subsystems
[2021.04.21-07.31.58:018][405]LogSlate: InvalidateAllWidgets triggered.  All widgets were invalidated
[2021.04.21-07.31.58:029][405]LogSlate: Updating window title bar state: overlay mode, drag disabled, window buttons hidden, title bar hidden
[2021.04.21-07.31.58:045][405]LogAISub: UAISubsystem::~UAISubsystem AIPerceptionSystem (000001C75B333D80), frame # 2405
[2021.04.21-07.31.58:045][405]LogAISub: UAISubsystem::~UAISubsystem EnvQueryManager (000001C76A71FE00), frame # 2405
[2021.04.21-07.31.58:046][405]LogUObjectHash: Compacting FUObjectHashTables data took   0.61ms
[2021.04.21-07.31.58:070][406]LogPlayLevel: Display: Destroying online subsystem :Context_2
[2021.04.21-07.33.32:014][172]LogAssetEditorSubsystem: Opening Asset editor for Blueprint /Game/ThirdPersonCPP/Blueprints/BP_WHCharacter.BP_WHCharacter
[2021.04.21-07.33.32:262][172]LogContentBrowser: Native class hierarchy updated for 'BlueprintGraph' in 0.0009 seconds. Added 125 classes and 0 folders.
[2021.04.21-07.33.33:236][172]LogSlate: Took 0.000324 seconds to synchronously load lazily loaded font '../../../Engine/Content/Slate/Fonts/Roboto-BoldCondensed.ttf' (158K)
[2021.04.21-07.33.34:750][337]LogSlate: Window 'BP_WHCharacter' being destroyed
[2021.04.21-07.33.34:757][337]LogSlate: Took 0.000359 seconds to synchronously load lazily loaded font '../../../Engine/Content/Slate/Fonts/Roboto-Italic.ttf' (157K)
[2021.04.21-08.21.32:400][806]BlueprintLog: New page: BP_WHCharacter 컴파일
[2021.04.21-08.21.32:504][806]LogUObjectHash: Compacting FUObjectHashTables data took   2.54ms
[2021.04.21-08.21.33:015][836]Cmd: OBJ SAVEPACKAGE PACKAGE="/Game/ThirdPersonCPP/Blueprints/BP_WHCharacter" FILE="../../../../../../Wire-Hunter/work/choi/WireHunter/Content/ThirdPersonCPP/Blueprints/BP_WHCharacter.uasset" SILENT=true
[2021.04.21-08.21.33:170][836]LogSavePackage: Moving '../../../../../../Wire-Hunter/work/choi/WireHunter/Saved/BP_WHCharacter091247D44AAD8BD5DC05B9BE48BD1D3A.tmp' to '../../../../../../Wire-Hunter/work/choi/WireHunter/Content/ThirdPersonCPP/Blueprints/BP_WHCharacter.uasset'
[2021.04.21-08.21.33:186][836]AssetCheck: New page: 애셋 저장: BP_WHCharacter
[2021.04.21-08.21.33:186][836]LogContentValidation: Display: Blueprint /Game/ThirdPersonCPP/Blueprints/BP_WHCharacter.BP_WHCharacter 유효성 검사
[2021.04.21-08.21.34:041][924]LogTemp: Repeating last play command: 선택된 뷰포트
[2021.04.21-08.21.34:056][924]LogPlayLevel: PlayLevel: No blueprints needed recompiling
[2021.04.21-08.21.34:056][924]PIE: New page: PIE 세션: GameLevel (2021. 4. 22. 오전 2:21:34)
[2021.04.21-08.21.34:084][924]LogPlayLevel: Creating play world package: /Game/ThirdPersonCPP/Maps/UEDPIE_0_GameLevel
[2021.04.21-08.21.34:094][924]LogPlayLevel: PIE: StaticDuplicateObject took: (0.010335s)
[2021.04.21-08.21.34:095][924]LogAIModule: Creating AISystem for world GameLevel
[2021.04.21-08.21.34:095][924]LogAISub: UAISubsystem::UAISubsystem EnvQueryManager (000001C7B67C4E00), frame # 30924
[2021.04.21-08.21.34:095][924]LogAISub: UAISubsystem::UAISubsystem AIPerceptionSystem (000001C7B8951A80), frame # 30924
[2021.04.21-08.21.34:095][924]LogPlayLevel: PIE: World Init took: (0.001300s)
[2021.04.21-08.21.34:095][924]LogPlayLevel: PIE: Created PIE world by copying editor world from /Game/ThirdPersonCPP/Maps/GameLevel.GameLevel to /Game/ThirdPersonCPP/Maps/UEDPIE_0_GameLevel.GameLevel (0.011838s)
[2021.04.21-08.21.34:122][924]LogUObjectHash: Compacting FUObjectHashTables data took   2.11ms
[2021.04.21-08.21.34:124][924]LogAudioMixer: Display: Audio Mixer Platform Settings:
[2021.04.21-08.21.34:124][924]LogAudioMixer: Display: 	Sample Rate:						  48000
[2021.04.21-08.21.34:124][924]LogAudioMixer: Display: 	Callback Buffer Frame Size Requested: 1024
[2021.04.21-08.21.34:124][924]LogAudioMixer: Display: 	Callback Buffer Frame Size To Use:	  1024
[2021.04.21-08.21.34:124][924]LogAudioMixer: Display: 	Number of buffers to queue:			  2
[2021.04.21-08.21.34:124][924]LogAudioMixer: Display: 	Max Channels (voices):				  32
[2021.04.21-08.21.34:124][924]LogAudioMixer: Display: 	Number of Async Source Workers:		  0
[2021.04.21-08.21.34:124][924]LogAudio: Display: AudioDevice MaxSources: 32
[2021.04.21-08.21.34:125][924]LogAudio: Display: Using built-in audio occlusion.
[2021.04.21-08.21.34:125][924]LogAudioMixer: Display: Initializing audio mixer.
[2021.04.21-08.21.34:147][924]LogAudioMixer: Display: 0: FrontLeft
[2021.04.21-08.21.34:147][924]LogAudioMixer: Display: 1: FrontRight
[2021.04.21-08.21.34:207][924]LogAudioMixer: Display: Using Audio Device 헤드폰(SHOQBOX SB7200 SERIES Stereo)
[2021.04.21-08.21.34:207][924]LogAudioMixer: Display: Initializing Sound Submixes...
[2021.04.21-08.21.34:207][924]LogAudioMixer: Display: Creating Master Submix 'MasterSubmixDefault'
[2021.04.21-08.21.34:207][924]LogAudioMixer: Display: Creating Master Submix 'MasterReverbSubmixDefault'
[2021.04.21-08.21.34:208][924]LogAudioMixer: Display: Creating Master Submix 'MasterEQSubmixDefault'
[2021.04.21-08.21.34:219][924]LogInit: FAudioDevice initialized.
[2021.04.21-08.21.34:225][924]LogLoad: Game class is 'WireHunterGameMode'
[2021.04.21-08.21.34:226][924]LogWorld: Bringing World /Game/ThirdPersonCPP/Maps/UEDPIE_0_GameLevel.GameLevel up for play (max tick rate 0) at 2021.04.21-17.21.34
[2021.04.21-08.21.34:226][924]LogWorld: Bringing up level for play took: 0.001585
[2021.04.21-08.21.34:226][924]LogOnline: OSS: Creating online subsystem instance for: :Context_8
[2021.04.21-08.21.34:231][924]Cmd: ShowFlag.Bones 2
[2021.04.21-08.21.34:231][924]ShowFlag.Bones = "2"
[2021.04.21-08.21.34:232][924]PIE: 서버가 로그인했습니다.
[2021.04.21-08.21.34:233][924]PIE: 에디터에서 플레이 총 시작 시간 0.18초입니다.
[2021.04.21-08.21.44:397][136]LogSlate: Updating window title bar state: overlay mode, drag disabled, window buttons hidden, title bar hidden
[2021.04.21-08.21.44:397][136]LogWorld: BeginTearingDown for /Game/ThirdPersonCPP/Maps/UEDPIE_0_GameLevel
[2021.04.21-08.21.44:397][136]LogWorld: UWorld::CleanupWorld for GameLevel, bSessionEnded=true, bCleanupResources=true
[2021.04.21-08.21.44:398][136]LogSlate: InvalidateAllWidgets triggered.  All widgets were invalidated
[2021.04.21-08.21.44:406][136]LogPlayLevel: Display: Shutting down PIE online subsystems
[2021.04.21-08.21.44:409][136]LogSlate: InvalidateAllWidgets triggered.  All widgets were invalidated
[2021.04.21-08.21.44:444][136]LogSlate: Updating window title bar state: overlay mode, drag disabled, window buttons hidden, title bar hidden
[2021.04.21-08.21.44:444][136]LogAISub: UAISubsystem::~UAISubsystem AIPerceptionSystem (000001C7B8951A80), frame # 32136
[2021.04.21-08.21.44:444][136]LogAISub: UAISubsystem::~UAISubsystem EnvQueryManager (000001C7B67C4E00), frame # 32136
[2021.04.21-08.21.44:446][136]LogUObjectHash: Compacting FUObjectHashTables data took   1.64ms
[2021.04.21-08.21.44:472][137]LogPlayLevel: Display: Destroying online subsystem :Context_8
[2021.04.21-08.22.15:121][824]LogUObjectHash: Compacting FUObjectHashTables data took   1.61ms
[2021.04.21-08.22.15:191][824]LogSavePackage: Moving '../../../../../../Wire-Hunter/work/choi/WireHunter/Saved/GameLevel_Auto1163CFBA449D05B46152B8A861FBF1FCE.tmp' to '../../../../../../Wire-Hunter/work/choi/WireHunter/Saved/Autosaves/Game/ThirdPersonCPP/Maps/GameLevel_Auto1.umap'
[2021.04.21-08.22.15:195][824]LogFileHelpers: Editor autosave (incl. sublevels) for '/Game/ThirdPersonCPP/Maps/GameLevel' took 0.097
[2021.04.21-08.22.15:195][824]LogFileHelpers: Editor autosave (incl. sublevels) for all levels took 0.097
[2021.04.21-08.27.52:021][593]LogHotReload: New module detected: UE4Editor-WireHunter-0039.dll
[2021.04.21-08.27.52:717][596]LogHotReload: Starting Hot-Reload from IDE
[2021.04.21-08.27.53:143][596]LogHotReload: Re-instancing PickUp after hot-reload.
[2021.04.21-08.27.53:175][596]LogContentBrowser: Native class hierarchy updated for 'WireHunter' in 0.0007 seconds. Added 14 classes and 2 folders.
[2021.04.21-08.27.53:179][596]Display: HotReload successful (1 functions remapped  0 scriptstructs remapped)
[2021.04.21-08.27.53:255][596]LogContentBrowser: Native class hierarchy populated in 0.0123 seconds. Added 3441 classes and 823 folders.
[2021.04.21-08.27.53:266][596]Display: HotReload took  0.5s.
[2021.04.21-08.27.57:801][834]LogWorld: UWorld::CleanupWorld for World_5, bSessionEnded=true, bCleanupResources=true
[2021.04.21-08.27.57:801][834]LogSlate: InvalidateAllWidgets triggered.  All widgets were invalidated
[2021.04.21-08.27.58:748][920]LogAssetEditorSubsystem: Opening Asset editor for Blueprint /Game/ThirdPersonCPP/Blueprints/BP_WHCharacter.BP_WHCharacter
[2021.04.21-08.29.59:677][268]LogHotReload: New module detected: UE4Editor-WireHunter-0040.dll
[2021.04.21-08.30.00:388][271]LogHotReload: Starting Hot-Reload from IDE
[2021.04.21-08.30.00:840][271]LogHotReload: Re-instancing PickUp after hot-reload.
[2021.04.21-08.30.00:881][271]LogHotReload: Re-instancing WireHunterCharacter after hot-reload.
[2021.04.21-08.30.01:008][271]LogContentBrowser: Native class hierarchy updated for 'WireHunter' in 0.0006 seconds. Added 14 classes and 2 folders.
[2021.04.21-08.30.01:014][271]Display: HotReload successful (1 functions remapped  0 scriptstructs remapped)
[2021.04.21-08.30.01:113][271]LogContentBrowser: Native class hierarchy populated in 0.0138 seconds. Added 3441 classes and 823 folders.
[2021.04.21-08.30.01:126][271]Display: HotReload took  0.7s.
[2021.04.21-08.30.07:218][382]LogWorld: UWorld::CleanupWorld for World_6, bSessionEnded=true, bCleanupResources=true
[2021.04.21-08.30.07:218][382]LogSlate: InvalidateAllWidgets triggered.  All widgets were invalidated
[2021.04.21-08.30.08:286][474]LogAssetEditorSubsystem: Opening Asset editor for Blueprint /Game/ThirdPersonCPP/Blueprints/BP_WHCharacter.BP_WHCharacter
[2021.04.21-08.31.50:120][339]LogHotReload: New module detected: UE4Editor-WireHunter-0041.dll
[2021.04.21-08.31.51:078][368]LogHotReload: Starting Hot-Reload from IDE
[2021.04.21-08.31.51:481][368]LogHotReload: Re-instancing PickUp after hot-reload.
[2021.04.21-08.31.51:525][368]LogContentBrowser: Native class hierarchy updated for 'WireHunter' in 0.0006 seconds. Added 14 classes and 2 folders.
[2021.04.21-08.31.51:532][368]Display: HotReload successful (1 functions remapped  0 scriptstructs remapped)
[2021.04.21-08.31.51:648][368]LogContentBrowser: Native class hierarchy populated in 0.0114 seconds. Added 3441 classes and 823 folders.
[2021.04.21-08.31.51:659][368]Display: HotReload took  0.6s.
[2021.04.21-08.31.53:827][505]LogWorld: UWorld::CleanupWorld for World_7, bSessionEnded=true, bCleanupResources=true
[2021.04.21-08.31.53:827][505]LogSlate: InvalidateAllWidgets triggered.  All widgets were invalidated
[2021.04.21-08.31.54:773][574]LogAssetEditorSubsystem: Opening Asset editor for Blueprint /Game/ThirdPersonCPP/Blueprints/BP_WHCharacter.BP_WHCharacter
[2021.04.21-08.33.18:201][442]LogHotReload: New module detected: UE4Editor-WireHunter-0042.dll
[2021.04.21-08.33.19:239][446]LogHotReload: Starting Hot-Reload from IDE
[2021.04.21-08.33.19:715][446]LogHotReload: Re-instancing PickUp after hot-reload.
[2021.04.21-08.33.19:763][446]LogOutputDevice: Warning: 

Script Stack (0 frames):

[2021.04.21-08.33.19:764][446]LogWindows: Windows GetLastError: 작업을 완료했습니다. (0)
[2021.04.21-08.33.22:188][446]LogWindows: Error: === Critical error: ===
[2021.04.21-08.33.22:188][446]LogWindows: Error: 
[2021.04.21-08.33.22:188][446]LogWindows: Error: Fatal error: [File:D:/Build/++UE4/Sync/Engine/Source/Runtime/CoreUObject/Private/UObject/UObjectGlobals.cpp] [Line: 2529] 
[2021.04.21-08.33.22:188][446]LogWindows: Error: UObject(const FObjectInitializer&) constructor called but it's not the object that's currently being constructed with NewObject. Maybe you are trying to construct it on the stack, which is not supported.
[2021.04.21-08.33.22:188][446]LogWindows: Error: 
[2021.04.21-08.33.22:188][446]LogWindows: Error: 
[2021.04.21-08.33.22:188][446]LogWindows: Error: [Callstack] 0x00007ffaf9704b59 KERNELBASE.dll!UnknownFunction []
[2021.04.21-08.33.22:188][446]LogWindows: Error: [Callstack] 0x00007ffaa57fec66 UE4Editor-Core.dll!ReportAssert() [D:\Build\++UE4\Sync\Engine\Source\Runtime\Core\Private\Windows\WindowsPlatformCrashContext.cpp:1541]
[2021.04.21-08.33.22:188][446]LogWindows: Error: [Callstack] 0x00007ffaa5802048 UE4Editor-Core.dll!FWindowsErrorOutputDevice::Serialize() [D:\Build\++UE4\Sync\Engine\Source\Runtime\Core\Private\Windows\WindowsErrorOutputDevice.cpp:78]
[2021.04.21-08.33.22:188][446]LogWindows: Error: [Callstack] 0x00007ffaa558e52d UE4Editor-Core.dll!FOutputDevice::LogfImpl() [D:\Build\++UE4\Sync\Engine\Source\Runtime\Core\Private\Misc\OutputDevice.cpp:61]
[2021.04.21-08.33.22:188][446]LogWindows: Error: [Callstack] 0x00007ffab22656de UE4Editor-CoreUObject.dll!UObject::UObject() [D:\Build\++UE4\Sync\Engine\Source\Runtime\CoreUObject\Private\UObject\UObjectGlobals.cpp:2530]
[2021.04.21-08.33.22:188][446]LogWindows: Error: [Callstack] 0x00007ffaa1c41718 UE4Editor-Engine.dll!UActorComponent::UActorComponent() [D:\Build\++UE4\Sync\Engine\Source\Runtime\Engine\Private\Components\ActorComponent.cpp:232]
[2021.04.21-08.33.22:188][446]LogWindows: Error: [Callstack] 0x00007ffaa1d052ee UE4Editor-Engine.dll!USceneComponent::USceneComponent() [D:\Build\++UE4\Sync\Engine\Source\Runtime\Engine\Private\Components\SceneComponent.cpp:73]
[2021.04.21-08.33.22:188][446]LogWindows: Error: [Callstack] 0x00007ffa820beff2 UE4Editor-WireHunter-0042.dll!AWireHunterCharacter::AWireHunterCharacter() [C:\Wire-Hunter\work\choi\WireHunter\Source\WireHunter\WireHunterCharacter.cpp:69]
[2021.04.21-08.33.22:188][446]LogWindows: Error: [Callstack] 0x00007ffa8bb144be UE4Editor-HotReload.dll!FHotReloadClassReinstancer::RecreateCDOAndSetupOldClassReinstancing() [D:\Build\++UE4\Sync\Engine\Source\Developer\HotReload\Private\HotReloadClassReinstancer.cpp:247]
[2021.04.21-08.33.22:188][446]LogWindows: Error: [Callstack] 0x00007ffa8bb03d4e UE4Editor-HotReload.dll!FHotReloadClassReinstancer::FHotReloadClassReinstancer() [D:\Build\++UE4\Sync\Engine\Source\Developer\HotReload\Private\HotReloadClassReinstancer.cpp:322]
[2021.04.21-08.33.22:188][446]LogWindows: Error: [Callstack] 0x00007ffa8bb0a995 UE4Editor-HotReload.dll!FHotReloadClassReinstancer::Create() [D:\Build\++UE4\Sync\Engine\Source\Developer\HotReload\Private\HotReloadClassReinstancer.h:120]
[2021.04.21-08.33.22:188][446]LogWindows: Error: [Callstack] 0x00007ffa8bb16b33 UE4Editor-HotReload.dll!FHotReloadModule::ReinstanceClass() [D:\Build\++UE4\Sync\Engine\Source\Developer\HotReload\Private\HotReload.cpp:1266]
[2021.04.21-08.33.22:188][446]LogWindows: Error: [Callstack] 0x00007ffa8bb16e01 UE4Editor-HotReload.dll!FHotReloadModule::ReinstanceClasses() [D:\Build\++UE4\Sync\Engine\Source\Developer\HotReload\Private\HotReload.cpp:1256]
[2021.04.21-08.33.22:188][446]LogWindows: Error: [Callstack] 0x00007ffa8bb0f836 UE4Editor-HotReload.dll!TBaseRawMethodDelegateInstance<0,FHotReloadModule,void __cdecl(void)>::ExecuteIfSafe() [D:\Build\++UE4\Sync\Engine\Source\Runtime\Core\Public\Delegates\DelegateInstancesImpl.h:546]
[2021.04.21-08.33.22:188][446]LogWindows: Error: [Callstack] 0x00007ffab1f2ed1d UE4Editor-CoreUObject.dll!TBaseMulticastDelegate<void>::Broadcast() [D:\Build\++UE4\Sync\Engine\Source\Runtime\Core\Public\Delegates\DelegateSignatureImpl.inl:1013]
[2021.04.21-08.33.22:188][446]LogWindows: Error: [Callstack] 0x00007ffab22b6839 UE4Editor-CoreUObject.dll!UClassReplaceHotReloadClasses() [D:\Build\++UE4\Sync\Engine\Source\Runtime\CoreUObject\Private\UObject\UObjectBase.cpp:796]
[2021.04.21-08.33.22:188][446]LogWindows: Error: [Callstack] 0x00007ffab2295bc6 UE4Editor-CoreUObject.dll!ProcessNewlyLoadedUObjects() [D:\Build\++UE4\Sync\Engine\Source\Runtime\CoreUObject\Private\UObject\UObjectBase.cpp:955]
[2021.04.21-08.33.22:188][446]LogWindows: Error: [Callstack] 0x00007ffab21b4465 UE4Editor-CoreUObject.dll!TBaseStaticDelegateInstance<void __cdecl(FName,bool)>::ExecuteIfSafe() [D:\Build\++UE4\Sync\Engine\Source\Runtime\Core\Public\Delegates\DelegateInstancesImpl.h:859]
[2021.04.21-08.33.22:188][446]LogWindows: Error: [Callstack] 0x00007ffaa55c986a UE4Editor-Core.dll!TBaseMulticastDelegate<void,FName,bool>::Broadcast() [D:\Build\++UE4\Sync\Engine\Source\Runtime\Core\Public\Delegates\DelegateSignatureImpl.inl:1013]
[2021.04.21-08.33.22:188][446]LogWindows: Error: [Callstack] 0x00007ffaa55e99f0 UE4Editor-Core.dll!FModuleManager::LoadModuleWithFailureReason() [D:\Build\++UE4\Sync\Engine\Source\Runtime\Core\Private\Modules\ModuleManager.cpp:500]
[2021.04.21-08.33.22:188][446]LogWindows: Error: [Callstack] 0x00007ffaa55e8b08 UE4Editor-Core.dll!FModuleManager::LoadModule() [D:\Build\++UE4\Sync\Engine\Source\Runtime\Core\Private\Modules\ModuleManager.cpp:334]
[2021.04.21-08.33.22:188][446]LogWindows: Error: [Callstack] 0x00007ffa8bb0b9b2 UE4Editor-HotReload.dll!FHotReloadModule::DoHotReloadInternal() [D:\Build\++UE4\Sync\Engine\Source\Developer\HotReload\Private\HotReload.cpp:799]
[2021.04.21-08.33.22:188][446]LogWindows: Error: [Callstack] 0x00007ffa8bb0b708 UE4Editor-HotReload.dll!FHotReloadModule::DoHotReloadFromIDE() [D:\Build\++UE4\Sync\Engine\Source\Developer\HotReload\Private\HotReload.cpp:1535]
[2021.04.21-08.33.22:188][446]LogWindows: Error: [Callstack] 0x00007ffa8bb1c3e1 UE4Editor-HotReload.dll!FHotReloadModule::Tick() [D:\Build\++UE4\Sync\Engine\Source\Developer\HotReload\Private\HotReload.cpp:1479]
[2021.04.21-08.33.22:188][446]LogWindows: Error: [Callstack] 0x00007ffaa534d0a9 UE4Editor-Core.dll!FTicker::Tick() [D:\Build\++UE4\Sync\Engine\Source\Runtime\Core\Private\Containers\Ticker.cpp:95]
[2021.04.21-08.33.22:188][446]LogWindows: Error: [Callstack] 0x00007ff64b83a213 UE4Editor.exe!FEngineLoop::Tick() [D:\Build\++UE4\Sync\Engine\Source\Runtime\Launch\Private\LaunchEngineLoop.cpp:5051]
[2021.04.21-08.33.22:188][446]LogWindows: Error: [Callstack] 0x00007ff64b84ba7c UE4Editor.exe!GuardedMain() [D:\Build\++UE4\Sync\Engine\Source\Runtime\Launch\Private\Launch.cpp:169]
[2021.04.21-08.33.22:188][446]LogWindows: Error: [Callstack] 0x00007ff64b84bb5a UE4Editor.exe!GuardedMainWrapper() [D:\Build\++UE4\Sync\Engine\Source\Runtime\Launch\Private\Windows\LaunchWindows.cpp:137]
[2021.04.21-08.33.22:188][446]LogWindows: Error: [Callstack] 0x00007ff64b85e31d UE4Editor.exe!WinMain() [D:\Build\++UE4\Sync\Engine\Source\Runtime\Launch\Private\Windows\LaunchWindows.cpp:268]
[2021.04.21-08.33.22:188][446]LogWindows: Error: [Callstack] 0x00007ff64b86145a UE4Editor.exe!__scrt_common_main_seh() [d:\agent\_work\5\s\src\vctools\crt\vcstartup\src\startup\exe_common.inl:288]
[2021.04.21-08.33.22:188][446]LogWindows: Error: [Callstack] 0x00007ffafbdb7034 KERNEL32.DLL!UnknownFunction []
[2021.04.21-08.33.22:188][446]LogWindows: Error: [Callstack] 0x00007ffafbfe2651 ntdll.dll!UnknownFunction []
[2021.04.21-08.33.22:188][446]LogWindows: Error: 
[2021.04.21-08.33.22:203][446]LogExit: Executing StaticShutdownAfterError
[2021.04.21-08.33.22:210][446]LogWindows: FPlatformMisc::RequestExit(1)
[2021.04.21-08.33.22:210][446]LogCore: Engine exit requested (reason: Win RequestExit)
[2021.04.21-08.33.22:218][446]Log file closed, 04/21/21 17:33:22
